

Starting up. 17:40.25
---------------------

[17:40:37] ADMIN: Loading jobban_rank
[17:40:37] ADMIN: Jobban_keylist was empty
[17:40:37] ADMIN: Updating jobbanfile!
[17:40:37] ADMIN: Loading oocban_rank
[17:40:37] ADMIN: oocban_keylist was empty
[17:40:37] ADMIN: Updating jobbanfile!
ADMIN: slurm = Host
ADMIN: gibbed = Host
ADMIN: stuntwaffle = Host
ADMIN: pantaloons = Host
ADMIN: darsant = Host
ADMIN: nannek = Host
ADMIN: exadv1 = Coder
ADMIN: 0staf = Coder
ADMIN: justicefries = Coder
ADMIN: eroticdad = Coder
ADMIN: angriestibm = Coder
ADMIN: hobnob = Coder
ADMIN: enallyniv = Coder
ADMIN: lallander = Coder
ADMIN: keelin = Coder
ADMIN: brianoblivion = Coder
ADMIN: arthurmuggins = Coder
ADMIN: isaidno = Coder
ADMIN: mport2004 = Coder
ADMIN: burntcornmuffin = Coder
ADMIN: ishallriseagain = Coder
ADMIN: lljkmosheninkov = Coder
ADMIN: dropsy = Coder
ADMIN: procitizensa = Coder
ADMIN: drmelon = Coder
ADMIN: halerina = Coder
ADMIN: pacra = Coder
ADMIN: jackmassacre = Coder
ADMIN: jackbox = Coder
ADMIN: infinitemonkeys = Coder
ADMIN: aphtonites = Coder
ADMIN: volundr = Coder
ADMIN: wirewraith = Coder
ADMIN: tobba = Coder
ADMIN: marquesas = Coder
ADMIN: hainesa = Coder
ADMIN: tom = Coder
ADMIN: herrspyguy = Coder
ADMIN: daeren = Coder
ADMIN: conor12 = Coder
ADMIN: convair880 = Coder
[17:41:28] ACCESS: Login: Furry Chicken from 
[17:42:12] ACCESS: Login: Furry Chicken from 


Starting up. 17:46.00
---------------------

[17:46:10] ADMIN: Loading jobban_rank
[17:46:10] ADMIN: Jobban_keylist was empty
[17:46:10] ADMIN: Updating jobbanfile!
[17:46:10] ADMIN: Loading oocban_rank
[17:46:10] ADMIN: oocban_keylist was empty
[17:46:10] ADMIN: Updating jobbanfile!
ADMIN: slurm = Host
ADMIN: gibbed = Host
ADMIN: stuntwaffle = Host
ADMIN: pantaloons = Host
ADMIN: darsant = Host
ADMIN: nannek = Host
ADMIN: furrychicken = Host
ADMIN: cherkir = Host
ADMIN: exadv1 = Coder
ADMIN: 0staf = Coder
ADMIN: justicefries = Coder
ADMIN: eroticdad = Coder
ADMIN: angriestibm = Coder
ADMIN: hobnob = Coder
ADMIN: enallyniv = Coder
ADMIN: lallander = Coder
ADMIN: keelin = Coder
ADMIN: brianoblivion = Coder
ADMIN: arthurmuggins = Coder
ADMIN: isaidno = Coder
ADMIN: mport2004 = Coder
ADMIN: burntcornmuffin = Coder
ADMIN: ishallriseagain = Coder
ADMIN: lljkmosheninkov = Coder
ADMIN: dropsy = Coder
ADMIN: procitizensa = Coder
ADMIN: drmelon = Coder
ADMIN: halerina = Coder
ADMIN: pacra = Coder
ADMIN: jackmassacre = Coder
ADMIN: jackbox = Coder
ADMIN: infinitemonkeys = Coder
ADMIN: aphtonites = Coder
ADMIN: volundr = Coder
ADMIN: wirewraith = Coder
ADMIN: tobba = Coder
ADMIN: marquesas = Coder
ADMIN: hainesa = Coder
ADMIN: tom = Coder
ADMIN: herrspyguy = Coder
ADMIN: daeren = Coder
ADMIN: conor12 = Coder
ADMIN: convair880 = Coder


Starting up. 18:05.03
---------------------

[18:05:13] ADMIN: Loading jobban_rank
[18:05:13] ADMIN: Jobban_keylist was empty
[18:05:13] ADMIN: Updating jobbanfile!
[18:05:13] ADMIN: Loading oocban_rank
[18:05:13] ADMIN: oocban_keylist was empty
[18:05:13] ADMIN: Updating jobbanfile!
ADMIN: slurm = Host
ADMIN: gibbed = Host
ADMIN: stuntwaffle = Host
ADMIN: pantaloons = Host
ADMIN: darsant = Host
ADMIN: nannek = Host
ADMIN: furrychicken = Host
ADMIN: cherkir = Host
ADMIN: exadv1 = Coder
ADMIN: 0staf = Coder
ADMIN: justicefries = Coder
ADMIN: eroticdad = Coder
ADMIN: angriestibm = Coder
ADMIN: hobnob = Coder
ADMIN: enallyniv = Coder
ADMIN: lallander = Coder
ADMIN: keelin = Coder
ADMIN: brianoblivion = Coder
ADMIN: arthurmuggins = Coder
ADMIN: isaidno = Coder
ADMIN: mport2004 = Coder
ADMIN: burntcornmuffin = Coder
ADMIN: ishallriseagain = Coder
ADMIN: lljkmosheninkov = Coder
ADMIN: dropsy = Coder
ADMIN: procitizensa = Coder
ADMIN: drmelon = Coder
ADMIN: halerina = Coder
ADMIN: pacra = Coder
ADMIN: jackmassacre = Coder
ADMIN: jackbox = Coder
ADMIN: infinitemonkeys = Coder
ADMIN: aphtonites = Coder
ADMIN: volundr = Coder
ADMIN: wirewraith = Coder
ADMIN: tobba = Coder
ADMIN: marquesas = Coder
ADMIN: hainesa = Coder
ADMIN: tom = Coder
ADMIN: herrspyguy = Coder
ADMIN: daeren = Coder
ADMIN: conor12 = Coder
ADMIN: convair880 = Coder
[18:05:43] ACCESS: Login: Furry Chicken from 
[18:24:38] ACCESS: Login: Furry Chicken from 
[18:28:18] ADMIN: Osborn Carr (Furry Chicken) toggled narrator mode on.
[18:28:19] ADMIN: Osborn Carr (Furry Chicken) toggled narrator mode off.
[18:31:31] ACCESS: Login: Furry Chicken from 


Starting up. 18:42.47
---------------------

[18:42:57] ADMIN: Loading jobban_rank
[18:42:57] ADMIN: Jobban_keylist was empty
[18:42:57] ADMIN: Updating jobbanfile!
[18:42:57] ADMIN: Loading oocban_rank
[18:42:57] ADMIN: oocban_keylist was empty
[18:42:57] ADMIN: Updating jobbanfile!
ADMIN: slurm = Host
ADMIN: gibbed = Host
ADMIN: stuntwaffle = Host
ADMIN: pantaloons = Host
ADMIN: darsant = Host
ADMIN: nannek = Host
ADMIN: furrychicken = Host
ADMIN: cherkir = Host
ADMIN: exadv1 = Coder
ADMIN: 0staf = Coder
ADMIN: justicefries = Coder
ADMIN: eroticdad = Coder
ADMIN: angriestibm = Coder
ADMIN: hobnob = Coder
ADMIN: enallyniv = Coder
ADMIN: lallander = Coder
ADMIN: keelin = Coder
ADMIN: brianoblivion = Coder
ADMIN: arthurmuggins = Coder
ADMIN: isaidno = Coder
ADMIN: mport2004 = Coder
ADMIN: burntcornmuffin = Coder
ADMIN: ishallriseagain = Coder
ADMIN: lljkmosheninkov = Coder
ADMIN: dropsy = Coder
ADMIN: procitizensa = Coder
ADMIN: drmelon = Coder
ADMIN: halerina = Coder
ADMIN: pacra = Coder
ADMIN: jackmassacre = Coder
ADMIN: jackbox = Coder
ADMIN: infinitemonkeys = Coder
ADMIN: aphtonites = Coder
ADMIN: volundr = Coder
ADMIN: wirewraith = Coder
ADMIN: tobba = Coder
ADMIN: marquesas = Coder
ADMIN: hainesa = Coder
ADMIN: tom = Coder
ADMIN: herrspyguy = Coder
ADMIN: daeren = Coder
ADMIN: conor12 = Coder
ADMIN: convair880 = Coder
[18:43:29] ACCESS: Login: Furry Chicken from 
[18:43:56] ACCESS: Login: Furry Chicken from 
[18:44:17] ADMIN: Chad Prevatt (Furry Chicken) [DEAD] has started the game.
[18:44:20] ACCESS: Login: Furry Chicken from 
[18:44:41] SAY: matzo Maen (Furry Chicken) : *scream
[18:44:45] SAY: matzo Maen (Furry Chicken) : *scream
[18:44:49] SAY: matzo Maen (Furry Chicken) : *scream
[18:44:50] SAY: matzo Maen (Furry Chicken) : *scream
[18:44:50] SAY: matzo Maen (Furry Chicken) : *scream
[18:44:51] SAY: matzo Maen (Furry Chicken) : *scream
[18:44:51] SAY: matzo Maen (Furry Chicken) : *scream
[18:44:51] SAY: matzo Maen (Furry Chicken) : *scream
[18:44:52] SAY: matzo Maen (Furry Chicken) : *scream
[18:44:52] SAY: matzo Maen (Furry Chicken) : *scream
[18:44:52] SAY: matzo Maen (Furry Chicken) : *scream
[18:44:52] SAY: matzo Maen (Furry Chicken) : *scream
[18:44:52] SAY: matzo Maen (Furry Chicken) : *scream
[18:44:52] SAY: matzo Maen (Furry Chicken) : *scream
[18:44:53] SAY: matzo Maen (Furry Chicken) : *scream
[18:44:59] SAY: matzo Maen (Furry Chicken) : *scream
[18:45:21] SAY: matzo Maen (Furry Chicken) : *scream
[18:45:22] SAY: matzo Maen (Furry Chicken) : *scream
[18:45:22] SAY: matzo Maen (Furry Chicken) : *dance
[18:45:23] SAY: matzo Maen (Furry Chicken) : *dance
[18:45:23] SAY: matzo Maen (Furry Chicken) : *dance
[18:45:23] SAY: matzo Maen (Furry Chicken) : *dance
[18:45:24] SAY: matzo Maen (Furry Chicken) : *fart
[18:45:24] SAY: matzo Maen (Furry Chicken) : *fart
[18:45:24] SAY: matzo Maen (Furry Chicken) : *fart
[18:45:25] SAY: matzo Maen (Furry Chicken) : *fart
[18:45:25] SAY: matzo Maen (Furry Chicken) : *fart
[18:45:25] SAY: matzo Maen (Furry Chicken) : *scream
[18:45:29] SAY: matzo Maen (Furry Chicken) : *scream
[18:45:30] SAY: matzo Maen (Furry Chicken) : *scream
[18:45:30] SAY: matzo Maen (Furry Chicken) : *scream
[18:45:30] SAY: matzo Maen (Furry Chicken) : *scream
[18:45:30] SAY: matzo Maen (Furry Chicken) : *scream
[18:46:04] ADMIN: matzo Maen (Furry Chicken) added the "/datum/mutantrace/xenomorph" bio-effect to <a href="byond://?action=priv_msg&target=furrychicken">Furry Chicken</a>/matzo Maen <a href='byond://?src=%admin_ref%&action=adminplayeropts&targetckey=furrychicken' class='popt'><i class='icon-info-sign'></i></a>.
[18:46:04] ADMIN: matzo Maen (Furry Chicken) used secret 
[18:46:15] ADMIN: matzo Maen (Furry Chicken) removed the "/datum/mutantrace/xenomorph" bio-effect from <a href="byond://?action=priv_msg&target=furrychicken">Furry Chicken</a>/matzo Maen <a href='byond://?src=%admin_ref%&action=adminplayeropts&targetckey=furrychicken' class='popt'><i class='icon-info-sign'></i></a>.
[18:46:15] ADMIN: matzo Maen (Furry Chicken) used secret 
[18:51:28] ADMIN: matzo Maen (Monkey) (Furry Chicken) added the "monkey" bio-effect to <a href="byond://?action=priv_msg&target=furrychicken">Furry Chicken</a>/matzo Maen <a href='byond://?src=%admin_ref%&action=adminplayeropts&targetckey=furrychicken' class='popt'><i class='icon-info-sign'></i></a>.
[18:51:28] ADMIN: matzo Maen (Monkey) (Furry Chicken) used secret 
[18:51:38] SAY: matzo Maen (Monkey) (Furry Chicken) : *flip


Starting up. 18:59.48
---------------------

[18:59:57] ADMIN: Loading jobban_rank
[18:59:57] ADMIN: Jobban_keylist was empty
[18:59:57] ADMIN: Updating jobbanfile!
[18:59:57] ADMIN: Loading oocban_rank
[18:59:57] ADMIN: oocban_keylist was empty
[18:59:57] ADMIN: Updating jobbanfile!
ADMIN: slurm = Host
ADMIN: gibbed = Host
ADMIN: stuntwaffle = Host
ADMIN: pantaloons = Host
ADMIN: darsant = Host
ADMIN: nannek = Host
ADMIN: furrychicken = Host
ADMIN: cherkir = Host
ADMIN: exadv1 = Coder
ADMIN: 0staf = Coder
ADMIN: justicefries = Coder
ADMIN: eroticdad = Coder
ADMIN: angriestibm = Coder
ADMIN: hobnob = Coder
ADMIN: enallyniv = Coder
ADMIN: lallander = Coder
ADMIN: keelin = Coder
ADMIN: brianoblivion = Coder
ADMIN: arthurmuggins = Coder
ADMIN: isaidno = Coder
ADMIN: mport2004 = Coder
ADMIN: burntcornmuffin = Coder
ADMIN: ishallriseagain = Coder
ADMIN: lljkmosheninkov = Coder
ADMIN: dropsy = Coder
ADMIN: procitizensa = Coder
ADMIN: drmelon = Coder
ADMIN: halerina = Coder
ADMIN: pacra = Coder
ADMIN: jackmassacre = Coder
ADMIN: jackbox = Coder
ADMIN: infinitemonkeys = Coder
ADMIN: aphtonites = Coder
ADMIN: volundr = Coder
ADMIN: wirewraith = Coder
ADMIN: tobba = Coder
ADMIN: marquesas = Coder
ADMIN: hainesa = Coder
ADMIN: tom = Coder
ADMIN: herrspyguy = Coder
ADMIN: daeren = Coder
ADMIN: conor12 = Coder
ADMIN: convair880 = Coder
[19:00:29] ACCESS: Login: Furry Chicken from 
[19:01:29] ACCESS: Login: Furry Chicken from 
[19:03:25] ADMIN: Dean Barrett (Furry Chicken) [DEAD] has started the game.
[19:03:40] ACCESS: Login: Furry Chicken from 
[19:03:58] ADMIN: Mahtzoe Mann (Furry Chicken) transformed Mahtzoe Mann into a Xenomorph Drone.
[19:03:58] ADMIN: Mahtzoe Mann (Furry Chicken) used secret 
[19:07:42] ADMIN: Mahtzoe Mann (Furry Chicken) modified [0x2101493e] (Alien Drone)'s human_compatible to 1
[19:13:53] ACCESS: Login: Cyborg (Robot) (Furry Chicken) from 
[19:14:03] SAY: Cyborg Psi-68 (Robot) (Furry Chicken) : *scream
[19:14:04] SAY: Cyborg Psi-68 (Robot) (Furry Chicken) : *scream
[19:14:04] SAY: Cyborg Psi-68 (Robot) (Furry Chicken) : *scream
[19:14:04] SAY: Cyborg Psi-68 (Robot) (Furry Chicken) : *scream
[19:14:05] SAY: Cyborg Psi-68 (Robot) (Furry Chicken) : *scream
[19:14:05] SAY: Cyborg Psi-68 (Robot) (Furry Chicken) : *scream
[19:14:06] SAY: Cyborg Psi-68 (Robot) (Furry Chicken) : *scream
[19:14:15] ADMIN: Cyborg Psi-68 (Robot) (Furry Chicken) has made Cyborg Psi-68 (Robot) (Furry Chicken) a human.
[19:14:15] ACCESS: Login: Gustavo Fulton (Furry Chicken) from 
[19:15:23] SAY: Gustavo Fulton (Furry Chicken) : *scream


Starting up. 19:29.14
---------------------

[19:29:23] ADMIN: Loading jobban_rank
[19:29:23] ADMIN: Jobban_keylist was empty
[19:29:23] ADMIN: Updating jobbanfile!
[19:29:23] ADMIN: Loading oocban_rank
[19:29:23] ADMIN: oocban_keylist was empty
[19:29:23] ADMIN: Updating jobbanfile!
ADMIN: slurm = Host
ADMIN: gibbed = Host
ADMIN: stuntwaffle = Host
ADMIN: pantaloons = Host
ADMIN: darsant = Host
ADMIN: nannek = Host
ADMIN: furrychicken = Host
ADMIN: cherkir = Host
ADMIN: exadv1 = Coder
ADMIN: 0staf = Coder
ADMIN: justicefries = Coder
ADMIN: eroticdad = Coder
ADMIN: angriestibm = Coder
ADMIN: hobnob = Coder
ADMIN: enallyniv = Coder
ADMIN: lallander = Coder
ADMIN: keelin = Coder
ADMIN: brianoblivion = Coder
ADMIN: arthurmuggins = Coder
ADMIN: isaidno = Coder
ADMIN: mport2004 = Coder
ADMIN: burntcornmuffin = Coder
ADMIN: ishallriseagain = Coder
ADMIN: lljkmosheninkov = Coder
ADMIN: dropsy = Coder
ADMIN: procitizensa = Coder
ADMIN: drmelon = Coder
ADMIN: halerina = Coder
ADMIN: pacra = Coder
ADMIN: jackmassacre = Coder
ADMIN: jackbox = Coder
ADMIN: infinitemonkeys = Coder
ADMIN: aphtonites = Coder
ADMIN: volundr = Coder
ADMIN: wirewraith = Coder
ADMIN: tobba = Coder
ADMIN: marquesas = Coder
ADMIN: hainesa = Coder
ADMIN: tom = Coder
ADMIN: herrspyguy = Coder
ADMIN: daeren = Coder
ADMIN: conor12 = Coder
ADMIN: convair880 = Coder
[19:30:00] ACCESS: Login: Furry Chicken from 
[19:30:54] ACCESS: Login: Furry Chicken from 
[19:31:31] ADMIN: Emanuel Prescott (Furry Chicken) [DEAD] has started the game.
[19:31:33] ACCESS: Login: Furry Chicken from 
[19:31:52] SAY: maechoh Man (Furry Chicken) : *scream
[19:31:54] SAY: maechoh Man (Furry Chicken) : *scream
[19:32:53] ADMIN: maechoh Man (Monkey) (Furry Chicken) has made maechoh Man (Monkey) (Furry Chicken) a human.
[19:32:53] ACCESS: Login: Janel Wheeler (Furry Chicken) from 
[19:47:14] SAY: Janel Wheeler (Furry Chicken) : *scream
[19:51:30] ADMIN: Janel Wheeler (Furry Chicken) clownified Janel Wheeler (Furry Chicken)
[19:51:50] ADMIN: cluwne (Furry Chicken) deleted the cursed white gloves at (<a href='?src=%admin_ref%;action=jumptocoords;target=0,0,0' title='Jump to Coords'>0,0,0</a>)


Starting up. 20:57.26
---------------------

[20:57:39] ADMIN: Loading jobban_rank
[20:57:39] ADMIN: Jobban_keylist was empty
[20:57:39] ADMIN: Updating jobbanfile!
[20:57:39] ADMIN: Loading oocban_rank
[20:57:39] ADMIN: oocban_keylist was empty
[20:57:39] ADMIN: Updating jobbanfile!
ADMIN: slurm = Host
ADMIN: gibbed = Host
ADMIN: stuntwaffle = Host
ADMIN: pantaloons = Host
ADMIN: darsant = Host
ADMIN: nannek = Host
ADMIN: furrychicken = Host
ADMIN: cherkir = Host
ADMIN: exadv1 = Coder
ADMIN: 0staf = Coder
ADMIN: justicefries = Coder
ADMIN: eroticdad = Coder
ADMIN: angriestibm = Coder
ADMIN: hobnob = Coder
ADMIN: enallyniv = Coder
ADMIN: lallander = Coder
ADMIN: keelin = Coder
ADMIN: brianoblivion = Coder
ADMIN: arthurmuggins = Coder
ADMIN: isaidno = Coder
ADMIN: mport2004 = Coder
ADMIN: burntcornmuffin = Coder
ADMIN: ishallriseagain = Coder
ADMIN: lljkmosheninkov = Coder
ADMIN: dropsy = Coder
ADMIN: procitizensa = Coder
ADMIN: drmelon = Coder
ADMIN: halerina = Coder
ADMIN: pacra = Coder
ADMIN: jackmassacre = Coder
ADMIN: jackbox = Coder
ADMIN: infinitemonkeys = Coder
ADMIN: aphtonites = Coder
ADMIN: volundr = Coder
ADMIN: wirewraith = Coder
ADMIN: tobba = Coder
ADMIN: marquesas = Coder
ADMIN: hainesa = Coder
ADMIN: tom = Coder
ADMIN: herrspyguy = Coder
ADMIN: daeren = Coder
ADMIN: conor12 = Coder
ADMIN: convair880 = Coder
[20:58:34] ACCESS: Login: Furry Chicken from 
[21:47:29] ACCESS: Login: Jaxon Oppenheimer (Furry Chicken) [TRAITOR] from 
[21:48:19] SAY: Shitty Bill (NPC) : Man, I sure don't miss those damn ghosts.
[21:48:34] SAY: Jaxon Oppenheimer (Furry Chicken) [TRAITOR] : *scream
[21:48:43] SAY: Shitty Bill (NPC) : Nice hogg, scrub.
[21:48:55] SAY: Father Jack (NPC) : That would be an ecumenical matter.
[21:48:57] SAY: Shitty Bill (NPC) : Nice hogg, Colonel.
[21:49:30] SAY: Shitty Bill (NPC) : Got any 420?
[21:50:10] SAY: Shitty Bill (NPC) : You a narc?
[21:50:50] SAY: Shitty Bill (NPC) : Got any 'roni?
[21:51:23] SAY: Shitty Bill (NPC) : The hell're you lookin' at, kid?
[21:53:39] SAY: Jaxon Oppenheimer (Furry Chicken) [TRAITOR] : *scream
[21:53:54] SAY: Shitty Bill (NPC) : Oh Christ, it's Donald "Don" Glabs.
[21:54:09] SAY: Shitty Bill (NPC) : You rhyme?
[21:55:13] SAY: Shitty Bill (NPC) : What up Father Jack.
[21:55:24] SAY: Shitty Bill (NPC) : Nice pod, bud.
[21:55:38] SAY: Shitty Bill (NPC) : Whoa, it's Father Jack.
[21:55:50] SAY: Shitty Bill (NPC) : I ever tell you 'bout the time I helped some weird dudes build some little beepin' robots?
[21:55:57] SAY: Shitty Bill (NPC) : Got any cola?
[21:56:07] SAY: Father Jack (NPC) : ARSE!
[21:58:07] SAY: Shitty Bill (NPC) : You a narc?
[21:58:20] SAY: Shitty Bill (NPC) : Nice ship, spaceman.
[21:58:36] SAY: Shitty Bill (NPC) : Hey Father Jack.
[21:59:12] SAY: Shitty Bill (NPC) : You jam?
[21:59:52] SAY: Shitty Bill (NPC) : Hey Father Jack.
[22:00:28] SAY: Shitty Bill (NPC) : What the hell are you lookin' at, flyboy?
[22:01:16] SAY: Shitty Bill (NPC) : I ever tell you 'bout the time I got paid to whack someone on that dinosaur station?
[22:01:26] SAY: Shitty Bill (NPC) : I think my bros are running late.
[22:01:37] SAY: Shitty Bill (NPC) : I think my bros took off.
[22:01:39] SAY: Shitty Bill (NPC) : Got a light, owl man?
[22:02:49] SAY: Jaxon Oppenheimer (Furry Chicken) [TRAITOR] : *scream
[22:02:49] SAY: Jaxon Oppenheimer (Furry Chicken) [TRAITOR] : *scream
[22:02:50] SAY: Jaxon Oppenheimer (Furry Chicken) [TRAITOR] : *scream
[22:02:53] SAY: Jaxon Oppenheimer (Furry Chicken) [TRAITOR] : *superfart
[22:03:12] ACCESS: Login: Jaxon Oppenheimer (Furry Chicken) [TRAITOR] [DEAD] from 
[22:05:38] SAY: Shitty Bill (NPC) : The hell you lookin' at, flyboy?
[22:06:58] SAY: Shitty Bill (NPC) : You a dracula?
[22:08:24] SAY: Shitty Bill (NPC) : You jet?
[22:10:25] SAY: Father Jack (NPC) : GIRLS!
[22:11:00] SAY: Shitty Bill (NPC) : What the hell are you lookin' at, dude?
[22:11:27] SAY: Shitty Bill (NPC) : You ride?
[22:12:14] SAY: Shitty Bill (NPC) : I ever tell you 'bout the time I found a crate fulla smokes?
[22:12:49] SAY: Father Jack (NPC) : DRINK!
[22:14:02] SAY: Shitty Bill (NPC) : You dance?
[22:14:38] SAY: Shitty Bill (NPC) : Man, I sure don't miss Ganymede.
[22:15:04] SAY: Shitty Bill (NPC) : Got a light, brud?
[22:16:11] SAY: Shitty Bill (NPC) : Hey pal, gimme yer cash.
[22:16:47] SAY: Shitty Bill (NPC) : Howdy Father Jack.
[22:16:51] SAY: Father Jack (NPC) : That would be an ecumenical matter.
[22:17:34] SAY: Shitty Bill (NPC) : The hell you lookin' at, pal?
[22:19:42] SAY: Father Jack (NPC) : FECK!
[22:19:45] SAY: Shitty Bill (NPC) : The hell you lookin' at, spaceman?
[22:21:02] SAY: Father Jack (NPC) : ARSE!
[22:21:35] SAY: Shitty Bill (NPC) : I think my crew left me here.
[22:22:03] SAY: Shitty Bill (NPC) : Nice pod, chump.
[22:22:47] ACCESS: Login: Furry Chicken [TRAITOR] from 
[22:23:01] SAY: matcho Men (Furry Chicken) [TRAITOR] : *scream
[22:23:03] SAY: matcho Men (Furry Chicken) [TRAITOR] : *scream
[22:23:04] SAY: matcho Men (Furry Chicken) [TRAITOR] : *scream
[22:23:04] SAY: matcho Men (Furry Chicken) [TRAITOR] : *scream
[22:23:04] SAY: matcho Men (Furry Chicken) [TRAITOR] : *scream
[22:23:04] SAY: matcho Men (Furry Chicken) [TRAITOR] : *scream
[22:23:05] SAY: matcho Men (Furry Chicken) [TRAITOR] : *scream
[22:23:05] SAY: matcho Men (Furry Chicken) [TRAITOR] : *scream
[22:23:06] SAY: matcho Men (Furry Chicken) [TRAITOR] : *scream
[22:23:06] SAY: matcho Men (Furry Chicken) [TRAITOR] : *scream
[22:23:06] SAY: matcho Men (Furry Chicken) [TRAITOR] : *scream
[22:23:06] SAY: matcho Men (Furry Chicken) [TRAITOR] : *scream
[22:23:06] SAY: matcho Men (Furry Chicken) [TRAITOR] : *scream
[22:23:07] SAY: matcho Men (Furry Chicken) [TRAITOR] : *scream
[22:23:07] SAY: matcho Men (Furry Chicken) [TRAITOR] : *scream
[22:23:13] SAY: matcho Men (Furry Chicken) [TRAITOR] : *scream
[22:23:16] SAY: matcho Men (Furry Chicken) [TRAITOR] : *scream
[22:23:18] SAY: matcho Men (Furry Chicken) [TRAITOR] : *scream
[22:23:19] SAY: matcho Men (Furry Chicken) [TRAITOR] : *scream
[22:23:20] SAY: matcho Men (Furry Chicken) [TRAITOR] : *scream
[22:24:46] SAY: Shitty Bill (NPC) : Hey buddy, gimme yer keys.
[22:24:53] SAY: matcho Men (Furry Chicken) [TRAITOR] : *scream
[22:24:53] SAY: Shitty Bill (NPC) : Man, I sure miss Europa Station.
[22:24:53] SAY: matcho Men (Furry Chicken) [TRAITOR] : *scream
[22:25:02] SAY: Shitty Bill (NPC) : Whatcha you lookin' at, bucko?
[22:25:17] SAY: matcho Men (Furry Chicken) [TRAITOR] : *scream
[22:26:01] SAY: Father Jack (NPC) : That would be an ecumenical matter.
[22:27:55] SAY: Shitty Bill (NPC) : Got a light, weirdo?
[22:27:58] SAY: Shitty Bill (NPC) : Got any astro?
[22:29:00] SAY: Shitty Bill (NPC) : What up Father Jack.
[22:29:07] SAY: Shitty Bill (NPC) : Whatcha you lookin' at, bucko?
[22:29:09] SAY: Shitty Bill (NPC) : Got a light, buddy?
[22:29:46] SAY: Shitty Bill (NPC) : Man, I sure don't miss bein' an NT.
[22:30:05] SAY: Shitty Bill (NPC) : Man, I sure don't miss bein' a salvager.
[22:30:37] SAY: Shitty Bill (NPC) : What you lookin' at, nerd?
[22:31:00] SAY: Shitty Bill (NPC) : Got a light, chump?
[22:31:48] SAY: Father Jack (NPC) : FECK!
[22:34:11] SAY: Shitty Bill (NPC) : Nice threads, Colonel.
[22:35:07] SAY: Shitty Bill (NPC) : The hell you lookin' at, chump?
[22:35:10] SAY: Shitty Bill (NPC) : You a cop?
[22:35:40] SAY: Shitty Bill (NPC) : I think my buds are running late.
[22:35:42] SAY: Shitty Bill (NPC) : Man, I sure don't miss that big meaty dude.
[22:35:44] SAY: Shitty Bill (NPC) : I ever tell you 'bout your dad?
[22:36:08] SAY: Shitty Bill (NPC) : Nice hogg, kid.
[22:37:27] SAY: Shitty Bill (NPC) : Hey dweeb, gimme yer patch.
[22:38:19] SAY: Father Jack (NPC) : GIRLS!
[22:39:50] SAY: Shitty Bill (NPC) : Yo Father Jack.
[22:40:04] SAY: Father Jack (NPC) : That would be an ecumenical matter.
[22:40:21] SAY: Father Jack (NPC) : ARSE!
[22:41:19] SAY: Shitty Bill (NPC) : Got any cigs?
[22:41:56] SAY: Shitty Bill (NPC) : Hey buddy, gimme yer high fives.
[22:42:14] SAY: Shitty Bill (NPC) : I ever tell you 'bout the time I found a crate fulla smokes?
[22:42:17] SAY: Shitty Bill (NPC) : Hey buddy, gimme yer bees.
[22:42:46] SAY: Shitty Bill (NPC) : You a cop?
[22:43:04] SAY: Father Jack (NPC) : DRINK!
[22:43:14] SAY: Shitty Bill (NPC) : The hell you lookin' at, dweeb?
[22:43:42] SAY: Father Jack (NPC) : FECK!
[22:44:15] SAY: Shitty Bill (NPC) : Hello Father Jack.
[22:44:26] SAY: Shitty Bill (NPC) : You sting?
[22:45:06] SAY: Shitty Bill (NPC) : Got any grease?
[22:46:02] SAY: Shitty Bill (NPC) : I ever tell you 'bout the terrible secret of juggling?
[22:46:13] SAY: Shitty Bill (NPC) : You ride?
[22:46:28] SAY: Shitty Bill (NPC) : The hell you lookin' at, idiot?
[22:46:33] SAY: Shitty Bill (NPC) : Hey, gimme yer keys.
[22:48:13] SAY: Shitty Bill (NPC) : You ride?
[22:48:34] SAY: Shitty Bill (NPC) : Got a light, chief?
