

Starting up. 17:43.53
---------------------

[17:44:02] ADMIN: Loading jobban_rank
[17:44:02] ADMIN: Jobban_keylist was empty
[17:44:02] ADMIN: Updating jobbanfile!
[17:44:02] ADMIN: Loading oocban_rank
[17:44:02] ADMIN: oocban_keylist was empty
[17:44:02] ADMIN: Updating jobbanfile!
ADMIN: slurm = Host
ADMIN: gibbed = Host
ADMIN: stuntwaffle = Host
ADMIN: pantaloons = Host
ADMIN: darsant = Host
ADMIN: nannek = Host
ADMIN: furrychicken = Host
ADMIN: cherkir = Host
ADMIN: exadv1 = Coder
ADMIN: 0staf = Coder
ADMIN: justicefries = Coder
ADMIN: eroticdad = Coder
ADMIN: angriestibm = Coder
ADMIN: hobnob = Coder
ADMIN: enallyniv = Coder
ADMIN: lallander = Coder
ADMIN: keelin = Coder
ADMIN: brianoblivion = Coder
ADMIN: arthurmuggins = Coder
ADMIN: isaidno = Coder
ADMIN: mport2004 = Coder
ADMIN: burntcornmuffin = Coder
ADMIN: ishallriseagain = Coder
ADMIN: lljkmosheninkov = Coder
ADMIN: dropsy = Coder
ADMIN: procitizensa = Coder
ADMIN: drmelon = Coder
ADMIN: halerina = Coder
ADMIN: pacra = Coder
ADMIN: jackmassacre = Coder
ADMIN: jackbox = Coder
ADMIN: infinitemonkeys = Coder
ADMIN: aphtonites = Coder
ADMIN: volundr = Coder
ADMIN: wirewraith = Coder
ADMIN: tobba = Coder
ADMIN: marquesas = Coder
ADMIN: hainesa = Coder
ADMIN: tom = Coder
ADMIN: herrspyguy = Coder
ADMIN: daeren = Coder
ADMIN: conor12 = Coder
ADMIN: convair880 = Coder
[17:44:34] ACCESS: Login: Furry Chicken from 
[17:45:30] ACCESS: Login: Furry Chicken from 
[17:45:51] ADMIN: John Lewis (Furry Chicken) [DEAD] has started the game.
[17:45:53] ACCESS: Login: Furry Chicken from 
[17:46:01] ACCESS: Login: Maecho Man (Furry Chicken) from 
[17:46:17] ADMIN: Maecho Man (Furry Chicken) has made Maecho Man (Furry Chicken) a human.
[17:46:17] ACCESS: Login: Jude Siegrist (Furry Chicken) from 
[17:46:33] SAY: Jude Siegrist (Furry Chicken) : *scream
[17:50:42] ADMIN: Jude Siegrist (Furry Chicken) transformed Jude Siegrist into a Xenomorph Empress.
[17:50:42] ADMIN: Jude Siegrist (Furry Chicken) used secret 
[17:51:47] ACCESS: Login: Jude Siegrist (Furry Chicken) from 
[17:52:11] ACCESS: Login: Blob Overmind (Furry Chicken) from 
[17:52:39] ADMIN: Blob Overmind (Furry Chicken) [TRAITOR] removed the antagonist status of Blob Overmind (Furry Chicken) [TRAITOR].
[17:52:39] ACCESS: Login: Tanner Hunter (Furry Chicken) from 
[17:54:54] ADMIN: Tanner Hunter (Furry Chicken) healed / revived Tanner Hunter (Furry Chicken)
[17:59:33] ADMIN: Tanner Hunter (Furry Chicken) healed / revived Tanner Hunter (Furry Chicken)
[18:00:11] SAY: Tanner Hunter (Furry Chicken) : *me
[18:00:14] SAY: Tanner Hunter (Furry Chicken) : *fart
[18:00:15] SAY: Tanner Hunter (Furry Chicken) : *scream
[18:00:16] SAY: Tanner Hunter (Furry Chicken) : *scream
[18:00:16] SAY: Tanner Hunter (Furry Chicken) : *scream
[18:00:16] SAY: Tanner Hunter (Furry Chicken) : *scream
[18:00:17] SAY: Tanner Hunter (Furry Chicken) : *scream
[18:00:17] SAY: Tanner Hunter (Furry Chicken) : *scream
[18:00:17] SAY: Tanner Hunter (Furry Chicken) : *scream
[18:00:17] SAY: Tanner Hunter (Furry Chicken) : *scream
[18:00:17] SAY: Tanner Hunter (Furry Chicken) : *scream
[18:00:18] SAY: Tanner Hunter (Furry Chicken) : *scream
[18:00:18] SAY: Tanner Hunter (Furry Chicken) : *scream
[18:00:18] SAY: Tanner Hunter (Furry Chicken) : *scream
[18:00:29] SAY: Tanner Hunter (Furry Chicken) : *scream
[18:00:30] SAY: Tanner Hunter (Furry Chicken) : *scream
[18:00:31] SAY: Tanner Hunter (Furry Chicken) : *scream
[18:00:32] SAY: Tanner Hunter (Furry Chicken) : *scream
[18:00:32] SAY: Tanner Hunter (Furry Chicken) : *scream
[18:00:32] SAY: Tanner Hunter (Furry Chicken) : *scream
[18:00:32] SAY: Tanner Hunter (Furry Chicken) : *scream
[18:00:32] SAY: Tanner Hunter (Furry Chicken) : *scream
[18:00:32] SAY: Tanner Hunter (Furry Chicken) : *scream
[18:00:32] SAY: Tanner Hunter (Furry Chicken) : *scream
[18:00:33] SAY: Tanner Hunter (Furry Chicken) : *scream
[18:00:33] SAY: Tanner Hunter (Furry Chicken) : *scream
[18:00:33] SAY: Tanner Hunter (Furry Chicken) : *scream
[18:00:33] SAY: Tanner Hunter (Furry Chicken) : *scream
[18:00:33] SAY: Tanner Hunter (Furry Chicken) : *scream
[18:08:51] ADMIN: Tanner Hunter (Furry Chicken) deleted the blob at (<a href='?src=%admin_ref%;action=jumptocoords;target=204,152,1' title='Jump to Coords'>204,152,1</a>)
[18:22:57] ADMIN: Tanner Hunter (Furry Chicken) deleted the blob at (<a href='?src=%admin_ref%;action=jumptocoords;target=207,145,1' title='Jump to Coords'>207,145,1</a>)
[18:23:41] ACCESS: Login: Tanner Hunter (Furry Chicken) from 
[18:24:21] ACCESS: Login: Furry Chicken from 
[18:24:25] ADMIN: Mahtzo Maen (Furry Chicken) has made Mahtzo Maen (Furry Chicken) a human.
[18:24:25] ACCESS: Login: Nolan Zimmer (Furry Chicken) from 
