

Starting up. 09:53.03
---------------------

[09:53:13] ADMIN: Loading jobban_rank
[09:53:13] ADMIN: Jobban_keylist was empty
[09:53:13] ADMIN: Updating jobbanfile!
[09:53:13] ADMIN: Loading oocban_rank
[09:53:13] ADMIN: oocban_keylist was empty
[09:53:13] ADMIN: Updating jobbanfile!
ADMIN: slurm = Host
ADMIN: gibbed = Host
ADMIN: stuntwaffle = Host
ADMIN: pantaloons = Host
ADMIN: darsant = Host
ADMIN: nannek = Host
ADMIN: furrychicken = Host
ADMIN: cherkir = Host
ADMIN: exadv1 = Coder
ADMIN: 0staf = Coder
ADMIN: justicefries = Coder
ADMIN: eroticdad = Coder
ADMIN: angriestibm = Coder
ADMIN: hobnob = Coder
ADMIN: enallyniv = Coder
ADMIN: lallander = Coder
ADMIN: keelin = Coder
ADMIN: brianoblivion = Coder
ADMIN: arthurmuggins = Coder
ADMIN: isaidno = Coder
ADMIN: mport2004 = Coder
ADMIN: burntcornmuffin = Coder
ADMIN: ishallriseagain = Coder
ADMIN: lljkmosheninkov = Coder
ADMIN: dropsy = Coder
ADMIN: procitizensa = Coder
ADMIN: drmelon = Coder
ADMIN: halerina = Coder
ADMIN: pacra = Coder
ADMIN: jackmassacre = Coder
ADMIN: jackbox = Coder
ADMIN: infinitemonkeys = Coder
ADMIN: aphtonites = Coder
ADMIN: volundr = Coder
ADMIN: wirewraith = Coder
ADMIN: tobba = Coder
ADMIN: marquesas = Coder
ADMIN: hainesa = Coder
ADMIN: tom = Coder
ADMIN: herrspyguy = Coder
ADMIN: daeren = Coder
ADMIN: conor12 = Coder
ADMIN: convair880 = Coder
[09:53:58] ACCESS: Login: Furry Chicken from 


Starting up. 10:33.55
---------------------

[10:34:05] ADMIN: Loading jobban_rank
[10:34:05] ADMIN: Jobban_keylist was empty
[10:34:05] ADMIN: Updating jobbanfile!
[10:34:05] ADMIN: Loading oocban_rank
[10:34:05] ADMIN: oocban_keylist was empty
[10:34:05] ADMIN: Updating jobbanfile!
ADMIN: slurm = Host
ADMIN: gibbed = Host
ADMIN: stuntwaffle = Host
ADMIN: pantaloons = Host
ADMIN: darsant = Host
ADMIN: nannek = Host
ADMIN: furrychicken = Host
ADMIN: cherkir = Host
ADMIN: exadv1 = Coder
ADMIN: 0staf = Coder
ADMIN: justicefries = Coder
ADMIN: eroticdad = Coder
ADMIN: angriestibm = Coder
ADMIN: hobnob = Coder
ADMIN: enallyniv = Coder
ADMIN: lallander = Coder
ADMIN: keelin = Coder
ADMIN: brianoblivion = Coder
ADMIN: arthurmuggins = Coder
ADMIN: isaidno = Coder
ADMIN: mport2004 = Coder
ADMIN: burntcornmuffin = Coder
ADMIN: ishallriseagain = Coder
ADMIN: lljkmosheninkov = Coder
ADMIN: dropsy = Coder
ADMIN: procitizensa = Coder
ADMIN: drmelon = Coder
ADMIN: halerina = Coder
ADMIN: pacra = Coder
ADMIN: jackmassacre = Coder
ADMIN: jackbox = Coder
ADMIN: infinitemonkeys = Coder
ADMIN: aphtonites = Coder
ADMIN: volundr = Coder
ADMIN: wirewraith = Coder
ADMIN: tobba = Coder
ADMIN: marquesas = Coder
ADMIN: hainesa = Coder
ADMIN: tom = Coder
ADMIN: herrspyguy = Coder
ADMIN: daeren = Coder
ADMIN: conor12 = Coder
ADMIN: convair880 = Coder
[10:34:39] ACCESS: Login: Furry Chicken from 
[10:35:53] ACCESS: Login: Furry Chicken from 
[10:36:11] ADMIN: Kaden Fitzgerald (Furry Chicken) [DEAD] has started the game.
[10:36:12] ACCESS: Login: Furry Chicken from 
[10:36:15] SAY: maetzoe Man (Furry Chicken) : *scream
[10:36:16] SAY: maetzoe Man (Furry Chicken) : *scream
[10:36:18] SAY: maetzoe Man (Furry Chicken) : *scream
[10:36:19] SAY: maetzoe Man (Furry Chicken) : *scream
[10:36:20] SAY: maetzoe Man (Furry Chicken) : *scream
[10:36:21] SAY: maetzoe Man (Furry Chicken) : *scream
[10:36:22] SAY: maetzoe Man (Furry Chicken) : *scream
[10:36:23] SAY: maetzoe Man (Furry Chicken) : *scream
[10:36:24] SAY: maetzoe Man (Furry Chicken) : *scream
[10:36:25] SAY: maetzoe Man (Furry Chicken) : *scream
[10:36:27] SAY: maetzoe Man (Furry Chicken) : *scream
[10:36:27] SAY: maetzoe Man (Furry Chicken) : *scream
[10:36:31] ADMIN: maetzoe Man (Furry Chicken) has made maetzoe Man (Furry Chicken) a human.
[10:36:31] ACCESS: Login: Paul Agg (Furry Chicken) from 
[10:52:31] ADMIN: Paul Agg (Furry Chicken) deleted Plastic flaps at (<a href='?src=%admin_ref%;action=jumptocoords;target=197,135,1' title='Jump to Coords'>197,135,1</a>)
[10:55:15] ADMIN: Paul Agg (Furry Chicken) healed / revived Paul Agg (Furry Chicken)
[10:56:54] ADMIN: Paul Agg (Furry Chicken) healed / revived Paul Agg (Furry Chicken)
[10:57:40] SAY: Paul Agg (Furry Chicken) : *scream
[10:57:40] SAY: Paul Agg (Furry Chicken) : *scream
[10:57:41] SAY: Paul Agg (Furry Chicken) : *scream
[10:57:41] SAY: Paul Agg (Furry Chicken) : *scream
[10:57:41] SAY: Paul Agg (Furry Chicken) : *scream
[10:57:41] SAY: Paul Agg (Furry Chicken) : *scream


Starting up. 14:38.25
---------------------

[14:38:34] ADMIN: Loading jobban_rank
[14:38:34] ADMIN: Jobban_keylist was empty
[14:38:34] ADMIN: Updating jobbanfile!
[14:38:34] ADMIN: Loading oocban_rank
[14:38:34] ADMIN: oocban_keylist was empty
[14:38:34] ADMIN: Updating jobbanfile!
ADMIN: slurm = Host
ADMIN: gibbed = Host
ADMIN: stuntwaffle = Host
ADMIN: pantaloons = Host
ADMIN: darsant = Host
ADMIN: nannek = Host
ADMIN: furrychicken = Host
ADMIN: cherkir = Host
ADMIN: exadv1 = Coder
ADMIN: 0staf = Coder
ADMIN: justicefries = Coder
ADMIN: eroticdad = Coder
ADMIN: angriestibm = Coder
ADMIN: hobnob = Coder
ADMIN: enallyniv = Coder
ADMIN: lallander = Coder
ADMIN: keelin = Coder
ADMIN: brianoblivion = Coder
ADMIN: arthurmuggins = Coder
ADMIN: isaidno = Coder
ADMIN: mport2004 = Coder
ADMIN: burntcornmuffin = Coder
ADMIN: ishallriseagain = Coder
ADMIN: lljkmosheninkov = Coder
ADMIN: dropsy = Coder
ADMIN: procitizensa = Coder
ADMIN: drmelon = Coder
ADMIN: halerina = Coder
ADMIN: pacra = Coder
ADMIN: jackmassacre = Coder
ADMIN: jackbox = Coder
ADMIN: infinitemonkeys = Coder
ADMIN: aphtonites = Coder
ADMIN: volundr = Coder
ADMIN: wirewraith = Coder
ADMIN: tobba = Coder
ADMIN: marquesas = Coder
ADMIN: hainesa = Coder
ADMIN: tom = Coder
ADMIN: herrspyguy = Coder
ADMIN: daeren = Coder
ADMIN: conor12 = Coder
ADMIN: convair880 = Coder
[14:39:05] ACCESS: Login: Furry Chicken from 
[14:39:55] ACCESS: Login: Furry Chicken from 
[14:40:06] ADMIN: Bruce Guess (Furry Chicken) [DEAD] has started the game.
[14:40:08] ACCESS: Login: Furry Chicken from 
[14:40:10] ADMIN: Mahtchoe maenn (Furry Chicken) has made Mahtchoe maenn (Furry Chicken) a human.
[14:40:10] ACCESS: Login: Gannon Mortland (Furry Chicken) from 
[15:01:23] SAY: Gannon Mortland (Furry Chicken) : *fart
[15:11:35] SAY: Gannon Mortland (Furry Chicken) : *scream
[15:11:37] SAY: Gannon Mortland (Furry Chicken) : *fart
[15:11:38] SAY: Gannon Mortland (Furry Chicken) : *fart
[15:11:38] SAY: Gannon Mortland (Furry Chicken) : *fart
[15:11:38] SAY: Gannon Mortland (Furry Chicken) : *fart
[15:11:38] SAY: Gannon Mortland (Furry Chicken) : *fart
[15:11:38] SAY: Gannon Mortland (Furry Chicken) : *fart
[15:11:39] SAY: Gannon Mortland (Furry Chicken) : *fart
[15:11:39] SAY: Gannon Mortland (Furry Chicken) : *fart
[15:11:39] SAY: Gannon Mortland (Furry Chicken) : *fart
[15:11:39] SAY: Gannon Mortland (Furry Chicken) : *fart
[15:11:39] SAY: Gannon Mortland (Furry Chicken) : *fart
[15:11:39] SAY: Gannon Mortland (Furry Chicken) : *fart
[15:11:39] SAY: Gannon Mortland (Furry Chicken) : *fart
[15:11:40] SAY: Gannon Mortland (Furry Chicken) : *fart
[15:11:40] SAY: Gannon Mortland (Furry Chicken) : *fart
[15:11:40] SAY: Gannon Mortland (Furry Chicken) : *fart
[15:11:40] SAY: Gannon Mortland (Furry Chicken) : *fart
[15:11:40] SAY: Gannon Mortland (Furry Chicken) : *fart
[15:11:40] SAY: Gannon Mortland (Furry Chicken) : *fart
[15:11:40] SAY: Gannon Mortland (Furry Chicken) : *fart
[15:11:41] SAY: Gannon Mortland (Furry Chicken) : *fart
[15:11:41] SAY: Gannon Mortland (Furry Chicken) : *fart
[15:11:41] SAY: Gannon Mortland (Furry Chicken) : *fart
[15:11:41] SAY: Gannon Mortland (Furry Chicken) : *scream
[15:11:41] SAY: Gannon Mortland (Furry Chicken) : *scream
[15:11:41] SAY: Gannon Mortland (Furry Chicken) : *scream
[15:11:42] SAY: Gannon Mortland (Furry Chicken) : *scream
[15:11:42] SAY: Gannon Mortland (Furry Chicken) : *scream
[15:11:42] SAY: Gannon Mortland (Furry Chicken) : *scream
[15:11:42] SAY: Gannon Mortland (Furry Chicken) : *scream
[15:11:43] SAY: Gannon Mortland (Furry Chicken) : *scream
[15:11:43] SAY: Gannon Mortland (Furry Chicken) : *scream
[15:11:43] SAY: Gannon Mortland (Furry Chicken) : *scream
[15:11:43] SAY: Gannon Mortland (Furry Chicken) : *scream


Starting up. 15:50.43
---------------------

[15:50:53] ADMIN: Loading jobban_rank
[15:50:53] ADMIN: Jobban_keylist was empty
[15:50:53] ADMIN: Updating jobbanfile!
[15:50:53] ADMIN: Loading oocban_rank
[15:50:53] ADMIN: oocban_keylist was empty
[15:50:53] ADMIN: Updating jobbanfile!
ADMIN: slurm = Host
ADMIN: gibbed = Host
ADMIN: stuntwaffle = Host
ADMIN: pantaloons = Host
ADMIN: darsant = Host
ADMIN: nannek = Host
ADMIN: furrychicken = Host
ADMIN: cherkir = Host
ADMIN: exadv1 = Coder
ADMIN: 0staf = Coder
ADMIN: justicefries = Coder
ADMIN: eroticdad = Coder
ADMIN: angriestibm = Coder
ADMIN: hobnob = Coder
ADMIN: enallyniv = Coder
ADMIN: lallander = Coder
ADMIN: keelin = Coder
ADMIN: brianoblivion = Coder
ADMIN: arthurmuggins = Coder
ADMIN: isaidno = Coder
ADMIN: mport2004 = Coder
ADMIN: burntcornmuffin = Coder
ADMIN: ishallriseagain = Coder
ADMIN: lljkmosheninkov = Coder
ADMIN: dropsy = Coder
ADMIN: procitizensa = Coder
ADMIN: drmelon = Coder
ADMIN: halerina = Coder
ADMIN: pacra = Coder
ADMIN: jackmassacre = Coder
ADMIN: jackbox = Coder
ADMIN: infinitemonkeys = Coder
ADMIN: aphtonites = Coder
ADMIN: volundr = Coder
ADMIN: wirewraith = Coder
ADMIN: tobba = Coder
ADMIN: marquesas = Coder
ADMIN: hainesa = Coder
ADMIN: tom = Coder
ADMIN: herrspyguy = Coder
ADMIN: daeren = Coder
ADMIN: conor12 = Coder
ADMIN: convair880 = Coder
[15:51:26] ACCESS: Login: Furry Chicken from 
[15:57:21] ACCESS: Login: Furry Chicken from 
[15:57:35] ACCESS: Login: Shasae the Exiled (Furry Chicken) from 
[15:57:39] ADMIN: Shasae the Exiled (Furry Chicken) [TRAITOR] removed the antagonist status of Shasae the Exiled (Furry Chicken) [TRAITOR].
[15:57:40] ACCESS: Login: Jean-Luc Weinstein (Furry Chicken) from 
[15:57:44] ADMIN: Jean-Luc Weinstein (Furry Chicken) has made Jean-Luc Weinstein (Furry Chicken) a human.
[15:57:44] ACCESS: Login: Donovan Pritchard (Furry Chicken) from 
[15:58:36] SAY: Donovan Pritchard (Furry Chicken) : *scream
[15:58:37] SAY: Donovan Pritchard (Furry Chicken) : *scream
[15:58:38] SAY: Donovan Pritchard (Furry Chicken) : *scream
[15:58:38] SAY: Donovan Pritchard (Furry Chicken) : *scream
[15:58:39] SAY: Donovan Pritchard (Furry Chicken) : *scream
[15:58:39] SAY: Donovan Pritchard (Furry Chicken) : *scream
[15:58:39] SAY: Donovan Pritchard (Furry Chicken) : *scream
[15:58:39] SAY: Donovan Pritchard (Furry Chicken) : *scream
[15:58:39] SAY: Donovan Pritchard (Furry Chicken) : *scream
[15:58:40] SAY: Donovan Pritchard (Furry Chicken) : *scream
[15:58:42] SAY: Donovan Pritchard (Furry Chicken) : *fart
[15:58:43] SAY: Donovan Pritchard (Furry Chicken) : *fart
[15:58:43] SAY: Donovan Pritchard (Furry Chicken) : *scream
[15:58:44] SAY: Donovan Pritchard (Furry Chicken) : *fart
[15:58:44] SAY: Donovan Pritchard (Furry Chicken) : *fart
[15:58:45] SAY: Donovan Pritchard (Furry Chicken) : *scream
[15:58:45] SAY: Donovan Pritchard (Furry Chicken) : *scream
[15:58:46] SAY: Donovan Pritchard (Furry Chicken) : *scream
[16:02:44] SAY: Donovan Pritchard (Furry Chicken) : *scream
[16:03:09] SAY: Donovan Pritchard (Furry Chicken) : *scream
[16:04:10] ADMIN: Donovan Pritchard (Furry Chicken) healed / revived Donovan Pritchard (Furry Chicken)
[16:06:39] ADMIN: Donovan Pritchard (Furry Chicken) deleted the shrub at (<a href='?src=%admin_ref%;action=jumptocoords;target=132,90,1' title='Jump to Coords'>132,90,1</a>)
[16:06:47] ADMIN: Donovan Pritchard (Furry Chicken) healed / revived Donovan Pritchard (Furry Chicken)
[16:07:19] ADMIN: Donovan Pritchard (Furry Chicken) healed / revived Donovan Pritchard (Furry Chicken)
[16:07:31] ADMIN: Donovan Pritchard (Furry Chicken) has started the game.
[16:07:37] ADMIN: Donovan Pritchard (Furry Chicken) has made Donovan Pritchard (Furry Chicken) a human.
[16:07:37] ACCESS: Login: Patrick Goodman (Furry Chicken) from 
[16:18:47] ACCESS: Login: Patrick Goodman (Furry Chicken) from 
[16:18:57] ACCESS: Login: Xtaelll the Forsaken (Furry Chicken) from 
[16:19:04] ADMIN: Xtaelll the Forsaken (Furry Chicken) [TRAITOR] removed the antagonist status of Xtaelll the Forsaken (Furry Chicken) [TRAITOR].
[16:19:04] ACCESS: Login: Devin Ewing (Furry Chicken) from 
[16:23:02] ADMIN: Devin Ewing (Furry Chicken) modified [0x210148cb] (Alien Drone)'s evoProgress to 100
[16:24:35] SAY: Devin Ewing (Furry Chicken) : *scream
[16:24:36] SAY: Devin Ewing (Furry Chicken) : *scream
[16:24:36] SAY: Devin Ewing (Furry Chicken) : *scream
[16:24:36] SAY: Devin Ewing (Furry Chicken) : *scream
[16:24:37] SAY: Devin Ewing (Furry Chicken) : *scream
[16:24:37] SAY: Devin Ewing (Furry Chicken) : *scream
[16:24:37] SAY: Devin Ewing (Furry Chicken) : *scream
[16:24:37] SAY: Devin Ewing (Furry Chicken) : *scream
[16:24:37] SAY: Devin Ewing (Furry Chicken) : *scream


Starting up. 17:28.33
---------------------

[17:28:42] ADMIN: Loading jobban_rank
[17:28:42] ADMIN: Jobban_keylist was empty
[17:28:42] ADMIN: Updating jobbanfile!
[17:28:42] ADMIN: Loading oocban_rank
[17:28:42] ADMIN: oocban_keylist was empty
[17:28:42] ADMIN: Updating jobbanfile!
ADMIN: slurm = Host
ADMIN: gibbed = Host
ADMIN: stuntwaffle = Host
ADMIN: pantaloons = Host
ADMIN: darsant = Host
ADMIN: nannek = Host
ADMIN: furrychicken = Host
ADMIN: cherkir = Host
ADMIN: exadv1 = Coder
ADMIN: 0staf = Coder
ADMIN: justicefries = Coder
ADMIN: eroticdad = Coder
ADMIN: angriestibm = Coder
ADMIN: hobnob = Coder
ADMIN: enallyniv = Coder
ADMIN: lallander = Coder
ADMIN: keelin = Coder
ADMIN: brianoblivion = Coder
ADMIN: arthurmuggins = Coder
ADMIN: isaidno = Coder
ADMIN: mport2004 = Coder
ADMIN: burntcornmuffin = Coder
ADMIN: ishallriseagain = Coder
ADMIN: lljkmosheninkov = Coder
ADMIN: dropsy = Coder
ADMIN: procitizensa = Coder
ADMIN: drmelon = Coder
ADMIN: halerina = Coder
ADMIN: pacra = Coder
ADMIN: jackmassacre = Coder
ADMIN: jackbox = Coder
ADMIN: infinitemonkeys = Coder
ADMIN: aphtonites = Coder
ADMIN: volundr = Coder
ADMIN: wirewraith = Coder
ADMIN: tobba = Coder
ADMIN: marquesas = Coder
ADMIN: hainesa = Coder
ADMIN: tom = Coder
ADMIN: herrspyguy = Coder
ADMIN: daeren = Coder
ADMIN: conor12 = Coder
ADMIN: convair880 = Coder
[17:29:14] ACCESS: Login: Furry Chicken from 
[17:32:43] ACCESS: Login: Malik Bousum (Furry Chicken) [TRAITOR] from 
[17:33:20] SAY: Shitty Bill (NPC) : Got any Cosmos?
[17:33:23] SAY: Father Jack (NPC) : DRINK!
[17:33:30] SAY: Shitty Bill (NPC) : You a changer?
[17:34:15] SAY: Father Jack (NPC) : ARSE!
[17:34:50] SAY: Shitty Bill (NPC) : I ever tell you 'bout when I was a grave-digger?
[17:35:20] SAY: Shitty Bill (NPC) : Nice face, dork.
[17:35:46] SAY: Shitty Bill (NPC) : I think my buds set me up.
[17:36:38] SAY: Shitty Bill (NPC) : Nice threads, wirehead.
[17:37:43] SAY: Shitty Bill (NPC) : Got any space drugs?
[17:38:11] SAY: Shitty Bill (NPC) : Yo, gimme yer dosh.
[17:38:58] SAY: Shitty Bill (NPC) : You rhyme?
[17:39:46] SAY: Malik Bousum (Furry Chicken) [TRAITOR] : *scream
[17:39:51] SAY: Malik Bousum (Furry Chicken) [TRAITOR] : *roar
[17:39:54] SAY: Malik Bousum (Furry Chicken) [TRAITOR] : *hiss
[17:39:57] SAY: Malik Bousum (Furry Chicken) [TRAITOR] : *roar
[17:40:27] SAY: Shitty Bill (NPC) : I ever tell you 'bout the King in Yellow?
[17:41:39] SAY: Shitty Bill (NPC) : Got a light, bro?
[17:43:17] SAY: Shitty Bill (NPC) : Whatcha you lookin' at, clown?
[17:43:52] SAY: Shitty Bill (NPC) : Hey brud, gimme yer bees.
[17:44:19] SAY: Shitty Bill (NPC) : Got a light, Colonel?
[17:45:44] SAY: Father Jack (NPC) : That would be an ecumenical matter.
[17:45:50] ADMIN: Malik Bousum (Furry Chicken) [TRAITOR] modified [0x21015038] (Alien Drone)'s plasma to 300
[17:45:51] SAY: Malik Bousum (Furry Chicken) [TRAITOR] : *fart
[17:45:52] SAY: Malik Bousum (Furry Chicken) [TRAITOR] : *fart
[17:46:01] SAY: Shitty Bill (NPC) : Man, I sure don't miss those damn ghosts.
[17:46:03] SAY: Shitty Bill (NPC) : Got any salts?
[17:46:25] SAY: Shitty Bill (NPC) : You wrassle?
[17:46:42] SAY: Shitty Bill (NPC) : Got any taters?
[17:47:10] SAY: Shitty Bill (NPC) : I think my bros forgot about me.
[17:47:53] SAY: Father Jack (NPC) : FECK!
[17:48:07] SAY: Shitty Bill (NPC) : Hey dweeb, gimme yer hugs.
[17:48:12] SAY: Shitty Bill (NPC) : You a wizman?
[17:49:08] SAY: Shitty Bill (NPC) : Nice hair, beardo.
[17:51:12] SAY: Shitty Bill (NPC) : Got a light, buddy?
[17:51:14] SAY: Shitty Bill (NPC) : Man, I sure miss my robuddies.
[17:51:23] SAY: Shitty Bill (NPC) : Got any bee food?
[17:51:26] SAY: Shitty Bill (NPC) : Hey Donald "Don" Glabs.
[17:51:32] SAY: Shitty Bill (NPC) : Dang, it's Donald "Don" Glabs.
[17:52:34] SAY: Shitty Bill (NPC) : Hey chump, gimme yer patch.
[17:53:14] SAY: Shitty Bill (NPC) : You a cop?
[17:53:34] SAY: Shitty Bill (NPC) : I think my homies are running late.
[17:53:56] SAY: Father Jack (NPC) : DRINK!
[17:55:58] SAY: Father Jack (NPC) : DRINK!
[17:56:21] ADMIN: Malik Bousum (Furry Chicken) [TRAITOR] modified Malik Bousum's l_hand to the item on all entities of same type
[17:56:30] SAY: Shitty Bill (NPC) : I ever tell you 'bout the time I found a locker fulla booze?
[17:56:42] SAY: Shitty Bill (NPC) : Got a light, beardo?
[17:57:21] ADMIN: Malik Bousum (Furry Chicken) [TRAITOR] healed / revived Malik Bousum (Furry Chicken) [TRAITOR]
[17:57:23] SAY: Father Jack (NPC) : GIRLS!
[17:57:49] SAY: Shitty Bill (NPC) : The hell you lookin' at, buddy?
[17:59:11] SAY: Shitty Bill (NPC) : Got a light, 'Traser?
[17:59:19] SAY: Shitty Bill (NPC) : Nice ship, nerd.
[18:00:43] SAY: Shitty Bill (NPC) : Hey friendo, gimme yer dosh.
[18:00:55] SAY: Shitty Bill (NPC) : Yo, gimme yer high fives.
[18:01:36] ADMIN: Malik Bousum (Furry Chicken) [TRAITOR] modified [0x21015038] (Alien Drone)'s leaping to 1
[18:03:04] SAY: Shitty Bill (NPC) : Nice podd, brud.
[18:04:13] SAY: Shitty Bill (NPC) : What're you lookin' at, scrub?
[18:04:51] SAY: Shitty Bill (NPC) : Man, I sure miss the Cloud.
[18:05:19] SAY: Shitty Bill (NPC) : Hey buddy, gimme yer hugs.
[18:05:26] SAY: Shitty Bill (NPC) : Whatcha you lookin' at, brud?
[18:05:28] SAY: Shitty Bill (NPC) : Got any Synapse?
[18:06:07] SAY: Shitty Bill (NPC) : Man, I sure miss Ganymede.
[18:07:06] SAY: Shitty Bill (NPC) : Yo, gimme yer cash.
[18:07:25] SAY: Shitty Bill (NPC) : Nice hair, Colonel.
[18:07:30] SAY: Shitty Bill (NPC) : Nice threads, chump.
[18:07:30] SAY: Father Jack (NPC) : DRINK!
[18:08:07] SAY: Shitty Bill (NPC) : Man, I sure miss Luna.
[18:09:47] SAY: Shitty Bill (NPC) : You ride?
[18:11:44] SAY: Shitty Bill (NPC) : Yo Donald "Don" Glabs.
[18:11:50] SAY: Shitty Bill (NPC) : I think my associates forgot about me.
[18:12:11] SAY: Shitty Bill (NPC) : Nice hair, scrub.
[18:12:35] SAY: Shitty Bill (NPC) : Oh hell, it's Donald "Don" Glabs.
[18:13:04] SAY: Shitty Bill (NPC) : Got any ecto?
[18:14:29] SAY: Shitty Bill (NPC) : Nice pod, chief.
[18:14:50] SAY: Shitty Bill (NPC) : You a narc?
[18:15:14] SAY: Shitty Bill (NPC) : Got any sweders?
[18:15:18] SAY: Shitty Bill (NPC) : I ever tell you 'bout the time I found that creepy cave?
[18:15:58] SAY: Father Jack (NPC) : ARSE!
[18:16:00] SAY: Shitty Bill (NPC) : Whoa, it's Donald "Don" Glabs.
[18:17:10] SAY: Shitty Bill (NPC) : Nice podd, brud.
[18:18:29] SAY: Shitty Bill (NPC) : I think my homebros sent you.
[18:18:38] SAY: Shitty Bill (NPC) : You a Russian?
[18:18:48] SAY: Shitty Bill (NPC) : Got a light, nerd?
[18:19:12] SAY: Father Jack (NPC) : That would be an ecumenical matter.
[18:19:15] SAY: Shitty Bill (NPC) : What the hell are you lookin' at, chief?
[18:19:48] SAY: Father Jack (NPC) : ARSE!
[18:20:35] SAY: Father Jack (NPC) : FECK!


Starting up. 19:07.55
---------------------

[19:08:04] ADMIN: Loading jobban_rank
[19:08:04] ADMIN: Jobban_keylist was empty
[19:08:04] ADMIN: Updating jobbanfile!
[19:08:04] ADMIN: Loading oocban_rank
[19:08:04] ADMIN: oocban_keylist was empty
[19:08:04] ADMIN: Updating jobbanfile!
ADMIN: slurm = Host
ADMIN: gibbed = Host
ADMIN: stuntwaffle = Host
ADMIN: pantaloons = Host
ADMIN: darsant = Host
ADMIN: nannek = Host
ADMIN: furrychicken = Host
ADMIN: cherkir = Host
ADMIN: exadv1 = Coder
ADMIN: 0staf = Coder
ADMIN: justicefries = Coder
ADMIN: eroticdad = Coder
ADMIN: angriestibm = Coder
ADMIN: hobnob = Coder
ADMIN: enallyniv = Coder
ADMIN: lallander = Coder
ADMIN: keelin = Coder
ADMIN: brianoblivion = Coder
ADMIN: arthurmuggins = Coder
ADMIN: isaidno = Coder
ADMIN: mport2004 = Coder
ADMIN: burntcornmuffin = Coder
ADMIN: ishallriseagain = Coder
ADMIN: lljkmosheninkov = Coder
ADMIN: dropsy = Coder
ADMIN: procitizensa = Coder
ADMIN: drmelon = Coder
ADMIN: halerina = Coder
ADMIN: pacra = Coder
ADMIN: jackmassacre = Coder
ADMIN: jackbox = Coder
ADMIN: infinitemonkeys = Coder
ADMIN: aphtonites = Coder
ADMIN: volundr = Coder
ADMIN: wirewraith = Coder
ADMIN: tobba = Coder
ADMIN: marquesas = Coder
ADMIN: hainesa = Coder
ADMIN: tom = Coder
ADMIN: herrspyguy = Coder
ADMIN: daeren = Coder
ADMIN: conor12 = Coder
ADMIN: convair880 = Coder
[19:08:34] ACCESS: Login: Furry Chicken from 
[19:09:08] ADMIN: Furry Chicken [DEAD] has started the game.
[19:09:09] ACCESS: Login: Abel Agg (Furry Chicken) [TRAITOR] from 
[19:09:55] SAY: Shitty Bill (NPC) : Hey, gimme yer dosh.
[19:10:12] SAY: Shitty Bill (NPC) : I ever tell you 'bout that time I lost my shovel?
[19:10:14] SAY: Shitty Bill (NPC) : Dang, it's Donald "Don" Glabs.
[19:10:19] SAY: Shitty Bill (NPC) : Got any jenkem?
[19:10:26] SAY: Shitty Bill (NPC) : You sting?
[19:11:46] ADMIN: Abel Agg (Furry Chicken) [TRAITOR] booted ???? (Monkey) [DEAD].
[19:11:58] SAY: Shitty Bill (NPC) : What're you lookin' at, 'Traser?
[19:12:06] SAY: Shitty Bill (NPC) : You a changer?
[19:12:16] SAY: Shitty Bill (NPC) : Oh hell, it's Donald "Don" Glabs.
[19:12:52] SAY: Shitty Bill (NPC) : I ever tell you 'bout what those Nanotrasen dudes are hiding out there?
[19:12:59] SAY: Shitty Bill (NPC) : You a wizman?
[19:13:44] SAY: Abel Agg (Furry Chicken) [TRAITOR] : *scream
[19:13:48] SAY: Abel Agg (Furry Chicken) [TRAITOR] : *scream
[19:13:59] SAY: Shitty Bill (NPC) : Hey dweeb, gimme yer keys.
[19:15:51] SAY: Shitty Bill (NPC) : Got a light, doofus?
[19:17:36] SAY: Shitty Bill (NPC) : How's it goin' Donald "Don" Glabs.
[19:17:55] SAY: Father Jack (NPC) : ARSE!
[19:18:13] SAY: Father Jack (NPC) : DRINK!
[19:19:06] SAY: Shitty Bill (NPC) : Hey friendo, gimme yer cats.
[19:19:56] SAY: Father Jack (NPC) : ARSE!
[19:21:10] SAY: Shitty Bill (NPC) : Oh hell, it's Donald "Don" Glabs.
[19:21:15] SAY: Shitty Bill (NPC) : Got a light, dude?
[19:21:47] SAY: Shitty Bill (NPC) : Man, I sure don't miss the Cloud.
[19:22:30] SAY: Father Jack (NPC) : ARSE!
[19:22:32] SAY: Shitty Bill (NPC) : You wrassle?
[19:23:14] SAY: Shitty Bill (NPC) : What you lookin' at, bucko?
[19:24:10] SAY: Shitty Bill (NPC) : I ever tell you 'bout the time I found a crate fulla smokes?
[19:24:13] SAY: Shitty Bill (NPC) : What you lookin' at, buddy?
[19:24:32] SAY: Shitty Bill (NPC) : You fly?
[19:24:42] SAY: Shitty Bill (NPC) : Got any burgle?
[19:25:18] SAY: Father Jack (NPC) : ARSE!
[19:25:20] SAY: Shitty Bill (NPC) : I think my homebros stole my hat.
[19:25:56] SAY: Shitty Bill (NPC) : Got any ecto?
[19:26:01] SAY: Shitty Bill (NPC) : You a beardo?
[19:27:08] SAY: Father Jack (NPC) : That would be an ecumenical matter.
[19:27:46] SAY: Shitty Bill (NPC) : Man, I sure miss bein' a clown.
[19:27:55] SAY: Shitty Bill (NPC) : Got any weed?
[19:27:58] SAY: Shitty Bill (NPC) : Nice treads, bucko.
[19:30:24] SAY: Father Jack (NPC) : DRINK!
[19:30:36] SAY: Shitty Bill (NPC) : Hey chump, gimme yer hugs.
[19:32:23] SAY: Shitty Bill (NPC) : I ever tell you 'bout the time I caught Clown's Syndrome?
[19:32:52] SAY: Shitty Bill (NPC) : Hey friendo, gimme yer bees.
[19:34:02] SAY: Shitty Bill (NPC) : Got any grease?
[19:34:18] SAY: Father Jack (NPC) : ARSE!
[19:34:39] SAY: Shitty Bill (NPC) : You a dracula?
[19:35:18] SAY: Shitty Bill (NPC) : The hell're you lookin' at, bud?
[19:35:54] SAY: Shitty Bill (NPC) : Got a light, clown?
[19:37:46] SAY: Shitty Bill (NPC) : The hell're you lookin' at, doofus?
[19:37:52] SAY: Shitty Bill (NPC) : You sting?
[19:38:02] SAY: Shitty Bill (NPC) : I think my homebros got caught.
[19:38:09] SAY: Shitty Bill (NPC) : I ever tell you 'bout the time I found a box full of bees?
[19:38:39] SAY: Father Jack (NPC) : ARSE!
[19:40:31] SAY: Shitty Bill (NPC) : Got any Cosmos?
[19:41:27] SAY: Shitty Bill (NPC) : Got a light, buddy?
[19:41:27] SAY: Father Jack (NPC) : GIRLS!
[19:41:35] SAY: Father Jack (NPC) : GIRLS!
[19:44:01] SAY: Father Jack (NPC) : That would be an ecumenical matter.
[19:44:08] SAY: Shitty Bill (NPC) : Got any blotters?
[19:44:27] SAY: Shitty Bill (NPC) : Got a light, doofus?
[19:44:44] SAY: Shitty Bill (NPC) : I think my homebros took off.
[19:45:54] SAY: Father Jack (NPC) : GIRLS!
[19:46:22] SAY: Shitty Bill (NPC) : You grustle?
[19:47:08] SAY: Shitty Bill (NPC) : Got any sweders?
[19:47:53] SAY: Father Jack (NPC) : GIRLS!
[19:48:46] SAY: Shitty Bill (NPC) : Got any smokes?
[19:49:45] SAY: Shitty Bill (NPC) : You a narc?
[19:50:16] SAY: Father Jack (NPC) : FECK!
[19:50:21] SAY: Shitty Bill (NPC) : Got a light, beardo?
[19:50:28] SAY: Shitty Bill (NPC) : Got a light, nerd?
[19:51:03] SAY: Father Jack (NPC) : ARSE!
[19:51:58] SAY: Shitty Bill (NPC) : You rap?
[19:52:19] SAY: Shitty Bill (NPC) : You jam?
[19:52:21] SAY: Shitty Bill (NPC) : You wrassle?
[19:52:31] SAY: Shitty Bill (NPC) : The hell're you lookin' at, dork?
[19:52:41] SAY: Shitty Bill (NPC) : Got any weed?
[19:52:50] SAY: Shitty Bill (NPC) : Yo, gimme yer smokes.
[19:53:09] SAY: Shitty Bill (NPC) : Got a light, weirdo?
[19:53:24] SAY: Shitty Bill (NPC) : Nice podd, brud.
[19:53:34] SAY: Shitty Bill (NPC) : You a beardo?
[19:54:27] SAY: Shitty Bill (NPC) : Hey dweeb, gimme yer smokes.
[19:54:29] SAY: Shitty Bill (NPC) : I think my associates stole my hat.
[19:56:28] SAY: Father Jack (NPC) : FECK!
[19:57:09] SAY: Shitty Bill (NPC) : I ever tell you 'bout that time I lost my shovel?
[19:57:14] SAY: Shitty Bill (NPC) : Hey pal, gimme yer drugs.
[19:57:42] SAY: Shitty Bill (NPC) : You rap?
[19:58:16] SAY: Shitty Bill (NPC) : I think my homies got lost on the way here.


Starting up. 20:43.16
---------------------

[20:43:34] ADMIN: Loading jobban_rank
[20:43:34] ADMIN: Jobban_keylist was empty
[20:43:34] ADMIN: Updating jobbanfile!
[20:43:34] ADMIN: Loading oocban_rank
[20:43:34] ADMIN: oocban_keylist was empty
[20:43:34] ADMIN: Updating jobbanfile!
ADMIN: slurm = Host
ADMIN: gibbed = Host
ADMIN: stuntwaffle = Host
ADMIN: pantaloons = Host
ADMIN: darsant = Host
ADMIN: nannek = Host
ADMIN: furrychicken = Host
ADMIN: cherkir = Host
ADMIN: exadv1 = Coder
ADMIN: 0staf = Coder
ADMIN: justicefries = Coder
ADMIN: eroticdad = Coder
ADMIN: angriestibm = Coder
ADMIN: hobnob = Coder
ADMIN: enallyniv = Coder
ADMIN: lallander = Coder
ADMIN: keelin = Coder
ADMIN: brianoblivion = Coder
ADMIN: arthurmuggins = Coder
ADMIN: isaidno = Coder
ADMIN: mport2004 = Coder
ADMIN: burntcornmuffin = Coder
ADMIN: ishallriseagain = Coder
ADMIN: lljkmosheninkov = Coder
ADMIN: dropsy = Coder
ADMIN: procitizensa = Coder
ADMIN: drmelon = Coder
ADMIN: halerina = Coder
ADMIN: pacra = Coder
ADMIN: jackmassacre = Coder
ADMIN: jackbox = Coder
ADMIN: infinitemonkeys = Coder
ADMIN: aphtonites = Coder
ADMIN: volundr = Coder
ADMIN: wirewraith = Coder
ADMIN: tobba = Coder
ADMIN: marquesas = Coder
ADMIN: hainesa = Coder
ADMIN: tom = Coder
ADMIN: herrspyguy = Coder
ADMIN: daeren = Coder
ADMIN: conor12 = Coder
ADMIN: convair880 = Coder
[20:44:37] ACCESS: Login: Furry Chicken from 
[20:48:37] ACCESS: Login: Calvin Todd (Furry Chicken) [TRAITOR] from 
[20:49:33] SAY: Shitty Bill (NPC) : You roll?
[20:49:46] SAY: Shitty Bill (NPC) : Man, I sure don't miss that round station.
[20:52:22] SAY: Shitty Bill (NPC) : The hell're you lookin' at, idiot?
[20:53:16] SAY: Shitty Bill (NPC) : Man, I sure don't miss Sirius.
[20:53:44] SAY: Father Jack (NPC) : ARSE!
[20:55:36] SAY: Shitty Bill (NPC) : I ever tell you 'bout that time I lost my keys?
[20:55:48] SAY: Shitty Bill (NPC) : What're you lookin' at, buddy?
[20:56:13] SAY: Shitty Bill (NPC) : I think my bros set me up.
[20:56:20] SAY: Shitty Bill (NPC) : Nice name, astronaut.
[20:56:32] SAY: Shitty Bill (NPC) : Got a light, dingus?
[20:57:55] SAY: Shitty Bill (NPC) : Hey brud, gimme yer patch.
[20:57:55] SAY: Father Jack (NPC) : ARSE!
[20:58:18] SAY: Shitty Bill (NPC) : The hell you lookin' at, buddy?
[20:58:20] SAY: Shitty Bill (NPC) : Hey chump, gimme yer keys.
[20:59:25] SAY: Father Jack (NPC) : DRINK!
[21:00:02] SAY: Shitty Bill (NPC) : Hey, gimme yer keys.
[21:00:07] SAY: Shitty Bill (NPC) : You a changer?
[21:01:12] SAY: Shitty Bill (NPC) : Whoa, it's Donald "Don" Glabs.
[21:01:47] SAY: Father Jack (NPC) : FECK!
[21:02:48] ADMIN: Calvin Todd (Furry Chicken) [TRAITOR] modified Calvin Todd's health to 40
[21:03:49] SAY: Shitty Bill (NPC) : You rap?
[21:04:07] SAY: Father Jack (NPC) : DRINK!
[21:05:50] SAY: Father Jack (NPC) : DRINK!
[21:06:02] SAY: Shitty Bill (NPC) : You a Synder?
[21:06:28] SAY: Father Jack (NPC) : FECK!
[21:06:28] ADMIN: Calvin Todd (Furry Chicken) [TRAITOR] created a /mob/living/carbon/human/npc/monkey/von_braun
[21:06:37] SAY: Shitty Bill (NPC) : I ever tell you 'bout what those Nanotrasen dudes are hiding out there?
[21:06:47] SAY: Shitty Bill (NPC) : You a narc?
[21:06:54] SAY: Shitty Bill (NPC) : Got any plazzers?
[21:06:58] SAY: Shitty Bill (NPC) : Got any ciggs?
[21:07:58] SAY: Shitty Bill (NPC) : I think my pals are running late.
[21:08:13] ADMIN: Calvin Todd (Furry Chicken) [TRAITOR] deleted the light fixture at (<a href='?src=%admin_ref%;action=jumptocoords;target=125,208,1' title='Jump to Coords'>125,208,1</a>)
[21:08:17] ADMIN: Calvin Todd (Furry Chicken) [TRAITOR] deleted the light fixture at (<a href='?src=%admin_ref%;action=jumptocoords;target=125,206,1' title='Jump to Coords'>125,206,1</a>)
[21:09:10] SAY: Shitty Bill (NPC) : Got a light, bucko?
[21:09:55] SAY: Shitty Bill (NPC) : Hey brud, gimme yer cash.
[21:10:14] SAY: Father Jack (NPC) : That would be an ecumenical matter.
[21:10:40] SAY: Shitty Bill (NPC) : I ever tell you 'bout the time I sold dope to that ice dude?
[21:11:14] SAY: Shitty Bill (NPC) : What up Donald "Don" Glabs.
[21:12:27] SAY: Shitty Bill (NPC) : I ever tell you 'bout the time I found an alien thing that went to the bathroom for you?
[21:15:01] ADMIN: Calvin Todd (Furry Chicken) [TRAITOR] healed / revived Calvin Todd (Furry Chicken) [TRAITOR]
[21:15:04] SAY: Father Jack (NPC) : That would be an ecumenical matter.
[21:15:12] SAY: Shitty Bill (NPC) : Man, I sure miss my dog.
[21:15:55] SAY: Shitty Bill (NPC) : Nice face, wirehead.
[21:16:18] SAY: Shitty Bill (NPC) : Nice pod, bucko.
[21:17:14] SAY: Shitty Bill (NPC) : Nice pod, dweeb.
[21:17:36] SAY: Shitty Bill (NPC) : Got a light, friend?
[21:20:04] SAY: Father Jack (NPC) : FECK!
[21:21:31] SAY: Shitty Bill (NPC) : Got a light, nerd?
[21:21:40] SAY: Shitty Bill (NPC) : I think my associates stole my cat.
[21:22:56] SAY: Shitty Bill (NPC) : What're you lookin' at, bucko?
[21:23:01] SAY: Shitty Bill (NPC) : I ever tell you 'bout the time I got cloned?
[21:23:06] SAY: Shitty Bill (NPC) : Man, I sure miss bein' a clown.
[21:24:04] SAY: Shitty Bill (NPC) : Oh hell, it's Donald "Don" Glabs.
[21:24:09] SAY: Shitty Bill (NPC) : Man, I sure don't miss bein' an NT.


Starting up. 21:52.19
---------------------

[21:52:28] ADMIN: Loading jobban_rank
[21:52:28] ADMIN: Jobban_keylist was empty
[21:52:28] ADMIN: Updating jobbanfile!
[21:52:28] ADMIN: Loading oocban_rank
[21:52:28] ADMIN: oocban_keylist was empty
[21:52:28] ADMIN: Updating jobbanfile!
ADMIN: slurm = Host
ADMIN: gibbed = Host
ADMIN: stuntwaffle = Host
ADMIN: pantaloons = Host
ADMIN: darsant = Host
ADMIN: nannek = Host
ADMIN: furrychicken = Host
ADMIN: cherkir = Host
ADMIN: exadv1 = Coder
ADMIN: 0staf = Coder
ADMIN: justicefries = Coder
ADMIN: eroticdad = Coder
ADMIN: angriestibm = Coder
ADMIN: hobnob = Coder
ADMIN: enallyniv = Coder
ADMIN: lallander = Coder
ADMIN: keelin = Coder
ADMIN: brianoblivion = Coder
ADMIN: arthurmuggins = Coder
ADMIN: isaidno = Coder
ADMIN: mport2004 = Coder
ADMIN: burntcornmuffin = Coder
ADMIN: ishallriseagain = Coder
ADMIN: lljkmosheninkov = Coder
ADMIN: dropsy = Coder
ADMIN: procitizensa = Coder
ADMIN: drmelon = Coder
ADMIN: halerina = Coder
ADMIN: pacra = Coder
ADMIN: jackmassacre = Coder
ADMIN: jackbox = Coder
ADMIN: infinitemonkeys = Coder
ADMIN: aphtonites = Coder
ADMIN: volundr = Coder
ADMIN: wirewraith = Coder
ADMIN: tobba = Coder
ADMIN: marquesas = Coder
ADMIN: hainesa = Coder
ADMIN: tom = Coder
ADMIN: herrspyguy = Coder
ADMIN: daeren = Coder
ADMIN: conor12 = Coder
ADMIN: convair880 = Coder
[21:53:03] ACCESS: Login: Furry Chicken from 
[21:53:36] ADMIN: Furry Chicken [DEAD] has started the game.
[21:53:36] ACCESS: Login: Francisco Flickinger (Furry Chicken) [TRAITOR] from 
[21:54:59] SAY: Shitty Bill (NPC) : The hell're you lookin' at, bro?
[21:55:04] SAY: Shitty Bill (NPC) : The hell you lookin' at, friend?
[21:55:21] SAY: Shitty Bill (NPC) : Hey friendo, gimme yer jet.
[21:55:45] SAY: Shitty Bill (NPC) : You a Synder?
[21:56:43] SAY: Shitty Bill (NPC) : Got any jenkem?
[21:57:46] SAY: Shitty Bill (NPC) : I ever tell you 'bout the weird place with all the monkeys?
[21:58:58] SAY: Father Jack (NPC) : ARSE!
[22:00:58] SAY: Shitty Bill (NPC) : I think my homies left me here.
[22:01:03] SAY: Shitty Bill (NPC) : You a Russian?
[22:02:06] ADMIN: Francisco Flickinger (Furry Chicken) [TRAITOR] created 5ea /mob/living/carbon/human/monkey
[22:02:14] SAY: Shitty Bill (NPC) : Got any bee food?
[22:02:49] SAY: Shitty Bill (NPC) : You a Russian?
[22:03:11] SAY: Shitty Bill (NPC) : Got any Dan's?
[22:03:24] ADMIN: Francisco Flickinger (Furry Chicken) [TRAITOR] created 5ea /mob/living/carbon/human/npc/monkey/von_braun
[22:03:46] SAY: Father Jack (NPC) : ARSE!
[22:03:48] SAY: Father Jack (NPC) : GIRLS!
[22:03:59] ADMIN: Francisco Flickinger (Furry Chicken) [TRAITOR] healed / revived Francisco Flickinger (Furry Chicken) [TRAITOR]
[22:05:09] SAY: Shitty Bill (NPC) : Hey pal, gimme yer card.
[22:05:28] SAY: Father Jack (NPC) : GIRLS!
[22:05:37] SAY: Father Jack (NPC) : That would be an ecumenical matter.
[22:05:41] ADMIN: Francisco Flickinger (Furry Chicken) [TRAITOR] healed / revived Francisco Flickinger (Furry Chicken) [TRAITOR]
[22:06:12] SAY: Shitty Bill (NPC) : Got a light, dude?
[22:06:12] SAY: Father Jack (NPC) : ARSE!
[22:06:39] ADMIN: Francisco Flickinger (Furry Chicken) [TRAITOR] created 10ea /mob/living/carbon/human/npc/monkey/von_braun
[22:07:11] SAY: Shitty Bill (NPC) : Nice threads, bro.
[22:07:23] SAY: Shitty Bill (NPC) : Man, I sure don't miss the Enterprise.
[22:07:27] SAY: Shitty Bill (NPC) : Got any smokes?
[22:07:30] SAY: Francisco Flickinger (Furry Chicken) [TRAITOR] : *scream
[22:07:32] SAY: Shitty Bill (NPC) : Dang, it's Donald "Don" Glabs.
[22:07:33] SAY: Francisco Flickinger (Furry Chicken) [TRAITOR] : *scream
[22:07:35] SAY: Francisco Flickinger (Furry Chicken) [TRAITOR] : *roar
[22:07:38] SAY: Francisco Flickinger (Furry Chicken) [TRAITOR] : *hiss
[22:07:42] SAY: Shitty Bill (NPC) : Got a light, Colonel?
[22:07:50] SAY: Francisco Flickinger (Furry Chicken) [TRAITOR] : *screech
[22:07:53] SAY: Father Jack (NPC) : GIRLS!
[22:07:53] SAY: Francisco Flickinger (Furry Chicken) [TRAITOR] : *scream
[22:07:55] SAY: Francisco Flickinger (Furry Chicken) [TRAITOR] : *scream
[22:08:14] SAY: Francisco Flickinger (Furry Chicken) [TRAITOR] : *roar
[22:08:16] SAY: Shitty Bill (NPC) : You a narc?
[22:08:42] ADMIN: Francisco Flickinger (Furry Chicken) [TRAITOR] healed / revived Francisco Flickinger (Furry Chicken) [TRAITOR]
[22:08:50] SAY: Shitty Bill (NPC) : Hey pal, gimme yer bees.
[22:09:32] SAY: Shitty Bill (NPC) : Yo Donald "Don" Glabs.
[22:11:46] ADMIN: Francisco Flickinger (Furry Chicken) [TRAITOR] healed / revived Francisco Flickinger (Furry Chicken) [TRAITOR]
[22:11:53] SAY: Francisco Flickinger (Furry Chicken) [TRAITOR] : *roar
[22:12:10] SAY: Francisco Flickinger (Furry Chicken) [TRAITOR] : *scream
[22:12:20] SAY: Francisco Flickinger (Furry Chicken) [TRAITOR] : *flip
[22:12:21] SAY: Francisco Flickinger (Furry Chicken) [TRAITOR] : *scream
[22:13:14] SAY: Shitty Bill (NPC) : I think my bruds sent you.
[22:13:18] SAY: Francisco Flickinger (Furry Chicken) [TRAITOR] : *scream
[22:14:34] SAY: Father Jack (NPC) : FECK!
[22:14:51] SAY: Shitty Bill (NPC) : Hey friendo, gimme yer bees.
[22:15:17] ACCESS: Login: Francisco Flickinger (Furry Chicken) [TRAITOR] [DEAD] from 


Starting up. 22:52.28
---------------------

[22:52:48] ADMIN: Loading jobban_rank
[22:52:48] ADMIN: Jobban_keylist was empty
[22:52:48] ADMIN: Updating jobbanfile!
[22:52:48] ADMIN: Loading oocban_rank
[22:52:48] ADMIN: oocban_keylist was empty
[22:52:48] ADMIN: Updating jobbanfile!
ADMIN: slurm = Host
ADMIN: gibbed = Host
ADMIN: stuntwaffle = Host
ADMIN: pantaloons = Host
ADMIN: darsant = Host
ADMIN: nannek = Host
ADMIN: furrychicken = Host
ADMIN: cherkir = Host
ADMIN: exadv1 = Coder
ADMIN: 0staf = Coder
ADMIN: justicefries = Coder
ADMIN: eroticdad = Coder
ADMIN: angriestibm = Coder
ADMIN: hobnob = Coder
ADMIN: enallyniv = Coder
ADMIN: lallander = Coder
ADMIN: keelin = Coder
ADMIN: brianoblivion = Coder
ADMIN: arthurmuggins = Coder
ADMIN: isaidno = Coder
ADMIN: mport2004 = Coder
ADMIN: burntcornmuffin = Coder
ADMIN: ishallriseagain = Coder
ADMIN: lljkmosheninkov = Coder
ADMIN: dropsy = Coder
ADMIN: procitizensa = Coder
ADMIN: drmelon = Coder
ADMIN: halerina = Coder
ADMIN: pacra = Coder
ADMIN: jackmassacre = Coder
ADMIN: jackbox = Coder
ADMIN: infinitemonkeys = Coder
ADMIN: aphtonites = Coder
ADMIN: volundr = Coder
ADMIN: wirewraith = Coder
ADMIN: tobba = Coder
ADMIN: marquesas = Coder
ADMIN: hainesa = Coder
ADMIN: tom = Coder
ADMIN: herrspyguy = Coder
ADMIN: daeren = Coder
ADMIN: conor12 = Coder
ADMIN: convair880 = Coder
[22:53:44] ACCESS: Login: Furry Chicken from 
[22:54:34] ADMIN: Furry Chicken [DEAD] has started the game.
[22:54:34] ACCESS: Login: Jude James (Furry Chicken) [TRAITOR] from 
[22:55:33] SAY: Father Jack (NPC) : DRINK!
[22:56:09] SAY: Shitty Bill (NPC) : Got a light, friend?
[22:56:12] SAY: Shitty Bill (NPC) : Got a light, dude?
[22:57:09] SAY: Shitty Bill (NPC) : Got any hits?
[22:57:56] SAY: Shitty Bill (NPC) : I think my bros got caught.
[22:59:44] SAY: Shitty Bill (NPC) : I ever tell you 'bout the time I got cloned?
[23:00:46] SAY: Shitty Bill (NPC) : Got a light, beardo?
[23:00:53] SAY: Shitty Bill (NPC) : Got a light, friend?
[23:01:34] SAY: Shitty Bill (NPC) : Man, I sure miss Luna.
[23:02:16] SAY: Father Jack (NPC) : GIRLS!
[23:02:54] SAY: Shitty Bill (NPC) : You dance?
[23:03:28] ADMIN: Jude James (Furry Chicken) [TRAITOR] modified [0x21014b31] (Alien Drone)'s evoProgress to 500
[23:04:31] ADMIN: Jude James (Furry Chicken) [TRAITOR] has made Jude James (Furry Chicken) [TRAITOR] a human.
[23:04:32] ACCESS: Login: Nikolas Richardson (Furry Chicken) [TRAITOR] from 
[23:05:31] SAY: Nikolas Richardson (Furry Chicken) [TRAITOR] : *scream
[23:05:31] SAY: Nikolas Richardson (Furry Chicken) [TRAITOR] : *scream
[23:05:31] SAY: Nikolas Richardson (Furry Chicken) [TRAITOR] : *scream
[23:05:32] SAY: Nikolas Richardson (Furry Chicken) [TRAITOR] : *scream
[23:05:32] SAY: Nikolas Richardson (Furry Chicken) [TRAITOR] : *scream
[23:05:47] SAY: Nikolas Richardson (Furry Chicken) [TRAITOR] : At last.
[23:05:51] SAY: Shitty Bill (NPC) : Whoa, it's Father Jack.
[23:05:52] SAY: Nikolas Richardson (Furry Chicken) [TRAITOR] : *deathgasp
[23:05:57] SAY: Nikolas Richardson (Furry Chicken) [TRAITOR] : *scream
[23:05:59] SAY: Nikolas Richardson (Furry Chicken) [TRAITOR] : *roar
[23:06:01] SAY: Nikolas Richardson (Furry Chicken) [TRAITOR] : *roar
[23:06:07] SAY: Nikolas Richardson (Furry Chicken) [TRAITOR] : *hiss
[23:07:05] SAY: Shitty Bill (NPC) : Got any hits?
[23:07:42] ADMIN: Nikolas Richardson (Furry Chicken) [TRAITOR] sent Nikolas Richardson (Furry Chicken) [TRAITOR] to Bar (<a href='?src=%admin_ref%;action=jumptocoords;target=108,195,1' title='Jump to Coords'>108,195,1</a> in Bar)
[23:08:09] ADMIN: Nikolas Richardson (Furry Chicken) [TRAITOR] sent Nikolas Richardson (Furry Chicken) [TRAITOR] to Bridge (<a href='?src=%admin_ref%;action=jumptocoords;target=217,143,1' title='Jump to Coords'>217,143,1</a> in Bridge)
[23:08:32] SAY: Father Jack (NPC) : ARSE!
[23:08:35] SAY: Shitty Bill (NPC) : I think my associates got lost on the way here.
[23:09:12] SAY: Shitty Bill (NPC) : You a changer?
