

Starting up. 00:02.49
---------------------

[00:03:03] ADMIN: Loading jobban_rank
[00:03:03] ADMIN: Jobban_keylist was empty
[00:03:03] ADMIN: Updating jobbanfile!
[00:03:03] ADMIN: Loading oocban_rank
[00:03:03] ADMIN: oocban_keylist was empty
[00:03:03] ADMIN: Updating jobbanfile!
ADMIN: slurm = Host
ADMIN: gibbed = Host
ADMIN: stuntwaffle = Host
ADMIN: pantaloons = Host
ADMIN: darsant = Host
ADMIN: nannek = Host
ADMIN: furrychicken = Host
ADMIN: cherkir = Host
ADMIN: exadv1 = Coder
ADMIN: 0staf = Coder
ADMIN: justicefries = Coder
ADMIN: eroticdad = Coder
ADMIN: angriestibm = Coder
ADMIN: hobnob = Coder
ADMIN: enallyniv = Coder
ADMIN: lallander = Coder
ADMIN: keelin = Coder
ADMIN: brianoblivion = Coder
ADMIN: arthurmuggins = Coder
ADMIN: isaidno = Coder
ADMIN: mport2004 = Coder
ADMIN: burntcornmuffin = Coder
ADMIN: ishallriseagain = Coder
ADMIN: lljkmosheninkov = Coder
ADMIN: dropsy = Coder
ADMIN: procitizensa = Coder
ADMIN: drmelon = Coder
ADMIN: halerina = Coder
ADMIN: pacra = Coder
ADMIN: jackmassacre = Coder
ADMIN: jackbox = Coder
ADMIN: infinitemonkeys = Coder
ADMIN: aphtonites = Coder
ADMIN: volundr = Coder
ADMIN: wirewraith = Coder
ADMIN: tobba = Coder
ADMIN: marquesas = Coder
ADMIN: hainesa = Coder
ADMIN: tom = Coder
ADMIN: herrspyguy = Coder
ADMIN: daeren = Coder
ADMIN: conor12 = Coder
ADMIN: convair880 = Coder
[00:04:00] ACCESS: Login: Furry Chicken from 
[00:04:46] ADMIN: Furry Chicken [DEAD] has started the game.
[00:04:46] ACCESS: Login: Dante Foster (Furry Chicken) [TRAITOR] from 
[00:05:55] SAY: Shitty Bill (NPC) : Got a light, doofus?
[00:06:03] ACCESS: Login: Dante Foster (Furry Chicken) [TRAITOR] [DEAD] from 
[00:06:10] SAY: Shitty Bill (NPC) : Got a light, clown?
[00:06:20] ACCESS: Login: Dlouttsh the Overlord (Furry Chicken) [TRAITOR] [DEAD] from 
[00:06:25] ADMIN: Dlouttsh the Overlord (Furry Chicken) [TRAITOR] [DEAD] removed the antagonist status of Dlouttsh the Overlord (Furry Chicken) [TRAITOR] [DEAD].
[00:06:25] ACCESS: Login: Jonathan Beail (Furry Chicken) from 
[00:07:26] ACCESS: Login: Jonathan Beail (Furry Chicken) [DEAD] from 
[00:07:44] ACCESS: Login: Snaetm the Impaler (Furry Chicken) [DEAD] from 
[00:07:46] SAY: Father Jack (NPC) : DRINK!
[00:07:48] ADMIN: Snaetm the Impaler (Furry Chicken) [TRAITOR] [DEAD] removed the antagonist status of Snaetm the Impaler (Furry Chicken) [TRAITOR] [DEAD].
[00:07:48] ACCESS: Login: Mathew Hawkins (Furry Chicken) from 
[00:08:31] SAY: Mathew Hawkins (Furry Chicken) : *scream
[00:08:31] SAY: Mathew Hawkins (Furry Chicken) : *scream
[00:08:31] SAY: Mathew Hawkins (Furry Chicken) : *scream
[00:08:31] SAY: Mathew Hawkins (Furry Chicken) : *scream
[00:08:32] SAY: Mathew Hawkins (Furry Chicken) : *scream
[00:08:32] SAY: Mathew Hawkins (Furry Chicken) : *scream
[00:08:32] SAY: Mathew Hawkins (Furry Chicken) : *scream
[00:08:32] SAY: Mathew Hawkins (Furry Chicken) : *scream
[00:08:32] SAY: Mathew Hawkins (Furry Chicken) : *scream
[00:08:34] SAY: Mathew Hawkins (Furry Chicken) : *fart
[00:08:34] SAY: Mathew Hawkins (Furry Chicken) : *fart
[00:08:34] SAY: Mathew Hawkins (Furry Chicken) : *fart
[00:08:36] SAY: Mathew Hawkins (Furry Chicken) : *scream
[00:08:39] SAY: Mathew Hawkins (Furry Chicken) : *fart
[00:08:41] SAY: Mathew Hawkins (Furry Chicken) : *flip
[00:08:45] SAY: Mathew Hawkins (Furry Chicken) : *roar
[00:08:47] SAY: Mathew Hawkins (Furry Chicken) : *scream
[00:08:49] SAY: Mathew Hawkins (Furry Chicken) : *hiss
[00:08:51] SAY: Mathew Hawkins (Furry Chicken) : *roar
[00:08:52] SAY: Mathew Hawkins (Furry Chicken) : *roar
[00:08:53] SAY: Mathew Hawkins (Furry Chicken) : *roar
[00:08:54] SAY: Mathew Hawkins (Furry Chicken) : *roar
[00:08:56] SAY: Mathew Hawkins (Furry Chicken) : *roar
[00:08:56] SAY: Mathew Hawkins (Furry Chicken) : *scream
[00:09:00] SAY: Mathew Hawkins (Furry Chicken) : *scratch
[00:09:11] SAY: Father Jack (NPC) : DRINK!
[00:10:04] SAY: Shitty Bill (NPC) : You grustle?
[00:10:15] SAY: Shitty Bill (NPC) : You fly?
[00:10:37] SAY: Shitty Bill (NPC) : Got any argine?
[00:11:08] SAY: Shitty Bill (NPC) : You a narc?
[00:11:12] SAY: Shitty Bill (NPC) : You a Synder?
[00:12:30] SAY: Shitty Bill (NPC) : You jet?
[00:12:49] SAY: Shitty Bill (NPC) : Got any bees?
[00:13:08] SAY: Shitty Bill (NPC) : Got a light, dude?
[00:14:30] SAY: Mathew Hawkins (Furry Chicken) : *scream
[00:14:30] SAY: Mathew Hawkins (Furry Chicken) : *scream
[00:14:31] SAY: Mathew Hawkins (Furry Chicken) : *scream
[00:14:31] SAY: Mathew Hawkins (Furry Chicken) : *scream
[00:14:31] SAY: Mathew Hawkins (Furry Chicken) : *scream
[00:14:31] SAY: Mathew Hawkins (Furry Chicken) : *scream
[00:14:31] SAY: Mathew Hawkins (Furry Chicken) : *scream
[00:14:31] SAY: Mathew Hawkins (Furry Chicken) : *scream
[00:14:31] SAY: Mathew Hawkins (Furry Chicken) : *scream
[00:14:36] SAY: Mathew Hawkins (Furry Chicken) : *scream
[00:14:39] SAY: Mathew Hawkins (Furry Chicken) : *scream
[00:15:15] SAY: Shitty Bill (NPC) : You a wizman?
[00:15:20] SAY: Shitty Bill (NPC) : Dag, it's Donald "Don" Glabs.
[00:15:30] ADMIN: Mathew Hawkins (Furry Chicken) has made Mathew Hawkins (Furry Chicken) a human.
[00:15:30] ACCESS: Login: Tamsin Marriman (Furry Chicken) from 
[00:16:15] SAY: Shitty Bill (NPC) : Got any lexo?
[00:16:19] SAY: Tamsin Marriman (Furry Chicken) : *scream
[00:16:20] SAY: Shitty Bill (NPC) : Nice wheels, buddy.
[00:16:22] SAY: Tamsin Marriman (Furry Chicken) : *scream
[00:16:33] SAY: Tamsin Marriman (Furry Chicken) : *scream
[00:16:34] SAY: Tamsin Marriman (Furry Chicken) : *scream
[00:16:34] SAY: Tamsin Marriman (Furry Chicken) : *scream
[00:16:34] SAY: Tamsin Marriman (Furry Chicken) : *scream
[00:16:34] SAY: Tamsin Marriman (Furry Chicken) : *scream
[00:16:34] SAY: Tamsin Marriman (Furry Chicken) : *scream
[00:16:35] SAY: Tamsin Marriman (Furry Chicken) : *scream
[00:16:35] SAY: Tamsin Marriman (Furry Chicken) : *scream
[00:16:35] SAY: Tamsin Marriman (Furry Chicken) : *scream
[00:16:35] SAY: Tamsin Marriman (Furry Chicken) : *scream
[00:16:35] SAY: Tamsin Marriman (Furry Chicken) : *scream
[00:16:36] SAY: Tamsin Marriman (Furry Chicken) : *scream
[00:16:36] SAY: Tamsin Marriman (Furry Chicken) : *scream
[00:16:36] SAY: Tamsin Marriman (Furry Chicken) : *scream
[00:16:36] SAY: Tamsin Marriman (Furry Chicken) : *scream
[00:16:37] SAY: Tamsin Marriman (Furry Chicken) : *scream
[00:16:37] SAY: Tamsin Marriman (Furry Chicken) : *scream
[00:16:37] SAY: Tamsin Marriman (Furry Chicken) : *scream
[00:16:37] SAY: Tamsin Marriman (Furry Chicken) : *scream
[00:16:38] SAY: Tamsin Marriman (Furry Chicken) : *scream
[00:16:38] SAY: Tamsin Marriman (Furry Chicken) : *scream
[00:16:38] SAY: Tamsin Marriman (Furry Chicken) : *scream
[00:16:38] SAY: Tamsin Marriman (Furry Chicken) : *scream
[00:16:39] SAY: Tamsin Marriman (Furry Chicken) : *scream
[00:16:39] SAY: Tamsin Marriman (Furry Chicken) : *scream
[00:16:39] SAY: Tamsin Marriman (Furry Chicken) : *scream
[00:16:40] SAY: Tamsin Marriman (Furry Chicken) : *scream
[00:16:40] SAY: Tamsin Marriman (Furry Chicken) : *scream
[00:16:40] SAY: Tamsin Marriman (Furry Chicken) : *scream
[00:16:40] SAY: Tamsin Marriman (Furry Chicken) : *scream
[00:16:41] SAY: Tamsin Marriman (Furry Chicken) : *scream
[00:16:41] SAY: Tamsin Marriman (Furry Chicken) : *scream
[00:16:41] SAY: Tamsin Marriman (Furry Chicken) : *scream
[00:16:41] SAY: Tamsin Marriman (Furry Chicken) : *scream
[00:16:43] SAY: Tamsin Marriman (Furry Chicken) : *superfart
[00:16:44] SAY: Tamsin Marriman (Furry Chicken) : *scream
[00:16:44] SAY: Tamsin Marriman (Furry Chicken) : *scream
[00:16:44] SAY: Tamsin Marriman (Furry Chicken) : *scream
[00:16:44] SAY: Tamsin Marriman (Furry Chicken) : *scream
[00:16:45] SAY: Tamsin Marriman (Furry Chicken) : *scream
[00:16:45] SAY: Tamsin Marriman (Furry Chicken) : *scream
[00:16:45] SAY: Tamsin Marriman (Furry Chicken) : *scream
[00:16:45] SAY: Tamsin Marriman (Furry Chicken) : *scream
[00:16:45] SAY: Tamsin Marriman (Furry Chicken) : *scream
[00:16:45] SAY: Tamsin Marriman (Furry Chicken) : *scream
[00:16:46] SAY: Tamsin Marriman (Furry Chicken) : *scream
[00:16:47] SAY: Tamsin Marriman (Furry Chicken) : *scream
[00:16:47] SAY: Tamsin Marriman (Furry Chicken) : *scream
[00:16:47] SAY: Tamsin Marriman (Furry Chicken) : *scream
[00:16:47] SAY: Tamsin Marriman (Furry Chicken) : *scream
[00:16:47] SAY: Tamsin Marriman (Furry Chicken) : *scream
[00:16:47] SAY: Tamsin Marriman (Furry Chicken) : *scream
[00:16:48] SAY: Tamsin Marriman (Furry Chicken) : *scream
[00:16:48] SAY: Tamsin Marriman (Furry Chicken) : *scream
[00:16:48] SAY: Tamsin Marriman (Furry Chicken) : *scream
[00:16:49] SAY: Tamsin Marriman (Furry Chicken) : *scream
[00:16:49] SAY: Tamsin Marriman (Furry Chicken) : *scream
[00:16:50] SAY: Tamsin Marriman (Furry Chicken) : *scream
[00:16:50] SAY: Tamsin Marriman (Furry Chicken) : *scream
[00:16:50] SAY: Tamsin Marriman (Furry Chicken) : *scream
[00:16:57] SAY: Tamsin Marriman (Furry Chicken) : *scream
[00:16:57] SAY: Tamsin Marriman (Furry Chicken) : *scream
[00:16:57] SAY: Tamsin Marriman (Furry Chicken) : *scream
[00:17:30] SAY: Tamsin Marriman (Furry Chicken) : *scream
[00:17:31] SAY: Tamsin Marriman (Furry Chicken) : *scream
[00:17:31] SAY: Tamsin Marriman (Furry Chicken) : *scream
[00:17:31] SAY: Tamsin Marriman (Furry Chicken) : *scream
[00:17:31] SAY: Tamsin Marriman (Furry Chicken) : *scream
[00:17:31] SAY: Tamsin Marriman (Furry Chicken) : *scream
[00:17:31] SAY: Tamsin Marriman (Furry Chicken) : *scream
[00:17:31] SAY: Tamsin Marriman (Furry Chicken) : *scream
[00:17:32] SAY: Tamsin Marriman (Furry Chicken) : *scream
[00:17:32] SAY: Tamsin Marriman (Furry Chicken) : *scream
[00:17:32] SAY: Tamsin Marriman (Furry Chicken) : *scream
[00:17:32] SAY: Tamsin Marriman (Furry Chicken) : *scream
[00:17:32] SAY: Tamsin Marriman (Furry Chicken) : *scream
[00:17:33] SAY: Tamsin Marriman (Furry Chicken) : *scream
[00:17:33] SAY: Tamsin Marriman (Furry Chicken) : *scream
[00:17:33] SAY: Tamsin Marriman (Furry Chicken) : *scream
[00:17:37] ADMIN: Tamsin Marriman (Furry Chicken) ASAY: A
[00:17:39] SAY: Tamsin Marriman (Furry Chicken) : FUCK
[00:17:42] SAY: Tamsin Marriman (Furry Chicken) : AYYYYYYYYY
[00:17:43] SAY: Tamsin Marriman (Furry Chicken) : *scream
[00:17:43] SAY: Tamsin Marriman (Furry Chicken) : *scream
[00:17:44] SAY: Tamsin Marriman (Furry Chicken) : *scream
[00:17:45] SAY: Tamsin Marriman (Furry Chicken) : *fart
[00:17:49] SAY: Tamsin Marriman (Furry Chicken) : YOU WILL ALL DIE HUMANS REEE
[00:17:50] SAY: Tamsin Marriman (Furry Chicken) : *scream
[00:17:50] SAY: Tamsin Marriman (Furry Chicken) : *scream
[00:17:50] SAY: Tamsin Marriman (Furry Chicken) : *scream
[00:17:50] SAY: Tamsin Marriman (Furry Chicken) : *scream
[00:17:50] SAY: Tamsin Marriman (Furry Chicken) : *scream
[00:17:50] SAY: Tamsin Marriman (Furry Chicken) : *scream
[00:17:51] SAY: Tamsin Marriman (Furry Chicken) : *scream
[00:17:51] SAY: Tamsin Marriman (Furry Chicken) : *scream
[00:17:51] SAY: Tamsin Marriman (Furry Chicken) : *scream
[00:17:51] SAY: Tamsin Marriman (Furry Chicken) : *scream
[00:17:51] SAY: Tamsin Marriman (Furry Chicken) : *scream
[00:17:51] SAY: Tamsin Marriman (Furry Chicken) : *scream
[00:17:52] SAY: Tamsin Marriman (Furry Chicken) : *scream
[00:17:52] SAY: Tamsin Marriman (Furry Chicken) : *scream


Starting up. 01:00.51
---------------------

[01:01:02] ADMIN: Loading jobban_rank
[01:01:02] ADMIN: Jobban_keylist was empty
[01:01:02] ADMIN: Updating jobbanfile!
[01:01:02] ADMIN: Loading oocban_rank
[01:01:02] ADMIN: oocban_keylist was empty
[01:01:02] ADMIN: Updating jobbanfile!
ADMIN: slurm = Host
ADMIN: gibbed = Host
ADMIN: stuntwaffle = Host
ADMIN: pantaloons = Host
ADMIN: darsant = Host
ADMIN: nannek = Host
ADMIN: furrychicken = Host
ADMIN: cherkir = Host
ADMIN: exadv1 = Coder
ADMIN: 0staf = Coder
ADMIN: justicefries = Coder
ADMIN: eroticdad = Coder
ADMIN: angriestibm = Coder
ADMIN: hobnob = Coder
ADMIN: enallyniv = Coder
ADMIN: lallander = Coder
ADMIN: keelin = Coder
ADMIN: brianoblivion = Coder
ADMIN: arthurmuggins = Coder
ADMIN: isaidno = Coder
ADMIN: mport2004 = Coder
ADMIN: burntcornmuffin = Coder
ADMIN: ishallriseagain = Coder
ADMIN: lljkmosheninkov = Coder
ADMIN: dropsy = Coder
ADMIN: procitizensa = Coder
ADMIN: drmelon = Coder
ADMIN: halerina = Coder
ADMIN: pacra = Coder
ADMIN: jackmassacre = Coder
ADMIN: jackbox = Coder
ADMIN: infinitemonkeys = Coder
ADMIN: aphtonites = Coder
ADMIN: volundr = Coder
ADMIN: wirewraith = Coder
ADMIN: tobba = Coder
ADMIN: marquesas = Coder
ADMIN: hainesa = Coder
ADMIN: tom = Coder
ADMIN: herrspyguy = Coder
ADMIN: daeren = Coder
ADMIN: conor12 = Coder
ADMIN: convair880 = Coder
[01:01:42] ACCESS: Login: Furry Chicken from 
[01:02:43] ADMIN: Furry Chicken [DEAD] has started the game.
[01:02:44] ACCESS: Login: Alfredo Agg (Furry Chicken) [TRAITOR] from 
[01:02:57] SAY: Shitty Bill (NPC) : Got any 'ritos?
[01:03:20] SAY: Shitty Bill (NPC) : Got any Synapse?
[01:03:37] SAY: Shitty Bill (NPC) : I ever tell you 'bout who really shot the clown?
[01:04:09] SAY: Shitty Bill (NPC) : Nice podd, nerd.
[01:04:11] ADMIN: Alfredo Agg (Furry Chicken) [TRAITOR] has made Alfredo Agg (Furry Chicken) [TRAITOR] a human.
[01:04:12] ACCESS: Login: Colin Johnson (Furry Chicken) [TRAITOR] from 
[01:04:53] SAY: Shitty Bill (NPC) : Hey brud, gimme yer cats.
[01:05:00] SAY: Shitty Bill (NPC) : Man, I sure miss Earth.
[01:05:09] SAY: Shitty Bill (NPC) : Man, I sure don't miss that big meaty dude.
[01:05:30] SAY: Shitty Bill (NPC) : I think my bruds stole my key.
[01:06:07] SAY: Shitty Bill (NPC) : The hell you lookin' at, 'Traser?
[01:06:13] ADMIN: Colin Johnson (Furry Chicken) [TRAITOR] healed / revived Colin Johnson (Furry Chicken) [TRAITOR]
[01:06:57] SAY: Shitty Bill (NPC) : You roll?
[01:09:05] SAY: Shitty Bill (NPC) : Man, I sure don't miss bein' uploaded.
[01:09:27] SAY: Shitty Bill (NPC) : Got any astro?
[01:09:34] SAY: Shitty Bill (NPC) : Man, I sure don't miss the Syndies.
[01:09:48] SAY: Shitty Bill (NPC) : You a narc?
[01:09:58] SAY: Shitty Bill (NPC) : What the hell are you lookin' at, kid?
[01:11:12] ADMIN: Colin Johnson (Furry Chicken) [TRAITOR] deleted Ol' Harner at (<a href='?src=%admin_ref%;action=jumptocoords;target=113,110,1' title='Jump to Coords'>113,110,1</a>)
[01:11:26] ADMIN: Colin Johnson (Furry Chicken) [TRAITOR] created a /mob/living/critter/martian
[01:11:44] ADMIN: Colin Johnson (Furry Chicken) [TRAITOR] created a /mob/living/critter/killertomato
[01:11:51] ADMIN: Colin Johnson (Furry Chicken) [TRAITOR] created a /mob/living/critter/drone
[01:11:54] ADMIN: Colin Johnson (Furry Chicken) [TRAITOR] created a /mob/living/critter/gunbot
[01:11:59] ADMIN: Colin Johnson (Furry Chicken) [TRAITOR] created a /mob/living/critter/bear
[01:12:16] SAY: Colin Johnson (Furry Chicken) [TRAITOR] : *scream
[01:12:17] SAY: Colin Johnson (Furry Chicken) [TRAITOR] : *scream
[01:12:17] SAY: Colin Johnson (Furry Chicken) [TRAITOR] : *scream
[01:12:17] SAY: Colin Johnson (Furry Chicken) [TRAITOR] : *scream
[01:12:18] SAY: Colin Johnson (Furry Chicken) [TRAITOR] : *scream
[01:12:18] SAY: Colin Johnson (Furry Chicken) [TRAITOR] : *scream
[01:12:18] SAY: Colin Johnson (Furry Chicken) [TRAITOR] : *scream
[01:12:18] SAY: Colin Johnson (Furry Chicken) [TRAITOR] : *scream
[01:12:57] ADMIN: Colin Johnson (Furry Chicken) [TRAITOR] created a /mob/living/carbon/human/cluwne
[01:12:59] SAY: cluwne (NPC) : HONK HONK! - HOOOOOONNNKKK!!!
[01:12:59] SAY: cluwne (NPC) : HONK HONK HONK!
[01:13:19] ADMIN: Colin Johnson (Furry Chicken) [TRAITOR] created a /mob/living/carbon/human/machoman
[01:13:21] SAY: Shitty Bill (NPC) : Hey buddy, gimme yer dosh.
[01:13:32] ADMIN: Colin Johnson (Furry Chicken) [TRAITOR] created a /mob/living/carbon/human/normal/female/headofsecurity
[01:13:42] ADMIN: Colin Johnson (Furry Chicken) [TRAITOR] created a /mob/living/silicon/robot/uber
[01:13:54] ADMIN: Colin Johnson (Furry Chicken) [TRAITOR] created a /mob/living/carbon/wall/meatcube
[01:13:56] SAY: Father Jack (NPC) : GIRLS!
[01:13:56] SAY: cluwne (NPC) : HONK HONK!
[01:14:30] SAY: Shitty Bill (NPC) : Man, I sure miss Sol.
[01:14:35] SAY: Father Jack (NPC) : GIRLS!
[01:14:35] SAY: cluwne (NPC) : HONK HONK!
[01:15:23] ACCESS: Login: Colin Johnson (Furry Chicken) [TRAITOR] [DEAD] from 
[01:15:33] SAY: Shitty Bill (NPC) : You a nerd?
[01:15:37] AHELP: Colin Johnson (Furry Chicken) [TRAITOR] [DEAD] PM'd Colin Johnson (Furry Chicken) [TRAITOR] [DEAD]: t
[01:15:45] SAY: cluwne (NPC) : HONK HONK!
[01:16:15] SAY: Shitty Bill (NPC) : Nice hair, dude.
[01:16:29] SAY: Shitty Bill (NPC) : Whatcha you lookin' at, weirdo?
[01:16:58] SAY: Shitty Bill (NPC) : Got a light, dweeb?
[01:17:13] SAY: cluwne (NPC) : HONK HONK!
[01:17:47] SAY: Shitty Bill (NPC) : I think my bros took off.
[01:18:03] SAY: Shitty Bill (NPC) : You jam?
[01:18:41] SAY: cluwne (NPC) : HONK HONK! - HOOOOOONNNKKK!!!
[01:18:55] SAY: Shitty Bill (NPC) : Man, I sure miss bein' a chemist.
[01:19:48] SAY: Shitty Bill (NPC) : Got a light, buddy?
[01:19:53] SAY: Shitty Bill (NPC) : I think my bros left without me.
[01:19:53] SAY: cluwne (NPC) : HONK HONK!
[01:20:07] SAY: cluwne (NPC) : HONK HONK! - HOOOOOONNNKKK!!!
[01:20:12] SAY: cluwne (NPC) : HONK HONK! - HOOOOOONNNKKK!!!
[01:20:14] SAY: Shitty Bill (NPC) : How's it hangin' Donald "Don" Glabs.
[01:20:14] SAY: cluwne (NPC) : HONK HONK!
[01:21:01] SAY: Father Jack (NPC) : That would be an ecumenical matter.
[01:21:21] SAY: cluwne (NPC) : HONK HONK!
[01:21:28] SAY: Shitty Bill (NPC) : I think my homies stole my hat.
[01:21:32] SAY: Shitty Bill (NPC) : I think my buds died in space.
[01:22:16] SAY: cluwne (NPC) : HONK HONK!
[01:22:26] SAY: cluwne (NPC) : HONK HONK!
[01:22:35] SAY: cluwne (NPC) : HONK HONK!
[01:22:54] SAY: Shitty Bill (NPC) : You a nerd?
[01:23:01] SAY: Shitty Bill (NPC) : Nice hair, buddy.
[01:23:05] SAY: Shitty Bill (NPC) : Man, I sure don't miss Space 'nam.
[01:23:26] SAY: cluwne (NPC) : HONK HONK!
[01:23:29] SAY: Shitty Bill (NPC) : You jet?


Starting up. 01:32.47
---------------------

[01:32:56] ADMIN: Loading jobban_rank
[01:32:56] ADMIN: Jobban_keylist was empty
[01:32:56] ADMIN: Updating jobbanfile!
[01:32:56] ADMIN: Loading oocban_rank
[01:32:56] ADMIN: oocban_keylist was empty
[01:32:56] ADMIN: Updating jobbanfile!
ADMIN: slurm = Host
ADMIN: gibbed = Host
ADMIN: stuntwaffle = Host
ADMIN: pantaloons = Host
ADMIN: darsant = Host
ADMIN: nannek = Host
ADMIN: furrychicken = Host
ADMIN: cherkir = Host
ADMIN: exadv1 = Coder
ADMIN: 0staf = Coder
ADMIN: justicefries = Coder
ADMIN: eroticdad = Coder
ADMIN: angriestibm = Coder
ADMIN: hobnob = Coder
ADMIN: enallyniv = Coder
ADMIN: lallander = Coder
ADMIN: keelin = Coder
ADMIN: brianoblivion = Coder
ADMIN: arthurmuggins = Coder
ADMIN: isaidno = Coder
ADMIN: mport2004 = Coder
ADMIN: burntcornmuffin = Coder
ADMIN: ishallriseagain = Coder
ADMIN: lljkmosheninkov = Coder
ADMIN: dropsy = Coder
ADMIN: procitizensa = Coder
ADMIN: drmelon = Coder
ADMIN: halerina = Coder
ADMIN: pacra = Coder
ADMIN: jackmassacre = Coder
ADMIN: jackbox = Coder
ADMIN: infinitemonkeys = Coder
ADMIN: aphtonites = Coder
ADMIN: volundr = Coder
ADMIN: wirewraith = Coder
ADMIN: tobba = Coder
ADMIN: marquesas = Coder
ADMIN: hainesa = Coder
ADMIN: tom = Coder
ADMIN: herrspyguy = Coder
ADMIN: daeren = Coder
ADMIN: conor12 = Coder
ADMIN: convair880 = Coder
[01:33:29] ACCESS: Login: Furry Chicken from 
[01:37:58] ADMIN: Furry Chicken [DEAD] has started the game.
[01:37:59] ACCESS: Login: Harrison Mcmullen (Furry Chicken) [TRAITOR] from 
[01:38:55] SAY: Shitty Bill (NPC) : 'Ey, it's Donald "Don" Glabs.
[01:39:39] SAY: Shitty Bill (NPC) : You jet?
[01:40:18] SAY: Shitty Bill (NPC) : Nice wheels, spaceman.
[01:41:05] SAY: Father Jack (NPC) : FECK!
[01:41:42] SAY: Harrison Mcmullen (Furry Chicken) [TRAITOR] : *scream
[01:42:20] ADMIN: Harrison Mcmullen (Furry Chicken) [TRAITOR] healed / revived Harrison Mcmullen (Furry Chicken) [TRAITOR]
[01:42:56] SAY: Harrison Mcmullen (Furry Chicken) [TRAITOR] : *scream
[01:42:57] SAY: Harrison Mcmullen (Furry Chicken) [TRAITOR] : *scream
[01:43:00] SAY: Harrison Mcmullen (Furry Chicken) [TRAITOR] : *scream
[01:43:00] SAY: Harrison Mcmullen (Furry Chicken) [TRAITOR] : *scream
[01:43:00] SAY: Harrison Mcmullen (Furry Chicken) [TRAITOR] : *scream
[01:43:00] SAY: Harrison Mcmullen (Furry Chicken) [TRAITOR] : *scream
[01:43:00] SAY: Harrison Mcmullen (Furry Chicken) [TRAITOR] : *scream
[01:43:00] SAY: Harrison Mcmullen (Furry Chicken) [TRAITOR] : *scream
[01:43:02] SAY: Harrison Mcmullen (Furry Chicken) [TRAITOR] : *scream
[01:43:02] SAY: Harrison Mcmullen (Furry Chicken) [TRAITOR] : *scream
[01:43:03] SAY: Shitty Bill (NPC) : You a changer?
[01:43:07] SAY: Shitty Bill (NPC) : I think my bros forgot about me.
[01:43:09] SAY: Shitty Bill (NPC) : Got any burgle?
[01:43:26] SAY: Shitty Bill (NPC) : You a dracula?
[01:43:50] SAY: Shitty Bill (NPC) : You dance?
[01:44:08] SAY: Father Jack (NPC) : DRINK!
[01:44:32] SAY: Father Jack (NPC) : DRINK!
[01:45:09] ADMIN: Harrison Mcmullen (Furry Chicken) [TRAITOR] healed / revived Harrison Mcmullen (Furry Chicken) [TRAITOR]
[01:45:38] SAY: Shitty Bill (NPC) : You a changer?
[01:46:04] SAY: Shitty Bill (NPC) : Got any 'ritos?
[01:47:32] SAY: Father Jack (NPC) : ARSE!
[01:48:50] SAY: Harrison Mcmullen (Furry Chicken) [TRAITOR] : *scream
[01:49:33] SAY: Shitty Bill (NPC) : Got any 420?
[01:49:56] ADMIN: Harrison Mcmullen (Furry Chicken) [TRAITOR] modified [0x2100a296] (Alien Drone)'s plasma to 50
[01:51:09] SAY: Harrison Mcmullen (Furry Chicken) [TRAITOR] : *scream
[01:51:10] SAY: Harrison Mcmullen (Furry Chicken) [TRAITOR] : *scream
[01:51:10] SAY: Harrison Mcmullen (Furry Chicken) [TRAITOR] : *scream
[01:51:10] SAY: Harrison Mcmullen (Furry Chicken) [TRAITOR] : *scream
[01:51:11] SAY: Harrison Mcmullen (Furry Chicken) [TRAITOR] : *scream
[01:51:11] SAY: Harrison Mcmullen (Furry Chicken) [TRAITOR] : *scream
[01:51:11] SAY: Harrison Mcmullen (Furry Chicken) [TRAITOR] : *scream
[01:51:11] SAY: Harrison Mcmullen (Furry Chicken) [TRAITOR] : *scream
[01:51:13] SAY: Harrison Mcmullen (Furry Chicken) [TRAITOR] : *scream
[01:51:22] ADMIN: Harrison Mcmullen (Furry Chicken) [TRAITOR] toggled Farting off.
[01:51:23] SAY: Harrison Mcmullen (Furry Chicken) [TRAITOR] : *fart
[01:51:24] ADMIN: Harrison Mcmullen (Furry Chicken) [TRAITOR] toggled Farting on.
[01:51:25] SAY: Harrison Mcmullen (Furry Chicken) [TRAITOR] : *fart
[01:51:26] SAY: Harrison Mcmullen (Furry Chicken) [TRAITOR] : *fart
[01:51:36] SAY: Harrison Mcmullen (Furry Chicken) [TRAITOR] : *scream
[01:51:36] SAY: Harrison Mcmullen (Furry Chicken) [TRAITOR] : *scream
[01:51:37] SAY: Harrison Mcmullen (Furry Chicken) [TRAITOR] : *scream
[01:51:50] SAY: Shitty Bill (NPC) : Man, I sure don't miss Luna.
[01:52:55] SAY: Father Jack (NPC) : GIRLS!
[01:53:02] SAY: Father Jack (NPC) : DRINK!
[01:53:14] SAY: Harrison Mcmullen (Furry Chicken) [TRAITOR] : *scream
[01:53:49] SAY: Harrison Mcmullen (Furry Chicken) [TRAITOR] : *scream
[01:54:43] SAY: Shitty Bill (NPC) : The hell you lookin' at, friend?
[01:54:46] SAY: Harrison Mcmullen (Furry Chicken) [TRAITOR] : *scream
[01:54:50] SAY: Harrison Mcmullen (Furry Chicken) [TRAITOR] : *scream
[01:54:50] SAY: Harrison Mcmullen (Furry Chicken) [TRAITOR] : *scream
[01:54:50] SAY: Harrison Mcmullen (Furry Chicken) [TRAITOR] : *scream
[01:54:50] SAY: Harrison Mcmullen (Furry Chicken) [TRAITOR] : *scream
[01:54:50] SAY: Harrison Mcmullen (Furry Chicken) [TRAITOR] : *scream
[01:54:50] SAY: Harrison Mcmullen (Furry Chicken) [TRAITOR] : *scream
[01:54:51] SAY: Harrison Mcmullen (Furry Chicken) [TRAITOR] : *scream
[01:54:51] SAY: Harrison Mcmullen (Furry Chicken) [TRAITOR] : *scream
[01:54:51] SAY: Harrison Mcmullen (Furry Chicken) [TRAITOR] : *scream
[01:54:51] SAY: Harrison Mcmullen (Furry Chicken) [TRAITOR] : *scream
[01:54:51] SAY: Harrison Mcmullen (Furry Chicken) [TRAITOR] : *scream
[01:54:51] SAY: Harrison Mcmullen (Furry Chicken) [TRAITOR] : *scream
[01:54:52] SAY: Harrison Mcmullen (Furry Chicken) [TRAITOR] : *scream
[01:54:52] SAY: Harrison Mcmullen (Furry Chicken) [TRAITOR] : *scream
[01:55:00] ADMIN: Harrison Mcmullen (Furry Chicken) [TRAITOR] has made Harrison Mcmullen (Furry Chicken) [TRAITOR] a human.
[01:55:00] ACCESS: Login: Ashton Punchbeef (Furry Chicken) [TRAITOR] from 
[01:55:01] SAY: Ashton Punchbeef (Furry Chicken) [TRAITOR] : *scream
[01:55:01] SAY: Ashton Punchbeef (Furry Chicken) [TRAITOR] : *scream
[01:55:02] SAY: Ashton Punchbeef (Furry Chicken) [TRAITOR] : *scream
[01:55:02] SAY: Ashton Punchbeef (Furry Chicken) [TRAITOR] : *scream
[01:55:02] SAY: Ashton Punchbeef (Furry Chicken) [TRAITOR] : *scream
[01:55:02] SAY: Ashton Punchbeef (Furry Chicken) [TRAITOR] : *scream
[01:55:02] SAY: Ashton Punchbeef (Furry Chicken) [TRAITOR] : *scream
[01:55:05] SAY: Ashton Punchbeef (Furry Chicken) [TRAITOR] : *scream
[01:55:05] SAY: Ashton Punchbeef (Furry Chicken) [TRAITOR] : *scream
[01:55:06] SAY: Ashton Punchbeef (Furry Chicken) [TRAITOR] : *scream
[01:55:06] SAY: Ashton Punchbeef (Furry Chicken) [TRAITOR] : *scream
[01:55:06] SAY: Ashton Punchbeef (Furry Chicken) [TRAITOR] : *scream
[01:55:06] SAY: Ashton Punchbeef (Furry Chicken) [TRAITOR] : *scream
[01:55:06] SAY: Ashton Punchbeef (Furry Chicken) [TRAITOR] : *scream
[01:55:06] SAY: Ashton Punchbeef (Furry Chicken) [TRAITOR] : *scream
[01:55:06] SAY: Ashton Punchbeef (Furry Chicken) [TRAITOR] : *scream
[01:55:07] SAY: Ashton Punchbeef (Furry Chicken) [TRAITOR] : *scream
[01:55:07] SAY: Ashton Punchbeef (Furry Chicken) [TRAITOR] : *scream
[01:55:07] SAY: Ashton Punchbeef (Furry Chicken) [TRAITOR] : *scream
[01:55:07] SAY: Ashton Punchbeef (Furry Chicken) [TRAITOR] : *scream
[01:55:07] SAY: Ashton Punchbeef (Furry Chicken) [TRAITOR] : *scream
[01:55:07] SAY: Ashton Punchbeef (Furry Chicken) [TRAITOR] : *scream
[01:55:08] SAY: Ashton Punchbeef (Furry Chicken) [TRAITOR] : *scream
[01:55:08] SAY: Shitty Bill (NPC) : Got a light, friend?


Starting up. 12:37.07
---------------------

[12:37:16] ADMIN: Loading jobban_rank
[12:37:16] ADMIN: Jobban_keylist was empty
[12:37:16] ADMIN: Updating jobbanfile!
[12:37:16] ADMIN: Loading oocban_rank
[12:37:16] ADMIN: oocban_keylist was empty
[12:37:16] ADMIN: Updating jobbanfile!
ADMIN: slurm = Host
ADMIN: gibbed = Host
ADMIN: stuntwaffle = Host
ADMIN: pantaloons = Host
ADMIN: darsant = Host
ADMIN: nannek = Host
ADMIN: furrychicken = Host
ADMIN: cherkir = Host
ADMIN: exadv1 = Coder
ADMIN: 0staf = Coder
ADMIN: justicefries = Coder
ADMIN: eroticdad = Coder
ADMIN: angriestibm = Coder
ADMIN: hobnob = Coder
ADMIN: enallyniv = Coder
ADMIN: lallander = Coder
ADMIN: keelin = Coder
ADMIN: brianoblivion = Coder
ADMIN: arthurmuggins = Coder
ADMIN: isaidno = Coder
ADMIN: mport2004 = Coder
ADMIN: burntcornmuffin = Coder
ADMIN: ishallriseagain = Coder
ADMIN: lljkmosheninkov = Coder
ADMIN: dropsy = Coder
ADMIN: procitizensa = Coder
ADMIN: drmelon = Coder
ADMIN: halerina = Coder
ADMIN: pacra = Coder
ADMIN: jackmassacre = Coder
ADMIN: jackbox = Coder
ADMIN: infinitemonkeys = Coder
ADMIN: aphtonites = Coder
ADMIN: volundr = Coder
ADMIN: wirewraith = Coder
ADMIN: tobba = Coder
ADMIN: marquesas = Coder
ADMIN: hainesa = Coder
ADMIN: tom = Coder
ADMIN: herrspyguy = Coder
ADMIN: daeren = Coder
ADMIN: conor12 = Coder
ADMIN: convair880 = Coder
[12:37:46] ACCESS: Login: Furry Chicken from 


Starting up. 14:22.29
---------------------

[14:22:39] ADMIN: Loading jobban_rank
[14:22:39] ADMIN: Jobban_keylist was empty
[14:22:39] ADMIN: Updating jobbanfile!
[14:22:39] ADMIN: Loading oocban_rank
[14:22:39] ADMIN: oocban_keylist was empty
[14:22:39] ADMIN: Updating jobbanfile!
ADMIN: slurm = Host
ADMIN: gibbed = Host
ADMIN: stuntwaffle = Host
ADMIN: pantaloons = Host
ADMIN: darsant = Host
ADMIN: nannek = Host
ADMIN: furrychicken = Host
ADMIN: cherkir = Host
ADMIN: exadv1 = Coder
ADMIN: 0staf = Coder
ADMIN: justicefries = Coder
ADMIN: eroticdad = Coder
ADMIN: angriestibm = Coder
ADMIN: hobnob = Coder
ADMIN: enallyniv = Coder
ADMIN: lallander = Coder
ADMIN: keelin = Coder
ADMIN: brianoblivion = Coder
ADMIN: arthurmuggins = Coder
ADMIN: isaidno = Coder
ADMIN: mport2004 = Coder
ADMIN: burntcornmuffin = Coder
ADMIN: ishallriseagain = Coder
ADMIN: lljkmosheninkov = Coder
ADMIN: dropsy = Coder
ADMIN: procitizensa = Coder
ADMIN: drmelon = Coder
ADMIN: halerina = Coder
ADMIN: pacra = Coder
ADMIN: jackmassacre = Coder
ADMIN: jackbox = Coder
ADMIN: infinitemonkeys = Coder
ADMIN: aphtonites = Coder
ADMIN: volundr = Coder
ADMIN: wirewraith = Coder
ADMIN: tobba = Coder
ADMIN: marquesas = Coder
ADMIN: hainesa = Coder
ADMIN: tom = Coder
ADMIN: herrspyguy = Coder
ADMIN: daeren = Coder
ADMIN: conor12 = Coder
ADMIN: convair880 = Coder
[14:23:15] ACCESS: Login: Furry Chicken from 
[14:27:06] ADMIN: Furry Chicken [DEAD] has started the game.
[14:27:06] ACCESS: Login: Brodie Evans (Furry Chicken) [TRAITOR] from 
[14:27:46] SAY: Shitty Bill (NPC) : Man, I sure miss the Enterprise.
[14:28:17] SAY: Shitty Bill (NPC) : Man, I sure don't miss bein' the Head Surgeon.
[14:28:22] ADMIN: Brodie Evans (Furry Chicken) [TRAITOR] healed / revived Brodie Evans (Furry Chicken) [TRAITOR]
[14:28:36] SAY: Shitty Bill (NPC) : You a cop?
[14:28:39] ADMIN: Brodie Evans (Furry Chicken) [TRAITOR] healed / revived Brodie Evans (Furry Chicken) [TRAITOR]
[14:28:48] SAY: Shitty Bill (NPC) : I think my bruds stole my hat.
[14:29:39] SAY: Shitty Bill (NPC) : Man, I sure don't miss bein' a borg.
[14:31:29] SAY: Shitty Bill (NPC) : You drink?
[14:32:39] SAY: Shitty Bill (NPC) : Man, I sure don't miss bein' a borg.
[14:32:58] SAY: Shitty Bill (NPC) : You smoke?
[14:33:42] SAY: Father Jack (NPC) : FECK!
[14:33:44] SAY: Shitty Bill (NPC) : You a dracula?
[14:34:38] SAY: Shitty Bill (NPC) : Oh hell, it's Father Jack.
[14:36:27] SAY: Father Jack (NPC) : DRINK!
[14:37:11] SAY: Shitty Bill (NPC) : The hell you lookin' at, bro?
[14:38:33] SAY: Shitty Bill (NPC) : The hell're you lookin' at, dweeb?
[14:39:06] SAY: Father Jack (NPC) : That would be an ecumenical matter.
[14:39:28] SAY: Shitty Bill (NPC) : You jam?
[14:39:49] SAY: Shitty Bill (NPC) : Oh hell, it's Father Jack.
[14:39:52] SAY: Shitty Bill (NPC) : You a Synder?
[14:40:05] SAY: Shitty Bill (NPC) : I think my crew took off.
[14:40:24] SAY: Shitty Bill (NPC) : Got a light, chief?
[14:40:57] SAY: Shitty Bill (NPC) : Got any serum?
[14:42:17] SAY: Shitty Bill (NPC) : What up Father Jack.
[14:42:45] SAY: Shitty Bill (NPC) : Nice karma, buddy.
[14:43:14] SAY: Shitty Bill (NPC) : Got a light, chump?
[14:43:37] SAY: Shitty Bill (NPC) : You a miner?
[14:44:38] SAY: Shitty Bill (NPC) : You a changer?
[14:44:55] SAY: Shitty Bill (NPC) : What're you lookin' at, idiot?
[14:45:17] SAY: Shitty Bill (NPC) : I think my homebros left me here.


Starting up. 14:57.58
---------------------

[14:58:07] ADMIN: Loading jobban_rank
[14:58:07] ADMIN: Jobban_keylist was empty
[14:58:07] ADMIN: Updating jobbanfile!
[14:58:07] ADMIN: Loading oocban_rank
[14:58:07] ADMIN: oocban_keylist was empty
[14:58:07] ADMIN: Updating jobbanfile!
ADMIN: slurm = Host
ADMIN: gibbed = Host
ADMIN: stuntwaffle = Host
ADMIN: pantaloons = Host
ADMIN: darsant = Host
ADMIN: nannek = Host
ADMIN: furrychicken = Host
ADMIN: cherkir = Host
ADMIN: exadv1 = Coder
ADMIN: 0staf = Coder
ADMIN: justicefries = Coder
ADMIN: eroticdad = Coder
ADMIN: angriestibm = Coder
ADMIN: hobnob = Coder
ADMIN: enallyniv = Coder
ADMIN: lallander = Coder
ADMIN: keelin = Coder
ADMIN: brianoblivion = Coder
ADMIN: arthurmuggins = Coder
ADMIN: isaidno = Coder
ADMIN: mport2004 = Coder
ADMIN: burntcornmuffin = Coder
ADMIN: ishallriseagain = Coder
ADMIN: lljkmosheninkov = Coder
ADMIN: dropsy = Coder
ADMIN: procitizensa = Coder
ADMIN: drmelon = Coder
ADMIN: halerina = Coder
ADMIN: pacra = Coder
ADMIN: jackmassacre = Coder
ADMIN: jackbox = Coder
ADMIN: infinitemonkeys = Coder
ADMIN: aphtonites = Coder
ADMIN: volundr = Coder
ADMIN: wirewraith = Coder
ADMIN: tobba = Coder
ADMIN: marquesas = Coder
ADMIN: hainesa = Coder
ADMIN: tom = Coder
ADMIN: herrspyguy = Coder
ADMIN: daeren = Coder
ADMIN: conor12 = Coder
ADMIN: convair880 = Coder
[14:58:38] ACCESS: Login: Furry Chicken from 
[14:59:32] ADMIN: Furry Chicken [DEAD] has started the game.
[14:59:33] ACCESS: Login: Charlton Duncan (Furry Chicken) [TRAITOR] from 
[14:59:44] SAY: Charlton Duncan (Furry Chicken) [TRAITOR] : *scream
[14:59:49] SAY: Charlton Duncan (Furry Chicken) [TRAITOR] : *scream
[14:59:49] SAY: Charlton Duncan (Furry Chicken) [TRAITOR] : *scream
[14:59:49] SAY: Charlton Duncan (Furry Chicken) [TRAITOR] : *scream
[14:59:49] SAY: Charlton Duncan (Furry Chicken) [TRAITOR] : *scream
[14:59:49] SAY: Charlton Duncan (Furry Chicken) [TRAITOR] : *scream
[14:59:50] SAY: Charlton Duncan (Furry Chicken) [TRAITOR] : *scream
[14:59:50] SAY: Charlton Duncan (Furry Chicken) [TRAITOR] : *scream
[14:59:50] SAY: Charlton Duncan (Furry Chicken) [TRAITOR] : *scream
[14:59:50] SAY: Charlton Duncan (Furry Chicken) [TRAITOR] : *scream
[14:59:59] SAY: Shitty Bill (NPC) : Got any beff?
[15:00:12] SAY: Shitty Bill (NPC) : Dang, it's Donald "Don" Glabs.
[15:00:42] SAY: Shitty Bill (NPC) : Hello Donald "Don" Glabs.
[15:00:47] SAY: Shitty Bill (NPC) : Nice hogg, clown.
[15:01:50] ADMIN: Charlton Duncan (Furry Chicken) [TRAITOR] modified [0x21014e7b] (/datum/abilityHolder/xenomorph)'s locked to 0
[15:02:02] SAY: Father Jack (NPC) : That would be an ecumenical matter.
[15:02:21] SAY: Shitty Bill (NPC) : You a narc?
[15:02:31] ADMIN: Charlton Duncan (Furry Chicken) [TRAITOR] healed / revived Charlton Duncan (Furry Chicken) [TRAITOR]
[15:03:59] SAY: Father Jack (NPC) : GIRLS!
[15:04:18] SAY: Shitty Bill (NPC) : I ever tell you 'bout how I ended up here?
[15:05:15] SAY: Shitty Bill (NPC) : You jet?
[15:05:34] SAY: Shitty Bill (NPC) : Sup Donald "Don" Glabs.
[15:05:43] SAY: Shitty Bill (NPC) : You grustle?
[15:06:48] SAY: Shitty Bill (NPC) : The hell're you lookin' at, clown?
[15:06:48] SAY: Father Jack (NPC) : FECK!
[15:08:03] SAY: Shitty Bill (NPC) : I think my homebros set me up.
[15:08:33] SAY: Shitty Bill (NPC) : The hell you lookin' at, buddy?
[15:09:25] SAY: Shitty Bill (NPC) : You wrassle?
[15:11:20] SAY: Shitty Bill (NPC) : Got any lepo?
[15:11:41] SAY: Shitty Bill (NPC) : I ever tell you 'bout the time I huffed a whole canister fulla laughing gas?
[15:12:31] SAY: Shitty Bill (NPC) : Yo, gimme yer card.
[15:13:49] SAY: Shitty Bill (NPC) : I ever tell you 'bout the time I found that creepy cave?
[15:14:35] SAY: Shitty Bill (NPC) : The hell're you lookin' at, buddy?
[15:14:57] SAY: Shitty Bill (NPC) : Yo, gimme yer high fives.
[15:15:00] SAY: Charlton Duncan (Furry Chicken) [TRAITOR] : *scream
[15:15:20] SAY: Charlton Duncan (Furry Chicken) [TRAITOR] : *scream
[15:15:20] SAY: Charlton Duncan (Furry Chicken) [TRAITOR] : *scream
[15:15:20] SAY: Charlton Duncan (Furry Chicken) [TRAITOR] : *scream
[15:15:20] SAY: Charlton Duncan (Furry Chicken) [TRAITOR] : *scream
[15:15:20] SAY: Charlton Duncan (Furry Chicken) [TRAITOR] : *scream
[15:15:21] SAY: Charlton Duncan (Furry Chicken) [TRAITOR] : *scream
[15:15:21] SAY: Charlton Duncan (Furry Chicken) [TRAITOR] : *scream
[15:15:40] SAY: Charlton Duncan (Furry Chicken) [TRAITOR] : *scream
[15:16:14] SAY: Shitty Bill (NPC) : Oh Christ, it's Donald "Don" Glabs.
[15:16:25] SAY: Charlton Duncan (Furry Chicken) [TRAITOR] : *scream
[15:16:25] SAY: Charlton Duncan (Furry Chicken) [TRAITOR] : *scream
[15:16:28] SAY: Charlton Duncan (Furry Chicken) [TRAITOR] : *scream
[15:16:31] SAY: Charlton Duncan (Furry Chicken) [TRAITOR] : *scream
[15:16:37] SAY: Charlton Duncan (Furry Chicken) [TRAITOR] : *scream
[15:16:37] SAY: Charlton Duncan (Furry Chicken) [TRAITOR] : *scream
[15:16:37] SAY: Charlton Duncan (Furry Chicken) [TRAITOR] : *scream
[15:16:37] SAY: Charlton Duncan (Furry Chicken) [TRAITOR] : *scream
[15:16:37] SAY: Charlton Duncan (Furry Chicken) [TRAITOR] : *scream
[15:16:38] SAY: Charlton Duncan (Furry Chicken) [TRAITOR] : *scream
[15:16:38] SAY: Shitty Bill (NPC) : Got a light, kid?
[15:16:45] SAY: Shitty Bill (NPC) : You a wizman?
[15:17:37] SAY: Shitty Bill (NPC) : Hey chump, gimme yer cash.
[15:17:39] SAY: Shitty Bill (NPC) : Nice ship, idiot.
[15:17:44] SAY: Shitty Bill (NPC) : You a changer?
[15:17:44] SAY: Father Jack (NPC) : DRINK!
[15:18:18] SAY: Shitty Bill (NPC) : Got a light, kid?
[15:19:57] SAY: Shitty Bill (NPC) : Got a light, bud?
[15:20:06] SAY: Shitty Bill (NPC) : Got any soup?
[15:20:09] SAY: Shitty Bill (NPC) : Hey chump, gimme yer smokes.
[15:20:37] SAY: Shitty Bill (NPC) : What're you lookin' at, owl man?
[15:20:45] SAY: Shitty Bill (NPC) : The hell you lookin' at, pal?
[15:21:33] ADMIN: Charlton Duncan (Furry Chicken) [TRAITOR] healed / revived Charlton Duncan (Furry Chicken) [TRAITOR]
[15:22:12] SAY: Shitty Bill (NPC) : I ever tell you 'bout that time I met some spooky ghosts?
[15:23:51] SAY: Shitty Bill (NPC) : Yo Donald "Don" Glabs.
[15:23:59] SAY: Shitty Bill (NPC) : I think my homebros took off.
[15:24:14] SAY: Shitty Bill (NPC) : I ever tell you 'bout that room full of statues?
[15:24:18] SAY: Shitty Bill (NPC) : You drink?
[15:25:07] SAY: Shitty Bill (NPC) : Nice ship, chump.
[15:25:55] SAY: Shitty Bill (NPC) : Man, I sure don't miss bein' a borg.
[15:26:47] SAY: Shitty Bill (NPC) : I think my homies stole my hat.
[15:27:43] SAY: Shitty Bill (NPC) : You a cop?
[15:27:53] SAY: Father Jack (NPC) : That would be an ecumenical matter.
[15:28:35] SAY: Father Jack (NPC) : ARSE!
[15:29:44] SAY: Shitty Bill (NPC) : You a wizman?
[15:29:44] SAY: Father Jack (NPC) : That would be an ecumenical matter.
[15:30:16] SAY: Shitty Bill (NPC) : You a beardo?
[15:30:42] SAY: Father Jack (NPC) : GIRLS!
[15:33:17] SAY: Shitty Bill (NPC) : Got any smokes?
[15:34:15] ADMIN: Charlton Duncan (Furry Chicken) [TRAITOR] modified [0x21014e7b] (/datum/abilityHolder/xenomorph)'s locked to 0
[15:35:28] SAY: Charlton Duncan (Furry Chicken) [TRAITOR] : *scream
[15:35:28] SAY: Charlton Duncan (Furry Chicken) [TRAITOR] : *scream
[15:35:28] SAY: Charlton Duncan (Furry Chicken) [TRAITOR] : *scream
[15:35:28] SAY: Charlton Duncan (Furry Chicken) [TRAITOR] : *scream
[15:35:28] SAY: Charlton Duncan (Furry Chicken) [TRAITOR] : *scream
[15:35:28] SAY: Charlton Duncan (Furry Chicken) [TRAITOR] : *scream
[15:35:37] ADMIN: Charlton Duncan (Furry Chicken) [TRAITOR] toggled next_click off.
[15:35:38] ADMIN: Charlton Duncan (Furry Chicken) [TRAITOR] toggled next_click on.
[15:35:38] ADMIN: Charlton Duncan (Furry Chicken) [TRAITOR] toggled next_click off.
[15:35:43] ADMIN: Charlton Duncan (Furry Chicken) [TRAITOR] toggled next_click on.
[15:35:44] SAY: Charlton Duncan (Furry Chicken) [TRAITOR] : *scream
[15:35:46] SAY: Charlton Duncan (Furry Chicken) [TRAITOR] : *scream
[15:35:47] SAY: Charlton Duncan (Furry Chicken) [TRAITOR] : *scream
[15:35:48] SAY: Charlton Duncan (Furry Chicken) [TRAITOR] : *fart
[15:35:54] SAY: Shitty Bill (NPC) : Dang, it's Donald "Don" Glabs.
[15:36:06] SAY: Shitty Bill (NPC) : Got a light, friend?
[15:36:08] SAY: Shitty Bill (NPC) : I think my associates left me here.
[15:36:29] SAY: Shitty Bill (NPC) : I ever tell you 'bout the secret Jones told me?
[15:36:50] SAY: Shitty Bill (NPC) : Yo, gimme yer cash.
[15:37:30] SAY: Shitty Bill (NPC) : Nice treads, flyboy.
[15:38:22] SAY: Shitty Bill (NPC) : You smoke?
[15:38:29] SAY: Father Jack (NPC) : That would be an ecumenical matter.
[15:38:35] SAY: Charlton Duncan (Furry Chicken) [TRAITOR] : *scream
[15:38:35] SAY: Charlton Duncan (Furry Chicken) [TRAITOR] : *scream
[15:38:35] SAY: Charlton Duncan (Furry Chicken) [TRAITOR] : *scream
[15:38:35] SAY: Charlton Duncan (Furry Chicken) [TRAITOR] : *scream
[15:38:36] SAY: Charlton Duncan (Furry Chicken) [TRAITOR] : *scream
[15:38:36] SAY: Charlton Duncan (Furry Chicken) [TRAITOR] : *scream
[15:38:36] SAY: Charlton Duncan (Furry Chicken) [TRAITOR] : *scream


Starting up. 16:18.49
---------------------

[16:18:59] ADMIN: Loading jobban_rank
[16:18:59] ADMIN: Jobban_keylist was empty
[16:18:59] ADMIN: Updating jobbanfile!
[16:18:59] ADMIN: Loading oocban_rank
[16:18:59] ADMIN: oocban_keylist was empty
[16:18:59] ADMIN: Updating jobbanfile!
ADMIN: slurm = Host
ADMIN: gibbed = Host
ADMIN: stuntwaffle = Host
ADMIN: pantaloons = Host
ADMIN: darsant = Host
ADMIN: nannek = Host
ADMIN: furrychicken = Host
ADMIN: cherkir = Host
ADMIN: exadv1 = Coder
ADMIN: 0staf = Coder
ADMIN: justicefries = Coder
ADMIN: eroticdad = Coder
ADMIN: angriestibm = Coder
ADMIN: hobnob = Coder
ADMIN: enallyniv = Coder
ADMIN: lallander = Coder
ADMIN: keelin = Coder
ADMIN: brianoblivion = Coder
ADMIN: arthurmuggins = Coder
ADMIN: isaidno = Coder
ADMIN: mport2004 = Coder
ADMIN: burntcornmuffin = Coder
ADMIN: ishallriseagain = Coder
ADMIN: lljkmosheninkov = Coder
ADMIN: dropsy = Coder
ADMIN: procitizensa = Coder
ADMIN: drmelon = Coder
ADMIN: halerina = Coder
ADMIN: pacra = Coder
ADMIN: jackmassacre = Coder
ADMIN: jackbox = Coder
ADMIN: infinitemonkeys = Coder
ADMIN: aphtonites = Coder
ADMIN: volundr = Coder
ADMIN: wirewraith = Coder
ADMIN: tobba = Coder
ADMIN: marquesas = Coder
ADMIN: hainesa = Coder
ADMIN: tom = Coder
ADMIN: herrspyguy = Coder
ADMIN: daeren = Coder
ADMIN: conor12 = Coder
ADMIN: convair880 = Coder
[16:19:31] ACCESS: Login: Furry Chicken from 
[16:20:02] ADMIN: Furry Chicken [DEAD] has started the game.
[16:20:03] ACCESS: Login: Bryce Roberts (Furry Chicken) [TRAITOR] from 
[16:22:19] SAY: Shitty Bill (NPC) : I ever tell you 'bout the day I got fired?
[16:22:30] SAY: Shitty Bill (NPC) : I think my bros got caught.
[16:22:37] SAY: Shitty Bill (NPC) : I ever tell you 'bout why you're really here?
[16:23:57] SAY: Shitty Bill (NPC) : Hey friendo, gimme yer dosh.
[16:25:29] SAY: Shitty Bill (NPC) : Man, I sure miss Mars.
[16:25:38] SAY: Shitty Bill (NPC) : I ever tell you 'bout what's really going on out here?
[16:26:25] SAY: Father Jack (NPC) : FECK!
[16:28:26] SAY: Shitty Bill (NPC) : Oh Christ, it's Donald "Don" Glabs.
[16:29:15] SAY: Shitty Bill (NPC) : Nice hog, beardo.
[16:29:55] SAY: Shitty Bill (NPC) : What the hell are you lookin' at, clown?
[16:30:39] SAY: Bryce Roberts (Furry Chicken) [TRAITOR] : *scream
[16:30:43] SAY: Bryce Roberts (Furry Chicken) [TRAITOR] : *scream
[16:30:43] SAY: Bryce Roberts (Furry Chicken) [TRAITOR] : *scream
[16:30:43] SAY: Shitty Bill (NPC) : Hey Donald "Don" Glabs.
[16:30:43] SAY: Bryce Roberts (Furry Chicken) [TRAITOR] : *scream
[16:31:46] SAY: Shitty Bill (NPC) : Got any soup?
[16:32:09] SAY: Shitty Bill (NPC) : Whatcha you lookin' at, bud?
[16:33:16] SAY: Father Jack (NPC) : DRINK!
[16:33:18] SAY: Bryce Roberts (Furry Chicken) [TRAITOR] : *scream
[16:33:42] SAY: Shitty Bill (NPC) : Nice podd, dork.
[16:33:51] SAY: Father Jack (NPC) : That would be an ecumenical matter.
[16:34:35] SAY: Bryce Roberts (Furry Chicken) [TRAITOR] : *scream
[16:34:38] SAY: Bryce Roberts (Furry Chicken) [TRAITOR] : *scream
[16:34:41] SAY: Bryce Roberts (Furry Chicken) [TRAITOR] : *scream
[16:34:43] SAY: Bryce Roberts (Furry Chicken) [TRAITOR] : *scream


Starting up. 18:55.01
---------------------

[18:55:11] ADMIN: Loading jobban_rank
[18:55:11] ADMIN: Jobban_keylist was empty
[18:55:11] ADMIN: Updating jobbanfile!
[18:55:11] ADMIN: Loading oocban_rank
[18:55:11] ADMIN: oocban_keylist was empty
[18:55:11] ADMIN: Updating jobbanfile!
ADMIN: slurm = Host
ADMIN: gibbed = Host
ADMIN: stuntwaffle = Host
ADMIN: pantaloons = Host
ADMIN: darsant = Host
ADMIN: nannek = Host
ADMIN: furrychicken = Host
ADMIN: cherkir = Host
ADMIN: exadv1 = Coder
ADMIN: 0staf = Coder
ADMIN: justicefries = Coder
ADMIN: eroticdad = Coder
ADMIN: angriestibm = Coder
ADMIN: hobnob = Coder
ADMIN: enallyniv = Coder
ADMIN: lallander = Coder
ADMIN: keelin = Coder
ADMIN: brianoblivion = Coder
ADMIN: arthurmuggins = Coder
ADMIN: isaidno = Coder
ADMIN: mport2004 = Coder
ADMIN: burntcornmuffin = Coder
ADMIN: ishallriseagain = Coder
ADMIN: lljkmosheninkov = Coder
ADMIN: dropsy = Coder
ADMIN: procitizensa = Coder
ADMIN: drmelon = Coder
ADMIN: halerina = Coder
ADMIN: pacra = Coder
ADMIN: jackmassacre = Coder
ADMIN: jackbox = Coder
ADMIN: infinitemonkeys = Coder
ADMIN: aphtonites = Coder
ADMIN: volundr = Coder
ADMIN: wirewraith = Coder
ADMIN: tobba = Coder
ADMIN: marquesas = Coder
ADMIN: hainesa = Coder
ADMIN: tom = Coder
ADMIN: herrspyguy = Coder
ADMIN: daeren = Coder
ADMIN: conor12 = Coder
ADMIN: convair880 = Coder
[18:56:04] ACCESS: Login: Furry Chicken from 
[18:58:47] ADMIN: Furry Chicken [DEAD] has started the game.
[18:59:30] ACCESS: Login: Furry Chicken [DEAD] from 
[19:00:17] ADMIN: Derek Altmann (Furry Chicken) [DEAD] respawned Derek Altmann (Furry Chicken) [DEAD].
[19:00:17] ACCESS: Login: Furry Chicken [DEAD] from 
[19:00:17] ACCESS: Login: Furry Chicken [DEAD] from 


Starting up. 19:42.02
---------------------

[19:42:14] ADMIN: Loading jobban_rank
[19:42:14] ADMIN: Jobban_keylist was empty
[19:42:14] ADMIN: Updating jobbanfile!
[19:42:14] ADMIN: Loading oocban_rank
[19:42:14] ADMIN: oocban_keylist was empty
[19:42:14] ADMIN: Updating jobbanfile!
ADMIN: slurm = Host
ADMIN: gibbed = Host
ADMIN: stuntwaffle = Host
ADMIN: pantaloons = Host
ADMIN: darsant = Host
ADMIN: nannek = Host
ADMIN: furrychicken = Host
ADMIN: cherkir = Host
ADMIN: exadv1 = Coder
ADMIN: 0staf = Coder
ADMIN: justicefries = Coder
ADMIN: eroticdad = Coder
ADMIN: angriestibm = Coder
ADMIN: hobnob = Coder
ADMIN: enallyniv = Coder
ADMIN: lallander = Coder
ADMIN: keelin = Coder
ADMIN: brianoblivion = Coder
ADMIN: arthurmuggins = Coder
ADMIN: isaidno = Coder
ADMIN: mport2004 = Coder
ADMIN: burntcornmuffin = Coder
ADMIN: ishallriseagain = Coder
ADMIN: lljkmosheninkov = Coder
ADMIN: dropsy = Coder
ADMIN: procitizensa = Coder
ADMIN: drmelon = Coder
ADMIN: halerina = Coder
ADMIN: pacra = Coder
ADMIN: jackmassacre = Coder
ADMIN: jackbox = Coder
ADMIN: infinitemonkeys = Coder
ADMIN: aphtonites = Coder
ADMIN: volundr = Coder
ADMIN: wirewraith = Coder
ADMIN: tobba = Coder
ADMIN: marquesas = Coder
ADMIN: hainesa = Coder
ADMIN: tom = Coder
ADMIN: herrspyguy = Coder
ADMIN: daeren = Coder
ADMIN: conor12 = Coder
ADMIN: convair880 = Coder
[19:42:50] ACCESS: Login: Furry Chicken from 
[19:44:05] ADMIN: Furry Chicken [DEAD] has started the game.
[19:44:06] ACCESS: Login: Derek Altmann (Furry Chicken) [TRAITOR] from 
[19:44:22] SAY: Shitty Bill (NPC) : You a robot?
[19:44:39] SAY: Shitty Bill (NPC) : Hey pal, gimme yer hugs.
[19:46:20] SAY: Alien Drone 699 (Furry Chicken) [TRAITOR] : *dance
[19:46:20] SAY: Alien Drone 699 (Furry Chicken) [TRAITOR] : *scream
[19:47:40] SAY: Shitty Bill (NPC) : You drink?
[19:48:10] SAY: Father Jack (NPC) : That would be an ecumenical matter.
[19:48:21] SAY: Alien Drone 699 (Furry Chicken) [TRAITOR] : *scream
[19:48:26] SAY: Shitty Bill (NPC) : You drink?
[19:49:07] SAY: Alien Drone 699 (Furry Chicken) [TRAITOR] : *scream
[19:49:09] SAY: Alien Drone 699 (Furry Chicken) [TRAITOR] : *scream
[19:49:17] SAY: Alien Drone 699 (Furry Chicken) [TRAITOR] : *scream
[19:51:59] SAY: Shitty Bill (NPC) : Nice face, dingus.
[19:52:19] SAY: Alien Drone 699 (Furry Chicken) [TRAITOR] : *scream
[19:52:19] SAY: Alien Drone 699 (Furry Chicken) [TRAITOR] : *scream
[19:52:19] SAY: Alien Drone 699 (Furry Chicken) [TRAITOR] : *scream
[19:52:19] SAY: Alien Drone 699 (Furry Chicken) [TRAITOR] : *scream
[19:52:20] SAY: Alien Drone 699 (Furry Chicken) [TRAITOR] : *scream
[19:52:20] SAY: Alien Drone 699 (Furry Chicken) [TRAITOR] : *scream
[19:52:20] SAY: Alien Drone 699 (Furry Chicken) [TRAITOR] : *scream
[19:52:20] SAY: Alien Drone 699 (Furry Chicken) [TRAITOR] : *scream
[19:52:20] SAY: Alien Drone 699 (Furry Chicken) [TRAITOR] : *scream
[19:52:37] SAY: Shitty Bill (NPC) : Got a light, friend?


Starting up. 21:37.33
---------------------

[21:37:42] ADMIN: Loading jobban_rank
[21:37:42] ADMIN: Jobban_keylist was empty
[21:37:42] ADMIN: Updating jobbanfile!
[21:37:42] ADMIN: Loading oocban_rank
[21:37:42] ADMIN: oocban_keylist was empty
[21:37:42] ADMIN: Updating jobbanfile!
ADMIN: slurm = Host
ADMIN: gibbed = Host
ADMIN: stuntwaffle = Host
ADMIN: pantaloons = Host
ADMIN: darsant = Host
ADMIN: nannek = Host
ADMIN: furrychicken = Host
ADMIN: cherkir = Host
ADMIN: exadv1 = Coder
ADMIN: 0staf = Coder
ADMIN: justicefries = Coder
ADMIN: eroticdad = Coder
ADMIN: angriestibm = Coder
ADMIN: hobnob = Coder
ADMIN: enallyniv = Coder
ADMIN: lallander = Coder
ADMIN: keelin = Coder
ADMIN: brianoblivion = Coder
ADMIN: arthurmuggins = Coder
ADMIN: isaidno = Coder
ADMIN: mport2004 = Coder
ADMIN: burntcornmuffin = Coder
ADMIN: ishallriseagain = Coder
ADMIN: lljkmosheninkov = Coder
ADMIN: dropsy = Coder
ADMIN: procitizensa = Coder
ADMIN: drmelon = Coder
ADMIN: halerina = Coder
ADMIN: pacra = Coder
ADMIN: jackmassacre = Coder
ADMIN: jackbox = Coder
ADMIN: infinitemonkeys = Coder
ADMIN: aphtonites = Coder
ADMIN: volundr = Coder
ADMIN: wirewraith = Coder
ADMIN: tobba = Coder
ADMIN: marquesas = Coder
ADMIN: hainesa = Coder
ADMIN: tom = Coder
ADMIN: herrspyguy = Coder
ADMIN: daeren = Coder
ADMIN: conor12 = Coder
ADMIN: convair880 = Coder
[21:38:16] ACCESS: Login: Furry Chicken from 
[21:40:37] ADMIN: Furry Chicken [DEAD] has started the game.
