

Starting up. 18:34.27
---------------------

[18:34:38] ADMIN: Loading jobban_rank
[18:34:38] ADMIN: Jobban_keylist was empty
[18:34:38] ADMIN: Updating jobbanfile!
[18:34:38] ADMIN: Loading oocban_rank
[18:34:38] ADMIN: oocban_keylist was empty
[18:34:38] ADMIN: Updating jobbanfile!
ADMIN: slurm = Host
ADMIN: gibbed = Host
ADMIN: stuntwaffle = Host
ADMIN: pantaloons = Host
ADMIN: darsant = Host
ADMIN: nannek = Host
ADMIN: furrychicken = Host
ADMIN: cherkir = Host
ADMIN: exadv1 = Coder
ADMIN: 0staf = Coder
ADMIN: justicefries = Coder
ADMIN: eroticdad = Coder
ADMIN: angriestibm = Coder
ADMIN: hobnob = Coder
ADMIN: enallyniv = Coder
ADMIN: lallander = Coder
ADMIN: keelin = Coder
ADMIN: brianoblivion = Coder
ADMIN: arthurmuggins = Coder
ADMIN: isaidno = Coder
ADMIN: mport2004 = Coder
ADMIN: burntcornmuffin = Coder
ADMIN: ishallriseagain = Coder
ADMIN: lljkmosheninkov = Coder
ADMIN: dropsy = Coder
ADMIN: procitizensa = Coder
ADMIN: drmelon = Coder
ADMIN: halerina = Coder
ADMIN: pacra = Coder
ADMIN: jackmassacre = Coder
ADMIN: jackbox = Coder
ADMIN: infinitemonkeys = Coder
ADMIN: aphtonites = Coder
ADMIN: volundr = Coder
ADMIN: wirewraith = Coder
ADMIN: tobba = Coder
ADMIN: marquesas = Coder
ADMIN: hainesa = Coder
ADMIN: tom = Coder
ADMIN: herrspyguy = Coder
ADMIN: daeren = Coder
ADMIN: conor12 = Coder
ADMIN: convair880 = Coder
[18:35:19] ACCESS: Login: Furry Chicken from 
[18:37:40] ADMIN: Furry Chicken [DEAD] has started the game.
[18:37:44] ADMIN: Furry Chicken [DEAD] has started the game.


Starting up. 19:07.16
---------------------

[19:07:25] ADMIN: Loading jobban_rank
[19:07:25] ADMIN: Jobban_keylist was empty
[19:07:25] ADMIN: Updating jobbanfile!
[19:07:25] ADMIN: Loading oocban_rank
[19:07:25] ADMIN: oocban_keylist was empty
[19:07:25] ADMIN: Updating jobbanfile!
ADMIN: slurm = Host
ADMIN: gibbed = Host
ADMIN: stuntwaffle = Host
ADMIN: pantaloons = Host
ADMIN: darsant = Host
ADMIN: nannek = Host
ADMIN: furrychicken = Host
ADMIN: cherkir = Host
ADMIN: exadv1 = Coder
ADMIN: 0staf = Coder
ADMIN: justicefries = Coder
ADMIN: eroticdad = Coder
ADMIN: angriestibm = Coder
ADMIN: hobnob = Coder
ADMIN: enallyniv = Coder
ADMIN: lallander = Coder
ADMIN: keelin = Coder
ADMIN: brianoblivion = Coder
ADMIN: arthurmuggins = Coder
ADMIN: isaidno = Coder
ADMIN: mport2004 = Coder
ADMIN: burntcornmuffin = Coder
ADMIN: ishallriseagain = Coder
ADMIN: lljkmosheninkov = Coder
ADMIN: dropsy = Coder
ADMIN: procitizensa = Coder
ADMIN: drmelon = Coder
ADMIN: halerina = Coder
ADMIN: pacra = Coder
ADMIN: jackmassacre = Coder
ADMIN: jackbox = Coder
ADMIN: infinitemonkeys = Coder
ADMIN: aphtonites = Coder
ADMIN: volundr = Coder
ADMIN: wirewraith = Coder
ADMIN: tobba = Coder
ADMIN: marquesas = Coder
ADMIN: hainesa = Coder
ADMIN: tom = Coder
ADMIN: herrspyguy = Coder
ADMIN: daeren = Coder
ADMIN: conor12 = Coder
ADMIN: convair880 = Coder
[19:07:57] ACCESS: Login: Furry Chicken from 


Starting up. 20:00.49
---------------------

[20:00:59] ADMIN: Loading jobban_rank
[20:00:59] ADMIN: Jobban_keylist was empty
[20:00:59] ADMIN: Updating jobbanfile!
[20:00:59] ADMIN: Loading oocban_rank
[20:01:00] ADMIN: oocban_keylist was empty
[20:01:00] ADMIN: Updating jobbanfile!
ADMIN: slurm = Host
ADMIN: gibbed = Host
ADMIN: stuntwaffle = Host
ADMIN: pantaloons = Host
ADMIN: darsant = Host
ADMIN: nannek = Host
ADMIN: furrychicken = Host
ADMIN: cherkir = Host
ADMIN: exadv1 = Coder
ADMIN: 0staf = Coder
ADMIN: justicefries = Coder
ADMIN: eroticdad = Coder
ADMIN: angriestibm = Coder
ADMIN: hobnob = Coder
ADMIN: enallyniv = Coder
ADMIN: lallander = Coder
ADMIN: keelin = Coder
ADMIN: brianoblivion = Coder
ADMIN: arthurmuggins = Coder
ADMIN: isaidno = Coder
ADMIN: mport2004 = Coder
ADMIN: burntcornmuffin = Coder
ADMIN: ishallriseagain = Coder
ADMIN: lljkmosheninkov = Coder
ADMIN: dropsy = Coder
ADMIN: procitizensa = Coder
ADMIN: drmelon = Coder
ADMIN: halerina = Coder
ADMIN: pacra = Coder
ADMIN: jackmassacre = Coder
ADMIN: jackbox = Coder
ADMIN: infinitemonkeys = Coder
ADMIN: aphtonites = Coder
ADMIN: volundr = Coder
ADMIN: wirewraith = Coder
ADMIN: tobba = Coder
ADMIN: marquesas = Coder
ADMIN: hainesa = Coder
ADMIN: tom = Coder
ADMIN: herrspyguy = Coder
ADMIN: daeren = Coder
ADMIN: conor12 = Coder
ADMIN: convair880 = Coder
[20:01:54] ACCESS: Login: Furry Chicken from 
[20:12:17] ADMIN: Furry Chicken [DEAD] has started the game.
[20:12:38] ADMIN: Furry Chicken [DEAD] has started the game.
[20:12:40] ADMIN: Furry Chicken [DEAD] has started the game.


Starting up. 20:22.17
---------------------

[20:22:26] ADMIN: Loading jobban_rank
[20:22:26] ADMIN: Jobban_keylist was empty
[20:22:26] ADMIN: Updating jobbanfile!
[20:22:26] ADMIN: Loading oocban_rank
[20:22:26] ADMIN: oocban_keylist was empty
[20:22:26] ADMIN: Updating jobbanfile!
ADMIN: slurm = Host
ADMIN: gibbed = Host
ADMIN: stuntwaffle = Host
ADMIN: pantaloons = Host
ADMIN: darsant = Host
ADMIN: nannek = Host
ADMIN: furrychicken = Host
ADMIN: cherkir = Host
ADMIN: exadv1 = Coder
ADMIN: 0staf = Coder
ADMIN: justicefries = Coder
ADMIN: eroticdad = Coder
ADMIN: angriestibm = Coder
ADMIN: hobnob = Coder
ADMIN: enallyniv = Coder
ADMIN: lallander = Coder
ADMIN: keelin = Coder
ADMIN: brianoblivion = Coder
ADMIN: arthurmuggins = Coder
ADMIN: isaidno = Coder
ADMIN: mport2004 = Coder
ADMIN: burntcornmuffin = Coder
ADMIN: ishallriseagain = Coder
ADMIN: lljkmosheninkov = Coder
ADMIN: dropsy = Coder
ADMIN: procitizensa = Coder
ADMIN: drmelon = Coder
ADMIN: halerina = Coder
ADMIN: pacra = Coder
ADMIN: jackmassacre = Coder
ADMIN: jackbox = Coder
ADMIN: infinitemonkeys = Coder
ADMIN: aphtonites = Coder
ADMIN: volundr = Coder
ADMIN: wirewraith = Coder
ADMIN: tobba = Coder
ADMIN: marquesas = Coder
ADMIN: hainesa = Coder
ADMIN: tom = Coder
ADMIN: herrspyguy = Coder
ADMIN: daeren = Coder
ADMIN: conor12 = Coder
ADMIN: convair880 = Coder
[20:22:55] ACCESS: Login: Furry Chicken from 


Starting up. 21:02.49
---------------------

[21:02:59] ADMIN: Loading jobban_rank
[21:02:59] ADMIN: Jobban_keylist was empty
[21:02:59] ADMIN: Updating jobbanfile!
[21:02:59] ADMIN: Loading oocban_rank
[21:02:59] ADMIN: oocban_keylist was empty
[21:02:59] ADMIN: Updating jobbanfile!
ADMIN: slurm = Host
ADMIN: gibbed = Host
ADMIN: stuntwaffle = Host
ADMIN: pantaloons = Host
ADMIN: darsant = Host
ADMIN: nannek = Host
ADMIN: furrychicken = Host
ADMIN: cherkir = Host
ADMIN: exadv1 = Coder
ADMIN: 0staf = Coder
ADMIN: justicefries = Coder
ADMIN: eroticdad = Coder
ADMIN: angriestibm = Coder
ADMIN: hobnob = Coder
ADMIN: enallyniv = Coder
ADMIN: lallander = Coder
ADMIN: keelin = Coder
ADMIN: brianoblivion = Coder
ADMIN: arthurmuggins = Coder
ADMIN: isaidno = Coder
ADMIN: mport2004 = Coder
ADMIN: burntcornmuffin = Coder
ADMIN: ishallriseagain = Coder
ADMIN: lljkmosheninkov = Coder
ADMIN: dropsy = Coder
ADMIN: procitizensa = Coder
ADMIN: drmelon = Coder
ADMIN: halerina = Coder
ADMIN: pacra = Coder
ADMIN: jackmassacre = Coder
ADMIN: jackbox = Coder
ADMIN: infinitemonkeys = Coder
ADMIN: aphtonites = Coder
ADMIN: volundr = Coder
ADMIN: wirewraith = Coder
ADMIN: tobba = Coder
ADMIN: marquesas = Coder
ADMIN: hainesa = Coder
ADMIN: tom = Coder
ADMIN: herrspyguy = Coder
ADMIN: daeren = Coder
ADMIN: conor12 = Coder
ADMIN: convair880 = Coder
[21:03:29] ACCESS: Login: Furry Chicken from 
[21:05:12] ADMIN: Furry Chicken [DEAD] has started the game.


Starting up. 21:40.25
---------------------

[21:40:34] ADMIN: Loading jobban_rank
[21:40:34] ADMIN: Jobban_keylist was empty
[21:40:34] ADMIN: Updating jobbanfile!
[21:40:34] ADMIN: Loading oocban_rank
[21:40:34] ADMIN: oocban_keylist was empty
[21:40:34] ADMIN: Updating jobbanfile!
ADMIN: slurm = Host
ADMIN: gibbed = Host
ADMIN: stuntwaffle = Host
ADMIN: pantaloons = Host
ADMIN: darsant = Host
ADMIN: nannek = Host
ADMIN: furrychicken = Host
ADMIN: cherkir = Host
ADMIN: exadv1 = Coder
ADMIN: 0staf = Coder
ADMIN: justicefries = Coder
ADMIN: eroticdad = Coder
ADMIN: angriestibm = Coder
ADMIN: hobnob = Coder
ADMIN: enallyniv = Coder
ADMIN: lallander = Coder
ADMIN: keelin = Coder
ADMIN: brianoblivion = Coder
ADMIN: arthurmuggins = Coder
ADMIN: isaidno = Coder
ADMIN: mport2004 = Coder
ADMIN: burntcornmuffin = Coder
ADMIN: ishallriseagain = Coder
ADMIN: lljkmosheninkov = Coder
ADMIN: dropsy = Coder
ADMIN: procitizensa = Coder
ADMIN: drmelon = Coder
ADMIN: halerina = Coder
ADMIN: pacra = Coder
ADMIN: jackmassacre = Coder
ADMIN: jackbox = Coder
ADMIN: infinitemonkeys = Coder
ADMIN: aphtonites = Coder
ADMIN: volundr = Coder
ADMIN: wirewraith = Coder
ADMIN: tobba = Coder
ADMIN: marquesas = Coder
ADMIN: hainesa = Coder
ADMIN: tom = Coder
ADMIN: herrspyguy = Coder
ADMIN: daeren = Coder
ADMIN: conor12 = Coder
ADMIN: convair880 = Coder
[21:41:04] ACCESS: Login: Furry Chicken from 


Starting up. 22:12.55
---------------------

[22:13:05] ADMIN: Loading jobban_rank
[22:13:05] ADMIN: Jobban_keylist was empty
[22:13:05] ADMIN: Updating jobbanfile!
[22:13:05] ADMIN: Loading oocban_rank
[22:13:05] ADMIN: oocban_keylist was empty
[22:13:05] ADMIN: Updating jobbanfile!
ADMIN: slurm = Host
ADMIN: gibbed = Host
ADMIN: stuntwaffle = Host
ADMIN: pantaloons = Host
ADMIN: darsant = Host
ADMIN: nannek = Host
ADMIN: furrychicken = Host
ADMIN: cherkir = Host
ADMIN: exadv1 = Coder
ADMIN: 0staf = Coder
ADMIN: justicefries = Coder
ADMIN: eroticdad = Coder
ADMIN: angriestibm = Coder
ADMIN: hobnob = Coder
ADMIN: enallyniv = Coder
ADMIN: lallander = Coder
ADMIN: keelin = Coder
ADMIN: brianoblivion = Coder
ADMIN: arthurmuggins = Coder
ADMIN: isaidno = Coder
ADMIN: mport2004 = Coder
ADMIN: burntcornmuffin = Coder
ADMIN: ishallriseagain = Coder
ADMIN: lljkmosheninkov = Coder
ADMIN: dropsy = Coder
ADMIN: procitizensa = Coder
ADMIN: drmelon = Coder
ADMIN: halerina = Coder
ADMIN: pacra = Coder
ADMIN: jackmassacre = Coder
ADMIN: jackbox = Coder
ADMIN: infinitemonkeys = Coder
ADMIN: aphtonites = Coder
ADMIN: volundr = Coder
ADMIN: wirewraith = Coder
ADMIN: tobba = Coder
ADMIN: marquesas = Coder
ADMIN: hainesa = Coder
ADMIN: tom = Coder
ADMIN: herrspyguy = Coder
ADMIN: daeren = Coder
ADMIN: conor12 = Coder
ADMIN: convair880 = Coder
[22:13:36] ACCESS: Login: Furry Chicken from 
[22:15:33] ADMIN: Furry Chicken [DEAD] has started the game.


Starting up. 22:23.52
---------------------

[22:24:05] ADMIN: Loading jobban_rank
[22:24:05] ADMIN: Jobban_keylist was empty
[22:24:05] ADMIN: Updating jobbanfile!
[22:24:05] ADMIN: Loading oocban_rank
[22:24:05] ADMIN: oocban_keylist was empty
[22:24:05] ADMIN: Updating jobbanfile!
ADMIN: slurm = Host
ADMIN: gibbed = Host
ADMIN: stuntwaffle = Host
ADMIN: pantaloons = Host
ADMIN: darsant = Host
ADMIN: nannek = Host
ADMIN: furrychicken = Host
ADMIN: cherkir = Host
ADMIN: exadv1 = Coder
ADMIN: 0staf = Coder
ADMIN: justicefries = Coder
ADMIN: eroticdad = Coder
ADMIN: angriestibm = Coder
ADMIN: hobnob = Coder
ADMIN: enallyniv = Coder
ADMIN: lallander = Coder
ADMIN: keelin = Coder
ADMIN: brianoblivion = Coder
ADMIN: arthurmuggins = Coder
ADMIN: isaidno = Coder
ADMIN: mport2004 = Coder
ADMIN: burntcornmuffin = Coder
ADMIN: ishallriseagain = Coder
ADMIN: lljkmosheninkov = Coder
ADMIN: dropsy = Coder
ADMIN: procitizensa = Coder
ADMIN: drmelon = Coder
ADMIN: halerina = Coder
ADMIN: pacra = Coder
ADMIN: jackmassacre = Coder
ADMIN: jackbox = Coder
ADMIN: infinitemonkeys = Coder
ADMIN: aphtonites = Coder
ADMIN: volundr = Coder
ADMIN: wirewraith = Coder
ADMIN: tobba = Coder
ADMIN: marquesas = Coder
ADMIN: hainesa = Coder
ADMIN: tom = Coder
ADMIN: herrspyguy = Coder
ADMIN: daeren = Coder
ADMIN: conor12 = Coder
ADMIN: convair880 = Coder
[22:25:02] ACCESS: Login: Furry Chicken from 


Starting up. 22:41.31
---------------------

[22:41:44] ADMIN: Loading jobban_rank
[22:41:44] ADMIN: Jobban_keylist was empty
[22:41:44] ADMIN: Updating jobbanfile!
[22:41:44] ADMIN: Loading oocban_rank
[22:41:44] ADMIN: oocban_keylist was empty
[22:41:44] ADMIN: Updating jobbanfile!
ADMIN: slurm = Host
ADMIN: gibbed = Host
ADMIN: stuntwaffle = Host
ADMIN: pantaloons = Host
ADMIN: darsant = Host
ADMIN: nannek = Host
ADMIN: furrychicken = Host
ADMIN: cherkir = Host
ADMIN: exadv1 = Coder
ADMIN: 0staf = Coder
ADMIN: justicefries = Coder
ADMIN: eroticdad = Coder
ADMIN: angriestibm = Coder
ADMIN: hobnob = Coder
ADMIN: enallyniv = Coder
ADMIN: lallander = Coder
ADMIN: keelin = Coder
ADMIN: brianoblivion = Coder
ADMIN: arthurmuggins = Coder
ADMIN: isaidno = Coder
ADMIN: mport2004 = Coder
ADMIN: burntcornmuffin = Coder
ADMIN: ishallriseagain = Coder
ADMIN: lljkmosheninkov = Coder
ADMIN: dropsy = Coder
ADMIN: procitizensa = Coder
ADMIN: drmelon = Coder
ADMIN: halerina = Coder
ADMIN: pacra = Coder
ADMIN: jackmassacre = Coder
ADMIN: jackbox = Coder
ADMIN: infinitemonkeys = Coder
ADMIN: aphtonites = Coder
ADMIN: volundr = Coder
ADMIN: wirewraith = Coder
ADMIN: tobba = Coder
ADMIN: marquesas = Coder
ADMIN: hainesa = Coder
ADMIN: tom = Coder
ADMIN: herrspyguy = Coder
ADMIN: daeren = Coder
ADMIN: conor12 = Coder
ADMIN: convair880 = Coder
[22:42:34] ACCESS: Login: Furry Chicken from 


Starting up. 23:10.34
---------------------

[23:10:43] ADMIN: Loading jobban_rank
[23:10:43] ADMIN: Jobban_keylist was empty
[23:10:43] ADMIN: Updating jobbanfile!
[23:10:43] ADMIN: Loading oocban_rank
[23:10:43] ADMIN: oocban_keylist was empty
[23:10:43] ADMIN: Updating jobbanfile!
ADMIN: slurm = Host
ADMIN: gibbed = Host
ADMIN: stuntwaffle = Host
ADMIN: pantaloons = Host
ADMIN: darsant = Host
ADMIN: nannek = Host
ADMIN: furrychicken = Host
ADMIN: cherkir = Host
ADMIN: exadv1 = Coder
ADMIN: 0staf = Coder
ADMIN: justicefries = Coder
ADMIN: eroticdad = Coder
ADMIN: angriestibm = Coder
ADMIN: hobnob = Coder
ADMIN: enallyniv = Coder
ADMIN: lallander = Coder
ADMIN: keelin = Coder
ADMIN: brianoblivion = Coder
ADMIN: arthurmuggins = Coder
ADMIN: isaidno = Coder
ADMIN: mport2004 = Coder
ADMIN: burntcornmuffin = Coder
ADMIN: ishallriseagain = Coder
ADMIN: lljkmosheninkov = Coder
ADMIN: dropsy = Coder
ADMIN: procitizensa = Coder
ADMIN: drmelon = Coder
ADMIN: halerina = Coder
ADMIN: pacra = Coder
ADMIN: jackmassacre = Coder
ADMIN: jackbox = Coder
ADMIN: infinitemonkeys = Coder
ADMIN: aphtonites = Coder
ADMIN: volundr = Coder
ADMIN: wirewraith = Coder
ADMIN: tobba = Coder
ADMIN: marquesas = Coder
ADMIN: hainesa = Coder
ADMIN: tom = Coder
ADMIN: herrspyguy = Coder
ADMIN: daeren = Coder
ADMIN: conor12 = Coder
ADMIN: convair880 = Coder
[23:12:03] ACCESS: Login: Furry Chicken from 


Starting up. 23:32.01
---------------------

[23:32:16] ADMIN: Loading jobban_rank
[23:32:16] ADMIN: Jobban_keylist was empty
[23:32:16] ADMIN: Updating jobbanfile!
[23:32:16] ADMIN: Loading oocban_rank
[23:32:16] ADMIN: oocban_keylist was empty
[23:32:16] ADMIN: Updating jobbanfile!
ADMIN: slurm = Host
ADMIN: gibbed = Host
ADMIN: stuntwaffle = Host
ADMIN: pantaloons = Host
ADMIN: darsant = Host
ADMIN: nannek = Host
ADMIN: furrychicken = Host
ADMIN: cherkir = Host
ADMIN: exadv1 = Coder
ADMIN: 0staf = Coder
ADMIN: justicefries = Coder
ADMIN: eroticdad = Coder
ADMIN: angriestibm = Coder
ADMIN: hobnob = Coder
ADMIN: enallyniv = Coder
ADMIN: lallander = Coder
ADMIN: keelin = Coder
ADMIN: brianoblivion = Coder
ADMIN: arthurmuggins = Coder
ADMIN: isaidno = Coder
ADMIN: mport2004 = Coder
ADMIN: burntcornmuffin = Coder
ADMIN: ishallriseagain = Coder
ADMIN: lljkmosheninkov = Coder
ADMIN: dropsy = Coder
ADMIN: procitizensa = Coder
ADMIN: drmelon = Coder
ADMIN: halerina = Coder
ADMIN: pacra = Coder
ADMIN: jackmassacre = Coder
ADMIN: jackbox = Coder
ADMIN: infinitemonkeys = Coder
ADMIN: aphtonites = Coder
ADMIN: volundr = Coder
ADMIN: wirewraith = Coder
ADMIN: tobba = Coder
ADMIN: marquesas = Coder
ADMIN: hainesa = Coder
ADMIN: tom = Coder
ADMIN: herrspyguy = Coder
ADMIN: daeren = Coder
ADMIN: conor12 = Coder
ADMIN: convair880 = Coder
[23:33:13] ACCESS: Login: Furry Chicken from 
