

Starting up. 19:25.03
---------------------

[19:25:08] ADMIN: Loading jobban_rank
[19:25:08] ADMIN: Jobban_keylist was empty
[19:25:08] ADMIN: Updating jobbanfile!
[19:25:08] ADMIN: Loading oocban_rank
[19:25:08] ADMIN: oocban_keylist was empty
[19:25:08] ADMIN: Updating jobbanfile!
ADMIN: slurm = Host
ADMIN: gibbed = Host
ADMIN: stuntwaffle = Host
ADMIN: pantaloons = Host
ADMIN: darsant = Host
ADMIN: nannek = Host
ADMIN: furrychicken = Host
ADMIN: cherkir = Host
ADMIN: exadv1 = Coder
ADMIN: 0staf = Coder
ADMIN: justicefries = Coder
ADMIN: eroticdad = Coder
ADMIN: angriestibm = Coder
ADMIN: hobnob = Coder
ADMIN: enallyniv = Coder
ADMIN: lallander = Coder
ADMIN: keelin = Coder
ADMIN: brianoblivion = Coder
ADMIN: arthurmuggins = Coder
ADMIN: isaidno = Coder
ADMIN: mport2004 = Coder
ADMIN: burntcornmuffin = Coder
ADMIN: ishallriseagain = Coder
ADMIN: lljkmosheninkov = Coder
ADMIN: dropsy = Coder
ADMIN: procitizensa = Coder
ADMIN: drmelon = Coder
ADMIN: halerina = Coder
ADMIN: pacra = Coder
ADMIN: jackmassacre = Coder
ADMIN: jackbox = Coder
ADMIN: infinitemonkeys = Coder
ADMIN: aphtonites = Coder
ADMIN: volundr = Coder
ADMIN: wirewraith = Coder
ADMIN: tobba = Coder
ADMIN: marquesas = Coder
ADMIN: hainesa = Coder
ADMIN: tom = Coder
ADMIN: herrspyguy = Coder
ADMIN: daeren = Coder
ADMIN: conor12 = Coder
ADMIN: convair880 = Coder
[19:25:25] ACCESS: Login: Furry Chicken from 


Starting up. 19:32.51
---------------------

[19:32:55] ADMIN: Loading jobban_rank
[19:32:55] ADMIN: Jobban_keylist was empty
[19:32:55] ADMIN: Updating jobbanfile!
[19:32:55] ADMIN: Loading oocban_rank
[19:32:55] ADMIN: oocban_keylist was empty
[19:32:55] ADMIN: Updating jobbanfile!
ADMIN: slurm = Host
ADMIN: gibbed = Host
ADMIN: stuntwaffle = Host
ADMIN: pantaloons = Host
ADMIN: darsant = Host
ADMIN: nannek = Host
ADMIN: furrychicken = Host
ADMIN: cherkir = Host
ADMIN: exadv1 = Coder
ADMIN: 0staf = Coder
ADMIN: justicefries = Coder
ADMIN: eroticdad = Coder
ADMIN: angriestibm = Coder
ADMIN: hobnob = Coder
ADMIN: enallyniv = Coder
ADMIN: lallander = Coder
ADMIN: keelin = Coder
ADMIN: brianoblivion = Coder
ADMIN: arthurmuggins = Coder
ADMIN: isaidno = Coder
ADMIN: mport2004 = Coder
ADMIN: burntcornmuffin = Coder
ADMIN: ishallriseagain = Coder
ADMIN: lljkmosheninkov = Coder
ADMIN: dropsy = Coder
ADMIN: procitizensa = Coder
ADMIN: drmelon = Coder
ADMIN: halerina = Coder
ADMIN: pacra = Coder
ADMIN: jackmassacre = Coder
ADMIN: jackbox = Coder
ADMIN: infinitemonkeys = Coder
ADMIN: aphtonites = Coder
ADMIN: volundr = Coder
ADMIN: wirewraith = Coder
ADMIN: tobba = Coder
ADMIN: marquesas = Coder
ADMIN: hainesa = Coder
ADMIN: tom = Coder
ADMIN: herrspyguy = Coder
ADMIN: daeren = Coder
ADMIN: conor12 = Coder
ADMIN: convair880 = Coder
[19:33:09] ACCESS: Login: Furry Chicken from 


Starting up. 19:46.05
---------------------

[19:46:09] ADMIN: Loading jobban_rank
[19:46:09] ADMIN: Jobban_keylist was empty
[19:46:09] ADMIN: Updating jobbanfile!
[19:46:09] ADMIN: Loading oocban_rank
[19:46:09] ADMIN: oocban_keylist was empty
[19:46:09] ADMIN: Updating jobbanfile!
ADMIN: slurm = Host
ADMIN: gibbed = Host
ADMIN: stuntwaffle = Host
ADMIN: pantaloons = Host
ADMIN: darsant = Host
ADMIN: nannek = Host
ADMIN: furrychicken = Host
ADMIN: cherkir = Host
ADMIN: exadv1 = Coder
ADMIN: 0staf = Coder
ADMIN: justicefries = Coder
ADMIN: eroticdad = Coder
ADMIN: angriestibm = Coder
ADMIN: hobnob = Coder
ADMIN: enallyniv = Coder
ADMIN: lallander = Coder
ADMIN: keelin = Coder
ADMIN: brianoblivion = Coder
ADMIN: arthurmuggins = Coder
ADMIN: isaidno = Coder
ADMIN: mport2004 = Coder
ADMIN: burntcornmuffin = Coder
ADMIN: ishallriseagain = Coder
ADMIN: lljkmosheninkov = Coder
ADMIN: dropsy = Coder
ADMIN: procitizensa = Coder
ADMIN: drmelon = Coder
ADMIN: halerina = Coder
ADMIN: pacra = Coder
ADMIN: jackmassacre = Coder
ADMIN: jackbox = Coder
ADMIN: infinitemonkeys = Coder
ADMIN: aphtonites = Coder
ADMIN: volundr = Coder
ADMIN: wirewraith = Coder
ADMIN: tobba = Coder
ADMIN: marquesas = Coder
ADMIN: hainesa = Coder
ADMIN: tom = Coder
ADMIN: herrspyguy = Coder
ADMIN: daeren = Coder
ADMIN: conor12 = Coder
ADMIN: convair880 = Coder
[19:46:27] ACCESS: Login: Furry Chicken from 


Starting up. 20:02.23
---------------------

[20:02:27] ADMIN: Loading jobban_rank
[20:02:27] ADMIN: Jobban_keylist was empty
[20:02:27] ADMIN: Updating jobbanfile!
[20:02:27] ADMIN: Loading oocban_rank
[20:02:27] ADMIN: oocban_keylist was empty
[20:02:27] ADMIN: Updating jobbanfile!
[20:02:49] ACCESS: Login: Guest-4038160359 from 


Starting up. 20:08.32
---------------------

[20:08:36] ADMIN: Loading jobban_rank
[20:08:36] ADMIN: Jobban_keylist was empty
[20:08:36] ADMIN: Updating jobbanfile!
[20:08:36] ADMIN: Loading oocban_rank
[20:08:36] ADMIN: oocban_keylist was empty
[20:08:36] ADMIN: Updating jobbanfile!
ADMIN: slurm = Host
ADMIN: gibbed = Host
ADMIN: stuntwaffle = Host
ADMIN: pantaloons = Host
ADMIN: darsant = Host
ADMIN: nannek = Host
ADMIN: furrychicken = Host
ADMIN: cherkir = Host
ADMIN: exadv1 = Coder
ADMIN: 0staf = Coder
ADMIN: justicefries = Coder
ADMIN: eroticdad = Coder
ADMIN: angriestibm = Coder
ADMIN: hobnob = Coder
ADMIN: enallyniv = Coder
ADMIN: lallander = Coder
ADMIN: keelin = Coder
ADMIN: brianoblivion = Coder
ADMIN: arthurmuggins = Coder
ADMIN: isaidno = Coder
ADMIN: mport2004 = Coder
ADMIN: burntcornmuffin = Coder
ADMIN: ishallriseagain = Coder
ADMIN: lljkmosheninkov = Coder
ADMIN: dropsy = Coder
ADMIN: procitizensa = Coder
ADMIN: drmelon = Coder
ADMIN: halerina = Coder
ADMIN: pacra = Coder
ADMIN: jackmassacre = Coder
ADMIN: jackbox = Coder
ADMIN: infinitemonkeys = Coder
ADMIN: aphtonites = Coder
ADMIN: volundr = Coder
ADMIN: wirewraith = Coder
ADMIN: tobba = Coder
ADMIN: marquesas = Coder
ADMIN: hainesa = Coder
ADMIN: tom = Coder
ADMIN: herrspyguy = Coder
ADMIN: daeren = Coder
ADMIN: conor12 = Coder
ADMIN: convair880 = Coder
[20:08:50] ACCESS: Login: Guest-4038160359 from 


Starting up. 20:11.36
---------------------

[20:11:40] ADMIN: Loading jobban_rank
[20:11:40] ADMIN: Jobban_keylist was empty
[20:11:40] ADMIN: Updating jobbanfile!
[20:11:40] ADMIN: Loading oocban_rank
[20:11:40] ADMIN: oocban_keylist was empty
[20:11:40] ADMIN: Updating jobbanfile!
ADMIN: slurm = Host
ADMIN: gibbed = Host
ADMIN: stuntwaffle = Host
ADMIN: pantaloons = Host
ADMIN: darsant = Host
ADMIN: nannek = Host
ADMIN: furrychicken = Host
ADMIN: cherkir = Host
ADMIN: exadv1 = Coder
ADMIN: 0staf = Coder
ADMIN: justicefries = Coder
ADMIN: eroticdad = Coder
ADMIN: angriestibm = Coder
ADMIN: hobnob = Coder
ADMIN: enallyniv = Coder
ADMIN: lallander = Coder
ADMIN: keelin = Coder
ADMIN: brianoblivion = Coder
ADMIN: arthurmuggins = Coder
ADMIN: isaidno = Coder
ADMIN: mport2004 = Coder
ADMIN: burntcornmuffin = Coder
ADMIN: ishallriseagain = Coder
ADMIN: lljkmosheninkov = Coder
ADMIN: dropsy = Coder
ADMIN: procitizensa = Coder
ADMIN: drmelon = Coder
ADMIN: halerina = Coder
ADMIN: pacra = Coder
ADMIN: jackmassacre = Coder
ADMIN: jackbox = Coder
ADMIN: infinitemonkeys = Coder
ADMIN: aphtonites = Coder
ADMIN: volundr = Coder
ADMIN: wirewraith = Coder
ADMIN: tobba = Coder
ADMIN: marquesas = Coder
ADMIN: hainesa = Coder
ADMIN: tom = Coder
ADMIN: herrspyguy = Coder
ADMIN: daeren = Coder
ADMIN: conor12 = Coder
ADMIN: convair880 = Coder
[20:11:56] ACCESS: Login: Guest-4038160359 from 


Starting up. 20:16.20
---------------------

[20:16:24] ADMIN: Loading jobban_rank
[20:16:24] ADMIN: Jobban_keylist was empty
[20:16:24] ADMIN: Updating jobbanfile!
[20:16:24] ADMIN: Loading oocban_rank
[20:16:24] ADMIN: oocban_keylist was empty
[20:16:24] ADMIN: Updating jobbanfile!
ADMIN: slurm = Host
ADMIN: gibbed = Host
ADMIN: stuntwaffle = Host
ADMIN: pantaloons = Host
ADMIN: darsant = Host
ADMIN: nannek = Host
ADMIN: furrychicken = Host
ADMIN: cherkir = Host
ADMIN: exadv1 = Coder
ADMIN: 0staf = Coder
ADMIN: justicefries = Coder
ADMIN: eroticdad = Coder
ADMIN: angriestibm = Coder
ADMIN: hobnob = Coder
ADMIN: enallyniv = Coder
ADMIN: lallander = Coder
ADMIN: keelin = Coder
ADMIN: brianoblivion = Coder
ADMIN: arthurmuggins = Coder
ADMIN: isaidno = Coder
ADMIN: mport2004 = Coder
ADMIN: burntcornmuffin = Coder
ADMIN: ishallriseagain = Coder
ADMIN: lljkmosheninkov = Coder
ADMIN: dropsy = Coder
ADMIN: procitizensa = Coder
ADMIN: drmelon = Coder
ADMIN: halerina = Coder
ADMIN: pacra = Coder
ADMIN: jackmassacre = Coder
ADMIN: jackbox = Coder
ADMIN: infinitemonkeys = Coder
ADMIN: aphtonites = Coder
ADMIN: volundr = Coder
ADMIN: wirewraith = Coder
ADMIN: tobba = Coder
ADMIN: marquesas = Coder
ADMIN: hainesa = Coder
ADMIN: tom = Coder
ADMIN: herrspyguy = Coder
ADMIN: daeren = Coder
ADMIN: conor12 = Coder
ADMIN: convair880 = Coder
[20:16:39] ACCESS: Login: Guest-4038160359 from 


Starting up. 20:41.45
---------------------

[20:41:49] ADMIN: Loading jobban_rank
[20:41:49] ADMIN: Jobban_keylist was empty
[20:41:49] ADMIN: Updating jobbanfile!
[20:41:49] ADMIN: Loading oocban_rank
[20:41:49] ADMIN: oocban_keylist was empty
[20:41:49] ADMIN: Updating jobbanfile!
ADMIN: slurm = Host
ADMIN: gibbed = Host
ADMIN: stuntwaffle = Host
ADMIN: pantaloons = Host
ADMIN: darsant = Host
ADMIN: nannek = Host
ADMIN: furrychicken = Host
ADMIN: cherkir = Host
ADMIN: exadv1 = Coder
ADMIN: 0staf = Coder
ADMIN: justicefries = Coder
ADMIN: eroticdad = Coder
ADMIN: angriestibm = Coder
ADMIN: hobnob = Coder
ADMIN: enallyniv = Coder
ADMIN: lallander = Coder
ADMIN: keelin = Coder
ADMIN: brianoblivion = Coder
ADMIN: arthurmuggins = Coder
ADMIN: isaidno = Coder
ADMIN: mport2004 = Coder
ADMIN: burntcornmuffin = Coder
ADMIN: ishallriseagain = Coder
ADMIN: lljkmosheninkov = Coder
ADMIN: dropsy = Coder
ADMIN: procitizensa = Coder
ADMIN: drmelon = Coder
ADMIN: halerina = Coder
ADMIN: pacra = Coder
ADMIN: jackmassacre = Coder
ADMIN: jackbox = Coder
ADMIN: infinitemonkeys = Coder
ADMIN: aphtonites = Coder
ADMIN: volundr = Coder
ADMIN: wirewraith = Coder
ADMIN: tobba = Coder
ADMIN: marquesas = Coder
ADMIN: hainesa = Coder
ADMIN: tom = Coder
ADMIN: herrspyguy = Coder
ADMIN: daeren = Coder
ADMIN: conor12 = Coder
ADMIN: convair880 = Coder
[20:42:04] ACCESS: Login: Guest-4038160359 from 


Starting up. 20:47.31
---------------------

[20:47:35] ADMIN: Loading jobban_rank
[20:47:35] ADMIN: Jobban_keylist was empty
[20:47:35] ADMIN: Updating jobbanfile!
[20:47:35] ADMIN: Loading oocban_rank
[20:47:35] ADMIN: oocban_keylist was empty
[20:47:35] ADMIN: Updating jobbanfile!
ADMIN: slurm = Host
ADMIN: gibbed = Host
ADMIN: stuntwaffle = Host
ADMIN: pantaloons = Host
ADMIN: darsant = Host
ADMIN: nannek = Host
ADMIN: furrychicken = Host
ADMIN: cherkir = Host
ADMIN: exadv1 = Coder
ADMIN: 0staf = Coder
ADMIN: justicefries = Coder
ADMIN: eroticdad = Coder
ADMIN: angriestibm = Coder
ADMIN: hobnob = Coder
ADMIN: enallyniv = Coder
ADMIN: lallander = Coder
ADMIN: keelin = Coder
ADMIN: brianoblivion = Coder
ADMIN: arthurmuggins = Coder
ADMIN: isaidno = Coder
ADMIN: mport2004 = Coder
ADMIN: burntcornmuffin = Coder
ADMIN: ishallriseagain = Coder
ADMIN: lljkmosheninkov = Coder
ADMIN: dropsy = Coder
ADMIN: procitizensa = Coder
ADMIN: drmelon = Coder
ADMIN: halerina = Coder
ADMIN: pacra = Coder
ADMIN: jackmassacre = Coder
ADMIN: jackbox = Coder
ADMIN: infinitemonkeys = Coder
ADMIN: aphtonites = Coder
ADMIN: volundr = Coder
ADMIN: wirewraith = Coder
ADMIN: tobba = Coder
ADMIN: marquesas = Coder
ADMIN: hainesa = Coder
ADMIN: tom = Coder
ADMIN: herrspyguy = Coder
ADMIN: daeren = Coder
ADMIN: conor12 = Coder
ADMIN: convair880 = Coder
[20:47:53] ACCESS: Login: Guest-4038160359 from 


Starting up. 20:51.51
---------------------

[20:51:56] ADMIN: Loading jobban_rank
[20:51:56] ADMIN: Jobban_keylist was empty
[20:51:56] ADMIN: Updating jobbanfile!
[20:51:56] ADMIN: Loading oocban_rank
[20:51:56] ADMIN: oocban_keylist was empty
[20:51:56] ADMIN: Updating jobbanfile!
ADMIN: slurm = Host
ADMIN: gibbed = Host
ADMIN: stuntwaffle = Host
ADMIN: pantaloons = Host
ADMIN: darsant = Host
ADMIN: nannek = Host
ADMIN: furrychicken = Host
ADMIN: cherkir = Host
ADMIN: exadv1 = Coder
ADMIN: 0staf = Coder
ADMIN: justicefries = Coder
ADMIN: eroticdad = Coder
ADMIN: angriestibm = Coder
ADMIN: hobnob = Coder
ADMIN: enallyniv = Coder
ADMIN: lallander = Coder
ADMIN: keelin = Coder
ADMIN: brianoblivion = Coder
ADMIN: arthurmuggins = Coder
ADMIN: isaidno = Coder
ADMIN: mport2004 = Coder
ADMIN: burntcornmuffin = Coder
ADMIN: ishallriseagain = Coder
ADMIN: lljkmosheninkov = Coder
ADMIN: dropsy = Coder
ADMIN: procitizensa = Coder
ADMIN: drmelon = Coder
ADMIN: halerina = Coder
ADMIN: pacra = Coder
ADMIN: jackmassacre = Coder
ADMIN: jackbox = Coder
ADMIN: infinitemonkeys = Coder
ADMIN: aphtonites = Coder
ADMIN: volundr = Coder
ADMIN: wirewraith = Coder
ADMIN: tobba = Coder
ADMIN: marquesas = Coder
ADMIN: hainesa = Coder
ADMIN: tom = Coder
ADMIN: herrspyguy = Coder
ADMIN: daeren = Coder
ADMIN: conor12 = Coder
ADMIN: convair880 = Coder
[20:52:24] ACCESS: Login: Guest-4038160359 from 


Starting up. 20:58.59
---------------------

[20:59:03] ADMIN: Loading jobban_rank
[20:59:03] ADMIN: Jobban_keylist was empty
[20:59:03] ADMIN: Updating jobbanfile!
[20:59:03] ADMIN: Loading oocban_rank
[20:59:03] ADMIN: oocban_keylist was empty
[20:59:03] ADMIN: Updating jobbanfile!
ADMIN: slurm = Host
ADMIN: gibbed = Host
ADMIN: stuntwaffle = Host
ADMIN: pantaloons = Host
ADMIN: darsant = Host
ADMIN: nannek = Host
ADMIN: furrychicken = Host
ADMIN: cherkir = Host
ADMIN: exadv1 = Coder
ADMIN: 0staf = Coder
ADMIN: justicefries = Coder
ADMIN: eroticdad = Coder
ADMIN: angriestibm = Coder
ADMIN: hobnob = Coder
ADMIN: enallyniv = Coder
ADMIN: lallander = Coder
ADMIN: keelin = Coder
ADMIN: brianoblivion = Coder
ADMIN: arthurmuggins = Coder
ADMIN: isaidno = Coder
ADMIN: mport2004 = Coder
ADMIN: burntcornmuffin = Coder
ADMIN: ishallriseagain = Coder
ADMIN: lljkmosheninkov = Coder
ADMIN: dropsy = Coder
ADMIN: procitizensa = Coder
ADMIN: drmelon = Coder
ADMIN: halerina = Coder
ADMIN: pacra = Coder
ADMIN: jackmassacre = Coder
ADMIN: jackbox = Coder
ADMIN: infinitemonkeys = Coder
ADMIN: aphtonites = Coder
ADMIN: volundr = Coder
ADMIN: wirewraith = Coder
ADMIN: tobba = Coder
ADMIN: marquesas = Coder
ADMIN: hainesa = Coder
ADMIN: tom = Coder
ADMIN: herrspyguy = Coder
ADMIN: daeren = Coder
ADMIN: conor12 = Coder
ADMIN: convair880 = Coder
[20:59:27] ACCESS: Login: Guest-4038160359 from 


Starting up. 21:02.18
---------------------

[21:02:24] ADMIN: Loading jobban_rank
[21:02:24] ADMIN: Jobban_keylist was empty
[21:02:24] ADMIN: Updating jobbanfile!
[21:02:24] ADMIN: Loading oocban_rank
[21:02:24] ADMIN: oocban_keylist was empty
[21:02:24] ADMIN: Updating jobbanfile!
ADMIN: slurm = Host
ADMIN: gibbed = Host
ADMIN: stuntwaffle = Host
ADMIN: pantaloons = Host
ADMIN: darsant = Host
ADMIN: nannek = Host
ADMIN: furrychicken = Host
ADMIN: cherkir = Host
ADMIN: exadv1 = Coder
ADMIN: 0staf = Coder
ADMIN: justicefries = Coder
ADMIN: eroticdad = Coder
ADMIN: angriestibm = Coder
ADMIN: hobnob = Coder
ADMIN: enallyniv = Coder
ADMIN: lallander = Coder
ADMIN: keelin = Coder
ADMIN: brianoblivion = Coder
ADMIN: arthurmuggins = Coder
ADMIN: isaidno = Coder
ADMIN: mport2004 = Coder
ADMIN: burntcornmuffin = Coder
ADMIN: ishallriseagain = Coder
ADMIN: lljkmosheninkov = Coder
ADMIN: dropsy = Coder
ADMIN: procitizensa = Coder
ADMIN: drmelon = Coder
ADMIN: halerina = Coder
ADMIN: pacra = Coder
ADMIN: jackmassacre = Coder
ADMIN: jackbox = Coder
ADMIN: infinitemonkeys = Coder
ADMIN: aphtonites = Coder
ADMIN: volundr = Coder
ADMIN: wirewraith = Coder
ADMIN: tobba = Coder
ADMIN: marquesas = Coder
ADMIN: hainesa = Coder
ADMIN: tom = Coder
ADMIN: herrspyguy = Coder
ADMIN: daeren = Coder
ADMIN: conor12 = Coder
ADMIN: convair880 = Coder
[21:02:58] ACCESS: Login: Furry Chicken from 
[21:06:20] ACCESS: Login: Blob Overmind (Furry Chicken) [TRAITOR] from 


Starting up. 21:42.05
---------------------

[21:42:10] ADMIN: Loading jobban_rank
[21:42:10] ADMIN: Jobban_keylist was empty
[21:42:10] ADMIN: Updating jobbanfile!
[21:42:10] ADMIN: Loading oocban_rank
[21:42:10] ADMIN: oocban_keylist was empty
[21:42:10] ADMIN: Updating jobbanfile!
ADMIN: slurm = Host
ADMIN: gibbed = Host
ADMIN: stuntwaffle = Host
ADMIN: pantaloons = Host
ADMIN: darsant = Host
ADMIN: nannek = Host
ADMIN: furrychicken = Host
ADMIN: cherkir = Host
ADMIN: exadv1 = Coder
ADMIN: 0staf = Coder
ADMIN: justicefries = Coder
ADMIN: eroticdad = Coder
ADMIN: angriestibm = Coder
ADMIN: hobnob = Coder
ADMIN: enallyniv = Coder
ADMIN: lallander = Coder
ADMIN: keelin = Coder
ADMIN: brianoblivion = Coder
ADMIN: arthurmuggins = Coder
ADMIN: isaidno = Coder
ADMIN: mport2004 = Coder
ADMIN: burntcornmuffin = Coder
ADMIN: ishallriseagain = Coder
ADMIN: lljkmosheninkov = Coder
ADMIN: dropsy = Coder
ADMIN: procitizensa = Coder
ADMIN: drmelon = Coder
ADMIN: halerina = Coder
ADMIN: pacra = Coder
ADMIN: jackmassacre = Coder
ADMIN: jackbox = Coder
ADMIN: infinitemonkeys = Coder
ADMIN: aphtonites = Coder
ADMIN: volundr = Coder
ADMIN: wirewraith = Coder
ADMIN: tobba = Coder
ADMIN: marquesas = Coder
ADMIN: hainesa = Coder
ADMIN: tom = Coder
ADMIN: herrspyguy = Coder
ADMIN: daeren = Coder
ADMIN: conor12 = Coder
ADMIN: convair880 = Coder
[21:42:26] ACCESS: Login: Furry Chicken from 


Starting up. 21:51.45
---------------------

[21:51:50] ADMIN: Loading jobban_rank
[21:51:50] ADMIN: Jobban_keylist was empty
[21:51:50] ADMIN: Updating jobbanfile!
[21:51:50] ADMIN: Loading oocban_rank
[21:51:50] ADMIN: oocban_keylist was empty
[21:51:50] ADMIN: Updating jobbanfile!
ADMIN: slurm = Host
ADMIN: gibbed = Host
ADMIN: stuntwaffle = Host
ADMIN: pantaloons = Host
ADMIN: darsant = Host
ADMIN: nannek = Host
ADMIN: furrychicken = Host
ADMIN: cherkir = Host
ADMIN: exadv1 = Coder
ADMIN: 0staf = Coder
ADMIN: justicefries = Coder
ADMIN: eroticdad = Coder
ADMIN: angriestibm = Coder
ADMIN: hobnob = Coder
ADMIN: enallyniv = Coder
ADMIN: lallander = Coder
ADMIN: keelin = Coder
ADMIN: brianoblivion = Coder
ADMIN: arthurmuggins = Coder
ADMIN: isaidno = Coder
ADMIN: mport2004 = Coder
ADMIN: burntcornmuffin = Coder
ADMIN: ishallriseagain = Coder
ADMIN: lljkmosheninkov = Coder
ADMIN: dropsy = Coder
ADMIN: procitizensa = Coder
ADMIN: drmelon = Coder
ADMIN: halerina = Coder
ADMIN: pacra = Coder
ADMIN: jackmassacre = Coder
ADMIN: jackbox = Coder
ADMIN: infinitemonkeys = Coder
ADMIN: aphtonites = Coder
ADMIN: volundr = Coder
ADMIN: wirewraith = Coder
ADMIN: tobba = Coder
ADMIN: marquesas = Coder
ADMIN: hainesa = Coder
ADMIN: tom = Coder
ADMIN: herrspyguy = Coder
ADMIN: daeren = Coder
ADMIN: conor12 = Coder
ADMIN: convair880 = Coder
[21:52:06] ACCESS: Login: Furry Chicken from 


Starting up. 22:05.26
---------------------

[22:05:30] ADMIN: Loading jobban_rank
[22:05:30] ADMIN: Jobban_keylist was empty
[22:05:30] ADMIN: Updating jobbanfile!
[22:05:30] ADMIN: Loading oocban_rank
[22:05:30] ADMIN: oocban_keylist was empty
[22:05:30] ADMIN: Updating jobbanfile!
ADMIN: slurm = Host
ADMIN: gibbed = Host
ADMIN: stuntwaffle = Host
ADMIN: pantaloons = Host
ADMIN: darsant = Host
ADMIN: nannek = Host
ADMIN: furrychicken = Host
ADMIN: cherkir = Host
ADMIN: exadv1 = Coder
ADMIN: 0staf = Coder
ADMIN: justicefries = Coder
ADMIN: eroticdad = Coder
ADMIN: angriestibm = Coder
ADMIN: hobnob = Coder
ADMIN: enallyniv = Coder
ADMIN: lallander = Coder
ADMIN: keelin = Coder
ADMIN: brianoblivion = Coder
ADMIN: arthurmuggins = Coder
ADMIN: isaidno = Coder
ADMIN: mport2004 = Coder
ADMIN: burntcornmuffin = Coder
ADMIN: ishallriseagain = Coder
ADMIN: lljkmosheninkov = Coder
ADMIN: dropsy = Coder
ADMIN: procitizensa = Coder
ADMIN: drmelon = Coder
ADMIN: halerina = Coder
ADMIN: pacra = Coder
ADMIN: jackmassacre = Coder
ADMIN: jackbox = Coder
ADMIN: infinitemonkeys = Coder
ADMIN: aphtonites = Coder
ADMIN: volundr = Coder
ADMIN: wirewraith = Coder
ADMIN: tobba = Coder
ADMIN: marquesas = Coder
ADMIN: hainesa = Coder
ADMIN: tom = Coder
ADMIN: herrspyguy = Coder
ADMIN: daeren = Coder
ADMIN: conor12 = Coder
ADMIN: convair880 = Coder
[22:05:43] ACCESS: Login: Furry Chicken from 
[22:08:53] SAY: Shitty Bill (NPC) : The hell're you lookin' at, chief?
[22:09:14] SAY: Father Jack (NPC) : That would be an ecumenical matter.
[22:09:36] SAY: Shitty Bill (NPC) : I ever tell you 'bout the time I huffed a whole canister fulla laughing gas?
[22:09:54] SAY: Shitty Bill (NPC) : You grustle?
[22:10:04] ADMIN: Furry Chicken [TRAITOR] [DEAD] initiated a reboot.


Starting up. 22:11.35
---------------------

[22:11:39] ADMIN: Loading jobban_rank
[22:11:39] ADMIN: Jobban_keylist was empty
[22:11:39] ADMIN: Updating jobbanfile!
[22:11:39] ADMIN: Loading oocban_rank
[22:11:39] ADMIN: oocban_keylist was empty
[22:11:39] ADMIN: Updating jobbanfile!
ADMIN: slurm = Host
ADMIN: gibbed = Host
ADMIN: stuntwaffle = Host
ADMIN: pantaloons = Host
ADMIN: darsant = Host
ADMIN: nannek = Host
ADMIN: furrychicken = Host
ADMIN: cherkir = Host
ADMIN: exadv1 = Coder
ADMIN: 0staf = Coder
ADMIN: justicefries = Coder
ADMIN: eroticdad = Coder
ADMIN: angriestibm = Coder
ADMIN: hobnob = Coder
ADMIN: enallyniv = Coder
ADMIN: lallander = Coder
ADMIN: keelin = Coder
ADMIN: brianoblivion = Coder
ADMIN: arthurmuggins = Coder
ADMIN: isaidno = Coder
ADMIN: mport2004 = Coder
ADMIN: burntcornmuffin = Coder
ADMIN: ishallriseagain = Coder
ADMIN: lljkmosheninkov = Coder
ADMIN: dropsy = Coder
ADMIN: procitizensa = Coder
ADMIN: drmelon = Coder
ADMIN: halerina = Coder
ADMIN: pacra = Coder
ADMIN: jackmassacre = Coder
ADMIN: jackbox = Coder
ADMIN: infinitemonkeys = Coder
ADMIN: aphtonites = Coder
ADMIN: volundr = Coder
ADMIN: wirewraith = Coder
ADMIN: tobba = Coder
ADMIN: marquesas = Coder
ADMIN: hainesa = Coder
ADMIN: tom = Coder
ADMIN: herrspyguy = Coder
ADMIN: daeren = Coder
ADMIN: conor12 = Coder
ADMIN: convair880 = Coder
[22:11:52] ACCESS: Login: Furry Chicken from 
[22:12:29] ADMIN: Furry Chicken [DEAD] has started the game.
[22:12:40] ACCESS: Login: Furry Chicken [TRAITOR] [DEAD] from 
[22:13:08] SAY: Father Jack (NPC) : FECK!


Starting up. 22:22.13
---------------------

[22:22:17] ADMIN: Loading jobban_rank
[22:22:17] ADMIN: Jobban_keylist was empty
[22:22:17] ADMIN: Updating jobbanfile!
[22:22:17] ADMIN: Loading oocban_rank
[22:22:17] ADMIN: oocban_keylist was empty
[22:22:17] ADMIN: Updating jobbanfile!
ADMIN: slurm = Host
ADMIN: gibbed = Host
ADMIN: stuntwaffle = Host
ADMIN: pantaloons = Host
ADMIN: darsant = Host
ADMIN: nannek = Host
ADMIN: furrychicken = Host
ADMIN: cherkir = Host
ADMIN: exadv1 = Coder
ADMIN: 0staf = Coder
ADMIN: justicefries = Coder
ADMIN: eroticdad = Coder
ADMIN: angriestibm = Coder
ADMIN: hobnob = Coder
ADMIN: enallyniv = Coder
ADMIN: lallander = Coder
ADMIN: keelin = Coder
ADMIN: brianoblivion = Coder
ADMIN: arthurmuggins = Coder
ADMIN: isaidno = Coder
ADMIN: mport2004 = Coder
ADMIN: burntcornmuffin = Coder
ADMIN: ishallriseagain = Coder
ADMIN: lljkmosheninkov = Coder
ADMIN: dropsy = Coder
ADMIN: procitizensa = Coder
ADMIN: drmelon = Coder
ADMIN: halerina = Coder
ADMIN: pacra = Coder
ADMIN: jackmassacre = Coder
ADMIN: jackbox = Coder
ADMIN: infinitemonkeys = Coder
ADMIN: aphtonites = Coder
ADMIN: volundr = Coder
ADMIN: wirewraith = Coder
ADMIN: tobba = Coder
ADMIN: marquesas = Coder
ADMIN: hainesa = Coder
ADMIN: tom = Coder
ADMIN: herrspyguy = Coder
ADMIN: daeren = Coder
ADMIN: conor12 = Coder
ADMIN: convair880 = Coder
[22:22:32] ACCESS: Login: Furry Chicken from 
[22:22:47] ADMIN: Furry Chicken [DEAD] has started the game.
[22:23:12] ACCESS: Login: Furry Chicken [TRAITOR] [DEAD] from 
[22:23:15] SAY: Shitty Bill (NPC) : Man, I sure don't miss Sirius.
[22:23:17] SAY: Shitty Bill (NPC) : I ever tell you 'bout the time I found a crate fulla smokes?
[22:23:33] SAY: Shitty Bill (NPC) : What're you lookin' at, spaceman?
[22:23:57] SAY: Shitty Bill (NPC) : I think my pals got caught.
[22:24:09] SAY: Shitty Bill (NPC) : You dance?
[22:25:04] ADMIN: Derek Altmann (Furry Chicken) [TRAITOR] [DEAD] created an explosion (power 213, brisance 1) at (<a href='?src=%admin_ref%;action=jumptocoords;target=1,1,1' title='Jump to Coords'>1,1,1</a> in Space).
[22:25:04] SAY: Shitty Bill (NPC) : Man, I sure don't miss Sirius.
[22:25:17] ADMIN: Derek Altmann (Furry Chicken) [TRAITOR] [DEAD] created an explosion (power 1000, brisance 1) at (<a href='?src=%admin_ref%;action=jumptocoords;target=178,163,1' title='Jump to Coords'>178,163,1</a> in Brig).
[22:25:20] SAY: Father Jack (NPC) : DRINK!
[22:25:33] ADMIN: Derek Altmann (Furry Chicken) [TRAITOR] [DEAD] created an explosion (power 4999, brisance 1) at (<a href='?src=%admin_ref%;action=jumptocoords;target=179,141,1' title='Jump to Coords'>179,141,1</a> in Security).
[22:25:34] SAY: Shitty Bill (NPC) : Man, I sure don't miss your dad.
[22:26:03] ADMIN: Derek Altmann (Furry Chicken) [TRAITOR] [DEAD] created an explosion (power 99999, brisance 1) at (<a href='?src=%admin_ref%;action=jumptocoords;target=1,1,1' title='Jump to Coords'>1,1,1</a> in Space).
[22:26:56] ADMIN: Derek Altmann (Furry Chicken) [TRAITOR] [DEAD] created an explosion (power 12, brisance 1) at (<a href='?src=%admin_ref%;action=jumptocoords;target=191,207,1' title='Jump to Coords'>191,207,1</a> in AI Chamber).
[22:27:52] ACCESS: Login: Blob Overmind (Furry Chicken) [TRAITOR] from 
[22:27:57] ADMIN: Blob Overmind (Furry Chicken) [TRAITOR] removed the antagonist status of Blob Overmind (Furry Chicken) [TRAITOR].
[22:27:58] ACCESS: Login: Garret Werner (Furry Chicken) from 
[22:28:00] SAY: Shitty Bill (NPC) : You a miner?
[22:28:26] SAY: Furry Chicken : *scream
[22:28:29] SAY: Furry Chicken : *scream
[22:30:15] SAY: Shitty Bill (NPC) : Got a light, wirehead?
[22:31:15] SAY: Furry Chicken : *scream
[22:31:21] SAY: Furry Chicken : *scream


Starting up. 22:39.25
---------------------

[22:39:29] ADMIN: Loading jobban_rank
[22:39:29] ADMIN: Jobban_keylist was empty
[22:39:29] ADMIN: Updating jobbanfile!
[22:39:29] ADMIN: Loading oocban_rank
[22:39:29] ADMIN: oocban_keylist was empty
[22:39:29] ADMIN: Updating jobbanfile!
ADMIN: slurm = Host
ADMIN: gibbed = Host
ADMIN: stuntwaffle = Host
ADMIN: pantaloons = Host
ADMIN: darsant = Host
ADMIN: nannek = Host
ADMIN: furrychicken = Host
ADMIN: cherkir = Host
ADMIN: exadv1 = Coder
ADMIN: 0staf = Coder
ADMIN: justicefries = Coder
ADMIN: eroticdad = Coder
ADMIN: angriestibm = Coder
ADMIN: hobnob = Coder
ADMIN: enallyniv = Coder
ADMIN: lallander = Coder
ADMIN: keelin = Coder
ADMIN: brianoblivion = Coder
ADMIN: arthurmuggins = Coder
ADMIN: isaidno = Coder
ADMIN: mport2004 = Coder
ADMIN: burntcornmuffin = Coder
ADMIN: ishallriseagain = Coder
ADMIN: lljkmosheninkov = Coder
ADMIN: dropsy = Coder
ADMIN: procitizensa = Coder
ADMIN: drmelon = Coder
ADMIN: halerina = Coder
ADMIN: pacra = Coder
ADMIN: jackmassacre = Coder
ADMIN: jackbox = Coder
ADMIN: infinitemonkeys = Coder
ADMIN: aphtonites = Coder
ADMIN: volundr = Coder
ADMIN: wirewraith = Coder
ADMIN: tobba = Coder
ADMIN: marquesas = Coder
ADMIN: hainesa = Coder
ADMIN: tom = Coder
ADMIN: herrspyguy = Coder
ADMIN: daeren = Coder
ADMIN: conor12 = Coder
ADMIN: convair880 = Coder
[22:39:43] ACCESS: Login: Furry Chicken from 


Starting up. 22:47.51
---------------------

[22:47:55] ADMIN: Loading jobban_rank
[22:47:55] ADMIN: Jobban_keylist was empty
[22:47:55] ADMIN: Updating jobbanfile!
[22:47:55] ADMIN: Loading oocban_rank
[22:47:55] ADMIN: oocban_keylist was empty
[22:47:55] ADMIN: Updating jobbanfile!
ADMIN: slurm = Host
ADMIN: gibbed = Host
ADMIN: stuntwaffle = Host
ADMIN: pantaloons = Host
ADMIN: darsant = Host
ADMIN: nannek = Host
ADMIN: furrychicken = Host
ADMIN: cherkir = Host
ADMIN: exadv1 = Coder
ADMIN: 0staf = Coder
ADMIN: justicefries = Coder
ADMIN: eroticdad = Coder
ADMIN: angriestibm = Coder
ADMIN: hobnob = Coder
ADMIN: enallyniv = Coder
ADMIN: lallander = Coder
ADMIN: keelin = Coder
ADMIN: brianoblivion = Coder
ADMIN: arthurmuggins = Coder
ADMIN: isaidno = Coder
ADMIN: mport2004 = Coder
ADMIN: burntcornmuffin = Coder
ADMIN: ishallriseagain = Coder
ADMIN: lljkmosheninkov = Coder
ADMIN: dropsy = Coder
ADMIN: procitizensa = Coder
ADMIN: drmelon = Coder
ADMIN: halerina = Coder
ADMIN: pacra = Coder
ADMIN: jackmassacre = Coder
ADMIN: jackbox = Coder
ADMIN: infinitemonkeys = Coder
ADMIN: aphtonites = Coder
ADMIN: volundr = Coder
ADMIN: wirewraith = Coder
ADMIN: tobba = Coder
ADMIN: marquesas = Coder
ADMIN: hainesa = Coder
ADMIN: tom = Coder
ADMIN: herrspyguy = Coder
ADMIN: daeren = Coder
ADMIN: conor12 = Coder
ADMIN: convair880 = Coder
[22:48:10] ACCESS: Login: Furry Chicken from 
[22:49:22] SAY: Shitty Bill (NPC) : Got a light, chief?


Starting up. 22:57.45
---------------------

[22:57:49] ADMIN: Loading jobban_rank
[22:57:49] ADMIN: Jobban_keylist was empty
[22:57:49] ADMIN: Updating jobbanfile!
[22:57:49] ADMIN: Loading oocban_rank
[22:57:49] ADMIN: oocban_keylist was empty
[22:57:49] ADMIN: Updating jobbanfile!
ADMIN: slurm = Host
ADMIN: gibbed = Host
ADMIN: stuntwaffle = Host
ADMIN: pantaloons = Host
ADMIN: darsant = Host
ADMIN: nannek = Host
ADMIN: furrychicken = Host
ADMIN: cherkir = Host
ADMIN: exadv1 = Coder
ADMIN: 0staf = Coder
ADMIN: justicefries = Coder
ADMIN: eroticdad = Coder
ADMIN: angriestibm = Coder
ADMIN: hobnob = Coder
ADMIN: enallyniv = Coder
ADMIN: lallander = Coder
ADMIN: keelin = Coder
ADMIN: brianoblivion = Coder
ADMIN: arthurmuggins = Coder
ADMIN: isaidno = Coder
ADMIN: mport2004 = Coder
ADMIN: burntcornmuffin = Coder
ADMIN: ishallriseagain = Coder
ADMIN: lljkmosheninkov = Coder
ADMIN: dropsy = Coder
ADMIN: procitizensa = Coder
ADMIN: drmelon = Coder
ADMIN: halerina = Coder
ADMIN: pacra = Coder
ADMIN: jackmassacre = Coder
ADMIN: jackbox = Coder
ADMIN: infinitemonkeys = Coder
ADMIN: aphtonites = Coder
ADMIN: volundr = Coder
ADMIN: wirewraith = Coder
ADMIN: tobba = Coder
ADMIN: marquesas = Coder
ADMIN: hainesa = Coder
ADMIN: tom = Coder
ADMIN: herrspyguy = Coder
ADMIN: daeren = Coder
ADMIN: conor12 = Coder
ADMIN: convair880 = Coder
[22:58:03] ACCESS: Login: Furry Chicken from 
[22:58:45] ACCESS: Login: Furry Chicken [TRAITOR] from 
[22:59:02] SAY: Furry Chicken [TRAITOR] : *scream
[22:59:38] SAY: Father Jack (NPC) : GIRLS!
[22:59:59] SAY: Shitty Bill (NPC) : I think my crew stole my key.
[23:00:51] SAY: Father Jack (NPC) : GIRLS!
