

Starting up. 00:30.55
---------------------

[00:30:59] ADMIN: Loading jobban_rank
[00:30:59] ADMIN: Jobban_keylist was empty
[00:30:59] ADMIN: Updating jobbanfile!
[00:30:59] ADMIN: Loading oocban_rank
[00:30:59] ADMIN: oocban_keylist was empty
[00:30:59] ADMIN: Updating jobbanfile!
ADMIN: slurm = Host
ADMIN: gibbed = Host
ADMIN: stuntwaffle = Host
ADMIN: pantaloons = Host
ADMIN: darsant = Host
ADMIN: nannek = Host
ADMIN: furrychicken = Host
ADMIN: cherkir = Host
ADMIN: exadv1 = Coder
ADMIN: 0staf = Coder
ADMIN: justicefries = Coder
ADMIN: eroticdad = Coder
ADMIN: angriestibm = Coder
ADMIN: hobnob = Coder
ADMIN: enallyniv = Coder
ADMIN: lallander = Coder
ADMIN: keelin = Coder
ADMIN: brianoblivion = Coder
ADMIN: arthurmuggins = Coder
ADMIN: isaidno = Coder
ADMIN: mport2004 = Coder
ADMIN: burntcornmuffin = Coder
ADMIN: ishallriseagain = Coder
ADMIN: lljkmosheninkov = Coder
ADMIN: dropsy = Coder
ADMIN: procitizensa = Coder
ADMIN: drmelon = Coder
ADMIN: halerina = Coder
ADMIN: pacra = Coder
ADMIN: jackmassacre = Coder
ADMIN: jackbox = Coder
ADMIN: infinitemonkeys = Coder
ADMIN: aphtonites = Coder
ADMIN: volundr = Coder
ADMIN: wirewraith = Coder
ADMIN: tobba = Coder
ADMIN: marquesas = Coder
ADMIN: hainesa = Coder
ADMIN: tom = Coder
ADMIN: herrspyguy = Coder
ADMIN: daeren = Coder
ADMIN: conor12 = Coder
ADMIN: convair880 = Coder
[00:31:13] ACCESS: Login: Furry Chicken from 
[00:31:53] ACCESS: Login: Furry Chicken [TRAITOR] from 
[00:32:02] SAY: Furry Chicken [TRAITOR] : *scream
[00:32:07] SAY: Furry Chicken [TRAITOR] : WHAT THE FUCK
[00:32:18] SAY: Shitty Bill (NPC) : I ever tell you 'bout the day I got fired?
[00:32:35] SAY: Shitty Bill (NPC) : Nice wheels, wirehead.
[00:33:55] SAY: Shitty Bill (NPC) : Hey dweeb, gimme yer jet.
[00:34:08] SAY: Shitty Bill (NPC) : What you lookin' at, buddy?
[00:34:12] SAY: Furry Chicken [TRAITOR] : *scream
[00:34:21] SAY: Furry Chicken [TRAITOR] : *scream
[00:34:21] SAY: Furry Chicken [TRAITOR] : *scream
[00:34:21] SAY: Furry Chicken [TRAITOR] : *scream
[00:34:21] SAY: Furry Chicken [TRAITOR] : *scream
[00:34:22] SAY: Shitty Bill (NPC) : Got any blotters?
[00:35:51] SAY: Father Jack (NPC) : That would be an ecumenical matter.
[00:36:22] SAY: Father Jack (NPC) : GIRLS!
[00:36:31] SAY: Shitty Bill (NPC) : Got any hyro?
[00:36:57] SAY: Shitty Bill (NPC) : Nice hair, buddy.
[00:37:32] SAY: Father Jack (NPC) : ARSE!
[00:37:49] SAY: Father Jack (NPC) : ARSE!


Starting up. 00:42.59
---------------------

[00:43:03] ADMIN: Loading jobban_rank
[00:43:03] ADMIN: Jobban_keylist was empty
[00:43:03] ADMIN: Updating jobbanfile!
[00:43:03] ADMIN: Loading oocban_rank
[00:43:03] ADMIN: oocban_keylist was empty
[00:43:03] ADMIN: Updating jobbanfile!
ADMIN: slurm = Host
ADMIN: gibbed = Host
ADMIN: stuntwaffle = Host
ADMIN: pantaloons = Host
ADMIN: darsant = Host
ADMIN: nannek = Host
ADMIN: furrychicken = Host
ADMIN: cherkir = Host
ADMIN: exadv1 = Coder
ADMIN: 0staf = Coder
ADMIN: justicefries = Coder
ADMIN: eroticdad = Coder
ADMIN: angriestibm = Coder
ADMIN: hobnob = Coder
ADMIN: enallyniv = Coder
ADMIN: lallander = Coder
ADMIN: keelin = Coder
ADMIN: brianoblivion = Coder
ADMIN: arthurmuggins = Coder
ADMIN: isaidno = Coder
ADMIN: mport2004 = Coder
ADMIN: burntcornmuffin = Coder
ADMIN: ishallriseagain = Coder
ADMIN: lljkmosheninkov = Coder
ADMIN: dropsy = Coder
ADMIN: procitizensa = Coder
ADMIN: drmelon = Coder
ADMIN: halerina = Coder
ADMIN: pacra = Coder
ADMIN: jackmassacre = Coder
ADMIN: jackbox = Coder
ADMIN: infinitemonkeys = Coder
ADMIN: aphtonites = Coder
ADMIN: volundr = Coder
ADMIN: wirewraith = Coder
ADMIN: tobba = Coder
ADMIN: marquesas = Coder
ADMIN: hainesa = Coder
ADMIN: tom = Coder
ADMIN: herrspyguy = Coder
ADMIN: daeren = Coder
ADMIN: conor12 = Coder
ADMIN: convair880 = Coder
[00:43:15] ACCESS: Login: Furry Chicken from 
[00:44:28] ACCESS: Login: Furry Chicken [TRAITOR] from 


Starting up. 00:46.35
---------------------

[00:46:38] ADMIN: Loading jobban_rank
[00:46:38] ADMIN: Jobban_keylist was empty
[00:46:38] ADMIN: Updating jobbanfile!
[00:46:38] ADMIN: Loading oocban_rank
[00:46:38] ADMIN: oocban_keylist was empty
[00:46:38] ADMIN: Updating jobbanfile!
ADMIN: slurm = Host
ADMIN: gibbed = Host
ADMIN: stuntwaffle = Host
ADMIN: pantaloons = Host
ADMIN: darsant = Host
ADMIN: nannek = Host
ADMIN: furrychicken = Host
ADMIN: cherkir = Host
ADMIN: exadv1 = Coder
ADMIN: 0staf = Coder
ADMIN: justicefries = Coder
ADMIN: eroticdad = Coder
ADMIN: angriestibm = Coder
ADMIN: hobnob = Coder
ADMIN: enallyniv = Coder
ADMIN: lallander = Coder
ADMIN: keelin = Coder
ADMIN: brianoblivion = Coder
ADMIN: arthurmuggins = Coder
ADMIN: isaidno = Coder
ADMIN: mport2004 = Coder
ADMIN: burntcornmuffin = Coder
ADMIN: ishallriseagain = Coder
ADMIN: lljkmosheninkov = Coder
ADMIN: dropsy = Coder
ADMIN: procitizensa = Coder
ADMIN: drmelon = Coder
ADMIN: halerina = Coder
ADMIN: pacra = Coder
ADMIN: jackmassacre = Coder
ADMIN: jackbox = Coder
ADMIN: infinitemonkeys = Coder
ADMIN: aphtonites = Coder
ADMIN: volundr = Coder
ADMIN: wirewraith = Coder
ADMIN: tobba = Coder
ADMIN: marquesas = Coder
ADMIN: hainesa = Coder
ADMIN: tom = Coder
ADMIN: herrspyguy = Coder
ADMIN: daeren = Coder
ADMIN: conor12 = Coder
ADMIN: convair880 = Coder
[00:46:52] ACCESS: Login: Furry Chicken from 
[00:47:32] ACCESS: Login: Furry Chicken [TRAITOR] from 


Starting up. 00:51.43
---------------------

[00:51:47] ADMIN: Loading jobban_rank
[00:51:47] ADMIN: Jobban_keylist was empty
[00:51:47] ADMIN: Updating jobbanfile!
[00:51:47] ADMIN: Loading oocban_rank
[00:51:47] ADMIN: oocban_keylist was empty
[00:51:47] ADMIN: Updating jobbanfile!
ADMIN: slurm = Host
ADMIN: gibbed = Host
ADMIN: stuntwaffle = Host
ADMIN: pantaloons = Host
ADMIN: darsant = Host
ADMIN: nannek = Host
ADMIN: furrychicken = Host
ADMIN: cherkir = Host
ADMIN: exadv1 = Coder
ADMIN: 0staf = Coder
ADMIN: justicefries = Coder
ADMIN: eroticdad = Coder
ADMIN: angriestibm = Coder
ADMIN: hobnob = Coder
ADMIN: enallyniv = Coder
ADMIN: lallander = Coder
ADMIN: keelin = Coder
ADMIN: brianoblivion = Coder
ADMIN: arthurmuggins = Coder
ADMIN: isaidno = Coder
ADMIN: mport2004 = Coder
ADMIN: burntcornmuffin = Coder
ADMIN: ishallriseagain = Coder
ADMIN: lljkmosheninkov = Coder
ADMIN: dropsy = Coder
ADMIN: procitizensa = Coder
ADMIN: drmelon = Coder
ADMIN: halerina = Coder
ADMIN: pacra = Coder
ADMIN: jackmassacre = Coder
ADMIN: jackbox = Coder
ADMIN: infinitemonkeys = Coder
ADMIN: aphtonites = Coder
ADMIN: volundr = Coder
ADMIN: wirewraith = Coder
ADMIN: tobba = Coder
ADMIN: marquesas = Coder
ADMIN: hainesa = Coder
ADMIN: tom = Coder
ADMIN: herrspyguy = Coder
ADMIN: daeren = Coder
ADMIN: conor12 = Coder
ADMIN: convair880 = Coder
[00:52:01] ACCESS: Login: Furry Chicken from 
[00:52:41] ACCESS: Login: Furry Chicken [TRAITOR] from 


Starting up. 01:07.00
---------------------

[01:07:03] ADMIN: Loading jobban_rank
[01:07:03] ADMIN: Jobban_keylist was empty
[01:07:03] ADMIN: Updating jobbanfile!
[01:07:03] ADMIN: Loading oocban_rank
[01:07:03] ADMIN: oocban_keylist was empty
[01:07:03] ADMIN: Updating jobbanfile!
ADMIN: slurm = Host
ADMIN: gibbed = Host
ADMIN: stuntwaffle = Host
ADMIN: pantaloons = Host
ADMIN: darsant = Host
ADMIN: nannek = Host
ADMIN: furrychicken = Host
ADMIN: cherkir = Host
ADMIN: exadv1 = Coder
ADMIN: 0staf = Coder
ADMIN: justicefries = Coder
ADMIN: eroticdad = Coder
ADMIN: angriestibm = Coder
ADMIN: hobnob = Coder
ADMIN: enallyniv = Coder
ADMIN: lallander = Coder
ADMIN: keelin = Coder
ADMIN: brianoblivion = Coder
ADMIN: arthurmuggins = Coder
ADMIN: isaidno = Coder
ADMIN: mport2004 = Coder
ADMIN: burntcornmuffin = Coder
ADMIN: ishallriseagain = Coder
ADMIN: lljkmosheninkov = Coder
ADMIN: dropsy = Coder
ADMIN: procitizensa = Coder
ADMIN: drmelon = Coder
ADMIN: halerina = Coder
ADMIN: pacra = Coder
ADMIN: jackmassacre = Coder
ADMIN: jackbox = Coder
ADMIN: infinitemonkeys = Coder
ADMIN: aphtonites = Coder
ADMIN: volundr = Coder
ADMIN: wirewraith = Coder
ADMIN: tobba = Coder
ADMIN: marquesas = Coder
ADMIN: hainesa = Coder
ADMIN: tom = Coder
ADMIN: herrspyguy = Coder
ADMIN: daeren = Coder
ADMIN: conor12 = Coder
ADMIN: convair880 = Coder
[01:07:16] ACCESS: Login: Furry Chicken from 
[01:07:55] ACCESS: Login: Furry Chicken [TRAITOR] from 
[01:07:59] SAY: Father Jack (NPC) : ARSE!
[01:08:02] SAY: Shitty Bill (NPC) : Hello Donald "Don" Glabs.


Starting up. 01:19.27
---------------------

[01:19:31] ADMIN: Loading jobban_rank
[01:19:31] ADMIN: Jobban_keylist was empty
[01:19:31] ADMIN: Updating jobbanfile!
[01:19:31] ADMIN: Loading oocban_rank
[01:19:31] ADMIN: oocban_keylist was empty
[01:19:31] ADMIN: Updating jobbanfile!
ADMIN: slurm = Host
ADMIN: gibbed = Host
ADMIN: stuntwaffle = Host
ADMIN: pantaloons = Host
ADMIN: darsant = Host
ADMIN: nannek = Host
ADMIN: furrychicken = Host
ADMIN: cherkir = Host
ADMIN: exadv1 = Coder
ADMIN: 0staf = Coder
ADMIN: justicefries = Coder
ADMIN: eroticdad = Coder
ADMIN: angriestibm = Coder
ADMIN: hobnob = Coder
ADMIN: enallyniv = Coder
ADMIN: lallander = Coder
ADMIN: keelin = Coder
ADMIN: brianoblivion = Coder
ADMIN: arthurmuggins = Coder
ADMIN: isaidno = Coder
ADMIN: mport2004 = Coder
ADMIN: burntcornmuffin = Coder
ADMIN: ishallriseagain = Coder
ADMIN: lljkmosheninkov = Coder
ADMIN: dropsy = Coder
ADMIN: procitizensa = Coder
ADMIN: drmelon = Coder
ADMIN: halerina = Coder
ADMIN: pacra = Coder
ADMIN: jackmassacre = Coder
ADMIN: jackbox = Coder
ADMIN: infinitemonkeys = Coder
ADMIN: aphtonites = Coder
ADMIN: volundr = Coder
ADMIN: wirewraith = Coder
ADMIN: tobba = Coder
ADMIN: marquesas = Coder
ADMIN: hainesa = Coder
ADMIN: tom = Coder
ADMIN: herrspyguy = Coder
ADMIN: daeren = Coder
ADMIN: conor12 = Coder
ADMIN: convair880 = Coder
[01:19:43] ACCESS: Login: Furry Chicken from 
[01:20:23] ACCESS: Login: Furry Chicken [TRAITOR] from 
[01:20:38] SAY: Shitty Bill (NPC) : Got a light, buddy?


Starting up. 01:23.25
---------------------



Starting up. 01:23.29
---------------------

[01:23:30] ADMIN: Loading jobban_rank
[01:23:30] ADMIN: Jobban_keylist was empty
[01:23:30] ADMIN: Updating jobbanfile!
[01:23:30] ADMIN: Loading oocban_rank
[01:23:30] ADMIN: oocban_keylist was empty
[01:23:30] ADMIN: Updating jobbanfile!
[01:23:33] ADMIN: Loading jobban_rank
[01:23:33] ADMIN: Jobban_keylist was empty
[01:23:33] ADMIN: Updating jobbanfile!
[01:23:33] ADMIN: Loading oocban_rank
[01:23:33] ADMIN: oocban_keylist was empty
[01:23:33] ADMIN: Updating jobbanfile!
ADMIN: slurm = Host
ADMIN: gibbed = Host
ADMIN: stuntwaffle = Host
ADMIN: pantaloons = Host
ADMIN: darsant = Host
ADMIN: nannek = Host
ADMIN: furrychicken = Host
ADMIN: cherkir = Host
ADMIN: exadv1 = Coder
ADMIN: 0staf = Coder
ADMIN: justicefries = Coder
ADMIN: eroticdad = Coder
ADMIN: angriestibm = Coder
ADMIN: hobnob = Coder
ADMIN: enallyniv = Coder
ADMIN: lallander = Coder
ADMIN: keelin = Coder
ADMIN: brianoblivion = Coder
ADMIN: arthurmuggins = Coder
ADMIN: isaidno = Coder
ADMIN: mport2004 = Coder
ADMIN: burntcornmuffin = Coder
ADMIN: ishallriseagain = Coder
ADMIN: lljkmosheninkov = Coder
ADMIN: dropsy = Coder
ADMIN: procitizensa = Coder
ADMIN: drmelon = Coder
ADMIN: halerina = Coder
ADMIN: pacra = Coder
ADMIN: jackmassacre = Coder
ADMIN: jackbox = Coder
ADMIN: infinitemonkeys = Coder
ADMIN: aphtonites = Coder
ADMIN: volundr = Coder
ADMIN: wirewraith = Coder
ADMIN: tobba = Coder
ADMIN: marquesas = Coder
ADMIN: hainesa = Coder
ADMIN: tom = Coder
ADMIN: herrspyguy = Coder
ADMIN: daeren = Coder
ADMIN: conor12 = Coder
ADMIN: convair880 = Coder
ADMIN: slurm = Host
ADMIN: gibbed = Host
ADMIN: stuntwaffle = Host
ADMIN: pantaloons = Host
ADMIN: darsant = Host
ADMIN: nannek = Host
ADMIN: furrychicken = Host
ADMIN: cherkir = Host
ADMIN: exadv1 = Coder
ADMIN: 0staf = Coder
ADMIN: justicefries = Coder
ADMIN: eroticdad = Coder
ADMIN: angriestibm = Coder
ADMIN: hobnob = Coder
ADMIN: enallyniv = Coder
ADMIN: lallander = Coder
ADMIN: keelin = Coder
ADMIN: brianoblivion = Coder
ADMIN: arthurmuggins = Coder
ADMIN: isaidno = Coder
ADMIN: mport2004 = Coder
ADMIN: burntcornmuffin = Coder
ADMIN: ishallriseagain = Coder
ADMIN: lljkmosheninkov = Coder
ADMIN: dropsy = Coder
ADMIN: procitizensa = Coder
ADMIN: drmelon = Coder
ADMIN: halerina = Coder
ADMIN: pacra = Coder
ADMIN: jackmassacre = Coder
ADMIN: jackbox = Coder
ADMIN: infinitemonkeys = Coder
ADMIN: aphtonites = Coder
ADMIN: volundr = Coder
ADMIN: wirewraith = Coder
ADMIN: tobba = Coder
ADMIN: marquesas = Coder
ADMIN: hainesa = Coder
ADMIN: tom = Coder
ADMIN: herrspyguy = Coder
ADMIN: daeren = Coder
ADMIN: conor12 = Coder
ADMIN: convair880 = Coder
[01:23:47] ACCESS: Login: Furry Chicken from 
[01:23:51] ACCESS: Login: Furry Chicken from 
[01:24:57] ACCESS: Login: Furry Chicken [TRAITOR] from 
[01:25:02] SAY: Father Jack (NPC) : GIRLS!
[01:25:02] SAY: Alien Drone 247 (Furry Chicken) [TRAITOR] : *scream


Starting up. 15:29.35
---------------------

[15:29:40] ADMIN: Loading jobban_rank
[15:29:40] ADMIN: Jobban_keylist was empty
[15:29:40] ADMIN: Updating jobbanfile!
[15:29:40] ADMIN: Loading oocban_rank
[15:29:40] ADMIN: oocban_keylist was empty
[15:29:40] ADMIN: Updating jobbanfile!
ADMIN: slurm = Host
ADMIN: gibbed = Host
ADMIN: stuntwaffle = Host
ADMIN: pantaloons = Host
ADMIN: darsant = Host
ADMIN: nannek = Host
ADMIN: furrychicken = Host
ADMIN: cherkir = Host
ADMIN: exadv1 = Coder
ADMIN: 0staf = Coder
ADMIN: justicefries = Coder
ADMIN: eroticdad = Coder
ADMIN: angriestibm = Coder
ADMIN: hobnob = Coder
ADMIN: enallyniv = Coder
ADMIN: lallander = Coder
ADMIN: keelin = Coder
ADMIN: brianoblivion = Coder
ADMIN: arthurmuggins = Coder
ADMIN: isaidno = Coder
ADMIN: mport2004 = Coder
ADMIN: burntcornmuffin = Coder
ADMIN: ishallriseagain = Coder
ADMIN: lljkmosheninkov = Coder
ADMIN: dropsy = Coder
ADMIN: procitizensa = Coder
ADMIN: drmelon = Coder
ADMIN: halerina = Coder
ADMIN: pacra = Coder
ADMIN: jackmassacre = Coder
ADMIN: jackbox = Coder
ADMIN: infinitemonkeys = Coder
ADMIN: aphtonites = Coder
ADMIN: volundr = Coder
ADMIN: wirewraith = Coder
ADMIN: tobba = Coder
ADMIN: marquesas = Coder
ADMIN: hainesa = Coder
ADMIN: tom = Coder
ADMIN: herrspyguy = Coder
ADMIN: daeren = Coder
ADMIN: conor12 = Coder
ADMIN: convair880 = Coder
[15:29:54] ACCESS: Login: Furry Chicken from 
[15:31:41] ACCESS: Login: Alien Drone 977 (Furry Chicken) [TRAITOR] from 
[15:32:03] SAY: Alien Drone 977 (Furry Chicken) [TRAITOR] : *scream
[15:32:23] SAY: Shitty Bill (NPC) : The hell you lookin' at, weirdo?


Starting up. 15:44.15
---------------------

[15:44:19] ADMIN: Loading jobban_rank
[15:44:19] ADMIN: Jobban_keylist was empty
[15:44:19] ADMIN: Updating jobbanfile!
[15:44:19] ADMIN: Loading oocban_rank
[15:44:19] ADMIN: oocban_keylist was empty
[15:44:19] ADMIN: Updating jobbanfile!
ADMIN: slurm = Host
ADMIN: gibbed = Host
ADMIN: stuntwaffle = Host
ADMIN: pantaloons = Host
ADMIN: darsant = Host
ADMIN: nannek = Host
ADMIN: furrychicken = Host
ADMIN: cherkir = Host
ADMIN: exadv1 = Coder
ADMIN: 0staf = Coder
ADMIN: justicefries = Coder
ADMIN: eroticdad = Coder
ADMIN: angriestibm = Coder
ADMIN: hobnob = Coder
ADMIN: enallyniv = Coder
ADMIN: lallander = Coder
ADMIN: keelin = Coder
ADMIN: brianoblivion = Coder
ADMIN: arthurmuggins = Coder
ADMIN: isaidno = Coder
ADMIN: mport2004 = Coder
ADMIN: burntcornmuffin = Coder
ADMIN: ishallriseagain = Coder
ADMIN: lljkmosheninkov = Coder
ADMIN: dropsy = Coder
ADMIN: procitizensa = Coder
ADMIN: drmelon = Coder
ADMIN: halerina = Coder
ADMIN: pacra = Coder
ADMIN: jackmassacre = Coder
ADMIN: jackbox = Coder
ADMIN: infinitemonkeys = Coder
ADMIN: aphtonites = Coder
ADMIN: volundr = Coder
ADMIN: wirewraith = Coder
ADMIN: tobba = Coder
ADMIN: marquesas = Coder
ADMIN: hainesa = Coder
ADMIN: tom = Coder
ADMIN: herrspyguy = Coder
ADMIN: daeren = Coder
ADMIN: conor12 = Coder
ADMIN: convair880 = Coder
[15:44:33] ACCESS: Login: Furry Chicken from 
[15:45:17] ACCESS: Login: Alien Drone 681 (Furry Chicken) [TRAITOR] from 
[15:45:30] SAY: Shitty Bill (NPC) : You a miner?
[15:46:41] SAY: Shitty Bill (NPC) : You a Synder?
[15:46:46] SAY: Shitty Bill (NPC) : Oh Christ, it's Donald "Don" Glabs.
[15:46:46] SAY: Father Jack (NPC) : DRINK!
[15:48:18] SAY: Shitty Bill (NPC) : Got any astro?
[15:48:38] SAY: Father Jack (NPC) : GIRLS!
[15:49:04] SAY: Alien Drone 681 (Furry Chicken) [TRAITOR] : *scream
[15:49:22] SAY: Shitty Bill (NPC) : You jet?


Starting up. 16:08.20
---------------------

[16:08:25] ADMIN: Loading jobban_rank
[16:08:25] ADMIN: Jobban_keylist was empty
[16:08:25] ADMIN: Updating jobbanfile!
[16:08:25] ADMIN: Loading oocban_rank
[16:08:25] ADMIN: oocban_keylist was empty
[16:08:25] ADMIN: Updating jobbanfile!
ADMIN: slurm = Host
ADMIN: gibbed = Host
ADMIN: stuntwaffle = Host
ADMIN: pantaloons = Host
ADMIN: darsant = Host
ADMIN: nannek = Host
ADMIN: furrychicken = Host
ADMIN: cherkir = Host
ADMIN: exadv1 = Coder
ADMIN: 0staf = Coder
ADMIN: justicefries = Coder
ADMIN: eroticdad = Coder
ADMIN: angriestibm = Coder
ADMIN: hobnob = Coder
ADMIN: enallyniv = Coder
ADMIN: lallander = Coder
ADMIN: keelin = Coder
ADMIN: brianoblivion = Coder
ADMIN: arthurmuggins = Coder
ADMIN: isaidno = Coder
ADMIN: mport2004 = Coder
ADMIN: burntcornmuffin = Coder
ADMIN: ishallriseagain = Coder
ADMIN: lljkmosheninkov = Coder
ADMIN: dropsy = Coder
ADMIN: procitizensa = Coder
ADMIN: drmelon = Coder
ADMIN: halerina = Coder
ADMIN: pacra = Coder
ADMIN: jackmassacre = Coder
ADMIN: jackbox = Coder
ADMIN: infinitemonkeys = Coder
ADMIN: aphtonites = Coder
ADMIN: volundr = Coder
ADMIN: wirewraith = Coder
ADMIN: tobba = Coder
ADMIN: marquesas = Coder
ADMIN: hainesa = Coder
ADMIN: tom = Coder
ADMIN: herrspyguy = Coder
ADMIN: daeren = Coder
ADMIN: conor12 = Coder
ADMIN: convair880 = Coder
[16:08:41] ACCESS: Login: Furry Chicken from 
[16:09:28] ACCESS: Login: Derek Altmann (Furry Chicken) from 
[16:09:31] SAY: Shitty Bill (NPC) : I think my associates stole my cat.
[16:09:43] SAY: Shitty Bill (NPC) : Hey chump, gimme yer cash.
[16:09:57] SAY: Shitty Bill (NPC) : I ever tell you 'bout that time some nerd saved me from a massive drone that wouldn't quit starin' at me?
[16:10:07] SAY: Shitty Bill (NPC) : Hey buddy, gimme yer patch.
[16:10:14] SAY: Shitty Bill (NPC) : I think my bros stole my key.
[16:10:34] SAY: Shitty Bill (NPC) : You a dracula?
[16:11:04] SAY: Derek Altmann (Furry Chicken) : *scream
[16:11:40] SAY: Shitty Bill (NPC) : Nice hogg, nerd.
[16:11:42] SAY: Shitty Bill (NPC) : You a narc?
[16:11:56] SAY: Shitty Bill (NPC) : Hey pal, gimme yer card.
[16:12:10] SAY: Shitty Bill (NPC) : You a dracula?
[16:12:25] SAY: Derek Altmann (Furry Chicken) : *scream
[16:12:26] SAY: Derek Altmann (Furry Chicken) : *scream
[16:12:26] SAY: Derek Altmann (Furry Chicken) : *scream
[16:12:26] SAY: Derek Altmann (Furry Chicken) : *scream
[16:12:26] SAY: Derek Altmann (Furry Chicken) : *scream
[16:12:26] SAY: Derek Altmann (Furry Chicken) : *scream
[16:12:27] SAY: Derek Altmann (Furry Chicken) : *scream
[16:12:27] SAY: Derek Altmann (Furry Chicken) : *scream
[16:12:27] SAY: Derek Altmann (Furry Chicken) : *scream
[16:12:27] SAY: Derek Altmann (Furry Chicken) : *scream
[16:12:27] SAY: Derek Altmann (Furry Chicken) : *scream
[16:12:28] SAY: Derek Altmann (Furry Chicken) : *scream
[16:12:28] SAY: Derek Altmann (Furry Chicken) : *scream
[16:12:28] SAY: Derek Altmann (Furry Chicken) : *scream
[16:12:29] SAY: Derek Altmann (Furry Chicken) : *scream
[16:12:29] SAY: Derek Altmann (Furry Chicken) : *scream
[16:12:29] SAY: Derek Altmann (Furry Chicken) : *scream
[16:12:30] SAY: Derek Altmann (Furry Chicken) : *scream
[16:12:30] SAY: Derek Altmann (Furry Chicken) : *scream
[16:12:31] SAY: Derek Altmann (Furry Chicken) : *scream
[16:12:31] SAY: Derek Altmann (Furry Chicken) : *scream
[16:12:32] SAY: Derek Altmann (Furry Chicken) : *scream
[16:12:32] SAY: Derek Altmann (Furry Chicken) : *scream
[16:12:32] SAY: Derek Altmann (Furry Chicken) : *scream
[16:12:32] SAY: Derek Altmann (Furry Chicken) : *scream
[16:12:33] SAY: Derek Altmann (Furry Chicken) : *scream
[16:12:33] SAY: Derek Altmann (Furry Chicken) : *scream
[16:12:34] SAY: Derek Altmann (Furry Chicken) : *scream
[16:12:34] SAY: Derek Altmann (Furry Chicken) : *scream
[16:12:34] SAY: Derek Altmann (Furry Chicken) : *scream
[16:12:42] SAY: Derek Altmann (Furry Chicken) : *scream


Starting up. 16:15.32
---------------------

[16:15:36] ADMIN: Loading jobban_rank
[16:15:36] ADMIN: Jobban_keylist was empty
[16:15:36] ADMIN: Updating jobbanfile!
[16:15:36] ADMIN: Loading oocban_rank
[16:15:36] ADMIN: oocban_keylist was empty
[16:15:36] ADMIN: Updating jobbanfile!
ADMIN: slurm = Host
ADMIN: gibbed = Host
ADMIN: stuntwaffle = Host
ADMIN: pantaloons = Host
ADMIN: darsant = Host
ADMIN: nannek = Host
ADMIN: furrychicken = Host
ADMIN: cherkir = Host
ADMIN: exadv1 = Coder
ADMIN: 0staf = Coder
ADMIN: justicefries = Coder
ADMIN: eroticdad = Coder
ADMIN: angriestibm = Coder
ADMIN: hobnob = Coder
ADMIN: enallyniv = Coder
ADMIN: lallander = Coder
ADMIN: keelin = Coder
ADMIN: brianoblivion = Coder
ADMIN: arthurmuggins = Coder
ADMIN: isaidno = Coder
ADMIN: mport2004 = Coder
ADMIN: burntcornmuffin = Coder
ADMIN: ishallriseagain = Coder
ADMIN: lljkmosheninkov = Coder
ADMIN: dropsy = Coder
ADMIN: procitizensa = Coder
ADMIN: drmelon = Coder
ADMIN: halerina = Coder
ADMIN: pacra = Coder
ADMIN: jackmassacre = Coder
ADMIN: jackbox = Coder
ADMIN: infinitemonkeys = Coder
ADMIN: aphtonites = Coder
ADMIN: volundr = Coder
ADMIN: wirewraith = Coder
ADMIN: tobba = Coder
ADMIN: marquesas = Coder
ADMIN: hainesa = Coder
ADMIN: tom = Coder
ADMIN: herrspyguy = Coder
ADMIN: daeren = Coder
ADMIN: conor12 = Coder
ADMIN: convair880 = Coder
[16:15:50] ACCESS: Login: Furry Chicken from 
[16:16:32] ACCESS: Login: Derek Altmann (Furry Chicken) from 


Starting up. 16:17.49
---------------------

[16:17:53] ADMIN: Loading jobban_rank
[16:17:53] ADMIN: Jobban_keylist was empty
[16:17:53] ADMIN: Updating jobbanfile!
[16:17:53] ADMIN: Loading oocban_rank
[16:17:53] ADMIN: oocban_keylist was empty
[16:17:53] ADMIN: Updating jobbanfile!
ADMIN: slurm = Host
ADMIN: gibbed = Host
ADMIN: stuntwaffle = Host
ADMIN: pantaloons = Host
ADMIN: darsant = Host
ADMIN: nannek = Host
ADMIN: furrychicken = Host
ADMIN: cherkir = Host
ADMIN: exadv1 = Coder
ADMIN: 0staf = Coder
ADMIN: justicefries = Coder
ADMIN: eroticdad = Coder
ADMIN: angriestibm = Coder
ADMIN: hobnob = Coder
ADMIN: enallyniv = Coder
ADMIN: lallander = Coder
ADMIN: keelin = Coder
ADMIN: brianoblivion = Coder
ADMIN: arthurmuggins = Coder
ADMIN: isaidno = Coder
ADMIN: mport2004 = Coder
ADMIN: burntcornmuffin = Coder
ADMIN: ishallriseagain = Coder
ADMIN: lljkmosheninkov = Coder
ADMIN: dropsy = Coder
ADMIN: procitizensa = Coder
ADMIN: drmelon = Coder
ADMIN: halerina = Coder
ADMIN: pacra = Coder
ADMIN: jackmassacre = Coder
ADMIN: jackbox = Coder
ADMIN: infinitemonkeys = Coder
ADMIN: aphtonites = Coder
ADMIN: volundr = Coder
ADMIN: wirewraith = Coder
ADMIN: tobba = Coder
ADMIN: marquesas = Coder
ADMIN: hainesa = Coder
ADMIN: tom = Coder
ADMIN: herrspyguy = Coder
ADMIN: daeren = Coder
ADMIN: conor12 = Coder
ADMIN: convair880 = Coder
[16:18:08] ACCESS: Login: Furry Chicken from 
[16:18:51] ACCESS: Login: Alien Drone 487 (Furry Chicken) [TRAITOR] from 
[16:18:59] SAY: Shitty Bill (NPC) : I think my bros got lost on the way here.
[16:19:39] SAY: Alien Drone 487 (Furry Chicken) [TRAITOR] : *scream
[16:19:54] SAY: Father Jack (NPC) : FECK!
[16:22:14] SAY: Father Jack (NPC) : DRINK!
[16:23:33] SAY: Shitty Bill (NPC) : I think my pals stole my hat.
[16:23:33] SAY: Father Jack (NPC) : ARSE!
[16:23:56] SAY: Shitty Bill (NPC) : Man, I sure miss Europa Station.
[16:24:48] SAY: Shitty Bill (NPC) : You smoke?
[16:25:45] SAY: Shitty Bill (NPC) : You dance?
[16:26:13] SAY: Shitty Bill (NPC) : The hell you lookin' at, weirdo?
[16:26:31] SAY: Shitty Bill (NPC) : I ever tell you 'bout that room full of statues?
[16:27:08] SAY: Shitty Bill (NPC) : You a changer?
[16:27:13] SAY: Shitty Bill (NPC) : Got any alky?
[16:29:01] SAY: Shitty Bill (NPC) : You roll?
[16:29:38] SAY: Alien Drone 487 (Furry Chicken) [TRAITOR] : *scream
[16:29:59] SAY: Shitty Bill (NPC) : Yo Father Jack.
[16:30:32] SAY: Shitty Bill (NPC) : Got a light, dude?
[16:30:46] SAY: Shitty Bill (NPC) : I think my associates took off.


Starting up. 16:51.10
---------------------

[16:51:14] ADMIN: Loading jobban_rank
[16:51:14] ADMIN: Jobban_keylist was empty
[16:51:14] ADMIN: Updating jobbanfile!
[16:51:14] ADMIN: Loading oocban_rank
[16:51:14] ADMIN: oocban_keylist was empty
[16:51:14] ADMIN: Updating jobbanfile!
ADMIN: slurm = Host
ADMIN: gibbed = Host
ADMIN: stuntwaffle = Host
ADMIN: pantaloons = Host
ADMIN: darsant = Host
ADMIN: nannek = Host
ADMIN: furrychicken = Host
ADMIN: cherkir = Host
ADMIN: exadv1 = Coder
ADMIN: 0staf = Coder
ADMIN: justicefries = Coder
ADMIN: eroticdad = Coder
ADMIN: angriestibm = Coder
ADMIN: hobnob = Coder
ADMIN: enallyniv = Coder
ADMIN: lallander = Coder
ADMIN: keelin = Coder
ADMIN: brianoblivion = Coder
ADMIN: arthurmuggins = Coder
ADMIN: isaidno = Coder
ADMIN: mport2004 = Coder
ADMIN: burntcornmuffin = Coder
ADMIN: ishallriseagain = Coder
ADMIN: lljkmosheninkov = Coder
ADMIN: dropsy = Coder
ADMIN: procitizensa = Coder
ADMIN: drmelon = Coder
ADMIN: halerina = Coder
ADMIN: pacra = Coder
ADMIN: jackmassacre = Coder
ADMIN: jackbox = Coder
ADMIN: infinitemonkeys = Coder
ADMIN: aphtonites = Coder
ADMIN: volundr = Coder
ADMIN: wirewraith = Coder
ADMIN: tobba = Coder
ADMIN: marquesas = Coder
ADMIN: hainesa = Coder
ADMIN: tom = Coder
ADMIN: herrspyguy = Coder
ADMIN: daeren = Coder
ADMIN: conor12 = Coder
ADMIN: convair880 = Coder
[16:51:29] ACCESS: Login: Furry Chicken from 
[16:52:14] ACCESS: Login: Alien Queen (Furry Chicken) [TRAITOR] from 
[16:52:48] SAY: Shitty Bill (NPC) : You dance?
[16:52:57] SAY: Shitty Bill (NPC) : Got any kelo?
[16:53:04] SAY: Father Jack (NPC) : That would be an ecumenical matter.
[16:53:05] SAY: Alien Queen (Furry Chicken) [TRAITOR] : *scream
[16:54:43] SAY: Shitty Bill (NPC) : The hell're you lookin' at, buddy?
[16:55:47] SAY: Shitty Bill (NPC) : I think my buds stole my key.
[16:55:51] SAY: Shitty Bill (NPC) : What're you lookin' at, dude?
[16:56:44] SAY: Father Jack (NPC) : GIRLS!
[16:57:10] SAY: Shitty Bill (NPC) : Hey friendo, gimme yer cash.
[16:57:19] SAY: Shitty Bill (NPC) : Got a light, spaceman?
[16:57:26] SAY: Shitty Bill (NPC) : I think my homebros are running late.
[17:00:06] SAY: Shitty Bill (NPC) : I think my associates got eaten.
[17:01:23] SAY: Shitty Bill (NPC) : You a nerd?
[17:03:49] SAY: Shitty Bill (NPC) : You a dracula?
[17:04:04] SAY: Alien Queen (Furry Chicken) [TRAITOR] : *scream
[17:04:09] SAY: Shitty Bill (NPC) : Got any hyro?
[17:05:22] SAY: Shitty Bill (NPC) : Nice hog, astronaut.
[17:05:57] SAY: Shitty Bill (NPC) : Got a light, dork?
[17:06:19] SAY: Father Jack (NPC) : GIRLS!
[17:06:59] SAY: Shitty Bill (NPC) : Got any jenkem?
[17:07:15] SAY: Shitty Bill (NPC) : You jam?
[17:07:20] SAY: Shitty Bill (NPC) : You rap?
[17:07:24] SAY: Shitty Bill (NPC) : Got a light, bro?
[17:08:58] SAY: Shitty Bill (NPC) : You sting?
[17:09:59] SAY: Shitty Bill (NPC) : Got a light, 'Traser?
[17:10:05] SAY: Shitty Bill (NPC) : Man, I sure miss Mars.
[17:10:13] SAY: Shitty Bill (NPC) : Got a light, owl man?
[17:10:31] SAY: Shitty Bill (NPC) : Nice burner, spaceman.
[18:16:22] SAY: Shitty Bill (NPC) : Nice hogg, wirehead.
[18:16:32] SAY: Shitty Bill (NPC) : Got any pips?
[18:16:57] SAY: Father Jack (NPC) : ARSE!
[18:17:18] SAY: Shitty Bill (NPC) : You a beardo?
[18:17:36] SAY: Father Jack (NPC) : ARSE!
[18:20:03] SAY: Shitty Bill (NPC) : Man, I sure miss my kids.
[18:21:50] SAY: Father Jack (NPC) : ARSE!
[18:22:41] SAY: Shitty Bill (NPC) : Hey dweeb, gimme yer jet.
[18:22:50] SAY: Shitty Bill (NPC) : Nice wheels, bucko.
[18:23:09] SAY: Shitty Bill (NPC) : Got a light, clown?
[18:23:28] SAY: Shitty Bill (NPC) : Got a light, friend?


Starting up. 19:01.17
---------------------

[19:01:22] ADMIN: Loading jobban_rank
[19:01:22] ADMIN: Jobban_keylist was empty
[19:01:22] ADMIN: Updating jobbanfile!
[19:01:22] ADMIN: Loading oocban_rank
[19:01:22] ADMIN: oocban_keylist was empty
[19:01:22] ADMIN: Updating jobbanfile!
ADMIN: slurm = Host
ADMIN: gibbed = Host
ADMIN: stuntwaffle = Host
ADMIN: pantaloons = Host
ADMIN: darsant = Host
ADMIN: nannek = Host
ADMIN: furrychicken = Host
ADMIN: cherkir = Host
ADMIN: exadv1 = Coder
ADMIN: 0staf = Coder
ADMIN: justicefries = Coder
ADMIN: eroticdad = Coder
ADMIN: angriestibm = Coder
ADMIN: hobnob = Coder
ADMIN: enallyniv = Coder
ADMIN: lallander = Coder
ADMIN: keelin = Coder
ADMIN: brianoblivion = Coder
ADMIN: arthurmuggins = Coder
ADMIN: isaidno = Coder
ADMIN: mport2004 = Coder
ADMIN: burntcornmuffin = Coder
ADMIN: ishallriseagain = Coder
ADMIN: lljkmosheninkov = Coder
ADMIN: dropsy = Coder
ADMIN: procitizensa = Coder
ADMIN: drmelon = Coder
ADMIN: halerina = Coder
ADMIN: pacra = Coder
ADMIN: jackmassacre = Coder
ADMIN: jackbox = Coder
ADMIN: infinitemonkeys = Coder
ADMIN: aphtonites = Coder
ADMIN: volundr = Coder
ADMIN: wirewraith = Coder
ADMIN: tobba = Coder
ADMIN: marquesas = Coder
ADMIN: hainesa = Coder
ADMIN: tom = Coder
ADMIN: herrspyguy = Coder
ADMIN: daeren = Coder
ADMIN: conor12 = Coder
ADMIN: convair880 = Coder
[19:01:42] ACCESS: Login: Furry Chicken from 
[19:02:58] SAY: Shitty Bill (NPC) : Got any hyro?


Starting up. 19:04.54
---------------------

[19:04:59] ADMIN: Loading jobban_rank
[19:04:59] ADMIN: Jobban_keylist was empty
[19:04:59] ADMIN: Updating jobbanfile!
[19:04:59] ADMIN: Loading oocban_rank
[19:04:59] ADMIN: oocban_keylist was empty
[19:04:59] ADMIN: Updating jobbanfile!
ADMIN: slurm = Host
ADMIN: gibbed = Host
ADMIN: stuntwaffle = Host
ADMIN: pantaloons = Host
ADMIN: darsant = Host
ADMIN: nannek = Host
ADMIN: furrychicken = Host
ADMIN: cherkir = Host
ADMIN: exadv1 = Coder
ADMIN: 0staf = Coder
ADMIN: justicefries = Coder
ADMIN: eroticdad = Coder
ADMIN: angriestibm = Coder
ADMIN: hobnob = Coder
ADMIN: enallyniv = Coder
ADMIN: lallander = Coder
ADMIN: keelin = Coder
ADMIN: brianoblivion = Coder
ADMIN: arthurmuggins = Coder
ADMIN: isaidno = Coder
ADMIN: mport2004 = Coder
ADMIN: burntcornmuffin = Coder
ADMIN: ishallriseagain = Coder
ADMIN: lljkmosheninkov = Coder
ADMIN: dropsy = Coder
ADMIN: procitizensa = Coder
ADMIN: drmelon = Coder
ADMIN: halerina = Coder
ADMIN: pacra = Coder
ADMIN: jackmassacre = Coder
ADMIN: jackbox = Coder
ADMIN: infinitemonkeys = Coder
ADMIN: aphtonites = Coder
ADMIN: volundr = Coder
ADMIN: wirewraith = Coder
ADMIN: tobba = Coder
ADMIN: marquesas = Coder
ADMIN: hainesa = Coder
ADMIN: tom = Coder
ADMIN: herrspyguy = Coder
ADMIN: daeren = Coder
ADMIN: conor12 = Coder
ADMIN: convair880 = Coder
[19:05:18] ACCESS: Login: Furry Chicken from 
[19:06:01] ACCESS: Login: Furry Chicken [TRAITOR] from 
[19:06:39] SAY: Shitty Bill (NPC) : The hell you lookin' at, weirdo?
[19:07:25] SAY: Shitty Bill (NPC) : Hey, it's Donald "Don" Glabs.
[19:07:54] SAY: Alien Queen (Furry Chicken) [TRAITOR] : *scream
[19:08:03] SAY: Alien Queen (Furry Chicken) [TRAITOR] : *scream
[19:08:31] SAY: Father Jack (NPC) : DRINK!
[19:08:38] SAY: Shitty Bill (NPC) : Got any crank?
[19:09:28] SAY: Alien Queen (Furry Chicken) [TRAITOR] : *scream
[19:09:40] SAY: Alien Queen (Furry Chicken) [TRAITOR] : *scream
[19:10:05] SAY: Alien Queen (Furry Chicken) [TRAITOR] : *scream
[19:10:19] SAY: Father Jack (NPC) : That would be an ecumenical matter.
[19:11:09] SAY: Alien Queen (Furry Chicken) [TRAITOR] : *scream
[19:11:46] SAY: Shitty Bill (NPC) : I think my pals got eaten.
[19:11:57] SAY: Shitty Bill (NPC) : Hey Donald "Don" Glabs.
[19:12:40] SAY: Alien Queen (Furry Chicken) [TRAITOR] : *scream
[19:12:53] SAY: Alien Queen (Furry Chicken) [TRAITOR] : *scream
[19:12:57] SAY: Alien Queen (Furry Chicken) [TRAITOR] : *scream
[19:12:57] SAY: Alien Queen (Furry Chicken) [TRAITOR] : *scream
[19:12:57] SAY: Alien Queen (Furry Chicken) [TRAITOR] : *scream
[19:12:58] SAY: Alien Queen (Furry Chicken) [TRAITOR] : *scream
[19:14:01] SAY: Father Jack (NPC) : That would be an ecumenical matter.
[19:15:48] SAY: Shitty Bill (NPC) : What're you lookin' at, buddy?
[19:16:29] SAY: Shitty Bill (NPC) : I think my bros stole my cat.
[19:17:01] SAY: Shitty Bill (NPC) : What up Donald "Don" Glabs.
[19:19:52] SAY: Shitty Bill (NPC) : The hell're you lookin' at, Colonel?
[19:20:01] SAY: Shitty Bill (NPC) : I ever tell you 'bout the time I shaved a wizard?
[19:20:55] SAY: Shitty Bill (NPC) : Got a light, dude?
[19:20:56] SAY: Alien Queen (Furry Chicken) [TRAITOR] : *scream
[19:23:11] SAY: Shitty Bill (NPC) : You grustle?
[19:24:59] SAY: Shitty Bill (NPC) : Whatcha you lookin' at, dweeb?
[19:26:57] SAY: Shitty Bill (NPC) : Got any kelo?
[19:27:51] SAY: Shitty Bill (NPC) : Nice hogg, dork.
[19:27:53] SAY: Shitty Bill (NPC) : The hell you lookin' at, nerd?
[19:28:24] SAY: Father Jack (NPC) : ARSE!
[19:28:29] SAY: Shitty Bill (NPC) : Got any ciggs?
[19:28:57] SAY: Father Jack (NPC) : GIRLS!
[19:29:21] SAY: Shitty Bill (NPC) : Got a light, kid?
[19:29:31] SAY: Shitty Bill (NPC) : Got a light, spaceman?
[19:29:40] SAY: Shitty Bill (NPC) : You sting?
[19:30:16] SAY: Shitty Bill (NPC) : I think my bruds left without me.
[19:30:25] SAY: Shitty Bill (NPC) : You a dracula?
[19:30:43] SAY: Shitty Bill (NPC) : Nice ship, doofus.
[19:31:50] SAY: Shitty Bill (NPC) : You roll?
[19:32:56] SAY: Shitty Bill (NPC) : What up Father Jack.
[19:34:10] SAY: Father Jack (NPC) : GIRLS!
[19:35:13] SAY: Father Jack (NPC) : FECK!
[19:35:27] SAY: Shitty Bill (NPC) : Got a light, buddy?
[19:37:11] SAY: Shitty Bill (NPC) : The hell you lookin' at, dork?
[19:37:57] SAY: Shitty Bill (NPC) : I think my associates got caught.
[19:39:55] SAY: Shitty Bill (NPC) : You fly?
[19:40:25] SAY: Shitty Bill (NPC) : You a cop?
[19:41:07] SAY: Shitty Bill (NPC) : You drink?
[19:41:42] SAY: Shitty Bill (NPC) : The hell you lookin' at, friend?
[19:42:42] SAY: Shitty Bill (NPC) : I think my bros got lost on the way here.
[19:43:08] ADMIN: Alien Queen (Furry Chicken) [TRAITOR] created a /mob/living/carbon/human/waldo
[19:43:31] SAY: Shitty Bill (NPC) : Got any Synapse?
[19:45:33] SAY: Shitty Bill (NPC) : Nice hogg, chief.
[19:46:52] SAY: Shitty Bill (NPC) : What the hell are you lookin' at, bucko?
[19:48:21] SAY: Shitty Bill (NPC) : You a cop?
[19:49:10] SAY: Shitty Bill (NPC) : You jet?
[19:50:01] SAY: Shitty Bill (NPC) : Nice podd, spaceman.


Starting up. 20:07.27
---------------------

[20:07:32] ADMIN: Loading jobban_rank
[20:07:32] ADMIN: Jobban_keylist was empty
[20:07:32] ADMIN: Updating jobbanfile!
[20:07:32] ADMIN: Loading oocban_rank
[20:07:32] ADMIN: oocban_keylist was empty
[20:07:32] ADMIN: Updating jobbanfile!
ADMIN: slurm = Host
ADMIN: gibbed = Host
ADMIN: stuntwaffle = Host
ADMIN: pantaloons = Host
ADMIN: darsant = Host
ADMIN: nannek = Host
ADMIN: furrychicken = Host
ADMIN: cherkir = Host
ADMIN: exadv1 = Coder
ADMIN: 0staf = Coder
ADMIN: justicefries = Coder
ADMIN: eroticdad = Coder
ADMIN: angriestibm = Coder
ADMIN: hobnob = Coder
ADMIN: enallyniv = Coder
ADMIN: lallander = Coder
ADMIN: keelin = Coder
ADMIN: brianoblivion = Coder
ADMIN: arthurmuggins = Coder
ADMIN: isaidno = Coder
ADMIN: mport2004 = Coder
ADMIN: burntcornmuffin = Coder
ADMIN: ishallriseagain = Coder
ADMIN: lljkmosheninkov = Coder
ADMIN: dropsy = Coder
ADMIN: procitizensa = Coder
ADMIN: drmelon = Coder
ADMIN: halerina = Coder
ADMIN: pacra = Coder
ADMIN: jackmassacre = Coder
ADMIN: jackbox = Coder
ADMIN: infinitemonkeys = Coder
ADMIN: aphtonites = Coder
ADMIN: volundr = Coder
ADMIN: wirewraith = Coder
ADMIN: tobba = Coder
ADMIN: marquesas = Coder
ADMIN: hainesa = Coder
ADMIN: tom = Coder
ADMIN: herrspyguy = Coder
ADMIN: daeren = Coder
ADMIN: conor12 = Coder
ADMIN: convair880 = Coder
[20:08:02] ACCESS: Login: Furry Chicken from 


Starting up. 20:08.58
---------------------

[20:09:03] ADMIN: Loading jobban_rank
[20:09:03] ADMIN: Jobban_keylist was empty
[20:09:03] ADMIN: Updating jobbanfile!
[20:09:03] ADMIN: Loading oocban_rank
[20:09:03] ADMIN: oocban_keylist was empty
[20:09:03] ADMIN: Updating jobbanfile!
ADMIN: slurm = Host
ADMIN: gibbed = Host
ADMIN: stuntwaffle = Host
ADMIN: pantaloons = Host
ADMIN: darsant = Host
ADMIN: nannek = Host
ADMIN: furrychicken = Host
ADMIN: cherkir = Host
ADMIN: exadv1 = Coder
ADMIN: 0staf = Coder
ADMIN: justicefries = Coder
ADMIN: eroticdad = Coder
ADMIN: angriestibm = Coder
ADMIN: hobnob = Coder
ADMIN: enallyniv = Coder
ADMIN: lallander = Coder
ADMIN: keelin = Coder
ADMIN: brianoblivion = Coder
ADMIN: arthurmuggins = Coder
ADMIN: isaidno = Coder
ADMIN: mport2004 = Coder
ADMIN: burntcornmuffin = Coder
ADMIN: ishallriseagain = Coder
ADMIN: lljkmosheninkov = Coder
ADMIN: dropsy = Coder
ADMIN: procitizensa = Coder
ADMIN: drmelon = Coder
ADMIN: halerina = Coder
ADMIN: pacra = Coder
ADMIN: jackmassacre = Coder
ADMIN: jackbox = Coder
ADMIN: infinitemonkeys = Coder
ADMIN: aphtonites = Coder
ADMIN: volundr = Coder
ADMIN: wirewraith = Coder
ADMIN: tobba = Coder
ADMIN: marquesas = Coder
ADMIN: hainesa = Coder
ADMIN: tom = Coder
ADMIN: herrspyguy = Coder
ADMIN: daeren = Coder
ADMIN: conor12 = Coder
ADMIN: convair880 = Coder
[20:09:25] ACCESS: Login: Furry Chicken from 
[20:10:31] SAY: Shitty Bill (NPC) : Whatcha you lookin' at, dude?


Starting up. 20:12.16
---------------------

[20:12:21] ADMIN: Loading jobban_rank
[20:12:21] ADMIN: Jobban_keylist was empty
[20:12:21] ADMIN: Updating jobbanfile!
[20:12:21] ADMIN: Loading oocban_rank
[20:12:21] ADMIN: oocban_keylist was empty
[20:12:21] ADMIN: Updating jobbanfile!
ADMIN: slurm = Host
ADMIN: gibbed = Host
ADMIN: stuntwaffle = Host
ADMIN: pantaloons = Host
ADMIN: darsant = Host
ADMIN: nannek = Host
ADMIN: furrychicken = Host
ADMIN: cherkir = Host
ADMIN: exadv1 = Coder
ADMIN: 0staf = Coder
ADMIN: justicefries = Coder
ADMIN: eroticdad = Coder
ADMIN: angriestibm = Coder
ADMIN: hobnob = Coder
ADMIN: enallyniv = Coder
ADMIN: lallander = Coder
ADMIN: keelin = Coder
ADMIN: brianoblivion = Coder
ADMIN: arthurmuggins = Coder
ADMIN: isaidno = Coder
ADMIN: mport2004 = Coder
ADMIN: burntcornmuffin = Coder
ADMIN: ishallriseagain = Coder
ADMIN: lljkmosheninkov = Coder
ADMIN: dropsy = Coder
ADMIN: procitizensa = Coder
ADMIN: drmelon = Coder
ADMIN: halerina = Coder
ADMIN: pacra = Coder
ADMIN: jackmassacre = Coder
ADMIN: jackbox = Coder
ADMIN: infinitemonkeys = Coder
ADMIN: aphtonites = Coder
ADMIN: volundr = Coder
ADMIN: wirewraith = Coder
ADMIN: tobba = Coder
ADMIN: marquesas = Coder
ADMIN: hainesa = Coder
ADMIN: tom = Coder
ADMIN: herrspyguy = Coder
ADMIN: daeren = Coder
ADMIN: conor12 = Coder
ADMIN: convair880 = Coder
[20:12:39] ACCESS: Login: Furry Chicken from 
[20:13:22] ACCESS: Login: Furry Chicken [TRAITOR] from 
[20:13:59] SAY: Shitty Bill (NPC) : Hey buddy, gimme yer jet.
[20:15:41] SAY: Shitty Bill (NPC) : Hey dweeb, gimme yer dosh.
[20:16:21] SAY: Shitty Bill (NPC) : What you lookin' at, pal?
[20:16:42] SAY: Shitty Bill (NPC) : I think my homebros stole my hat.
[20:18:40] SAY: Shitty Bill (NPC) : Whoa, it's Donald "Don" Glabs.
[20:19:30] SAY: Shitty Bill (NPC) : Nice hog, nerd.


Starting up. 21:57.08
---------------------

[21:57:13] ADMIN: Loading jobban_rank
[21:57:13] ADMIN: Jobban_keylist was empty
[21:57:13] ADMIN: Updating jobbanfile!
[21:57:13] ADMIN: Loading oocban_rank
[21:57:13] ADMIN: oocban_keylist was empty
[21:57:13] ADMIN: Updating jobbanfile!
ADMIN: slurm = Host
ADMIN: gibbed = Host
ADMIN: stuntwaffle = Host
ADMIN: pantaloons = Host
ADMIN: darsant = Host
ADMIN: nannek = Host
ADMIN: furrychicken = Host
ADMIN: cherkir = Host
ADMIN: exadv1 = Coder
ADMIN: 0staf = Coder
ADMIN: justicefries = Coder
ADMIN: eroticdad = Coder
ADMIN: angriestibm = Coder
ADMIN: hobnob = Coder
ADMIN: enallyniv = Coder
ADMIN: lallander = Coder
ADMIN: keelin = Coder
ADMIN: brianoblivion = Coder
ADMIN: arthurmuggins = Coder
ADMIN: isaidno = Coder
ADMIN: mport2004 = Coder
ADMIN: burntcornmuffin = Coder
ADMIN: ishallriseagain = Coder
ADMIN: lljkmosheninkov = Coder
ADMIN: dropsy = Coder
ADMIN: procitizensa = Coder
ADMIN: drmelon = Coder
ADMIN: halerina = Coder
ADMIN: pacra = Coder
ADMIN: jackmassacre = Coder
ADMIN: jackbox = Coder
ADMIN: infinitemonkeys = Coder
ADMIN: aphtonites = Coder
ADMIN: volundr = Coder
ADMIN: wirewraith = Coder
ADMIN: tobba = Coder
ADMIN: marquesas = Coder
ADMIN: hainesa = Coder
ADMIN: tom = Coder
ADMIN: herrspyguy = Coder
ADMIN: daeren = Coder
ADMIN: conor12 = Coder
ADMIN: convair880 = Coder
[21:57:51] ACCESS: Login: Furry Chicken from 
[21:59:10] ADMIN: Furry Chicken [DEAD] has started the game.
[21:59:47] ADMIN: Furry Chicken [DEAD] has started the game.
[21:59:47] ACCESS: Login: Furry Chicken [TRAITOR] from 
[21:59:50] SAY: Father Jack (NPC) : FECK!
[21:59:53] SAY: Shitty Bill (NPC) : Got a light, astronaut?
[22:02:40] SAY: Shitty Bill (NPC) : Got any Cosmos?
[22:02:40] SAY: Father Jack (NPC) : GIRLS!
[22:02:52] SAY: Shitty Bill (NPC) : Got a light, astronaut?
[22:02:54] SAY: Shitty Bill (NPC) : You a wizman?
[22:03:08] SAY: Father Jack (NPC) : DRINK!
[22:03:22] SAY: Shitty Bill (NPC) : Howdy Donald "Don" Glabs.
[22:04:57] SAY: Shitty Bill (NPC) : Nice name, scrub.
[22:05:13] SAY: Shitty Bill (NPC) : Got any lexo?
[22:05:36] SAY: Shitty Bill (NPC) : Got any Cosmos?
[22:06:37] SAY: Shitty Bill (NPC) : What're you lookin' at, Colonel?
[22:07:00] SAY: Shitty Bill (NPC) : Oh hell, it's Donald "Don" Glabs.
[22:07:30] SAY: Father Jack (NPC) : ARSE!
[22:08:14] SAY: Shitty Bill (NPC) : Got a light, dude?
[22:09:06] SAY: Shitty Bill (NPC) : Got a light, astronaut?
[22:09:10] SAY: Alien Queen (Furry Chicken) [TRAITOR] : *scream
[22:09:24] SAY: Father Jack (NPC) : GIRLS!
[22:10:18] SAY: Father Jack (NPC) : GIRLS!
[22:10:23] SAY: Shitty Bill (NPC) : You a wizman?
[22:10:50] SAY: Alien Queen (Furry Chicken) [TRAITOR] : *scream
[22:10:51] SAY: Alien Queen (Furry Chicken) [TRAITOR] : *dance
[22:11:50] SAY: Shitty Bill (NPC) : You ride?
[22:12:23] SAY: Shitty Bill (NPC) : You a nerd?
[22:13:36] SAY: Shitty Bill (NPC) : I think my pals got caught.
[22:13:52] ADMIN: Alien Queen (Furry Chicken) [TRAITOR] has made Alien Queen (Furry Chicken) [TRAITOR] a human.
[22:13:52] ACCESS: Login: Elliot Teagarden (Furry Chicken) [TRAITOR] from 
[22:14:10] SAY: Shitty Bill (NPC) : You a Russian?


Starting up. 22:55.23
---------------------

[22:55:28] ADMIN: Loading jobban_rank
[22:55:28] ADMIN: Jobban_keylist was empty
[22:55:28] ADMIN: Updating jobbanfile!
[22:55:28] ADMIN: Loading oocban_rank
[22:55:28] ADMIN: oocban_keylist was empty
[22:55:28] ADMIN: Updating jobbanfile!
ADMIN: slurm = Host
ADMIN: gibbed = Host
ADMIN: stuntwaffle = Host
ADMIN: pantaloons = Host
ADMIN: darsant = Host
ADMIN: nannek = Host
ADMIN: furrychicken = Host
ADMIN: cherkir = Host
ADMIN: exadv1 = Coder
ADMIN: 0staf = Coder
ADMIN: justicefries = Coder
ADMIN: eroticdad = Coder
ADMIN: angriestibm = Coder
ADMIN: hobnob = Coder
ADMIN: enallyniv = Coder
ADMIN: lallander = Coder
ADMIN: keelin = Coder
ADMIN: brianoblivion = Coder
ADMIN: arthurmuggins = Coder
ADMIN: isaidno = Coder
ADMIN: mport2004 = Coder
ADMIN: burntcornmuffin = Coder
ADMIN: ishallriseagain = Coder
ADMIN: lljkmosheninkov = Coder
ADMIN: dropsy = Coder
ADMIN: procitizensa = Coder
ADMIN: drmelon = Coder
ADMIN: halerina = Coder
ADMIN: pacra = Coder
ADMIN: jackmassacre = Coder
ADMIN: jackbox = Coder
ADMIN: infinitemonkeys = Coder
ADMIN: aphtonites = Coder
ADMIN: volundr = Coder
ADMIN: wirewraith = Coder
ADMIN: tobba = Coder
ADMIN: marquesas = Coder
ADMIN: hainesa = Coder
ADMIN: tom = Coder
ADMIN: herrspyguy = Coder
ADMIN: daeren = Coder
ADMIN: conor12 = Coder
ADMIN: convair880 = Coder
[22:55:43] ACCESS: Login: Furry Chicken from 
[22:56:25] ACCESS: Login: Furry Chicken from 
