

Starting up. 17:40.37
---------------------

[17:40:42] ADMIN: Loading jobban_rank
[17:40:42] ADMIN: Jobban_keylist was empty
[17:40:42] ADMIN: Updating jobbanfile!
[17:40:42] ADMIN: Loading oocban_rank
[17:40:42] ADMIN: oocban_keylist was empty
[17:40:42] ADMIN: Updating jobbanfile!
ADMIN: slurm = Host
ADMIN: gibbed = Host
ADMIN: stuntwaffle = Host
ADMIN: pantaloons = Host
ADMIN: darsant = Host
ADMIN: nannek = Host
ADMIN: furrychicken = Host
ADMIN: cherkir = Host
ADMIN: exadv1 = Coder
ADMIN: 0staf = Coder
ADMIN: justicefries = Coder
ADMIN: eroticdad = Coder
ADMIN: angriestibm = Coder
ADMIN: hobnob = Coder
ADMIN: enallyniv = Coder
ADMIN: lallander = Coder
ADMIN: keelin = Coder
ADMIN: brianoblivion = Coder
ADMIN: arthurmuggins = Coder
ADMIN: isaidno = Coder
ADMIN: mport2004 = Coder
ADMIN: burntcornmuffin = Coder
ADMIN: ishallriseagain = Coder
ADMIN: lljkmosheninkov = Coder
ADMIN: dropsy = Coder
ADMIN: procitizensa = Coder
ADMIN: drmelon = Coder
ADMIN: halerina = Coder
ADMIN: pacra = Coder
ADMIN: jackmassacre = Coder
ADMIN: jackbox = Coder
ADMIN: infinitemonkeys = Coder
ADMIN: aphtonites = Coder
ADMIN: volundr = Coder
ADMIN: wirewraith = Coder
ADMIN: tobba = Coder
ADMIN: marquesas = Coder
ADMIN: hainesa = Coder
ADMIN: tom = Coder
ADMIN: herrspyguy = Coder
ADMIN: daeren = Coder
ADMIN: conor12 = Coder
ADMIN: convair880 = Coder
[17:40:57] ACCESS: Login: Guest-4038160359 from 


Starting up. 17:43.07
---------------------

[17:43:11] ADMIN: Loading jobban_rank
[17:43:11] ADMIN: Jobban_keylist was empty
[17:43:11] ADMIN: Updating jobbanfile!
[17:43:11] ADMIN: Loading oocban_rank
[17:43:11] ADMIN: oocban_keylist was empty
[17:43:11] ADMIN: Updating jobbanfile!
ADMIN: slurm = Host
ADMIN: gibbed = Host
ADMIN: stuntwaffle = Host
ADMIN: pantaloons = Host
ADMIN: darsant = Host
ADMIN: nannek = Host
ADMIN: furrychicken = Host
ADMIN: cherkir = Host
ADMIN: exadv1 = Coder
ADMIN: 0staf = Coder
ADMIN: justicefries = Coder
ADMIN: eroticdad = Coder
ADMIN: angriestibm = Coder
ADMIN: hobnob = Coder
ADMIN: enallyniv = Coder
ADMIN: lallander = Coder
ADMIN: keelin = Coder
ADMIN: brianoblivion = Coder
ADMIN: arthurmuggins = Coder
ADMIN: isaidno = Coder
ADMIN: mport2004 = Coder
ADMIN: burntcornmuffin = Coder
ADMIN: ishallriseagain = Coder
ADMIN: lljkmosheninkov = Coder
ADMIN: dropsy = Coder
ADMIN: procitizensa = Coder
ADMIN: drmelon = Coder
ADMIN: halerina = Coder
ADMIN: pacra = Coder
ADMIN: jackmassacre = Coder
ADMIN: jackbox = Coder
ADMIN: infinitemonkeys = Coder
ADMIN: aphtonites = Coder
ADMIN: volundr = Coder
ADMIN: wirewraith = Coder
ADMIN: tobba = Coder
ADMIN: marquesas = Coder
ADMIN: hainesa = Coder
ADMIN: tom = Coder
ADMIN: herrspyguy = Coder
ADMIN: daeren = Coder
ADMIN: conor12 = Coder
ADMIN: convair880 = Coder
[17:43:28] ACCESS: Login: Guest-4038160359 from 


Starting up. 17:47.41
---------------------

[17:47:48] ADMIN: Loading jobban_rank
[17:47:48] ADMIN: Jobban_keylist was empty
[17:47:48] ADMIN: Updating jobbanfile!
[17:47:48] ADMIN: Loading oocban_rank
[17:47:48] ADMIN: oocban_keylist was empty
[17:47:48] ADMIN: Updating jobbanfile!
ADMIN: slurm = Host
ADMIN: gibbed = Host
ADMIN: stuntwaffle = Host
ADMIN: pantaloons = Host
ADMIN: darsant = Host
ADMIN: nannek = Host
ADMIN: furrychicken = Host
ADMIN: cherkir = Host
ADMIN: exadv1 = Coder
ADMIN: 0staf = Coder
ADMIN: justicefries = Coder
ADMIN: eroticdad = Coder
ADMIN: angriestibm = Coder
ADMIN: hobnob = Coder
ADMIN: enallyniv = Coder
ADMIN: lallander = Coder
ADMIN: keelin = Coder
ADMIN: brianoblivion = Coder
ADMIN: arthurmuggins = Coder
ADMIN: isaidno = Coder
ADMIN: mport2004 = Coder
ADMIN: burntcornmuffin = Coder
ADMIN: ishallriseagain = Coder
ADMIN: lljkmosheninkov = Coder
ADMIN: dropsy = Coder
ADMIN: procitizensa = Coder
ADMIN: drmelon = Coder
ADMIN: halerina = Coder
ADMIN: pacra = Coder
ADMIN: jackmassacre = Coder
ADMIN: jackbox = Coder
ADMIN: infinitemonkeys = Coder
ADMIN: aphtonites = Coder
ADMIN: volundr = Coder
ADMIN: wirewraith = Coder
ADMIN: tobba = Coder
ADMIN: marquesas = Coder
ADMIN: hainesa = Coder
ADMIN: tom = Coder
ADMIN: herrspyguy = Coder
ADMIN: daeren = Coder
ADMIN: conor12 = Coder
ADMIN: convair880 = Coder
[17:48:11] ACCESS: Login: Furry Chicken from 
[17:49:36] ADMIN: Furry Chicken [DEAD] has started the game.
[17:49:36] ACCESS: Login: Furry Chicken [TRAITOR] from 
[17:50:00] SAY: Father Jack (NPC) : GIRLS!
[17:50:03] SAY: Shitty Bill (NPC) : Nice karma, bucko.
[17:50:17] SAY: Shitty Bill (NPC) : What up Donald "Don" Glabs.
[17:51:40] SAY: Shitty Bill (NPC) : Got any cats?
[17:52:09] SAY: Alien Queen (Furry Chicken) [TRAITOR] : *scream
[17:52:10] SAY: Alien Queen (Furry Chicken) [TRAITOR] : *scream
[17:53:04] SAY: Shitty Bill (NPC) : Hey friendo, gimme yer hugs.
[17:53:29] SAY: Shitty Bill (NPC) : Nice pod, doofus.
[17:53:43] SAY: Shitty Bill (NPC) : Got a light, dweeb?
[17:53:45] SAY: Shitty Bill (NPC) : I ever tell you 'bout the time I got cloned?
[17:53:55] SAY: Alien Queen (Furry Chicken) [TRAITOR] : *scream
[17:54:11] SAY: Shitty Bill (NPC) : You a dracula?
[17:54:31] SAY: Shitty Bill (NPC) : Hey pal, gimme yer jet.
[17:55:13] SAY: Shitty Bill (NPC) : Got a light, idiot?
[17:55:20] SAY: Father Jack (NPC) : FECK!
[17:55:42] ADMIN: Alien Queen (Furry Chicken) [TRAITOR] has made Alien Queen (Furry Chicken) [TRAITOR] a human.
[17:55:42] ACCESS: Login: Larry Parkinson (Furry Chicken) [TRAITOR] from 


Starting up. 17:58.24
---------------------

[17:58:28] ADMIN: Loading jobban_rank
[17:58:28] ADMIN: Jobban_keylist was empty
[17:58:28] ADMIN: Updating jobbanfile!
[17:58:28] ADMIN: Loading oocban_rank
[17:58:28] ADMIN: oocban_keylist was empty
[17:58:28] ADMIN: Updating jobbanfile!
ADMIN: slurm = Host
ADMIN: gibbed = Host
ADMIN: stuntwaffle = Host
ADMIN: pantaloons = Host
ADMIN: darsant = Host
ADMIN: nannek = Host
ADMIN: furrychicken = Host
ADMIN: cherkir = Host
ADMIN: exadv1 = Coder
ADMIN: 0staf = Coder
ADMIN: justicefries = Coder
ADMIN: eroticdad = Coder
ADMIN: angriestibm = Coder
ADMIN: hobnob = Coder
ADMIN: enallyniv = Coder
ADMIN: lallander = Coder
ADMIN: keelin = Coder
ADMIN: brianoblivion = Coder
ADMIN: arthurmuggins = Coder
ADMIN: isaidno = Coder
ADMIN: mport2004 = Coder
ADMIN: burntcornmuffin = Coder
ADMIN: ishallriseagain = Coder
ADMIN: lljkmosheninkov = Coder
ADMIN: dropsy = Coder
ADMIN: procitizensa = Coder
ADMIN: drmelon = Coder
ADMIN: halerina = Coder
ADMIN: pacra = Coder
ADMIN: jackmassacre = Coder
ADMIN: jackbox = Coder
ADMIN: infinitemonkeys = Coder
ADMIN: aphtonites = Coder
ADMIN: volundr = Coder
ADMIN: wirewraith = Coder
ADMIN: tobba = Coder
ADMIN: marquesas = Coder
ADMIN: hainesa = Coder
ADMIN: tom = Coder
ADMIN: herrspyguy = Coder
ADMIN: daeren = Coder
ADMIN: conor12 = Coder
ADMIN: convair880 = Coder
[17:58:43] ACCESS: Login: Furry Chicken from 
[18:02:00] ACCESS: Login: Furry Chicken [TRAITOR] from 
[18:02:04] SAY: Shitty Bill (NPC) : Got a light, Colonel?
[18:03:14] SAY: Shitty Bill (NPC) : Got any taters?
[18:03:21] SAY: Father Jack (NPC) : FECK!
[18:04:00] SAY: Shitty Bill (NPC) : Man, I sure miss my bees.
[18:04:26] SAY: Father Jack (NPC) : DRINK!
[18:06:56] SAY: Shitty Bill (NPC) : Man, I sure miss Murray.
[18:07:05] SAY: Father Jack (NPC) : DRINK!
[18:07:42] SAY: Shitty Bill (NPC) : What the hell are you lookin' at, friend?
[18:07:53] SAY: Father Jack (NPC) : ARSE!
[18:08:24] SAY: Shitty Bill (NPC) : You a narc?
[18:08:47] SAY: Shitty Bill (NPC) : You a narc?
[18:09:09] SAY: Shitty Bill (NPC) : I think my pals stole my cat.
[18:09:11] SAY: Shitty Bill (NPC) : You ride?
[18:09:13] SAY: Father Jack (NPC) : That would be an ecumenical matter.
[18:09:15] SAY: Shitty Bill (NPC) : Man, I sure miss the Rings.
[18:09:55] SAY: Shitty Bill (NPC) : Whoa, it's Donald "Don" Glabs.
[18:11:13] SAY: Shitty Bill (NPC) : Yo, gimme yer cats.
[18:11:41] SAY: Father Jack (NPC) : GIRLS!
[18:11:57] SAY: Alien Queen (Furry Chicken) [TRAITOR] : *scream
[18:14:28] SAY: Shitty Bill (NPC) : Man, I sure miss Alpha Centauri.
[18:15:03] SAY: Father Jack (NPC) : GIRLS!
[18:15:22] SAY: Shitty Bill (NPC) : Man, I sure don't miss the Cloud.
[18:15:56] SAY: Shitty Bill (NPC) : Man, I sure miss the Belt.
[18:16:35] SAY: Shitty Bill (NPC) : I think my bruds got eaten.
[18:16:38] SAY: Shitty Bill (NPC) : Got any lexo?
[18:16:40] SAY: Shitty Bill (NPC) : I think my buds got caught.
[18:17:30] SAY: Shitty Bill (NPC) : Got any kelo?
[18:17:56] SAY: Shitty Bill (NPC) : Nice hogg, buddy.
[18:19:09] SAY: Shitty Bill (NPC) : I think my buds set me up.
[18:19:18] SAY: Shitty Bill (NPC) : I ever tell you 'bout that key I found?
[18:19:31] ADMIN: Alien Queen (Furry Chicken) [TRAITOR] created a /mob/living/carbon/human/biker
[18:19:38] SAY: Shitty Bill (NPC) : Got a light, idiot?
[18:19:41] SAY: Shitty Bill (NPC) : You a narc?
[18:20:28] SAY: Shitty Bill (NPC) : Got any smokes?
[18:20:30] SAY: Shitty Bill (NPC) : Man, I sure don't miss bein' a T.U.R.D.
[18:20:36] SAY: Alien Queen (Furry Chicken) [TRAITOR] : *scream
[18:20:40] SAY: Shitty Bill (NPC) : Hey pal, gimme yer drugs.
[18:20:49] SAY: Shitty Bill (NPC) : Hey brud, gimme yer drugs.
[18:20:54] SAY: Shitty Bill (NPC) : You ride?
[18:21:03] SAY: Shitty Bill (NPC) : You a wizman?
[18:21:13] SAY: Shitty Bill (NPC) : Hello Donald "Don" Glabs.
[18:21:13] SAY: Shitty Bill (NPC) : Hello Alien Queen.
[18:21:36] SAY: Shitty Bill (NPC) : I ever tell you 'bout that time I went spelunking?
[18:22:34] SAY: Shitty Bill (NPC) : You a nerd?
[18:22:36] SAY: Alien Queen (Furry Chicken) [TRAITOR] : *scream
[18:22:37] SAY: Shitty Bill (NPC) : I think my homebros left me here.
[18:22:39] SAY: Shitty Bill (NPC) : Dag, it's Donald "Don" Glabs.
[18:22:44] SAY: Shitty Bill (NPC) : You smoke?
[18:23:00] SAY: Shitty Bill (NPC) : You jet?
[18:23:16] SAY: Shitty Bill (NPC) : You a Synder?


Starting up. 19:23.53
---------------------

[19:23:59] ADMIN: Loading jobban_rank
[19:23:59] ADMIN: Jobban_keylist was empty
[19:23:59] ADMIN: Updating jobbanfile!
[19:23:59] ADMIN: Loading oocban_rank
[19:23:59] ADMIN: oocban_keylist was empty
[19:23:59] ADMIN: Updating jobbanfile!
ADMIN: slurm = Host
ADMIN: gibbed = Host
ADMIN: stuntwaffle = Host
ADMIN: pantaloons = Host
ADMIN: darsant = Host
ADMIN: nannek = Host
ADMIN: furrychicken = Host
ADMIN: cherkir = Host
ADMIN: exadv1 = Coder
ADMIN: 0staf = Coder
ADMIN: justicefries = Coder
ADMIN: eroticdad = Coder
ADMIN: angriestibm = Coder
ADMIN: hobnob = Coder
ADMIN: enallyniv = Coder
ADMIN: lallander = Coder
ADMIN: keelin = Coder
ADMIN: brianoblivion = Coder
ADMIN: arthurmuggins = Coder
ADMIN: isaidno = Coder
ADMIN: mport2004 = Coder
ADMIN: burntcornmuffin = Coder
ADMIN: ishallriseagain = Coder
ADMIN: lljkmosheninkov = Coder
ADMIN: dropsy = Coder
ADMIN: procitizensa = Coder
ADMIN: drmelon = Coder
ADMIN: halerina = Coder
ADMIN: pacra = Coder
ADMIN: jackmassacre = Coder
ADMIN: jackbox = Coder
ADMIN: infinitemonkeys = Coder
ADMIN: aphtonites = Coder
ADMIN: volundr = Coder
ADMIN: wirewraith = Coder
ADMIN: tobba = Coder
ADMIN: marquesas = Coder
ADMIN: hainesa = Coder
ADMIN: tom = Coder
ADMIN: herrspyguy = Coder
ADMIN: daeren = Coder
ADMIN: conor12 = Coder
ADMIN: convair880 = Coder
[19:24:20] ACCESS: Login: Furry Chicken from 
[19:25:09] ADMIN: Furry Chicken [DEAD] has started the game.
[19:25:10] ACCESS: Login: Furry Chicken [TRAITOR] from 
[19:25:15] SAY: Alien Queen (Furry Chicken) [TRAITOR] : *scream
[19:25:32] SAY: Father Jack (NPC) : DRINK!
[19:25:54] SAY: Shitty Bill (NPC) : What the hell are you lookin' at, wirehead?
[19:26:16] SAY: Shitty Bill (NPC) : Nice face, beardo.
[19:27:30] SAY: Shitty Bill (NPC) : Hey chump, gimme yer cats.
[19:28:45] SAY: Shitty Bill (NPC) : Got any hyro?
[19:28:57] SAY: Shitty Bill (NPC) : Hey chump, gimme yer bees.
[19:29:06] SAY: Shitty Bill (NPC) : The hell're you lookin' at, scrub?
[19:30:35] SAY: Shitty Bill (NPC) : I ever tell you 'bout the time I found an alien thing that went to the bathroom for you?
[19:31:11] ADMIN: Alien Queen (Furry Chicken) [TRAITOR] created a /mob/living/carbon/human/fatherted
[19:31:42] SAY: Shitty Bill (NPC) : Got any Omega?
[19:34:17] SAY: Shitty Bill (NPC) : You smoke?
[19:35:17] SAY: Shitty Bill (NPC) : I think my pals stole my cat.
[19:36:08] SAY: Shitty Bill (NPC) : You a Synder?
[19:36:10] SAY: Shitty Bill (NPC) : Yo, gimme yer cats.
[19:36:35] SAY: Shitty Bill (NPC) : I think my buds left me here.
[19:36:44] SAY: Shitty Bill (NPC) : Man, I sure miss my shovel.
[19:36:46] SAY: Shitty Bill (NPC) : Nice face, weirdo.
[19:36:48] SAY: Father Jack (NPC) : DRINK!
[19:38:36] SAY: Shitty Bill (NPC) : Nice hogg, flyboy.
[19:40:07] SAY: Father Jack (NPC) : That would be an ecumenical matter.
[19:41:01] SAY: Shitty Bill (NPC) : I ever tell you 'bout the time I got paid to whack someone on that dinosaur station?
[19:44:05] SAY: Shitty Bill (NPC) : What're you lookin' at, chief?
[19:44:07] SAY: Father Jack (NPC) : That would be an ecumenical matter.
[19:44:40] SAY: Shitty Bill (NPC) : I ever tell you 'bout the time I shot that clown?
[19:47:21] SAY: Shitty Bill (NPC) : Got any pips?
[19:47:54] SAY: Shitty Bill (NPC) : I think my bruds left me here.


Starting up. 19:48.14
---------------------

[19:48:22] ADMIN: Loading jobban_rank
[19:48:22] ADMIN: Jobban_keylist was empty
[19:48:22] ADMIN: Updating jobbanfile!
[19:48:22] ADMIN: Loading oocban_rank
[19:48:22] ADMIN: oocban_keylist was empty
[19:48:22] ADMIN: Updating jobbanfile!
ADMIN: slurm = Host
ADMIN: gibbed = Host
ADMIN: stuntwaffle = Host
ADMIN: pantaloons = Host
ADMIN: darsant = Host
ADMIN: nannek = Host
ADMIN: furrychicken = Host
ADMIN: cherkir = Host
ADMIN: exadv1 = Coder
ADMIN: 0staf = Coder
ADMIN: justicefries = Coder
ADMIN: eroticdad = Coder
ADMIN: angriestibm = Coder
ADMIN: hobnob = Coder
ADMIN: enallyniv = Coder
ADMIN: lallander = Coder
ADMIN: keelin = Coder
ADMIN: brianoblivion = Coder
ADMIN: arthurmuggins = Coder
ADMIN: isaidno = Coder
ADMIN: mport2004 = Coder
ADMIN: burntcornmuffin = Coder
ADMIN: ishallriseagain = Coder
ADMIN: lljkmosheninkov = Coder
ADMIN: dropsy = Coder
ADMIN: procitizensa = Coder
ADMIN: drmelon = Coder
ADMIN: halerina = Coder
ADMIN: pacra = Coder
ADMIN: jackmassacre = Coder
ADMIN: jackbox = Coder
ADMIN: infinitemonkeys = Coder
ADMIN: aphtonites = Coder
ADMIN: volundr = Coder
ADMIN: wirewraith = Coder
ADMIN: tobba = Coder
ADMIN: marquesas = Coder
ADMIN: hainesa = Coder
ADMIN: tom = Coder
ADMIN: herrspyguy = Coder
ADMIN: daeren = Coder
ADMIN: conor12 = Coder
ADMIN: convair880 = Coder
[19:48:47] ADMIN: Alien Queen (Furry Chicken) [TRAITOR] has made Alien Queen (Furry Chicken) [TRAITOR] a human.
[19:48:47] ACCESS: Login: Louis Dugmore (Furry Chicken) [TRAITOR] from 
[19:48:57] ACCESS: Login: Furry Chicken from 
[19:48:59] SAY: Louis Dugmore (Furry Chicken) [TRAITOR] : *scream
[19:48:59] SAY: Louis Dugmore (Furry Chicken) [TRAITOR] : *scream
[19:49:00] SAY: Louis Dugmore (Furry Chicken) [TRAITOR] : *scream
[19:49:01] SAY: Louis Dugmore (Furry Chicken) [TRAITOR] : *scream
[19:49:02] SAY: Louis Dugmore (Furry Chicken) [TRAITOR] : *scream
[19:49:13] SAY: Shitty Bill (NPC) : What up Father Jack.
[19:49:30] SAY: Louis Dugmore (Furry Chicken) [TRAITOR] : *scream
[19:49:48] ADMIN: Furry Chicken [DEAD] has started the game.
[19:49:48] ACCESS: Login: Furry Chicken [TRAITOR] from 
[19:50:20] SAY: Shitty Bill (NPC) : Nice threads, astronaut.
[19:50:29] SAY: Shitty Bill (NPC) : You dance?
[19:50:37] SAY: Shitty Bill (NPC) : You a narc?
[19:50:48] SAY: Father Jack (NPC) : DRINK!
[19:51:05] SAY: Shitty Bill (NPC) : I think my associates stole my hat.
[19:51:57] SAY: Father Jack (NPC) : DRINK!
[19:52:09] SAY: Shitty Bill (NPC) : Nice treads, beardo.
[19:52:09] SAY: Alien Queen (Furry Chicken) [TRAITOR] : *scream
[19:52:20] SAY: Shitty Bill (NPC) : You rap?
[19:52:39] SAY: Shitty Bill (NPC) : Nice hog, dingus.
[19:53:02] SAY: Father Jack (NPC) : DRINK!
[19:53:55] SAY: Father Jack (NPC) : That would be an ecumenical matter.
[19:54:00] ADMIN: Alien Queen (Furry Chicken) [TRAITOR] created a /mob/living/carbon/human/fatherted
[19:54:33] SAY: Shitty Bill (NPC) : Got a light, nerd?
[19:54:52] SAY: Shitty Bill (NPC) : Man, I sure miss my keys.
[19:55:08] SAY: Shitty Bill (NPC) : Sup Father Jack.
[19:56:06] SAY: Shitty Bill (NPC) : Man, I sure miss the Rings.
[19:56:46] SAY: Shitty Bill (NPC) : You a dracula?
[19:57:00] SAY: Father Jack (NPC) : That would be an ecumenical matter.
[19:57:03] ADMIN: Alien Queen (Furry Chicken) [TRAITOR] created a /mob/living/carbon/human/npc/monkey/mrs_muggles
[19:57:04] SAY: Shitty Bill (NPC) : I ever tell you 'bout the time I poisoned a dude with my own pee?
[19:57:14] SAY: Father Jack (NPC) : That would be an ecumenical matter.
[19:57:27] ADMIN: Alien Queen (Furry Chicken) [TRAITOR] created a /mob/living/carbon/human/npc/monkey/mr_muggles and /mob/living/carbon/human/npc/monkey/mrs_muggles
[19:57:28] SAY: Shitty Bill (NPC) : You jam?
[19:57:35] SAY: Shitty Bill (NPC) : How's it hangin' Father Jack.
[19:57:57] SAY: Shitty Bill (NPC) : Nice ship, bucko.
[19:58:00] SAY: Shitty Bill (NPC) : Nice hogg, dork.
[19:58:16] SAY: Shitty Bill (NPC) : Oh hell, it's Father Jack.
[19:58:26] SAY: Shitty Bill (NPC) : Nice burner, buddy.
[19:58:38] SAY: Father Jack (NPC) : DRINK!
[19:58:52] SAY: Shitty Bill (NPC) : You a narc?
[19:59:24] SAY: Shitty Bill (NPC) : What the hell are you lookin' at, clown?
[19:59:42] SAY: Louis Dugmore (Furry Chicken) [TRAITOR] : *scream
[20:00:08] SAY: Shitty Bill (NPC) : Whoa, it's Father Jack.
[20:00:19] SAY: Shitty Bill (NPC) : Got a light, friend?
[20:00:29] SAY: Father Jack (NPC) : GIRLS!
[20:00:43] SAY: Shitty Bill (NPC) : You jam?
[20:00:52] SAY: Shitty Bill (NPC) : I think my pals set me up.
[20:01:15] SAY: Shitty Bill (NPC) : I think my bruds sent you.
[20:01:43] SAY: Shitty Bill (NPC) : Man, I sure don't miss the Syndies.
[20:01:55] SAY: Shitty Bill (NPC) : I think my homies forgot about me.
[20:02:00] SAY: Alien Queen (Furry Chicken) [TRAITOR] : *scream
[20:02:49] SAY: Father Jack (NPC) : GIRLS!
[20:03:23] SAY: Shitty Bill (NPC) : You jam?
[20:03:46] SAY: Father Jack (NPC) : ARSE!
[20:05:40] SAY: Shitty Bill (NPC) : Hey, gimme yer dosh.
[20:05:54] SAY: Shitty Bill (NPC) : I ever tell you 'bout that time I fell in some lava?
[20:06:53] SAY: Father Jack (NPC) : ARSE!
[20:06:56] SAY: Shitty Bill (NPC) : I ever tell you 'bout the time I shaved a wizard?
[20:07:12] SAY: Shitty Bill (NPC) : You a dracula?
[20:08:14] SAY: Father Jack (NPC) : DRINK!
[20:08:29] SAY: Shitty Bill (NPC) : Got a light, astronaut?
[20:08:34] SAY: Shitty Bill (NPC) : You sting?
[20:08:41] SAY: Shitty Bill (NPC) : Nice face, astronaut.
[20:08:59] SAY: Shitty Bill (NPC) : I think my bruds got eaten.
[20:09:34] SAY: Shitty Bill (NPC) : The hell you lookin' at, 'Traser?
[20:09:39] SAY: Shitty Bill (NPC) : Got a light, Colonel?
[20:10:39] SAY: Shitty Bill (NPC) : You a cop?
[20:11:02] SAY: Shitty Bill (NPC) : Got a light, doofus?
[20:11:35] SAY: Shitty Bill (NPC) : Nice treads, clown.
[20:12:26] SAY: Shitty Bill (NPC) : You a narc?
[20:12:51] SAY: Shitty Bill (NPC) : I think my homebros left me here.
[20:13:12] SAY: Shitty Bill (NPC) : Got a light, wirehead?
[20:13:15] SAY: Shitty Bill (NPC) : Hey Father Jack.
[20:13:35] SAY: Shitty Bill (NPC) : I think my buds stole my hat.
[20:13:45] SAY: Shitty Bill (NPC) : What're you lookin' at, chief?
[20:13:59] SAY: Father Jack (NPC) : GIRLS!
[20:14:13] SAY: Louis Dugmore (Furry Chicken) [TRAITOR] [DEAD] : *scream
[20:14:14] SAY: Louis Dugmore (Furry Chicken) [TRAITOR] [DEAD] : *scream
[20:14:25] SAY: Alien Queen (Furry Chicken) [TRAITOR] : *scream


Starting up. 20:16.20
---------------------

[20:16:42] ADMIN: Loading jobban_rank
[20:16:42] ADMIN: Jobban_keylist was empty
[20:16:42] ADMIN: Updating jobbanfile!
[20:16:42] ADMIN: Loading oocban_rank
[20:16:42] ADMIN: oocban_keylist was empty
[20:16:42] ADMIN: Updating jobbanfile!
ADMIN: slurm = Host
ADMIN: gibbed = Host
ADMIN: stuntwaffle = Host
ADMIN: pantaloons = Host
ADMIN: darsant = Host
ADMIN: nannek = Host
ADMIN: furrychicken = Host
ADMIN: cherkir = Host
ADMIN: exadv1 = Coder
ADMIN: 0staf = Coder
ADMIN: justicefries = Coder
ADMIN: eroticdad = Coder
ADMIN: angriestibm = Coder
ADMIN: hobnob = Coder
ADMIN: enallyniv = Coder
ADMIN: lallander = Coder
ADMIN: keelin = Coder
ADMIN: brianoblivion = Coder
ADMIN: arthurmuggins = Coder
ADMIN: isaidno = Coder
ADMIN: mport2004 = Coder
ADMIN: burntcornmuffin = Coder
ADMIN: ishallriseagain = Coder
ADMIN: lljkmosheninkov = Coder
ADMIN: dropsy = Coder
ADMIN: procitizensa = Coder
ADMIN: drmelon = Coder
ADMIN: halerina = Coder
ADMIN: pacra = Coder
ADMIN: jackmassacre = Coder
ADMIN: jackbox = Coder
ADMIN: infinitemonkeys = Coder
ADMIN: aphtonites = Coder
ADMIN: volundr = Coder
ADMIN: wirewraith = Coder
ADMIN: tobba = Coder
ADMIN: marquesas = Coder
ADMIN: hainesa = Coder
ADMIN: tom = Coder
ADMIN: herrspyguy = Coder
ADMIN: daeren = Coder
ADMIN: conor12 = Coder
ADMIN: convair880 = Coder
[20:18:08] ACCESS: Login: Furry Chicken from 
[20:20:50] ADMIN: Furry Chicken [DEAD] has started the game.
[20:21:05] ADMIN: Furry Chicken [DEAD] has started the game.
[20:21:05] ACCESS: Login: Furry Chicken [TRAITOR] from 
[20:24:23] SAY: Father Jack (NPC) : FECK!
[20:25:47] SAY: Shitty Bill (NPC) : Nice burner, clown.
[20:26:06] SAY: Shitty Bill (NPC) : Hey Father Jack.
[20:26:16] SAY: Father Jack (NPC) : ARSE!
[20:27:13] SAY: Shitty Bill (NPC) : I ever tell you 'bout the time I helped some weird dudes build some little beepin' robots?
[20:27:18] SAY: Shitty Bill (NPC) : Got a light, flyboy?
[20:27:29] SAY: Shitty Bill (NPC) : You a miner?
[20:27:41] SAY: Shitty Bill (NPC) : Hey friendo, gimme yer hugs.
[20:28:01] SAY: Shitty Bill (NPC) : You sting?
[20:28:26] SAY: Shitty Bill (NPC) : Nice treads, pal.
[20:28:43] SAY: Shitty Bill (NPC) : I think my bruds stole my key.


Starting up. 20:52.27
---------------------

[20:52:31] ADMIN: Loading jobban_rank
[20:52:31] ADMIN: Jobban_keylist was empty
[20:52:31] ADMIN: Updating jobbanfile!
[20:52:31] ADMIN: Loading oocban_rank
[20:52:31] ADMIN: oocban_keylist was empty
[20:52:31] ADMIN: Updating jobbanfile!
ADMIN: slurm = Host
ADMIN: gibbed = Host
ADMIN: stuntwaffle = Host
ADMIN: pantaloons = Host
ADMIN: darsant = Host
ADMIN: nannek = Host
ADMIN: furrychicken = Host
ADMIN: cherkir = Host
ADMIN: exadv1 = Coder
ADMIN: 0staf = Coder
ADMIN: justicefries = Coder
ADMIN: eroticdad = Coder
ADMIN: angriestibm = Coder
ADMIN: hobnob = Coder
ADMIN: enallyniv = Coder
ADMIN: lallander = Coder
ADMIN: keelin = Coder
ADMIN: brianoblivion = Coder
ADMIN: arthurmuggins = Coder
ADMIN: isaidno = Coder
ADMIN: mport2004 = Coder
ADMIN: burntcornmuffin = Coder
ADMIN: ishallriseagain = Coder
ADMIN: lljkmosheninkov = Coder
ADMIN: dropsy = Coder
ADMIN: procitizensa = Coder
ADMIN: drmelon = Coder
ADMIN: halerina = Coder
ADMIN: pacra = Coder
ADMIN: jackmassacre = Coder
ADMIN: jackbox = Coder
ADMIN: infinitemonkeys = Coder
ADMIN: aphtonites = Coder
ADMIN: volundr = Coder
ADMIN: wirewraith = Coder
ADMIN: tobba = Coder
ADMIN: marquesas = Coder
ADMIN: hainesa = Coder
ADMIN: tom = Coder
ADMIN: herrspyguy = Coder
ADMIN: daeren = Coder
ADMIN: conor12 = Coder
ADMIN: convair880 = Coder
[20:52:49] ACCESS: Login: Guest-4038160359 from 


Starting up. 21:00.24
---------------------

[21:00:30] ADMIN: Loading jobban_rank
[21:00:30] ADMIN: Jobban_keylist was empty
[21:00:30] ADMIN: Updating jobbanfile!
[21:00:30] ADMIN: Loading oocban_rank
[21:00:30] ADMIN: oocban_keylist was empty
[21:00:30] ADMIN: Updating jobbanfile!
ADMIN: slurm = Host
ADMIN: gibbed = Host
ADMIN: stuntwaffle = Host
ADMIN: pantaloons = Host
ADMIN: darsant = Host
ADMIN: nannek = Host
ADMIN: furrychicken = Host
ADMIN: cherkir = Host
ADMIN: exadv1 = Coder
ADMIN: 0staf = Coder
ADMIN: justicefries = Coder
ADMIN: eroticdad = Coder
ADMIN: angriestibm = Coder
ADMIN: hobnob = Coder
ADMIN: enallyniv = Coder
ADMIN: lallander = Coder
ADMIN: keelin = Coder
ADMIN: brianoblivion = Coder
ADMIN: arthurmuggins = Coder
ADMIN: isaidno = Coder
ADMIN: mport2004 = Coder
ADMIN: burntcornmuffin = Coder
ADMIN: ishallriseagain = Coder
ADMIN: lljkmosheninkov = Coder
ADMIN: dropsy = Coder
ADMIN: procitizensa = Coder
ADMIN: drmelon = Coder
ADMIN: halerina = Coder
ADMIN: pacra = Coder
ADMIN: jackmassacre = Coder
ADMIN: jackbox = Coder
ADMIN: infinitemonkeys = Coder
ADMIN: aphtonites = Coder
ADMIN: volundr = Coder
ADMIN: wirewraith = Coder
ADMIN: tobba = Coder
ADMIN: marquesas = Coder
ADMIN: hainesa = Coder
ADMIN: tom = Coder
ADMIN: herrspyguy = Coder
ADMIN: daeren = Coder
ADMIN: conor12 = Coder
ADMIN: convair880 = Coder
[21:00:51] ACCESS: Login: Guest-4038160359 from 


Starting up. 21:15.49
---------------------

[21:15:54] ADMIN: Loading jobban_rank
[21:15:54] ADMIN: Jobban_keylist was empty
[21:15:54] ADMIN: Updating jobbanfile!
[21:15:54] ADMIN: Loading oocban_rank
[21:15:54] ADMIN: oocban_keylist was empty
[21:15:54] ADMIN: Updating jobbanfile!
ADMIN: slurm = Host
ADMIN: gibbed = Host
ADMIN: stuntwaffle = Host
ADMIN: pantaloons = Host
ADMIN: darsant = Host
ADMIN: nannek = Host
ADMIN: furrychicken = Host
ADMIN: cherkir = Host
ADMIN: exadv1 = Coder
ADMIN: 0staf = Coder
ADMIN: justicefries = Coder
ADMIN: eroticdad = Coder
ADMIN: angriestibm = Coder
ADMIN: hobnob = Coder
ADMIN: enallyniv = Coder
ADMIN: lallander = Coder
ADMIN: keelin = Coder
ADMIN: brianoblivion = Coder
ADMIN: arthurmuggins = Coder
ADMIN: isaidno = Coder
ADMIN: mport2004 = Coder
ADMIN: burntcornmuffin = Coder
ADMIN: ishallriseagain = Coder
ADMIN: lljkmosheninkov = Coder
ADMIN: dropsy = Coder
ADMIN: procitizensa = Coder
ADMIN: drmelon = Coder
ADMIN: halerina = Coder
ADMIN: pacra = Coder
ADMIN: jackmassacre = Coder
ADMIN: jackbox = Coder
ADMIN: infinitemonkeys = Coder
ADMIN: aphtonites = Coder
ADMIN: volundr = Coder
ADMIN: wirewraith = Coder
ADMIN: tobba = Coder
ADMIN: marquesas = Coder
ADMIN: hainesa = Coder
ADMIN: tom = Coder
ADMIN: herrspyguy = Coder
ADMIN: daeren = Coder
ADMIN: conor12 = Coder
ADMIN: convair880 = Coder
[21:16:17] ACCESS: Login: BSF3 from 
[21:19:32] ACCESS: Login: BSF3 [TRAITOR] from 
[21:20:41] SAY: Father Jack (NPC) : GIRLS!
[21:21:16] SAY: Alien Queen (BSF3) [TRAITOR] : *scream
[21:21:54] SAY: Shitty Bill (NPC) : Hey Father Jack.


Starting up. 21:38.01
---------------------

[21:38:05] ADMIN: Loading jobban_rank
[21:38:05] ADMIN: Jobban_keylist was empty
[21:38:05] ADMIN: Updating jobbanfile!
[21:38:05] ADMIN: Loading oocban_rank
[21:38:05] ADMIN: oocban_keylist was empty
[21:38:05] ADMIN: Updating jobbanfile!
ADMIN: slurm = Host
ADMIN: gibbed = Host
ADMIN: stuntwaffle = Host
ADMIN: pantaloons = Host
ADMIN: darsant = Host
ADMIN: nannek = Host
ADMIN: furrychicken = Host
ADMIN: cherkir = Host
ADMIN: exadv1 = Coder
ADMIN: 0staf = Coder
ADMIN: justicefries = Coder
ADMIN: eroticdad = Coder
ADMIN: angriestibm = Coder
ADMIN: hobnob = Coder
ADMIN: enallyniv = Coder
ADMIN: lallander = Coder
ADMIN: keelin = Coder
ADMIN: brianoblivion = Coder
ADMIN: arthurmuggins = Coder
ADMIN: isaidno = Coder
ADMIN: mport2004 = Coder
ADMIN: burntcornmuffin = Coder
ADMIN: ishallriseagain = Coder
ADMIN: lljkmosheninkov = Coder
ADMIN: dropsy = Coder
ADMIN: procitizensa = Coder
ADMIN: drmelon = Coder
ADMIN: halerina = Coder
ADMIN: pacra = Coder
ADMIN: jackmassacre = Coder
ADMIN: jackbox = Coder
ADMIN: infinitemonkeys = Coder
ADMIN: aphtonites = Coder
ADMIN: volundr = Coder
ADMIN: wirewraith = Coder
ADMIN: tobba = Coder
ADMIN: marquesas = Coder
ADMIN: hainesa = Coder
ADMIN: tom = Coder
ADMIN: herrspyguy = Coder
ADMIN: daeren = Coder
ADMIN: conor12 = Coder
ADMIN: convair880 = Coder
[21:38:21] ACCESS: Login: BSF3 from 


Starting up. 21:46.51
---------------------

[21:46:55] ADMIN: Loading jobban_rank
[21:46:55] ADMIN: Jobban_keylist was empty
[21:46:55] ADMIN: Updating jobbanfile!
[21:46:55] ADMIN: Loading oocban_rank
[21:46:55] ADMIN: oocban_keylist was empty
[21:46:55] ADMIN: Updating jobbanfile!
ADMIN: slurm = Host
ADMIN: gibbed = Host
ADMIN: stuntwaffle = Host
ADMIN: pantaloons = Host
ADMIN: darsant = Host
ADMIN: nannek = Host
ADMIN: furrychicken = Host
ADMIN: cherkir = Host
ADMIN: exadv1 = Coder
ADMIN: 0staf = Coder
ADMIN: justicefries = Coder
ADMIN: eroticdad = Coder
ADMIN: angriestibm = Coder
ADMIN: hobnob = Coder
ADMIN: enallyniv = Coder
ADMIN: lallander = Coder
ADMIN: keelin = Coder
ADMIN: brianoblivion = Coder
ADMIN: arthurmuggins = Coder
ADMIN: isaidno = Coder
ADMIN: mport2004 = Coder
ADMIN: burntcornmuffin = Coder
ADMIN: ishallriseagain = Coder
ADMIN: lljkmosheninkov = Coder
ADMIN: dropsy = Coder
ADMIN: procitizensa = Coder
ADMIN: drmelon = Coder
ADMIN: halerina = Coder
ADMIN: pacra = Coder
ADMIN: jackmassacre = Coder
ADMIN: jackbox = Coder
ADMIN: infinitemonkeys = Coder
ADMIN: aphtonites = Coder
ADMIN: volundr = Coder
ADMIN: wirewraith = Coder
ADMIN: tobba = Coder
ADMIN: marquesas = Coder
ADMIN: hainesa = Coder
ADMIN: tom = Coder
ADMIN: herrspyguy = Coder
ADMIN: daeren = Coder
ADMIN: conor12 = Coder
ADMIN: convair880 = Coder
[21:47:10] ACCESS: Login: BSF3 from 
[21:53:21] ACCESS: Login: BSF3 [TRAITOR] from 
[21:53:51] SAY: Shitty Bill (NPC) : I think my homebros got lost on the way here.
[21:54:03] SAY: Shitty Bill (NPC) : Hey pal, gimme yer drugs.
[21:55:07] SAY: Father Jack (NPC) : That would be an ecumenical matter.
[21:56:03] SAY: Shitty Bill (NPC) : Got any Omni?
[21:56:11] SAY: Shitty Bill (NPC) : You smoke?
[21:56:48] SAY: Shitty Bill (NPC) : Hey, gimme yer cash.
[21:57:53] SAY: Shitty Bill (NPC) : I ever tell you 'bout the weird place with all the monkeys?
[21:58:21] SAY: Shitty Bill (NPC) : Nice face, beardo.
[21:59:24] SAY: Shitty Bill (NPC) : Got a light, bucko?
[21:59:47] SAY: Shitty Bill (NPC) : Got a light, 'Traser?
[22:00:16] SAY: Shitty Bill (NPC) : I think my bros took off.
[22:00:38] SAY: Shitty Bill (NPC) : Got a light, flyboy?
[22:01:56] SAY: Alien Queen (BSF3) [TRAITOR] : *scream
[22:02:11] SAY: Father Jack (NPC) : That would be an ecumenical matter.
[22:02:41] SAY: Alien Queen (BSF3) [TRAITOR] : Yes
[22:04:52] SAY: Shitty Bill (NPC) : Nice hogg, idiot.
[22:05:37] SAY: Shitty Bill (NPC) : Nice karma, friend.
[22:06:03] SAY: Shitty Bill (NPC) : What you lookin' at, bud?
[22:06:13] SAY: Shitty Bill (NPC) : What're you lookin' at, flyboy?
[22:07:35] SAY: Shitty Bill (NPC) : You a narc?
[22:07:51] SAY: Shitty Bill (NPC) : Howdy Father Jack.
[22:09:11] SAY: Alien Queen (BSF3) [TRAITOR] : *scream
[22:09:12] SAY: Alien Queen (BSF3) [TRAITOR] : *scream
[22:13:42] SAY: Shitty Bill (NPC) : Hello Father Jack.
[22:13:50] SAY: Shitty Bill (NPC) : Man, I sure miss that round station.
[22:16:57] SAY: Shitty Bill (NPC) : What're you lookin' at, Colonel?
[22:17:27] SAY: Shitty Bill (NPC) : Got a light, dork?
[22:17:38] SAY: Shitty Bill (NPC) : Yo, gimme yer dosh.
[22:18:11] SAY: Shitty Bill (NPC) : I think my homies died in space.
[22:20:01] SAY: Shitty Bill (NPC) : Dag, it's Father Jack.
[22:20:03] SAY: Shitty Bill (NPC) : How's it goin' Father Jack.
[22:20:18] SAY: Shitty Bill (NPC) : You a changer?
[22:20:54] SAY: Shitty Bill (NPC) : Hey, gimme yer bees.
[22:21:24] SAY: Shitty Bill (NPC) : Hey, gimme yer smokes.
[22:21:52] SAY: Shitty Bill (NPC) : Got any serum?
[22:21:59] SAY: Shitty Bill (NPC) : Oh Christ, it's Father Jack.
[22:22:26] SAY: Shitty Bill (NPC) : You roll?
[22:24:16] SAY: Shitty Bill (NPC) : I ever tell you 'bout my secret base?
[22:24:28] SAY: Shitty Bill (NPC) : Whatcha you lookin' at, Colonel?
[22:25:35] SAY: Shitty Bill (NPC) : Got any 'ritos?
[22:25:52] SAY: Shitty Bill (NPC) : Hey pal, gimme yer dosh.
[22:26:11] SAY: Shitty Bill (NPC) : Hey brud, gimme yer cats.
[22:26:18] SAY: Shitty Bill (NPC) : Hey friendo, gimme yer smokes.
[22:27:07] SAY: Father Jack (NPC) : DRINK!
[22:27:45] SAY: Shitty Bill (NPC) : I think my bros are running late.
[22:28:14] SAY: Father Jack (NPC) : FECK!
[22:28:17] SAY: Shitty Bill (NPC) : Hey friendo, gimme yer patch.
[22:28:21] SAY: Father Jack (NPC) : That would be an ecumenical matter.
[22:28:59] SAY: Shitty Bill (NPC) : You a Synder?
[22:29:10] SAY: Shitty Bill (NPC) : Got a light, idiot?
[22:30:44] SAY: Shitty Bill (NPC) : You dance?


Starting up. 22:32.07
---------------------

[22:32:12] ADMIN: Loading jobban_rank
[22:32:12] ADMIN: Jobban_keylist was empty
[22:32:12] ADMIN: Updating jobbanfile!
[22:32:12] ADMIN: Loading oocban_rank
[22:32:12] ADMIN: oocban_keylist was empty
[22:32:12] ADMIN: Updating jobbanfile!
ADMIN: slurm = Host
ADMIN: gibbed = Host
ADMIN: stuntwaffle = Host
ADMIN: pantaloons = Host
ADMIN: darsant = Host
ADMIN: nannek = Host
ADMIN: furrychicken = Host
ADMIN: cherkir = Host
ADMIN: exadv1 = Coder
ADMIN: 0staf = Coder
ADMIN: justicefries = Coder
ADMIN: eroticdad = Coder
ADMIN: angriestibm = Coder
ADMIN: hobnob = Coder
ADMIN: enallyniv = Coder
ADMIN: lallander = Coder
ADMIN: keelin = Coder
ADMIN: brianoblivion = Coder
ADMIN: arthurmuggins = Coder
ADMIN: isaidno = Coder
ADMIN: mport2004 = Coder
ADMIN: burntcornmuffin = Coder
ADMIN: ishallriseagain = Coder
ADMIN: lljkmosheninkov = Coder
ADMIN: dropsy = Coder
ADMIN: procitizensa = Coder
ADMIN: drmelon = Coder
ADMIN: halerina = Coder
ADMIN: pacra = Coder
ADMIN: jackmassacre = Coder
ADMIN: jackbox = Coder
ADMIN: infinitemonkeys = Coder
ADMIN: aphtonites = Coder
ADMIN: volundr = Coder
ADMIN: wirewraith = Coder
ADMIN: tobba = Coder
ADMIN: marquesas = Coder
ADMIN: hainesa = Coder
ADMIN: tom = Coder
ADMIN: herrspyguy = Coder
ADMIN: daeren = Coder
ADMIN: conor12 = Coder
ADMIN: convair880 = Coder
[22:32:34] ACCESS: Login: BSF3 from 
[22:35:47] ACCESS: Login: BSF3 [TRAITOR] from 
[22:36:46] SAY: Shitty Bill (NPC) : Nice podd, Colonel.
[22:36:53] SAY: Shitty Bill (NPC) : Got any smuds?
[22:37:01] SAY: Shitty Bill (NPC) : Got any stims?
[22:37:05] SAY: Shitty Bill (NPC) : You roll?
[22:37:29] SAY: Shitty Bill (NPC) : I think my crew stole my cat.
[22:38:04] SAY: Shitty Bill (NPC) : Got a light, bud?
[22:38:09] SAY: Shitty Bill (NPC) : Nice hog, bucko.
[22:38:25] SAY: Father Jack (NPC) : FECK!
[22:38:28] SAY: Father Jack (NPC) : FECK!
[22:38:38] SAY: Alien Queen (BSF3) [TRAITOR] :  test
[22:38:42] SAY: Shitty Bill (NPC) : Man, I sure miss the Cloud.
[22:38:44] SAY: Alien Queen (BSF3) [TRAITOR] :  YES
[22:38:51] SAY: Alien Queen (BSF3) [TRAITOR] :  AHAH
[22:39:38] SAY: Shitty Bill (NPC) : Whatcha you lookin' at, dork?
[22:40:00] SAY: Shitty Bill (NPC) : Nice pod, bucko.
