

Starting up. 16:23.04
---------------------

[16:23:09] ADMIN: Loading jobban_rank
[16:23:09] ADMIN: Jobban_keylist was empty
[16:23:09] ADMIN: Updating jobbanfile!
[16:23:09] ADMIN: Loading oocban_rank
[16:23:09] ADMIN: oocban_keylist was empty
[16:23:09] ADMIN: Updating jobbanfile!
ADMIN: slurm = Host
ADMIN: gibbed = Host
ADMIN: stuntwaffle = Host
ADMIN: pantaloons = Host
ADMIN: darsant = Host
ADMIN: nannek = Host
ADMIN: furrychicken = Host
ADMIN: cherkir = Host
ADMIN: exadv1 = Coder
ADMIN: 0staf = Coder
ADMIN: justicefries = Coder
ADMIN: eroticdad = Coder
ADMIN: angriestibm = Coder
ADMIN: hobnob = Coder
ADMIN: enallyniv = Coder
ADMIN: lallander = Coder
ADMIN: keelin = Coder
ADMIN: brianoblivion = Coder
ADMIN: arthurmuggins = Coder
ADMIN: isaidno = Coder
ADMIN: mport2004 = Coder
ADMIN: burntcornmuffin = Coder
ADMIN: ishallriseagain = Coder
ADMIN: lljkmosheninkov = Coder
ADMIN: dropsy = Coder
ADMIN: procitizensa = Coder
ADMIN: drmelon = Coder
ADMIN: halerina = Coder
ADMIN: pacra = Coder
ADMIN: jackmassacre = Coder
ADMIN: jackbox = Coder
ADMIN: infinitemonkeys = Coder
ADMIN: aphtonites = Coder
ADMIN: volundr = Coder
ADMIN: wirewraith = Coder
ADMIN: tobba = Coder
ADMIN: marquesas = Coder
ADMIN: hainesa = Coder
ADMIN: tom = Coder
ADMIN: herrspyguy = Coder
ADMIN: daeren = Coder
ADMIN: conor12 = Coder
ADMIN: convair880 = Coder
[16:23:25] ACCESS: Login: Furry Chicken from 
[16:29:36] ACCESS: Login: Furry Chicken [TRAITOR] from 
[16:29:40] SAY: Shitty Bill (NPC) : Hey pal, gimme yer drugs.
[16:29:51] SAY: Shitty Bill (NPC) : Hey buddy, gimme yer jet.
[16:30:10] SAY: Father Jack (NPC) : GIRLS!
[16:30:20] SAY: Shitty Bill (NPC) : Sup Donald "Don" Glabs.
[16:30:32] SAY: Shitty Bill (NPC) : Got a light, friend?
[16:30:32] SAY: Father Jack (NPC) : That would be an ecumenical matter.
[16:31:12] SAY: Father Jack (NPC) : FECK!
[16:31:26] SAY: Shitty Bill (NPC) : You a cop?
[16:32:08] SAY: Shitty Bill (NPC) : Hey chump, gimme yer high fives.
[16:32:43] SAY: Shitty Bill (NPC) : Got a light, bro?
[16:32:59] SAY: Father Jack (NPC) : DRINK!
[16:33:18] SAY: Shitty Bill (NPC) : You sting?
[16:34:51] SAY: Shitty Bill (NPC) : You fly?
[16:35:29] SAY: Shitty Bill (NPC) : Hey pal, gimme yer dosh.
[16:35:38] SAY: Shitty Bill (NPC) : Got any ecto?
[16:36:15] SAY: Shitty Bill (NPC) : Man, I sure miss my bee.
[16:36:53] SAY: Father Jack (NPC) : That would be an ecumenical matter.
[16:37:01] SAY: Shitty Bill (NPC) : Hey dweeb, gimme yer jet.
[16:39:01] SAY: Shitty Bill (NPC) : You a Synder?
[16:39:24] SAY: Alien Queen (Furry Chicken) [TRAITOR] :  Test
[16:39:35] SAY: Shitty Bill (NPC) : Yo, gimme yer dosh.
[16:39:57] SAY: Shitty Bill (NPC) : You a Synder?
[16:41:11] SAY: Father Jack (NPC) : GIRLS!


Starting up. 16:44.55
---------------------

[16:44:59] ADMIN: Loading jobban_rank
[16:44:59] ADMIN: Jobban_keylist was empty
[16:44:59] ADMIN: Updating jobbanfile!
[16:44:59] ADMIN: Loading oocban_rank
[16:44:59] ADMIN: oocban_keylist was empty
[16:44:59] ADMIN: Updating jobbanfile!
ADMIN: slurm = Host
ADMIN: gibbed = Host
ADMIN: stuntwaffle = Host
ADMIN: pantaloons = Host
ADMIN: darsant = Host
ADMIN: nannek = Host
ADMIN: furry chicken = Host
ADMIN: cherkir = Host
ADMIN: exadv1 = Coder
ADMIN: 0staf = Coder
ADMIN: justicefries = Coder
ADMIN: eroticdad = Coder
ADMIN: angriestibm = Coder
ADMIN: hobnob = Coder
ADMIN: enallyniv = Coder
ADMIN: lallander = Coder
ADMIN: keelin = Coder
ADMIN: brianoblivion = Coder
ADMIN: arthurmuggins = Coder
ADMIN: isaidno = Coder
ADMIN: mport2004 = Coder
ADMIN: burntcornmuffin = Coder
ADMIN: ishallriseagain = Coder
ADMIN: lljkmosheninkov = Coder
ADMIN: dropsy = Coder
ADMIN: procitizensa = Coder
ADMIN: drmelon = Coder
ADMIN: halerina = Coder
ADMIN: pacra = Coder
ADMIN: jackmassacre = Coder
ADMIN: jackbox = Coder
ADMIN: infinitemonkeys = Coder
ADMIN: aphtonites = Coder
ADMIN: volundr = Coder
ADMIN: wirewraith = Coder
ADMIN: tobba = Coder
ADMIN: marquesas = Coder
ADMIN: hainesa = Coder
ADMIN: tom = Coder
ADMIN: herrspyguy = Coder
ADMIN: daeren = Coder
ADMIN: conor12 = Coder
ADMIN: convair880 = Coder
[16:45:16] ACCESS: Login: Furry Chicken from 


Starting up. 17:12.09
---------------------

[17:12:13] ADMIN: Loading jobban_rank
[17:12:13] ADMIN: Jobban_keylist was empty
[17:12:13] ADMIN: Updating jobbanfile!
[17:12:13] ADMIN: Loading oocban_rank
[17:12:13] ADMIN: oocban_keylist was empty
[17:12:13] ADMIN: Updating jobbanfile!
ADMIN: slurm = Host
ADMIN: gibbed = Host
ADMIN: stuntwaffle = Host
ADMIN: pantaloons = Host
ADMIN: darsant = Host
ADMIN: nannek = Host
ADMIN: furrychicken = Host
ADMIN: furry chicken = Host
ADMIN: cherkir = Host
ADMIN: exadv1 = Coder
ADMIN: 0staf = Coder
ADMIN: justicefries = Coder
ADMIN: eroticdad = Coder
ADMIN: angriestibm = Coder
ADMIN: hobnob = Coder
ADMIN: enallyniv = Coder
ADMIN: lallander = Coder
ADMIN: keelin = Coder
ADMIN: brianoblivion = Coder
ADMIN: arthurmuggins = Coder
ADMIN: isaidno = Coder
ADMIN: mport2004 = Coder
ADMIN: burntcornmuffin = Coder
ADMIN: ishallriseagain = Coder
ADMIN: lljkmosheninkov = Coder
ADMIN: dropsy = Coder
ADMIN: procitizensa = Coder
ADMIN: drmelon = Coder
ADMIN: halerina = Coder
ADMIN: pacra = Coder
ADMIN: jackmassacre = Coder
ADMIN: jackbox = Coder
ADMIN: infinitemonkeys = Coder
ADMIN: aphtonites = Coder
ADMIN: volundr = Coder
ADMIN: wirewraith = Coder
ADMIN: tobba = Coder
ADMIN: marquesas = Coder
ADMIN: hainesa = Coder
ADMIN: tom = Coder
ADMIN: herrspyguy = Coder
ADMIN: daeren = Coder
ADMIN: conor12 = Coder
ADMIN: convair880 = Coder
[17:12:32] ACCESS: Login: Furry Chicken from 
[17:13:01] ADMIN: Furry Chicken [DEAD] has started the game.
[17:13:01] ACCESS: Login: Furry Chicken [TRAITOR] from 
[17:14:25] SAY: Shitty Bill (NPC) : Nice name, pal.
[17:14:34] SAY: Shitty Bill (NPC) : Man, I sure miss Sirius.
[17:14:59] SAY: Shitty Bill (NPC) : Hello Donald "Don" Glabs.
[17:15:16] SAY: Shitty Bill (NPC) : Man, I sure miss my plants.
[17:15:34] SAY: Shitty Bill (NPC) : Got a light, scrub?
[17:16:36] SAY: Shitty Bill (NPC) : You smoke?


Starting up. 17:20.42
---------------------

[17:20:47] ADMIN: Loading jobban_rank
[17:20:47] ADMIN: Jobban_keylist was empty
[17:20:47] ADMIN: Updating jobbanfile!
[17:20:47] ADMIN: Loading oocban_rank
[17:20:47] ADMIN: oocban_keylist was empty
[17:20:47] ADMIN: Updating jobbanfile!
ADMIN: slurm = Host
ADMIN: gibbed = Host
ADMIN: stuntwaffle = Host
ADMIN: pantaloons = Host
ADMIN: darsant = Host
ADMIN: nannek = Host
ADMIN: furrychicken = Host
ADMIN: furry chicken = Host
ADMIN: cherkir = Host
ADMIN: exadv1 = Coder
ADMIN: 0staf = Coder
ADMIN: justicefries = Coder
ADMIN: eroticdad = Coder
ADMIN: angriestibm = Coder
ADMIN: hobnob = Coder
ADMIN: enallyniv = Coder
ADMIN: lallander = Coder
ADMIN: keelin = Coder
ADMIN: brianoblivion = Coder
ADMIN: arthurmuggins = Coder
ADMIN: isaidno = Coder
ADMIN: mport2004 = Coder
ADMIN: burntcornmuffin = Coder
ADMIN: ishallriseagain = Coder
ADMIN: lljkmosheninkov = Coder
ADMIN: dropsy = Coder
ADMIN: procitizensa = Coder
ADMIN: drmelon = Coder
ADMIN: halerina = Coder
ADMIN: pacra = Coder
ADMIN: jackmassacre = Coder
ADMIN: jackbox = Coder
ADMIN: infinitemonkeys = Coder
ADMIN: aphtonites = Coder
ADMIN: volundr = Coder
ADMIN: wirewraith = Coder
ADMIN: tobba = Coder
ADMIN: marquesas = Coder
ADMIN: hainesa = Coder
ADMIN: tom = Coder
ADMIN: herrspyguy = Coder
ADMIN: daeren = Coder
ADMIN: conor12 = Coder
ADMIN: convair880 = Coder
[17:21:05] ACCESS: Login: Furry Chicken from 
[17:24:16] ACCESS: Login: Furry Chicken [TRAITOR] from 
[17:24:47] SAY: Father Jack (NPC) : ARSE!
[17:26:14] SAY: Shitty Bill (NPC) : Got a light, spaceman?
[17:26:21] SAY: Father Jack (NPC) : That would be an ecumenical matter.


Starting up. 17:30.47
---------------------

[17:30:51] ADMIN: Loading jobban_rank
[17:30:51] ADMIN: Jobban_keylist was empty
[17:30:51] ADMIN: Updating jobbanfile!
[17:30:51] ADMIN: Loading oocban_rank
[17:30:51] ADMIN: oocban_keylist was empty
[17:30:51] ADMIN: Updating jobbanfile!
ADMIN: slurm = Host
ADMIN: gibbed = Host
ADMIN: stuntwaffle = Host
ADMIN: pantaloons = Host
ADMIN: darsant = Host
ADMIN: nannek = Host
ADMIN: furrychicken = Host
ADMIN: cherkir = Host
ADMIN: exadv1 = Coder
ADMIN: 0staf = Coder
ADMIN: justicefries = Coder
ADMIN: eroticdad = Coder
ADMIN: angriestibm = Coder
ADMIN: hobnob = Coder
ADMIN: enallyniv = Coder
ADMIN: lallander = Coder
ADMIN: keelin = Coder
ADMIN: brianoblivion = Coder
ADMIN: arthurmuggins = Coder
ADMIN: isaidno = Coder
ADMIN: mport2004 = Coder
ADMIN: burntcornmuffin = Coder
ADMIN: ishallriseagain = Coder
ADMIN: lljkmosheninkov = Coder
ADMIN: dropsy = Coder
ADMIN: procitizensa = Coder
ADMIN: drmelon = Coder
ADMIN: halerina = Coder
ADMIN: pacra = Coder
ADMIN: jackmassacre = Coder
ADMIN: jackbox = Coder
ADMIN: infinitemonkeys = Coder
ADMIN: aphtonites = Coder
ADMIN: volundr = Coder
ADMIN: wirewraith = Coder
ADMIN: tobba = Coder
ADMIN: marquesas = Coder
ADMIN: hainesa = Coder
ADMIN: tom = Coder
ADMIN: herrspyguy = Coder
ADMIN: daeren = Coder
ADMIN: conor12 = Coder
ADMIN: convair880 = Coder
[17:31:07] ACCESS: Login: Furry Chicken from 
[17:31:35] ADMIN: Furry Chicken [DEAD] has started the game.
[17:31:47] ADMIN: Furry Chicken [DEAD] has started the game.
[17:31:47] ACCESS: Login: Furry Chicken [TRAITOR] from 
[17:31:57] SAY: Alien Queen (Furry Chicken) [TRAITOR] : *scream
[17:32:44] SAY: Shitty Bill (NPC) : The hell're you lookin' at, dingus?
[17:33:03] ADMIN: Alien Queen (Furry Chicken) [TRAITOR] modified Alien Queen's overlay_refs to /list
[17:33:22] ADMIN: Alien Queen (Furry Chicken) [TRAITOR] modified Alien Queen's overlays to /list
[17:34:38] SAY: Shitty Bill (NPC) : Dang, it's Donald "Don" Glabs.
[17:36:05] SAY: Shitty Bill (NPC) : I think my associates stole my hat.
[17:36:12] SAY: Shitty Bill (NPC) : Whatcha you lookin' at, dude?
[17:37:04] SAY: Shitty Bill (NPC) : Hey buddy, gimme yer cash.
[17:37:35] SAY: Shitty Bill (NPC) : Hey pal, gimme yer bees.
[17:38:01] SAY: Shitty Bill (NPC) : Got a light, doofus?
[17:38:33] SAY: Shitty Bill (NPC) : What you lookin' at, dude?
[17:38:45] SAY: Shitty Bill (NPC) : Whatcha you lookin' at, chief?
[17:40:03] SAY: Father Jack (NPC) : FECK!
[17:40:06] ADMIN: Alien Queen (Furry Chicken) [TRAITOR] created a /mob/living/carbon/human/biker
[17:40:22] SAY: Father Jack (NPC) : FECK!
[17:40:42] SAY: Shitty Bill (NPC) : What're you lookin' at, chief?
[17:40:52] SAY: Shitty Bill (NPC) : Nice burner, bud.
[17:40:54] SAY: Shitty Bill (NPC) : I ever tell you 'bout the terrible secret of juggling?
[17:41:13] SAY: Father Jack (NPC) : GIRLS!
[17:42:50] SAY: Shitty Bill (NPC) : What're you lookin' at, friend?
[17:42:50] SAY: Shitty Bill (NPC) : Whatcha you lookin' at, Colonel?
[17:45:08] SAY: Shitty Bill (NPC) : You a miner?
[17:45:10] SAY: Shitty Bill (NPC) : Got any crank?
[17:45:24] SAY: Shitty Bill (NPC) : Got a light, wirehead?
[17:45:52] SAY: Shitty Bill (NPC) : Man, I sure miss that round station.
[17:45:59] SAY: Shitty Bill (NPC) : You smoke?
[17:47:30] SAY: Shitty Bill (NPC) : Man, I sure don't miss Ganymede.


Starting up. 17:48.25
---------------------

[17:48:29] ADMIN: Loading jobban_rank
[17:48:29] ADMIN: Jobban_keylist was empty
[17:48:29] ADMIN: Updating jobbanfile!
[17:48:29] ADMIN: Loading oocban_rank
[17:48:29] ADMIN: oocban_keylist was empty
[17:48:29] ADMIN: Updating jobbanfile!
ADMIN: slurm = Host
ADMIN: gibbed = Host
ADMIN: stuntwaffle = Host
ADMIN: pantaloons = Host
ADMIN: darsant = Host
ADMIN: nannek = Host
ADMIN: furrychicken = Host
ADMIN: cherkir = Host
ADMIN: exadv1 = Coder
ADMIN: 0staf = Coder
ADMIN: justicefries = Coder
ADMIN: eroticdad = Coder
ADMIN: angriestibm = Coder
ADMIN: hobnob = Coder
ADMIN: enallyniv = Coder
ADMIN: lallander = Coder
ADMIN: keelin = Coder
ADMIN: brianoblivion = Coder
ADMIN: arthurmuggins = Coder
ADMIN: isaidno = Coder
ADMIN: mport2004 = Coder
ADMIN: burntcornmuffin = Coder
ADMIN: ishallriseagain = Coder
ADMIN: lljkmosheninkov = Coder
ADMIN: dropsy = Coder
ADMIN: procitizensa = Coder
ADMIN: drmelon = Coder
ADMIN: halerina = Coder
ADMIN: pacra = Coder
ADMIN: jackmassacre = Coder
ADMIN: jackbox = Coder
ADMIN: infinitemonkeys = Coder
ADMIN: aphtonites = Coder
ADMIN: volundr = Coder
ADMIN: wirewraith = Coder
ADMIN: tobba = Coder
ADMIN: marquesas = Coder
ADMIN: hainesa = Coder
ADMIN: tom = Coder
ADMIN: herrspyguy = Coder
ADMIN: daeren = Coder
ADMIN: conor12 = Coder
ADMIN: convair880 = Coder
[17:48:45] ACCESS: Login: Furry Chicken from 
[17:48:58] SAY: Shitty Bill (NPC) : I ever tell you 'bout when I was a grave-digger?
[17:49:07] SAY: Shitty Bill (NPC) : I think my crew sent you.
[17:49:18] SAY: Shitty Bill (NPC) : Hello Father Jack.
[17:49:47] SAY: Father Jack (NPC) : DRINK!
[17:51:57] SAY: Father Jack (NPC) : FECK!
[17:52:39] SAY: Shitty Bill (NPC) : Got any weed?
[17:52:46] SAY: Shitty Bill (NPC) : Hey, it's Father Jack.
[17:53:08] SAY: Shitty Bill (NPC) : I think my homies got eaten.
[17:53:13] SAY: Shitty Bill (NPC) : You a wizman?
[17:53:20] SAY: Father Jack (NPC) : That would be an ecumenical matter.
[17:53:42] SAY: Shitty Bill (NPC) : Man, I sure miss bein' an atmos tech.
[17:54:16] SAY: Father Jack (NPC) : ARSE!
[17:55:58] SAY: Shitty Bill (NPC) : Got any weed?
[17:57:56] ACCESS: Login: Furry Chicken [TRAITOR] from 
[17:58:44] SAY: Shitty Bill (NPC) : I think my homies died in space.
[17:58:54] SAY: Father Jack (NPC) : FECK!
[17:59:15] SAY: Shitty Bill (NPC) : What you lookin' at, flyboy?
[17:59:45] SAY: Shitty Bill (NPC) : You a narc?
[18:00:34] SAY: Shitty Bill (NPC) : Hey Donald "Don" Glabs.
[18:00:48] SAY: Shitty Bill (NPC) : I think my buds left without me.


Starting up. 18:01.58
---------------------

[18:02:03] ADMIN: Loading jobban_rank
[18:02:03] ADMIN: Jobban_keylist was empty
[18:02:03] ADMIN: Updating jobbanfile!
[18:02:03] ADMIN: Loading oocban_rank
[18:02:03] ADMIN: oocban_keylist was empty
[18:02:03] ADMIN: Updating jobbanfile!
ADMIN: slurm = Host
ADMIN: gibbed = Host
ADMIN: stuntwaffle = Host
ADMIN: pantaloons = Host
ADMIN: darsant = Host
ADMIN: nannek = Host
ADMIN: furrychicken = Host
ADMIN: cherkir = Host
ADMIN: exadv1 = Coder
ADMIN: 0staf = Coder
ADMIN: justicefries = Coder
ADMIN: eroticdad = Coder
ADMIN: angriestibm = Coder
ADMIN: hobnob = Coder
ADMIN: enallyniv = Coder
ADMIN: lallander = Coder
ADMIN: keelin = Coder
ADMIN: brianoblivion = Coder
ADMIN: arthurmuggins = Coder
ADMIN: isaidno = Coder
ADMIN: mport2004 = Coder
ADMIN: burntcornmuffin = Coder
ADMIN: ishallriseagain = Coder
ADMIN: lljkmosheninkov = Coder
ADMIN: dropsy = Coder
ADMIN: procitizensa = Coder
ADMIN: drmelon = Coder
ADMIN: halerina = Coder
ADMIN: pacra = Coder
ADMIN: jackmassacre = Coder
ADMIN: jackbox = Coder
ADMIN: infinitemonkeys = Coder
ADMIN: aphtonites = Coder
ADMIN: volundr = Coder
ADMIN: wirewraith = Coder
ADMIN: tobba = Coder
ADMIN: marquesas = Coder
ADMIN: hainesa = Coder
ADMIN: tom = Coder
ADMIN: herrspyguy = Coder
ADMIN: daeren = Coder
ADMIN: conor12 = Coder
ADMIN: convair880 = Coder
[18:02:19] ACCESS: Login: Furry Chicken from 
[18:03:19] ADMIN: Furry Chicken [DEAD] has started the game.
[18:03:20] ACCESS: Login: Furry Chicken [TRAITOR] from 
[18:04:07] SAY: Shitty Bill (NPC) : I think my pals stole my hat.


Starting up. 20:19.48
---------------------

[20:19:52] ADMIN: Loading jobban_rank
[20:19:52] ADMIN: Jobban_keylist was empty
[20:19:52] ADMIN: Updating jobbanfile!
[20:19:52] ADMIN: Loading oocban_rank
[20:19:52] ADMIN: oocban_keylist was empty
[20:19:52] ADMIN: Updating jobbanfile!
ADMIN: slurm = Host
ADMIN: gibbed = Host
ADMIN: stuntwaffle = Host
ADMIN: pantaloons = Host
ADMIN: darsant = Host
ADMIN: nannek = Host
ADMIN: furrychicken = Host
ADMIN: cherkir = Host
ADMIN: exadv1 = Coder
ADMIN: 0staf = Coder
ADMIN: justicefries = Coder
ADMIN: eroticdad = Coder
ADMIN: angriestibm = Coder
ADMIN: hobnob = Coder
ADMIN: enallyniv = Coder
ADMIN: lallander = Coder
ADMIN: keelin = Coder
ADMIN: brianoblivion = Coder
ADMIN: arthurmuggins = Coder
ADMIN: isaidno = Coder
ADMIN: mport2004 = Coder
ADMIN: burntcornmuffin = Coder
ADMIN: ishallriseagain = Coder
ADMIN: lljkmosheninkov = Coder
ADMIN: dropsy = Coder
ADMIN: procitizensa = Coder
ADMIN: drmelon = Coder
ADMIN: halerina = Coder
ADMIN: pacra = Coder
ADMIN: jackmassacre = Coder
ADMIN: jackbox = Coder
ADMIN: infinitemonkeys = Coder
ADMIN: aphtonites = Coder
ADMIN: volundr = Coder
ADMIN: wirewraith = Coder
ADMIN: tobba = Coder
ADMIN: marquesas = Coder
ADMIN: hainesa = Coder
ADMIN: tom = Coder
ADMIN: herrspyguy = Coder
ADMIN: daeren = Coder
ADMIN: conor12 = Coder
ADMIN: convair880 = Coder
[20:20:07] ACCESS: Login: Furry Chicken from 
[20:20:36] ADMIN: Furry Chicken [DEAD] has started the game.
[20:20:37] ACCESS: Login: Furry Chicken [TRAITOR] from 
[20:21:27] SAY: Shitty Bill (NPC) : What're you lookin' at, bro?
[20:21:34] SAY: Shitty Bill (NPC) : Hey friendo, gimme yer hugs.
[20:21:51] SAY: Shitty Bill (NPC) : Hey, gimme yer drugs.
[20:23:14] SAY: Shitty Bill (NPC) : Man, I sure don't miss the Syndies.
[20:24:11] SAY: Shitty Bill (NPC) : Man, I sure don't miss bein' a wizard.
[20:24:54] SAY: Shitty Bill (NPC) : You smoke?
[20:27:00] SAY: Shitty Bill (NPC) : Man, I sure don't miss Nano-T.
[20:27:07] SAY: Shitty Bill (NPC) : Whatcha you lookin' at, dork?
[20:27:11] SAY: Shitty Bill (NPC) : Got any cola?
[20:28:47] ADMIN: Alien Queen (Furry Chicken) [TRAITOR] created a /mob/living/carbon/human/fatherted
[20:28:47] ADMIN: Alien Queen (Furry Chicken) [TRAITOR] created a /mob/living/carbon/human/fatherted
[20:29:13] SAY: Shitty Bill (NPC) : Man, I sure miss bein' an atmos tech.
[20:30:03] SAY: Shitty Bill (NPC) : Hey, gimme yer cash.
[20:30:05] SAY: Shitty Bill (NPC) : You a miner?
[20:30:17] SAY: Shitty Bill (NPC) : Nice treads, bucko.
[20:30:40] SAY: Shitty Bill (NPC) : How's it hangin' Donald "Don" Glabs.
[20:30:50] SAY: Shitty Bill (NPC) : I ever tell you 'bout my accident?
[20:31:04] SAY: Shitty Bill (NPC) : Got a light, nerd?
[20:31:49] ADMIN: Alien Queen (Furry Chicken) [TRAITOR] created a /mob/living/carbon/human/biker
[20:32:10] SAY: Shitty Bill (NPC) : Hey pal, gimme yer jet.
[20:32:35] SAY: Shitty Bill (NPC) : You a miner?


Starting up. 20:43.38
---------------------

[20:43:42] ADMIN: Loading jobban_rank
[20:43:42] ADMIN: Jobban_keylist was empty
[20:43:42] ADMIN: Updating jobbanfile!
[20:43:42] ADMIN: Loading oocban_rank
[20:43:42] ADMIN: oocban_keylist was empty
[20:43:42] ADMIN: Updating jobbanfile!
ADMIN: slurm = Host
ADMIN: gibbed = Host
ADMIN: stuntwaffle = Host
ADMIN: pantaloons = Host
ADMIN: darsant = Host
ADMIN: nannek = Host
ADMIN: furrychicken = Host
ADMIN: cherkir = Host
ADMIN: exadv1 = Coder
ADMIN: 0staf = Coder
ADMIN: justicefries = Coder
ADMIN: eroticdad = Coder
ADMIN: angriestibm = Coder
ADMIN: hobnob = Coder
ADMIN: enallyniv = Coder
ADMIN: lallander = Coder
ADMIN: keelin = Coder
ADMIN: brianoblivion = Coder
ADMIN: arthurmuggins = Coder
ADMIN: isaidno = Coder
ADMIN: mport2004 = Coder
ADMIN: burntcornmuffin = Coder
ADMIN: ishallriseagain = Coder
ADMIN: lljkmosheninkov = Coder
ADMIN: dropsy = Coder
ADMIN: procitizensa = Coder
ADMIN: drmelon = Coder
ADMIN: halerina = Coder
ADMIN: pacra = Coder
ADMIN: jackmassacre = Coder
ADMIN: jackbox = Coder
ADMIN: infinitemonkeys = Coder
ADMIN: aphtonites = Coder
ADMIN: volundr = Coder
ADMIN: wirewraith = Coder
ADMIN: tobba = Coder
ADMIN: marquesas = Coder
ADMIN: hainesa = Coder
ADMIN: tom = Coder
ADMIN: herrspyguy = Coder
ADMIN: daeren = Coder
ADMIN: conor12 = Coder
ADMIN: convair880 = Coder
[20:43:58] ACCESS: Login: Furry Chicken from 
[20:44:22] ADMIN: Furry Chicken [DEAD] has started the game.
[20:44:22] ACCESS: Login: Furry Chicken [TRAITOR] from 
[20:45:34] SAY: Shitty Bill (NPC) : You rhyme?
[20:46:12] SAY: Father Jack (NPC) : FECK!
[20:46:31] ADMIN: Alien Queen (Furry Chicken) [TRAITOR] created a /mob/living/carbon/human/merchant
[20:46:33] SAY: Father Jack (NPC) : DRINK!
[20:47:02] SAY: Shitty Bill (NPC) : Man, I sure miss Murray.
[20:47:39] ADMIN: Alien Queen (Furry Chicken) [TRAITOR] modified Shifty Kingston's lying to 1
[20:47:59] SAY: Father Jack (NPC) : ARSE!
[20:48:04] ADMIN: Alien Queen (Furry Chicken) [TRAITOR] modified Shifty Kingston's weakened to 5
[20:48:59] SAY: Shitty Bill (NPC) : Nice threads, astronaut.
[20:49:29] SAY: Shitty Bill (NPC) : Nice podd, bro.


Starting up. 20:53.53
---------------------

[20:53:56] ADMIN: Loading jobban_rank
[20:53:56] ADMIN: Jobban_keylist was empty
[20:53:56] ADMIN: Updating jobbanfile!
[20:53:56] ADMIN: Loading oocban_rank
[20:53:56] ADMIN: oocban_keylist was empty
[20:53:56] ADMIN: Updating jobbanfile!
ADMIN: slurm = Host
ADMIN: gibbed = Host
ADMIN: stuntwaffle = Host
ADMIN: pantaloons = Host
ADMIN: darsant = Host
ADMIN: nannek = Host
ADMIN: furrychicken = Host
ADMIN: cherkir = Host
ADMIN: exadv1 = Coder
ADMIN: 0staf = Coder
ADMIN: justicefries = Coder
ADMIN: eroticdad = Coder
ADMIN: angriestibm = Coder
ADMIN: hobnob = Coder
ADMIN: enallyniv = Coder
ADMIN: lallander = Coder
ADMIN: keelin = Coder
ADMIN: brianoblivion = Coder
ADMIN: arthurmuggins = Coder
ADMIN: isaidno = Coder
ADMIN: mport2004 = Coder
ADMIN: burntcornmuffin = Coder
ADMIN: ishallriseagain = Coder
ADMIN: lljkmosheninkov = Coder
ADMIN: dropsy = Coder
ADMIN: procitizensa = Coder
ADMIN: drmelon = Coder
ADMIN: halerina = Coder
ADMIN: pacra = Coder
ADMIN: jackmassacre = Coder
ADMIN: jackbox = Coder
ADMIN: infinitemonkeys = Coder
ADMIN: aphtonites = Coder
ADMIN: volundr = Coder
ADMIN: wirewraith = Coder
ADMIN: tobba = Coder
ADMIN: marquesas = Coder
ADMIN: hainesa = Coder
ADMIN: tom = Coder
ADMIN: herrspyguy = Coder
ADMIN: daeren = Coder
ADMIN: conor12 = Coder
ADMIN: convair880 = Coder
[20:54:09] ACCESS: Login: Furry Chicken from 
[20:54:30] ADMIN: Furry Chicken [DEAD] has started the game.
[20:54:30] ACCESS: Login: Furry Chicken [TRAITOR] from 
[20:55:22] SAY: Shitty Bill (NPC) : Got a light, astronaut?
[20:55:35] SAY: Shitty Bill (NPC) : Got a light, chump?
[20:56:04] SAY: Shitty Bill (NPC) : Nice threads, clown.
[20:56:49] SAY: Shitty Bill (NPC) : You a Synder?
[20:57:02] SAY: Alien Queen (Furry Chicken) [TRAITOR] : *scream
[20:57:19] SAY: Shitty Bill (NPC) : Dang, it's Donald "Don" Glabs.
[20:57:23] SAY: Shitty Bill (NPC) : Man, I sure don't miss the Belt.
[20:57:44] SAY: Shitty Bill (NPC) : Got a light, beardo?
[20:58:40] SAY: Shitty Bill (NPC) : Hey pal, gimme yer cash.


Starting up. 20:59.07
---------------------

[20:59:11] ADMIN: Loading jobban_rank
[20:59:11] ADMIN: Jobban_keylist was empty
[20:59:11] ADMIN: Updating jobbanfile!
[20:59:11] ADMIN: Loading oocban_rank
[20:59:11] ADMIN: oocban_keylist was empty
[20:59:11] ADMIN: Updating jobbanfile!
ADMIN: slurm = Host
ADMIN: gibbed = Host
ADMIN: stuntwaffle = Host
ADMIN: pantaloons = Host
ADMIN: darsant = Host
ADMIN: nannek = Host
ADMIN: furrychicken = Host
ADMIN: cherkir = Host
ADMIN: exadv1 = Coder
ADMIN: 0staf = Coder
ADMIN: justicefries = Coder
ADMIN: eroticdad = Coder
ADMIN: angriestibm = Coder
ADMIN: hobnob = Coder
ADMIN: enallyniv = Coder
ADMIN: lallander = Coder
ADMIN: keelin = Coder
ADMIN: brianoblivion = Coder
ADMIN: arthurmuggins = Coder
ADMIN: isaidno = Coder
ADMIN: mport2004 = Coder
ADMIN: burntcornmuffin = Coder
ADMIN: ishallriseagain = Coder
ADMIN: lljkmosheninkov = Coder
ADMIN: dropsy = Coder
ADMIN: procitizensa = Coder
ADMIN: drmelon = Coder
ADMIN: halerina = Coder
ADMIN: pacra = Coder
ADMIN: jackmassacre = Coder
ADMIN: jackbox = Coder
ADMIN: infinitemonkeys = Coder
ADMIN: aphtonites = Coder
ADMIN: volundr = Coder
ADMIN: wirewraith = Coder
ADMIN: tobba = Coder
ADMIN: marquesas = Coder
ADMIN: hainesa = Coder
ADMIN: tom = Coder
ADMIN: herrspyguy = Coder
ADMIN: daeren = Coder
ADMIN: conor12 = Coder
ADMIN: convair880 = Coder
[20:59:27] ACCESS: Login: Furry Chicken from 
[20:59:34] SAY: Father Jack (NPC) : GIRLS!
[21:01:06] SAY: Shitty Bill (NPC) : Got a light, buddy?
[21:01:19] SAY: Shitty Bill (NPC) : You dance?
[21:01:26] SAY: Alien Queen (Furry Chicken) [TRAITOR] : *scream
[21:02:07] SAY: Shitty Bill (NPC) : Man, I sure miss my bees.
[21:02:16] SAY: Shitty Bill (NPC) : Sup Donald "Don" Glabs.
[21:02:37] ACCESS: Login: Furry Chicken [TRAITOR] from 
[21:03:12] SAY: Shitty Bill (NPC) : What up Donald "Don" Glabs.
[21:03:14] SAY: Shitty Bill (NPC) : I think my crew are running late.
[21:03:33] SAY: Father Jack (NPC) : FECK!
[21:04:13] SAY: Father Jack (NPC) : ARSE!
[21:04:15] SAY: Shitty Bill (NPC) : You jet?
[21:04:18] SAY: Father Jack (NPC) : ARSE!
[21:04:27] SAY: Shitty Bill (NPC) : The hell're you lookin' at, owl man?
[21:04:36] SAY: Shitty Bill (NPC) : Got any hyper?
[21:05:19] SAY: Father Jack (NPC) : That would be an ecumenical matter.
[21:05:28] SAY: Shitty Bill (NPC) : Got any 'ritos?
[21:05:43] SAY: Father Jack (NPC) : ARSE!
[21:06:35] SAY: Shitty Bill (NPC) : What you lookin' at, wirehead?
[21:06:39] SAY: Shitty Bill (NPC) : How's it goin' Donald "Don" Glabs.
[21:06:58] SAY: Shitty Bill (NPC) : How's it hangin' Donald "Don" Glabs.
[21:07:03] SAY: Shitty Bill (NPC) : You a nerd?
[21:07:19] SAY: Shitty Bill (NPC) : I ever tell you 'bout that time I lost my keys?
[21:07:54] SAY: Shitty Bill (NPC) : Got a light, bro?
[21:07:56] SAY: Shitty Bill (NPC) : I think my bros stole my hat.
[21:08:20] SAY: Shitty Bill (NPC) : You roll?


Starting up. 21:11.36
---------------------

[21:11:40] ADMIN: Loading jobban_rank
[21:11:40] ADMIN: Jobban_keylist was empty
[21:11:40] ADMIN: Updating jobbanfile!
[21:11:40] ADMIN: Loading oocban_rank
[21:11:40] ADMIN: oocban_keylist was empty
[21:11:40] ADMIN: Updating jobbanfile!
ADMIN: slurm = Host
ADMIN: gibbed = Host
ADMIN: stuntwaffle = Host
ADMIN: pantaloons = Host
ADMIN: darsant = Host
ADMIN: nannek = Host
ADMIN: furrychicken = Host
ADMIN: cherkir = Host
ADMIN: exadv1 = Coder
ADMIN: 0staf = Coder
ADMIN: justicefries = Coder
ADMIN: eroticdad = Coder
ADMIN: angriestibm = Coder
ADMIN: hobnob = Coder
ADMIN: enallyniv = Coder
ADMIN: lallander = Coder
ADMIN: keelin = Coder
ADMIN: brianoblivion = Coder
ADMIN: arthurmuggins = Coder
ADMIN: isaidno = Coder
ADMIN: mport2004 = Coder
ADMIN: burntcornmuffin = Coder
ADMIN: ishallriseagain = Coder
ADMIN: lljkmosheninkov = Coder
ADMIN: dropsy = Coder
ADMIN: procitizensa = Coder
ADMIN: drmelon = Coder
ADMIN: halerina = Coder
ADMIN: pacra = Coder
ADMIN: jackmassacre = Coder
ADMIN: jackbox = Coder
ADMIN: infinitemonkeys = Coder
ADMIN: aphtonites = Coder
ADMIN: volundr = Coder
ADMIN: wirewraith = Coder
ADMIN: tobba = Coder
ADMIN: marquesas = Coder
ADMIN: hainesa = Coder
ADMIN: tom = Coder
ADMIN: herrspyguy = Coder
ADMIN: daeren = Coder
ADMIN: conor12 = Coder
ADMIN: convair880 = Coder
[21:11:53] ACCESS: Login: Furry Chicken from 
[21:12:15] ADMIN: Furry Chicken [DEAD] has started the game.
[21:12:16] ACCESS: Login: Furry Chicken [TRAITOR] from 
[21:12:56] ADMIN: Alien Queen (Furry Chicken) [TRAITOR] created a /mob/living/carbon/human/biker
[21:13:53] SAY: Shitty Bill (NPC) : You a Russian?
[21:14:17] SAY: Shitty Bill (NPC) : What're you lookin' at, owl man?


Starting up. 21:17.30
---------------------

[21:17:34] ADMIN: Loading jobban_rank
[21:17:34] ADMIN: Jobban_keylist was empty
[21:17:34] ADMIN: Updating jobbanfile!
[21:17:34] ADMIN: Loading oocban_rank
[21:17:34] ADMIN: oocban_keylist was empty
[21:17:34] ADMIN: Updating jobbanfile!
ADMIN: slurm = Host
ADMIN: gibbed = Host
ADMIN: stuntwaffle = Host
ADMIN: pantaloons = Host
ADMIN: darsant = Host
ADMIN: nannek = Host
ADMIN: furrychicken = Host
ADMIN: cherkir = Host
ADMIN: exadv1 = Coder
ADMIN: 0staf = Coder
ADMIN: justicefries = Coder
ADMIN: eroticdad = Coder
ADMIN: angriestibm = Coder
ADMIN: hobnob = Coder
ADMIN: enallyniv = Coder
ADMIN: lallander = Coder
ADMIN: keelin = Coder
ADMIN: brianoblivion = Coder
ADMIN: arthurmuggins = Coder
ADMIN: isaidno = Coder
ADMIN: mport2004 = Coder
ADMIN: burntcornmuffin = Coder
ADMIN: ishallriseagain = Coder
ADMIN: lljkmosheninkov = Coder
ADMIN: dropsy = Coder
ADMIN: procitizensa = Coder
ADMIN: drmelon = Coder
ADMIN: halerina = Coder
ADMIN: pacra = Coder
ADMIN: jackmassacre = Coder
ADMIN: jackbox = Coder
ADMIN: infinitemonkeys = Coder
ADMIN: aphtonites = Coder
ADMIN: volundr = Coder
ADMIN: wirewraith = Coder
ADMIN: tobba = Coder
ADMIN: marquesas = Coder
ADMIN: hainesa = Coder
ADMIN: tom = Coder
ADMIN: herrspyguy = Coder
ADMIN: daeren = Coder
ADMIN: conor12 = Coder
ADMIN: convair880 = Coder
[21:17:47] ACCESS: Login: Furry Chicken from 
[21:18:01] ADMIN: Furry Chicken [DEAD] has started the game.
[21:18:08] ADMIN: Furry Chicken [DEAD] has started the game.
[21:18:08] ACCESS: Login: Furry Chicken [TRAITOR] from 
[21:18:17] SAY: Shitty Bill (NPC) : Whatcha you lookin' at, dude?
[21:18:25] SAY: Shitty Bill (NPC) : You sting?
[21:18:29] SAY: Shitty Bill (NPC) : Got a light, bucko?
[21:18:38] SAY: Shitty Bill (NPC) : You rhyme?
[21:18:51] SAY: Shitty Bill (NPC) : I ever tell you 'bout the time I found an alien thing that made weed?
[21:18:55] SAY: Shitty Bill (NPC) : You dance?
[21:18:57] SAY: Shitty Bill (NPC) : Hey dweeb, gimme yer dosh.
[21:19:00] SAY: Shitty Bill (NPC) : Got any lepo?
[21:19:09] SAY: Shitty Bill (NPC) : I think my bruds left without me.
[21:19:43] SAY: Shitty Bill (NPC) : Howdy Donald "Don" Glabs.
[21:20:12] SAY: Shitty Bill (NPC) : I ever tell you 'bout that time some nerd saved me from a massive drone that wouldn't quit starin' at me?
[21:20:56] SAY: Shitty Bill (NPC) : You a nerd?


Starting up. 21:22.02
---------------------

[21:22:06] ADMIN: Loading jobban_rank
[21:22:06] ADMIN: Jobban_keylist was empty
[21:22:06] ADMIN: Updating jobbanfile!
[21:22:06] ADMIN: Loading oocban_rank
[21:22:06] ADMIN: oocban_keylist was empty
[21:22:06] ADMIN: Updating jobbanfile!
ADMIN: slurm = Host
ADMIN: gibbed = Host
ADMIN: stuntwaffle = Host
ADMIN: pantaloons = Host
ADMIN: darsant = Host
ADMIN: nannek = Host
ADMIN: furrychicken = Host
ADMIN: cherkir = Host
ADMIN: exadv1 = Coder
ADMIN: 0staf = Coder
ADMIN: justicefries = Coder
ADMIN: eroticdad = Coder
ADMIN: angriestibm = Coder
ADMIN: hobnob = Coder
ADMIN: enallyniv = Coder
ADMIN: lallander = Coder
ADMIN: keelin = Coder
ADMIN: brianoblivion = Coder
ADMIN: arthurmuggins = Coder
ADMIN: isaidno = Coder
ADMIN: mport2004 = Coder
ADMIN: burntcornmuffin = Coder
ADMIN: ishallriseagain = Coder
ADMIN: lljkmosheninkov = Coder
ADMIN: dropsy = Coder
ADMIN: procitizensa = Coder
ADMIN: drmelon = Coder
ADMIN: halerina = Coder
ADMIN: pacra = Coder
ADMIN: jackmassacre = Coder
ADMIN: jackbox = Coder
ADMIN: infinitemonkeys = Coder
ADMIN: aphtonites = Coder
ADMIN: volundr = Coder
ADMIN: wirewraith = Coder
ADMIN: tobba = Coder
ADMIN: marquesas = Coder
ADMIN: hainesa = Coder
ADMIN: tom = Coder
ADMIN: herrspyguy = Coder
ADMIN: daeren = Coder
ADMIN: conor12 = Coder
ADMIN: convair880 = Coder
[21:22:19] ACCESS: Login: Furry Chicken from 
[21:22:39] ADMIN: Furry Chicken [DEAD] has started the game.
[21:22:39] ACCESS: Login: Furry Chicken [TRAITOR] from 
[21:22:46] SAY: Shitty Bill (NPC) : Man, I sure don't miss that weird ass military bunker.


Starting up. 21:26.34
---------------------

[21:26:38] ADMIN: Loading jobban_rank
[21:26:38] ADMIN: Jobban_keylist was empty
[21:26:38] ADMIN: Updating jobbanfile!
[21:26:38] ADMIN: Loading oocban_rank
[21:26:38] ADMIN: oocban_keylist was empty
[21:26:38] ADMIN: Updating jobbanfile!
ADMIN: slurm = Host
ADMIN: gibbed = Host
ADMIN: stuntwaffle = Host
ADMIN: pantaloons = Host
ADMIN: darsant = Host
ADMIN: nannek = Host
ADMIN: furrychicken = Host
ADMIN: cherkir = Host
ADMIN: exadv1 = Coder
ADMIN: 0staf = Coder
ADMIN: justicefries = Coder
ADMIN: eroticdad = Coder
ADMIN: angriestibm = Coder
ADMIN: hobnob = Coder
ADMIN: enallyniv = Coder
ADMIN: lallander = Coder
ADMIN: keelin = Coder
ADMIN: brianoblivion = Coder
ADMIN: arthurmuggins = Coder
ADMIN: isaidno = Coder
ADMIN: mport2004 = Coder
ADMIN: burntcornmuffin = Coder
ADMIN: ishallriseagain = Coder
ADMIN: lljkmosheninkov = Coder
ADMIN: dropsy = Coder
ADMIN: procitizensa = Coder
ADMIN: drmelon = Coder
ADMIN: halerina = Coder
ADMIN: pacra = Coder
ADMIN: jackmassacre = Coder
ADMIN: jackbox = Coder
ADMIN: infinitemonkeys = Coder
ADMIN: aphtonites = Coder
ADMIN: volundr = Coder
ADMIN: wirewraith = Coder
ADMIN: tobba = Coder
ADMIN: marquesas = Coder
ADMIN: hainesa = Coder
ADMIN: tom = Coder
ADMIN: herrspyguy = Coder
ADMIN: daeren = Coder
ADMIN: conor12 = Coder
ADMIN: convair880 = Coder
[21:26:52] ACCESS: Login: Furry Chicken from 
[21:27:57] ADMIN: Furry Chicken [DEAD] has started the game.
[21:27:57] ACCESS: Login: Furry Chicken [TRAITOR] from 
[21:28:20] SAY: Shitty Bill (NPC) : Man, I sure miss Alpha Centauri.
[21:29:06] SAY: Alien Queen (Furry Chicken) [TRAITOR] : *scream
[21:29:23] SAY: Shitty Bill (NPC) : You rap?
[21:29:42] SAY: Shitty Bill (NPC) : What up Donald "Don" Glabs.
[21:29:48] SAY: Alien Queen (Furry Chicken) [TRAITOR] : *scream
[21:30:09] SAY: Alien Queen (Furry Chicken) [TRAITOR] : *scream
[21:30:39] SAY: Father Jack (NPC) : ARSE!
[21:30:53] SAY: Alien Queen (Furry Chicken) [TRAITOR] : *scream
