

Starting up. 10:22.50
---------------------

[10:22:53] ADMIN: Loading jobban_rank
[10:22:53] ADMIN: Jobban_keylist was empty
[10:22:53] ADMIN: Updating jobbanfile!
[10:22:53] ADMIN: Loading oocban_rank
[10:22:53] ADMIN: oocban_keylist was empty
[10:22:53] ADMIN: Updating jobbanfile!
ADMIN: slurm = Host
ADMIN: gibbed = Host
ADMIN: stuntwaffle = Host
ADMIN: pantaloons = Host
ADMIN: darsant = Host
ADMIN: nannek = Host
ADMIN: furrychicken = Host
ADMIN: cherkir = Host
ADMIN: exadv1 = Coder
ADMIN: 0staf = Coder
ADMIN: justicefries = Coder
ADMIN: eroticdad = Coder
ADMIN: angriestibm = Coder
ADMIN: hobnob = Coder
ADMIN: enallyniv = Coder
ADMIN: lallander = Coder
ADMIN: keelin = Coder
ADMIN: brianoblivion = Coder
ADMIN: arthurmuggins = Coder
ADMIN: isaidno = Coder
ADMIN: mport2004 = Coder
ADMIN: burntcornmuffin = Coder
ADMIN: ishallriseagain = Coder
ADMIN: lljkmosheninkov = Coder
ADMIN: dropsy = Coder
ADMIN: procitizensa = Coder
ADMIN: drmelon = Coder
ADMIN: halerina = Coder
ADMIN: pacra = Coder
ADMIN: jackmassacre = Coder
ADMIN: jackbox = Coder
ADMIN: infinitemonkeys = Coder
ADMIN: aphtonites = Coder
ADMIN: volundr = Coder
ADMIN: wirewraith = Coder
ADMIN: tobba = Coder
ADMIN: marquesas = Coder
ADMIN: hainesa = Coder
ADMIN: tom = Coder
ADMIN: herrspyguy = Coder
ADMIN: daeren = Coder
ADMIN: conor12 = Coder
ADMIN: convair880 = Coder
[10:23:07] ACCESS: Login: Furry Chicken from 
[10:23:49] ADMIN: Furry Chicken [DEAD] has started the game.
[10:23:50] ACCESS: Login: Furry Chicken [TRAITOR] from 
[10:24:10] SAY: Alien Queen (Furry Chicken) [TRAITOR] : *scream
[10:24:27] SAY: Shitty Bill (NPC) : I think my pals left me here.
[10:25:13] SAY: Father Jack (NPC) : DRINK!
[10:25:16] ADMIN: Alien Queen (Furry Chicken) [TRAITOR] created a /mob/living/carbon/human/fatherted
[10:25:56] SAY: Shitty Bill (NPC) : What the hell are you lookin' at, astronaut?
[10:26:19] SAY: Shitty Bill (NPC) : You rap?
[10:26:22] ADMIN: Alien Queen (Furry Chicken) [TRAITOR] created a /obj/stool/bed/brig
[10:26:33] SAY: Shitty Bill (NPC) : Man, I sure miss Mars.
[10:26:38] SAY: Father Jack (NPC) : ARSE!
[10:27:01] SAY: Father Jack (NPC) : DRINK!
[10:27:28] ADMIN: /datum/targetable/refpicker modified Father Ted's buckled to the brig cell bed
[10:27:29] SAY: Father Jack (NPC) : ARSE!
[10:27:55] SAY: Shitty Bill (NPC) : You jam?
[10:28:35] SAY: Shitty Bill (NPC) : You wrassle?
[10:29:49] SAY: Shitty Bill (NPC) : You a narc?
[10:30:12] SAY: Shitty Bill (NPC) : Yo, gimme yer keys.
[10:30:43] SAY: Shitty Bill (NPC) : 'Ey, it's Donald "Don" Glabs.
[10:31:01] SAY: Father Jack (NPC) : That would be an ecumenical matter.
[10:32:00] SAY: Shitty Bill (NPC) : Got a light, chief?
[10:34:31] SAY: Father Jack (NPC) : That would be an ecumenical matter.
[10:34:36] SAY: Shitty Bill (NPC) : Got a light, bud?
[10:34:38] SAY: Shitty Bill (NPC) : Nice threads, friend.
[10:34:45] SAY: Shitty Bill (NPC) : Got any cola?
[10:34:50] SAY: Shitty Bill (NPC) : You ride?
[10:35:46] SAY: Shitty Bill (NPC) : You rhyme?
[10:36:51] SAY: Shitty Bill (NPC) : Nice podd, flyboy.
[10:38:15] SAY: Shitty Bill (NPC) : You a changer?
[10:38:32] SAY: Shitty Bill (NPC) : I ever tell you 'bout the time I was a clown?
[10:38:34] SAY: Father Jack (NPC) : ARSE!
[10:39:19] ADMIN: Alien Queen (Furry Chicken) [TRAITOR] has toggled their nodamage to On
[10:39:22] ADMIN: Alien Queen (Furry Chicken) [TRAITOR] has toggled their nodamage to Off
[10:39:25] ADMIN: Alien Queen (Furry Chicken) [TRAITOR] toggled Death Confetti on
[10:39:26] ADMIN: Alien Queen (Furry Chicken) [TRAITOR] toggled Death Confetti off
[10:39:53] SAY: Shitty Bill (NPC) : 'Ey, it's Donald "Don" Glabs.
[10:39:53] ADMIN: Alien Queen (Furry Chicken) [TRAITOR] created a /mob/living/carbon/human/fatherjack
[10:40:11] SAY: Father Jack (NPC) : GIRLS!


Starting up. 10:41.13
---------------------

[10:41:17] ADMIN: Loading jobban_rank
[10:41:17] ADMIN: Jobban_keylist was empty
[10:41:17] ADMIN: Updating jobbanfile!
[10:41:17] ADMIN: Loading oocban_rank
[10:41:17] ADMIN: oocban_keylist was empty
[10:41:17] ADMIN: Updating jobbanfile!
ADMIN: slurm = Host
ADMIN: gibbed = Host
ADMIN: stuntwaffle = Host
ADMIN: pantaloons = Host
ADMIN: darsant = Host
ADMIN: nannek = Host
ADMIN: furrychicken = Host
ADMIN: cherkir = Host
ADMIN: exadv1 = Coder
ADMIN: 0staf = Coder
ADMIN: justicefries = Coder
ADMIN: eroticdad = Coder
ADMIN: angriestibm = Coder
ADMIN: hobnob = Coder
ADMIN: enallyniv = Coder
ADMIN: lallander = Coder
ADMIN: keelin = Coder
ADMIN: brianoblivion = Coder
ADMIN: arthurmuggins = Coder
ADMIN: isaidno = Coder
ADMIN: mport2004 = Coder
ADMIN: burntcornmuffin = Coder
ADMIN: ishallriseagain = Coder
ADMIN: lljkmosheninkov = Coder
ADMIN: dropsy = Coder
ADMIN: procitizensa = Coder
ADMIN: drmelon = Coder
ADMIN: halerina = Coder
ADMIN: pacra = Coder
ADMIN: jackmassacre = Coder
ADMIN: jackbox = Coder
ADMIN: infinitemonkeys = Coder
ADMIN: aphtonites = Coder
ADMIN: volundr = Coder
ADMIN: wirewraith = Coder
ADMIN: tobba = Coder
ADMIN: marquesas = Coder
ADMIN: hainesa = Coder
ADMIN: tom = Coder
ADMIN: herrspyguy = Coder
ADMIN: daeren = Coder
ADMIN: conor12 = Coder
ADMIN: convair880 = Coder
[10:41:32] ACCESS: Login: Furry Chicken from 
[10:42:11] SAY: Father Jack (NPC) : FECK!
[10:42:14] ADMIN: Furry Chicken [DEAD] has started the game.
[10:42:14] ACCESS: Login: Furry Chicken [TRAITOR] from 
[10:42:50] ADMIN: Alien Queen (Furry Chicken) [TRAITOR] created a /mob/living/carbon/human/fatherjack
[10:43:06] SAY: Shitty Bill (NPC) : Hey pal, gimme yer smokes.
[10:43:06] SAY: Father Jack (NPC) : GIRLS!
[10:43:23] SAY: Alien Queen (Furry Chicken) [TRAITOR] : *scream
[10:43:32] SAY: Shitty Bill (NPC) : Man, I sure don't miss that big meaty dude.
[10:43:39] SAY: Shitty Bill (NPC) : Yo, gimme yer card.
[10:43:45] SAY: Shitty Bill (NPC) : Got a light, dork?
[10:44:17] SAY: Shitty Bill (NPC) : Hey, gimme yer hugs.
[10:44:17] SAY: Shitty Bill (NPC) : I think my bruds got caught.
[10:44:29] SAY: Shitty Bill (NPC) : Nice karma, wirehead.
[10:44:47] SAY: Father Jack (NPC) : FECK!
[10:45:06] SAY: Father Jack (NPC) : That would be an ecumenical matter.
[10:45:18] SAY: Shitty Bill (NPC) : I think my associates forgot about me.
[10:45:51] SAY: Shitty Bill (NPC) : Got a light, beardo?
[10:45:58] SAY: Father Jack (NPC) : GIRLS!
[10:46:38] SAY: Shitty Bill (NPC) : Yo, gimme yer cats.


Starting up. 11:14.46
---------------------

[11:14:51] ADMIN: Loading jobban_rank
[11:14:51] ADMIN: Jobban_keylist was empty
[11:14:51] ADMIN: Updating jobbanfile!
[11:14:51] ADMIN: Loading oocban_rank
[11:14:51] ADMIN: oocban_keylist was empty
[11:14:51] ADMIN: Updating jobbanfile!
ADMIN: slurm = Host
ADMIN: gibbed = Host
ADMIN: stuntwaffle = Host
ADMIN: pantaloons = Host
ADMIN: darsant = Host
ADMIN: nannek = Host
ADMIN: furrychicken = Host
ADMIN: cherkir = Host
ADMIN: exadv1 = Coder
ADMIN: 0staf = Coder
ADMIN: justicefries = Coder
ADMIN: eroticdad = Coder
ADMIN: angriestibm = Coder
ADMIN: hobnob = Coder
ADMIN: enallyniv = Coder
ADMIN: lallander = Coder
ADMIN: keelin = Coder
ADMIN: brianoblivion = Coder
ADMIN: arthurmuggins = Coder
ADMIN: isaidno = Coder
ADMIN: mport2004 = Coder
ADMIN: burntcornmuffin = Coder
ADMIN: ishallriseagain = Coder
ADMIN: lljkmosheninkov = Coder
ADMIN: dropsy = Coder
ADMIN: procitizensa = Coder
ADMIN: drmelon = Coder
ADMIN: halerina = Coder
ADMIN: pacra = Coder
ADMIN: jackmassacre = Coder
ADMIN: jackbox = Coder
ADMIN: infinitemonkeys = Coder
ADMIN: aphtonites = Coder
ADMIN: volundr = Coder
ADMIN: wirewraith = Coder
ADMIN: tobba = Coder
ADMIN: marquesas = Coder
ADMIN: hainesa = Coder
ADMIN: tom = Coder
ADMIN: herrspyguy = Coder
ADMIN: daeren = Coder
ADMIN: conor12 = Coder
ADMIN: convair880 = Coder
[11:15:07] ACCESS: Login: Furry Chicken from 
[11:18:18] ACCESS: Login: Furry Chicken [TRAITOR] from 
[11:19:39] SAY: Father Jack (NPC) : That would be an ecumenical matter.
[11:19:41] SAY: Shitty Bill (NPC) : Whatcha you lookin' at, spaceman?
[11:19:51] SAY: Shitty Bill (NPC) : You rap?


Starting up. 11:21.34
---------------------

[11:21:38] ADMIN: Loading jobban_rank
[11:21:38] ADMIN: Jobban_keylist was empty
[11:21:38] ADMIN: Updating jobbanfile!
[11:21:38] ADMIN: Loading oocban_rank
[11:21:38] ADMIN: oocban_keylist was empty
[11:21:38] ADMIN: Updating jobbanfile!
ADMIN: slurm = Host
ADMIN: gibbed = Host
ADMIN: stuntwaffle = Host
ADMIN: pantaloons = Host
ADMIN: darsant = Host
ADMIN: nannek = Host
ADMIN: furrychicken = Host
ADMIN: cherkir = Host
ADMIN: exadv1 = Coder
ADMIN: 0staf = Coder
ADMIN: justicefries = Coder
ADMIN: eroticdad = Coder
ADMIN: angriestibm = Coder
ADMIN: hobnob = Coder
ADMIN: enallyniv = Coder
ADMIN: lallander = Coder
ADMIN: keelin = Coder
ADMIN: brianoblivion = Coder
ADMIN: arthurmuggins = Coder
ADMIN: isaidno = Coder
ADMIN: mport2004 = Coder
ADMIN: burntcornmuffin = Coder
ADMIN: ishallriseagain = Coder
ADMIN: lljkmosheninkov = Coder
ADMIN: dropsy = Coder
ADMIN: procitizensa = Coder
ADMIN: drmelon = Coder
ADMIN: halerina = Coder
ADMIN: pacra = Coder
ADMIN: jackmassacre = Coder
ADMIN: jackbox = Coder
ADMIN: infinitemonkeys = Coder
ADMIN: aphtonites = Coder
ADMIN: volundr = Coder
ADMIN: wirewraith = Coder
ADMIN: tobba = Coder
ADMIN: marquesas = Coder
ADMIN: hainesa = Coder
ADMIN: tom = Coder
ADMIN: herrspyguy = Coder
ADMIN: daeren = Coder
ADMIN: conor12 = Coder
ADMIN: convair880 = Coder
[11:21:53] ACCESS: Login: Furry Chicken from 
[11:23:44] ADMIN: Furry Chicken [DEAD] has started the game.
[11:23:44] ACCESS: Login: Furry Chicken [TRAITOR] from 
[11:23:49] SAY: Shitty Bill (NPC) : I think my homebros set me up.
[11:23:57] SAY: Shitty Bill (NPC) : I ever tell you 'bout the time I got cloned?
[11:24:40] ADMIN: Alien Queen (Furry Chicken) [TRAITOR] created a /mob/living/carbon/human/merchant
[11:25:02] ADMIN: Alien Queen (Furry Chicken) [TRAITOR] deleted the resin at (<a href='?src=%admin_ref%;action=jumptocoords;target=0,0,0' title='Jump to Coords'>0,0,0</a>)
[11:25:14] SAY: Father Jack (NPC) : ARSE!
[11:26:09] SAY: Father Jack (NPC) : GIRLS!
[11:26:22] SAY: Shitty Bill (NPC) : You rhyme?
[11:26:38] SAY: Father Jack (NPC) : That would be an ecumenical matter.
[11:27:13] ADMIN: Alien Queen (Furry Chicken) [TRAITOR] healed / revived Slick Simon (NPC)
[11:27:36] SAY: Alien Queen (Furry Chicken) [TRAITOR] : *scream
[11:28:07] SAY: Shitty Bill (NPC) : I think my bros stole my hat.
[11:29:19] SAY: Shitty Bill (NPC) : Got a light, dweeb?
[11:30:26] SAY: Shitty Bill (NPC) : Yo, gimme yer cash.
[11:30:47] SAY: Shitty Bill (NPC) : You a Synder?
[11:30:57] SAY: Father Jack (NPC) : That would be an ecumenical matter.
[11:31:58] SAY: Father Jack (NPC) : That would be an ecumenical matter.
[11:33:59] SAY: Father Jack (NPC) : That would be an ecumenical matter.
[11:34:10] SAY: Alien Queen (Furry Chicken) [TRAITOR] :  test
[11:35:22] SAY: Shitty Bill (NPC) : Man, I sure don't miss my ol' station.
[11:35:31] SAY: Shitty Bill (NPC) : Hey pal, gimme yer drugs.
[11:36:49] SAY: Shitty Bill (NPC) : Got any soup?
[11:37:05] SAY: Father Jack (NPC) : FECK!
[11:37:47] SAY: Father Jack (NPC) : FECK!
[11:41:01] SAY: Father Jack (NPC) : FECK!


Starting up. 11:51.02
---------------------

[11:51:06] ADMIN: Loading jobban_rank
[11:51:06] ADMIN: Jobban_keylist was empty
[11:51:06] ADMIN: Updating jobbanfile!
[11:51:06] ADMIN: Loading oocban_rank
[11:51:06] ADMIN: oocban_keylist was empty
[11:51:06] ADMIN: Updating jobbanfile!
ADMIN: slurm = Host
ADMIN: gibbed = Host
ADMIN: stuntwaffle = Host
ADMIN: pantaloons = Host
ADMIN: darsant = Host
ADMIN: nannek = Host
ADMIN: furrychicken = Host
ADMIN: cherkir = Host
ADMIN: exadv1 = Coder
ADMIN: 0staf = Coder
ADMIN: justicefries = Coder
ADMIN: eroticdad = Coder
ADMIN: angriestibm = Coder
ADMIN: hobnob = Coder
ADMIN: enallyniv = Coder
ADMIN: lallander = Coder
ADMIN: keelin = Coder
ADMIN: brianoblivion = Coder
ADMIN: arthurmuggins = Coder
ADMIN: isaidno = Coder
ADMIN: mport2004 = Coder
ADMIN: burntcornmuffin = Coder
ADMIN: ishallriseagain = Coder
ADMIN: lljkmosheninkov = Coder
ADMIN: dropsy = Coder
ADMIN: procitizensa = Coder
ADMIN: drmelon = Coder
ADMIN: halerina = Coder
ADMIN: pacra = Coder
ADMIN: jackmassacre = Coder
ADMIN: jackbox = Coder
ADMIN: infinitemonkeys = Coder
ADMIN: aphtonites = Coder
ADMIN: volundr = Coder
ADMIN: wirewraith = Coder
ADMIN: tobba = Coder
ADMIN: marquesas = Coder
ADMIN: hainesa = Coder
ADMIN: tom = Coder
ADMIN: herrspyguy = Coder
ADMIN: daeren = Coder
ADMIN: conor12 = Coder
ADMIN: convair880 = Coder
[11:51:20] ACCESS: Login: Furry Chicken from 
[11:51:48] ADMIN: Furry Chicken [DEAD] has started the game.
[11:51:49] ACCESS: Login: Furry Chicken [TRAITOR] from 
[11:52:12] SAY: Shitty Bill (NPC) : I think my associates died in space.
[11:52:20] ADMIN: Alien Queen (Furry Chicken) [TRAITOR] created a /mob/living/carbon/human/fatherted
[11:53:08] SAY: Shitty Bill (NPC) : Got a light, idiot?
[11:53:10] SAY: Shitty Bill (NPC) : You jam?
[11:53:34] SAY: Shitty Bill (NPC) : The hell you lookin' at, buddy?
[11:54:38] ADMIN: Alien Queen (Furry Chicken) [TRAITOR] created a /mob/living/carbon/human/fatherjack
[11:55:03] SAY: Shitty Bill (NPC) : Got a light, dork?
[11:55:22] SAY: Shitty Bill (NPC) : The hell're you lookin' at, clown?
[11:55:22] ADMIN: Alien Queen (Furry Chicken) [TRAITOR] created a /mob/living/carbon/human/npc/monkey/horse
[11:55:38] SAY: Alien Queen (Furry Chicken) [TRAITOR] : *salute
[11:55:41] SAY: Alien Queen (Furry Chicken) [TRAITOR] : *scream
[11:55:50] SAY: Shitty Bill (NPC) : Got any soup?
[11:56:00] SAY: Shitty Bill (NPC) : Nice name, pal.
[11:56:16] SAY: Shitty Bill (NPC) : Hey chump, gimme yer drugs.
[11:56:53] SAY: Shitty Bill (NPC) : Nice hogg, astronaut.
[11:57:04] SAY: Alien Queen (Furry Chicken) [TRAITOR] : *scream
[11:57:33] SAY: Shitty Bill (NPC) : Man, I sure miss Sol.
[11:57:34] ADMIN: Alien Queen (Furry Chicken) [TRAITOR] healed / revived Alien Queen (Furry Chicken) [TRAITOR]
[11:57:38] SAY: Shitty Bill (NPC) : Whatcha you lookin' at, clown?
[11:58:13] SAY: Shitty Bill (NPC) : Got a light, buddy?
[11:59:35] SAY: Shitty Bill (NPC) : Man, I sure miss the Belt.
[12:00:44] SAY: Father Jack (NPC) : FECK!
[12:00:45] SAY: Father Jack (NPC) : FECK!
[12:01:10] SAY: Shitty Bill (NPC) : You a dracula?
[12:01:48] SAY: Shitty Bill (NPC) : Nice ship, buddy.
[12:01:50] SAY: Shitty Bill (NPC) : Nice pod, doofus.
[12:01:50] SAY: Father Jack (NPC) : DRINK!
[12:02:27] SAY: Shitty Bill (NPC) : You ride?
[12:02:29] SAY: Shitty Bill (NPC) : You sting?
[12:02:43] SAY: Father Jack (NPC) : GIRLS!
[12:02:59] SAY: Father Jack (NPC) : That would be an ecumenical matter.
[12:03:11] SAY: Father Jack (NPC) : ARSE!
[12:03:56] SAY: Father Jack (NPC) : FECK!
[12:05:42] SAY: Shitty Bill (NPC) : Got any bee food?
[12:06:34] SAY: Shitty Bill (NPC) : I ever tell you 'bout the time I found an alien thing that went to the bathroom for you?
[12:07:58] SAY: Father Jack (NPC) : DRINK!
[12:08:31] SAY: Shitty Bill (NPC) : Got any astro?
[12:08:35] SAY: Shitty Bill (NPC) : You a cop?
[12:09:18] SAY: Shitty Bill (NPC) : Got any hyro?
[12:10:18] SAY: Father Jack (NPC) : ARSE!
[12:10:21] SAY: Shitty Bill (NPC) : Man, I sure miss bein' an NT.
[12:10:52] SAY: Shitty Bill (NPC) : Nice hair, chief.
[12:10:58] SAY: Shitty Bill (NPC) : Whoa, it's Donald "Don" Glabs.
[12:11:12] SAY: Shitty Bill (NPC) : I ever tell you 'bout the time I found a planet fulla corgis?
[12:11:29] SAY: Shitty Bill (NPC) : Whatcha you lookin' at, weirdo?


Starting up. 12:18.05
---------------------

[12:18:09] ADMIN: Loading jobban_rank
[12:18:09] ADMIN: Jobban_keylist was empty
[12:18:09] ADMIN: Updating jobbanfile!
[12:18:09] ADMIN: Loading oocban_rank
[12:18:09] ADMIN: oocban_keylist was empty
[12:18:09] ADMIN: Updating jobbanfile!
ADMIN: slurm = Host
ADMIN: gibbed = Host
ADMIN: stuntwaffle = Host
ADMIN: pantaloons = Host
ADMIN: darsant = Host
ADMIN: nannek = Host
ADMIN: furrychicken = Host
ADMIN: cherkir = Host
ADMIN: exadv1 = Coder
ADMIN: 0staf = Coder
ADMIN: justicefries = Coder
ADMIN: eroticdad = Coder
ADMIN: angriestibm = Coder
ADMIN: hobnob = Coder
ADMIN: enallyniv = Coder
ADMIN: lallander = Coder
ADMIN: keelin = Coder
ADMIN: brianoblivion = Coder
ADMIN: arthurmuggins = Coder
ADMIN: isaidno = Coder
ADMIN: mport2004 = Coder
ADMIN: burntcornmuffin = Coder
ADMIN: ishallriseagain = Coder
ADMIN: lljkmosheninkov = Coder
ADMIN: dropsy = Coder
ADMIN: procitizensa = Coder
ADMIN: drmelon = Coder
ADMIN: halerina = Coder
ADMIN: pacra = Coder
ADMIN: jackmassacre = Coder
ADMIN: jackbox = Coder
ADMIN: infinitemonkeys = Coder
ADMIN: aphtonites = Coder
ADMIN: volundr = Coder
ADMIN: wirewraith = Coder
ADMIN: tobba = Coder
ADMIN: marquesas = Coder
ADMIN: hainesa = Coder
ADMIN: tom = Coder
ADMIN: herrspyguy = Coder
ADMIN: daeren = Coder
ADMIN: conor12 = Coder
ADMIN: convair880 = Coder
[12:18:24] ACCESS: Login: Furry Chicken from 
[12:19:03] ADMIN: Furry Chicken [DEAD] has started the game.
[12:19:04] ACCESS: Login: Furry Chicken [TRAITOR] from 
[12:19:21] SAY: Shitty Bill (NPC) : 'Ey, it's Donald "Don" Glabs.
[12:19:47] SAY: Shitty Bill (NPC) : What're you lookin' at, chief?
[12:19:52] SAY: Shitty Bill (NPC) : Man, I sure miss bein' a chemist.
[12:20:36] SAY: Father Jack (NPC) : GIRLS!
[12:21:36] ADMIN: Alien Queen (Furry Chicken) [TRAITOR] created a /mob/living/carbon/human/myke


Starting up. 12:58.55
---------------------

[12:59:00] ADMIN: Loading jobban_rank
[12:59:00] ADMIN: Jobban_keylist was empty
[12:59:00] ADMIN: Updating jobbanfile!
[12:59:00] ADMIN: Loading oocban_rank
[12:59:00] ADMIN: oocban_keylist was empty
[12:59:00] ADMIN: Updating jobbanfile!
ADMIN: slurm = Host
ADMIN: gibbed = Host
ADMIN: stuntwaffle = Host
ADMIN: pantaloons = Host
ADMIN: darsant = Host
ADMIN: nannek = Host
ADMIN: furrychicken = Host
ADMIN: cherkir = Host
ADMIN: exadv1 = Coder
ADMIN: 0staf = Coder
ADMIN: justicefries = Coder
ADMIN: eroticdad = Coder
ADMIN: angriestibm = Coder
ADMIN: hobnob = Coder
ADMIN: enallyniv = Coder
ADMIN: lallander = Coder
ADMIN: keelin = Coder
ADMIN: brianoblivion = Coder
ADMIN: arthurmuggins = Coder
ADMIN: isaidno = Coder
ADMIN: mport2004 = Coder
ADMIN: burntcornmuffin = Coder
ADMIN: ishallriseagain = Coder
ADMIN: lljkmosheninkov = Coder
ADMIN: dropsy = Coder
ADMIN: procitizensa = Coder
ADMIN: drmelon = Coder
ADMIN: halerina = Coder
ADMIN: pacra = Coder
ADMIN: jackmassacre = Coder
ADMIN: jackbox = Coder
ADMIN: infinitemonkeys = Coder
ADMIN: aphtonites = Coder
ADMIN: volundr = Coder
ADMIN: wirewraith = Coder
ADMIN: tobba = Coder
ADMIN: marquesas = Coder
ADMIN: hainesa = Coder
ADMIN: tom = Coder
ADMIN: herrspyguy = Coder
ADMIN: daeren = Coder
ADMIN: conor12 = Coder
ADMIN: convair880 = Coder
[12:59:21] ACCESS: Login: Furry Chicken from 
[13:00:21] ADMIN: Furry Chicken [DEAD] has started the game.
[13:00:21] ACCESS: Login: Furry Chicken [TRAITOR] from 
[13:00:44] SAY: Alien Queen (Furry Chicken) [TRAITOR] : *scream
[13:00:52] ADMIN: Alien Queen (Furry Chicken) [TRAITOR] created a /mob/living/carbon/human/biker
[13:01:16] SAY: Shitty Bill (NPC) : I think my homies got lost on the way here.
[13:01:51] SAY: Shitty Bill (NPC) : You a nerd?
[13:01:52] ADMIN: Alien Queen (Furry Chicken) [TRAITOR] created a /mob/living/carbon/human/npc/monkey/mr_rathen
[13:01:53] ADMIN: Alien Queen (Furry Chicken) [TRAITOR] created a /mob/living/carbon/human/npc/monkey/mr_rathen
[13:02:42] SAY: Shitty Bill (NPC) : You a Russian?
[13:02:52] SAY: Alien Queen (Furry Chicken) [TRAITOR] : *scream
[13:02:54] ADMIN: Alien Queen (Furry Chicken) [TRAITOR] healed / revived Alien Queen (Furry Chicken) [TRAITOR]
[13:02:57] SAY: Alien Queen (Furry Chicken) [TRAITOR] : *scream
[13:03:05] SAY: Shitty Bill (NPC) : You fly?
[13:03:24] SAY: Shitty Bill (NPC) : Got a light, astronaut?
[13:03:50] SAY: Father Jack (NPC) : That would be an ecumenical matter.
[13:04:08] SAY: Shitty Bill (NPC) : 'Ey, it's Alien Queen.
[13:04:23] SAY: Father Jack (NPC) : That would be an ecumenical matter.
[13:04:33] SAY: Shitty Bill (NPC) : You a cop?
[13:06:21] SAY: Shitty Bill (NPC) : You dance?
[13:06:23] SAY: Shitty Bill (NPC) : Hey, gimme yer bees.
[13:06:35] SAY: Shitty Bill (NPC) : Oh hell, it's Father Jack.
[13:06:45] SAY: Shitty Bill (NPC) : Hello Father Jack.
[13:07:08] SAY: Father Jack (NPC) : That would be an ecumenical matter.
[13:07:11] SAY: Shitty Bill (NPC) : You a narc?
[13:07:13] SAY: Shitty Bill (NPC) : Got a light, buddy?
[13:07:27] SAY: Shitty Bill (NPC) : Got a light, pal?
[13:08:06] SAY: Shitty Bill (NPC) : Man, I sure miss bein' an NT.
[13:08:24] SAY: Shitty Bill (NPC) : Hey, gimme yer bees.
[13:09:53] SAY: Shitty Bill (NPC) : Hey pal, gimme yer smokes.
[13:10:31] SAY: Shitty Bill (NPC) : You jam?
[13:11:21] ADMIN: Alien Queen (Furry Chicken) [TRAITOR] created a /mob/living/carbon/human/fatherjack
[13:12:30] SAY: Shitty Bill (NPC) : Nice hogg, beardo.
[13:12:32] SAY: Shitty Bill (NPC) : Nice ship, bud.
[13:12:52] SAY: Shitty Bill (NPC) : What're you lookin' at, dude?
[13:13:16] SAY: Shitty Bill (NPC) : Got any ecto?
[13:14:25] SAY: Shitty Bill (NPC) : Nice karma, dingus.
[13:15:09] SAY: Shitty Bill (NPC) : Man, I sure miss Murray.
[13:15:50] SAY: Father Jack (NPC) : That would be an ecumenical matter.
[13:16:32] SAY: Shitty Bill (NPC) : Got any alky?
[13:16:44] ADMIN: Alien Queen (Furry Chicken) [TRAITOR] created 5ea /mob/living/carbon/human/biker
[13:16:49] SAY: Shitty Bill (NPC) : Well shit, they iced Mr. Rathen...
[13:16:51] SAY: Shitty Bill (NPC) : Got a light, flyboy?
[13:16:56] SAY: Shitty Bill (NPC) : Well shit, they iced Mr. Rathen...
[13:17:00] ADMIN: Alien Queen (Furry Chicken) [TRAITOR] created 12ea /obj/item/xeno/facehugger
[13:17:05] SAY: Shitty Bill (NPC) : Blaze one up for Mr. Rathen...
[13:17:10] SAY: Shitty Bill (NPC) : Oh damn, they got Shitty Bill...
[13:17:10] SAY: Shitty Bill (NPC) : Well shit, they iced Shitty Bill...
[13:17:24] SAY: Shitty Bill (NPC) : You ride?
[13:17:38] SAY: Shitty Bill (NPC) : That's street life for ya Mr. Rathen...
[13:18:01] SAY: Shitty Bill (NPC) : Got a light, dude?
[13:18:19] SAY: Shitty Bill (NPC) : I ever tell you 'bout that time I was in an all-saxophone band?
[13:18:27] SAY: Shitty Bill (NPC) : I think my buds got caught.
[13:18:29] SAY: Shitty Bill (NPC) : Blaze one up for Shitty Bill...
[13:18:29] SAY: Shitty Bill (NPC) : Howdy Shitty Bill.
[13:18:43] SAY: Shitty Bill (NPC) : You grustle?
[13:18:43] SAY: Shitty Bill (NPC) : Got any grease?
[13:18:45] SAY: Shitty Bill (NPC) : Oh damn, they got Mr. Rathen...
[13:18:47] SAY: Shitty Bill (NPC) : Well shit, they iced Shitty Bill...
[13:19:03] SAY: Shitty Bill (NPC) : Got any serum?
[13:19:08] SAY: Shitty Bill (NPC) : Blaze one up for Mr. Rathen...
[13:19:38] SAY: Alien Queen (Furry Chicken) [TRAITOR] : *scream
[13:19:40] SAY: Shitty Bill (NPC) : Oh hell, it's human.
[13:19:47] SAY: Alien Queen (Furry Chicken) [TRAITOR] : *roar
[13:19:47] SAY: Father Jack (NPC) : ARSE!
[13:21:30] SAY: Shitty Bill (NPC) : Hey dweeb, gimme yer hugs.
[13:22:29] SAY: Father Jack (NPC) : GIRLS!
[13:22:31] SAY: Shitty Bill (NPC) : Hey brud, gimme yer jet.
[13:22:41] SAY: Father Jack (NPC) : That would be an ecumenical matter.
[13:23:58] SAY: Shitty Bill (NPC) : You drink?
[13:24:53] SAY: Shitty Bill (NPC) : Got a light, brud?
[13:26:39] SAY: Shitty Bill (NPC) : I ever tell you 'bout when I found some old keys?


Starting up. 13:29.36
---------------------

[13:29:40] ADMIN: Loading jobban_rank
[13:29:40] ADMIN: Jobban_keylist was empty
[13:29:40] ADMIN: Updating jobbanfile!
[13:29:40] ADMIN: Loading oocban_rank
[13:29:40] ADMIN: oocban_keylist was empty
[13:29:40] ADMIN: Updating jobbanfile!
ADMIN: slurm = Host
ADMIN: gibbed = Host
ADMIN: stuntwaffle = Host
ADMIN: pantaloons = Host
ADMIN: darsant = Host
ADMIN: nannek = Host
ADMIN: furrychicken = Host
ADMIN: cherkir = Host
ADMIN: exadv1 = Coder
ADMIN: 0staf = Coder
ADMIN: justicefries = Coder
ADMIN: eroticdad = Coder
ADMIN: angriestibm = Coder
ADMIN: hobnob = Coder
ADMIN: enallyniv = Coder
ADMIN: lallander = Coder
ADMIN: keelin = Coder
ADMIN: brianoblivion = Coder
ADMIN: arthurmuggins = Coder
ADMIN: isaidno = Coder
ADMIN: mport2004 = Coder
ADMIN: burntcornmuffin = Coder
ADMIN: ishallriseagain = Coder
ADMIN: lljkmosheninkov = Coder
ADMIN: dropsy = Coder
ADMIN: procitizensa = Coder
ADMIN: drmelon = Coder
ADMIN: halerina = Coder
ADMIN: pacra = Coder
ADMIN: jackmassacre = Coder
ADMIN: jackbox = Coder
ADMIN: infinitemonkeys = Coder
ADMIN: aphtonites = Coder
ADMIN: volundr = Coder
ADMIN: wirewraith = Coder
ADMIN: tobba = Coder
ADMIN: marquesas = Coder
ADMIN: hainesa = Coder
ADMIN: tom = Coder
ADMIN: herrspyguy = Coder
ADMIN: daeren = Coder
ADMIN: conor12 = Coder
ADMIN: convair880 = Coder
[13:29:53] ACCESS: Login: Furry Chicken from 
[13:30:34] ADMIN: Furry Chicken [DEAD] has started the game.
[13:30:34] ACCESS: Login: Furry Chicken [TRAITOR] from 
[13:30:46] SAY: Alien Queen (Furry Chicken) [TRAITOR] : *scream
[13:31:24] SAY: Father Jack (NPC) : That would be an ecumenical matter.
[13:31:43] SAY: Shitty Bill (NPC) : Got a light, chief?
[13:32:08] ADMIN: Alien Queen (Furry Chicken) [TRAITOR] created 5ea /mob/living/carbon/human/fatherjack
[13:32:11] SAY: Father Jack (NPC) : That would be an ecumenical matter.
[13:32:36] SAY: Father Jack (NPC) : That would be an ecumenical matter.
[13:32:54] SAY: Father Jack (NPC) : FECK!
[13:34:02] SAY: Shitty Bill (NPC) : How's it goin' Donald "Don" Glabs.
[13:34:09] SAY: Father Jack (NPC) : That would be an ecumenical matter.
[13:34:17] SAY: Shitty Bill (NPC) : Nice threads, flyboy.
[13:34:36] SAY: Shitty Bill (NPC) : Hello Donald "Don" Glabs.
[13:34:50] SAY: Father Jack (NPC) : FECK!
[13:35:04] SAY: Father Jack (NPC) : GIRLS!
[13:35:09] SAY: Father Jack (NPC) : GIRLS!
[13:36:02] SAY: Shitty Bill (NPC) : Hey pal, gimme yer dosh.
[13:36:07] SAY: Shitty Bill (NPC) : Hey brud, gimme yer high fives.
[13:36:47] SAY: Shitty Bill (NPC) : You a narc?
[13:36:47] SAY: Father Jack (NPC) : That would be an ecumenical matter.
[13:36:54] SAY: Shitty Bill (NPC) : Whoa, it's Donald "Don" Glabs.
[13:37:01] SAY: Shitty Bill (NPC) : I think my pals took off.
[13:37:11] SAY: Father Jack (NPC) : FECK!
[13:37:13] SAY: Alien Queen (Furry Chicken) [TRAITOR] : *scream
[13:37:35] SAY: Alien Queen (Furry Chicken) [TRAITOR] : *scream
[13:37:39] SAY: Father Jack (NPC) : GIRLS!
[13:37:48] SAY: Father Jack (NPC) : GIRLS!
[13:38:11] SAY: Father Jack (NPC) : That would be an ecumenical matter.
[13:38:34] SAY: Father Jack (NPC) : ARSE!
[13:38:50] SAY: Father Jack (NPC) : ARSE!
[13:39:07] SAY: Father Jack (NPC) : That would be an ecumenical matter.
[13:39:39] SAY: Father Jack (NPC) : FECK!
[13:39:46] SAY: Shitty Bill (NPC) : Man, I sure miss Sirius.
[13:39:46] SAY: Father Jack (NPC) : That would be an ecumenical matter.
[13:40:04] SAY: Alien Queen (Furry Chicken) [TRAITOR] : *scream
[13:40:08] SAY: Shitty Bill (NPC) : Nice burner, astronaut.
[13:40:35] SAY: Alien Queen (Furry Chicken) [TRAITOR] : *scream
[13:40:36] SAY: Alien Queen (Furry Chicken) [TRAITOR] : *scream
[13:40:36] SAY: Alien Queen (Furry Chicken) [TRAITOR] : *scream
[13:40:36] SAY: Alien Queen (Furry Chicken) [TRAITOR] : *scream
[13:40:36] SAY: Alien Queen (Furry Chicken) [TRAITOR] : *scream
[13:40:36] SAY: Alien Queen (Furry Chicken) [TRAITOR] : *scream
[13:40:37] SAY: Alien Queen (Furry Chicken) [TRAITOR] : *scream
[13:40:37] SAY: Alien Queen (Furry Chicken) [TRAITOR] : *scream
[13:40:40] SAY: Alien Queen (Furry Chicken) [TRAITOR] : BURST MY CHILDREN
[13:40:46] SAY: Alien Queen (Furry Chicken) [TRAITOR] :  NO
[13:40:50] SAY: Father Jack (NPC) : FECK!
[13:40:57] SAY: Shitty Bill (NPC) : How's it hangin' Donald "Don" Glabs.
[13:41:02] SAY: Shitty Bill (NPC) : I ever tell you 'bout the time I poisoned a dude with my own pee?
[13:41:04] SAY: Shitty Bill (NPC) : You sting?
[13:41:11] ADMIN: Alien Queen (Furry Chicken) [TRAITOR] deleted the alien at (<a href='?src=%admin_ref%;action=jumptocoords;target=102,175,1' title='Jump to Coords'>102,175,1</a>)
[13:41:35] SAY: Shitty Bill (NPC) : Man, I sure don't miss those damn ghosts.
[13:42:10] SAY: Shitty Bill (NPC) : Man, I sure miss Earth.
[13:42:13] SAY: Shitty Bill (NPC) : Got a light, 'Traser?
[13:42:59] SAY: Shitty Bill (NPC) : Got a light, idiot?
[13:43:25] SAY: Father Jack (NPC) : DRINK!
[13:43:43] SAY: Shitty Bill (NPC) : Hey chump, gimme yer cats.
[13:44:30] SAY: Shitty Bill (NPC) : Man, I sure don't miss that damn ice moon.
[13:44:32] SAY: Shitty Bill (NPC) : I think my bros died in space.
[13:45:10] SAY: Father Jack (NPC) : FECK!
[13:45:20] SAY: Shitty Bill (NPC) : Hey buddy, gimme yer cats.
[13:45:34] SAY: Father Jack (NPC) : DRINK!
[13:46:59] ADMIN: Alien Queen (Furry Chicken) [TRAITOR] created 22ea /obj/item/xeno/facehugger
[13:48:51] SAY: Father Jack (NPC) : FECK!
[13:49:35] ACCESS: Login: Alien Queen (Furry Chicken) [TRAITOR] [DEAD] from 
[13:50:02] SAY: Shitty Bill (NPC) : Hey dweeb, gimme yer smokes.
[13:50:20] SAY: Father Jack (NPC) : GIRLS!
[13:50:59] SAY: Shitty Bill (NPC) : Nice treads, dweeb.
[13:52:24] SAY: Shitty Bill (NPC) : Oh hell, it's Donald "Don" Glabs.
[13:52:55] SAY: Shitty Bill (NPC) : Man, I sure don't miss that weird ass military bunker.
[13:54:15] SAY: Shitty Bill (NPC) : Got a light, friend?
[13:54:55] SAY: Shitty Bill (NPC) : I ever tell you 'bout the time I caught Clown's Syndrome?
[13:55:14] SAY: Shitty Bill (NPC) : I ever tell you 'bout the secret Jones told me?
[13:55:46] SAY: Shitty Bill (NPC) : I ever tell you 'bout the time I poisoned a dude with my own pee?
[13:56:32] SAY: Shitty Bill (NPC) : Hello Donald "Don" Glabs.
[13:56:37] SAY: Shitty Bill (NPC) : I ever tell you 'bout the time I found a planet fulla corgis?
[13:58:30] ADMIN: Alien Queen (Furry Chicken) [TRAITOR] [DEAD] healed / revived Alien Queen (NPC)
[13:59:23] ACCESS: Login: Lstakou the Forsaken (Furry Chicken) [TRAITOR] [DEAD] from 
[13:59:27] ADMIN: Lstakou the Forsaken (Furry Chicken) [TRAITOR] [DEAD] removed the antagonist status of Lstakou the Forsaken (Furry Chicken) [TRAITOR] [DEAD].
[13:59:27] ACCESS: Login: Kingston Sandys (Furry Chicken) from 
[13:59:35] SAY: Shitty Bill (NPC) : You fly?
[13:59:44] SAY: Kingston Sandys (Furry Chicken) : *scream
[14:00:05] SAY: Shitty Bill (NPC) : Man, I sure miss that round station.
[14:00:16] SAY: Kingston Sandys (Furry Chicken) : *scream
[14:00:20] SAY: Kingston Sandys (Furry Chicken) : *scream
[14:00:21] SAY: Kingston Sandys (Furry Chicken) : *scream
[14:00:24] SAY: Kingston Sandys (Furry Chicken) : *scream
[14:00:33] SAY: Kingston Sandys (Furry Chicken) : *scream
[14:00:36] SAY: Shitty Bill (NPC) : I think my bruds set me up.
[14:01:23] SAY: Shitty Bill (NPC) : You drink?
[14:01:43] SAY: Kingston Sandys (Furry Chicken) : *scream
[14:02:10] SAY: Shitty Bill (NPC) : Hey chump, gimme yer keys.
[14:02:10] ACCESS: Login: Kingston Sandys (Furry Chicken) [DEAD] from 


Starting up. 14:15.13
---------------------

[14:15:17] ADMIN: Loading jobban_rank
[14:15:17] ADMIN: Jobban_keylist was empty
[14:15:17] ADMIN: Updating jobbanfile!
[14:15:17] ADMIN: Loading oocban_rank
[14:15:17] ADMIN: oocban_keylist was empty
[14:15:17] ADMIN: Updating jobbanfile!
ADMIN: slurm = Host
ADMIN: gibbed = Host
ADMIN: stuntwaffle = Host
ADMIN: pantaloons = Host
ADMIN: darsant = Host
ADMIN: nannek = Host
ADMIN: furrychicken = Host
ADMIN: cherkir = Host
ADMIN: exadv1 = Coder
ADMIN: 0staf = Coder
ADMIN: justicefries = Coder
ADMIN: eroticdad = Coder
ADMIN: angriestibm = Coder
ADMIN: hobnob = Coder
ADMIN: enallyniv = Coder
ADMIN: lallander = Coder
ADMIN: keelin = Coder
ADMIN: brianoblivion = Coder
ADMIN: arthurmuggins = Coder
ADMIN: isaidno = Coder
ADMIN: mport2004 = Coder
ADMIN: burntcornmuffin = Coder
ADMIN: ishallriseagain = Coder
ADMIN: lljkmosheninkov = Coder
ADMIN: dropsy = Coder
ADMIN: procitizensa = Coder
ADMIN: drmelon = Coder
ADMIN: halerina = Coder
ADMIN: pacra = Coder
ADMIN: jackmassacre = Coder
ADMIN: jackbox = Coder
ADMIN: infinitemonkeys = Coder
ADMIN: aphtonites = Coder
ADMIN: volundr = Coder
ADMIN: wirewraith = Coder
ADMIN: tobba = Coder
ADMIN: marquesas = Coder
ADMIN: hainesa = Coder
ADMIN: tom = Coder
ADMIN: herrspyguy = Coder
ADMIN: daeren = Coder
ADMIN: conor12 = Coder
ADMIN: convair880 = Coder
[14:15:29] ACCESS: Login: Furry Chicken from 
[14:18:39] ACCESS: Login: Furry Chicken [TRAITOR] from 
[14:19:24] SAY: Shitty Bill (NPC) : You a changer?
[14:19:40] ACCESS: Login: Alien Queen (Furry Chicken) [TRAITOR] [DEAD] from 


Starting up. 15:30.11
---------------------

[15:30:17] ADMIN: Loading jobban_rank
[15:30:17] ADMIN: Jobban_keylist was empty
[15:30:17] ADMIN: Updating jobbanfile!
[15:30:17] ADMIN: Loading oocban_rank
[15:30:17] ADMIN: oocban_keylist was empty
[15:30:17] ADMIN: Updating jobbanfile!
ADMIN: slurm = Host
ADMIN: gibbed = Host
ADMIN: stuntwaffle = Host
ADMIN: pantaloons = Host
ADMIN: darsant = Host
ADMIN: nannek = Host
ADMIN: furrychicken = Host
ADMIN: cherkir = Host
ADMIN: exadv1 = Coder
ADMIN: 0staf = Coder
ADMIN: justicefries = Coder
ADMIN: eroticdad = Coder
ADMIN: angriestibm = Coder
ADMIN: hobnob = Coder
ADMIN: enallyniv = Coder
ADMIN: lallander = Coder
ADMIN: keelin = Coder
ADMIN: brianoblivion = Coder
ADMIN: arthurmuggins = Coder
ADMIN: isaidno = Coder
ADMIN: mport2004 = Coder
ADMIN: burntcornmuffin = Coder
ADMIN: ishallriseagain = Coder
ADMIN: lljkmosheninkov = Coder
ADMIN: dropsy = Coder
ADMIN: procitizensa = Coder
ADMIN: drmelon = Coder
ADMIN: halerina = Coder
ADMIN: pacra = Coder
ADMIN: jackmassacre = Coder
ADMIN: jackbox = Coder
ADMIN: infinitemonkeys = Coder
ADMIN: aphtonites = Coder
ADMIN: volundr = Coder
ADMIN: wirewraith = Coder
ADMIN: tobba = Coder
ADMIN: marquesas = Coder
ADMIN: hainesa = Coder
ADMIN: tom = Coder
ADMIN: herrspyguy = Coder
ADMIN: daeren = Coder
ADMIN: conor12 = Coder
ADMIN: convair880 = Coder
[15:30:36] ACCESS: Login: Furry Chicken from 
[15:31:09] ADMIN: Furry Chicken [DEAD] has started the game.
[15:31:10] ACCESS: Login: Furry Chicken [TRAITOR] from 
[15:31:53] SAY: Father Jack (NPC) : FECK!
[15:31:55] SAY: Shitty Bill (NPC) : I think my homies got eaten.
[15:33:03] ADMIN: Alien Queen (Furry Chicken) [TRAITOR] created a /mob/living/carbon/human/merchant
[15:34:00] SAY: Father Jack (NPC) : That would be an ecumenical matter.
[15:34:06] SAY: Alien Queen (Furry Chicken) [TRAITOR] : *scream
[15:34:42] ADMIN: Alien Queen (Furry Chicken) [TRAITOR] created a /mob/living/carbon/human/merchant
[15:34:42] SAY: Shitty Bill (NPC) : The hell you lookin' at, owl man?
[15:34:47] SAY: Shitty Bill (NPC) : You ride?
[15:37:22] SAY: Father Jack (NPC) : ARSE!
[15:38:06] SAY: Father Jack (NPC) : ARSE!
[15:38:08] SAY: Alien Queen (Furry Chicken) [TRAITOR] : *scream
[15:38:13] SAY: Shitty Bill (NPC) : Whatcha you lookin' at, idiot?
[15:38:13] SAY: Father Jack (NPC) : ARSE!
[15:38:17] ADMIN: Alien Queen (Furry Chicken) [TRAITOR] created a /mob/living/carbon/human/fatherjack
[15:38:24] SAY: Shitty Bill (NPC) : You ride?
[15:38:42] SAY: Alien Queen (Furry Chicken) [TRAITOR] : *scream
[15:40:04] SAY: Father Jack (NPC) : GIRLS!
[15:40:11] SAY: Shitty Bill (NPC) : Hey, gimme yer smokes.
[15:40:25] ACCESS: Login: Alien Queen (Furry Chicken) [TRAITOR] [DEAD] from 
[15:40:52] SAY: Shitty Bill (NPC) : Hey friendo, gimme yer drugs.
[15:41:08] SAY: Father Jack (NPC) : FECK!
[15:41:34] ADMIN: Alien Queen (Furry Chicken) [TRAITOR] [DEAD] jumped to <a href='?src=%admin_ref%;action=jumptocoords;target=103,181,1' title='Jump to Coords'>103,181,1</a> in Barber Shop


Starting up. 16:12.31
---------------------

[16:12:35] ADMIN: Loading jobban_rank
[16:12:35] ADMIN: Jobban_keylist was empty
[16:12:35] ADMIN: Updating jobbanfile!
[16:12:35] ADMIN: Loading oocban_rank
[16:12:35] ADMIN: oocban_keylist was empty
[16:12:35] ADMIN: Updating jobbanfile!
ADMIN: slurm = Host
ADMIN: gibbed = Host
ADMIN: stuntwaffle = Host
ADMIN: pantaloons = Host
ADMIN: darsant = Host
ADMIN: nannek = Host
ADMIN: furrychicken = Host
ADMIN: cherkir = Host
ADMIN: exadv1 = Coder
ADMIN: 0staf = Coder
ADMIN: justicefries = Coder
ADMIN: eroticdad = Coder
ADMIN: angriestibm = Coder
ADMIN: hobnob = Coder
ADMIN: enallyniv = Coder
ADMIN: lallander = Coder
ADMIN: keelin = Coder
ADMIN: brianoblivion = Coder
ADMIN: arthurmuggins = Coder
ADMIN: isaidno = Coder
ADMIN: mport2004 = Coder
ADMIN: burntcornmuffin = Coder
ADMIN: ishallriseagain = Coder
ADMIN: lljkmosheninkov = Coder
ADMIN: dropsy = Coder
ADMIN: procitizensa = Coder
ADMIN: drmelon = Coder
ADMIN: halerina = Coder
ADMIN: pacra = Coder
ADMIN: jackmassacre = Coder
ADMIN: jackbox = Coder
ADMIN: infinitemonkeys = Coder
ADMIN: aphtonites = Coder
ADMIN: volundr = Coder
ADMIN: wirewraith = Coder
ADMIN: tobba = Coder
ADMIN: marquesas = Coder
ADMIN: hainesa = Coder
ADMIN: tom = Coder
ADMIN: herrspyguy = Coder
ADMIN: daeren = Coder
ADMIN: conor12 = Coder
ADMIN: convair880 = Coder
[16:12:52] ACCESS: Login: Furry Chicken from 
[16:13:16] ADMIN: Furry Chicken [DEAD] has started the game.
[16:13:16] ACCESS: Login: Furry Chicken [TRAITOR] from 
[16:13:32] SAY: Shitty Bill (NPC) : You a Synder?
[16:14:26] ADMIN: Alien Queen (Furry Chicken) [TRAITOR] created 3ea /mob/living/carbon/human/fatherjack
[16:14:48] SAY: Shitty Bill (NPC) : You a narc?
[16:14:55] SAY: Shitty Bill (NPC) : Hey pal, gimme yer keys.
[16:15:18] SAY: Father Jack (NPC) : DRINK!
[16:15:34] SAY: Father Jack (NPC) : FECK!
[16:16:57] SAY: Father Jack (NPC) : DRINK!
[16:17:34] SAY: Father Jack (NPC) : That would be an ecumenical matter.
[16:17:36] SAY: Father Jack (NPC) : FECK!
[16:18:00] SAY: Shitty Bill (NPC) : Man, I sure miss my wife.
[16:18:00] SAY: Father Jack (NPC) : DRINK!
[16:18:22] SAY: Father Jack (NPC) : That would be an ecumenical matter.
[16:18:35] SAY: Shitty Bill (NPC) : Yo Donald "Don" Glabs.
[16:18:42] SAY: Father Jack (NPC) : ARSE!
[16:18:50] SAY: Alien Queen (Furry Chicken) [TRAITOR] :  Te
[16:18:53] SAY: Alien Queen (Furry Chicken) [TRAITOR] :  Come, children
[16:18:58] SAY: Alien Queen (Furry Chicken) [TRAITOR] :  We gather at engineering
[16:19:05] SAY: Father Jack (NPC) : That would be an ecumenical matter.
[16:20:00] SAY: Shitty Bill (NPC) : You rhyme?
[16:22:27] SAY: Shitty Bill (NPC) : The hell you lookin' at, bro?
[16:22:36] SAY: Shitty Bill (NPC) : Hey dweeb, gimme yer smokes.
[16:22:55] SAY: Father Jack (NPC) : FECK!
[16:23:02] SAY: Shitty Bill (NPC) : Got any 'ritos?
[16:23:33] ACCESS: Login: Alien Queen (Furry Chicken) [TRAITOR] [DEAD] from 
[16:23:56] SAY: Father Jack (NPC) : GIRLS!
[16:24:47] SAY: Shitty Bill (NPC) : Oh Christ, it's Father Jack.
[16:25:37] SAY: Shitty Bill (NPC) : What're you lookin' at, Colonel?


Starting up. 16:27.00
---------------------

[16:27:04] ADMIN: Loading jobban_rank
[16:27:04] ADMIN: Jobban_keylist was empty
[16:27:04] ADMIN: Updating jobbanfile!
[16:27:04] ADMIN: Loading oocban_rank
[16:27:04] ADMIN: oocban_keylist was empty
[16:27:04] ADMIN: Updating jobbanfile!
ADMIN: slurm = Host
ADMIN: gibbed = Host
ADMIN: stuntwaffle = Host
ADMIN: pantaloons = Host
ADMIN: darsant = Host
ADMIN: nannek = Host
ADMIN: furrychicken = Host
ADMIN: cherkir = Host
ADMIN: exadv1 = Coder
ADMIN: 0staf = Coder
ADMIN: justicefries = Coder
ADMIN: eroticdad = Coder
ADMIN: angriestibm = Coder
ADMIN: hobnob = Coder
ADMIN: enallyniv = Coder
ADMIN: lallander = Coder
ADMIN: keelin = Coder
ADMIN: brianoblivion = Coder
ADMIN: arthurmuggins = Coder
ADMIN: isaidno = Coder
ADMIN: mport2004 = Coder
ADMIN: burntcornmuffin = Coder
ADMIN: ishallriseagain = Coder
ADMIN: lljkmosheninkov = Coder
ADMIN: dropsy = Coder
ADMIN: procitizensa = Coder
ADMIN: drmelon = Coder
ADMIN: halerina = Coder
ADMIN: pacra = Coder
ADMIN: jackmassacre = Coder
ADMIN: jackbox = Coder
ADMIN: infinitemonkeys = Coder
ADMIN: aphtonites = Coder
ADMIN: volundr = Coder
ADMIN: wirewraith = Coder
ADMIN: tobba = Coder
ADMIN: marquesas = Coder
ADMIN: hainesa = Coder
ADMIN: tom = Coder
ADMIN: herrspyguy = Coder
ADMIN: daeren = Coder
ADMIN: conor12 = Coder
ADMIN: convair880 = Coder
[16:27:17] ACCESS: Login: Furry Chicken from 
[16:30:27] ACCESS: Login: Furry Chicken [TRAITOR] from 
[16:30:33] SAY: Alien Queen (Furry Chicken) [TRAITOR] : *fart
[16:30:34] SAY: Alien Queen (Furry Chicken) [TRAITOR] : *fart
[16:30:34] SAY: Alien Queen (Furry Chicken) [TRAITOR] : *fart
[16:30:34] SAY: Alien Queen (Furry Chicken) [TRAITOR] : *fart
[16:30:35] SAY: Alien Queen (Furry Chicken) [TRAITOR] : *fart
[16:30:37] SAY: Alien Queen (Furry Chicken) [TRAITOR] : *fart
[16:30:37] SAY: Alien Queen (Furry Chicken) [TRAITOR] : *fart
[16:30:41] SAY: Shitty Bill (NPC) : You jet?
[16:32:48] SAY: Shitty Bill (NPC) : Nice face, bro.
[16:35:41] SAY: Shitty Bill (NPC) : You fly?
[16:36:13] SAY: Alien Queen (Furry Chicken) [TRAITOR] : *scream
[16:36:23] SAY: Shitty Bill (NPC) : Hey buddy, gimme yer cats.
[16:36:58] SAY: Shitty Bill (NPC) : I think my bros left me here.
[16:36:58] SAY: Father Jack (NPC) : GIRLS!


Starting up. 16:51.34
---------------------

[16:51:38] ADMIN: Loading jobban_rank
[16:51:38] ADMIN: Jobban_keylist was empty
[16:51:38] ADMIN: Updating jobbanfile!
[16:51:38] ADMIN: Loading oocban_rank
[16:51:38] ADMIN: oocban_keylist was empty
[16:51:38] ADMIN: Updating jobbanfile!
ADMIN: slurm = Host
ADMIN: gibbed = Host
ADMIN: stuntwaffle = Host
ADMIN: pantaloons = Host
ADMIN: darsant = Host
ADMIN: nannek = Host
ADMIN: furrychicken = Host
ADMIN: cherkir = Host
ADMIN: exadv1 = Coder
ADMIN: 0staf = Coder
ADMIN: justicefries = Coder
ADMIN: eroticdad = Coder
ADMIN: angriestibm = Coder
ADMIN: hobnob = Coder
ADMIN: enallyniv = Coder
ADMIN: lallander = Coder
ADMIN: keelin = Coder
ADMIN: brianoblivion = Coder
ADMIN: arthurmuggins = Coder
ADMIN: isaidno = Coder
ADMIN: mport2004 = Coder
ADMIN: burntcornmuffin = Coder
ADMIN: ishallriseagain = Coder
ADMIN: lljkmosheninkov = Coder
ADMIN: dropsy = Coder
ADMIN: procitizensa = Coder
ADMIN: drmelon = Coder
ADMIN: halerina = Coder
ADMIN: pacra = Coder
ADMIN: jackmassacre = Coder
ADMIN: jackbox = Coder
ADMIN: infinitemonkeys = Coder
ADMIN: aphtonites = Coder
ADMIN: volundr = Coder
ADMIN: wirewraith = Coder
ADMIN: tobba = Coder
ADMIN: marquesas = Coder
ADMIN: hainesa = Coder
ADMIN: tom = Coder
ADMIN: herrspyguy = Coder
ADMIN: daeren = Coder
ADMIN: conor12 = Coder
ADMIN: convair880 = Coder
[16:51:51] ACCESS: Login: Furry Chicken from 
[16:55:00] ACCESS: Login: Furry Chicken [TRAITOR] from 
[16:56:00] SAY: Shitty Bill (NPC) : I ever tell you 'bout that room full of statues?
[16:56:23] ADMIN: Alien Queen (Furry Chicken) [TRAITOR] created 5ea /mob/living/carbon/human/fatherjack
[16:56:34] SAY: Father Jack (NPC) : FECK!
[16:56:45] SAY: Shitty Bill (NPC) : Man, I sure miss bein' the Head Surgeon.
[16:56:48] SAY: Father Jack (NPC) : That would be an ecumenical matter.
[16:57:04] SAY: Shitty Bill (NPC) : Man, I sure don't miss that damn ice moon.
[16:57:28] SAY: Father Jack (NPC) : GIRLS!
[16:57:35] SAY: Father Jack (NPC) : ARSE!
[16:58:00] SAY: Shitty Bill (NPC) : The hell're you lookin' at, dingus?
[16:58:10] SAY: Father Jack (NPC) : DRINK!
[16:58:43] SAY: Father Jack (NPC) : FECK!
[16:59:01] SAY: Shitty Bill (NPC) : Got a light, beardo?
[16:59:01] SAY: Father Jack (NPC) : FECK!
[16:59:31] SAY: Father Jack (NPC) : DRINK!
[16:59:47] SAY: Father Jack (NPC) : FECK!
[16:59:55] SAY: Father Jack (NPC) : GIRLS!
[16:59:59] SAY: Shitty Bill (NPC) : I ever tell you 'bout what Dr. Hieng's real secret was?
[17:00:11] SAY: Shitty Bill (NPC) : Got a light, wirehead?
[17:00:39] SAY: Father Jack (NPC) : That would be an ecumenical matter.
[17:00:44] SAY: Father Jack (NPC) : FECK!
[17:01:09] SAY: Shitty Bill (NPC) : I think my associates are running late.
[17:01:16] SAY: Father Jack (NPC) : DRINK!
[17:01:23] SAY: Father Jack (NPC) : DRINK!
[17:02:01] SAY: Shitty Bill (NPC) : Man, I sure don't miss my dad.
[17:03:09] SAY: Shitty Bill (NPC) : Hey friendo, gimme yer hugs.
[17:03:34] SAY: Father Jack (NPC) : That would be an ecumenical matter.
[17:03:34] SAY: Father Jack (NPC) : DRINK!
[17:03:36] SAY: Father Jack (NPC) : DRINK!
[17:04:16] SAY: Father Jack (NPC) : GIRLS!
[17:05:57] SAY: Father Jack (NPC) : DRINK!
[17:06:45] SAY: Shitty Bill (NPC) : I think my buds forgot about me.
[17:07:01] SAY: Father Jack (NPC) : DRINK!
[17:07:43] SAY: Shitty Bill (NPC) : Got a light, Colonel?
[17:07:52] SAY: Father Jack (NPC) : ARSE!
[17:08:20] SAY: Father Jack (NPC) : GIRLS!
[17:09:00] SAY: Shitty Bill (NPC) : Got any serum?
[17:09:09] SAY: Father Jack (NPC) : ARSE!
[17:09:11] SAY: Father Jack (NPC) : GIRLS!
[17:09:35] SAY: Father Jack (NPC) : GIRLS!
[17:09:35] SAY: Father Jack (NPC) : ARSE!
[17:09:51] SAY: Shitty Bill (NPC) : Hey friendo, gimme yer jet.
[17:09:53] SAY: Shitty Bill (NPC) : Hey buddy, gimme yer high fives.
[17:10:02] SAY: Father Jack (NPC) : That would be an ecumenical matter.
[17:10:05] SAY: Father Jack (NPC) : DRINK!
[17:11:24] SAY: Shitty Bill (NPC) : Yo Donald "Don" Glabs.
[17:11:36] SAY: Father Jack (NPC) : That would be an ecumenical matter.
[17:12:32] SAY: Shitty Bill (NPC) : I think my bros forgot about me.
[17:12:34] SAY: Shitty Bill (NPC) : Hey buddy, gimme yer drugs.
[17:12:37] SAY: Father Jack (NPC) : ARSE!


Starting up. 17:13.30
---------------------

[17:13:35] ADMIN: Loading jobban_rank
[17:13:35] ADMIN: Jobban_keylist was empty
[17:13:35] ADMIN: Updating jobbanfile!
[17:13:35] ADMIN: Loading oocban_rank
[17:13:35] ADMIN: oocban_keylist was empty
[17:13:35] ADMIN: Updating jobbanfile!
[17:13:37] SAY: Shitty Bill (NPC) : I think my buds stole my cat.
[17:13:39] SAY: Shitty Bill (NPC) : I ever tell you 'bout what those Nanotrasen dudes are hiding out there?
[17:13:39] SAY: Father Jack (NPC) : FECK!
ADMIN: slurm = Host
ADMIN: gibbed = Host
ADMIN: stuntwaffle = Host
ADMIN: pantaloons = Host
ADMIN: darsant = Host
ADMIN: nannek = Host
ADMIN: furrychicken = Host
ADMIN: cherkir = Host
ADMIN: exadv1 = Coder
ADMIN: 0staf = Coder
ADMIN: justicefries = Coder
ADMIN: eroticdad = Coder
ADMIN: angriestibm = Coder
ADMIN: hobnob = Coder
ADMIN: enallyniv = Coder
ADMIN: lallander = Coder
ADMIN: keelin = Coder
ADMIN: brianoblivion = Coder
ADMIN: arthurmuggins = Coder
ADMIN: isaidno = Coder
ADMIN: mport2004 = Coder
ADMIN: burntcornmuffin = Coder
ADMIN: ishallriseagain = Coder
ADMIN: lljkmosheninkov = Coder
ADMIN: dropsy = Coder
ADMIN: procitizensa = Coder
ADMIN: drmelon = Coder
ADMIN: halerina = Coder
ADMIN: pacra = Coder
ADMIN: jackmassacre = Coder
ADMIN: jackbox = Coder
ADMIN: infinitemonkeys = Coder
ADMIN: aphtonites = Coder
ADMIN: volundr = Coder
ADMIN: wirewraith = Coder
ADMIN: tobba = Coder
ADMIN: marquesas = Coder
ADMIN: hainesa = Coder
ADMIN: tom = Coder
ADMIN: herrspyguy = Coder
ADMIN: daeren = Coder
ADMIN: conor12 = Coder
ADMIN: convair880 = Coder
[17:13:59] ACCESS: Login: Furry Chicken from 
[17:14:37] ADMIN: Furry Chicken [DEAD] has started the game.
[17:14:38] ACCESS: Login: Furry Chicken [TRAITOR] from 
[17:14:47] SAY: Father Jack (NPC) : That would be an ecumenical matter.
[17:16:05] ADMIN: Alien Queen (Furry Chicken) [TRAITOR] created a /mob/living/carbon/human/biker
[17:16:11] SAY: Shitty Bill (NPC) : The hell're you lookin' at, flyboy?
[17:16:47] SAY: Shitty Bill (NPC) : What the hell are you lookin' at, owl man?
[17:17:05] SAY: Shitty Bill (NPC) : Got a light, owl man?
[17:17:10] SAY: Shitty Bill (NPC) : How's it hangin' Donald "Don" Glabs.
[17:19:01] SAY: Shitty Bill (NPC) : The hell you lookin' at, nerd?
[17:19:15] SAY: Shitty Bill (NPC) : I think my crew forgot about me.
[17:20:08] SAY: Shitty Bill (NPC) : Hey pal, gimme yer bees.
[17:20:29] SAY: Shitty Bill (NPC) : Howdy Donald "Don" Glabs.
[17:20:59] SAY: Father Jack (NPC) : GIRLS!
[17:21:48] SAY: Shitty Bill (NPC) : Hey, gimme yer keys.
[17:22:00] SAY: Shitty Bill (NPC) : I ever tell you 'bout when I found some old keys?
[17:22:02] ADMIN: Alien Queen (Furry Chicken) [TRAITOR] created a /mob/living/carbon/human/tommy
[17:22:26] SAY: Shitty Bill (NPC) : Nice face, friend.
[17:22:47] SAY: Shitty Bill (NPC) : Nice hogg, astronaut.
[17:23:10] SAY: Father Jack (NPC) : FECK!
[17:23:15] SAY: Shitty Bill (NPC) : I ever tell you 'bout the time I huffed a whole canister fulla laughing gas?
[17:24:11] SAY: Alien Queen (Furry Chicken) [TRAITOR] : *wink
[17:24:11] SAY: Alien Queen (Furry Chicken) [TRAITOR] : *scream
[17:25:00] SAY: Father Jack (NPC) : That would be an ecumenical matter.
[17:25:32] SAY: Shitty Bill (NPC) : You roll?
[17:25:42] SAY: Shitty Bill (NPC) : I think my associates left me here.
[17:25:45] SAY: Alien Queen (Furry Chicken) [TRAITOR] : *scream
[17:25:46] SAY: Alien Queen (Furry Chicken) [TRAITOR] : *scream
[17:25:51] SAY: Shitty Bill (NPC) : You a beardo?
[17:25:54] SAY: Shitty Bill (NPC) : You dance?
[17:26:02] SAY: Alien Queen (Furry Chicken) [TRAITOR] : *scream
[17:26:38] SAY: Father Jack (NPC) : GIRLS!
[17:26:42] SAY: Father Jack (NPC) : ARSE!
[17:27:01] SAY: Shitty Bill (NPC) : You a wizman?
[17:27:22] SAY: Shitty Bill (NPC) : Hey brud, gimme yer card.
[17:27:54] SAY: Shitty Bill (NPC) : Man, I sure miss my shovel.
[17:28:32] SAY: Shitty Bill (NPC) : I think my pals took off.
[17:28:46] SAY: Father Jack (NPC) : That would be an ecumenical matter.
[17:29:12] SAY: Shitty Bill (NPC) : You jam?
[17:29:34] SAY: Father Jack (NPC) : ARSE!
[17:29:45] SAY: Shitty Bill (NPC) : I ever tell you 'bout the King in Yellow?
[17:30:06] SAY: Shitty Bill (NPC) : I think my homebros stole my hat.
[17:30:18] SAY: Shitty Bill (NPC) : Got a light, kid?
[17:30:40] SAY: Father Jack (NPC) : ARSE!
[17:32:57] SAY: Shitty Bill (NPC) : Hey buddy, gimme yer smokes.


Starting up. 17:36.40
---------------------

[17:36:44] ADMIN: Loading jobban_rank
[17:36:44] ADMIN: Jobban_keylist was empty
[17:36:44] ADMIN: Updating jobbanfile!
[17:36:44] ADMIN: Loading oocban_rank
[17:36:44] ADMIN: oocban_keylist was empty
[17:36:44] ADMIN: Updating jobbanfile!
ADMIN: slurm = Host
ADMIN: gibbed = Host
ADMIN: stuntwaffle = Host
ADMIN: pantaloons = Host
ADMIN: darsant = Host
ADMIN: nannek = Host
ADMIN: furrychicken = Host
ADMIN: cherkir = Host
ADMIN: exadv1 = Coder
ADMIN: 0staf = Coder
ADMIN: justicefries = Coder
ADMIN: eroticdad = Coder
ADMIN: angriestibm = Coder
ADMIN: hobnob = Coder
ADMIN: enallyniv = Coder
ADMIN: lallander = Coder
ADMIN: keelin = Coder
ADMIN: brianoblivion = Coder
ADMIN: arthurmuggins = Coder
ADMIN: isaidno = Coder
ADMIN: mport2004 = Coder
ADMIN: burntcornmuffin = Coder
ADMIN: ishallriseagain = Coder
ADMIN: lljkmosheninkov = Coder
ADMIN: dropsy = Coder
ADMIN: procitizensa = Coder
ADMIN: drmelon = Coder
ADMIN: halerina = Coder
ADMIN: pacra = Coder
ADMIN: jackmassacre = Coder
ADMIN: jackbox = Coder
ADMIN: infinitemonkeys = Coder
ADMIN: aphtonites = Coder
ADMIN: volundr = Coder
ADMIN: wirewraith = Coder
ADMIN: tobba = Coder
ADMIN: marquesas = Coder
ADMIN: hainesa = Coder
ADMIN: tom = Coder
ADMIN: herrspyguy = Coder
ADMIN: daeren = Coder
ADMIN: conor12 = Coder
ADMIN: convair880 = Coder
[17:36:59] ACCESS: Login: Furry Chicken from 


Starting up. 17:38.56
---------------------

[17:39:00] ADMIN: Loading jobban_rank
[17:39:00] ADMIN: Jobban_keylist was empty
[17:39:00] ADMIN: Updating jobbanfile!
[17:39:00] ADMIN: Loading oocban_rank
[17:39:00] ADMIN: oocban_keylist was empty
[17:39:00] ADMIN: Updating jobbanfile!
ADMIN: slurm = Host
ADMIN: gibbed = Host
ADMIN: stuntwaffle = Host
ADMIN: pantaloons = Host
ADMIN: darsant = Host
ADMIN: nannek = Host
ADMIN: furrychicken = Host
ADMIN: cherkir = Host
ADMIN: exadv1 = Coder
ADMIN: 0staf = Coder
ADMIN: justicefries = Coder
ADMIN: eroticdad = Coder
ADMIN: angriestibm = Coder
ADMIN: hobnob = Coder
ADMIN: enallyniv = Coder
ADMIN: lallander = Coder
ADMIN: keelin = Coder
ADMIN: brianoblivion = Coder
ADMIN: arthurmuggins = Coder
ADMIN: isaidno = Coder
ADMIN: mport2004 = Coder
ADMIN: burntcornmuffin = Coder
ADMIN: ishallriseagain = Coder
ADMIN: lljkmosheninkov = Coder
ADMIN: dropsy = Coder
ADMIN: procitizensa = Coder
ADMIN: drmelon = Coder
ADMIN: halerina = Coder
ADMIN: pacra = Coder
ADMIN: jackmassacre = Coder
ADMIN: jackbox = Coder
ADMIN: infinitemonkeys = Coder
ADMIN: aphtonites = Coder
ADMIN: volundr = Coder
ADMIN: wirewraith = Coder
ADMIN: tobba = Coder
ADMIN: marquesas = Coder
ADMIN: hainesa = Coder
ADMIN: tom = Coder
ADMIN: herrspyguy = Coder
ADMIN: daeren = Coder
ADMIN: conor12 = Coder
ADMIN: convair880 = Coder
[17:39:16] ACCESS: Login: Furry Chicken from 
[17:39:51] ADMIN: Furry Chicken [DEAD] has started the game.
[17:39:52] ACCESS: Login: Furry Chicken [TRAITOR] from 
[17:40:23] SAY: Shitty Bill (NPC) : I ever tell you 'bout the time I was a clown?
[17:40:45] ADMIN: Alien Queen (Furry Chicken) [TRAITOR] created a /mob/living/carbon/human/merchant
[17:41:32] SAY: Shitty Bill (NPC) : Got any cola?
[17:43:01] SAY: Shitty Bill (NPC) : You a narc?
[17:44:33] SAY: Shitty Bill (NPC) : Man, I sure miss bein' an atmos tech.
[17:44:40] SAY: Shitty Bill (NPC) : What're you lookin' at, clown?
[17:45:47] SAY: Father Jack (NPC) : DRINK!
[17:45:52] SAY: Shitty Bill (NPC) : I think my bruds sent you.
[17:46:16] SAY: Shitty Bill (NPC) : I think my homies set me up.
[17:46:16] ADMIN: Alien Queen (Furry Chicken) [TRAITOR] swapped bodies with  (NPC)
[17:46:16] ACCESS: Login: Furry Chicken [TRAITOR] from 
[17:46:20] SAY: Shitty Bill (NPC) : Hey buddy, gimme yer dosh.
[17:46:42] SAY: Furry Chicken [TRAITOR] : *scream
[17:46:42] SAY: Shitty Bill (NPC) : Nice pod, dingus.
[17:48:25] SAY: Shitty Bill (NPC) : Nice podd, pal.
[17:48:39] SAY: Father Jack (NPC) : That would be an ecumenical matter.
[17:48:46] SAY: Shitty Bill (NPC) : I ever tell you 'bout my old buddy David?
[17:49:18] SAY: Shitty Bill (NPC) : I ever tell you 'bout the King in Yellow?
[17:49:30] SAY: Shitty Bill (NPC) : Nice threads, Colonel.
[17:50:24] SAY: Shitty Bill (NPC) : You sting?
[17:50:40] SAY: Shitty Bill (NPC) : What the hell are you lookin' at, kid?
[17:51:15] SAY: Furry Chicken [TRAITOR] : *scream
[17:51:16] SAY: Furry Chicken [TRAITOR] : *scream
[17:51:16] SAY: Furry Chicken [TRAITOR] : *scream
[17:51:16] SAY: Furry Chicken [TRAITOR] : *scream
[17:51:16] SAY: Furry Chicken [TRAITOR] : *scream
[17:51:16] SAY: Furry Chicken [TRAITOR] : *scream
[17:51:16] SAY: Furry Chicken [TRAITOR] : *scream
[17:51:17] SAY: Furry Chicken [TRAITOR] : *scream
[17:51:17] SAY: Furry Chicken [TRAITOR] : *scream
[17:51:17] SAY: Furry Chicken [TRAITOR] : *scream
[17:51:17] SAY: Furry Chicken [TRAITOR] : *scream
[17:51:17] SAY: Furry Chicken [TRAITOR] : *scream
[17:51:17] SAY: Furry Chicken [TRAITOR] : *scream
[17:51:18] SAY: Furry Chicken [TRAITOR] : *scream
[17:51:18] SAY: Furry Chicken [TRAITOR] : *scream
[17:51:18] SAY: Furry Chicken [TRAITOR] : *scream
[17:51:18] SAY: Furry Chicken [TRAITOR] : *scream
[17:51:18] SAY: Furry Chicken [TRAITOR] : *scream
[17:51:18] SAY: Furry Chicken [TRAITOR] : *scream
[17:51:19] SAY: Furry Chicken [TRAITOR] : *scream
[17:51:20] SAY: Furry Chicken [TRAITOR] : *scream
[17:51:20] SAY: Furry Chicken [TRAITOR] : *scream
[17:51:20] SAY: Furry Chicken [TRAITOR] : *scream
[17:51:21] SAY: Furry Chicken [TRAITOR] : *scream
[17:51:21] SAY: Furry Chicken [TRAITOR] : *scream
[17:51:21] SAY: Furry Chicken [TRAITOR] : *scream
[17:51:21] SAY: Furry Chicken [TRAITOR] : *scream
[17:51:21] SAY: Furry Chicken [TRAITOR] : *scream
[17:51:21] SAY: Furry Chicken [TRAITOR] : *scream
[17:51:22] SAY: Furry Chicken [TRAITOR] : *scream
[17:51:22] SAY: Furry Chicken [TRAITOR] : *scream
[17:51:22] SAY: Furry Chicken [TRAITOR] : *scream
[17:51:22] SAY: Furry Chicken [TRAITOR] : *scream
[17:51:22] SAY: Furry Chicken [TRAITOR] : *scream
[17:51:22] SAY: Furry Chicken [TRAITOR] : *scream
[17:51:23] SAY: Furry Chicken [TRAITOR] : *scream
[17:51:23] SAY: Furry Chicken [TRAITOR] : *scream
[17:51:23] SAY: Furry Chicken [TRAITOR] : *scream
[17:51:23] SAY: Furry Chicken [TRAITOR] : *scream
[17:51:23] SAY: Furry Chicken [TRAITOR] : *scream
[17:51:24] SAY: Furry Chicken [TRAITOR] : *scream
[17:51:24] SAY: Furry Chicken [TRAITOR] : *scream
[17:51:24] SAY: Furry Chicken [TRAITOR] : *scream
[17:51:24] SAY: Furry Chicken [TRAITOR] : *scream
[17:52:09] SAY: Shitty Bill (NPC) : I ever tell you 'bout the time I caught Clown's Syndrome?
[17:52:25] SAY: Shitty Bill (NPC) : You jet?


Starting up. 17:57.06
---------------------

[17:57:10] ADMIN: Loading jobban_rank
[17:57:10] ADMIN: Jobban_keylist was empty
[17:57:10] ADMIN: Updating jobbanfile!
[17:57:10] ADMIN: Loading oocban_rank
[17:57:10] ADMIN: oocban_keylist was empty
[17:57:10] ADMIN: Updating jobbanfile!
ADMIN: slurm = Host
ADMIN: gibbed = Host
ADMIN: stuntwaffle = Host
ADMIN: pantaloons = Host
ADMIN: darsant = Host
ADMIN: nannek = Host
ADMIN: furrychicken = Host
ADMIN: cherkir = Host
ADMIN: exadv1 = Coder
ADMIN: 0staf = Coder
ADMIN: justicefries = Coder
ADMIN: eroticdad = Coder
ADMIN: angriestibm = Coder
ADMIN: hobnob = Coder
ADMIN: enallyniv = Coder
ADMIN: lallander = Coder
ADMIN: keelin = Coder
ADMIN: brianoblivion = Coder
ADMIN: arthurmuggins = Coder
ADMIN: isaidno = Coder
ADMIN: mport2004 = Coder
ADMIN: burntcornmuffin = Coder
ADMIN: ishallriseagain = Coder
ADMIN: lljkmosheninkov = Coder
ADMIN: dropsy = Coder
ADMIN: procitizensa = Coder
ADMIN: drmelon = Coder
ADMIN: halerina = Coder
ADMIN: pacra = Coder
ADMIN: jackmassacre = Coder
ADMIN: jackbox = Coder
ADMIN: infinitemonkeys = Coder
ADMIN: aphtonites = Coder
ADMIN: volundr = Coder
ADMIN: wirewraith = Coder
ADMIN: tobba = Coder
ADMIN: marquesas = Coder
ADMIN: hainesa = Coder
ADMIN: tom = Coder
ADMIN: herrspyguy = Coder
ADMIN: daeren = Coder
ADMIN: conor12 = Coder
ADMIN: convair880 = Coder
[17:57:23] ACCESS: Login: Furry Chicken from 
[17:57:49] ADMIN: Furry Chicken [DEAD] has started the game.
[17:57:49] ACCESS: Login: Furry Chicken [TRAITOR] from 
[17:58:11] SAY: Shitty Bill (NPC) : How's it hangin' Donald "Don" Glabs.
[17:58:32] SAY: Shitty Bill (NPC) : You a Russian?
[17:58:32] SAY: Father Jack (NPC) : DRINK!
[17:58:34] ADMIN: Alien Queen (Furry Chicken) [TRAITOR] created a /mob/living/carbon/human/myke
[17:58:37] SAY: Alien Queen (Furry Chicken) [TRAITOR] : *wink
[17:58:39] SAY: Alien Queen (Furry Chicken) [TRAITOR] : *scream
[17:58:41] SAY: Shitty Bill (NPC) : Got a light, beardo?
[17:59:07] SAY: Shitty Bill (NPC) : Nice pod, nerd.
[17:59:35] SAY: Shitty Bill (NPC) : You a narc?
[18:00:26] SAY: Shitty Bill (NPC) : Got any taters?
[18:00:54] SAY: Shitty Bill (NPC) : Oh hell, it's Donald "Don" Glabs.
[18:01:25] SAY: Shitty Bill (NPC) : Got a light, flyboy?
[18:01:26] SAY: Alien Queen (Furry Chicken) [TRAITOR] : *scream
[18:01:26] SAY: Alien Queen (Furry Chicken) [TRAITOR] : *scream
[18:01:26] SAY: Alien Queen (Furry Chicken) [TRAITOR] : *scream
[18:01:56] SAY: Shitty Bill (NPC) : You sting?
[18:02:29] SAY: Shitty Bill (NPC) : I think my homebros died in space.
[18:03:30] SAY: Father Jack (NPC) : DRINK!
[18:04:17] ADMIN: Alien Queen (Furry Chicken) [TRAITOR] created a /mob/living/carbon/human/fatherjack
[18:04:39] SAY: Shitty Bill (NPC) : Hey dweeb, gimme yer cats.
[18:04:56] SAY: Shitty Bill (NPC) : You wrassle?
[18:05:14] ACCESS: Login: Alien Queen (Furry Chicken) [TRAITOR] [DEAD] from 
[18:05:18] SAY: Shitty Bill (NPC) : You a narc?
[18:05:18] SAY: Father Jack (NPC) : GIRLS!
[18:05:53] SAY: Father Jack (NPC) : DRINK!
[18:06:56] SAY: Shitty Bill (NPC) : What the hell are you lookin' at, nerd?
[18:07:24] ACCESS: Login: Furry Chicken [TRAITOR] from 
[18:08:26] SAY: Shitty Bill (NPC) : Got any cola?
[18:08:34] SAY: Shitty Bill (NPC) : You a wizman?
[18:10:34] SAY: Shitty Bill (NPC) : Nice burner, dude.


Starting up. 18:16.18
---------------------

[18:16:22] ADMIN: Loading jobban_rank
[18:16:22] ADMIN: Jobban_keylist was empty
[18:16:22] ADMIN: Updating jobbanfile!
[18:16:22] ADMIN: Loading oocban_rank
[18:16:22] ADMIN: oocban_keylist was empty
[18:16:22] ADMIN: Updating jobbanfile!
ADMIN: slurm = Host
ADMIN: gibbed = Host
ADMIN: stuntwaffle = Host
ADMIN: pantaloons = Host
ADMIN: darsant = Host
ADMIN: nannek = Host
ADMIN: furrychicken = Host
ADMIN: cherkir = Host
ADMIN: exadv1 = Coder
ADMIN: 0staf = Coder
ADMIN: justicefries = Coder
ADMIN: eroticdad = Coder
ADMIN: angriestibm = Coder
ADMIN: hobnob = Coder
ADMIN: enallyniv = Coder
ADMIN: lallander = Coder
ADMIN: keelin = Coder
ADMIN: brianoblivion = Coder
ADMIN: arthurmuggins = Coder
ADMIN: isaidno = Coder
ADMIN: mport2004 = Coder
ADMIN: burntcornmuffin = Coder
ADMIN: ishallriseagain = Coder
ADMIN: lljkmosheninkov = Coder
ADMIN: dropsy = Coder
ADMIN: procitizensa = Coder
ADMIN: drmelon = Coder
ADMIN: halerina = Coder
ADMIN: pacra = Coder
ADMIN: jackmassacre = Coder
ADMIN: jackbox = Coder
ADMIN: infinitemonkeys = Coder
ADMIN: aphtonites = Coder
ADMIN: volundr = Coder
ADMIN: wirewraith = Coder
ADMIN: tobba = Coder
ADMIN: marquesas = Coder
ADMIN: hainesa = Coder
ADMIN: tom = Coder
ADMIN: herrspyguy = Coder
ADMIN: daeren = Coder
ADMIN: conor12 = Coder
ADMIN: convair880 = Coder
[18:16:35] ACCESS: Login: Furry Chicken from 
[18:17:26] ADMIN: Furry Chicken [DEAD] has started the game.
[18:17:27] ACCESS: Login: Furry Chicken [TRAITOR] from 
[18:17:34] SAY: Shitty Bill (NPC) : What're you lookin' at, kid?
[18:17:35] SAY: Alien Queen (Furry Chicken) [TRAITOR] : *scream
[18:17:44] SAY: Shitty Bill (NPC) : How's it goin' Donald "Don" Glabs.
[18:17:48] SAY: Father Jack (NPC) : That would be an ecumenical matter.
[18:18:02] ADMIN: Alien Queen (Furry Chicken) [TRAITOR] created a /mob/living/carbon/human/merchant
[18:18:19] SAY: Father Jack (NPC) : That would be an ecumenical matter.
[18:18:43] SAY: Father Jack (NPC) : GIRLS!
[18:19:16] ACCESS: Login: Alien Queen (Furry Chicken) [TRAITOR] [DEAD] from 
[18:19:35] SAY: Shitty Bill (NPC) : I ever tell you 'bout that sketchy crown I sold?
[18:19:44] SAY: Shitty Bill (NPC) : You rhyme?
[18:20:05] SAY: Father Jack (NPC) : GIRLS!
[18:21:42] SAY: Shitty Bill (NPC) : I ever tell you 'bout the time I found an alien thing that made weed?
[18:22:19] SAY: Shitty Bill (NPC) : Got a light, nerd?
[18:22:22] ACCESS: Login: Furry Chicken [TRAITOR] [DEAD] from 


Starting up. 18:28.28
---------------------

[18:28:32] ADMIN: Loading jobban_rank
[18:28:32] ADMIN: Jobban_keylist was empty
[18:28:32] ADMIN: Updating jobbanfile!
[18:28:32] ADMIN: Loading oocban_rank
[18:28:32] ADMIN: oocban_keylist was empty
[18:28:32] ADMIN: Updating jobbanfile!
ADMIN: slurm = Host
ADMIN: gibbed = Host
ADMIN: stuntwaffle = Host
ADMIN: pantaloons = Host
ADMIN: darsant = Host
ADMIN: nannek = Host
ADMIN: furrychicken = Host
ADMIN: cherkir = Host
ADMIN: exadv1 = Coder
ADMIN: 0staf = Coder
ADMIN: justicefries = Coder
ADMIN: eroticdad = Coder
ADMIN: angriestibm = Coder
ADMIN: hobnob = Coder
ADMIN: enallyniv = Coder
ADMIN: lallander = Coder
ADMIN: keelin = Coder
ADMIN: brianoblivion = Coder
ADMIN: arthurmuggins = Coder
ADMIN: isaidno = Coder
ADMIN: mport2004 = Coder
ADMIN: burntcornmuffin = Coder
ADMIN: ishallriseagain = Coder
ADMIN: lljkmosheninkov = Coder
ADMIN: dropsy = Coder
ADMIN: procitizensa = Coder
ADMIN: drmelon = Coder
ADMIN: halerina = Coder
ADMIN: pacra = Coder
ADMIN: jackmassacre = Coder
ADMIN: jackbox = Coder
ADMIN: infinitemonkeys = Coder
ADMIN: aphtonites = Coder
ADMIN: volundr = Coder
ADMIN: wirewraith = Coder
ADMIN: tobba = Coder
ADMIN: marquesas = Coder
ADMIN: hainesa = Coder
ADMIN: tom = Coder
ADMIN: herrspyguy = Coder
ADMIN: daeren = Coder
ADMIN: conor12 = Coder
ADMIN: convair880 = Coder
[18:28:46] ACCESS: Login: Furry Chicken from 
[18:29:35] ADMIN: Furry Chicken [DEAD] has started the game.
[18:29:36] ACCESS: Login: Furry Chicken [TRAITOR] from 
[18:29:46] SAY: Shitty Bill (NPC) : 'Ey, it's Donald "Don" Glabs.
[18:29:56] ADMIN: Alien Queen (Furry Chicken) [TRAITOR] created 3ea /mob/living/carbon/human/biker
[18:30:21] SAY: Shitty Bill (NPC) : You a narc?
[18:30:32] SAY: Shitty Bill (NPC) : You fly?
[18:30:44] SAY: Shitty Bill (NPC) : Howdy Shitty Bill.
[18:31:03] SAY: Shitty Bill (NPC) : Got a light, weirdo?
[18:31:14] SAY: Shitty Bill (NPC) : You a beardo?
[18:31:26] SAY: Shitty Bill (NPC) : Got any smokes?
[18:31:30] SAY: Shitty Bill (NPC) : Nice hog, spaceman.
[18:31:46] SAY: Shitty Bill (NPC) : Got any ecto?
[18:31:55] ACCESS: Login: Alien Queen (Furry Chicken) [TRAITOR] [DEAD] from 
[18:32:01] SAY: Shitty Bill (NPC) : That's street life for ya Alien Queen...
[18:32:29] SAY: Shitty Bill (NPC) : That's street life for ya Alien Queen...
[18:32:52] SAY: Shitty Bill (NPC) : I ever tell you 'bout the time I huffed a whole canister fulla laughing gas?
[18:33:04] SAY: Shitty Bill (NPC) : Got any krok?
[18:33:18] SAY: Shitty Bill (NPC) : Blaze one up for Alien Queen...
[18:33:22] SAY: Shitty Bill (NPC) : Pour one out for Alien Queen...
[18:33:34] SAY: Shitty Bill (NPC) : Oh damn, they got Alien Queen...
[18:33:36] SAY: Shitty Bill (NPC) : I think my buds stole my cat.
[18:33:48] SAY: Shitty Bill (NPC) : Man, I sure don't miss the war.
[18:33:59] SAY: Shitty Bill (NPC) : Oh damn, they got Alien Queen...
[18:34:01] SAY: Shitty Bill (NPC) : That's street life for ya Alien Queen...
[18:34:04] SAY: Shitty Bill (NPC) : That's street life for ya Alien Queen...
[18:34:06] SAY: Shitty Bill (NPC) : What the hell are you lookin' at, 'Traser?
[18:34:13] SAY: Shitty Bill (NPC) : Oh damn, they got Alien Queen...
[18:34:25] ACCESS: Login: Furry Chicken [TRAITOR] [DEAD] from 
[18:34:26] SAY: Shitty Bill (NPC) : That's street life for ya Alien Queen...


Starting up. 18:41.45
---------------------

[18:41:50] ADMIN: Loading jobban_rank
[18:41:50] ADMIN: Jobban_keylist was empty
[18:41:50] ADMIN: Updating jobbanfile!
[18:41:50] ADMIN: Loading oocban_rank
[18:41:50] ADMIN: oocban_keylist was empty
[18:41:50] ADMIN: Updating jobbanfile!
ADMIN: slurm = Host
ADMIN: gibbed = Host
ADMIN: stuntwaffle = Host
ADMIN: pantaloons = Host
ADMIN: darsant = Host
ADMIN: nannek = Host
ADMIN: furrychicken = Host
ADMIN: cherkir = Host
ADMIN: exadv1 = Coder
ADMIN: 0staf = Coder
ADMIN: justicefries = Coder
ADMIN: eroticdad = Coder
ADMIN: angriestibm = Coder
ADMIN: hobnob = Coder
ADMIN: enallyniv = Coder
ADMIN: lallander = Coder
ADMIN: keelin = Coder
ADMIN: brianoblivion = Coder
ADMIN: arthurmuggins = Coder
ADMIN: isaidno = Coder
ADMIN: mport2004 = Coder
ADMIN: burntcornmuffin = Coder
ADMIN: ishallriseagain = Coder
ADMIN: lljkmosheninkov = Coder
ADMIN: dropsy = Coder
ADMIN: procitizensa = Coder
ADMIN: drmelon = Coder
ADMIN: halerina = Coder
ADMIN: pacra = Coder
ADMIN: jackmassacre = Coder
ADMIN: jackbox = Coder
ADMIN: infinitemonkeys = Coder
ADMIN: aphtonites = Coder
ADMIN: volundr = Coder
ADMIN: wirewraith = Coder
ADMIN: tobba = Coder
ADMIN: marquesas = Coder
ADMIN: hainesa = Coder
ADMIN: tom = Coder
ADMIN: herrspyguy = Coder
ADMIN: daeren = Coder
ADMIN: conor12 = Coder
ADMIN: convair880 = Coder
[18:42:09] ACCESS: Login: Furry Chicken from 
[18:43:24] ADMIN: Furry Chicken [DEAD] has started the game.
[18:43:24] ACCESS: Login: Furry Chicken [TRAITOR] from 
[18:43:55] SAY: Father Jack (NPC) : That would be an ecumenical matter.
[18:45:03] ADMIN: Alien Queen (Furry Chicken) [TRAITOR] created a /mob/living/carbon/human/biker
[18:45:07] SAY: Shitty Bill (NPC) : Got a light, friend?
[18:45:09] SAY: Shitty Bill (NPC) : Yo, gimme yer cash.
[18:45:24] ACCESS: Login: Alien Queen (Furry Chicken) [TRAITOR] [DEAD] from 
[18:45:30] SAY: Shitty Bill (NPC) : I think my crew are running late.
[18:46:42] ACCESS: Login: Furry Chicken [TRAITOR] from 
[18:47:27] SAY: Shitty Bill (NPC) : How's it goin' Donald "Don" Glabs.
[18:47:36] SAY: Shitty Bill (NPC) : Hey dweeb, gimme yer high fives.
[18:48:19] SAY: Alien Larva 650 (Furry Chicken) [TRAITOR] : *scream
[18:48:35] SAY: Shitty Bill (NPC) : You a Russian?
[18:49:40] SAY: Shitty Bill (NPC) : Got a light, wirehead?
[18:49:51] SAY: Shitty Bill (NPC) : Hey brud, gimme yer patch.
[18:49:58] SAY: Shitty Bill (NPC) : I ever tell you 'bout that sketchy crown I sold?
[18:50:40] SAY: Shitty Bill (NPC) : Got a light, kid?
[18:52:01] SAY: Alien Larva 650 (Furry Chicken) [TRAITOR] : *scream
[18:53:05] SAY: Shitty Bill (NPC) : I think my pals set me up.
[18:53:44] SAY: Shitty Bill (NPC) : I ever tell you 'bout when I found some old keys?
[18:54:06] SAY: Shitty Bill (NPC) : Howdy Donald "Don" Glabs.
[18:54:33] SAY: Shitty Bill (NPC) : You a dracula?
[18:55:36] SAY: Shitty Bill (NPC) : Nice karma, dude.
[18:55:55] SAY: Shitty Bill (NPC) : I think my bros left without me.
[18:59:11] SAY: Shitty Bill (NPC) : You a changer?
[18:59:35] SAY: Father Jack (NPC) : GIRLS!
[18:59:53] SAY: Shitty Bill (NPC) : You a beardo?
[19:00:36] SAY: Shitty Bill (NPC) : The hell you lookin' at, clown?
[19:00:55] SAY: Father Jack (NPC) : ARSE!
[19:01:02] SAY: Shitty Bill (NPC) : Got any cola?
[19:02:02] SAY: Father Jack (NPC) : ARSE!
[19:03:34] SAY: Shitty Bill (NPC) : I think my crew died in space.


Starting up. 19:07.33
---------------------

[19:07:38] ADMIN: Loading jobban_rank
[19:07:38] ADMIN: Jobban_keylist was empty
[19:07:38] ADMIN: Updating jobbanfile!
[19:07:38] ADMIN: Loading oocban_rank
[19:07:38] ADMIN: oocban_keylist was empty
[19:07:38] ADMIN: Updating jobbanfile!
ADMIN: slurm = Host
ADMIN: gibbed = Host
ADMIN: stuntwaffle = Host
ADMIN: pantaloons = Host
ADMIN: darsant = Host
ADMIN: nannek = Host
ADMIN: furrychicken = Host
ADMIN: cherkir = Host
ADMIN: exadv1 = Coder
ADMIN: 0staf = Coder
ADMIN: justicefries = Coder
ADMIN: eroticdad = Coder
ADMIN: angriestibm = Coder
ADMIN: hobnob = Coder
ADMIN: enallyniv = Coder
ADMIN: lallander = Coder
ADMIN: keelin = Coder
ADMIN: brianoblivion = Coder
ADMIN: arthurmuggins = Coder
ADMIN: isaidno = Coder
ADMIN: mport2004 = Coder
ADMIN: burntcornmuffin = Coder
ADMIN: ishallriseagain = Coder
ADMIN: lljkmosheninkov = Coder
ADMIN: dropsy = Coder
ADMIN: procitizensa = Coder
ADMIN: drmelon = Coder
ADMIN: halerina = Coder
ADMIN: pacra = Coder
ADMIN: jackmassacre = Coder
ADMIN: jackbox = Coder
ADMIN: infinitemonkeys = Coder
ADMIN: aphtonites = Coder
ADMIN: volundr = Coder
ADMIN: wirewraith = Coder
ADMIN: tobba = Coder
ADMIN: marquesas = Coder
ADMIN: hainesa = Coder
ADMIN: tom = Coder
ADMIN: herrspyguy = Coder
ADMIN: daeren = Coder
ADMIN: conor12 = Coder
ADMIN: convair880 = Coder
[19:07:56] ACCESS: Login: Furry Chicken from 
[19:09:01] ADMIN: Furry Chicken [DEAD] has started the game.
[19:09:01] ACCESS: Login: Furry Chicken [TRAITOR] from 
[19:10:01] SAY: Alien Queen (Furry Chicken) [TRAITOR] : *scream
[19:10:25] ADMIN: Alien Queen (Furry Chicken) [TRAITOR] created a /mob/living/carbon/human/fatherted
[19:10:29] SAY: Shitty Bill (NPC) : Man, I sure miss my bee.
[19:10:39] SAY: Shitty Bill (NPC) : I think my associates died in space.
[19:10:44] SAY: Shitty Bill (NPC) : The hell're you lookin' at, bud?
[19:11:02] SAY: Shitty Bill (NPC) : You a cop?
[19:11:13] SAY: Father Jack (NPC) : FECK!
[19:11:18] SAY: Shitty Bill (NPC) : The hell're you lookin' at, doofus?
[19:11:56] SAY: Shitty Bill (NPC) : Got a light, brud?
[19:12:01] ACCESS: Login: Alien Queen (Furry Chicken) [TRAITOR] [DEAD] from 
[19:12:05] ACCESS: Login: Furry Chicken [TRAITOR] from 
[19:12:08] SAY: Shitty Bill (NPC) : Man, I sure miss my plants.
[19:13:01] SAY: Alien Larva 586 (Furry Chicken) [TRAITOR] : *scream
[19:13:17] SAY: Shitty Bill (NPC) : Man, I sure miss bein' a salvager.
[19:13:42] SAY: Shitty Bill (NPC) : I ever tell you 'bout my accident?
[19:13:47] SAY: Father Jack (NPC) : DRINK!
[19:14:24] SAY: Alien Larva 586 (Furry Chicken) [TRAITOR] : *fart
[19:14:24] SAY: Alien Larva 586 (Furry Chicken) [TRAITOR] : *fart
[19:14:30] SAY: Shitty Bill (NPC) : Oh Christ, it's Donald "Don" Glabs.
[19:14:32] SAY: Shitty Bill (NPC) : Got any space drugs?
[19:15:21] SAY: Shitty Bill (NPC) : Man, I sure miss Ganymede.
[19:15:48] ADMIN: Alien Larva 586 (Furry Chicken) [TRAITOR] deleted Firelock at (<a href='?src=%admin_ref%;action=jumptocoords;target=122,210,1' title='Jump to Coords'>122,210,1</a>)
[19:15:50] ADMIN: Alien Larva 586 (Furry Chicken) [TRAITOR] deleted Crew Quarters B at (<a href='?src=%admin_ref%;action=jumptocoords;target=122,210,1' title='Jump to Coords'>122,210,1</a>)
[19:16:05] ADMIN: Alien Larva 586 (Furry Chicken) [TRAITOR] deleted the maintenance access at (<a href='?src=%admin_ref%;action=jumptocoords;target=121,203,1' title='Jump to Coords'>121,203,1</a>)
[19:16:19] ADMIN: Alien Larva 586 (Furry Chicken) [TRAITOR] jumped to <a href='?src=%admin_ref%;action=jumptocoords;target=122,210,1' title='Jump to Coords'>122,210,1</a> in Crew Quarters B
[19:17:12] SAY: Shitty Bill (NPC) : Nice hair, friend.
[19:17:24] SAY: Alien Drone 46 (Furry Chicken) [TRAITOR] : *scream


Starting up. 19:47.31
---------------------

[19:47:36] ADMIN: Loading jobban_rank
[19:47:36] ADMIN: Jobban_keylist was empty
[19:47:36] ADMIN: Updating jobbanfile!
[19:47:36] ADMIN: Loading oocban_rank
[19:47:36] ADMIN: oocban_keylist was empty
[19:47:36] ADMIN: Updating jobbanfile!
ADMIN: slurm = Host
ADMIN: gibbed = Host
ADMIN: stuntwaffle = Host
ADMIN: pantaloons = Host
ADMIN: darsant = Host
ADMIN: nannek = Host
ADMIN: furrychicken = Host
ADMIN: cherkir = Host
ADMIN: exadv1 = Coder
ADMIN: 0staf = Coder
ADMIN: justicefries = Coder
ADMIN: eroticdad = Coder
ADMIN: angriestibm = Coder
ADMIN: hobnob = Coder
ADMIN: enallyniv = Coder
ADMIN: lallander = Coder
ADMIN: keelin = Coder
ADMIN: brianoblivion = Coder
ADMIN: arthurmuggins = Coder
ADMIN: isaidno = Coder
ADMIN: mport2004 = Coder
ADMIN: burntcornmuffin = Coder
ADMIN: ishallriseagain = Coder
ADMIN: lljkmosheninkov = Coder
ADMIN: dropsy = Coder
ADMIN: procitizensa = Coder
ADMIN: drmelon = Coder
ADMIN: halerina = Coder
ADMIN: pacra = Coder
ADMIN: jackmassacre = Coder
ADMIN: jackbox = Coder
ADMIN: infinitemonkeys = Coder
ADMIN: aphtonites = Coder
ADMIN: volundr = Coder
ADMIN: wirewraith = Coder
ADMIN: tobba = Coder
ADMIN: marquesas = Coder
ADMIN: hainesa = Coder
ADMIN: tom = Coder
ADMIN: herrspyguy = Coder
ADMIN: daeren = Coder
ADMIN: conor12 = Coder
ADMIN: convair880 = Coder
[19:47:52] ACCESS: Login: Furry Chicken from 


Starting up. 19:51.06
---------------------

[19:51:10] ADMIN: Loading jobban_rank
[19:51:10] ADMIN: Jobban_keylist was empty
[19:51:10] ADMIN: Updating jobbanfile!
[19:51:10] ADMIN: Loading oocban_rank
[19:51:10] ADMIN: oocban_keylist was empty
[19:51:10] ADMIN: Updating jobbanfile!
ADMIN: slurm = Host
ADMIN: gibbed = Host
ADMIN: stuntwaffle = Host
ADMIN: pantaloons = Host
ADMIN: darsant = Host
ADMIN: nannek = Host
ADMIN: furrychicken = Host
ADMIN: cherkir = Host
ADMIN: exadv1 = Coder
ADMIN: 0staf = Coder
ADMIN: justicefries = Coder
ADMIN: eroticdad = Coder
ADMIN: angriestibm = Coder
ADMIN: hobnob = Coder
ADMIN: enallyniv = Coder
ADMIN: lallander = Coder
ADMIN: keelin = Coder
ADMIN: brianoblivion = Coder
ADMIN: arthurmuggins = Coder
ADMIN: isaidno = Coder
ADMIN: mport2004 = Coder
ADMIN: burntcornmuffin = Coder
ADMIN: ishallriseagain = Coder
ADMIN: lljkmosheninkov = Coder
ADMIN: dropsy = Coder
ADMIN: procitizensa = Coder
ADMIN: drmelon = Coder
ADMIN: halerina = Coder
ADMIN: pacra = Coder
ADMIN: jackmassacre = Coder
ADMIN: jackbox = Coder
ADMIN: infinitemonkeys = Coder
ADMIN: aphtonites = Coder
ADMIN: volundr = Coder
ADMIN: wirewraith = Coder
ADMIN: tobba = Coder
ADMIN: marquesas = Coder
ADMIN: hainesa = Coder
ADMIN: tom = Coder
ADMIN: herrspyguy = Coder
ADMIN: daeren = Coder
ADMIN: conor12 = Coder
ADMIN: convair880 = Coder
[19:51:24] ACCESS: Login: Furry Chicken from 


Starting up. 19:53.44
---------------------

[19:53:50] ADMIN: Loading jobban_rank
[19:53:50] ADMIN: Jobban_keylist was empty
[19:53:50] ADMIN: Updating jobbanfile!
[19:53:50] ADMIN: Loading oocban_rank
[19:53:50] ADMIN: oocban_keylist was empty
[19:53:50] ADMIN: Updating jobbanfile!
ADMIN: slurm = Host
ADMIN: gibbed = Host
ADMIN: stuntwaffle = Host
ADMIN: pantaloons = Host
ADMIN: darsant = Host
ADMIN: nannek = Host
ADMIN: furrychicken = Host
ADMIN: cherkir = Host
ADMIN: exadv1 = Coder
ADMIN: 0staf = Coder
ADMIN: justicefries = Coder
ADMIN: eroticdad = Coder
ADMIN: angriestibm = Coder
ADMIN: hobnob = Coder
ADMIN: enallyniv = Coder
ADMIN: lallander = Coder
ADMIN: keelin = Coder
ADMIN: brianoblivion = Coder
ADMIN: arthurmuggins = Coder
ADMIN: isaidno = Coder
ADMIN: mport2004 = Coder
ADMIN: burntcornmuffin = Coder
ADMIN: ishallriseagain = Coder
ADMIN: lljkmosheninkov = Coder
ADMIN: dropsy = Coder
ADMIN: procitizensa = Coder
ADMIN: drmelon = Coder
ADMIN: halerina = Coder
ADMIN: pacra = Coder
ADMIN: jackmassacre = Coder
ADMIN: jackbox = Coder
ADMIN: infinitemonkeys = Coder
ADMIN: aphtonites = Coder
ADMIN: volundr = Coder
ADMIN: wirewraith = Coder
ADMIN: tobba = Coder
ADMIN: marquesas = Coder
ADMIN: hainesa = Coder
ADMIN: tom = Coder
ADMIN: herrspyguy = Coder
ADMIN: daeren = Coder
ADMIN: conor12 = Coder
ADMIN: convair880 = Coder
[19:54:08] ACCESS: Login: Furry Chicken from 
