

Starting up. 02:23.56
---------------------

[02:24:03] ADMIN: Loading jobban_rank
[02:24:03] ADMIN: Jobban_keylist was empty
[02:24:03] ADMIN: Updating jobbanfile!
[02:24:03] ADMIN: Loading oocban_rank
[02:24:03] ADMIN: Updating jobbanfile!
Saved mode is 'extended'
ADMIN: furrychicken = Host
ADMIN: cherkir = Host
ADMIN: minimeatwad = Primary Administrator
ADMIN: xenosandboxthesecond = Primary Administrator
ADMIN: jasonvorheese = Secondary Administrator


Starting up. 02:42.05
---------------------

[02:42:12] ADMIN: Loading jobban_rank
[02:42:12] ADMIN: Jobban_keylist was empty
[02:42:12] ADMIN: Updating jobbanfile!
[02:42:12] ADMIN: Loading oocban_rank
[02:42:12] ADMIN: Updating jobbanfile!
Saved mode is 'extended'
ADMIN: furrychicken = Host
ADMIN: cherkir = Host
ADMIN: minimeatwad = Primary Administrator
ADMIN: xenosandboxthesecond = Primary Administrator
ADMIN: jasonvorheese = Secondary Administrator


Starting up. 04:22.14
---------------------

[04:22:21] ADMIN: Loading jobban_rank
[04:22:21] ADMIN: Jobban_keylist was empty
[04:22:21] ADMIN: Updating jobbanfile!
[04:22:21] ADMIN: Loading oocban_rank
[04:22:21] ADMIN: Updating jobbanfile!


Starting up. 04:24.19
---------------------

[04:24:26] ADMIN: Loading jobban_rank
[04:24:26] ADMIN: Jobban_keylist was empty
[04:24:26] ADMIN: Updating jobbanfile!
[04:24:26] ADMIN: Loading oocban_rank
[04:24:26] ADMIN: Updating jobbanfile!
Saved mode is 'extended'
ADMIN: furrychicken = Host
ADMIN: cherkir = Host
ADMIN: minimeatwad = Primary Administrator
ADMIN: xenosandboxthesecond = Primary Administrator
ADMIN: jasonvorheese = Secondary Administrator


Starting up. 21:46.29
---------------------

[21:46:34] ADMIN: Loading jobban_rank
[21:46:34] ADMIN: Jobban_keylist was empty
[21:46:34] ADMIN: Updating jobbanfile!
[21:46:34] ADMIN: Loading oocban_rank
[21:46:34] ADMIN: Updating jobbanfile!
Saved mode is 'extended'
ADMIN: slurm = Host
ADMIN: gibbed = Host
ADMIN: stuntwaffle = Host
ADMIN: pantaloons = Host
ADMIN: darsant = Host
ADMIN: nannek = Host
ADMIN: furrychicken = Host
ADMIN: cherkir = Host
ADMIN: exadv1 = Coder
ADMIN: 0staf = Coder
ADMIN: justicefries = Coder
ADMIN: eroticdad = Coder
ADMIN: angriestibm = Coder
ADMIN: hobnob = Coder
ADMIN: enallyniv = Coder
ADMIN: lallander = Coder
ADMIN: keelin = Coder
ADMIN: brianoblivion = Coder
ADMIN: arthurmuggins = Coder
ADMIN: isaidno = Coder
ADMIN: mport2004 = Coder
ADMIN: burntcornmuffin = Coder
ADMIN: ishallriseagain = Coder
ADMIN: lljkmosheninkov = Coder
ADMIN: dropsy = Coder
ADMIN: procitizensa = Coder
ADMIN: drmelon = Coder
ADMIN: halerina = Coder
ADMIN: pacra = Coder
ADMIN: jackmassacre = Coder
ADMIN: jackbox = Coder
ADMIN: infinitemonkeys = Coder
ADMIN: aphtonites = Coder
ADMIN: volundr = Coder
ADMIN: wirewraith = Coder
ADMIN: tobba = Coder
ADMIN: marquesas = Coder
ADMIN: hainesa = Coder
ADMIN: tom = Coder
ADMIN: herrspyguy = Coder
ADMIN: daeren = Coder
ADMIN: conor12 = Coder
ADMIN: convair880 = Coder
[21:46:57] ACCESS: Login: Furry Chicken from 
[21:47:35] ADMIN: Furry Chicken [DEAD] has started the game.
[21:47:36] ACCESS: Login: Connor Wible (Furry Chicken) from 
[21:47:52] SAY: Shitty Bill (NPC) : I ever tell you 'bout the time I huffed a whole canister fulla laughing gas?


Starting up. 21:49.51
---------------------

[21:49:56] ADMIN: Loading jobban_rank
[21:49:56] ADMIN: Jobban_keylist was empty
[21:49:56] ADMIN: Updating jobbanfile!
[21:49:56] ADMIN: Loading oocban_rank
[21:49:56] ADMIN: Updating jobbanfile!
ADMIN: slurm = Host
ADMIN: gibbed = Host
ADMIN: stuntwaffle = Host
ADMIN: pantaloons = Host
ADMIN: darsant = Host
ADMIN: nannek = Host
ADMIN: furrychicken = Host
ADMIN: cherkir = Host
ADMIN: exadv1 = Coder
ADMIN: 0staf = Coder
ADMIN: justicefries = Coder
ADMIN: eroticdad = Coder
ADMIN: angriestibm = Coder
ADMIN: hobnob = Coder
ADMIN: enallyniv = Coder
ADMIN: lallander = Coder
ADMIN: keelin = Coder
ADMIN: brianoblivion = Coder
ADMIN: arthurmuggins = Coder
ADMIN: isaidno = Coder
ADMIN: mport2004 = Coder
ADMIN: burntcornmuffin = Coder
ADMIN: ishallriseagain = Coder
ADMIN: lljkmosheninkov = Coder
ADMIN: dropsy = Coder
ADMIN: procitizensa = Coder
ADMIN: drmelon = Coder
ADMIN: halerina = Coder
ADMIN: pacra = Coder
ADMIN: jackmassacre = Coder
ADMIN: jackbox = Coder
ADMIN: infinitemonkeys = Coder
ADMIN: aphtonites = Coder
ADMIN: volundr = Coder
ADMIN: wirewraith = Coder
ADMIN: tobba = Coder
ADMIN: marquesas = Coder
ADMIN: hainesa = Coder
ADMIN: tom = Coder
ADMIN: herrspyguy = Coder
ADMIN: daeren = Coder
ADMIN: conor12 = Coder
ADMIN: convair880 = Coder
[21:50:19] ACCESS: Login: Furry Chicken from 
[21:50:40] ADMIN: Furry Chicken [DEAD] has started the game.
[21:50:41] ACCESS: Login: Furry Chicken [TRAITOR] from 
[21:50:51] SAY: Shitty Bill (NPC) : You roll?
[21:51:55] SAY: Father Jack (NPC) : DRINK!
[21:52:00] SAY: Father Jack (NPC) : DRINK!
[21:53:56] SAY: Father Jack (NPC) : DRINK!
[21:54:20] SAY: Shitty Bill (NPC) : You rap?
[21:55:21] SAY: Father Jack (NPC) : DRINK!
[21:56:27] SAY: Shitty Bill (NPC) : Nice hair, Colonel.


Starting up. 22:00.19
---------------------

[22:00:24] ADMIN: Loading jobban_rank
[22:00:24] ADMIN: Jobban_keylist was empty
[22:00:24] ADMIN: Updating jobbanfile!
[22:00:24] ADMIN: Loading oocban_rank
[22:00:24] ADMIN: Updating jobbanfile!
ADMIN: slurm = Host
ADMIN: gibbed = Host
ADMIN: stuntwaffle = Host
ADMIN: pantaloons = Host
ADMIN: darsant = Host
ADMIN: nannek = Host
ADMIN: furrychicken = Host
ADMIN: cherkir = Host
ADMIN: exadv1 = Coder
ADMIN: 0staf = Coder
ADMIN: justicefries = Coder
ADMIN: eroticdad = Coder
ADMIN: angriestibm = Coder
ADMIN: hobnob = Coder
ADMIN: enallyniv = Coder
ADMIN: lallander = Coder
ADMIN: keelin = Coder
ADMIN: brianoblivion = Coder
ADMIN: arthurmuggins = Coder
ADMIN: isaidno = Coder
ADMIN: mport2004 = Coder
ADMIN: burntcornmuffin = Coder
ADMIN: ishallriseagain = Coder
ADMIN: lljkmosheninkov = Coder
ADMIN: dropsy = Coder
ADMIN: procitizensa = Coder
ADMIN: drmelon = Coder
ADMIN: halerina = Coder
ADMIN: pacra = Coder
ADMIN: jackmassacre = Coder
ADMIN: jackbox = Coder
ADMIN: infinitemonkeys = Coder
ADMIN: aphtonites = Coder
ADMIN: volundr = Coder
ADMIN: wirewraith = Coder
ADMIN: tobba = Coder
ADMIN: marquesas = Coder
ADMIN: hainesa = Coder
ADMIN: tom = Coder
ADMIN: herrspyguy = Coder
ADMIN: daeren = Coder
ADMIN: conor12 = Coder
ADMIN: convair880 = Coder
[22:00:51] ACCESS: Login: Furry Chicken from 
[22:01:30] ADMIN: Furry Chicken [DEAD] has started the game.
[22:01:31] ACCESS: Login: Furry Chicken [TRAITOR] from 
[22:01:51] SAY: Father Jack (NPC) : That would be an ecumenical matter.


Starting up. 22:57.15
---------------------

[22:57:21] ADMIN: Loading jobban_rank
[22:57:21] ADMIN: Jobban_keylist was empty
[22:57:21] ADMIN: Updating jobbanfile!
[22:57:21] ADMIN: Loading oocban_rank
[22:57:21] ADMIN: Updating jobbanfile!


Starting up. 22:57.21
---------------------

[22:57:27] ADMIN: Loading jobban_rank
[22:57:27] ADMIN: Jobban_keylist was empty
[22:57:27] ADMIN: Updating jobbanfile!
[22:57:27] ADMIN: Loading oocban_rank
[22:57:27] ADMIN: Updating jobbanfile!
ADMIN: slurm = Host
ADMIN: gibbed = Host
ADMIN: stuntwaffle = Host
ADMIN: pantaloons = Host
ADMIN: darsant = Host
ADMIN: nannek = Host
ADMIN: furrychicken = Host
ADMIN: cherkir = Host
ADMIN: exadv1 = Coder
ADMIN: 0staf = Coder
ADMIN: justicefries = Coder
ADMIN: eroticdad = Coder
ADMIN: angriestibm = Coder
ADMIN: hobnob = Coder
ADMIN: enallyniv = Coder
ADMIN: lallander = Coder
ADMIN: keelin = Coder
ADMIN: brianoblivion = Coder
ADMIN: arthurmuggins = Coder
ADMIN: isaidno = Coder
ADMIN: mport2004 = Coder
ADMIN: burntcornmuffin = Coder
ADMIN: ishallriseagain = Coder
ADMIN: lljkmosheninkov = Coder
ADMIN: dropsy = Coder
ADMIN: procitizensa = Coder
ADMIN: drmelon = Coder
ADMIN: halerina = Coder
ADMIN: pacra = Coder
ADMIN: jackmassacre = Coder
ADMIN: jackbox = Coder
ADMIN: infinitemonkeys = Coder
ADMIN: aphtonites = Coder
ADMIN: volundr = Coder
ADMIN: wirewraith = Coder
ADMIN: tobba = Coder
ADMIN: marquesas = Coder
ADMIN: hainesa = Coder
ADMIN: tom = Coder
ADMIN: herrspyguy = Coder
ADMIN: daeren = Coder
ADMIN: conor12 = Coder
ADMIN: convair880 = Coder
ADMIN: slurm = Host
ADMIN: gibbed = Host
ADMIN: stuntwaffle = Host
ADMIN: pantaloons = Host
ADMIN: darsant = Host
ADMIN: nannek = Host
ADMIN: furrychicken = Host
ADMIN: cherkir = Host
ADMIN: exadv1 = Coder
ADMIN: 0staf = Coder
ADMIN: justicefries = Coder
ADMIN: eroticdad = Coder
ADMIN: angriestibm = Coder
ADMIN: hobnob = Coder
ADMIN: enallyniv = Coder
ADMIN: lallander = Coder
ADMIN: keelin = Coder
ADMIN: brianoblivion = Coder
ADMIN: arthurmuggins = Coder
ADMIN: isaidno = Coder
ADMIN: mport2004 = Coder
ADMIN: burntcornmuffin = Coder
ADMIN: ishallriseagain = Coder
ADMIN: lljkmosheninkov = Coder
ADMIN: dropsy = Coder
ADMIN: procitizensa = Coder
ADMIN: drmelon = Coder
ADMIN: halerina = Coder
ADMIN: pacra = Coder
ADMIN: jackmassacre = Coder
ADMIN: jackbox = Coder
ADMIN: infinitemonkeys = Coder
ADMIN: aphtonites = Coder
ADMIN: volundr = Coder
ADMIN: wirewraith = Coder
ADMIN: tobba = Coder
ADMIN: marquesas = Coder
ADMIN: hainesa = Coder
ADMIN: tom = Coder
ADMIN: herrspyguy = Coder
ADMIN: daeren = Coder
ADMIN: conor12 = Coder
ADMIN: convair880 = Coder
[22:57:51] ACCESS: Login: Furry Chicken from 
[22:57:57] ACCESS: Login: Furry Chicken from 
[23:01:10] ACCESS: Login: Furry Chicken from 


Starting up. 23:03.47
---------------------

[23:03:52] ADMIN: Loading jobban_rank
[23:03:52] ADMIN: Jobban_keylist was empty
[23:03:52] ADMIN: Updating jobbanfile!
[23:03:52] ADMIN: Loading oocban_rank
[23:03:52] ADMIN: Updating jobbanfile!
ADMIN: slurm = Host
ADMIN: gibbed = Host
ADMIN: stuntwaffle = Host
ADMIN: pantaloons = Host
ADMIN: darsant = Host
ADMIN: nannek = Host
ADMIN: furrychicken = Host
ADMIN: cherkir = Host
ADMIN: exadv1 = Coder
ADMIN: 0staf = Coder
ADMIN: justicefries = Coder
ADMIN: eroticdad = Coder
ADMIN: angriestibm = Coder
ADMIN: hobnob = Coder
ADMIN: enallyniv = Coder
ADMIN: lallander = Coder
ADMIN: keelin = Coder
ADMIN: brianoblivion = Coder
ADMIN: arthurmuggins = Coder
ADMIN: isaidno = Coder
ADMIN: mport2004 = Coder
ADMIN: burntcornmuffin = Coder
ADMIN: ishallriseagain = Coder
ADMIN: lljkmosheninkov = Coder
ADMIN: dropsy = Coder
ADMIN: procitizensa = Coder
ADMIN: drmelon = Coder
ADMIN: halerina = Coder
ADMIN: pacra = Coder
ADMIN: jackmassacre = Coder
ADMIN: jackbox = Coder
ADMIN: infinitemonkeys = Coder
ADMIN: aphtonites = Coder
ADMIN: volundr = Coder
ADMIN: wirewraith = Coder
ADMIN: tobba = Coder
ADMIN: marquesas = Coder
ADMIN: hainesa = Coder
ADMIN: tom = Coder
ADMIN: herrspyguy = Coder
ADMIN: daeren = Coder
ADMIN: conor12 = Coder
ADMIN: convair880 = Coder
[23:04:14] ACCESS: Login: Furry Chicken from 
[23:05:13] ACCESS: Login: Furry Chicken from 


Starting up. 23:07.02
---------------------

[23:07:07] ADMIN: Loading jobban_rank
[23:07:07] ADMIN: Jobban_keylist was empty
[23:07:07] ADMIN: Updating jobbanfile!
[23:07:07] ADMIN: Loading oocban_rank
[23:07:07] ADMIN: Updating jobbanfile!
ADMIN: slurm = Host
ADMIN: gibbed = Host
ADMIN: stuntwaffle = Host
ADMIN: pantaloons = Host
ADMIN: darsant = Host
ADMIN: nannek = Host
ADMIN: furrychicken = Host
ADMIN: cherkir = Host
ADMIN: exadv1 = Coder
ADMIN: 0staf = Coder
ADMIN: justicefries = Coder
ADMIN: eroticdad = Coder
ADMIN: angriestibm = Coder
ADMIN: hobnob = Coder
ADMIN: enallyniv = Coder
ADMIN: lallander = Coder
ADMIN: keelin = Coder
ADMIN: brianoblivion = Coder
ADMIN: arthurmuggins = Coder
ADMIN: isaidno = Coder
ADMIN: mport2004 = Coder
ADMIN: burntcornmuffin = Coder
ADMIN: ishallriseagain = Coder
ADMIN: lljkmosheninkov = Coder
ADMIN: dropsy = Coder
ADMIN: procitizensa = Coder
ADMIN: drmelon = Coder
ADMIN: halerina = Coder
ADMIN: pacra = Coder
ADMIN: jackmassacre = Coder
ADMIN: jackbox = Coder
ADMIN: infinitemonkeys = Coder
ADMIN: aphtonites = Coder
ADMIN: volundr = Coder
ADMIN: wirewraith = Coder
ADMIN: tobba = Coder
ADMIN: marquesas = Coder
ADMIN: hainesa = Coder
ADMIN: tom = Coder
ADMIN: herrspyguy = Coder
ADMIN: daeren = Coder
ADMIN: conor12 = Coder
ADMIN: convair880 = Coder
[23:07:31] ACCESS: Login: Furry Chicken from 
[23:07:46] ACCESS: Login: Furry Chicken from 
[23:08:07] ADMIN: Connor Wible (Furry Chicken) [DEAD] has started the game.
[23:08:10] ACCESS: Login: Tmykd the Destroyer (Furry Chicken) from 
[23:08:12] ADMIN: Tmykd the Destroyer (Furry Chicken) [TRAITOR] removed the antagonist status of Tmykd the Destroyer (Furry Chicken) [TRAITOR].
[23:08:12] ADMIN: Tmykd the Destroyer (Furry Chicken) [TRAITOR] removed the antagonist status of Tmykd the Destroyer (Furry Chicken) [TRAITOR].
[23:08:12] ACCESS: Login: Grayson Alekseev (Furry Chicken) from 
[23:08:38] ADMIN: Grayson Alekseev (Furry Chicken) created a /obj/item/crowbar/survivor_crowbar


Starting up. 23:30.10
---------------------

[23:30:15] ADMIN: Loading jobban_rank
[23:30:15] ADMIN: Jobban_keylist was empty
[23:30:15] ADMIN: Updating jobbanfile!
[23:30:15] ADMIN: Loading oocban_rank
[23:30:15] ADMIN: Updating jobbanfile!
ADMIN: slurm = Host
ADMIN: gibbed = Host
ADMIN: stuntwaffle = Host
ADMIN: pantaloons = Host
ADMIN: darsant = Host
ADMIN: nannek = Host
ADMIN: furrychicken = Host
ADMIN: cherkir = Host
ADMIN: exadv1 = Coder
ADMIN: 0staf = Coder
ADMIN: justicefries = Coder
ADMIN: eroticdad = Coder
ADMIN: angriestibm = Coder
ADMIN: hobnob = Coder
ADMIN: enallyniv = Coder
ADMIN: lallander = Coder
ADMIN: keelin = Coder
ADMIN: brianoblivion = Coder
ADMIN: arthurmuggins = Coder
ADMIN: isaidno = Coder
ADMIN: mport2004 = Coder
ADMIN: burntcornmuffin = Coder
ADMIN: ishallriseagain = Coder
ADMIN: lljkmosheninkov = Coder
ADMIN: dropsy = Coder
ADMIN: procitizensa = Coder
ADMIN: drmelon = Coder
ADMIN: halerina = Coder
ADMIN: pacra = Coder
ADMIN: jackmassacre = Coder
ADMIN: jackbox = Coder
ADMIN: infinitemonkeys = Coder
ADMIN: aphtonites = Coder
ADMIN: volundr = Coder
ADMIN: wirewraith = Coder
ADMIN: tobba = Coder
ADMIN: marquesas = Coder
ADMIN: hainesa = Coder
ADMIN: tom = Coder
ADMIN: herrspyguy = Coder
ADMIN: daeren = Coder
ADMIN: conor12 = Coder
ADMIN: convair880 = Coder
[23:30:42] ACCESS: Login: Furry Chicken from 
[23:34:05] ACCESS: Login: Furry Chicken [TRAITOR] from 
[23:34:10] SAY: Shitty Bill (NPC) : Got a light, bud?
