

Starting up. 00:24.11
---------------------

[00:24:17] ADMIN: Loading jobban_rank
[00:24:17] ADMIN: Jobban_keylist was empty
[00:24:17] ADMIN: Updating jobbanfile!
[00:24:17] ADMIN: Loading oocban_rank
[00:24:17] ADMIN: Updating jobbanfile!
Saved mode is 'extended'
ADMIN: furrychicken = Host
ADMIN: cherkir = Host
ADMIN: minimeatwad = Primary Administrator
ADMIN: xenosandboxthesecond = Primary Administrator
ADMIN: jasonvorheese = Secondary Administrator


Starting up. 17:31.13
---------------------

[17:31:18] ADMIN: Loading jobban_rank
[17:31:18] ADMIN: Jobban_keylist was empty
[17:31:18] ADMIN: Updating jobbanfile!
[17:31:18] ADMIN: Loading oocban_rank
[17:31:18] ADMIN: Updating jobbanfile!
ADMIN: slurm = Host
ADMIN: gibbed = Host
ADMIN: stuntwaffle = Host
ADMIN: pantaloons = Host
ADMIN: darsant = Host
ADMIN: nannek = Host
ADMIN: furrychicken = Host
ADMIN: cherkir = Host
ADMIN: exadv1 = Coder
ADMIN: 0staf = Coder
ADMIN: justicefries = Coder
ADMIN: eroticdad = Coder
ADMIN: angriestibm = Coder
ADMIN: hobnob = Coder
ADMIN: enallyniv = Coder
ADMIN: lallander = Coder
ADMIN: keelin = Coder
ADMIN: brianoblivion = Coder
ADMIN: arthurmuggins = Coder
ADMIN: isaidno = Coder
ADMIN: mport2004 = Coder
ADMIN: burntcornmuffin = Coder
ADMIN: ishallriseagain = Coder
ADMIN: lljkmosheninkov = Coder
ADMIN: dropsy = Coder
ADMIN: procitizensa = Coder
ADMIN: drmelon = Coder
ADMIN: halerina = Coder
ADMIN: pacra = Coder
ADMIN: jackmassacre = Coder
ADMIN: jackbox = Coder
ADMIN: infinitemonkeys = Coder
ADMIN: aphtonites = Coder
ADMIN: volundr = Coder
ADMIN: wirewraith = Coder
ADMIN: tobba = Coder
ADMIN: marquesas = Coder
ADMIN: hainesa = Coder
ADMIN: tom = Coder
ADMIN: herrspyguy = Coder
ADMIN: daeren = Coder
ADMIN: conor12 = Coder
ADMIN: convair880 = Coder
[17:31:42] ACCESS: Login: Furry Chicken from 


Starting up. 17:48.38
---------------------

[17:48:44] ADMIN: Loading jobban_rank
[17:48:44] ADMIN: Jobban_keylist was empty
[17:48:44] ADMIN: Updating jobbanfile!
[17:48:44] ADMIN: Loading oocban_rank
[17:48:44] ADMIN: Updating jobbanfile!
ADMIN: slurm = Host
ADMIN: gibbed = Host
ADMIN: stuntwaffle = Host
ADMIN: pantaloons = Host
ADMIN: darsant = Host
ADMIN: nannek = Host
ADMIN: furrychicken = Host
ADMIN: cherkir = Host
ADMIN: exadv1 = Coder
ADMIN: 0staf = Coder
ADMIN: justicefries = Coder
ADMIN: eroticdad = Coder
ADMIN: angriestibm = Coder
ADMIN: hobnob = Coder
ADMIN: enallyniv = Coder
ADMIN: lallander = Coder
ADMIN: keelin = Coder
ADMIN: brianoblivion = Coder
ADMIN: arthurmuggins = Coder
ADMIN: isaidno = Coder
ADMIN: mport2004 = Coder
ADMIN: burntcornmuffin = Coder
ADMIN: ishallriseagain = Coder
ADMIN: lljkmosheninkov = Coder
ADMIN: dropsy = Coder
ADMIN: procitizensa = Coder
ADMIN: drmelon = Coder
ADMIN: halerina = Coder
ADMIN: pacra = Coder
ADMIN: jackmassacre = Coder
ADMIN: jackbox = Coder
ADMIN: infinitemonkeys = Coder
ADMIN: aphtonites = Coder
ADMIN: volundr = Coder
ADMIN: wirewraith = Coder
ADMIN: tobba = Coder
ADMIN: marquesas = Coder
ADMIN: hainesa = Coder
ADMIN: tom = Coder
ADMIN: herrspyguy = Coder
ADMIN: daeren = Coder
ADMIN: conor12 = Coder
ADMIN: convair880 = Coder
[17:49:10] ACCESS: Login: Furry Chicken from 
[17:49:44] ADMIN: Furry Chicken [DEAD] has started the game.
[17:49:45] ACCESS: Login: Furry Chicken [TRAITOR] from 
[17:49:55] SAY: Alien Queen (Furry Chicken) [TRAITOR] : yes
[17:50:14] SAY: Shitty Bill (NPC) : Man, I sure miss the Cloud.
[17:50:20] SAY: Alien Queen (Furry Chicken) [TRAITOR] : *snarl
[17:50:24] SAY: Shitty Bill (NPC) : Got a light, owl man?
[17:50:33] SAY: Alien Queen (Furry Chicken) [TRAITOR] : *rr
[17:50:35] SAY: Alien Queen (Furry Chicken) [TRAITOR] : *rewrwer
[17:50:42] SAY: Shitty Bill (NPC) : You a Synder?
[17:50:45] SAY: Alien Queen (Furry Chicken) [TRAITOR] : *snarl
[17:50:48] SAY: Alien Queen (Furry Chicken) [TRAITOR] : *growol
[17:50:49] SAY: Alien Queen (Furry Chicken) [TRAITOR] : *growl
[17:50:51] SAY: Alien Queen (Furry Chicken) [TRAITOR] : *hiss
[17:50:53] SAY: Alien Queen (Furry Chicken) [TRAITOR] : *roar
[17:50:56] SAY: Alien Queen (Furry Chicken) [TRAITOR] : YES
[17:50:57] SAY: Shitty Bill (NPC) : Man, I sure don't miss Sol.
[17:51:03] SAY: Alien Queen (Furry Chicken) [TRAITOR] : JA, MEIN FUHRER
[17:51:16] ACCESS: Login: Alien Queen (Furry Chicken) [TRAITOR] [DEAD] from 
[17:51:20] SAY: Shitty Bill (NPC) : You a wizman?
[17:51:32] SAY: Shitty Bill (NPC) : Hey chump, gimme yer drugs.
[17:51:34] SAY: Shitty Bill (NPC) : You jam?
[17:51:38] SAY: Father Jack (NPC) : That would be an ecumenical matter.
[17:51:41] SAY: Shitty Bill (NPC) : I ever tell you 'bout the time I found that creepy cave?
[17:51:52] ACCESS: Login: Furry Chicken [TRAITOR] from 
[17:52:05] ADMIN: Alien Larva 369 (Furry Chicken) [TRAITOR] created a /mob/living/carbon/human/fatherjack
[17:52:17] SAY: Alien Larva 369 (Furry Chicken) [TRAITOR] : yes
[17:52:21] SAY: Shitty Bill (NPC) : Got any grease?
[17:52:21] SAY: Father Jack (NPC) : DRINK!
[17:53:11] SAY: Shitty Bill (NPC) : Hey brud, gimme yer jet.
[17:53:33] SAY: Shitty Bill (NPC) : I think my pals are running late.
[17:53:40] SAY: Shitty Bill (NPC) : Whatcha you lookin' at, doofus?
[17:53:54] SAY: Father Jack (NPC) : GIRLS!
[17:54:19] SAY: Shitty Bill (NPC) : Got a light, Colonel?
[17:55:18] ACCESS: Login: Alien Larva 369 (Furry Chicken) [TRAITOR] from 
[17:55:57] SAY: Shitty Bill (NPC) : Got a light, bro?
[17:56:53] SAY: Father Jack (NPC) : DRINK!


Starting up. 18:04.57
---------------------

[18:05:04] ADMIN: Loading jobban_rank
[18:05:04] ADMIN: Jobban_keylist was empty
[18:05:04] ADMIN: Updating jobbanfile!
[18:05:04] ADMIN: Loading oocban_rank
[18:05:04] ADMIN: Updating jobbanfile!
ADMIN: slurm = Host
ADMIN: gibbed = Host
ADMIN: stuntwaffle = Host
ADMIN: pantaloons = Host
ADMIN: darsant = Host
ADMIN: nannek = Host
ADMIN: furrychicken = Host
ADMIN: cherkir = Host
ADMIN: exadv1 = Coder
ADMIN: 0staf = Coder
ADMIN: justicefries = Coder
ADMIN: eroticdad = Coder
ADMIN: angriestibm = Coder
ADMIN: hobnob = Coder
ADMIN: enallyniv = Coder
ADMIN: lallander = Coder
ADMIN: keelin = Coder
ADMIN: brianoblivion = Coder
ADMIN: arthurmuggins = Coder
ADMIN: isaidno = Coder
ADMIN: mport2004 = Coder
ADMIN: burntcornmuffin = Coder
ADMIN: ishallriseagain = Coder
ADMIN: lljkmosheninkov = Coder
ADMIN: dropsy = Coder
ADMIN: procitizensa = Coder
ADMIN: drmelon = Coder
ADMIN: halerina = Coder
ADMIN: pacra = Coder
ADMIN: jackmassacre = Coder
ADMIN: jackbox = Coder
ADMIN: infinitemonkeys = Coder
ADMIN: aphtonites = Coder
ADMIN: volundr = Coder
ADMIN: wirewraith = Coder
ADMIN: tobba = Coder
ADMIN: marquesas = Coder
ADMIN: hainesa = Coder
ADMIN: tom = Coder
ADMIN: herrspyguy = Coder
ADMIN: daeren = Coder
ADMIN: conor12 = Coder
ADMIN: convair880 = Coder
[18:05:48] ACCESS: Login: Furry Chicken from 
[18:08:48] ADMIN: Furry Chicken [DEAD] has started the game.
[18:08:49] ACCESS: Login: Connor Wible (Furry Chicken) from 
[18:10:52] SAY: Father Jack (NPC) : DRINK!
[18:11:13] SAY: Shitty Bill (NPC) : I ever tell you 'bout the time I sold crank to that jellyfish dude?
[18:12:11] SAY: Father Jack (NPC) : ARSE!
[18:12:20] SAY: Shitty Bill (NPC) : Hey buddy, gimme yer dosh.
[18:12:25] SAY: Shitty Bill (NPC) : You a narc?
[18:13:07] SAY: Shitty Bill (NPC) : You a cop?
[18:14:24] SAY: Shitty Bill (NPC) : Nice podd, astronaut.
[18:14:33] SAY: Shitty Bill (NPC) : You a changer?
[18:14:44] SAY: Father Jack (NPC) : GIRLS!
[18:15:23] SAY: Father Jack (NPC) : ARSE!
[18:15:30] SAY: Shitty Bill (NPC) : Man, I sure don't miss bein' the Head Surgeon.
[18:16:40] SAY: Shitty Bill (NPC) : Got any beff?
[18:17:13] SAY: Shitty Bill (NPC) : I think my bruds sent you.
[18:18:42] SAY: Father Jack (NPC) : GIRLS!
[18:20:05] SAY: Shitty Bill (NPC) : Got a light, Colonel?
[18:20:31] SAY: Shitty Bill (NPC) : I think my homebros died in space.
[18:20:40] SAY: Shitty Bill (NPC) : What're you lookin' at, chump?
[18:21:23] SAY: Shitty Bill (NPC) : Yo Father Jack.
[18:21:56] SAY: Shitty Bill (NPC) : You jet?
[18:23:01] SAY: Shitty Bill (NPC) : Got any lexo?
[18:23:09] SAY: Shitty Bill (NPC) : Hello Father Jack.
[18:23:29] SAY: Father Jack (NPC) : That would be an ecumenical matter.


Starting up. 18:39.07
---------------------

[18:39:12] ADMIN: Loading jobban_rank
[18:39:12] ADMIN: Jobban_keylist was empty
[18:39:12] ADMIN: Updating jobbanfile!
[18:39:12] ADMIN: Loading oocban_rank
[18:39:12] ADMIN: Updating jobbanfile!
ADMIN: slurm = Host
ADMIN: gibbed = Host
ADMIN: stuntwaffle = Host
ADMIN: pantaloons = Host
ADMIN: darsant = Host
ADMIN: nannek = Host
ADMIN: furrychicken = Host
ADMIN: cherkir = Host
ADMIN: exadv1 = Coder
ADMIN: 0staf = Coder
ADMIN: justicefries = Coder
ADMIN: eroticdad = Coder
ADMIN: angriestibm = Coder
ADMIN: hobnob = Coder
ADMIN: enallyniv = Coder
ADMIN: lallander = Coder
ADMIN: keelin = Coder
ADMIN: brianoblivion = Coder
ADMIN: arthurmuggins = Coder
ADMIN: isaidno = Coder
ADMIN: mport2004 = Coder
ADMIN: burntcornmuffin = Coder
ADMIN: ishallriseagain = Coder
ADMIN: lljkmosheninkov = Coder
ADMIN: dropsy = Coder
ADMIN: procitizensa = Coder
ADMIN: drmelon = Coder
ADMIN: halerina = Coder
ADMIN: pacra = Coder
ADMIN: jackmassacre = Coder
ADMIN: jackbox = Coder
ADMIN: infinitemonkeys = Coder
ADMIN: aphtonites = Coder
ADMIN: volundr = Coder
ADMIN: wirewraith = Coder
ADMIN: tobba = Coder
ADMIN: marquesas = Coder
ADMIN: hainesa = Coder
ADMIN: tom = Coder
ADMIN: herrspyguy = Coder
ADMIN: daeren = Coder
ADMIN: conor12 = Coder
ADMIN: convair880 = Coder
[18:39:36] ACCESS: Login: Furry Chicken from 
[18:42:53] ACCESS: Login: Connor Wible (Furry Chicken) from 
[18:43:41] SAY: Shitty Bill (NPC) : You a changer?
[18:44:20] SAY: Connor Wible (Furry Chicken) : *scream
[18:44:59] SAY: Shitty Bill (NPC) : Got any burgle?
[18:45:08] SAY: Shitty Bill (NPC) : Got any Dan's?
[18:45:16] SAY: Shitty Bill (NPC) : Nice threads, weirdo.
[18:47:00] SAY: Connor Wible (Furry Chicken) : *scream


Starting up. 18:52.11
---------------------

[18:52:16] ADMIN: Loading jobban_rank
[18:52:16] ADMIN: Jobban_keylist was empty
[18:52:16] ADMIN: Updating jobbanfile!
[18:52:16] ADMIN: Loading oocban_rank
[18:52:16] ADMIN: Updating jobbanfile!
ADMIN: slurm = Host
ADMIN: gibbed = Host
ADMIN: stuntwaffle = Host
ADMIN: pantaloons = Host
ADMIN: darsant = Host
ADMIN: nannek = Host
ADMIN: furrychicken = Host
ADMIN: cherkir = Host
ADMIN: exadv1 = Coder
ADMIN: 0staf = Coder
ADMIN: justicefries = Coder
ADMIN: eroticdad = Coder
ADMIN: angriestibm = Coder
ADMIN: hobnob = Coder
ADMIN: enallyniv = Coder
ADMIN: lallander = Coder
ADMIN: keelin = Coder
ADMIN: brianoblivion = Coder
ADMIN: arthurmuggins = Coder
ADMIN: isaidno = Coder
ADMIN: mport2004 = Coder
ADMIN: burntcornmuffin = Coder
ADMIN: ishallriseagain = Coder
ADMIN: lljkmosheninkov = Coder
ADMIN: dropsy = Coder
ADMIN: procitizensa = Coder
ADMIN: drmelon = Coder
ADMIN: halerina = Coder
ADMIN: pacra = Coder
ADMIN: jackmassacre = Coder
ADMIN: jackbox = Coder
ADMIN: infinitemonkeys = Coder
ADMIN: aphtonites = Coder
ADMIN: volundr = Coder
ADMIN: wirewraith = Coder
ADMIN: tobba = Coder
ADMIN: marquesas = Coder
ADMIN: hainesa = Coder
ADMIN: tom = Coder
ADMIN: herrspyguy = Coder
ADMIN: daeren = Coder
ADMIN: conor12 = Coder
ADMIN: convair880 = Coder
[18:52:51] ACCESS: Login: Furry Chicken from 
[18:53:40] ADMIN: Furry Chicken [DEAD] has started the game.
[18:53:41] ACCESS: Login: Connor Wible (Furry Chicken) from 
[18:54:13] SAY: Father Jack (NPC) : FECK!
[18:54:46] SAY: Shitty Bill (NPC) : Got a light, 'Traser?


Starting up. 18:58.15
---------------------

[18:58:20] ADMIN: Loading jobban_rank
[18:58:20] ADMIN: Jobban_keylist was empty
[18:58:20] ADMIN: Updating jobbanfile!
[18:58:20] ADMIN: Loading oocban_rank
[18:58:20] ADMIN: Updating jobbanfile!
ADMIN: slurm = Host
ADMIN: gibbed = Host
ADMIN: stuntwaffle = Host
ADMIN: pantaloons = Host
ADMIN: darsant = Host
ADMIN: nannek = Host
ADMIN: furrychicken = Host
ADMIN: cherkir = Host
ADMIN: exadv1 = Coder
ADMIN: 0staf = Coder
ADMIN: justicefries = Coder
ADMIN: eroticdad = Coder
ADMIN: angriestibm = Coder
ADMIN: hobnob = Coder
ADMIN: enallyniv = Coder
ADMIN: lallander = Coder
ADMIN: keelin = Coder
ADMIN: brianoblivion = Coder
ADMIN: arthurmuggins = Coder
ADMIN: isaidno = Coder
ADMIN: mport2004 = Coder
ADMIN: burntcornmuffin = Coder
ADMIN: ishallriseagain = Coder
ADMIN: lljkmosheninkov = Coder
ADMIN: dropsy = Coder
ADMIN: procitizensa = Coder
ADMIN: drmelon = Coder
ADMIN: halerina = Coder
ADMIN: pacra = Coder
ADMIN: jackmassacre = Coder
ADMIN: jackbox = Coder
ADMIN: infinitemonkeys = Coder
ADMIN: aphtonites = Coder
ADMIN: volundr = Coder
ADMIN: wirewraith = Coder
ADMIN: tobba = Coder
ADMIN: marquesas = Coder
ADMIN: hainesa = Coder
ADMIN: tom = Coder
ADMIN: herrspyguy = Coder
ADMIN: daeren = Coder
ADMIN: conor12 = Coder
ADMIN: convair880 = Coder
[18:58:45] ACCESS: Login: Furry Chicken from 
[18:59:39] ADMIN: Furry Chicken [DEAD] has started the game.
[18:59:40] ACCESS: Login: Connor Wible (Furry Chicken) from 
[18:59:46] SAY: Shitty Bill (NPC) : You a narc?
[19:00:08] SAY: Shitty Bill (NPC) : Hello Donald "Don" Glabs.
[19:01:48] SAY: Shitty Bill (NPC) : You roll?


Starting up. 19:15.40
---------------------

[19:15:44] ADMIN: Loading jobban_rank
[19:15:44] ADMIN: Jobban_keylist was empty
[19:15:44] ADMIN: Updating jobbanfile!
[19:15:44] ADMIN: Loading oocban_rank
[19:15:44] ADMIN: Updating jobbanfile!
ADMIN: slurm = Host
ADMIN: gibbed = Host
ADMIN: stuntwaffle = Host
ADMIN: pantaloons = Host
ADMIN: darsant = Host
ADMIN: nannek = Host
ADMIN: furrychicken = Host
ADMIN: cherkir = Host
ADMIN: exadv1 = Coder
ADMIN: 0staf = Coder
ADMIN: justicefries = Coder
ADMIN: eroticdad = Coder
ADMIN: angriestibm = Coder
ADMIN: hobnob = Coder
ADMIN: enallyniv = Coder
ADMIN: lallander = Coder
ADMIN: keelin = Coder
ADMIN: brianoblivion = Coder
ADMIN: arthurmuggins = Coder
ADMIN: isaidno = Coder
ADMIN: mport2004 = Coder
ADMIN: burntcornmuffin = Coder
ADMIN: ishallriseagain = Coder
ADMIN: lljkmosheninkov = Coder
ADMIN: dropsy = Coder
ADMIN: procitizensa = Coder
ADMIN: drmelon = Coder
ADMIN: halerina = Coder
ADMIN: pacra = Coder
ADMIN: jackmassacre = Coder
ADMIN: jackbox = Coder
ADMIN: infinitemonkeys = Coder
ADMIN: aphtonites = Coder
ADMIN: volundr = Coder
ADMIN: wirewraith = Coder
ADMIN: tobba = Coder
ADMIN: marquesas = Coder
ADMIN: hainesa = Coder
ADMIN: tom = Coder
ADMIN: herrspyguy = Coder
ADMIN: daeren = Coder
ADMIN: conor12 = Coder
ADMIN: convair880 = Coder
[19:16:11] ACCESS: Login: Furry Chicken from 
[19:16:32] ACCESS: Login: Furry Chicken from 


Starting up. 20:02.29
---------------------

[20:02:33] ADMIN: Loading jobban_rank
[20:02:33] ADMIN: Jobban_keylist was empty
[20:02:33] ADMIN: Updating jobbanfile!
[20:02:33] ADMIN: Loading oocban_rank
[20:02:33] ADMIN: Updating jobbanfile!
ADMIN: slurm = Host
ADMIN: gibbed = Host
ADMIN: stuntwaffle = Host
ADMIN: pantaloons = Host
ADMIN: darsant = Host
ADMIN: nannek = Host
ADMIN: furrychicken = Host
ADMIN: cherkir = Host
ADMIN: exadv1 = Coder
ADMIN: 0staf = Coder
ADMIN: justicefries = Coder
ADMIN: eroticdad = Coder
ADMIN: angriestibm = Coder
ADMIN: hobnob = Coder
ADMIN: enallyniv = Coder
ADMIN: lallander = Coder
ADMIN: keelin = Coder
ADMIN: brianoblivion = Coder
ADMIN: arthurmuggins = Coder
ADMIN: isaidno = Coder
ADMIN: mport2004 = Coder
ADMIN: burntcornmuffin = Coder
ADMIN: ishallriseagain = Coder
ADMIN: lljkmosheninkov = Coder
ADMIN: dropsy = Coder
ADMIN: procitizensa = Coder
ADMIN: drmelon = Coder
ADMIN: halerina = Coder
ADMIN: pacra = Coder
ADMIN: jackmassacre = Coder
ADMIN: jackbox = Coder
ADMIN: infinitemonkeys = Coder
ADMIN: aphtonites = Coder
ADMIN: volundr = Coder
ADMIN: wirewraith = Coder
ADMIN: tobba = Coder
ADMIN: marquesas = Coder
ADMIN: hainesa = Coder
ADMIN: tom = Coder
ADMIN: herrspyguy = Coder
ADMIN: daeren = Coder
ADMIN: conor12 = Coder
ADMIN: convair880 = Coder
[20:03:07] ACCESS: Login: Furry Chicken from 


Starting up. 20:36.23
---------------------

[20:36:28] ADMIN: Loading jobban_rank
[20:36:28] ADMIN: Jobban_keylist was empty
[20:36:28] ADMIN: Updating jobbanfile!
[20:36:28] ADMIN: Loading oocban_rank
[20:36:28] ADMIN: Updating jobbanfile!
ADMIN: slurm = Host
ADMIN: gibbed = Host
ADMIN: stuntwaffle = Host
ADMIN: pantaloons = Host
ADMIN: darsant = Host
ADMIN: nannek = Host
ADMIN: furrychicken = Host
ADMIN: cherkir = Host
ADMIN: exadv1 = Coder
ADMIN: 0staf = Coder
ADMIN: justicefries = Coder
ADMIN: eroticdad = Coder
ADMIN: angriestibm = Coder
ADMIN: hobnob = Coder
ADMIN: enallyniv = Coder
ADMIN: lallander = Coder
ADMIN: keelin = Coder
ADMIN: brianoblivion = Coder
ADMIN: arthurmuggins = Coder
ADMIN: isaidno = Coder
ADMIN: mport2004 = Coder
ADMIN: burntcornmuffin = Coder
ADMIN: ishallriseagain = Coder
ADMIN: lljkmosheninkov = Coder
ADMIN: dropsy = Coder
ADMIN: procitizensa = Coder
ADMIN: drmelon = Coder
ADMIN: halerina = Coder
ADMIN: pacra = Coder
ADMIN: jackmassacre = Coder
ADMIN: jackbox = Coder
ADMIN: infinitemonkeys = Coder
ADMIN: aphtonites = Coder
ADMIN: volundr = Coder
ADMIN: wirewraith = Coder
ADMIN: tobba = Coder
ADMIN: marquesas = Coder
ADMIN: hainesa = Coder
ADMIN: tom = Coder
ADMIN: herrspyguy = Coder
ADMIN: daeren = Coder
ADMIN: conor12 = Coder
ADMIN: convair880 = Coder
[20:36:56] ACCESS: Login: Furry Chicken from 
[20:37:35] ACCESS: Login: Furry Chicken from 
[20:37:48] ADMIN: Connor Wible (Furry Chicken) [DEAD] has started the game.
[20:37:52] ACCESS: Login: Trlashky the Forsaken (Furry Chicken) from 
[20:38:00] ADMIN: Trlashky the Forsaken (Furry Chicken) [TRAITOR] removed the antagonist status of Trlashky the Forsaken (Furry Chicken) [TRAITOR].
[20:38:00] ACCESS: Login: Logan Osterweis (Furry Chicken) from 
[20:38:48] ADMIN: Logan Osterweis (Furry Chicken) created a /obj/item/crowbar/survivor_crowbar
[20:39:08] ADMIN: Logan Osterweis (Furry Chicken) deleted the external airlock at (<a href='?src=%admin_ref%;action=jumptocoords;target=216,180,1' title='Jump to Coords'>216,180,1</a>)
[20:48:21] SAY: Logan Osterweis (Furry Chicken) : *scream
[20:48:31] SAY: Logan Osterweis (Furry Chicken) : *scream
[20:48:31] SAY: Logan Osterweis (Furry Chicken) : *scream
[20:48:31] SAY: Logan Osterweis (Furry Chicken) : *scream
[20:48:41] ADMIN: Logan Osterweis (Furry Chicken) created a /obj/item/xeno/facehugger
[20:48:53] ADMIN: Logan Osterweis (Furry Chicken) created a /obj/item/gun/energy/laser_gun/antique
[20:49:34] ADMIN: Logan Osterweis (Furry Chicken) healed / revived Logan Osterweis (Furry Chicken)
[20:49:39] ADMIN: Logan Osterweis (Furry Chicken) deleted the antique laser gun at (<a href='?src=%admin_ref%;action=jumptocoords;target=0,0,0' title='Jump to Coords'>0,0,0</a>)
[20:49:43] ADMIN: Logan Osterweis (Furry Chicken) deleted the antique laser gun at (<a href='?src=%admin_ref%;action=jumptocoords;target=0,0,0' title='Jump to Coords'>0,0,0</a>)
[20:49:46] SAY: Logan Osterweis (Furry Chicken) : *scream
[20:49:46] SAY: Logan Osterweis (Furry Chicken) : *scream
[20:49:47] SAY: Logan Osterweis (Furry Chicken) : *scream
[20:49:47] SAY: Logan Osterweis (Furry Chicken) : *scream
[20:49:49] SAY: Logan Osterweis (Furry Chicken) : *scream
[20:49:49] SAY: Logan Osterweis (Furry Chicken) : *scream
[20:49:49] SAY: Logan Osterweis (Furry Chicken) : *scream
[20:49:49] SAY: Logan Osterweis (Furry Chicken) : *scream
[20:49:50] SAY: Logan Osterweis (Furry Chicken) : *scream
[20:49:50] SAY: Logan Osterweis (Furry Chicken) : *scream
[20:49:50] SAY: Logan Osterweis (Furry Chicken) : *scream
[20:49:51] SAY: Logan Osterweis (Furry Chicken) : *scream
[20:49:51] SAY: Logan Osterweis (Furry Chicken) : *scream
[20:49:51] SAY: Logan Osterweis (Furry Chicken) : *scream
[20:49:51] SAY: Logan Osterweis (Furry Chicken) : *scream
[20:52:22] SAY: Logan Osterweis (Furry Chicken) : *scream
[20:52:22] SAY: Logan Osterweis (Furry Chicken) : *scream
[20:52:22] SAY: Logan Osterweis (Furry Chicken) : *scream
[20:52:22] SAY: Logan Osterweis (Furry Chicken) : *scream
[20:52:23] SAY: Logan Osterweis (Furry Chicken) : *scream
[20:52:23] SAY: Logan Osterweis (Furry Chicken) : *scream
[20:52:23] SAY: Logan Osterweis (Furry Chicken) : *scream
[20:52:37] SAY: Logan Osterweis (Furry Chicken) : *scream
[20:52:37] SAY: Logan Osterweis (Furry Chicken) : *scream
[20:52:45] SAY: Logan Osterweis (Furry Chicken) : *scream
[20:52:46] SAY: Logan Osterweis (Furry Chicken) : *scream
[20:52:46] SAY: Logan Osterweis (Furry Chicken) : *scream
[20:52:47] SAY: Logan Osterweis (Furry Chicken) : *scream
[20:52:47] SAY: Logan Osterweis (Furry Chicken) : *scream
[20:52:47] SAY: Logan Osterweis (Furry Chicken) : *scream
[20:52:48] SAY: Logan Osterweis (Furry Chicken) : *scream
[20:52:50] SAY: Logan Osterweis (Furry Chicken) : *scream
[20:52:51] SAY: Logan Osterweis (Furry Chicken) : *scream
[20:52:51] SAY: Logan Osterweis (Furry Chicken) : *scream
[20:52:51] SAY: Logan Osterweis (Furry Chicken) : *scream
[20:52:52] SAY: Logan Osterweis (Furry Chicken) : *scream
[20:52:52] SAY: Logan Osterweis (Furry Chicken) : *scream
[20:52:53] SAY: Logan Osterweis (Furry Chicken) : *scream
[20:52:53] SAY: Logan Osterweis (Furry Chicken) : *scream
[20:52:53] SAY: Logan Osterweis (Furry Chicken) : *scream
[20:52:53] SAY: Logan Osterweis (Furry Chicken) : *scream
[20:52:54] SAY: Logan Osterweis (Furry Chicken) : *scream
[20:52:54] SAY: Logan Osterweis (Furry Chicken) : *scream
[20:52:54] SAY: Logan Osterweis (Furry Chicken) : *scream
[20:52:54] SAY: Logan Osterweis (Furry Chicken) : *scream
[20:52:54] SAY: Logan Osterweis (Furry Chicken) : *scream
[20:52:55] SAY: Logan Osterweis (Furry Chicken) : *scream
[20:52:55] SAY: Logan Osterweis (Furry Chicken) : *scream
[20:52:55] SAY: Logan Osterweis (Furry Chicken) : *scream
[20:52:55] SAY: Logan Osterweis (Furry Chicken) : *scream
[20:52:55] SAY: Logan Osterweis (Furry Chicken) : *scream
[20:52:55] SAY: Logan Osterweis (Furry Chicken) : *scream
[20:52:56] SAY: Logan Osterweis (Furry Chicken) : *scream
[20:52:56] SAY: Logan Osterweis (Furry Chicken) : *scream
[20:52:56] SAY: Logan Osterweis (Furry Chicken) : *scream
[20:52:57] SAY: Logan Osterweis (Furry Chicken) : *scream
[20:52:57] SAY: Logan Osterweis (Furry Chicken) : *scream
[20:52:57] SAY: Logan Osterweis (Furry Chicken) : *scream
[20:52:57] SAY: Logan Osterweis (Furry Chicken) : *scream
[20:52:58] SAY: Logan Osterweis (Furry Chicken) : *scream
[20:52:58] SAY: Logan Osterweis (Furry Chicken) : *scream


Starting up. 20:53.51
---------------------

[20:53:56] ADMIN: Loading jobban_rank
[20:53:56] ADMIN: Jobban_keylist was empty
[20:53:56] ADMIN: Updating jobbanfile!
[20:53:56] ADMIN: Loading oocban_rank
[20:53:56] ADMIN: Updating jobbanfile!
ADMIN: slurm = Host
ADMIN: gibbed = Host
ADMIN: stuntwaffle = Host
ADMIN: pantaloons = Host
ADMIN: darsant = Host
ADMIN: nannek = Host
ADMIN: furrychicken = Host
ADMIN: cherkir = Host
ADMIN: exadv1 = Coder
ADMIN: 0staf = Coder
ADMIN: justicefries = Coder
ADMIN: eroticdad = Coder
ADMIN: angriestibm = Coder
ADMIN: hobnob = Coder
ADMIN: enallyniv = Coder
ADMIN: lallander = Coder
ADMIN: keelin = Coder
ADMIN: brianoblivion = Coder
ADMIN: arthurmuggins = Coder
ADMIN: isaidno = Coder
ADMIN: mport2004 = Coder
ADMIN: burntcornmuffin = Coder
ADMIN: ishallriseagain = Coder
ADMIN: lljkmosheninkov = Coder
ADMIN: dropsy = Coder
ADMIN: procitizensa = Coder
ADMIN: drmelon = Coder
ADMIN: halerina = Coder
ADMIN: pacra = Coder
ADMIN: jackmassacre = Coder
ADMIN: jackbox = Coder
ADMIN: infinitemonkeys = Coder
ADMIN: aphtonites = Coder
ADMIN: volundr = Coder
ADMIN: wirewraith = Coder
ADMIN: tobba = Coder
ADMIN: marquesas = Coder
ADMIN: hainesa = Coder
ADMIN: tom = Coder
ADMIN: herrspyguy = Coder
ADMIN: daeren = Coder
ADMIN: conor12 = Coder
ADMIN: convair880 = Coder
[20:54:25] ACCESS: Login: Furry Chicken from 
[20:54:51] ACCESS: Login: Furry Chicken from 
[20:55:38] MHELP: Logan Osterweis (Furry Chicken) MENTORHELP: t
[20:55:41] SAY: Logan Osterweis (Furry Chicken) : *scream
[20:55:41] SAY: Logan Osterweis (Furry Chicken) : *scream
[20:55:41] SAY: Logan Osterweis (Furry Chicken) : *scream
[20:55:41] SAY: Logan Osterweis (Furry Chicken) : *scream
[20:55:42] SAY: Logan Osterweis (Furry Chicken) : *fart
[20:55:43] SAY: Logan Osterweis (Furry Chicken) : *fart
[20:55:43] SAY: Logan Osterweis (Furry Chicken) : *fart
[20:55:43] SAY: Logan Osterweis (Furry Chicken) : *fart
[20:55:44] SAY: Logan Osterweis (Furry Chicken) : *fart
[20:55:44] SAY: Logan Osterweis (Furry Chicken) : *fart
[20:55:44] SAY: Logan Osterweis (Furry Chicken) : *fart
[20:55:44] SAY: Logan Osterweis (Furry Chicken) : *fart
[20:55:44] SAY: Logan Osterweis (Furry Chicken) : *fart
[20:55:44] SAY: Logan Osterweis (Furry Chicken) : *fart
[20:55:45] SAY: Logan Osterweis (Furry Chicken) : *fart
[20:55:45] SAY: Logan Osterweis (Furry Chicken) : *fart
[20:55:45] SAY: Logan Osterweis (Furry Chicken) : *fart
[20:55:45] SAY: Logan Osterweis (Furry Chicken) : *fart
[20:55:45] SAY: Logan Osterweis (Furry Chicken) : *fart
[20:55:46] SAY: Logan Osterweis (Furry Chicken) : *fart
[20:55:46] SAY: Logan Osterweis (Furry Chicken) : *fart
[20:55:46] SAY: Logan Osterweis (Furry Chicken) : *fart
[20:55:46] SAY: Logan Osterweis (Furry Chicken) : *fart
[20:55:46] SAY: Logan Osterweis (Furry Chicken) : *fart
[20:55:46] SAY: Logan Osterweis (Furry Chicken) : *fart
[20:55:46] SAY: Logan Osterweis (Furry Chicken) : *fart
[20:55:48] SAY: Logan Osterweis (Furry Chicken) : *fart
[20:55:49] SAY: Logan Osterweis (Furry Chicken) : *fart
[20:55:49] SAY: Logan Osterweis (Furry Chicken) : *fart
[20:55:49] SAY: Logan Osterweis (Furry Chicken) : *fart
[20:55:49] SAY: Logan Osterweis (Furry Chicken) : *fart
[20:55:49] SAY: Logan Osterweis (Furry Chicken) : *fart
[20:55:50] SAY: Logan Osterweis (Furry Chicken) : *fart
[20:55:50] SAY: Logan Osterweis (Furry Chicken) : *fart
[20:55:50] SAY: Logan Osterweis (Furry Chicken) : *fart
[20:55:50] SAY: Logan Osterweis (Furry Chicken) : *fart
[20:55:50] SAY: Logan Osterweis (Furry Chicken) : *fart
[20:55:51] SAY: Logan Osterweis (Furry Chicken) : *fart
[20:55:51] SAY: Logan Osterweis (Furry Chicken) : *fart
[20:55:51] SAY: Logan Osterweis (Furry Chicken) : *fart
[20:55:51] SAY: Logan Osterweis (Furry Chicken) : *fart
[20:55:51] SAY: Logan Osterweis (Furry Chicken) : *gasp
[20:55:51] SAY: Logan Osterweis (Furry Chicken) : *fart
[20:55:51] SAY: Logan Osterweis (Furry Chicken) : *fart
[20:55:51] SAY: Logan Osterweis (Furry Chicken) : *fart
[20:55:52] SAY: Logan Osterweis (Furry Chicken) : *fart
[20:55:52] SAY: Logan Osterweis (Furry Chicken) : *fart
[20:55:52] SAY: Logan Osterweis (Furry Chicken) : *gasp
[20:55:52] SAY: Logan Osterweis (Furry Chicken) : *gasp
[20:55:52] SAY: Logan Osterweis (Furry Chicken) : *fart
[20:55:52] SAY: Logan Osterweis (Furry Chicken) : *fart
[20:55:52] SAY: Logan Osterweis (Furry Chicken) : *fart
[20:55:52] SAY: Logan Osterweis (Furry Chicken) : *fart
[20:55:52] SAY: Logan Osterweis (Furry Chicken) : *fart
[20:55:53] SAY: Logan Osterweis (Furry Chicken) : *fart
[20:55:53] SAY: Logan Osterweis (Furry Chicken) : *fart
[20:55:53] SAY: Logan Osterweis (Furry Chicken) : *fart
[20:55:53] SAY: Logan Osterweis (Furry Chicken) : *fart
[20:55:53] SAY: Logan Osterweis (Furry Chicken) : *fart
[20:55:53] SAY: Logan Osterweis (Furry Chicken) : *fart
[20:55:54] SAY: Logan Osterweis (Furry Chicken) : *fart
[20:55:54] SAY: Logan Osterweis (Furry Chicken) : *gasp
[20:55:54] SAY: Logan Osterweis (Furry Chicken) : *fart
[20:55:54] SAY: Logan Osterweis (Furry Chicken) : *fart
[20:55:54] SAY: Logan Osterweis (Furry Chicken) : *fart
[20:55:54] SAY: Logan Osterweis (Furry Chicken) : *fart
[20:55:54] SAY: Logan Osterweis (Furry Chicken) : *fart
[20:55:54] SAY: Logan Osterweis (Furry Chicken) : *fart
[20:55:55] SAY: Logan Osterweis (Furry Chicken) : *fart
[20:55:55] SAY: Logan Osterweis (Furry Chicken) : *fart
[20:55:55] SAY: Logan Osterweis (Furry Chicken) : *fart
[20:55:55] SAY: Logan Osterweis (Furry Chicken) : *fart
[20:55:55] SAY: Logan Osterweis (Furry Chicken) : *fart
[20:55:55] SAY: Logan Osterweis (Furry Chicken) : *fart
[20:55:55] SAY: Logan Osterweis (Furry Chicken) : *fart
[20:55:56] SAY: Logan Osterweis (Furry Chicken) : *fart
[20:55:56] SAY: Logan Osterweis (Furry Chicken) : *fart
[20:55:56] SAY: Logan Osterweis (Furry Chicken) : *fart
[20:55:56] SAY: Logan Osterweis (Furry Chicken) : *fart
[20:55:56] SAY: Logan Osterweis (Furry Chicken) : *fart


Starting up. 20:57.19
---------------------

[20:57:25] ADMIN: Loading jobban_rank
[20:57:25] ADMIN: Jobban_keylist was empty
[20:57:25] ADMIN: Updating jobbanfile!
[20:57:25] ADMIN: Loading oocban_rank
[20:57:25] ADMIN: Updating jobbanfile!
ADMIN: slurm = Host
ADMIN: gibbed = Host
ADMIN: stuntwaffle = Host
ADMIN: pantaloons = Host
ADMIN: darsant = Host
ADMIN: nannek = Host
ADMIN: furrychicken = Host
ADMIN: cherkir = Host
ADMIN: exadv1 = Coder
ADMIN: 0staf = Coder
ADMIN: justicefries = Coder
ADMIN: eroticdad = Coder
ADMIN: angriestibm = Coder
ADMIN: hobnob = Coder
ADMIN: enallyniv = Coder
ADMIN: lallander = Coder
ADMIN: keelin = Coder
ADMIN: brianoblivion = Coder
ADMIN: arthurmuggins = Coder
ADMIN: isaidno = Coder
ADMIN: mport2004 = Coder
ADMIN: burntcornmuffin = Coder
ADMIN: ishallriseagain = Coder
ADMIN: lljkmosheninkov = Coder
ADMIN: dropsy = Coder
ADMIN: procitizensa = Coder
ADMIN: drmelon = Coder
ADMIN: halerina = Coder
ADMIN: pacra = Coder
ADMIN: jackmassacre = Coder
ADMIN: jackbox = Coder
ADMIN: infinitemonkeys = Coder
ADMIN: aphtonites = Coder
ADMIN: volundr = Coder
ADMIN: wirewraith = Coder
ADMIN: tobba = Coder
ADMIN: marquesas = Coder
ADMIN: hainesa = Coder
ADMIN: tom = Coder
ADMIN: herrspyguy = Coder
ADMIN: daeren = Coder
ADMIN: conor12 = Coder
ADMIN: convair880 = Coder
[20:58:09] ACCESS: Login: Furry Chicken from 
[20:58:36] ACCESS: Login: Furry Chicken from 
[20:59:02] ADMIN: Connor Wible (Furry Chicken) [DEAD] has started the game.
[20:59:06] ACCESS: Login: Zmsnax the Impaler (Furry Chicken) from 
[20:59:23] ADMIN: Zmsnax the Impaler (Furry Chicken) [TRAITOR] removed the antagonist status of Zmsnax the Impaler (Furry Chicken) [TRAITOR].
[20:59:23] ACCESS: Login: Abraham Wells (Furry Chicken) from 
[20:59:42] ADMIN: Abraham Wells (Furry Chicken) created a /obj/item/crowbar/survivor_crowbar
[21:00:51] ADMIN: Abraham Wells (Furry Chicken) modified maintenance access's operating to -1
[21:02:09] ACCESS: Login: Furry Chicken from 
[21:07:51] ADMIN: Logan Osterweis (Furry Chicken) initiated a reboot.


Starting up. 21:10.03
---------------------

[21:10:09] ADMIN: Loading jobban_rank
[21:10:09] ADMIN: Jobban_keylist was empty
[21:10:09] ADMIN: Updating jobbanfile!
[21:10:09] ADMIN: Loading oocban_rank
[21:10:09] ADMIN: Updating jobbanfile!
ADMIN: slurm = Host
ADMIN: gibbed = Host
ADMIN: stuntwaffle = Host
ADMIN: pantaloons = Host
ADMIN: darsant = Host
ADMIN: nannek = Host
ADMIN: furrychicken = Host
ADMIN: cherkir = Host
ADMIN: exadv1 = Coder
ADMIN: 0staf = Coder
ADMIN: justicefries = Coder
ADMIN: eroticdad = Coder
ADMIN: angriestibm = Coder
ADMIN: hobnob = Coder
ADMIN: enallyniv = Coder
ADMIN: lallander = Coder
ADMIN: keelin = Coder
ADMIN: brianoblivion = Coder
ADMIN: arthurmuggins = Coder
ADMIN: isaidno = Coder
ADMIN: mport2004 = Coder
ADMIN: burntcornmuffin = Coder
ADMIN: ishallriseagain = Coder
ADMIN: lljkmosheninkov = Coder
ADMIN: dropsy = Coder
ADMIN: procitizensa = Coder
ADMIN: drmelon = Coder
ADMIN: halerina = Coder
ADMIN: pacra = Coder
ADMIN: jackmassacre = Coder
ADMIN: jackbox = Coder
ADMIN: infinitemonkeys = Coder
ADMIN: aphtonites = Coder
ADMIN: volundr = Coder
ADMIN: wirewraith = Coder
ADMIN: tobba = Coder
ADMIN: marquesas = Coder
ADMIN: hainesa = Coder
ADMIN: tom = Coder
ADMIN: herrspyguy = Coder
ADMIN: daeren = Coder
ADMIN: conor12 = Coder
ADMIN: convair880 = Coder
[21:10:34] ACCESS: Login: Furry Chicken from 
