

Starting up. 00:10.41
---------------------

[00:10:46] ADMIN: Loading jobban_rank
[00:10:46] ADMIN: Jobban_keylist was empty
[00:10:46] ADMIN: Updating jobbanfile!
[00:10:46] ADMIN: Loading oocban_rank
[00:10:46] ADMIN: Updating jobbanfile!
ADMIN: slurm = Host
ADMIN: gibbed = Host
ADMIN: stuntwaffle = Host
ADMIN: pantaloons = Host
ADMIN: darsant = Host
ADMIN: nannek = Host
ADMIN: furrychicken = Host
ADMIN: cherkir = Host
ADMIN: exadv1 = Coder
ADMIN: 0staf = Coder
ADMIN: justicefries = Coder
ADMIN: eroticdad = Coder
ADMIN: angriestibm = Coder
ADMIN: hobnob = Coder
ADMIN: enallyniv = Coder
ADMIN: lallander = Coder
ADMIN: keelin = Coder
ADMIN: brianoblivion = Coder
ADMIN: arthurmuggins = Coder
ADMIN: isaidno = Coder
ADMIN: mport2004 = Coder
ADMIN: burntcornmuffin = Coder
ADMIN: ishallriseagain = Coder
ADMIN: lljkmosheninkov = Coder
ADMIN: dropsy = Coder
ADMIN: procitizensa = Coder
ADMIN: drmelon = Coder
ADMIN: halerina = Coder
ADMIN: pacra = Coder
ADMIN: jackmassacre = Coder
ADMIN: jackbox = Coder
ADMIN: infinitemonkeys = Coder
ADMIN: aphtonites = Coder
ADMIN: volundr = Coder
ADMIN: wirewraith = Coder
ADMIN: tobba = Coder
ADMIN: marquesas = Coder
ADMIN: hainesa = Coder
ADMIN: tom = Coder
ADMIN: herrspyguy = Coder
ADMIN: daeren = Coder
ADMIN: conor12 = Coder
ADMIN: convair880 = Coder
[00:11:07] ACCESS: Login: Furry Chicken from 


Starting up. 00:16.38
---------------------

[00:16:42] ADMIN: Loading jobban_rank
[00:16:42] ADMIN: Jobban_keylist was empty
[00:16:42] ADMIN: Updating jobbanfile!
[00:16:42] ADMIN: Loading oocban_rank
[00:16:42] ADMIN: Updating jobbanfile!
ADMIN: slurm = Host
ADMIN: gibbed = Host
ADMIN: stuntwaffle = Host
ADMIN: pantaloons = Host
ADMIN: darsant = Host
ADMIN: nannek = Host
ADMIN: furrychicken = Host
ADMIN: cherkir = Host
ADMIN: exadv1 = Coder
ADMIN: 0staf = Coder
ADMIN: justicefries = Coder
ADMIN: eroticdad = Coder
ADMIN: angriestibm = Coder
ADMIN: hobnob = Coder
ADMIN: enallyniv = Coder
ADMIN: lallander = Coder
ADMIN: keelin = Coder
ADMIN: brianoblivion = Coder
ADMIN: arthurmuggins = Coder
ADMIN: isaidno = Coder
ADMIN: mport2004 = Coder
ADMIN: burntcornmuffin = Coder
ADMIN: ishallriseagain = Coder
ADMIN: lljkmosheninkov = Coder
ADMIN: dropsy = Coder
ADMIN: procitizensa = Coder
ADMIN: drmelon = Coder
ADMIN: halerina = Coder
ADMIN: pacra = Coder
ADMIN: jackmassacre = Coder
ADMIN: jackbox = Coder
ADMIN: infinitemonkeys = Coder
ADMIN: aphtonites = Coder
ADMIN: volundr = Coder
ADMIN: wirewraith = Coder
ADMIN: tobba = Coder
ADMIN: marquesas = Coder
ADMIN: hainesa = Coder
ADMIN: tom = Coder
ADMIN: herrspyguy = Coder
ADMIN: daeren = Coder
ADMIN: conor12 = Coder
ADMIN: convair880 = Coder
[00:17:04] ACCESS: Login: Furry Chicken from 
[00:20:19] ACCESS: Login: Connor Wible (Furry Chicken) from 
[00:20:37] SAY: Shitty Bill (NPC) : Got a light, weirdo?
[00:21:50] SAY: Father Jack (NPC) : That would be an ecumenical matter.
[00:21:55] SAY: Shitty Bill (NPC) : Hey pal, gimme yer card.
[00:22:44] SAY: Father Jack (NPC) : That would be an ecumenical matter.
[00:23:30] SAY: Shitty Bill (NPC) : I ever tell you 'bout that time I lost my shovel?
[00:23:42] SAY: Shitty Bill (NPC) : You a Synder?
[00:25:51] SAY: Shitty Bill (NPC) : Got any kelo?
[00:26:28] SAY: Shitty Bill (NPC) : What you lookin' at, brud?
[00:26:42] SAY: Father Jack (NPC) : DRINK!
[00:27:05] SAY: Shitty Bill (NPC) : I ever tell you 'bout my accident?
[00:29:27] SAY: Shitty Bill (NPC) : What up Donald "Don" Glabs.
[00:29:56] SAY: Shitty Bill (NPC) : Man, I sure miss my dad.
[00:31:19] SAY: Shitty Bill (NPC) : You a nerd?
[00:31:51] SAY: Shitty Bill (NPC) : Man, I sure miss bein' the Head Surgeon.
[00:32:17] SAY: Shitty Bill (NPC) : You a beardo?
[00:32:29] SAY: Father Jack (NPC) : GIRLS!
[00:32:34] SAY: Shitty Bill (NPC) : Nice wheels, astronaut.
[00:34:04] SAY: Shitty Bill (NPC) : I ever tell you 'bout that time I learned Sumerian?
[00:34:16] SAY: Father Jack (NPC) : DRINK!
[00:34:56] SAY: Shitty Bill (NPC) : Howdy Donald "Don" Glabs.
[00:35:24] SAY: Shitty Bill (NPC) : What up Donald "Don" Glabs.
[00:35:33] SAY: Shitty Bill (NPC) : I think my crew sent you.
[00:35:51] SAY: Shitty Bill (NPC) : Got a light, dweeb?
[00:36:56] SAY: Father Jack (NPC) : FECK!
[00:37:15] SAY: Shitty Bill (NPC) : What're you lookin' at, friend?
[00:37:39] SAY: Father Jack (NPC) : ARSE!
[00:37:55] SAY: Shitty Bill (NPC) : You a cop?
[00:38:02] SAY: Father Jack (NPC) : That would be an ecumenical matter.
[00:38:06] SAY: Shitty Bill (NPC) : What're you lookin' at, brud?
[00:38:41] SAY: Shitty Bill (NPC) : You a changer?
[00:39:26] SAY: Shitty Bill (NPC) : Nice hair, bucko.
[00:40:55] SAY: Father Jack (NPC) : GIRLS!
[00:41:10] SAY: Father Jack (NPC) : DRINK!
[00:41:57] SAY: Father Jack (NPC) : DRINK!
[00:42:04] SAY: Shitty Bill (NPC) : The hell're you lookin' at, 'Traser?
[00:42:23] SAY: Shitty Bill (NPC) : Howdy Donald "Don" Glabs.
[00:43:12] SAY: Shitty Bill (NPC) : You a cop?
[00:44:06] SAY: Shitty Bill (NPC) : Man, I sure don't miss bein' the Head Surgeon.
[00:44:59] SAY: Shitty Bill (NPC) : You jet?
[00:45:27] SAY: Shitty Bill (NPC) : Hey Father Jack.
[00:46:06] SAY: Father Jack (NPC) : That would be an ecumenical matter.
[00:46:31] SAY: Shitty Bill (NPC) : Got any macho powder?
[00:46:50] SAY: Shitty Bill (NPC) : Hey dweeb, gimme yer jet.
[00:46:59] SAY: Shitty Bill (NPC) : I ever tell you 'bout the King in Yellow?
[00:47:06] SAY: Shitty Bill (NPC) : Nice podd, chump.
[00:47:35] SAY: Shitty Bill (NPC) : Got a light, Colonel?
[00:48:31] SAY: Father Jack (NPC) : GIRLS!
[00:50:02] SAY: Shitty Bill (NPC) : Got a light, bud?
[00:50:13] SAY: Shitty Bill (NPC) : What're you lookin' at, owl man?


Starting up. 14:51.16
---------------------

[14:51:20] ADMIN: Loading jobban_rank
[14:51:20] ADMIN: Jobban_keylist was empty
[14:51:20] ADMIN: Updating jobbanfile!
[14:51:20] ADMIN: Loading oocban_rank
[14:51:20] ADMIN: Updating jobbanfile!
ADMIN: furrychicken = Host
ADMIN: cherkir = Host
ADMIN: jasonvorheese = Primary Admin
ADMIN: minimeatwad = Primary Admin
ADMIN: xenosandboxthesecond = Primary Admin
[14:51:54] ACCESS: Login: Furry Chicken from 
[14:56:16] SAY: Shitty Bill (NPC) : Got a light, nerd?
[14:57:16] SAY: Shitty Bill (NPC) : Man, I sure miss my bees.
[14:57:18] SAY: Shitty Bill (NPC) : The hell you lookin' at, bud?
[14:57:51] SAY: Shitty Bill (NPC) : Got any blotters?
[15:00:41] SAY: Shitty Bill (NPC) : You a narc?
[15:01:20] SAY: Shitty Bill (NPC) : You a robot?
[15:01:30] SAY: Shitty Bill (NPC) : I ever tell you 'bout what really happened in that ice place?
[15:02:14] SAY: Shitty Bill (NPC) : Hey dweeb, gimme yer high fives.
[15:02:16] SAY: Shitty Bill (NPC) : Hey, it's Father Jack.
[15:03:07] SAY: Shitty Bill (NPC) : Man, I sure miss my pal David.
[15:04:10] SAY: Shitty Bill (NPC) : Got any pot?
[15:04:29] SAY: Shitty Bill (NPC) : You jet?
[15:04:43] SAY: Shitty Bill (NPC) : I think my buds died in space.
[15:05:41] SAY: Father Jack (NPC) : That would be an ecumenical matter.
[15:07:32] SAY: Shitty Bill (NPC) : Man, I sure don't miss bein' an operative.
[15:08:35] SAY: Shitty Bill (NPC) : Man, I sure miss Europa Station.
[15:09:41] SAY: Shitty Bill (NPC) : Man, I sure miss Murray.
[15:47:17] SAY: Father Jack (NPC) : DRINK!


Starting up. 15:49.19
---------------------

[15:49:24] ADMIN: Loading jobban_rank
[15:49:24] ADMIN: Jobban_keylist was empty
[15:49:24] ADMIN: Updating jobbanfile!
[15:49:24] ADMIN: Loading oocban_rank
[15:49:24] ADMIN: Updating jobbanfile!
ADMIN: furrychicken = Host
ADMIN: cherkir = Host
ADMIN: jasonvorheese = Primary Admin
ADMIN: minimeatwad = Primary Admin
ADMIN: xenosandboxthesecond = Primary Admin
[15:49:45] ACCESS: Login: Furry Chicken from 
[15:54:23] SAY: Shitty Bill (NPC) : You jam?
[15:54:44] SAY: Shitty Bill (NPC) : Man, I sure miss my dad.
[15:54:47] SAY: Shitty Bill (NPC) : Got any bee food?
[15:55:46] SAY: Shitty Bill (NPC) : I ever tell you 'bout your grampa?
[15:57:34] SAY: Shitty Bill (NPC) : You ride?
[15:58:07] SAY: Shitty Bill (NPC) : You roll?
[15:58:09] SAY: Shitty Bill (NPC) : Hello Donald "Don" Glabs.
[15:59:18] SAY: Shitty Bill (NPC) : Man, I sure don't miss bein' a clown.
[16:01:26] SAY: Shitty Bill (NPC) : What you lookin' at, 'Traser?
[16:01:28] SAY: Shitty Bill (NPC) : Nice hog, dingus.


Starting up. 16:09.20
---------------------

[16:09:25] ADMIN: Loading jobban_rank
[16:09:25] ADMIN: Jobban_keylist was empty
[16:09:25] ADMIN: Updating jobbanfile!
[16:09:25] ADMIN: Loading oocban_rank
[16:09:25] ADMIN: Updating jobbanfile!
ADMIN: furrychicken = Host
ADMIN: cherkir = Host
ADMIN: jasonvorheese = Primary Admin
ADMIN: minimeatwad = Primary Admin
ADMIN: xenosandboxthesecond = Primary Admin
[16:09:48] ACCESS: Login: Furry Chicken from 
[16:11:03] ACCESS: Login: Furry Chicken from 
[16:11:55] ACCESS: Login: Furry Chicken from 
[16:12:11] SAY: Furry Chicken : *scream


Starting up. 17:00.52
---------------------

[17:00:56] ADMIN: Loading jobban_rank
[17:00:56] ADMIN: Jobban_keylist was empty
[17:00:56] ADMIN: Updating jobbanfile!
[17:00:56] ADMIN: Loading oocban_rank
[17:00:56] ADMIN: Updating jobbanfile!
ADMIN: furrychicken = Host
ADMIN: cherkir = Host
ADMIN: jasonvorheese = Primary Admin
ADMIN: minimeatwad = Primary Admin
ADMIN: xenosandboxthesecond = Primary Admin
[17:01:18] ACCESS: Login: Furry Chicken from 
[17:01:57] ACCESS: Login: Connor Wible (Furry Chicken) from 
[17:02:10] ADMIN: Connor Wible (Furry Chicken) [DEAD] has started the game.
[17:02:13] ACCESS: Login: Xnytlato the Tyrant (Furry Chicken) [TRAITOR] [DEAD] from 
[17:02:35] SAY: Father Jack (NPC) : FECK!
[17:02:41] SAY: Xnytlato the Tyrant (Furry Chicken) [TRAITOR] [DEAD] (WRAITH): ahh
[17:02:43] SAY: Xnytlato the Tyrant (Furry Chicken) [TRAITOR] [DEAD] (WRAITH): ayy
[17:03:48] SAY: Shitty Bill (NPC) : I think my bruds stole my key.
[17:03:49] ADMIN: Xnytlato the Tyrant (Furry Chicken) [TRAITOR] [DEAD] removed the antagonist status of Xnytlato the Tyrant (Furry Chicken) [TRAITOR] [DEAD].
[17:03:50] ACCESS: Login: Noel Kiefer (Furry Chicken) from 
[17:04:01] SAY: Noel Kiefer (Furry Chicken) : *scream
[17:04:03] SAY: Noel Kiefer (Furry Chicken) : *scream
[17:04:04] SAY: Noel Kiefer (Furry Chicken) : *scream
[17:04:04] SAY: Noel Kiefer (Furry Chicken) : *scream
[17:04:04] SAY: Noel Kiefer (Furry Chicken) : *scream
[17:04:21] SAY: Noel Kiefer (Furry Chicken) : *scream
[17:04:22] SAY: Noel Kiefer (Furry Chicken) : *scream
[17:04:22] SAY: Noel Kiefer (Furry Chicken) : *scream
[17:04:22] SAY: Noel Kiefer (Furry Chicken) : *scream
[17:04:23] SAY: Noel Kiefer (Furry Chicken) : *scream
[17:04:23] SAY: Noel Kiefer (Furry Chicken) : *scream
[17:04:25] SAY: Noel Kiefer (Furry Chicken) : *roar
[17:04:34] SAY: Shitty Bill (NPC) : Got any astro?
[17:04:41] SAY: Noel Kiefer (Furry Chicken) : *roar
[17:04:44] SAY: Noel Kiefer (Furry Chicken) : *roar
[17:04:46] SAY: Noel Kiefer (Furry Chicken) : *roar
[17:05:01] ADMIN: Noel Kiefer (Furry Chicken) has made Noel Kiefer (Furry Chicken) a human.
[17:05:01] ACCESS: Login: Desmond Fizzlebeef (Furry Chicken) from 
[17:05:10] SAY: Shitty Bill (NPC) : You a narc?
[17:05:40] SAY: Shitty Bill (NPC) : Whoa, it's Donald "Don" Glabs.


Starting up. 17:47.47
---------------------

[17:47:53] ADMIN: Loading jobban_rank
[17:47:53] ADMIN: Jobban_keylist was empty
[17:47:53] ADMIN: Updating jobbanfile!
[17:47:53] ADMIN: Loading oocban_rank
[17:47:53] ADMIN: Updating jobbanfile!
ADMIN: furrychicken = Host
ADMIN: cherkir = Host
ADMIN: jasonvorheese = Primary Admin
ADMIN: minimeatwad = Primary Admin
ADMIN: xenosandboxthesecond = Primary Admin
[17:48:29] ACCESS: Login: Furry Chicken from 


Starting up. 17:53.09
---------------------

[17:53:13] ADMIN: Loading jobban_rank
[17:53:13] ADMIN: Jobban_keylist was empty
[17:53:13] ADMIN: Updating jobbanfile!
[17:53:13] ADMIN: Loading oocban_rank
[17:53:13] ADMIN: Updating jobbanfile!
ADMIN: furrychicken = Host
ADMIN: cherkir = Host
ADMIN: jasonvorheese = Primary Admin
ADMIN: minimeatwad = Primary Admin
ADMIN: xenosandboxthesecond = Primary Admin
[17:53:36] ACCESS: Login: Furry Chicken from 


Starting up. 18:17.39
---------------------

[18:17:44] ADMIN: Loading jobban_rank
[18:17:44] ADMIN: Jobban_keylist was empty
[18:17:44] ADMIN: Updating jobbanfile!
[18:17:44] ADMIN: Loading oocban_rank
[18:17:44] ADMIN: Updating jobbanfile!
ADMIN: furrychicken = Host
ADMIN: cherkir = Host
ADMIN: jasonvorheese = Primary Admin
ADMIN: minimeatwad = Primary Admin
ADMIN: xenosandboxthesecond = Primary Admin
[18:18:08] ACCESS: Login: Furry Chicken from 
[18:19:16] ADMIN: Furry Chicken [DEAD] has started the game.
[18:19:16] ACCESS: Login: Furry Chicken [TRAITOR] from 
[18:19:27] SAY: Alien Queen (Furry Chicken) [TRAITOR] : *scream
[18:19:29] SAY: Alien Queen (Furry Chicken) [TRAITOR] : *roar
[18:19:31] SAY: Alien Queen (Furry Chicken) [TRAITOR] : *roar
[18:19:32] SAY: Alien Queen (Furry Chicken) [TRAITOR] : *roar
[18:19:34] SAY: Alien Queen (Furry Chicken) [TRAITOR] : *roar
[18:19:36] SAY: Alien Queen (Furry Chicken) [TRAITOR] : *roar
[18:19:39] SAY: Alien Queen (Furry Chicken) [TRAITOR] : *roar
[18:19:41] SAY: Alien Queen (Furry Chicken) [TRAITOR] : *roar
[18:19:45] SAY: Alien Queen (Furry Chicken) [TRAITOR] : *roar
[18:19:47] SAY: Alien Queen (Furry Chicken) [TRAITOR] : *roar
[18:19:51] SAY: Alien Queen (Furry Chicken) [TRAITOR] : *roar
[18:20:04] SAY: Shitty Bill (NPC) : Got a light, clown?
[18:20:19] SAY: Alien Queen (Furry Chicken) [TRAITOR] :  a
[18:20:32] SAY: Shitty Bill (NPC) : The hell're you lookin' at, dude?
[18:20:51] SAY: Shitty Bill (NPC) : What the hell are you lookin' at, nerd?
[18:21:45] SAY: Shitty Bill (NPC) : Yo, gimme yer smokes.
[18:21:59] SAY: Father Jack (NPC) : ARSE!
[18:22:06] SAY: Alien Queen (Furry Chicken) [TRAITOR] : byond
[18:22:16] OOC: Alien Queen (Furry Chicken) [TRAITOR] : byond://
[18:22:45] SAY: Alien Queen (Furry Chicken) [TRAITOR] : *scream
[18:22:45] SAY: Alien Queen (Furry Chicken) [TRAITOR] : *scream
[18:22:47] SAY: Alien Queen (Furry Chicken) [TRAITOR] : *roar
[18:23:21] SAY: Alien Queen (Furry Chicken) [TRAITOR] : no
[18:23:25] SAY: Alien Queen (Furry Chicken) [TRAITOR] : not yet
[18:23:41] SAY: Shitty Bill (NPC) : Got a light, bud?
[18:23:57] SAY: Shitty Bill (NPC) : Got any 'roni?
[18:24:02] SAY: Shitty Bill (NPC) : The hell you lookin' at, brud?
[18:24:04] SAY: Shitty Bill (NPC) : Got a light, astronaut?
[18:24:27] SAY: Shitty Bill (NPC) : Got any krok?
[18:24:45] SAY: Shitty Bill (NPC) : You a cop?
[18:24:55] SAY: Shitty Bill (NPC) : Hey buddy, gimme yer dosh.
[18:25:04] SAY: Shitty Bill (NPC) : I think my bros took off.
[18:26:15] SAY: Shitty Bill (NPC) : Hey chump, gimme yer drugs.
[18:26:25] SAY: Shitty Bill (NPC) : Man, I sure miss bein' a wizard.
[18:27:16] SAY: Shitty Bill (NPC) : Got any ciggs?
[18:28:11] SAY: Alien Queen (Furry Chicken) [TRAITOR] : *scream
[18:28:21] SAY: Shitty Bill (NPC) : You a Russian?
[18:28:40] SAY: Shitty Bill (NPC) : Man, I sure miss that round station.
[18:28:54] SAY: Shitty Bill (NPC) : You jam?
[18:29:15] SAY: Shitty Bill (NPC) : You fly?
[18:29:32] SAY: Father Jack (NPC) : FECK!
[18:29:50] SAY: Shitty Bill (NPC) : Nice threads, dude.
[18:30:16] SAY: Shitty Bill (NPC) : Hey pal, gimme yer jet.
[18:31:28] SAY: Shitty Bill (NPC) : Nice hogg, astronaut.
[18:32:31] SAY: Shitty Bill (NPC) : What're you lookin' at, idiot?
[18:32:38] SAY: Shitty Bill (NPC) : Nice hog, Colonel.
[18:32:41] SAY: Shitty Bill (NPC) : You a cop?
[18:33:06] SAY: Father Jack (NPC) : GIRLS!
[18:33:58] SAY: Shitty Bill (NPC) : Sup Father Jack.
[18:34:01] SAY: Shitty Bill (NPC) : Man, I sure don't miss your dad.
[18:34:34] SAY: Shitty Bill (NPC) : I ever tell you 'bout when I found some old keys?
[18:35:18] SAY: Shitty Bill (NPC) : You ride?


Starting up. 18:36.41
---------------------

[18:36:46] ADMIN: Loading jobban_rank
[18:36:46] ADMIN: Jobban_keylist was empty
[18:36:46] ADMIN: Updating jobbanfile!
[18:36:46] ADMIN: Loading oocban_rank
[18:36:46] ADMIN: Updating jobbanfile!
ADMIN: furrychicken = Host
ADMIN: cherkir = Host
ADMIN: jasonvorheese = Primary Admin
ADMIN: minimeatwad = Primary Admin
ADMIN: xenosandboxthesecond = Primary Admin
[18:37:15] ACCESS: Login: Furry Chicken from 
[18:37:24] SAY: Shitty Bill (NPC) : Man, I sure don't miss those damn ghosts.
[18:38:22] SAY: Shitty Bill (NPC) : Whatcha you lookin' at, chump?
[18:38:29] SAY: Father Jack (NPC) : ARSE!
[18:38:58] SAY: Shitty Bill (NPC) : I ever tell you 'bout that time I lost my keys?
[18:39:26] SAY: Shitty Bill (NPC) : Hey, gimme yer dosh.
[18:39:33] SAY: Shitty Bill (NPC) : Man, I sure miss bein' the Head Surgeon.
[18:39:35] SAY: Shitty Bill (NPC) : What you lookin' at, bro?
[18:40:32] ACCESS: Login: Alien Queen (Furry Chicken) [TRAITOR] from 
[18:40:34] SAY: Shitty Bill (NPC) : Hey friendo, gimme yer high fives.
[18:41:38] SAY: Shitty Bill (NPC) : Got a light, beardo?
[18:42:09] SAY: Shitty Bill (NPC) : Nice name, scrub.
[18:42:32] SAY: Shitty Bill (NPC) : Hey Donald "Don" Glabs.
[18:42:44] SAY: Shitty Bill (NPC) : How's it hangin' Donald "Don" Glabs.
[18:43:19] SAY: Shitty Bill (NPC) : Hey dweeb, gimme yer hugs.
[18:44:27] SAY: Father Jack (NPC) : FECK!
[18:44:46] SAY: Shitty Bill (NPC) : Got any cats?
[18:45:14] SAY: Father Jack (NPC) : ARSE!
[18:45:51] SAY: Shitty Bill (NPC) : Got any 420?
[18:46:03] SAY: Shitty Bill (NPC) : I ever tell you 'bout the time I found a box full of bees?
[18:46:20] SAY: Shitty Bill (NPC) : Man, I sure don't miss bein' a Captain.
[18:46:36] SAY: Shitty Bill (NPC) : You smoke?
[18:46:52] SAY: Shitty Bill (NPC) : What're you lookin' at, scrub?
[18:47:20] SAY: Father Jack (NPC) : FECK!
[18:47:27] SAY: Shitty Bill (NPC) : You a robot?
[18:48:14] SAY: Shitty Bill (NPC) : I think my associates left me here.
[18:48:23] SAY: Shitty Bill (NPC) : I think my homies stole my hat.
[18:48:55] SAY: Shitty Bill (NPC) : Got any cats?
[18:49:00] SAY: Shitty Bill (NPC) : Nice wheels, bro.
[18:49:40] SAY: Shitty Bill (NPC) : Hey brud, gimme yer smokes.
[18:50:01] SAY: Shitty Bill (NPC) : Man, I sure don't miss bein' a Captain.
[18:50:18] SAY: Shitty Bill (NPC) : Got a light, friend?
[18:52:41] SAY: Father Jack (NPC) : That would be an ecumenical matter.
[18:53:51] SAY: Father Jack (NPC) : FECK!
[18:54:47] SAY: Alien Queen (Furry Chicken) [TRAITOR] : *snarl
[18:54:53] SAY: Alien Queen (Furry Chicken) [TRAITOR] : *me help
[18:54:58] SAY: Alien Queen (Furry Chicken) [TRAITOR] : *help
[18:55:05] SAY: Shitty Bill (NPC) : I think my buds stole my hat.
[18:55:56] SAY: Shitty Bill (NPC) : Man, I sure don't miss the Syndies.
[18:56:10] ACCESS: Login: Alien Queen (Furry Chicken) [TRAITOR] [DEAD] from 


Starting up. 19:47.07
---------------------

[19:47:11] ADMIN: Loading jobban_rank
[19:47:11] ADMIN: Jobban_keylist was empty
[19:47:11] ADMIN: Updating jobbanfile!
[19:47:11] ADMIN: Loading oocban_rank
[19:47:11] ADMIN: Updating jobbanfile!
ADMIN: furrychicken = Host
ADMIN: cherkir = Host
ADMIN: jasonvorheese = Primary Admin
ADMIN: minimeatwad = Primary Admin
ADMIN: xenosandboxthesecond = Primary Admin
[19:47:39] ACCESS: Login: Furry Chicken from 
[19:47:59] ACCESS: Login: Furry Chicken from 
