

Starting up. 00:37.16
---------------------

[00:37:25] ADMIN: Loading jobban_rank
[00:37:25] ADMIN: Jobban_keylist was empty
[00:37:25] ADMIN: Updating jobbanfile!
[00:37:25] ADMIN: Loading oocban_rank
[00:37:25] ADMIN: oocban_keylist was empty
[00:37:25] ADMIN: Updating jobbanfile!
ADMIN: furrychicken = Host
ADMIN: cherkir = Host
ADMIN: jasonvorheese = Primary Administrator
ADMIN: minimeatwad = Primary Administrator
ADMIN: xenosandboxthesecond = Primary Administrator
ADMIN: exbod = Secondary Administrator
ADMIN: zenek123 = Secondary Administrator
[00:38:14] ACCESS: Login: Nerest13 from 187.182.146.153
[00:38:14] ACCESS: Login: LovesFreedomfries from 138.210.238.160
[00:38:15] ACCESS: Login: Halo9663 from 187.60.45.222
[00:40:15] OOC: LovesFreedomfries : Only three people?
[00:40:38] OOC: Nerest13 : yes
[00:41:01] OOC: LovesFreedomfries : We had fourteen earlier, man was that fun
[00:41:44] ACCESS: Login: Corbin Douglas (LovesFreedomfries) from 138.210.238.160
[00:41:54] ACCESS: Login: Zander Blaine (Nerest13) from 187.182.146.153
[00:43:47] SAY: Shitty Bill (NPC) : Got a light, friend?
[00:44:23] SAY: Shitty Bill (NPC) : I ever tell you 'bout my dad?
[00:44:37] SAY: Father Jack (NPC) : GIRLS!
[00:44:58] SAY: Shitty Bill (NPC) : Hey buddy, gimme yer jet.
[00:44:58] SAY: Zander Blaine (Nerest13) : hi
[00:45:00] SAY: Corbin Douglas (LovesFreedomfries) : Hey
[00:45:17] SAY: Corbin Douglas (LovesFreedomfries) : i'll be in engineering once I become A cyborg
[00:45:25] SAY: Zander Blaine (Nerest13) : ok
[00:45:26] SAY: Shitty Bill (NPC) : Dag, it's Donald "Don" Glabs.
[00:47:04] ACCESS: Login: Aiden Sniper [DEAD] from 98.193.123.213
[00:47:19] SAY: Shitty Bill (NPC) : You a dracula?
[00:47:38] ACCESS: Login: Nathan Green (Halo9663) from 187.60.45.222
[00:47:54] SAY: Shitty Bill (NPC) : Got any Dan's?
[00:47:59] SAY: Shitty Bill (NPC) : You a cop?
[00:48:11] SAY: Father Jack (NPC) : ARSE!
[00:48:16] SAY: Shitty Bill (NPC) : I ever tell you 'bout that sketchy crown I sold?
[00:49:21] SAY: Corbin Douglas (LovesFreedomfries) : beep, beep!
[00:49:24] SAY: Corbin Douglas (LovesFreedomfries) : Boop...bop
[00:49:47] SAY: Corbin Douglas (LovesFreedomfries) : Beep, boop
[00:49:56] SAY: Corbin Douglas (LovesFreedomfries) : I wwwaaannntt tttoo dddiiieeee...
[00:50:08] ACCESS: Login: Cyborg (Robot) (LovesFreedomfries) from 138.210.238.160
[00:50:10] SAY: Shitty Bill (NPC) : You drink?
[00:50:12] SAY: Shitty Bill (NPC) : Got any space drugs?
[00:50:14] SAY: Shitty Bill (NPC) : Hey buddy, gimme yer bees.
[00:51:15] SAY: Shitty Bill (NPC) : Got a light, dingus?
[00:51:23] SAY: Nuts (Robot) (LovesFreedomfries) : hey
[00:51:28] SAY: Nuts (Robot) (LovesFreedomfries) : I got a job for you
[00:51:30] SAY: Nuts (Robot) (LovesFreedomfries) : COme
[00:52:09] SAY: Nuts (Robot) (LovesFreedomfries) : Put these bulbs up in engineering
[00:52:13] SAY: Nuts (Robot) (LovesFreedomfries) : For we can see
[00:52:18] SAY: Shitty Bill (NPC) : What you lookin' at, wirehead?
[00:52:18] SAY: Father Jack (NPC) : That would be an ecumenical matter.
[00:52:20] SAY: Nuts (Robot) (LovesFreedomfries) : in here
[00:52:30] SAY: Father Jack (NPC) : That would be an ecumenical matter.
[00:52:40] SAY: Nuts (Robot) (LovesFreedomfries) : Thanks...
[00:52:53] SAY: Nuts (Robot) (LovesFreedomfries) : Just keep putting these bulbs up in engineering
[00:52:59] SAY: Zander Blaine (Nerest13) : ok
[00:53:05] SAY: Nuts (Robot) (LovesFreedomfries) : Im going to start the engine
[00:53:19] ACCESS: Login: Furry Chicken [DEAD] from 76.122.131.216
[00:53:29] SAY: Shitty Bill (NPC) : Yo Father Jack.
[00:53:32] OOC: Furry Chicken [DEAD] : hey goys
[00:53:40] OOC: Nuts (Robot) (LovesFreedomfries) : Sup
[00:53:52] SAY: Shitty Bill (NPC) : I think my crew took off.
[00:54:23] SAY: Father Jack (NPC) : DRINK!
[00:54:27] OOC: Furry Chicken [DEAD] : hey
[00:54:44] ACCESS: Login: Furry Chicken [DEAD] from 76.122.131.216
[00:55:10] OOC: Aiden Sniper [DEAD] : hi
[00:55:10] ACCESS: Login: space bear (Furry Chicken) from 76.122.131.216
[00:55:14] ADMIN: space bear (Furry Chicken) has made space bear (Furry Chicken) a human.
[00:55:14] ACCESS: Login: Allen Moon (Furry Chicken) from 76.122.131.216
[00:55:19] ACCESS: Login: Furry Chicken from 76.122.131.216
[00:55:24] SAY: Father Jack (NPC) : DRINK!
[00:57:17] SAY: Shitty Bill (NPC) : I think my homies stole my cat.
[00:57:40] SAY: Shitty Bill (NPC) : Nice wheels, clown.
[00:57:43] SAY: Shitty Bill (NPC) : Got any hyper?
[00:57:57] SAY: Shitty Bill (NPC) : Man, I sure miss the Cloud.
[00:58:16] SAY: Shitty Bill (NPC) : How's it hangin' Father Jack.
[00:58:28] SAY: Shitty Bill (NPC) : Man, I sure miss the Rings.
[00:59:29] SAY: Zander Blaine (Nerest13) : e
[00:59:47] SAY: Shitty Bill (NPC) : You a nerd?
[01:00:03] SAY: Shitty Bill (NPC) : I ever tell you 'bout the time I got high with a bee?
[01:00:36] SAY: Shitty Bill (NPC) : Man, I sure don't miss the Syndies.
[01:01:35] ACCESS: Login: Carl Malone (Aiden Sniper) from 98.193.123.213
[01:01:44] SAY: Father Jack (NPC) : FECK!
[01:02:01] SAY: Shitty Bill (NPC) : What you lookin' at, dork?
[01:02:05] SAY: Shitty Bill (NPC) : Man, I sure miss Sol.
[01:02:58] SAY: Shitty Bill (NPC) : Hey brud, gimme yer jet.
[01:03:01] SAY: Alien Drone 910 (Furry Chicken) : *roar
[01:03:17] SAY: Nuts (Robot) (LovesFreedomfries) : yep
[01:03:26] SAY: Nuts (Robot) (LovesFreedomfries) : *scream
[01:03:46] SAY: Nuts (Robot) (LovesFreedomfries) : *scream
[01:04:01] SAY: Shitty Bill (NPC) : Hey friendo, gimme yer high fives.
[01:04:04] SAY: Nathan Green (Halo9663) : are you ok?
[01:04:07] SAY: Nuts (Robot) (LovesFreedomfries) : Im fine
[01:04:20] SAY: Nuts (Robot) (LovesFreedomfries) : pressure got to high WAY to fast
[01:04:24] SAY: Nathan Green (Halo9663) : ok
[01:04:33] SAY: Shitty Bill (NPC) : Got a light, nerd?
[01:06:22] SAY: Zander Blaine (Nerest13) : hi
[01:06:24] SAY: Father Jack (NPC) : GIRLS!
[01:06:28] SAY: Carl Malone (Aiden Sniper) : Hi there
[01:06:39] SAY: Shitty Bill (NPC) : I think my crew stole my cat.
[01:06:51] SAY: Shitty Bill (NPC) : I think my homebros took off.
[01:06:58] SAY: Shitty Bill (NPC) : You jam?
[01:07:01] SAY: Shitty Bill (NPC) : I ever tell you 'bout the time I caught Clown's Syndrome?
[01:07:05] SAY: Shitty Bill (NPC) : Got a light, weirdo?
[01:07:29] SAY: Alien Drone 910 (Furry Chicken) : *roar
[01:07:52] SAY: Alien Drone 910 (Furry Chicken) : *snarl
[01:07:53] SAY: Nuts (Robot) (LovesFreedomfries) : *burp
[01:08:07] SAY: Zander Blaine (Nerest13) : run
[01:08:12] SAY: Zander Blaine (Nerest13) : run
[01:08:18] ADMIN: Alien Drone 910 (Furry Chicken) modified Alien Drone 910's name to Alien Empress
[01:08:20] SAY: Shitty Bill (NPC) : Hey buddy, gimme yer cats.
[01:08:39] ADMIN: Alien Empress (Furry Chicken) modified Alien Drone 910's real_name to Alien Empress
[01:09:35] SAY: Shitty Bill (NPC) : I ever tell you 'bout my old buddy David?
[01:10:08] SAY: Alien Empress (Furry Chicken) : *roar
[01:10:22] SAY: Shitty Bill (NPC) : Got any macho powder?
[01:10:58] SAY: Shitty Bill (NPC) : I ever tell you 'bout what's really out there?
[01:11:07] SAY: Shitty Bill (NPC) : I think my bros got caught.
[01:11:11] ACCESS: Login: Nuts (LovesFreedomfries) [DEAD] from 138.210.238.160
[01:12:04] SAY: Zander Blaine (Nerest13) : mask
[01:12:53] SAY: Alien Empress (Furry Chicken) : *snarl
[01:13:03] ACCESS: Login: Zander Blaine (Nerest13) [DEAD] from 187.182.146.153
[01:13:03] ACCESS: Login: Nerest13 from 187.182.146.153
[01:13:12] SAY: Alien Empress (Furry Chicken) : Larva
[01:13:16] SAY: Alien Empress (Furry Chicken) : I fear my days are numbered
[01:13:20] SAY: Alien Empress (Furry Chicken) : You may have to take over
[01:13:24] SAY: Alien Larva 601 (Nerest13) : ok
[01:13:49] OOC: Nuts (LovesFreedomfries) [DEAD] : so the weeds dont heal?
[01:14:01] OOC: Alien Empress (Furry Chicken) : depends on how serious the damage is
[01:14:02] SAY: Shitty Bill (NPC) : You dance?
[01:14:07] SAY: Alien Empress (Furry Chicken) :  Nevermind
[01:14:10] SAY: Alien Empress (Furry Chicken) :  I seem to be fine
[01:16:14] SAY: Shitty Bill (NPC) : Got any serum?
[01:16:23] SAY: Shitty Bill (NPC) : Man, I sure don't miss bein' uploaded.
[01:16:30] SAY: Shitty Bill (NPC) : What the hell are you lookin' at, flyboy?
[01:17:04] SAY: Nathan Green (Halo9663) : god
[01:17:08] SAY: Nathan Green (Halo9663) : i need drink
[01:17:18] SAY: Shitty Bill (NPC) : Whatcha you lookin' at, weirdo?
[01:17:22] SAY: Alien Drone 600 (Nerest13) : hi
[01:17:37] SAY: Alien Empress (Furry Chicken) : Hey
[01:17:45] SAY: Alien Empress (Furry Chicken) : Find hosts
[01:17:49] SAY: Alien Drone 600 (Nerest13) : ok
[01:18:03] SAY: Shitty Bill (NPC) : You a wizman?
[01:19:10] SAY: Shitty Bill (NPC) : Nice hog, dude.
[01:19:21] SAY: Shitty Bill (NPC) : Man, I sure don't miss the Belt.
[01:20:14] SAY: Father Jack (NPC) : DRINK!
[01:20:16] SAY: Shitty Bill (NPC) : You ride?
[01:20:52] ACCESS: Login: Dra24680 [DEAD] from 104.12.88.128
[01:21:10] SAY: Shitty Bill (NPC) : Man, I sure don't miss the Belt.
[01:21:29] SAY: Shitty Bill (NPC) : Nice hog, weirdo.
[01:21:39] SAY: Shitty Bill (NPC) : Oh hell, it's Donald "Don" Glabs.
[01:21:55] SAY: Shitty Bill (NPC) : You fly?
[01:22:56] SAY: Shitty Bill (NPC) : I think my associates got caught.
[01:23:17] ACCESS: Login: Guest-549513390 [DEAD] from 73.78.19.83
[01:23:57] SAY: Father Jack (NPC) : That would be an ecumenical matter.
[01:24:26] SAY: Shitty Bill (NPC) : You a cop?
[01:24:41] SAY: Shitty Bill (NPC) : Got any Omega?
[01:25:02] SAY: Shitty Bill (NPC) : Man, I sure miss the Cloud.
[01:25:26] ACCESS: Login: CaptinPicard1166 [DEAD] from 99.160.4.91
[01:25:34] ACCESS: Login: Sir Stabby [DEAD] from 101.188.74.116
[01:25:50] OOC: CaptinPicard1166 [DEAD] : why arnt there any security or command roles?
[01:25:57] OOC: Dra24680 [DEAD] : Idk
[01:25:57] SAY: Shitty Bill (NPC) : Whatcha you lookin' at, spaceman?
[01:26:04] SAY: Father Jack (NPC) : That would be an ecumenical matter.
[01:26:07] ACCESS: Login: Anthony Poehl (CaptinPicard1166) from 99.160.4.91
[01:26:10] OOC: Dra24680 [DEAD] : this is a survival station
[01:26:14] ACCESS: Login: Marshall Stough (Dra24680) from 104.12.88.128
[01:26:21] SAY: Shitty Bill (NPC) : Man, I sure don't miss the Belt.
[01:26:36] OOC: Nathan Green (Halo9663) : i think when the station goes on chaos command should evacuate all command staff
[01:26:52] SAY: Shitty Bill (NPC) : Got any macho powder?
[01:28:19] ACCESS: Login: Nickolas Richter (Sir Stabby) from 101.188.74.116
[01:28:24] OOC: Anthony Poehl (CaptinPicard1166) : is every one an allien?
[01:28:34] SAY: Shitty Bill (NPC) : Got any macho powder?
[01:28:49] OOC: Nathan Green (Halo9663) : i am human
[01:29:08] SAY: Nickolas Richter (Sir Stabby) : ;Hello?
[01:29:10] OOC: Anthony Poehl (CaptinPicard1166) : so am i im hiding in plain sight
[01:29:28] SAY: Alien Empress (Furry Chicken) : Any humans?
[01:29:35] SAY: Shitty Bill (NPC) : Nice karma, chump.
[01:29:37] SAY: Alien Drone 600 (Nerest13) : no
[01:29:37] SAY: Shitty Bill (NPC) : I ever tell you 'bout the time I found an alien thing that went to the bathroom for you?
[01:29:40] ACCESS: Login: Zenek123 [DEAD] from 178.42.243.93
[01:30:00] OOC: Anthony Poehl (CaptinPicard1166) : there right here!
[01:30:01] SAY: Nickolas Richter (Sir Stabby) : Hey.
[01:30:05] SAY: Marshall Stough (Dra24680) : Hey.
[01:30:08] SAY: Nickolas Richter (Sir Stabby) : *flip
[01:30:12] ACCESS: Login: Tate Seelig (Zenek123) from 178.42.243.93
[01:30:25] SAY: Tate Seelig (Zenek123) : hello
[01:30:29] OOC: Alien Empress (Furry Chicken) : lol shitty spawn spot
[01:30:33] OOC: Alien Empress (Furry Chicken) : will let you go
[01:30:35] OOC: Tate Seelig (Zenek123) : yep
[01:30:40] OOC: Tate Seelig (Zenek123) : thanks , host
[01:30:51] SAY: Anthony Poehl (CaptinPicard1166) : ;help
[01:31:07] SAY: Nickolas Richter (Sir Stabby) : You know of any other survivors?
[01:31:09] ADMIN: Anthony Poehl (CaptinPicard1166) used adminwho and saw 2 admins.
[01:31:09] ADMIN: Anthony Poehl (CaptinPicard1166) used adminwho and saw 2 admins.
[01:31:10] ADMIN: Anthony Poehl (CaptinPicard1166) used adminwho and saw 2 admins.
[01:31:20] SAY: Anthony Poehl (CaptinPicard1166) : CRAP HELP ME1!!!!!!!!!!!!!!!!!!!!!!!!!!!!!!
[01:31:33] SAY: Nickolas Richter (Sir Stabby) : *scream
[01:31:52] SAY: Shitty Bill (NPC) : Nice hair, dork.
[01:32:02] OOC: Anthony Poehl (CaptinPicard1166) : omg
[01:32:11] SAY: Nickolas Richter (Sir Stabby) : Hello?
[01:32:14] OOC: Anthony Poehl (CaptinPicard1166) : best escape ever
[01:32:21] SAY: Shitty Bill (NPC) : You smoke?
[01:32:26] SAY: Nickolas Richter (Sir Stabby) : ;Testing, testing.
[01:32:30] SAY: Shitty Bill (NPC) : Whatcha you lookin' at, dork?
[01:33:08] SAY: Shitty Bill (NPC) : You smoke?
[01:33:13] OOC: Nathan Green (Halo9663) : i choosed my own &#34;base&#34;
[01:33:34] SAY: Alien Empress (Furry Chicken) :  Human in maintenence
[01:33:36] SAY: Alien Empress (Furry Chicken) :  Go get him
[01:33:49] OOC: Anthony Poehl (CaptinPicard1166) : were your base i escaped by starting waste disposal unit and geting in it
[01:34:03] SAY: Shitty Bill (NPC) : You a beardo?
[01:34:06] SAY: Shitty Bill (NPC) : Got a light, bud?
[01:34:16] OOC: Nathan Green (Halo9663) : nah i am lone wolf in a random location
[01:34:22] SAY: Shitty Bill (NPC) : Got any ecto?
[01:34:27] OOC: Alien Empress (Furry Chicken) : can you guys ick ock less
[01:34:31] OOC: Anthony Poehl (CaptinPicard1166) : come on at lease visit me
[01:34:37] OOC: Tate Seelig (Zenek123) : i want to test something
[01:34:43] OOC: Anthony Poehl (CaptinPicard1166) : fine but radios are down so yeah
[01:34:45] OOC: Tate Seelig (Zenek123) : aw )-:
[01:34:51] OOC: Tate Seelig (Zenek123) : it doesnt work
[01:34:52] OOC: Alien Empress (Furry Chicken) : they&#39;re supposed to be
[01:35:02] OOC: Tate Seelig (Zenek123) : i hoped that you could slip aliens
[01:35:05] OOC: Nickolas Richter (Sir Stabby) : Are station bounced radios disabled too?
[01:35:10] OOC: Alien Empress (Furry Chicken) : yes
[01:35:15] OOC: Tate Seelig (Zenek123) : )-:
[01:35:15] SAY: Shitty Bill (NPC) : Hey dweeb, gimme yer smokes.
[01:35:15] OOC: Anthony Poehl (CaptinPicard1166) : thats unfair!
[01:35:18] SAY: Shitty Bill (NPC) : You a changer?
[01:35:30] SAY: Alien Empress (Furry Chicken) : Excellent work
[01:35:31] OOC: Anthony Poehl (CaptinPicard1166) : you shuold make it to wear we can repair comms
[01:35:36] SAY: Alien Empress (Furry Chicken) : Can you evolve yet?
[01:35:42] SAY: Alien Drone 600 (Nerest13) : no
[01:35:54] OOC: Alien Empress (Furry Chicken) : survivors are intended to be decentrialized, that would make it easier for them to group up
[01:35:55] OOC: Anthony Poehl (CaptinPicard1166) : Halo9663 whats your characters name?
[01:36:02] OOC: Alien Empress (Furry Chicken) : stop fucking icking in my ock
[01:36:07] OOC: Nathan Green (Halo9663) : nathan green
[01:36:15] ADMIN: Alien Empress (Furry Chicken) toggled OOC.
[01:36:19] SAY: Shitty Bill (NPC) : Hey chump, gimme yer keys.
[01:36:35] SAY: Shitty Bill (NPC) : I think my associates left without me.
[01:36:42] ACCESS: Login: Tate Seelig (Zenek123) [DEAD] from 178.42.243.93
[01:36:42] ACCESS: Login: Zenek123 from 178.42.243.93
[01:36:49] ADMIN: Alien Larva 436 (Zenek123) has created an advanced command report: %name% is a faggot
[01:37:03] SAY: Alien Larva 436 (Zenek123) : hi
[01:37:05] SAY: Alien Larva 436 (Zenek123) : queen
[01:37:09] ADMIN: Alien Empress (Furry Chicken) ASAY: please don&#39;t use updates for memes
[01:37:14] SAY: Alien Empress (Furry Chicken) : Hey cuck.
[01:37:14] AHELP: Alien Larva 436 (Zenek123) PM'd Alien Empress (Furry Chicken): k
[01:37:23] SAY: Alien Larva 436 (Zenek123) : hi
[01:37:45] SAY: Alien Sentinel 411 (Nerest13) : hi
[01:37:50] SAY: Alien Larva 436 (Zenek123) : hey
[01:38:16] ADMIN: Alien Larva 436 (Zenek123) toggled Death Confetti on
[01:38:23] ADMIN: Alien Empress (Furry Chicken) ASAY: stop
[01:38:33] ADMIN: Alien Empress (Furry Chicken) toggled Death Confetti off
[01:38:47] AHELP: Alien Larva 436 (Zenek123) PM'd Alien Empress (Furry Chicken): shit ,didint notice i clicked it
[01:38:56] SAY: Father Jack (NPC) : FECK!
[01:39:32] SAY: Shitty Bill (NPC) : How's it hangin' Donald "Don" Glabs.
[01:39:46] SAY: Shitty Bill (NPC) : I think my pals sent you.
[01:40:00] SAY: Shitty Bill (NPC) : You a wizman?
[01:40:11] SAY: Shitty Bill (NPC) : Nice treads, dude.
[01:40:46] SAY: Shitty Bill (NPC) : Got a light, brud?
[01:41:00] SAY: Father Jack (NPC) : FECK!
[01:41:18] SAY: Alien Sentinel 411 (Nerest13) :  larva
[01:41:39] SAY: Shitty Bill (NPC) : You a cop?
[01:41:51] SAY: Father Jack (NPC) : That would be an ecumenical matter.
[01:41:55] SAY: Alien Sentinel 411 (Nerest13) :  where are you
[01:42:24] SAY: Father Jack (NPC) : That would be an ecumenical matter.
[01:42:56] SAY: Nathan Green (Halo9663) : hi
[01:42:56] SAY: Anthony Poehl (CaptinPicard1166) : o hello
[01:43:02] SAY: Shitty Bill (NPC) : Man, I sure miss Mars.
[01:43:11] SAY: Nathan Green (Halo9663) : thats my toolbox
[01:43:14] ACCESS: Login: SWGeek1222 [DEAD] from 173.202.86.237
[01:43:35] SAY: Anthony Poehl (CaptinPicard1166) : i have a half charged laser gun i need to recharge
[01:43:39] SAY: Nathan Green (Halo9663) : i need a air tank
[01:43:54] SAY: Shitty Bill (NPC) : You smoke?
[01:43:55] ACCESS: Login: Phoenix Fraser (SWGeek1222) from 173.202.86.237
[01:43:57] SAY: Anthony Poehl (CaptinPicard1166) : watch this
[01:44:22] SAY: Alien Empress (Furry Chicken) :  HOW DARE HE
[01:44:23] SAY: Anthony Poehl (CaptinPicard1166) : u start it then get in
[01:44:27] SAY: Shitty Bill (NPC) : Got a light, Colonel?
[01:44:29] SAY: Nathan Green (Halo9663) : ok
[01:44:31] ACCESS: Login: Alien Sentinel 411 (Nerest13) [DEAD] from 187.182.146.153
[01:44:34] SAY: Anthony Poehl (CaptinPicard1166) : thats how u get back to base
[01:44:34] SAY: Shitty Bill (NPC) : I think my homies died in space.
[01:44:40] AHELP: Phoenix Fraser (SWGeek1222) HELP: I be stuck
[01:44:43] SAY: Phoenix Fraser (SWGeek1222) : ; Anyone?
[01:44:48] AHELP: Alien Empress (Furry Chicken) PM'd Phoenix Fraser (SWGeek1222): have you tried using your crowbar
[01:44:48] SAY: Nathan Green (Halo9663) : i will get a air tank
[01:44:50] SAY: Anthony Poehl (CaptinPicard1166) : crap misclick
[01:44:54] SAY: Nathan Green (Halo9663) : lets go
[01:44:56] SAY: Anthony Poehl (CaptinPicard1166) : i have one shot left
[01:45:03] SAY: Nathan Green (Halo9663) : well...
[01:45:07] AHELP: Phoenix Fraser (SWGeek1222) PM'd Alien Empress (Furry Chicken): Its a fire barrel
[01:45:08] SAY: Anthony Poehl (CaptinPicard1166) : we need to get to security
[01:45:11] AHELP: Alien Empress (Furry Chicken) PM'd Phoenix Fraser (SWGeek1222): oh, rip
[01:45:17] ACCESS: Login: Alien Empress (Furry Chicken) from 76.122.131.216
[01:45:24] ADMIN: Alien Empress (Furry Chicken) jumped to Phoenix Fraser (SWGeek1222) (<a href='?src=%admin_ref%;action=jumptocoords;target=116,158,1' title='Jump to Coords'>116,158,1</a> in Engineering)
[01:45:30] ADMIN: Alien Empress (Furry Chicken) deleted the burning barrel at (<a href='?src=%admin_ref%;action=jumptocoords;target=117,158,1' title='Jump to Coords'>117,158,1</a>)
[01:45:30] SAY: Anthony Poehl (CaptinPicard1166) : and any valubles we have we send em down here via disposal unit
[01:45:31] SAY: Nathan Green (Halo9663) : ok
[01:45:33] ACCESS: Login: Alien Empress (Furry Chicken) from 76.122.131.216
[01:45:34] ADMIN: Alien Sentinel 411 (Nerest13) [DEAD] used adminwho and saw 1 admins.
[01:45:47] SAY: Father Jack (NPC) : FECK!
[01:45:50] SAY: Nickolas Richter (Sir Stabby) : Hi again.
[01:45:56] SAY: Nathan Green (Halo9663) : i will turn apc off
[01:46:00] SAY: Nathan Green (Halo9663) : so we get him
[01:46:11] SAY: Nathan Green (Halo9663) : but the armoury cant be turned off
[01:46:15] ACCESS: Login: OriginalTheName [DEAD] from 76.125.64.195
[01:46:18] SAY: Nathan Green (Halo9663) : we have to slice wall down
[01:46:33] SAY: Anthony Poehl (CaptinPicard1166) : okay we just need to recharge but extra weapons works
[01:46:37] SAY: Anthony Poehl (CaptinPicard1166) : and also
[01:46:40] SAY: Nathan Green (Halo9663) : ready?
[01:46:47] SAY: Anthony Poehl (CaptinPicard1166) : at the first sight of trouble down the shoot
[01:47:12] SAY: Shitty Bill (NPC) : Got any pot?
[01:47:26] SAY: Shitty Bill (NPC) : Got a light, dude?
[01:47:33] SAY: Alien Sentinel 411 (Nerest13) [DEAD] (GHOST): hi
[01:47:42] ADMIN: Alien Empress (Furry Chicken) DSAY: hey
[01:47:48] ADMIN: Alien Empress (Furry Chicken) DSAY: you can spawn as a facehugger in special verbs
[01:47:59] SAY: Shitty Bill (NPC) : Hey, gimme yer dosh.
[01:48:11] SAY: Phoenix Fraser (SWGeek1222) : Holy
[01:48:14] SAY: Phoenix Fraser (SWGeek1222) : oh my
[01:48:15] SAY: Phoenix Fraser (SWGeek1222) : god
[01:48:17] SAY: Phoenix Fraser (SWGeek1222) : What
[01:48:23] SAY: Shitty Bill (NPC) : You a miner?
[01:48:23] ACCESS: Login: Nerest13 from 187.182.146.153
[01:48:29] SAY: Shitty Bill (NPC) : You a changer?
[01:48:35] ACCESS: Login: Alien Facehugger 50 (Nerest13) [DEAD] from 187.182.146.153
[01:48:37] SAY: Nickolas Richter (Sir Stabby) : *scream
[01:48:40] SAY: Nathan Green (Halo9663) : we have a issue
[01:48:43] SAY: Nickolas Richter (Sir Stabby) : *scream
[01:48:45] SAY: Nathan Green (Halo9663) : you have a welder?
[01:48:49] SAY: Anthony Poehl (CaptinPicard1166) : umm no
[01:48:50] SAY: Shitty Bill (NPC) : Man, I sure miss my bees.
[01:48:53] SAY: Nathan Green (Halo9663) : damn
[01:48:56] ACCESS: Login: Nerest13 from 187.182.146.153
[01:48:59] SAY: Anthony Poehl (CaptinPicard1166) : hang on there proboly one around here
[01:49:38] SAY: Nathan Green (Halo9663) : found
[01:49:42] SAY: Father Jack (NPC) : ARSE!
[01:49:53] ACCESS: Login: Nickolas Richter (Sir Stabby) [DEAD] from 101.188.74.116
[01:49:53] ACCESS: Login: Sir Stabby from 101.188.74.116
[01:50:03] ACCESS: Login: Noobpwnt4lif3 [DEAD] from 73.162.88.88
[01:50:08] SAY: Shitty Bill (NPC) : Dang, it's Donald "Don" Glabs.
[01:50:10] SAY: Nathan Green (Halo9663) : hey
[01:50:13] SAY: Nathan Green (Halo9663) : cover me
[01:50:17] SAY: Shitty Bill (NPC) : Got any stylane?
[01:50:20] SAY: Phoenix Fraser (SWGeek1222) : Waaait
[01:50:23] SAY: Phoenix Fraser (SWGeek1222) : Okay. So
[01:50:25] SAY: Phoenix Fraser (SWGeek1222) : Bye.
[01:50:34] SAY: Alien Larva 890 (Sir Stabby) :  Hello.
[01:50:46] SAY: Alien Larva 890 (Sir Stabby) :  Lets get those fucking humies.
[01:50:47] SAY: Nathan Green (Halo9663) : take that rods
[01:50:51] SAY: Alien Facehugger 194 (Nerest13) :  hi
[01:50:57] SAY: Father Jack (NPC) : DRINK!
[01:50:59] SAY: Phoenix Fraser (SWGeek1222) : Time to escape those things
[01:51:08] SAY: Phoenix Fraser (SWGeek1222) : Finally, I'm safe
[01:51:11] SAY: Nathan Green (Halo9663) : god
[01:51:15] SAY: Anthony Poehl (CaptinPicard1166) : shsssss
[01:51:16] SAY: Shitty Bill (NPC) : The hell you lookin' at, buddy?
[01:51:17] SAY: Anthony Poehl (CaptinPicard1166) : what?
[01:51:25] SAY: Anthony Poehl (CaptinPicard1166) : hack the door!
[01:51:32] SAY: Nathan Green (Halo9663) : i think they are coming
[01:51:40] SAY: Anthony Poehl (CaptinPicard1166) : go to the chute!
[01:51:42] SAY: Anthony Poehl (CaptinPicard1166) : now!
[01:51:47] SAY: Nathan Green (Halo9663) : ok
[01:51:47] SAY: Anthony Poehl (CaptinPicard1166) : go go go
[01:51:57] SAY: Shitty Bill (NPC) : Nice karma, chump.
[01:51:59] SAY: Alien Empress (Furry Chicken) : *fart
[01:52:03] SAY: Anthony Poehl (CaptinPicard1166) : get in'
[01:52:08] SAY: Shitty Bill (NPC) : I ever tell you 'bout the time I found that creepy cave?
[01:52:32] SAY: Shitty Bill (NPC) : Nice pod, doofus.
[01:52:48] ACCESS: Login: TheAlmightyCzar [DEAD] from 107.130.202.129
[01:52:51] SAY: Anthony Poehl (CaptinPicard1166) : yes!
[01:52:58] SAY: Shitty Bill (NPC) : I ever tell you 'bout the time I helped some weird dudes build some little beepin' robots?
[01:53:03] SAY: Anthony Poehl (CaptinPicard1166) : see it works great
[01:53:06] SAY: Nathan Green (Halo9663) : yes
[01:53:20] SAY: Anthony Poehl (CaptinPicard1166) : now all we need is a rcd so wall of this whole are and seal us in
[01:53:27] SAY: Nathan Green (Halo9663) : i got
[01:53:30] SAY: Nathan Green (Halo9663) : the RCD
[01:53:34] SAY: Anthony Poehl (CaptinPicard1166) : you do!
[01:53:42] SAY: Nathan Green (Halo9663) : yes
[01:53:44] SAY: Anthony Poehl (CaptinPicard1166) : let me see
[01:53:46] SAY: Shitty Bill (NPC) : You a beardo?
[01:53:58] SAY: Anthony Poehl (CaptinPicard1166) : its beutifal
[01:54:01] SAY: Nathan Green (Halo9663) : yes
[01:54:06] SAY: Shitty Bill (NPC) : You a robot?
[01:54:29] SAY: Nathan Green (Halo9663) : great
[01:55:09] SAY: Father Jack (NPC) : That would be an ecumenical matter.
[01:55:32] SAY: Nathan Green (Halo9663) : take
[01:55:49] ACCESS: Login: Alden Mitchell (Noobpwnt4lif3) from 73.162.88.88
[01:55:59] SAY: Anthony Poehl (CaptinPicard1166) : here is our storage
[01:56:08] SAY: Nathan Green (Halo9663) : yes
[01:56:33] SAY: Anthony Poehl (CaptinPicard1166) : i think were safe
[01:56:37] SAY: Nathan Green (Halo9663) : yes
[01:56:44] SAY: Nathan Green (Halo9663) : we need some food
[01:56:52] SAY: Anthony Poehl (CaptinPicard1166) : yes and more suplys
[01:57:00] SAY: Nathan Green (Halo9663) : yes
[01:57:01] SAY: Anthony Poehl (CaptinPicard1166) : how about we search enginering
[01:57:12] SAY: Nathan Green (Halo9663) : there nothing valuable
[01:57:17] SAY: Nathan Green (Halo9663) : only mask and such
[01:57:19] SAY: Anthony Poehl (CaptinPicard1166) : true
[01:57:22] SAY: Nathan Green (Halo9663) : everything is burned
[01:57:27] SAY: Anthony Poehl (CaptinPicard1166) : true
[01:57:29] SAY: Nathan Green (Halo9663) : the cyborg destroyed
[01:57:42] SAY: Anthony Poehl (CaptinPicard1166) : wait is it posible to remotly controll a cyborg
[01:57:45] ACCESS: Login: Phoenix Fraser (SWGeek1222) [DEAD] from 173.202.86.237
[01:57:48] SAY: Nathan Green (Halo9663) : no
[01:57:57] SAY: Nathan Green (Halo9663) : we can get to armory again
[01:58:00] SAY: Nathan Green (Halo9663) : lets go?
[01:58:09] SAY: Anthony Poehl (CaptinPicard1166) : hang on put stuff in suply room
[01:58:18] ACCESS: Login: SWGeek1222 from 173.202.86.237
[01:58:31] SAY: Anthony Poehl (CaptinPicard1166) : k lets go
[01:58:58] SAY: Anthony Poehl (CaptinPicard1166) : take every thing
[01:59:05] ACCESS: Login: Igniscorvus [DEAD] from 217.61.226.216
[01:59:10] ACCESS: Login: Ignis King (Igniscorvus) from 217.61.226.216
[01:59:29] SAY: Anthony Poehl (CaptinPicard1166) : food
[01:59:31] SAY: Nathan Green (Halo9663) : lets go
[01:59:33] SAY: Nathan Green (Halo9663) : armory
[01:59:48] SAY: Nathan Green (Halo9663) : if we look the armory we gonna be invecible
[01:59:52] SAY: Nathan Green (Halo9663) : loot
[01:59:55] SAY: Nathan Green (Halo9663) : lets go fast
[01:59:56] SAY: Anthony Poehl (CaptinPicard1166) : dude
[02:00:01] SAY: Anthony Poehl (CaptinPicard1166) : wait
[02:00:18] SAY: Shitty Bill (NPC) : I think my homies stole my hat.
[02:00:27] SAY: Shitty Bill (NPC) : You smoke?
[02:00:32] ACCESS: Login: Alien Facehugger 611 (SWGeek1222) [DEAD] from 173.202.86.237
[02:00:33] SAY: Anthony Poehl (CaptinPicard1166) : hurry
[02:00:40] ADMIN: Alien Facehugger 611 (SWGeek1222) [DEAD] used adminwho and saw 1 admins.
[02:01:14] SAY: Shitty Bill (NPC) : Man, I sure miss bein' a wizard.
[02:01:16] ACCESS: Login: Alien Facehugger 611 (SWGeek1222) [DEAD] from 173.202.86.237
[02:01:23] SAY: Nathan Green (Halo9663) : wait
[02:01:26] SAY: Shitty Bill (NPC) : Man, I sure miss the Cloud.
[02:01:42] ACCESS: Login: Alien Facehugger 611 (SWGeek1222) [DEAD] from 173.202.86.237
[02:01:47] SAY: Shitty Bill (NPC) : I ever tell you 'bout my secret stash?
[02:01:47] SAY: Father Jack (NPC) : That would be an ecumenical matter.
[02:01:59] SAY: Nathan Green (Halo9663) : lets go
[02:02:29] ACCESS: Login: Alien Facehugger 611 (SWGeek1222) [DEAD] from 173.202.86.237
[02:02:49] AHELP: Alien Facehugger 611 (SWGeek1222) [DEAD] HELP: Is the Alien Empress a player?
[02:02:56] ACCESS: Login: Alien Facehugger 611 (SWGeek1222) [DEAD] from 173.202.86.237
[02:03:21] SAY: Shitty Bill (NPC) : I think my homies stole my hat.
[02:03:32] SAY: Father Jack (NPC) : That would be an ecumenical matter.
[02:03:37] SAY: Shitty Bill (NPC) : Got a light, brud?
[02:03:58] SAY: Anthony Poehl (CaptinPicard1166) : we need to open these
[02:04:00] AHELP: Alien Empress (Furry Chicken) PM'd Alien Facehugger 611 (SWGeek1222) [DEAD]: yes
[02:04:07] AHELP: Alien Facehugger 611 (SWGeek1222) [DEAD] PM'd Alien Empress (Furry Chicken): NICEEE, you added it in today?
[02:04:08] SAY: Nathan Green (Halo9663) : i cant open
[02:04:32] AHELP: Alien Empress (Furry Chicken) PM'd Alien Facehugger 611 (SWGeek1222) [DEAD]: it's always been in, but since it's functionally identically to the queen rn aside from damage and plasma values, it's not an evolution
[02:04:46] AHELP: Alien Facehugger 611 (SWGeek1222) [DEAD] PM'd Alien Empress (Furry Chicken): Then how is it a player???
[02:05:25] AHELP: Alien Empress (Furry Chicken) PM'd Alien Facehugger 611 (SWGeek1222) [DEAD]: there were no aliens and a lot of survivors so I made one
[02:05:29] SAY: Anthony Poehl (CaptinPicard1166) : open the casses
[02:05:33] SAY: Nathan Green (Halo9663) : i cant
[02:05:38] SAY: Nathan Green (Halo9663) : need acess
[02:05:43] SAY: Anthony Poehl (CaptinPicard1166) : well just keep hiting them
[02:05:51] ACCESS: Login: Pay2winFree2lose [DEAD] from 207.194.128.140
[02:06:05] SAY: Shitty Bill (NPC) : Got any grease?
[02:06:50] SAY: Nathan Green (Halo9663) : wait
[02:06:52] SAY: Shitty Bill (NPC) : Nice threads, pal.
[02:06:57] SAY: Shitty Bill (NPC) : You a Russian?
[02:07:07] ACCESS: Login: Goodwin Stewart (Pay2winFree2lose) from 207.194.128.140
[02:07:11] SAY: Anthony Poehl (CaptinPicard1166) : i swear
[02:07:38] SAY: Nathan Green (Halo9663) : SSD is coming
[02:08:18] SAY: Nathan Green (Halo9663) : who are you?
[02:08:44] SAY: Shitty Bill (NPC) : You rhyme?
[02:09:50] SAY: Shitty Bill (NPC) : Got any pips?
[02:09:54] SAY: Shitty Bill (NPC) : What the hell are you lookin' at, dork?
[02:09:57] SAY: Marshall Stough (Dra24680) : I am,
[02:10:02] SAY: Father Jack (NPC) : GIRLS!
[02:10:03] SAY: Marshall Stough (Dra24680) : Marshall Stough
[02:10:24] SAY: Anthony Poehl (CaptinPicard1166) : couldnt get cuffs
[02:10:38] SAY: Shitty Bill (NPC) : You a Russian?
[02:10:49] SAY: Shitty Bill (NPC) : Nice hogg, buddy.
[02:11:09] SAY: Shitty Bill (NPC) : Man, I sure don't miss Earth.
[02:11:17] SAY: Anthony Poehl (CaptinPicard1166) : what are u doing here?
[02:11:27] SAY: Shitty Bill (NPC) : The hell're you lookin' at, dude?
[02:11:37] SAY: Shitty Bill (NPC) : Hey buddy, gimme yer card.
[02:11:56] SAY: Shitty Bill (NPC) : Hey buddy, gimme yer keys.
[02:12:10] SAY: Shitty Bill (NPC) : Sup Donald "Don" Glabs.
[02:12:12] SAY: Father Jack (NPC) : DRINK!
[02:12:31] SAY: Father Jack (NPC) : GIRLS!
[02:13:01] SAY: Marshall Stough (Dra24680) : Do not know
[02:13:06] SAY: Anthony Poehl (CaptinPicard1166) : stop
[02:13:36] SAY: Marshall Stough (Dra24680) : Stupid
[02:13:41] SAY: Marshall Stough (Dra24680) : Give me my fucking card
[02:13:44] SAY: Marshall Stough (Dra24680) : Or I kill you.
[02:14:01] SAY: Shitty Bill (NPC) : I think my homies set me up.
[02:14:08] SAY: Anthony Poehl (CaptinPicard1166) : i
[02:14:08] SAY: Anthony Poehl (CaptinPicard1166) : i
[02:14:09] SAY: Anthony Poehl (CaptinPicard1166) : i
[02:14:09] SAY: Anthony Poehl (CaptinPicard1166) : i
[02:14:09] SAY: Anthony Poehl (CaptinPicard1166) : i
[02:14:09] SAY: Anthony Poehl (CaptinPicard1166) : i
[02:14:09] SAY: Ignis King (Igniscorvus) : hello?
[02:14:09] SAY: Anthony Poehl (CaptinPicard1166) : i
[02:14:09] SAY: Anthony Poehl (CaptinPicard1166) : i
[02:14:10] SAY: Anthony Poehl (CaptinPicard1166) : i
[02:14:10] SAY: Anthony Poehl (CaptinPicard1166) : i
[02:14:10] SAY: Anthony Poehl (CaptinPicard1166) : i
[02:14:10] SAY: Anthony Poehl (CaptinPicard1166) : i
[02:14:10] SAY: Anthony Poehl (CaptinPicard1166) : i
[02:14:10] SAY: Anthony Poehl (CaptinPicard1166) : i
[02:14:11] SAY: Shitty Bill (NPC) : I think my pals stole my hat.
[02:14:11] SAY: Anthony Poehl (CaptinPicard1166) : i
[02:14:11] SAY: Anthony Poehl (CaptinPicard1166) : i
[02:14:11] SAY: Anthony Poehl (CaptinPicard1166) : i
[02:14:11] SAY: Anthony Poehl (CaptinPicard1166) : i
[02:14:11] SAY: Anthony Poehl (CaptinPicard1166) : i
[02:14:12] SAY: Anthony Poehl (CaptinPicard1166) : i
[02:14:12] SAY: Anthony Poehl (CaptinPicard1166) : i
[02:14:12] SAY: Anthony Poehl (CaptinPicard1166) : i
[02:14:12] SAY: Anthony Poehl (CaptinPicard1166) : i
[02:14:12] SAY: Anthony Poehl (CaptinPicard1166) : ii
[02:14:13] SAY: Anthony Poehl (CaptinPicard1166) : ii
[02:14:13] SAY: Father Jack (NPC) : DRINK!
[02:14:15] SAY: Anthony Poehl (CaptinPicard1166) : stoop
[02:14:17] SAY: Anthony Poehl (CaptinPicard1166) : pleas
[02:14:19] SAY: Anthony Poehl (CaptinPicard1166) : eteam
[02:14:21] SAY: Anthony Poehl (CaptinPicard1166) : please
[02:14:22] ACCESS: Login: Suvaius [DEAD] from 88.90.6.153
[02:14:22] SAY: Father Jack (NPC) : That would be an ecumenical matter.
[02:14:31] SAY: Anthony Poehl (CaptinPicard1166) : pleae
[02:14:35] SAY: Marshall Stough (Dra24680) : You're lucky i'm sparing your sorry ass.
[02:14:43] SAY: Father Jack (NPC) : FECK!
[02:14:50] SAY: Marshall Stough (Dra24680) : Give me my card.
[02:14:52] SAY: Anthony Poehl (CaptinPicard1166) : team we shouldnt fight we need to all work togather to survive
[02:14:59] SAY: Anthony Poehl (CaptinPicard1166) : i did its in your bag
[02:16:05] SAY: Anthony Poehl (CaptinPicard1166) : please
[02:16:05] ADMIN: Alien Empress (Furry Chicken) toggled restart voting to On
[02:16:10] VOTE: Alien Empress (Furry Chicken) started a vote to restart round
[02:16:11] SAY: Shitty Bill (NPC) : The hell you lookin' at, spaceman?
[02:16:18] SAY: Shitty Bill (NPC) : Nice face, nerd.
[02:16:32] SAY: Shitty Bill (NPC) : Hey friendo, gimme yer card.
[02:16:37] ACCESS: Login: John Novonovitch (Suvaius) from 88.90.6.153
[02:16:41] SAY: John Novonovitch (Suvaius) : *fart
[02:16:43] SAY: Shitty Bill (NPC) : Dang, it's Donald "Don" Glabs.
[02:17:06] SAY: Marshall Stough (Dra24680) : Give yourself aid
[02:17:11] VOTE: Voting closed, result was default
[02:17:21] SAY: Shitty Bill (NPC) : Whoa, it's Donald "Don" Glabs.
[02:17:40] SAY: Anthony Poehl (CaptinPicard1166) : please
[02:17:42] SAY: Shitty Bill (NPC) : Got any plazzers?
[02:17:46] ACCESS: Login: Alien Empress (Furry Chicken) [DEAD] from 76.122.131.216
[02:17:51] OOC: Alien Empress (Furry Chicken) [DEAD] : all xenos dead
[02:17:56] SAY: Anthony Poehl (CaptinPicard1166) : ugh
[02:17:57] SAY: Anthony Poehl (CaptinPicard1166) : s
[02:17:57] SAY: Anthony Poehl (CaptinPicard1166) : s
[02:17:58] SAY: Anthony Poehl (CaptinPicard1166) : s
[02:17:58] SAY: Anthony Poehl (CaptinPicard1166) : s
[02:17:58] SAY: Anthony Poehl (CaptinPicard1166) : s
[02:17:58] SAY: Anthony Poehl (CaptinPicard1166) : s
[02:17:58] SAY: Anthony Poehl (CaptinPicard1166) : s
[02:17:59] SAY: Anthony Poehl (CaptinPicard1166) : s
[02:17:59] SAY: Anthony Poehl (CaptinPicard1166) : s
[02:17:59] SAY: Anthony Poehl (CaptinPicard1166) : s
[02:17:59] SAY: Anthony Poehl (CaptinPicard1166) : s
[02:18:00] SAY: Anthony Poehl (CaptinPicard1166) : s
[02:18:00] SAY: Anthony Poehl (CaptinPicard1166) : s
[02:18:00] SAY: Anthony Poehl (CaptinPicard1166) : s
[02:18:00] SAY: Anthony Poehl (CaptinPicard1166) : s
[02:18:00] SAY: Anthony Poehl (CaptinPicard1166) : s
[02:18:01] SAY: Anthony Poehl (CaptinPicard1166) : s
[02:18:01] SAY: Anthony Poehl (CaptinPicard1166) : s
[02:18:01] SAY: Anthony Poehl (CaptinPicard1166) : s
[02:18:01] SAY: Anthony Poehl (CaptinPicard1166) : ss
[02:18:02] SAY: Anthony Poehl (CaptinPicard1166) : s
[02:18:03] ADMIN: Alien Empress (Furry Chicken) [DEAD] delayed the server restart.
[02:18:09] OOC: Anthony Poehl (CaptinPicard1166) : hello?
[02:18:12] SAY: Shitty Bill (NPC) : Got any lexo?
[02:18:14] OOC: Anthony Poehl (CaptinPicard1166) : whats looc?
[02:18:29] OOC: Alien Empress (Furry Chicken) [DEAD] : local ooc
[02:18:53] ACCESS: Login: Anthony Poehl (CaptinPicard1166) [DEAD] from 99.160.4.91
[02:18:57] SAY: Shitty Bill (NPC) : You a dracula?
[02:18:59] ACCESS: Login: CaptinPicard1166 from 99.160.4.91
[02:19:01] ADMIN: Alien Empress (Furry Chicken) [DEAD] initiated a reboot.
[02:19:09] SAY: John Novonovitch (Suvaius) : *fart
[02:19:09] SAY: Alien Facehugger 918 (CaptinPicard1166) : gg


Starting up. 02:22.11
---------------------

[02:22:20] ADMIN: Loading jobban_rank
[02:22:20] ADMIN: Jobban_keylist was empty
[02:22:20] ADMIN: Updating jobbanfile!
[02:22:20] ADMIN: Loading oocban_rank
[02:22:20] ADMIN: oocban_keylist was empty
[02:22:20] ADMIN: Updating jobbanfile!
ADMIN: furrychicken = Host
ADMIN: cherkir = Host
ADMIN: jasonvorheese = Primary Administrator
ADMIN: minimeatwad = Primary Administrator
ADMIN: xenosandboxthesecond = Primary Administrator
ADMIN: exbod = Secondary Administrator
ADMIN: zenek123 = Secondary Administrator
[02:27:36] SAY: Father Jack (NPC) : That would be an ecumenical matter.
[02:27:39] SAY: Shitty Bill (NPC) : What up Donald "Don" Glabs.


Starting up. 02:31.04
---------------------

[02:31:14] ADMIN: Loading jobban_rank
[02:31:14] ADMIN: Jobban_keylist was empty
[02:31:14] ADMIN: Updating jobbanfile!
[02:31:14] ADMIN: Loading oocban_rank
[02:31:14] ADMIN: oocban_keylist was empty
[02:31:14] ADMIN: Updating jobbanfile!
ADMIN: furrychicken = Host
ADMIN: cherkir = Host
ADMIN: jasonvorheese = Primary Administrator
ADMIN: minimeatwad = Primary Administrator
ADMIN: xenosandboxthesecond = Primary Administrator
ADMIN: exbod = Secondary Administrator
ADMIN: zenek123 = Secondary Administrator


Starting up. 02:40.27
---------------------

[02:40:36] ADMIN: Loading jobban_rank
[02:40:36] ADMIN: Jobban_keylist was empty
[02:40:36] ADMIN: Updating jobbanfile!
[02:40:36] ADMIN: Loading oocban_rank
[02:40:36] ADMIN: oocban_keylist was empty
[02:40:36] ADMIN: Updating jobbanfile!
ADMIN: furrychicken = Host
ADMIN: cherkir = Host
ADMIN: jasonvorheese = Primary Administrator
ADMIN: minimeatwad = Primary Administrator
ADMIN: xenosandboxthesecond = Primary Administrator
ADMIN: exbod = Secondary Administrator
ADMIN: zenek123 = Secondary Administrator


Starting up. 02:45.52
---------------------

[02:46:01] ADMIN: Loading jobban_rank
[02:46:01] ADMIN: Jobban_keylist was empty
[02:46:01] ADMIN: Updating jobbanfile!
[02:46:01] ADMIN: Loading oocban_rank
[02:46:01] ADMIN: oocban_keylist was empty
[02:46:01] ADMIN: Updating jobbanfile!
ADMIN: furrychicken = Host
ADMIN: cherkir = Host
ADMIN: jasonvorheese = Primary Administrator
ADMIN: minimeatwad = Primary Administrator
ADMIN: xenosandboxthesecond = Primary Administrator
ADMIN: exbod = Secondary Administrator
ADMIN: zenek123 = Secondary Administrator


Starting up. 02:52.56
---------------------

[02:53:04] ADMIN: Loading jobban_rank
[02:53:04] ADMIN: Jobban_keylist was empty
[02:53:04] ADMIN: Updating jobbanfile!
[02:53:04] ADMIN: Loading oocban_rank
[02:53:04] ADMIN: oocban_keylist was empty
[02:53:04] ADMIN: Updating jobbanfile!
ADMIN: furrychicken = Host
ADMIN: cherkir = Host
ADMIN: jasonvorheese = Primary Administrator
ADMIN: minimeatwad = Primary Administrator
ADMIN: xenosandboxthesecond = Primary Administrator
ADMIN: exbod = Secondary Administrator
ADMIN: zenek123 = Secondary Administrator


Starting up. 03:13.15
---------------------

[03:13:22] ADMIN: Loading jobban_rank
[03:13:22] ADMIN: Jobban_keylist was empty
[03:13:22] ADMIN: Updating jobbanfile!
[03:13:22] ADMIN: Loading oocban_rank
[03:13:22] ADMIN: oocban_keylist was empty
[03:13:22] ADMIN: Updating jobbanfile!
ADMIN: furrychicken = Host
ADMIN: cherkir = Host
ADMIN: jasonvorheese = Primary Administrator
ADMIN: minimeatwad = Primary Administrator
ADMIN: xenosandboxthesecond = Primary Administrator
ADMIN: exbod = Secondary Administrator
ADMIN: zenek123 = Secondary Administrator


Starting up. 03:43.16
---------------------

[03:43:23] ADMIN: Loading jobban_rank
[03:43:23] ADMIN: Jobban_keylist was empty
[03:43:23] ADMIN: Updating jobbanfile!
[03:43:23] ADMIN: Loading oocban_rank
[03:43:23] ADMIN: oocban_keylist was empty
[03:43:23] ADMIN: Updating jobbanfile!
ADMIN: furrychicken = Host
ADMIN: cherkir = Host
ADMIN: jasonvorheese = Primary Administrator
ADMIN: minimeatwad = Primary Administrator
ADMIN: xenosandboxthesecond = Primary Administrator
ADMIN: exbod = Secondary Administrator
ADMIN: zenek123 = Secondary Administrator


Starting up. 03:47.32
---------------------

[03:47:40] ADMIN: Loading jobban_rank
[03:47:40] ADMIN: Jobban_keylist was empty
[03:47:40] ADMIN: Updating jobbanfile!
[03:47:40] ADMIN: Loading oocban_rank
[03:47:40] ADMIN: oocban_keylist was empty
[03:47:40] ADMIN: Updating jobbanfile!
ADMIN: furrychicken = Host
ADMIN: cherkir = Host
ADMIN: jasonvorheese = Primary Administrator
ADMIN: minimeatwad = Primary Administrator
ADMIN: xenosandboxthesecond = Primary Administrator
ADMIN: exbod = Secondary Administrator
ADMIN: zenek123 = Secondary Administrator


Starting up. 03:52.31
---------------------

[03:52:38] ADMIN: Loading jobban_rank
[03:52:38] ADMIN: Jobban_keylist was empty
[03:52:38] ADMIN: Updating jobbanfile!
[03:52:38] ADMIN: Loading oocban_rank
[03:52:38] ADMIN: oocban_keylist was empty
[03:52:38] ADMIN: Updating jobbanfile!
ADMIN: furrychicken = Host
ADMIN: cherkir = Host
ADMIN: jasonvorheese = Primary Administrator
ADMIN: minimeatwad = Primary Administrator
ADMIN: xenosandboxthesecond = Primary Administrator
ADMIN: exbod = Secondary Administrator
ADMIN: zenek123 = Secondary Administrator


Starting up. 04:12.19
---------------------

[04:12:27] ADMIN: Loading jobban_rank
[04:12:27] ADMIN: Jobban_keylist was empty
[04:12:27] ADMIN: Updating jobbanfile!
[04:12:27] ADMIN: Loading oocban_rank
[04:12:27] ADMIN: oocban_keylist was empty
[04:12:27] ADMIN: Updating jobbanfile!
ADMIN: furrychicken = Host
ADMIN: cherkir = Host
ADMIN: jasonvorheese = Primary Administrator
ADMIN: minimeatwad = Primary Administrator
ADMIN: xenosandboxthesecond = Primary Administrator
ADMIN: exbod = Secondary Administrator
ADMIN: zenek123 = Secondary Administrator


Starting up. 04:16.13
---------------------

[04:16:21] ADMIN: Loading jobban_rank
[04:16:21] ADMIN: Jobban_keylist was empty
[04:16:21] ADMIN: Updating jobbanfile!
[04:16:21] ADMIN: Loading oocban_rank
[04:16:21] ADMIN: oocban_keylist was empty
[04:16:21] ADMIN: Updating jobbanfile!
ADMIN: furrychicken = Host
ADMIN: cherkir = Host
ADMIN: jasonvorheese = Primary Administrator
ADMIN: minimeatwad = Primary Administrator
ADMIN: xenosandboxthesecond = Primary Administrator
ADMIN: exbod = Secondary Administrator
ADMIN: zenek123 = Secondary Administrator


Starting up. 04:48.07
---------------------

[04:48:15] ADMIN: Loading jobban_rank
[04:48:15] ADMIN: Jobban_keylist was empty
[04:48:15] ADMIN: Updating jobbanfile!
[04:48:15] ADMIN: Loading oocban_rank
[04:48:15] ADMIN: oocban_keylist was empty
[04:48:15] ADMIN: Updating jobbanfile!
ADMIN: furrychicken = Host
ADMIN: cherkir = Host
ADMIN: jasonvorheese = Primary Administrator
ADMIN: minimeatwad = Primary Administrator
ADMIN: xenosandboxthesecond = Primary Administrator
ADMIN: exbod = Secondary Administrator
ADMIN: zenek123 = Secondary Administrator
[05:26:23] SAY: Shitty Bill (NPC) : Nice hair, dweeb.


Starting up. 05:29.19
---------------------

[05:29:26] ADMIN: Loading jobban_rank
[05:29:26] ADMIN: Jobban_keylist was empty
[05:29:26] ADMIN: Updating jobbanfile!
[05:29:26] ADMIN: Loading oocban_rank
[05:29:26] ADMIN: oocban_keylist was empty
[05:29:26] ADMIN: Updating jobbanfile!
ADMIN: furrychicken = Host
ADMIN: cherkir = Host
ADMIN: jasonvorheese = Primary Administrator
ADMIN: minimeatwad = Primary Administrator
ADMIN: xenosandboxthesecond = Primary Administrator
ADMIN: exbod = Secondary Administrator
ADMIN: zenek123 = Secondary Administrator


Starting up. 05:43.51
---------------------

[05:43:59] ADMIN: Loading jobban_rank
[05:43:59] ADMIN: Jobban_keylist was empty
[05:43:59] ADMIN: Updating jobbanfile!
[05:43:59] ADMIN: Loading oocban_rank
[05:43:59] ADMIN: oocban_keylist was empty
[05:43:59] ADMIN: Updating jobbanfile!
ADMIN: furrychicken = Host
ADMIN: cherkir = Host
ADMIN: jasonvorheese = Primary Administrator
ADMIN: minimeatwad = Primary Administrator
ADMIN: xenosandboxthesecond = Primary Administrator
ADMIN: exbod = Secondary Administrator
ADMIN: zenek123 = Secondary Administrator


Starting up. 06:47.19
---------------------

[06:47:26] ADMIN: Loading jobban_rank
[06:47:26] ADMIN: Jobban_keylist was empty
[06:47:26] ADMIN: Updating jobbanfile!
[06:47:26] ADMIN: Loading oocban_rank
[06:47:26] ADMIN: oocban_keylist was empty
[06:47:26] ADMIN: Updating jobbanfile!
ADMIN: furrychicken = Host
ADMIN: cherkir = Host
ADMIN: jasonvorheese = Primary Administrator
ADMIN: minimeatwad = Primary Administrator
ADMIN: xenosandboxthesecond = Primary Administrator
ADMIN: exbod = Secondary Administrator
ADMIN: zenek123 = Secondary Administrator


Starting up. 14:34.38
---------------------

[14:34:45] ADMIN: Loading jobban_rank
[14:34:45] ADMIN: Jobban_keylist was empty
[14:34:45] ADMIN: Updating jobbanfile!
[14:34:45] ADMIN: Loading oocban_rank
[14:34:45] ADMIN: oocban_keylist was empty
[14:34:45] ADMIN: Updating jobbanfile!
ADMIN: furrychicken = Host
ADMIN: cherkir = Host
ADMIN: jasonvorheese = Primary Administrator
ADMIN: minimeatwad = Primary Administrator
ADMIN: xenosandboxthesecond = Primary Administrator
ADMIN: exbod = Secondary Administrator
ADMIN: zenek123 = Secondary Administrator


Starting up. 14:00.36
---------------------

[14:00:42] ADMIN: Loading jobban_rank
[14:00:42] ADMIN: Jobban_keylist was empty
[14:00:42] ADMIN: Updating jobbanfile!
[14:00:42] ADMIN: Loading oocban_rank
[14:00:42] ADMIN: oocban_keylist was empty
[14:00:42] ADMIN: Updating jobbanfile!


Starting up. 14:07.52
---------------------

[14:07:57] ADMIN: Loading jobban_rank
[14:07:57] ADMIN: Jobban_keylist was empty
[14:07:57] ADMIN: Updating jobbanfile!
[14:07:57] ADMIN: Loading oocban_rank
[14:07:57] ADMIN: oocban_keylist was empty
[14:07:57] ADMIN: Updating jobbanfile!


Starting up. 14:13.13
---------------------

[14:13:18] ADMIN: Loading jobban_rank
[14:13:18] ADMIN: Jobban_keylist was empty
[14:13:18] ADMIN: Updating jobbanfile!
[14:13:18] ADMIN: Loading oocban_rank
[14:13:18] ADMIN: oocban_keylist was empty
[14:13:18] ADMIN: Updating jobbanfile!


Starting up. 14:18.42
---------------------

[14:18:47] ADMIN: Loading jobban_rank
[14:18:47] ADMIN: Jobban_keylist was empty
[14:18:47] ADMIN: Updating jobbanfile!
[14:18:47] ADMIN: Loading oocban_rank
[14:18:47] ADMIN: oocban_keylist was empty
[14:18:47] ADMIN: Updating jobbanfile!


Starting up. 14:25.03
---------------------

[14:25:09] ADMIN: Loading jobban_rank
[14:25:09] ADMIN: Jobban_keylist was empty
[14:25:09] ADMIN: Updating jobbanfile!
[14:25:09] ADMIN: Loading oocban_rank
[14:25:09] ADMIN: oocban_keylist was empty
[14:25:09] ADMIN: Updating jobbanfile!


Starting up. 14:32.58
---------------------

[14:33:03] ADMIN: Loading jobban_rank
[14:33:03] ADMIN: Jobban_keylist was empty
[14:33:03] ADMIN: Updating jobbanfile!
[14:33:03] ADMIN: Loading oocban_rank
[14:33:03] ADMIN: oocban_keylist was empty
[14:33:03] ADMIN: Updating jobbanfile!


Starting up. 14:40.45
---------------------

[14:40:50] ADMIN: Loading jobban_rank
[14:40:50] ADMIN: Jobban_keylist was empty
[14:40:50] ADMIN: Updating jobbanfile!
[14:40:50] ADMIN: Loading oocban_rank
[14:40:50] ADMIN: oocban_keylist was empty
[14:40:50] ADMIN: Updating jobbanfile!
ADMIN: furrychicken = Host
ADMIN: cherkir = Host
ADMIN: jasonvorheese = Primary Administrator
ADMIN: minimeatwad = Primary Administrator
ADMIN: xenosandboxthesecond = Primary Administrator
ADMIN: exbod = Secondary Administrator
ADMIN: zenek123 = Secondary Administrator
[14:41:13] ACCESS: Login: Furry Chicken from 
[14:42:11] ACCESS: Login: Furry Chicken from 


Starting up. 19:15.05
---------------------

[19:15:10] ADMIN: Loading jobban_rank
[19:15:10] ADMIN: Jobban_keylist was empty
[19:15:10] ADMIN: Updating jobbanfile!
[19:15:10] ADMIN: Loading oocban_rank
[19:15:10] ADMIN: oocban_keylist was empty
[19:15:10] ADMIN: Updating jobbanfile!
ADMIN: furrychicken = Host
ADMIN: cherkir = Host
ADMIN: jasonvorheese = Primary Administrator
ADMIN: minimeatwad = Primary Administrator
ADMIN: xenosandboxthesecond = Primary Administrator
ADMIN: exbod = Secondary Administrator
ADMIN: zenek123 = Secondary Administrator
[19:15:42] ACCESS: Login: BSF3 from 
[19:19:00] ACCESS: Login: BSF3 [TRAITOR] from 


Starting up. 19:37.40
---------------------

[19:37:46] ADMIN: Loading jobban_rank
[19:37:46] ADMIN: Jobban_keylist was empty
[19:37:46] ADMIN: Updating jobbanfile!
[19:37:46] ADMIN: Loading oocban_rank
[19:37:46] ADMIN: oocban_keylist was empty
[19:37:46] ADMIN: Updating jobbanfile!
ADMIN: furrychicken = Host
ADMIN: cherkir = Host
ADMIN: jasonvorheese = Primary Administrator
ADMIN: minimeatwad = Primary Administrator
ADMIN: xenosandboxthesecond = Primary Administrator
ADMIN: exbod = Secondary Administrator
ADMIN: zenek123 = Secondary Administrator
[19:38:15] ACCESS: Login: Furry Chicken from 
[19:38:41] ADMIN: Furry Chicken [DEAD] has started the game.
[19:38:42] ACCESS: Login: Furry Chicken [TRAITOR] from 
[19:39:00] ACCESS: Login: Alien Queen (Furry Chicken) [TRAITOR] [DEAD] from 
