

Starting up. 14:55.02
---------------------

[14:55:09] ADMIN: Loading jobban_rank
[14:55:09] ADMIN: Jobban_keylist was empty
[14:55:09] ADMIN: Updating jobbanfile!
[14:55:09] ADMIN: Loading oocban_rank
[14:55:09] ADMIN: oocban_keylist was empty
[14:55:09] ADMIN: Updating jobbanfile!
ADMIN: furrychicken = Host
ADMIN: cherkir = Host
ADMIN: jasonvorheese = Primary Administrator
ADMIN: minimeatwad = Primary Administrator
ADMIN: xenosandboxthesecond = Primary Administrator
ADMIN: exbod = Secondary Administrator
ADMIN: zenek123 = Secondary Administrator
[14:55:48] ACCESS: Login: Furry Chicken from 
[14:56:29] ADMIN: Furry Chicken [DEAD] has started the game.
[14:56:29] ACCESS: Login: Furry Chicken [TRAITOR] from 
[14:56:33] SAY: Shitty Bill (NPC) : You wrassle?


Starting up. 14:58.32
---------------------

[14:58:37] ADMIN: Loading jobban_rank
[14:58:37] ADMIN: Jobban_keylist was empty
[14:58:37] ADMIN: Updating jobbanfile!
[14:58:37] ADMIN: Loading oocban_rank
[14:58:37] ADMIN: oocban_keylist was empty
[14:58:37] ADMIN: Updating jobbanfile!
ADMIN: furrychicken = Host
ADMIN: cherkir = Host
ADMIN: jasonvorheese = Primary Administrator
ADMIN: minimeatwad = Primary Administrator
ADMIN: xenosandboxthesecond = Primary Administrator
ADMIN: exbod = Secondary Administrator
ADMIN: zenek123 = Secondary Administrator
[14:59:36] ACCESS: Login: Furry Chicken from 
[15:00:12] ADMIN: Furry Chicken [DEAD] has started the game.
[15:00:12] ACCESS: Login: Furry Chicken [TRAITOR] from 
[15:00:23] SAY: Shitty Bill (NPC) : I ever tell you 'bout the day I got fired?
[15:00:43] ACCESS: Login: Alien Queen (Furry Chicken) [TRAITOR] [DEAD] from 
[15:00:55] SAY: Father Jack (NPC) : GIRLS!
[15:00:58] SAY: Shitty Bill (NPC) : Whatcha you lookin' at, dweeb?
[15:01:19] ADMIN: Alien Queen (Furry Chicken) [TRAITOR] [DEAD] created 5ea /mob/living/carbon/human/fatherjack
[15:01:19] SAY: Father Jack (NPC) : DRINK!
[15:01:28] ACCESS: Login: Msoushlsaer the Devourer (Furry Chicken) [TRAITOR] [DEAD] from 
[15:01:31] ADMIN: Msoushlsaer the Devourer (Furry Chicken) [TRAITOR] [DEAD] removed the antagonist status of Msoushlsaer the Devourer (Furry Chicken) [TRAITOR] [DEAD].
[15:01:31] ACCESS: Login: Phillip Berkheimer (Furry Chicken) from 
[15:01:39] ACCESS: Login: Phillip Berkheimer (Furry Chicken) from 
[15:01:48] ACCESS: Login: Phillip Berkheimer (Furry Chicken) from 
[15:01:55] SAY: Father Jack (NPC) : GIRLS!
[15:01:56] ADMIN: Phillip Berkheimer (Furry Chicken) created 5ea /mob/living/carbon/human/fatherted
[15:01:59] SAY: Father Jack (NPC) : That would be an ecumenical matter.
[15:02:04] ACCESS: Login: Furry Chicken from 
[15:02:15] SAY: Shitty Bill (NPC) : You a robot?
[15:02:27] SAY: Father Jack (NPC) : That would be an ecumenical matter.
[15:02:55] SAY: Father Jack (NPC) : GIRLS!
[15:03:15] SAY: Father Jack (NPC) : GIRLS!
[15:04:09] SAY: Shitty Bill (NPC) : I think my homies stole my hat.
[15:04:36] ACCESS: Login: Alien Facehugger 134 (Furry Chicken) from 
[15:05:11] SAY: Father Jack (NPC) : ARSE!
[15:05:22] SAY: Father Jack (NPC) : GIRLS!
[15:05:25] SAY: Father Jack (NPC) : DRINK!
[15:05:36] ACCESS: Login: Furry Chicken from 
[15:05:45] SAY: Shitty Bill (NPC) : Hey friendo, gimme yer cats.
[15:06:02] SAY: Father Jack (NPC) : GIRLS!
[15:06:06] SAY: Father Jack (NPC) : That would be an ecumenical matter.
[15:06:25] SAY: Shitty Bill (NPC) : Hey Donald "Don" Glabs.
[15:06:40] SAY: Shitty Bill (NPC) : Hey, gimme yer keys.
[15:06:42] SAY: Father Jack (NPC) : FECK!
[15:06:44] SAY: Shitty Bill (NPC) : What up Donald "Don" Glabs.


Starting up. 15:45.27
---------------------

[15:45:32] ADMIN: Loading jobban_rank
[15:45:32] ADMIN: Jobban_keylist was empty
[15:45:32] ADMIN: Updating jobbanfile!
[15:45:32] ADMIN: Loading oocban_rank
[15:45:32] ADMIN: oocban_keylist was empty
[15:45:32] ADMIN: Updating jobbanfile!
ADMIN: furrychicken = Host
ADMIN: cherkir = Host
ADMIN: jasonvorheese = Primary Administrator
ADMIN: minimeatwad = Primary Administrator
ADMIN: xenosandboxthesecond = Primary Administrator
ADMIN: exbod = Secondary Administrator
ADMIN: zenek123 = Secondary Administrator
[15:45:51] ACCESS: Login: Furry Chicken from 
[15:46:24] ADMIN: Furry Chicken [DEAD] has started the game.
[15:46:33] ADMIN: Furry Chicken [DEAD] has started the game.
[15:46:33] ACCESS: Login: Furry Chicken [TRAITOR] from 
[15:47:34] SAY: Shitty Bill (NPC) : Nice pod, clown.


Starting up. 19:07.14
---------------------

[19:07:19] ADMIN: Loading jobban_rank
[19:07:19] ADMIN: Jobban_keylist was empty
[19:07:19] ADMIN: Updating jobbanfile!
[19:07:19] ADMIN: Loading oocban_rank
[19:07:19] ADMIN: oocban_keylist was empty
[19:07:19] ADMIN: Updating jobbanfile!
ADMIN: furrychicken = Host
ADMIN: cherkir = Host
ADMIN: jasonvorheese = Primary Administrator
ADMIN: minimeatwad = Primary Administrator
ADMIN: xenosandboxthesecond = Primary Administrator
ADMIN: exbod = Secondary Administrator
ADMIN: zenek123 = Secondary Administrator
[19:07:38] ACCESS: Login: Furry Chicken from 


Starting up. 20:17.16
---------------------

[20:17:21] ADMIN: Loading jobban_rank
[20:17:21] ADMIN: Jobban_keylist was empty
[20:17:21] ADMIN: Updating jobbanfile!
[20:17:21] ADMIN: Loading oocban_rank
[20:17:21] ADMIN: oocban_keylist was empty
[20:17:21] ADMIN: Updating jobbanfile!
ADMIN: furrychicken = Host
ADMIN: cherkir = Host
ADMIN: jasonvorheese = Primary Administrator
ADMIN: minimeatwad = Primary Administrator
ADMIN: xenosandboxthesecond = Primary Administrator
ADMIN: exbod = Secondary Administrator
ADMIN: zenek123 = Secondary Administrator
[20:17:38] ACCESS: Login: Furry Chicken from 
[20:18:02] ACCESS: Login: Furry Chicken from 
[20:18:44] ADMIN: Pavel Havel (Furry Chicken) [DEAD] has started the game.
[20:18:46] ACCESS: Login: Rudsh the Exiled (Furry Chicken) from 
[20:18:48] ADMIN: Rudsh the Exiled (Furry Chicken) [TRAITOR] removed the antagonist status of Rudsh the Exiled (Furry Chicken) [TRAITOR].
[20:18:57] ADMIN: Rudsh the Exiled (Furry Chicken) has made Rudsh the Exiled (Furry Chicken) a human.
[20:19:08] ADMIN: Rudsh the Exiled (Furry Chicken) has made Rudsh the Exiled (Furry Chicken) a human.
[20:19:08] ADMIN: Rudsh the Exiled (Furry Chicken) has made Rudsh the Exiled (Furry Chicken) a human.
[20:19:12] ACCESS: Login: space bear (Furry Chicken) from 
[20:19:15] ADMIN: space bear (Furry Chicken) has made space bear (Furry Chicken) a human.
[20:19:17] ADMIN: space bear (Furry Chicken) has made space bear (Furry Chicken) a human.
[20:19:32] ACCESS: Login: Furry Chicken from 
[20:19:39] ACCESS: Login: Furry Chicken from 
[20:26:47] SAY: Alien Praetorian 553 (Furry Chicken) : *roar
[20:26:52] SAY: Alien Praetorian 553 (Furry Chicken) : *roar
[20:26:56] SAY: Alien Praetorian 553 (Furry Chicken) : *roar
[20:27:01] SAY: Alien Praetorian 553 (Furry Chicken) : *roar
[20:27:06] SAY: Alien Praetorian 553 (Furry Chicken) : *snarl
[20:27:08] SAY: Alien Praetorian 553 (Furry Chicken) : hiss
[20:27:09] SAY: Alien Praetorian 553 (Furry Chicken) : hiss
[20:27:11] SAY: Alien Praetorian 553 (Furry Chicken) : hiss
[20:27:12] SAY: Alien Praetorian 553 (Furry Chicken) : hiss
[20:27:13] SAY: Alien Praetorian 553 (Furry Chicken) : he
[20:27:15] SAY: Alien Praetorian 553 (Furry Chicken) : f
[20:27:19] SAY: Alien Praetorian 553 (Furry Chicken) : gre
[20:27:24] SAY: Alien Praetorian 553 (Furry Chicken) : f
[20:27:25] SAY: Alien Praetorian 553 (Furry Chicken) : f
[20:27:25] SAY: Alien Praetorian 553 (Furry Chicken) : f
[20:27:25] SAY: Alien Praetorian 553 (Furry Chicken) : f
[20:27:25] SAY: Alien Praetorian 553 (Furry Chicken) : f
[20:27:26] SAY: Alien Praetorian 553 (Furry Chicken) : f
[20:27:26] SAY: Alien Praetorian 553 (Furry Chicken) : f
[20:27:26] SAY: Alien Praetorian 553 (Furry Chicken) : f
[20:27:26] SAY: Alien Praetorian 553 (Furry Chicken) : f
[20:27:27] SAY: Alien Praetorian 553 (Furry Chicken) : f
[20:27:27] SAY: Alien Praetorian 553 (Furry Chicken) : f
[20:27:27] SAY: Alien Praetorian 553 (Furry Chicken) : f
[20:27:27] SAY: Alien Praetorian 553 (Furry Chicken) : f
[20:27:27] SAY: Alien Praetorian 553 (Furry Chicken) : f
[20:27:28] SAY: Alien Praetorian 553 (Furry Chicken) : fsay "f
[20:27:28] SAY: Alien Praetorian 553 (Furry Chicken) : f
[20:27:28] SAY: Alien Praetorian 553 (Furry Chicken) : f
[20:27:37] SAY: Alien Praetorian 553 (Furry Chicken) : f
[20:27:39] SAY: Alien Praetorian 553 (Furry Chicken) : ;a yea
[20:28:36] ADMIN: Alien Praetorian 553 (Furry Chicken) created an explosion (power 2342, brisance 1) at (<a href='?src=%admin_ref%;action=jumptocoords;target=217,190,1' title='Jump to Coords'>217,190,1</a> in Space).
[20:28:47] ADMIN: Alien Praetorian 553 (Furry Chicken) created an explosion (power 34234, brisance 1) at (<a href='?src=%admin_ref%;action=jumptocoords;target=217,189,1' title='Jump to Coords'>217,189,1</a> in Space).
[20:29:03] ADMIN: Alien Praetorian 553 (Furry Chicken) created an explosion (power 23423, brisance 1) at (<a href='?src=%admin_ref%;action=jumptocoords;target=216,193,1' title='Jump to Coords'>216,193,1</a> in Arrivals Dock).
[20:29:09] ADMIN: Alien Praetorian 553 (Furry Chicken) created an explosion (power 12312, brisance 1) at (<a href='?src=%admin_ref%;action=jumptocoords;target=215,197,1' title='Jump to Coords'>215,197,1</a> in Arrivals Dock).
[20:29:24] ADMIN: Alien Praetorian 553 (Furry Chicken) created an explosion (power 12312, brisance 1) at (<a href='?src=%admin_ref%;action=jumptocoords;target=202,187,1' title='Jump to Coords'>202,187,1</a> in Arrival Shuttle Hallway).
[20:29:39] ADMIN: Alien Praetorian 553 (Furry Chicken) : alien messagefff

[20:29:45] SAY: Alien Praetorian 553 (Furry Chicken) : *scream
[20:29:47] SAY: Alien Praetorian 553 (Furry Chicken) : *hiss
[20:29:49] SAY: Alien Praetorian 553 (Furry Chicken) : *hiss
[20:29:51] SAY: Alien Praetorian 553 (Furry Chicken) : hiss
[20:29:53] SAY: Alien Praetorian 553 (Furry Chicken) : *hiss
