

Starting up. 17:52.54
---------------------

[17:52:58] ADMIN: Loading jobban_rank
[17:52:58] ADMIN: Jobban_keylist was empty
[17:52:58] ADMIN: Updating jobbanfile!
[17:52:58] ADMIN: Loading oocban_rank
[17:52:58] ADMIN: oocban_keylist was empty
[17:52:58] ADMIN: Updating jobbanfile!
ADMIN: furrychicken = Host
ADMIN: cherkir = Host
ADMIN: jasonvorheese = Primary Administrator
ADMIN: minimeatwad = Primary Administrator
ADMIN: xenosandboxthesecond = Primary Administrator
ADMIN: exbod = Secondary Administrator
ADMIN: zenek123 = Secondary Administrator
[17:53:15] ACCESS: Login: Furry Chicken from 
[18:05:36] ACCESS: Login: Furry Chicken [TRAITOR] from 
[18:05:54] SAY: Shitty Bill (NPC) : You a beardo?
[18:06:48] ADMIN: Alien Queen (Furry Chicken) [TRAITOR] has banned <a href="byond://?action=priv_msg&target=furrychicken">Furry Chicken</a>/Alien Queen <a href='byond://?src=%admin_ref%&action=adminplayeropts&targetckey=furrychicken' class='popt'><i class='icon-info-sign'></i></a> for: fe


Starting up. 18:08.45
---------------------

[18:08:50] ADMIN: Loading jobban_rank
[18:08:50] ADMIN: Jobban_keylist was empty
[18:08:50] ADMIN: Updating jobbanfile!
[18:08:50] ADMIN: Loading oocban_rank
[18:08:50] ADMIN: oocban_keylist was empty
[18:08:50] ADMIN: Updating jobbanfile!
ADMIN: furrychicken = Host
ADMIN: cherkir = Host
ADMIN: jasonvorheese = Primary Administrator
ADMIN: minimeatwad = Primary Administrator
ADMIN: xenosandboxthesecond = Primary Administrator
ADMIN: exbod = Secondary Administrator
ADMIN: zenek123 = Secondary Administrator
[18:09:10] ACCESS: Login: Furry Chicken from 


Starting up. 18:18.12
---------------------

[18:18:17] ADMIN: Loading jobban_rank
[18:18:17] ADMIN: Jobban_keylist was empty
[18:18:17] ADMIN: Updating jobbanfile!
[18:18:17] ADMIN: Loading oocban_rank
[18:18:17] ADMIN: oocban_keylist was empty
[18:18:17] ADMIN: Updating jobbanfile!
ADMIN: furrychicken = Host
ADMIN: cherkir = Host
ADMIN: jasonvorheese = Primary Administrator
ADMIN: minimeatwad = Primary Administrator
ADMIN: xenosandboxthesecond = Primary Administrator
ADMIN: exbod = Secondary Administrator
ADMIN: zenek123 = Secondary Administrator
[18:18:41] ACCESS: Login: Furry Chicken from 
[18:19:37] ADMIN: Furry Chicken has banned <a href="byond://?action=priv_msg&target=furrychicken">Furry Chicken</a>/Furry Chicken <a href='byond://?src=%admin_ref%&action=adminplayeropts&targetckey=furrychicken' class='popt'><i class='icon-info-sign'></i></a> for: wew


Starting up. 18:21.08
---------------------

[18:21:13] ADMIN: Loading jobban_rank
[18:21:13] ADMIN: Jobban_keylist was empty
[18:21:13] ADMIN: Updating jobbanfile!
[18:21:13] ADMIN: Loading oocban_rank
[18:21:13] ADMIN: oocban_keylist was empty
[18:21:13] ADMIN: Updating jobbanfile!
ADMIN: furrychicken = Host
ADMIN: cherkir = Host
ADMIN: jasonvorheese = Primary Administrator
ADMIN: minimeatwad = Primary Administrator
ADMIN: xenosandboxthesecond = Primary Administrator
ADMIN: exbod = Secondary Administrator
ADMIN: zenek123 = Secondary Administrator
[18:21:33] ACCESS: Login: Furry Chicken from 
[18:22:37] ADMIN: Furry Chicken has unbanned ew/cherkir/ for: 
[18:22:59] ADMIN: Furry Chicken has banned <a href="byond://?action=priv_msg&target=furrychicken">Furry Chicken</a>/Furry Chicken <a href='byond://?src=%admin_ref%&action=adminplayeropts&targetckey=furrychicken' class='popt'><i class='icon-info-sign'></i></a> for: nothing at all lol


Starting up. 18:24.30
---------------------

[18:24:35] ADMIN: Loading jobban_rank
[18:24:35] ADMIN: Jobban_keylist was empty
[18:24:35] ADMIN: Updating jobbanfile!
[18:24:35] ADMIN: Loading oocban_rank
[18:24:35] ADMIN: oocban_keylist was empty
[18:24:35] ADMIN: Updating jobbanfile!
ADMIN: furrychicken = Host
ADMIN: cherkir = Host
ADMIN: jasonvorheese = Primary Administrator
ADMIN: minimeatwad = Primary Administrator
ADMIN: xenosandboxthesecond = Primary Administrator
ADMIN: exbod = Secondary Administrator
ADMIN: zenek123 = Secondary Administrator
[18:24:54] ACCESS: Login: Furry Chicken from 


Starting up. 18:29.56
---------------------

[18:30:01] ADMIN: Loading jobban_rank
[18:30:01] ADMIN: Jobban_keylist was empty
[18:30:01] ADMIN: Updating jobbanfile!
[18:30:01] ADMIN: Loading oocban_rank
[18:30:01] ADMIN: oocban_keylist was empty
[18:30:01] ADMIN: Updating jobbanfile!
ADMIN: furrychicken = Host
ADMIN: cherkir = Host
ADMIN: jasonvorheese = Primary Administrator
ADMIN: minimeatwad = Primary Administrator
ADMIN: xenosandboxthesecond = Primary Administrator
ADMIN: exbod = Secondary Administrator
ADMIN: zenek123 = Secondary Administrator
[18:30:20] ACCESS: Login: Furry Chicken from 


Starting up. 18:37.33
---------------------

[18:37:38] ADMIN: Loading jobban_rank
[18:37:38] ADMIN: Jobban_keylist was empty
[18:37:38] ADMIN: Updating jobbanfile!
[18:37:38] ADMIN: Loading oocban_rank
[18:37:38] ADMIN: oocban_keylist was empty
[18:37:38] ADMIN: Updating jobbanfile!
ADMIN: furrychicken = Host
ADMIN: cherkir = Host
ADMIN: jasonvorheese = Primary Administrator
ADMIN: minimeatwad = Primary Administrator
ADMIN: xenosandboxthesecond = Primary Administrator
ADMIN: exbod = Secondary Administrator
ADMIN: zenek123 = Secondary Administrator
[18:37:57] ACCESS: Login: Furry Chicken from 


Starting up. 18:46.27
---------------------

[18:46:32] ADMIN: Loading jobban_rank
[18:46:32] ADMIN: Jobban_keylist was empty
[18:46:32] ADMIN: Updating jobbanfile!
[18:46:32] ADMIN: Loading oocban_rank
[18:46:32] ADMIN: oocban_keylist was empty
[18:46:32] ADMIN: Updating jobbanfile!
ADMIN: furrychicken = Host
ADMIN: cherkir = Host
ADMIN: jasonvorheese = Primary Administrator
ADMIN: minimeatwad = Primary Administrator
ADMIN: xenosandboxthesecond = Primary Administrator
ADMIN: exbod = Secondary Administrator
ADMIN: zenek123 = Secondary Administrator
[18:46:51] ACCESS: Login: Furry Chicken from 


Starting up. 19:04.19
---------------------

[19:04:24] ADMIN: Loading jobban_rank
[19:04:24] ADMIN: Jobban_keylist was empty
[19:04:24] ADMIN: Updating jobbanfile!
[19:04:24] ADMIN: Loading oocban_rank
[19:04:24] ADMIN: oocban_keylist was empty
[19:04:24] ADMIN: Updating jobbanfile!
ADMIN: furrychicken = Host
ADMIN: cherkir = Host
ADMIN: jasonvorheese = Primary Administrator
ADMIN: minimeatwad = Primary Administrator
ADMIN: xenosandboxthesecond = Primary Administrator
ADMIN: exbod = Secondary Administrator
ADMIN: zenek123 = Secondary Administrator
[19:04:47] ACCESS: Login: Furry Chicken from 
[19:06:23] ADMIN: Furry Chicken has banned <a href="byond://?action=priv_msg&target=furrychicken">Furry Chicken</a>/Furry Chicken <a href='byond://?src=%admin_ref%&action=adminplayeropts&targetckey=furrychicken' class='popt'><i class='icon-info-sign'></i></a> for: f


Starting up. 19:07.58
---------------------

[19:08:03] ADMIN: Loading jobban_rank
[19:08:03] ADMIN: Jobban_keylist was empty
[19:08:03] ADMIN: Updating jobbanfile!
[19:08:03] ADMIN: Loading oocban_rank
[19:08:03] ADMIN: oocban_keylist was empty
[19:08:03] ADMIN: Updating jobbanfile!
ADMIN: furrychicken = Host
ADMIN: cherkir = Host
ADMIN: jasonvorheese = Primary Administrator
ADMIN: minimeatwad = Primary Administrator
ADMIN: xenosandboxthesecond = Primary Administrator
ADMIN: exbod = Secondary Administrator
ADMIN: zenek123 = Secondary Administrator
[19:08:24] ACCESS: Login: Furry Chicken from 


Starting up. 19:14.13
---------------------

[19:14:18] ADMIN: Loading jobban_rank
[19:14:18] ADMIN: Jobban_keylist was empty
[19:14:18] ADMIN: Updating jobbanfile!
[19:14:18] ADMIN: Loading oocban_rank
[19:14:18] ADMIN: oocban_keylist was empty
[19:14:18] ADMIN: Updating jobbanfile!
ADMIN: furrychicken = Host
ADMIN: cherkir = Host
ADMIN: jasonvorheese = Primary Administrator
ADMIN: minimeatwad = Primary Administrator
ADMIN: xenosandboxthesecond = Primary Administrator
ADMIN: exbod = Secondary Administrator
ADMIN: zenek123 = Secondary Administrator
[19:14:38] ACCESS: Login: Furry Chicken from 
[19:15:35] ADMIN: Furry Chicken has banned <a href="byond://?action=priv_msg&target=furrychicken">Furry Chicken</a>/Furry Chicken <a href='byond://?src=%admin_ref%&action=adminplayeropts&targetckey=furrychicken' class='popt'><i class='icon-info-sign'></i></a> for: 1


Starting up. 19:17.23
---------------------

[19:17:28] ADMIN: Loading jobban_rank
[19:17:28] ADMIN: Jobban_keylist was empty
[19:17:28] ADMIN: Updating jobbanfile!
[19:17:28] ADMIN: Loading oocban_rank
[19:17:28] ADMIN: oocban_keylist was empty
[19:17:28] ADMIN: Updating jobbanfile!
ADMIN: furrychicken = Host
ADMIN: cherkir = Host
ADMIN: jasonvorheese = Primary Administrator
ADMIN: minimeatwad = Primary Administrator
ADMIN: xenosandboxthesecond = Primary Administrator
ADMIN: exbod = Secondary Administrator
ADMIN: zenek123 = Secondary Administrator
[19:17:48] ACCESS: Login: Furry Chicken from 


Starting up. 19:27.30
---------------------

[19:27:35] ADMIN: Loading jobban_rank
[19:27:35] ADMIN: Jobban_keylist was empty
[19:27:35] ADMIN: Updating jobbanfile!
[19:27:35] ADMIN: Loading oocban_rank
[19:27:35] ADMIN: oocban_keylist was empty
[19:27:35] ADMIN: Updating jobbanfile!
ADMIN: furrychicken = Host
ADMIN: cherkir = Host
ADMIN: jasonvorheese = Primary Administrator
ADMIN: minimeatwad = Primary Administrator
ADMIN: xenosandboxthesecond = Primary Administrator
ADMIN: exbod = Secondary Administrator
ADMIN: zenek123 = Secondary Administrator
[19:27:53] ACCESS: Login: Furry Chicken from 


Starting up. 19:32.03
---------------------

[19:32:07] ADMIN: Loading jobban_rank
[19:32:07] ADMIN: Jobban_keylist was empty
[19:32:07] ADMIN: Updating jobbanfile!
[19:32:07] ADMIN: Loading oocban_rank
[19:32:07] ADMIN: oocban_keylist was empty
[19:32:07] ADMIN: Updating jobbanfile!
ADMIN: furrychicken = Host
ADMIN: cherkir = Host
ADMIN: jasonvorheese = Primary Administrator
ADMIN: minimeatwad = Primary Administrator
ADMIN: xenosandboxthesecond = Primary Administrator
ADMIN: exbod = Secondary Administrator
ADMIN: zenek123 = Secondary Administrator
[19:32:26] ACCESS: Login: Furry Chicken from 
[19:34:17] ADMIN: Furry Chicken has banned <a href="byond://?action=priv_msg&target=furrychicken">Furry Chicken</a>/Furry Chicken <a href='byond://?src=%admin_ref%&action=adminplayeropts&targetckey=furrychicken' class='popt'><i class='icon-info-sign'></i></a> for: 1321


Starting up. 19:43.29
---------------------

[19:43:33] ADMIN: Loading jobban_rank
[19:43:33] ADMIN: Jobban_keylist was empty
[19:43:33] ADMIN: Updating jobbanfile!
[19:43:33] ADMIN: Loading oocban_rank
[19:43:33] ADMIN: oocban_keylist was empty
[19:43:33] ADMIN: Updating jobbanfile!
ADMIN: furrychicken = Host
ADMIN: cherkir = Host
ADMIN: jasonvorheese = Primary Administrator
ADMIN: minimeatwad = Primary Administrator
ADMIN: xenosandboxthesecond = Primary Administrator
ADMIN: exbod = Secondary Administrator
ADMIN: zenek123 = Secondary Administrator
[19:43:52] ACCESS: Login: Furry Chicken from 
[20:11:30] ADMIN: Furry Chicken has banned <a href="byond://?action=priv_msg&target=furrychicken">Furry Chicken</a>/Furry Chicken <a href='byond://?src=%admin_ref%&action=adminplayeropts&targetckey=furrychicken' class='popt'><i class='icon-info-sign'></i></a> for: o


Starting up. 20:13.49
---------------------

[20:13:54] ADMIN: Loading jobban_rank
[20:13:54] ADMIN: Jobban_keylist was empty
[20:13:54] ADMIN: Updating jobbanfile!
[20:13:54] ADMIN: Loading oocban_rank
[20:13:54] ADMIN: oocban_keylist was empty
[20:13:54] ADMIN: Updating jobbanfile!
ADMIN: furrychicken = Host
ADMIN: cherkir = Host
ADMIN: jasonvorheese = Primary Administrator
ADMIN: minimeatwad = Primary Administrator
ADMIN: xenosandboxthesecond = Primary Administrator
ADMIN: exbod = Secondary Administrator
ADMIN: zenek123 = Secondary Administrator
[20:14:14] ACCESS: Login: Furry Chicken from 


Starting up. 20:24.16
---------------------

[20:24:21] ADMIN: Loading jobban_rank
[20:24:21] ADMIN: Jobban_keylist was empty
[20:24:21] ADMIN: Updating jobbanfile!
[20:24:21] ADMIN: Loading oocban_rank
[20:24:21] ADMIN: oocban_keylist was empty
[20:24:21] ADMIN: Updating jobbanfile!
ADMIN: furrychicken = Host
ADMIN: cherkir = Host
ADMIN: jasonvorheese = Primary Administrator
ADMIN: minimeatwad = Primary Administrator
ADMIN: xenosandboxthesecond = Primary Administrator
ADMIN: exbod = Secondary Administrator
ADMIN: zenek123 = Secondary Administrator
[20:24:37] ACCESS: Login: Furry Chicken from 
[20:30:24] ADMIN: Furry Chicken has banned <a href="byond://?action=priv_msg&target=furrychicken">Furry Chicken</a>/Furry Chicken <a href='byond://?src=%admin_ref%&action=adminplayeropts&targetckey=furrychicken' class='popt'><i class='icon-info-sign'></i></a> for: we


Starting up. 20:33.15
---------------------

[20:33:20] ADMIN: Loading jobban_rank
[20:33:20] ADMIN: Jobban_keylist was empty
[20:33:20] ADMIN: Updating jobbanfile!
[20:33:20] ADMIN: Loading oocban_rank
[20:33:20] ADMIN: oocban_keylist was empty
[20:33:20] ADMIN: Updating jobbanfile!
ADMIN: furrychicken = Host
ADMIN: cherkir = Host
ADMIN: jasonvorheese = Primary Administrator
ADMIN: minimeatwad = Primary Administrator
ADMIN: xenosandboxthesecond = Primary Administrator
ADMIN: exbod = Secondary Administrator
ADMIN: zenek123 = Secondary Administrator
[20:33:37] ACCESS: Login: Furry Chicken from 


Starting up. 20:40.28
---------------------

[20:40:32] ADMIN: Loading jobban_rank
[20:40:32] ADMIN: Jobban_keylist was empty
[20:40:32] ADMIN: Updating jobbanfile!
[20:40:32] ADMIN: Loading oocban_rank
[20:40:32] ADMIN: oocban_keylist was empty
[20:40:32] ADMIN: Updating jobbanfile!
ADMIN: furrychicken = Host
ADMIN: cherkir = Host
ADMIN: jasonvorheese = Primary Administrator
ADMIN: minimeatwad = Primary Administrator
ADMIN: xenosandboxthesecond = Primary Administrator
ADMIN: exbod = Secondary Administrator
ADMIN: zenek123 = Secondary Administrator
[20:40:49] ACCESS: Login: Furry Chicken from 
[20:42:14] ADMIN: Furry Chicken has banned <a href="byond://?action=priv_msg&target=furrychicken">Furry Chicken</a>/Furry Chicken <a href='byond://?src=%admin_ref%&action=adminplayeropts&targetckey=furrychicken' class='popt'><i class='icon-info-sign'></i></a> for: 213


Starting up. 20:45.28
---------------------

[20:45:32] ADMIN: Loading jobban_rank
[20:45:32] ADMIN: Jobban_keylist was empty
[20:45:32] ADMIN: Updating jobbanfile!
[20:45:32] ADMIN: Loading oocban_rank
[20:45:32] ADMIN: oocban_keylist was empty
[20:45:32] ADMIN: Updating jobbanfile!
ADMIN: furrychicken = Host
ADMIN: cherkir = Host
ADMIN: jasonvorheese = Primary Administrator
ADMIN: minimeatwad = Primary Administrator
ADMIN: xenosandboxthesecond = Primary Administrator
ADMIN: exbod = Secondary Administrator
ADMIN: zenek123 = Secondary Administrator
[20:45:50] ACCESS: Login: Furry Chicken from 


Starting up. 21:17.27
---------------------

[21:17:31] ADMIN: Loading jobban_rank
[21:17:31] ADMIN: Jobban_keylist was empty
[21:17:31] ADMIN: Updating jobbanfile!
[21:17:31] ADMIN: Loading oocban_rank
[21:17:31] ADMIN: oocban_keylist was empty
[21:17:31] ADMIN: Updating jobbanfile!
ADMIN: furrychicken = Host
ADMIN: cherkir = Host
ADMIN: jasonvorheese = Primary Administrator
ADMIN: minimeatwad = Primary Administrator
ADMIN: xenosandboxthesecond = Primary Administrator
ADMIN: exbod = Secondary Administrator
ADMIN: zenek123 = Secondary Administrator
[21:17:48] ACCESS: Login: Furry Chicken from 
[21:21:10] ACCESS: Login: Furry Chicken [TRAITOR] from 
[21:21:14] SAY: Father Jack (NPC) : ARSE!
[21:22:21] SAY: Shitty Bill (NPC) : Nice treads, friend.
[21:22:33] SAY: Shitty Bill (NPC) : What you lookin' at, scrub?
[21:22:53] SAY: Shitty Bill (NPC) : Oh hell, it's Donald "Don" Glabs.
[21:23:00] SAY: Shitty Bill (NPC) : Man, I sure don't miss that big meaty dude.
[21:23:33] SAY: Shitty Bill (NPC) : Hey, gimme yer hugs.
[21:24:08] SAY: Father Jack (NPC) : DRINK!
[21:24:20] SAY: Shitty Bill (NPC) : Got a light, idiot?
[21:24:31] SAY: Shitty Bill (NPC) : Sup Donald "Don" Glabs.
[21:25:00] SAY: Shitty Bill (NPC) : Nice name, beardo.
[21:26:05] SAY: Shitty Bill (NPC) : Hey, gimme yer smokes.
[21:28:07] SAY: Father Jack (NPC) : FECK!
[21:28:26] SAY: Father Jack (NPC) : That would be an ecumenical matter.


Starting up. 21:29.26
---------------------

[21:29:31] ADMIN: Loading jobban_rank
[21:29:31] ADMIN: Jobban_keylist was empty
[21:29:31] ADMIN: Updating jobbanfile!
[21:29:31] ADMIN: Loading oocban_rank
[21:29:31] ADMIN: oocban_keylist was empty
[21:29:31] ADMIN: Updating jobbanfile!
ADMIN: furrychicken = Host
ADMIN: cherkir = Host
ADMIN: jasonvorheese = Primary Administrator
ADMIN: minimeatwad = Primary Administrator
ADMIN: xenosandboxthesecond = Primary Administrator
ADMIN: exbod = Secondary Administrator
ADMIN: zenek123 = Secondary Administrator
[21:29:55] ACCESS: Login: Furry Chicken from 


Starting up. 21:40.00
---------------------

[21:40:05] ADMIN: Loading jobban_rank
[21:40:05] ADMIN: Jobban_keylist was empty
[21:40:05] ADMIN: Updating jobbanfile!
[21:40:05] ADMIN: Loading oocban_rank
[21:40:05] ADMIN: oocban_keylist was empty
[21:40:05] ADMIN: Updating jobbanfile!
ADMIN: furrychicken = Host
ADMIN: cherkir = Host
ADMIN: jasonvorheese = Primary Administrator
ADMIN: minimeatwad = Primary Administrator
ADMIN: xenosandboxthesecond = Primary Administrator
ADMIN: exbod = Secondary Administrator
ADMIN: zenek123 = Secondary Administrator


Starting up. 21:47.34
---------------------

[21:47:39] ADMIN: Loading jobban_rank
[21:47:39] ADMIN: Jobban_keylist was empty
[21:47:39] ADMIN: Updating jobbanfile!
[21:47:39] ADMIN: Loading oocban_rank
[21:47:39] ADMIN: oocban_keylist was empty
[21:47:39] ADMIN: Updating jobbanfile!
ADMIN: furrychicken = Host
ADMIN: cherkir = Host
ADMIN: jasonvorheese = Primary Administrator
ADMIN: minimeatwad = Primary Administrator
ADMIN: xenosandboxthesecond = Primary Administrator
ADMIN: exbod = Secondary Administrator
ADMIN: zenek123 = Secondary Administrator


Starting up. 22:04.26
---------------------

[22:04:30] ADMIN: Loading jobban_rank
[22:04:30] ADMIN: Jobban_keylist was empty
[22:04:30] ADMIN: Updating jobbanfile!
[22:04:30] ADMIN: Loading oocban_rank
[22:04:30] ADMIN: oocban_keylist was empty
[22:04:30] ADMIN: Updating jobbanfile!
ADMIN: furrychicken = Host
ADMIN: cherkir = Host
ADMIN: jasonvorheese = Primary Administrator
ADMIN: minimeatwad = Primary Administrator
ADMIN: xenosandboxthesecond = Primary Administrator
ADMIN: exbod = Secondary Administrator
ADMIN: zenek123 = Secondary Administrator


Starting up. 22:09.12
---------------------

[22:09:17] ADMIN: Loading jobban_rank
[22:09:17] ADMIN: Jobban_keylist was empty
[22:09:17] ADMIN: Updating jobbanfile!
[22:09:17] ADMIN: Loading oocban_rank
[22:09:17] ADMIN: oocban_keylist was empty
[22:09:17] ADMIN: Updating jobbanfile!
ADMIN: furrychicken = Host
ADMIN: cherkir = Host
ADMIN: jasonvorheese = Primary Administrator
ADMIN: minimeatwad = Primary Administrator
ADMIN: xenosandboxthesecond = Primary Administrator
ADMIN: exbod = Secondary Administrator
ADMIN: zenek123 = Secondary Administrator
[22:09:38] ACCESS: Login: Furry Chicken from 
[22:10:45] ADMIN: Furry Chicken has banned <a href="byond://?action=priv_msg&target=furrychicken">Furry Chicken</a>/Furry Chicken <a href='byond://?src=%admin_ref%&action=adminplayeropts&targetckey=furrychicken' class='popt'><i class='icon-info-sign'></i></a> for: 12


Starting up. 22:12.19
---------------------

[22:12:25] ADMIN: Loading jobban_rank
[22:12:25] ADMIN: Jobban_keylist was empty
[22:12:25] ADMIN: Updating jobbanfile!
[22:12:25] ADMIN: Loading oocban_rank
[22:12:25] ADMIN: oocban_keylist was empty
[22:12:25] ADMIN: Updating jobbanfile!
ADMIN: furrychicken = Host
ADMIN: cherkir = Host
ADMIN: jasonvorheese = Primary Administrator
ADMIN: minimeatwad = Primary Administrator
ADMIN: xenosandboxthesecond = Primary Administrator
ADMIN: exbod = Secondary Administrator
ADMIN: zenek123 = Secondary Administrator
[22:12:48] ACCESS: Login: Furry Chicken from 
