

Starting up. 17:29.34
---------------------

[17:29:38] ADMIN: Loading jobban_rank
[17:29:38] ADMIN: Jobban_keylist was empty
[17:29:38] ADMIN: Updating jobbanfile!
[17:29:38] ADMIN: Loading oocban_rank
[17:29:38] ADMIN: oocban_keylist was empty
[17:29:38] ADMIN: Updating jobbanfile!
ADMIN: furrychicken = Host
ADMIN: cherkir = Host
ADMIN: jasonvorheese = Primary Administrator
ADMIN: minimeatwad = Primary Administrator
ADMIN: xenosandboxthesecond = Primary Administrator
ADMIN: exbod = Secondary Administrator
ADMIN: zenek123 = Secondary Administrator
[17:29:53] ACCESS: Login: Furry Chicken from 
[17:51:27] ACCESS: Login: Furry Chicken from 
[17:54:16] ACCESS: Login: space bear (Furry Chicken) from 
[17:54:20] ADMIN: space bear (Furry Chicken) has made space bear (Furry Chicken) a human.
[17:54:27] ADMIN: space bear (Furry Chicken) has made space bear (Furry Chicken) a human.
[17:54:30] ADMIN: space bear (Furry Chicken) has made space bear (Furry Chicken) a human.
[17:54:31] ADMIN: space bear (Furry Chicken) has made space bear (Furry Chicken) a human.
[17:54:37] ACCESS: Login: Txmdouky the Destroyer (Furry Chicken) from 
[17:54:39] ADMIN: Txmdouky the Destroyer (Furry Chicken) [TRAITOR] removed the antagonist status of Txmdouky the Destroyer (Furry Chicken) [TRAITOR].


Starting up. 19:52.21
---------------------

[19:52:26] ADMIN: Loading jobban_rank
[19:52:26] ADMIN: Jobban_keylist was empty
[19:52:26] ADMIN: Updating jobbanfile!
[19:52:26] ADMIN: Loading oocban_rank
[19:52:26] ADMIN: oocban_keylist was empty
[19:52:26] ADMIN: Updating jobbanfile!
ADMIN: furrychicken = Host
ADMIN: cherkir = Host
ADMIN: jasonvorheese = Primary Administrator
ADMIN: minimeatwad = Primary Administrator
ADMIN: xenosandboxthesecond = Primary Administrator
ADMIN: exbod = Secondary Administrator
ADMIN: zenek123 = Secondary Administrator
[19:52:49] ACCESS: Login: Furry Chicken from 
[19:53:51] ACCESS: Login: Furry Chicken from 
[19:53:56] ADMIN: Pavel Havel (Furry Chicken) [DEAD] has started the game.
[19:54:10] ACCESS: Login: Mxolrru the Tyrant (Furry Chicken) from 
[19:54:12] ADMIN: Mxolrru the Tyrant (Furry Chicken) [TRAITOR] removed the antagonist status of Mxolrru the Tyrant (Furry Chicken) [TRAITOR].
[19:54:37] ACCESS: Login: Furry Chicken from 
[19:54:39] SAY: maetzo Maenn (Furry Chicken) : *scream
[19:55:34] ADMIN: maetzo Maenn (Furry Chicken) opened the create_object panel
[19:55:42] ADMIN: maetzo Maenn (Furry Chicken) created a /obj/workbench
[19:56:33] ADMIN: maetzo Maenn (Furry Chicken) opened the create_object panel
[19:56:39] ADMIN: maetzo Maenn (Furry Chicken) created a /obj/item/crowbar
[19:56:47] ADMIN: maetzo Maenn (Furry Chicken) created a /obj/item/raw_material/shard/glass
[19:57:08] SAY: maetzo Maenn (Furry Chicken) : *scream
[19:58:34] ADMIN: maetzo Maenn (Furry Chicken) opened the create_object panel
[19:58:41] ADMIN: maetzo Maenn (Furry Chicken) created a /obj/item/cable_coil
[19:59:11] SAY: maetzo Maenn (Furry Chicken) : *scream
[19:59:12] SAY: maetzo Maenn (Furry Chicken) : *scream
[19:59:50] SAY: maetzo Maenn (Furry Chicken) : *scream
[20:03:08] ADMIN: maetzo Maenn (Furry Chicken) opened the create_object panel
[20:03:13] ADMIN: maetzo Maenn (Furry Chicken) created a /obj/item/wirecutters
[20:03:19] ADMIN: maetzo Maenn (Furry Chicken) created a /obj/item/electronics/battery


Starting up. 20:16.05
---------------------

[20:16:10] ADMIN: Loading jobban_rank
[20:16:10] ADMIN: Jobban_keylist was empty
[20:16:10] ADMIN: Updating jobbanfile!
[20:16:10] ADMIN: Loading oocban_rank
[20:16:10] ADMIN: oocban_keylist was empty
[20:16:10] ADMIN: Updating jobbanfile!
ADMIN: furrychicken = Host
ADMIN: cherkir = Host
ADMIN: jasonvorheese = Primary Administrator
ADMIN: minimeatwad = Primary Administrator
ADMIN: xenosandboxthesecond = Primary Administrator
ADMIN: exbod = Secondary Administrator
ADMIN: zenek123 = Secondary Administrator
[20:16:30] ACCESS: Login: Furry Chicken from 
[20:19:13] ACCESS: Login: Furry Chicken from 
[20:19:27] ADMIN: Pavel Havel (Furry Chicken) [DEAD] has started the game.
[20:19:29] ACCESS: Login: Furry Chicken from 
[20:19:31] SAY: maecho men (Furry Chicken) : *scream
[20:19:35] ADMIN: maecho men (Furry Chicken) opened the create_object panel
[20:19:43] ADMIN: maecho men (Furry Chicken) created a /obj/workbench
[20:19:54] ADMIN: maecho men (Furry Chicken) opened the create_object panel
[20:20:05] ADMIN: maecho men (Furry Chicken) created a /obj/item/electronics/batteryassembly
[20:20:11] ADMIN: maecho men (Furry Chicken) created a /obj/item/crowbar
[20:20:29] SAY: maecho men (Furry Chicken) : *scream
