

Starting up. 14:01.42
---------------------

[14:01:48] ADMIN: Loading jobban_rank
[14:01:48] ADMIN: Jobban_keylist was empty
[14:01:48] ADMIN: Updating jobbanfile!
[14:01:48] ADMIN: Loading oocban_rank
[14:01:48] ADMIN: oocban_keylist was empty
[14:01:48] ADMIN: Updating jobbanfile!
ADMIN: furrychicken = Host
ADMIN: cherkir = Host
ADMIN: jasonvorheese = Primary Administrator
ADMIN: minimeatwad = Primary Administrator
ADMIN: xenosandboxthesecond = Primary Administrator
ADMIN: exbod = Secondary Administrator
ADMIN: zenek123 = Secondary Administrator
[14:03:47] ACCESS: Login: Dragonflamesrest from 24.101.146.251
[14:03:47] ACCESS: Login: Furry Chicken from 50.133.2.25
[14:04:27] OOC: Furry Chicken : AH FUCK
[14:04:31] OOC: Furry Chicken : NOT THE RSC BUG REEEEEEEEEEE
[14:05:44] ACCESS: Login: Dragonflamesrest [TRAITOR] from 24.101.146.251
[14:05:56] OOC: Alien Queen (Dragonflamesrest) [TRAITOR] : umm
[14:06:00] ACCESS: Login: JaxonMaxx [DEAD] from 76.254.196.238
[14:06:03] OOC: Alien Queen (Dragonflamesrest) [TRAITOR] : why is there jeff faces
[14:06:12] ACCESS: Login: Jace Straub (JaxonMaxx) from 76.254.196.238
[14:06:27] SAY: Shitty Bill (NPC) : You dance?
[14:07:16] OOC: Furry Chicken [DEAD] : rebooting, this never happened
[14:07:19] ADMIN: Furry Chicken [DEAD] initiated a reboot.


Starting up. 14:09.24
---------------------

[14:09:28] ADMIN: Loading jobban_rank
[14:09:28] ADMIN: Jobban_keylist was empty
[14:09:28] ADMIN: Updating jobbanfile!
[14:09:28] ADMIN: Loading oocban_rank
[14:09:28] ADMIN: oocban_keylist was empty
[14:09:28] ADMIN: Updating jobbanfile!
ADMIN: furrychicken = Host
ADMIN: cherkir = Host
ADMIN: jasonvorheese = Primary Administrator
ADMIN: minimeatwad = Primary Administrator
ADMIN: xenosandboxthesecond = Primary Administrator
ADMIN: exbod = Secondary Administrator
ADMIN: zenek123 = Secondary Administrator
[14:09:42] ACCESS: Login: Furry Chicken from 50.133.2.25
[14:09:42] ACCESS: Login: Dragonflamesrest from 24.101.146.251
[14:09:57] ACCESS: Login: Mhatt12 from 73.227.177.95
[14:10:52] OOC: Dragonflamesrest : wew
[14:12:05] ADMIN: Dragonflamesrest used adminwho and saw 1 admins.
[14:13:07] ACCESS: Login: Dragonflamesrest [TRAITOR] from 24.101.146.251
[14:13:11] SAY: Shitty Bill (NPC) : You roll?
[14:13:18] SAY: Alien Queen (Dragonflamesrest) [TRAITOR] : *snarl
[14:13:28] ACCESS: Login: Graham Overstreet (Mhatt12) from 73.227.177.95
[14:13:32] SAY: Shitty Bill (NPC) : Got a light, dweeb?
[14:14:10] SAY: Shitty Bill (NPC) : Man, I sure don't miss that lumpy station.
[14:14:50] SAY: Shitty Bill (NPC) : You a Synder?
[14:15:02] ACCESS: Login: Furry Chicken [DEAD] from 50.133.2.25
[14:15:16] SAY: Shitty Bill (NPC) : Oh hell, it's Donald "Don" Glabs.
[14:15:21] SAY: Shitty Bill (NPC) : Nice name, pal.
[14:15:57] ACCESS: Login: Pavel Havel (Furry Chicken) [DEAD] from 50.133.2.25
[14:16:46] SAY: Shitty Bill (NPC) : Man, I sure miss Alpha Centauri.
[14:17:15] SAY: Alien Queen (Dragonflamesrest) [TRAITOR] : *roar
[14:17:17] SAY: Alien Queen (Dragonflamesrest) [TRAITOR] : *dance
[14:17:36] SAY: Alien Queen (Dragonflamesrest) [TRAITOR] : *hiss
[14:17:44] SAY: Alien Queen (Dragonflamesrest) [TRAITOR] : *roar
[14:17:49] ACCESS: Login: Pavel Havel (Furry Chicken) [DEAD] from 50.133.2.25
[14:17:56] SAY: Alien Queen (Dragonflamesrest) [TRAITOR] : *roar
[14:18:07] SAY: Alien Queen (Dragonflamesrest) [TRAITOR] : *roar
[14:18:19] SAY: Shitty Bill (NPC) : Nice ship, chief.
[14:18:44] SAY: Shitty Bill (NPC) : You jet?
[14:19:37] SAY: Shitty Bill (NPC) : I think my homies died in space.
[14:19:50] SAY: Father Jack (NPC) : That would be an ecumenical matter.
[14:20:18] SAY: Shitty Bill (NPC) : Oh hell, it's Donald "Don" Glabs.
[14:20:42] SAY: Shitty Bill (NPC) : Got any beff?
[14:21:11] SAY: Shitty Bill (NPC) : Hey dweeb, gimme yer patch.
[14:21:15] SAY: Father Jack (NPC) : DRINK!
[14:21:39] ACCESS: Login: Furry Chicken from 50.133.2.25
[14:21:44] SAY: Alien Facehugger 334 (Furry Chicken) :  Ayy moma
[14:21:49] SAY: Alien Queen (Dragonflamesrest) [TRAITOR] :  ay
[14:22:00] SAY: Alien Queen (Dragonflamesrest) [TRAITOR] :  do you see any any humans
[14:22:19] SAY: Alien Facehugger 334 (Furry Chicken) :  No
[14:22:24] SAY: Shitty Bill (NPC) : You a nerd?
[14:22:39] SAY: Alien Queen (Dragonflamesrest) [TRAITOR] :  found one
[14:22:43] SAY: Alien Queen (Dragonflamesrest) [TRAITOR] : "a medbay
[14:22:48] ACCESS: Login: Igniscorvus [DEAD] from 217.61.226.216
[14:23:11] SAY: Alien Queen (Dragonflamesrest) [TRAITOR] : *roar
[14:23:20] SAY: Shitty Bill (NPC) : What the hell are you lookin' at, pal?
[14:24:22] SAY: Shitty Bill (NPC) : Hey brud, gimme yer jet.
[14:25:45] SAY: Alien Queen (Dragonflamesrest) [TRAITOR] : wtf
[14:25:52] SAY: Alien Queen (Dragonflamesrest) [TRAITOR] : wheres my larva
[14:26:03] SAY: Father Jack (NPC) : GIRLS!
[14:26:22] SAY: Shitty Bill (NPC) : I ever tell you 'bout the time I got high with a bee?
[14:26:24] SAY: Father Jack (NPC) : That would be an ecumenical matter.
[14:26:50] SAY: Shitty Bill (NPC) : Hey friendo, gimme yer bees.
[14:27:07] SAY: Shitty Bill (NPC) : You a robot?
[14:28:03] SAY: Shitty Bill (NPC) : Man, I sure miss my wife.
[14:29:04] SAY: Shitty Bill (NPC) : Hey, gimme yer keys.
[14:30:30] SAY: Father Jack (NPC) : FECK!
[14:33:18] SAY: Shitty Bill (NPC) : Got a light, beardo?
[14:33:20] ACCESS: Login: Kasiopeo [DEAD] from 181.232.115.14
[14:34:54] SAY: Father Jack (NPC) : ARSE!
[14:35:33] SAY: Shitty Bill (NPC) : Nice hog, nerd.
[14:35:36] SAY: Shitty Bill (NPC) : You a cop?
[14:35:57] SAY: Shitty Bill (NPC) : Hey brud, gimme yer smokes.
[14:36:01] SAY: Shitty Bill (NPC) : What the hell are you lookin' at, clown?
[14:36:33] SAY: Shitty Bill (NPC) : The hell're you lookin' at, bud?
[14:36:53] ACCESS: Login: Shamzie [DEAD] from 198.13.255.155
[14:37:05] ACCESS: Login: Lincoln Baker (Kasiopeo) from 181.232.115.14
[14:37:16] ACCESS: Login: Shamzie [DEAD] from 198.13.255.155
[14:37:58] SAY: Shitty Bill (NPC) : Got a light, wirehead?
[14:38:33] SAY: Alien Queen (Dragonflamesrest) [TRAITOR] : *roar
[14:39:02] SAY: Alien Queen (Dragonflamesrest) [TRAITOR] : *roar
[14:39:10] ACCESS: Login: Igniscorvus [DEAD] from 217.61.226.216
[14:40:29] SAY: Father Jack (NPC) : That would be an ecumenical matter.
[14:40:39] SAY: Father Jack (NPC) : DRINK!
[14:40:39] ACCESS: Login: Alien Queen (Dragonflamesrest) [TRAITOR] from 24.101.146.251
[14:40:44] SAY: Shitty Bill (NPC) : I think my crew set me up.
[14:40:50] ACCESS: Login: Ignis King (Igniscorvus) from 217.61.226.216
[14:41:03] SAY: Alien Queen (Dragonflamesrest) [TRAITOR] : *roar
[14:41:37] SAY: Alien Facehugger 334 (Furry Chicken) :  Mother
[14:41:41] SAY: Alien Facehugger 334 (Furry Chicken) :  Leave the hosts to me
[14:43:05] SAY: Shitty Bill (NPC) : Hey friendo, gimme yer cash.
[14:43:12] SAY: Shitty Bill (NPC) : Man, I sure don't miss the Rings.
[14:43:21] SAY: Shitty Bill (NPC) : Yo, gimme yer smokes.
[14:43:42] SAY: Shitty Bill (NPC) : Nice threads, scrub.
[14:43:43] ACCESS: Login: Alien Facehugger 334 (Furry Chicken) from 50.133.2.25
[14:43:55] ACCESS: Login: Alien Facehugger 334 (Furry Chicken) from 50.133.2.25
[14:43:55] SAY: Alien Queen (Dragonflamesrest) [TRAITOR] : *roar
[14:44:05] OOC: Alien Facehugger 334 (Furry Chicken) : please ahelp any problems
[14:44:22] SAY: Shitty Bill (NPC) : Man, I sure don't miss your dad.
[14:45:31] SAY: Ignis King (Igniscorvus) : *scream
[14:46:02] SAY: Alien Facehugger 334 (Furry Chicken) :  Mom
[14:46:04] SAY: Alien Facehugger 334 (Furry Chicken) :  Let me get him
[14:46:35] SAY: Shitty Bill (NPC) : Hey dweeb, gimme yer jet.
[14:46:52] SAY: Father Jack (NPC) : FECK!
[14:46:53] OOC: Ignis King (Igniscorvus) : the speed of the alien is too high
[14:47:34] SAY: Ignis King (Igniscorvus) : *scream
[14:47:42] ACCESS: Login: Xenosandbox the Second [DEAD] from 98.200.200.133
[14:47:54] ACCESS: Login: Alien Facehugger 334 (Furry Chicken) from 50.133.2.25
[14:48:19] SAY: Shitty Bill (NPC) : 'Ey, it's Father Jack.
[14:48:28] OOC: Xenosandbox the Second [DEAD] : Admin in the house


Starting up. 14:50.34
---------------------

[14:50:39] ADMIN: Loading jobban_rank
[14:50:39] ADMIN: Jobban_keylist was empty
[14:50:39] ADMIN: Updating jobbanfile!
[14:50:39] ADMIN: Loading oocban_rank
[14:50:39] ADMIN: oocban_keylist was empty
[14:50:39] ADMIN: Updating jobbanfile!
ADMIN: furrychicken = Host
ADMIN: cherkir = Host
ADMIN: jasonvorheese = Primary Administrator
ADMIN: minimeatwad = Primary Administrator
ADMIN: xenosandboxthesecond = Primary Administrator
ADMIN: exbod = Secondary Administrator
ADMIN: zenek123 = Secondary Administrator
[14:50:54] ACCESS: Login: Dragonflamesrest from 24.101.146.251
[14:50:55] ACCESS: Login: Xenosandbox the Second from 98.200.200.133
[14:50:55] ACCESS: Login: Furry Chicken from 50.133.2.25
[14:50:55] ACCESS: Login: Kasiopeo from 181.232.115.14
[14:50:55] ACCESS: Login: Igniscorvus from 217.61.226.216
[14:51:33] ADMIN: Furry Chicken ASAY: wew ignore the was previously banned thing it&#39;s buggy
[14:51:59] ACCESS: Login: Dragonflamesrest from 24.101.146.251
[14:53:24] AHELP: Xenosandbox the Second PM'd Furry Chicken: Kkkk
[14:53:38] OOC: Xenosandbox the Second : Hello duckies
[14:54:13] ADMIN: Xenosandbox the Second ASAY: Are the warehouses in?
[14:54:21] ACCESS: Login: Furry Chicken [TRAITOR] from 50.133.2.25
[14:54:21] ACCESS: Login: Ignis King (Igniscorvus) from 217.61.226.216
[14:54:21] ACCESS: Login: Russell Lord (Dragonflamesrest) from 24.101.146.251
[14:54:29] SAY: Russell Lord (Dragonflamesrest) : hooh
[14:54:35] ACCESS: Login: Twig (Xenosandbox the Second) from 98.200.200.133
[14:54:50] ACCESS: Login: Abraham Picard (Kasiopeo) from 181.232.115.14
[14:54:56] SAY: Russell Lord (Dragonflamesrest) : hey
[14:55:01] SAY: Russell Lord (Dragonflamesrest) : zeeres e xenu neer
[14:55:06] SAY: Russell Lord (Dragonflamesrest) : em svedeesh
[14:55:15] SAY: Twig (Xenosandbox the Second) : HONK!!!!
[14:55:25] SAY: Twig (Xenosandbox the Second) : I WILL SCREAM
[14:55:26] SAY: Twig (Xenosandbox the Second) : *scream
[14:55:31] SAY: Shitty Bill (NPC) : Got a light, buddy?
[14:55:35] SAY: Shitty Bill (NPC) : How's it hangin' Donald "Don" Glabs.
[14:55:35] SAY: Alien Queen (Furry Chicken) [TRAITOR] : *roar
[14:55:38] SAY: Alien Queen (Furry Chicken) [TRAITOR] : *roar
[14:55:55] ACCESS: Login: Umguaxinim [DEAD] from 191.253.215.30
[14:56:04] SAY: Shitty Bill (NPC) : I ever tell you 'bout what Nanotrasen really did in 2051?
[14:56:44] SAY: Twig (Xenosandbox the Second) : CROWBARS
[14:57:17] SAY: Shitty Bill (NPC) : Nice ship, beardo.
[14:57:24] SAY: Twig (Xenosandbox the Second) : woot
[14:57:36] SAY: Ignis King (Igniscorvus) : *scream
[14:58:01] SAY: Shitty Bill (NPC) : Man, I sure miss my bee.
[14:58:07] ACCESS: Login: Tye Baker (Umguaxinim) from 191.253.215.30
[14:58:09] SAY: Father Jack (NPC) : DRINK!
[14:58:11] ACCESS: Login: CodeXCommand24 [DEAD] from 191.241.41.97
[14:58:21] SAY: Ignis King (Igniscorvus) : hello
[14:58:23] SAY: Shitty Bill (NPC) : Nice name, dude.
[14:58:26] SAY: Ignis King (Igniscorvus) : i saw something
[14:58:28] ACCESS: Login: CodeXCommand24 [DEAD] from 191.241.41.97
[14:58:39] SAY: Ignis King (Igniscorvus) : dont go to medicbay
[14:58:49] OOC: Twig (Xenosandbox the Second) : Welcome prepare to die
[14:59:32] ACCESS: Login: Reese Green (CodeXCommand24) [DEAD] from 191.241.41.97
[14:59:59] OOC: Twig (Xenosandbox the Second) : you can sharpen tools and other memey stuff so experiment
[15:00:15] OOC: Alien Queen (Furry Chicken) [TRAITOR] : no you can&#39;t
[15:00:19] OOC: Alien Queen (Furry Chicken) [TRAITOR] : that&#39;s not in yet
[15:00:22] SAY: Russell Lord (Dragonflamesrest) : hey
[15:00:23] OOC: Twig (Xenosandbox the Second) : Oh
[15:00:28] SAY: Russell Lord (Dragonflamesrest) : ee hefe-a sumetheeng
[15:00:28] OOC: Twig (Xenosandbox the Second) : Later today orrr?
[15:00:34] SAY: Russell Lord (Dragonflamesrest) : teke-a thet
[15:00:34] OOC: Alien Queen (Furry Chicken) [TRAITOR] : not sure when
[15:00:35] SAY: Abraham Picard (Kasiopeo) : CAN YOU GIVE ME ACCES?
[15:00:37] OOC: Alien Queen (Furry Chicken) [TRAITOR] : probably tommorrow
[15:00:38] SAY: Russell Lord (Dragonflamesrest) : em e cheff
[15:00:45] SAY: Russell Lord (Dragonflamesrest) : EE dun't knoo Bork Bork Bork!
[15:00:53] SAY: Russell Lord (Dragonflamesrest) : eet meeght be-a bruke
[15:01:06] ADMIN: Twig (Xenosandbox the Second) ASAY: laser pistols still 2 hit kills?
[15:01:14] SAY: Father Jack (NPC) : ARSE!
[15:01:18] ACCESS: Login: Reese Green (CodeXCommand24) [DEAD] from 191.241.41.97
[15:01:43] SAY: Twig (Xenosandbox the Second) : *scream
[15:01:49] AHELP: Alien Queen (Furry Chicken) [TRAITOR] PM'd Twig (Xenosandbox the Second): probably
[15:01:56] AHELP: Twig (Xenosandbox the Second) PM'd Alien Queen (Furry Chicken) [TRAITOR]: are there any aliens?
[15:02:00] AHELP: Alien Queen (Furry Chicken) [TRAITOR] PM'd Twig (Xenosandbox the Second): yes, me
[15:02:12] AHELP: Twig (Xenosandbox the Second) PM'd Alien Queen (Furry Chicken) [TRAITOR]: Git ta killin, im runnin around screamin
[15:02:12] SAY: Alien Queen (Furry Chicken) [TRAITOR] : *roar
[15:02:13] SAY: Shitty Bill (NPC) : I ever tell you 'bout when I was a grave-digger?
[15:02:15] SAY: Twig (Xenosandbox the Second) : *scream
[15:02:30] SAY: Twig (Xenosandbox the Second) : oi
[15:02:34] SAY: Tye Baker (Umguaxinim) : oi
[15:02:35] SAY: Twig (Xenosandbox the Second) : give me yer best loot
[15:02:36] SAY: Twig (Xenosandbox the Second) : now
[15:02:37] SAY: Twig (Xenosandbox the Second) : bitch
[15:02:45] SAY: Tye Baker (Umguaxinim) : i don't have nothing
[15:02:50] SAY: Twig (Xenosandbox the Second) : NOW
[15:02:56] SAY: Twig (Xenosandbox the Second) : yea
[15:02:59] SAY: Twig (Xenosandbox the Second) : thats what I like
[15:03:36] SAY: Twig (Xenosandbox the Second) : oi
[15:03:42] SAY: Twig (Xenosandbox the Second) : oi
[15:03:44] SAY: Russell Lord (Dragonflamesrest) : ey
[15:03:49] SAY: Russell Lord (Dragonflamesrest) : hefe-a thees
[15:03:49] SAY: Twig (Xenosandbox the Second) : Drop yer loot or die
[15:03:59] SAY: Russell Lord (Dragonflamesrest) : vhet noo?
[15:04:01] SAY: Shitty Bill (NPC) : Hey brud, gimme yer cats.
[15:04:12] SAY: Ignis King (Igniscorvus) : *scream
[15:04:15] SAY: Shitty Bill (NPC) : Got any plazzers?
[15:04:15] SAY: Alien Queen (Furry Chicken) [TRAITOR] : *roar
[15:04:17] SAY: Ignis King (Igniscorvus) : *scream
[15:04:55] ADMIN: Twig (Xenosandbox the Second) healed / revived Twig (Xenosandbox the Second)
[15:04:56] SAY: Russell Lord (Dragonflamesrest) : yeeh
[15:05:01] ADMIN: Alien Queen (Furry Chicken) [TRAITOR] ASAY: why
[15:05:16] AHELP: Twig (Xenosandbox the Second) PM'd Alien Queen (Furry Chicken) [TRAITOR]: to make him waste his laser so he doesnt one hit kill you
[15:05:33] SAY: Russell Lord (Dragonflamesrest) : ffoock yuoo ffoockeeng luuter
[15:05:44] ADMIN: Twig (Xenosandbox the Second) [DEAD] ASAY: Lasers are WAAAAY too strong
[15:05:54] AHELP: Alien Queen (Furry Chicken) [TRAITOR] PM'd Twig (Xenosandbox the Second) [DEAD]: queens can actually survive a few
[15:05:57] ACCESS: Login: Abraham Picard (Kasiopeo) from 181.232.79.19
[15:05:59] AHELP: Alien Queen (Furry Chicken) [TRAITOR] PM'd Twig (Xenosandbox the Second) [DEAD]: if they get on weeds
[15:06:21] AHELP: Twig (Xenosandbox the Second) [DEAD] PM'd Alien Queen (Furry Chicken) [TRAITOR]: You fixed that? because last update weeds dont save you from burn crit
[15:06:31] SAY: Shitty Bill (NPC) : Oh Christ, it's Donald "Don" Glabs.
[15:06:39] ACCESS: Login: Twig (Xenosandbox the Second) [DEAD] from 98.200.200.133
[15:06:43] SAY: Tye Baker (Umguaxinim) : :h heelp
[15:07:09] AHELP: Alien Queen (Furry Chicken) [TRAITOR] PM'd Twig (Xenosandbox the Second) [DEAD]: no, but I've survived lasers as a queen before
[15:07:14] ADMIN: Twig (Xenosandbox the Second) [DEAD] has created an intercom announcement: xeno presence extreme
[15:07:24] AHELP: Twig (Xenosandbox the Second) [DEAD] PM'd Alien Queen (Furry Chicken) [TRAITOR]: good
[15:07:30] SAY: Shitty Bill (NPC) : I ever tell you 'bout your grampa?
[15:07:37] ADMIN: Alien Queen (Furry Chicken) [TRAITOR] has created an intercom announcement: ass blast usa
[15:07:47] SAY: Tye Baker (Umguaxinim) : heeeelp
[15:07:51] ADMIN: Twig (Xenosandbox the Second) [DEAD] has created an intercom announcement: ass blast usa woop woop
[15:08:06] SAY: Tye Baker (Umguaxinim) : heeeelp
[15:08:08] ADMIN: Twig (Xenosandbox the Second) [DEAD] has created an intercom announcement: woop woop ass blast usa woop woop
[15:08:21] OOC: Alien Queen (Furry Chicken) [TRAITOR] : muh immersion
[15:08:24] SAY: Shitty Bill (NPC) : I ever tell you 'bout my old buddy David?
[15:08:48] SAY: Shitty Bill (NPC) : You a robot?
[15:08:55] ADMIN: Twig (Xenosandbox the Second) [DEAD] ASAY: Can I spawn as a xeno in the nest if I go drone?
[15:08:58] SAY: Russell Lord (Dragonflamesrest) : ffoock ye-a tuooreests
[15:09:11] ACCESS: Login: Tye Baker (Umguaxinim) [DEAD] from 191.253.215.30
[15:09:22] AHELP: Alien Queen (Furry Chicken) [TRAITOR] PM'd Twig (Xenosandbox the Second) [DEAD]: you can spawn as a hugger in a second
[15:09:29] AHELP: Twig (Xenosandbox the Second) [DEAD] PM'd Alien Queen (Furry Chicken) [TRAITOR]: Oh true
[15:09:37] ADMIN: Twig (Xenosandbox the Second) [DEAD] Subtle Messaged Alien Queen (Furry Chicken) [TRAITOR]: Penise
[15:09:49] ADMIN: Alien Queen (Furry Chicken) [TRAITOR] Subtle Messaged Twig (Xenosandbox the Second) [DEAD]: ayy lmao
[15:10:15] AHELP: Twig (Xenosandbox the Second) [DEAD] PM'd Alien Queen (Furry Chicken) [TRAITOR]: This is my favorite server, ALSO THE PURPLE LIGHTS ARE COOL
[15:10:16] OOC: Alien Queen (Furry Chicken) [TRAITOR] : facehuggers now available, go to special verbs to spawn as one
[15:10:19] ACCESS: Login: Xenosandbox the Second from 98.200.200.133
[15:10:26] SAY: Alien Facehugger 558 (Xenosandbox the Second) : MEMS
[15:10:27] SAY: Shitty Bill (NPC) : I ever tell you 'bout the time I found an alien thing that killed dudes?
[15:10:28] SAY: Alien Facehugger 558 (Xenosandbox the Second) : MEMES
[15:10:29] SAY: Alien Facehugger 558 (Xenosandbox the Second) : *scream
[15:10:30] ACCESS: Login: Tye Baker (Umguaxinim) [DEAD] from 191.253.215.30
[15:10:31] SAY: Alien Facehugger 558 (Xenosandbox the Second) : *roar
[15:10:32] SAY: Alien Queen (Furry Chicken) [TRAITOR] : I love memes
[15:10:37] ACCESS: Login: Tye Baker (Umguaxinim) [DEAD] from 191.253.215.30
[15:10:38] AHELP: Alien Queen (Furry Chicken) [TRAITOR] PM'd Alien Facehugger 558 (Xenosandbox the Second): this fucking nfo server
[15:10:38] SAY: Russell Lord (Dragonflamesrest) : hey Bork Bork Bork! Bork.
[15:10:39] SAY: Shitty Bill (NPC) : Got any krok?
[15:10:44] ACCESS: Login: Umguaxinim from 191.253.215.30
[15:10:44] AHELP: Alien Queen (Furry Chicken) [TRAITOR] PM'd Alien Facehugger 558 (Xenosandbox the Second): drops like 35% of my messages
[15:10:47] SAY: Russell Lord (Dragonflamesrest) : sume-a eedeeut treeed tu keell oos
[15:10:52] AHELP: Alien Queen (Furry Chicken) [TRAITOR] PM'd Alien Facehugger 558 (Xenosandbox the Second): I never know whether or not something is sent
[15:10:54] SAY: Alien Facehugger 689 (Umguaxinim) : mommy
[15:11:04] SAY: Alien Queen (Furry Chicken) [TRAITOR] : You were a failed abortion fyi
[15:11:17] SAY: Alien Facehugger 689 (Umguaxinim) : mommy
[15:11:21] SAY: Shitty Bill (NPC) : Got any crank?
[15:11:25] SAY: Russell Lord (Dragonflamesrest) : cume-a et me
[15:11:28] ACCESS: Login: CodeXCommand24 from 191.241.41.97
[15:11:28] SAY: Alien Queen (Furry Chicken) [TRAITOR] :  Go my failed abortions
[15:11:32] SAY: Alien Queen (Furry Chicken) [TRAITOR] :  Capture humans
[15:11:52] ADMIN: Alien Facehugger 558 (Xenosandbox the Second) ASAY: How is he rapid firing a tazer like a machine gun
[15:12:10] ACCESS: Login: Alien Facehugger 558 (Xenosandbox the Second) from 98.200.200.133
[15:12:13] SAY: Russell Lord (Dragonflamesrest) : he
[15:12:16] AHELP: Alien Queen (Furry Chicken) [TRAITOR] PM'd Alien Facehugger 558 (Xenosandbox the Second): spamming click
[15:12:16] SAY: Russell Lord (Dragonflamesrest) : ge
[15:12:19] SAY: Russell Lord (Dragonflamesrest) : heeeee
[15:12:22] ACCESS: Login: Xenosandbox the Second from 98.200.200.133
[15:12:22] SAY: Shitty Bill (NPC) : You a dracula?
[15:12:22] SAY: Father Jack (NPC) : FECK!
[15:12:46] ADMIN: Alien Facehugger 679 (Xenosandbox the Second) [DEAD] ASAY: Ok nerf it, he just got up and stunned me 8 times, Do they never run out of charge?
[15:12:48] SAY: Shitty Bill (NPC) : Got a light, brud?
[15:12:50] SAY: Shitty Bill (NPC) : You ride?
[15:12:53] AHELP: Alien Queen (Furry Chicken) [TRAITOR] PM'd Alien Facehugger 679 (Xenosandbox the Second) [DEAD]: they should
[15:13:00] ACCESS: Login: Alien Facehugger 679 (Xenosandbox the Second) [DEAD] from 98.200.200.133
[15:13:03] ACCESS: Login: Xenosandbox the Second from 98.200.200.133
[15:13:10] ACCESS: Login: Pyrocketry [DEAD] from 5.80.216.74
[15:13:25] SAY: Shitty Bill (NPC) : Got any weed?
[15:13:35] SAY: Alien Queen (Furry Chicken) [TRAITOR] : ayy!
[15:13:37] SAY: Alien Queen (Furry Chicken) [TRAITOR] : hug him
[15:13:38] ACCESS: Login: Pyrocketry [DEAD] from 5.80.216.74
[15:13:43] SAY: Alien Queen (Furry Chicken) [TRAITOR] : first one to hug him gets a cookie
[15:13:51] SAY: Alien Facehugger 899 (CodeXCommand24) : he already got hugged
[15:13:54] SAY: Shitty Bill (NPC) : Nice hair, flyboy.
[15:14:07] SAY: Alien Queen (Furry Chicken) [TRAITOR] : No
[15:14:10] SAY: Alien Queen (Furry Chicken) [TRAITOR] : He is not yet hugged
[15:14:15] ACCESS: Login: Alien Facehugger 899 (CodeXCommand24) [DEAD] from 191.241.41.97
[15:14:33] ADMIN: Alien Facehugger 934 (Xenosandbox the Second) ASAY: 
[15:14:41] ADMIN: Alien Facehugger 934 (Xenosandbox the Second) ASAY: squeeze isnt working
[15:14:55] ADMIN: Alien Facehugger 934 (Xenosandbox the Second) ASAY: on some doors
[15:14:58] AHELP: Alien Queen (Furry Chicken) [TRAITOR] PM'd Alien Facehugger 934 (Xenosandbox the Second): doesn't work on glass airlocks, shitty bug
[15:15:06] ACCESS: Login: Ignis King (Igniscorvus) from 217.61.226.216
[15:16:41] ACCESS: Login: Alien Facehugger 934 (Xenosandbox the Second) [DEAD] from 98.200.200.133
[15:17:06] ACCESS: Login: Abraham Picard (Kasiopeo) [DEAD] from 181.232.79.19
[15:17:06] ACCESS: Login: CodeXCommand24 from 191.241.41.97
[15:17:13] SAY: Alien Queen (Furry Chicken) [TRAITOR] : f ucking finally
[15:17:16] SAY: Alien Queen (Furry Chicken) [TRAITOR] : welcome
[15:17:17] ADMIN: Alien Facehugger 934 (Xenosandbox the Second) [DEAD] has created an intercom announcement: woop woop emergency woop woop emergency woop woop
[15:17:38] ACCESS: Login: Xenosandbox the Second from 98.200.200.133
[15:17:56] SAY: Alien Queen (Furry Chicken) [TRAITOR] : larva
[15:18:02] SAY: Alien Queen (Furry Chicken) [TRAITOR] : eat your gibs
[15:18:06] SAY: Alien Queen (Furry Chicken) [TRAITOR] : so you grow up nice and strong
[15:18:27] ADMIN: Alien Facehugger 849 (Xenosandbox the Second) [DEAD] ASAY: Ok he has fired around 16 stun blasts and he is doing it like in bursts of 3-4
[15:18:35] ACCESS: Login: Alien Facehugger 849 (Xenosandbox the Second) [DEAD] from 98.200.200.133
[15:18:39] ADMIN: Alien Queen (Furry Chicken) [TRAITOR] ASAY: it&#39;s probably an emagged gun
[15:18:39] SAY: Father Jack (NPC) : GIRLS!
[15:18:42] ADMIN: Alien Queen (Furry Chicken) [TRAITOR] ASAY: or something
[15:18:43] SAY: Shitty Bill (NPC) : Man, I sure don't miss that lumpy station.
[15:18:48] ADMIN: Alien Queen (Furry Chicken) [TRAITOR] ASAY: I know very little about goon weapons
[15:18:50] SAY: Shitty Bill (NPC) : The hell're you lookin' at, clown?
[15:19:14] ACCESS: Login: CaptinPicard1166 [DEAD] from 99.160.4.91
[15:19:23] ADMIN: Alien Facehugger 849 (Xenosandbox the Second) [DEAD] ASAY: HE HAS A CELL CHARGER
[15:19:33] AHELP: Alien Queen (Furry Chicken) [TRAITOR] PM'd Alien Facehugger 849 (Xenosandbox the Second) [DEAD]: oh
[15:19:36] ADMIN: Alien Facehugger 849 (Xenosandbox the Second) [DEAD] ASAY: LMAO he made one also he re powered some of the station
[15:19:41] AHELP: Ignis King (Igniscorvus) HELP: can you move the mining shuttle? i am trapped in the mine
[15:19:45] SAY: Alien Chestburster 411 (CodeXCommand24) : mommy
[15:19:49] AHELP: Alien Queen (Furry Chicken) [TRAITOR] PM'd Ignis King (Igniscorvus): why are you even there
[15:19:53] SAY: Alien Queen (Furry Chicken) [TRAITOR] : ya what
[15:19:55] ADMIN: Alien Facehugger 849 (Xenosandbox the Second) [DEAD] ASAY: He re powered cargo and is building shit
[15:20:02] ADMIN: Alien Queen (Furry Chicken) [TRAITOR] ASAY: that&#39;s fine
[15:20:05] ADMIN: Alien Queen (Furry Chicken) [TRAITOR] ASAY: can you help ignis
[15:20:09] SAY: Alien Facehugger 849 (Xenosandbox the Second) [DEAD] (GHOST): yes
[15:20:12] SAY: Alien Chestburster 411 (CodeXCommand24) : i can evolv
[15:20:16] SAY: Alien Queen (Furry Chicken) [TRAITOR] : do it
[15:20:19] AHELP: Ignis King (Igniscorvus) PM'd Alien Queen (Furry Chicken) [TRAITOR]: i was exploring the station and i found the mining dock in the station
[15:20:20] ADMIN: Alien Facehugger 849 (Xenosandbox the Second) [DEAD] ASAY: he is building a pod
[15:20:21] SAY: Alien Queen (Furry Chicken) [TRAITOR] : I DARE YOU
[15:20:23] SAY: Alien Chestburster 411 (CodeXCommand24) : to?
[15:20:25] ADMIN: Alien Facehugger 849 (Xenosandbox the Second) [DEAD] jumped to Ignis King (Igniscorvus) (<a href='?src=%admin_ref%;action=jumptocoords;target=161,245,3' title='Jump to Coords'>161,245,3</a> in Space)
[15:20:26] ADMIN: Alien Queen (Furry Chicken) [TRAITOR] ASAY: okay
[15:20:29] SAY: Alien Queen (Furry Chicken) [TRAITOR] : Drone
[15:20:31] SAY: Alien Queen (Furry Chicken) [TRAITOR] : only thing you can do
[15:20:33] SAY: Alien Chestburster 411 (CodeXCommand24) : ok
[15:20:38] ADMIN: Alien Facehugger 849 (Xenosandbox the Second) [DEAD] jumped to Russell Lord (Dragonflamesrest) (<a href='?src=%admin_ref%;action=jumptocoords;target=145,93,1' title='Jump to Coords'>145,93,1</a> in Auxillary Storage)
[15:20:45] AHELP: Ignis King (Igniscorvus) PM'd Alien Queen (Furry Chicken) [TRAITOR]: so, i went to the mine looking for weapons
[15:20:51] ADMIN: Alien Facehugger 849 (Xenosandbox the Second) [DEAD] teleported Ignis King (Igniscorvus) (<a href='?src=%admin_ref%;action=jumptocoords;target=138,98,1' title='Jump to Coords'>138,98,1</a> in Starboard Maintenance)
[15:20:56] SAY: Shitty Bill (NPC) : You a narc?
[15:20:57] SAY: Ignis King (Igniscorvus) : thanks
[15:21:01] ACCESS: Login: ArthurEpicoBR [DEAD] from 179.125.51.102
[15:21:24] SAY: Alien Queen (Furry Chicken) [TRAITOR] : go child
[15:21:27] SAY: Alien Queen (Furry Chicken) [TRAITOR] : capture every human
[15:21:28] ADMIN: Alien Facehugger 849 (Xenosandbox the Second) [DEAD] ASAY: permission to go in as a traitor and try to ruin his pod
[15:21:39] AHELP: Alien Queen (Furry Chicken) [TRAITOR] PM'd Alien Facehugger 849 (Xenosandbox the Second) [DEAD]: lol no
[15:21:42] SAY: Father Jack (NPC) : ARSE!
[15:21:47] SAY: Shitty Bill (NPC) : You a Synder?
[15:21:54] SAY: Father Jack (NPC) : ARSE!
[15:22:00] AHELP: Alien Facehugger 849 (Xenosandbox the Second) [DEAD] PM'd Alien Queen (Furry Chicken) [TRAITOR]: I dont know why but him building and stuff irks me
[15:22:06] SAY: Shitty Bill (NPC) : I think my buds are running late.
[15:22:08] ACCESS: Login: Xenosandbox the Second from 98.200.200.133
[15:22:11] ACCESS: Login: Melvyn Osterwise (ArthurEpicoBR) from 179.125.51.102
[15:22:19] AHELP: Alien Queen (Furry Chicken) [TRAITOR] PM'd Alien Facehugger 153 (Xenosandbox the Second): aliens can take over cargo if they want to stop people from building tbh
[15:22:20] SAY: Ignis King (Igniscorvus) : *scream
[15:22:29] SAY: Father Jack (NPC) : DRINK!
[15:22:42] AHELP: Alien Facehugger 153 (Xenosandbox the Second) PM'd Alien Queen (Furry Chicken) [TRAITOR]: He is unstopable with that taser/ laser + recharger since we can be stunned
[15:22:43] ACCESS: Login: Brunoeusoloco [DEAD] from 143.0.212.80
[15:22:48] SAY: Shitty Bill (NPC) : What the hell are you lookin' at, bud?
[15:22:48] SAY: Ignis King (Igniscorvus) : *scream
[15:22:49] SAY: Ignis King (Igniscorvus) : *scream
[15:23:00] SAY: Alien Facehugger 153 (Xenosandbox the Second) :  dont kill people we need hosts
[15:23:03] AHELP: Alien Queen (Furry Chicken) [TRAITOR] PM'd Alien Facehugger 153 (Xenosandbox the Second): so it's fun for aliens
[15:23:13] AHELP: Alien Queen (Furry Chicken) [TRAITOR] PM'd Alien Facehugger 153 (Xenosandbox the Second): besides, a warrior/sentinel would probably take him out
[15:23:16] AHELP: Alien Facehugger 153 (Xenosandbox the Second) PM'd Alien Queen (Furry Chicken) [TRAITOR]: Fun  unwinable
[15:23:17] ACCESS: Login: PE DE CABRA (Brunoeusoloco) from 143.0.212.80
[15:23:19] AHELP: Alien Facehugger 153 (Xenosandbox the Second) PM'd Alien Queen (Furry Chicken) [TRAITOR]: true
[15:23:23] AHELP: Alien Queen (Furry Chicken) [TRAITOR] PM'd Alien Facehugger 153 (Xenosandbox the Second): if he becomes a really big problem we can make a pred
[15:23:29] ACCESS: Login: Alien Queen (Furry Chicken) [TRAITOR] from 50.133.2.25
[15:23:31] AHELP: Alien Facehugger 153 (Xenosandbox the Second) PM'd Alien Queen (NPC): eh, ok
[15:23:36] ACCESS: Login: Ignis King (Igniscorvus) [DEAD] from 217.61.226.216
[15:23:39] SAY: Shitty Bill (NPC) : Whatcha you lookin' at, flyboy?
[15:23:48] ADMIN: Alien Queen (Furry Chicken) [TRAITOR] modified Alien Queen's x to 1
[15:23:55] ACCESS: Login: Derrick Roberts (CaptinPicard1166) from 99.160.4.91
[15:24:02] SAY: Alien Facehugger 153 (Xenosandbox the Second) : ; Seriously dont kill people we need hosts
[15:24:06] ADMIN: Alien Queen (Furry Chicken) [TRAITOR] modified Alien Queen's y to 1
[15:24:10] SAY: Father Jack (NPC) : That would be an ecumenical matter.
[15:24:24] ADMIN: Alien Queen (Furry Chicken) [TRAITOR] ASAY: ah what the fuck 1,1,1 is space
[15:24:33] ADMIN: Alien Queen (Furry Chicken) [TRAITOR] ASAY: apparently new players spawn there but I don&#39;t think they actually do
[15:24:36] ACCESS: Login: Alien Queen (Furry Chicken) [TRAITOR] [DEAD] from 50.133.2.25
[15:24:38] SAY: Shitty Bill (NPC) : Hey pal, gimme yer bees.
[15:24:40] AHELP: Alien Facehugger 153 (Xenosandbox the Second) PM'd Alien Queen (Furry Chicken) [TRAITOR] [DEAD]: kek
[15:24:43] ADMIN: Alien Queen (Furry Chicken) [TRAITOR] [DEAD] ASAY: fuck
[15:24:46] ADMIN: Alien Queen (Furry Chicken) [TRAITOR] [DEAD] ASAY: afk killed
[15:24:53] ACCESS: Login: Alien Queen (Furry Chicken) [TRAITOR] [DEAD] from 50.133.2.25
[15:24:53] OOC: Derrick Roberts (CaptinPicard1166) : hello?
[15:24:55] SAY: Shitty Bill (NPC) : I think my associates set me up.
[15:25:02] ACCESS: Login: Furry Chicken [TRAITOR] from 50.133.2.25
[15:25:09] SAY: Alien Facehugger 691 (Furry Chicken) [TRAITOR] : rip
[15:25:10] AHELP: Alien Facehugger 153 (Xenosandbox the Second) PM'd Alien Queen (NPC) [DEAD]: We need a small stamina damage for huggers, people with masks are immune and can easily kill us
[15:25:11] SAY: Shitty Bill (NPC) : Nice face, kid.
[15:25:22] OOC: Melvyn Osterwise (ArthurEpicoBR) : hi
[15:25:25] AHELP: Alien Facehugger 691 (Furry Chicken) [TRAITOR] PM'd Alien Facehugger 153 (Xenosandbox the Second): they're not immune, just less likely to be hugged
[15:25:26] SAY: Shitty Bill (NPC) : You a robot?
[15:25:46] AHELP: Alien Facehugger 153 (Xenosandbox the Second) PM'd Alien Facehugger 691 (Furry Chicken) [TRAITOR]: It said I bounced off Also BRB food
[15:25:49] SAY: Russell Lord (Dragonflamesrest) : YUOO VUNNE DEEE
[15:25:54] SAY: PE DE CABRA (Brunoeusoloco) : *flip
[15:25:55] SAY: PE DE CABRA (Brunoeusoloco) : *flip
[15:26:00] SAY: PE DE CABRA (Brunoeusoloco) : *flip
[15:26:01] SAY: Shitty Bill (NPC) : I think my bruds got lost on the way here.
[15:26:01] SAY: PE DE CABRA (Brunoeusoloco) : *flip
[15:26:03] SAY: PE DE CABRA (Brunoeusoloco) : *flip
[15:26:04] SAY: PE DE CABRA (Brunoeusoloco) : *flip
[15:26:05] SAY: Shitty Bill (NPC) : Man, I sure miss bein' a chemist.
[15:26:06] SAY: PE DE CABRA (Brunoeusoloco) : *flip
[15:26:10] SAY: PE DE CABRA (Brunoeusoloco) : *flip
[15:26:14] SAY: PE DE CABRA (Brunoeusoloco) : *flip
[15:26:14] ACCESS: Login: Alien Facehugger 691 (Furry Chicken) [TRAITOR] [DEAD] from 50.133.2.25
[15:26:19] ACCESS: Login: Furry Chicken [TRAITOR] from 50.133.2.25
[15:26:28] SAY: PE DE CABRA (Brunoeusoloco) : *flip
[15:26:29] SAY: PE DE CABRA (Brunoeusoloco) : *flip
[15:26:42] SAY: PE DE CABRA (Brunoeusoloco) : *flip
[15:26:45] SAY: PE DE CABRA (Brunoeusoloco) : *flip
[15:26:46] SAY: PE DE CABRA (Brunoeusoloco) : *flip
[15:26:47] SAY: PE DE CABRA (Brunoeusoloco) : *flip
[15:26:56] SAY: PE DE CABRA (Brunoeusoloco) : *flip
[15:27:18] SAY: Shitty Bill (NPC) : Hey brud, gimme yer patch.
[15:27:53] SAY: PE DE CABRA (Brunoeusoloco) : *flip
[15:28:35] SAY: Shitty Bill (NPC) : I think my crew got caught.
[15:28:44] ACCESS: Login: Alien Facehugger 911 (Furry Chicken) [TRAITOR] [DEAD] from 50.133.2.25
[15:28:52] SAY: Shitty Bill (NPC) : I think my bros got lost on the way here.
[15:28:53] ACCESS: Login: Furry Chicken [TRAITOR] from 50.133.2.25
[15:28:53] ACCESS: Login: Dark_Flame_BR [DEAD] from 170.0.113.18
[15:29:17] SAY: PE DE CABRA (Brunoeusoloco) : *flip
[15:29:21] SAY: PE DE CABRA (Brunoeusoloco) : *flip
[15:29:21] SAY: PE DE CABRA (Brunoeusoloco) : *flip
[15:29:21] SAY: PE DE CABRA (Brunoeusoloco) : *flip
[15:29:22] SAY: PE DE CABRA (Brunoeusoloco) : *flip
[15:29:22] SAY: PE DE CABRA (Brunoeusoloco) : *flip
[15:29:23] SAY: PE DE CABRA (Brunoeusoloco) : *flip
[15:29:23] SAY: PE DE CABRA (Brunoeusoloco) : *flip
[15:29:23] SAY: PE DE CABRA (Brunoeusoloco) : *flip
[15:29:23] SAY: PE DE CABRA (Brunoeusoloco) : *flip
[15:29:24] SAY: PE DE CABRA (Brunoeusoloco) : *flip
[15:29:24] SAY: PE DE CABRA (Brunoeusoloco) : *flip
[15:29:24] SAY: PE DE CABRA (Brunoeusoloco) : *flip
[15:29:24] SAY: PE DE CABRA (Brunoeusoloco) : *flip
[15:29:25] SAY: PE DE CABRA (Brunoeusoloco) : *flip
[15:29:27] SAY: PE DE CABRA (Brunoeusoloco) : *flip
[15:29:42] SAY: PE DE CABRA (Brunoeusoloco) : *flip
[15:29:56] ACCESS: Login: Dom_Pig [DEAD] from 187.18.231.194
[15:30:07] SAY: PE DE CABRA (Brunoeusoloco) : *flip
[15:30:26] ACCESS: Login: Alien Facehugger 263 (Furry Chicken) [TRAITOR] from 50.133.2.25
[15:30:43] SAY: Melvyn Osterwise (ArthurEpicoBR) : SON OF A BITCH
[15:31:11] ACCESS: Login: Dom_Pig [DEAD] from 187.18.231.194
[15:31:12] ADMIN: Alien Facehugger 263 (Furry Chicken) [TRAITOR] ASAY: I think I just  turned the tide
[15:31:17] ADMIN: Alien Facehugger 263 (Furry Chicken) [TRAITOR] ASAY: facehugged a semi-afk dude kek
[15:31:28] ADMIN: Alien Facehugger 263 (Furry Chicken) [TRAITOR] ASAY: two xenos can cuck that survivor
[15:31:32] SAY: PE DE CABRA (Brunoeusoloco) : *flip
[15:31:40] SAY: PE DE CABRA (Brunoeusoloco) : *flip
[15:31:45] ADMIN: Alien Facehugger 263 (Furry Chicken) [TRAITOR] ASAY: o
[15:31:47] ADMIN: Alien Facehugger 263 (Furry Chicken) [TRAITOR] ASAY: one is dead
[15:31:47] ACCESS: Login: Chip Rhinehart (Dom_Pig) from 187.18.231.194
[15:31:48] ADMIN: Alien Facehugger 263 (Furry Chicken) [TRAITOR] ASAY: rip
[15:32:11] SAY: Chip Rhinehart (Dom_Pig) : ;Anyone ?
[15:32:16] ADMIN: Alien Facehugger 263 (Furry Chicken) [TRAITOR] ASAY: this lad
[15:32:19] SAY: Melvyn Osterwise (ArthurEpicoBR) : OMG
[15:32:20] ADMIN: Alien Facehugger 263 (Furry Chicken) [TRAITOR] ASAY: trying to metakill himself
[15:32:20] ACCESS: Login: Melvyn Osterwise (ArthurEpicoBR) [DEAD] from 179.125.51.102
[15:32:20] ACCESS: Login: Furry Chicken [TRAITOR] from 50.133.2.25
[15:32:27] ADMIN: Alien Chestburster 856 (Furry Chicken) [TRAITOR] ASAY: doesn&#39;t realize he will burst anyway
[15:32:50] ACCESS: Login: ArthurEpicoBR from 179.125.51.102
[15:33:10] ADMIN: Alien Chestburster 856 (Furry Chicken) [TRAITOR] ASAY: :a Fuck
[15:33:13] SAY: Alien Chestburster 856 (Furry Chicken) [TRAITOR] :  Fuck
[15:33:18] SAY: Alien Chestburster 856 (Furry Chicken) [TRAITOR] :  One is attacking the hive
[15:33:36] SAY: Father Jack (NPC) : GIRLS!
[15:33:38] SAY: Chip Rhinehart (Dom_Pig) : Hey
[15:33:40] ADMIN: Alien Chestburster 856 (Furry Chicken) [TRAITOR] ASAY: I&#39;m going to add faster evolution, which will occur when there are a shortage of aliens
[15:33:41] SAY: Derrick Roberts (CaptinPicard1166) : a human!
[15:33:52] SAY: Derrick Roberts (CaptinPicard1166) : wait
[15:33:53] SAY: Chip Rhinehart (Dom_Pig) : Yes
[15:33:57] SAY: Derrick Roberts (CaptinPicard1166) : take this
[15:34:00] SAY: Chip Rhinehart (Dom_Pig) : What happen ?
[15:34:07] SAY: Derrick Roberts (CaptinPicard1166) : rcd
[15:34:10] SAY: Alien Chestburster 856 (Furry Chicken) [TRAITOR] :  Every caste will evolve faster if there are none of the castes into which it can evolve, maybe. So long as there was one of them before
[15:34:15] SAY: Chip Rhinehart (Dom_Pig) : What is this ?
[15:34:17] SAY: Alien Chestburster 856 (Furry Chicken) [TRAITOR] :  rip mischan
[15:34:17] ACCESS: Login: Alien Facehugger 829 (ArthurEpicoBR) [DEAD] from 179.125.51.102
[15:34:19] SAY: Derrick Roberts (CaptinPicard1166) : builds superfast and takes stuff apart
[15:34:20] ACCESS: Login: ArthurEpicoBR from 179.125.51.102
[15:34:28] SAY: Derrick Roberts (CaptinPicard1166) : click it to change setings
[15:34:31] SAY: Chip Rhinehart (Dom_Pig) : Okay
[15:34:43] SAY: Derrick Roberts (CaptinPicard1166) : also click were u want to build/ decunstruct
[15:34:50] SAY: Chip Rhinehart (Dom_Pig) : You see more survivor ?
[15:35:00] SAY: Derrick Roberts (CaptinPicard1166) : those are VARY valuable
[15:35:23] SAY: Derrick Roberts (CaptinPicard1166) : let me show u
[15:35:26] SAY: Chip Rhinehart (Dom_Pig) : Wheres the rescue ?
[15:35:28] SAY: Derrick Roberts (CaptinPicard1166) : give it to me
[15:36:13] SAY: Derrick Roberts (CaptinPicard1166) : seevary awasome!
[15:36:24] SAY: Derrick Roberts (CaptinPicard1166) : test
[15:37:22] SAY: Russell Lord (Dragonflamesrest) : YES
[15:37:31] SAY: Russell Lord (Dragonflamesrest) : FFREDDUM
[15:37:39] SAY: Russell Lord (Dragonflamesrest) : sheet
[15:37:48] SAY: Derrick Roberts (CaptinPicard1166) : lets get to waste managment
[15:38:01] SAY: Shitty Bill (NPC) : I think my buds set me up.
[15:38:03] SAY: Father Jack (NPC) : FECK!
[15:38:38] SAY: Derrick Roberts (CaptinPicard1166) : shsss
[15:38:42] SAY: Derrick Roberts (CaptinPicard1166) : this our base
[15:38:43] ACCESS: Login: Dark_Flame_BR [DEAD] from 170.0.113.18
[15:38:50] ACCESS: Login: Alien Facehugger 451 (ArthurEpicoBR) [DEAD] from 179.125.51.102
[15:38:51] SAY: Chip Rhinehart (Dom_Pig) : Okay
[15:38:54] SAY: Derrick Roberts (CaptinPicard1166) : let me see rcd to baracade it
[15:39:04] OOC: Alien Facehugger 451 (ArthurEpicoBR) [DEAD] : i died easy
[15:39:10] OOC: Alien Drone (Furry Chicken) [TRAITOR] : ick ock
[15:39:16] SAY: Derrick Roberts (CaptinPicard1166) : if we need to escape jum in waste disposal unit and turn it on it take us to here
[15:39:35] SAY: Derrick Roberts (CaptinPicard1166) : also suplys go in waste disposal system come here
[15:39:36] OOC: Chip Rhinehart (Dom_Pig) : Tu é br arthur ?
[15:39:40] ACCESS: Login: ArthurEpicoBR from 179.125.51.102
[15:39:43] SAY: Alien Facehugger 689 (Umguaxinim) : eu sou
[15:40:12] OOC: Alien Chestburster 665 (ArthurEpicoBR) : so ne
[15:40:17] SAY: Chip Rhinehart (Dom_Pig) : Ahhhh
[15:40:31] OOC: Alien Facehugger 689 (Umguaxinim) : eu sou
[15:40:37] OOC: Alien Facehugger 689 (Umguaxinim) : eu sou br
[15:40:43] SAY: Derrick Roberts (CaptinPicard1166) : how much did u use this!?!?!?
[15:40:48] OOC: Chip Rhinehart (Dom_Pig) : Legal
[15:40:52] OOC: Alien Facehugger 689 (Umguaxinim) : me explica como grudo no macaco de facehugger?
[15:40:59] SAY: Chip Rhinehart (Dom_Pig) : Descontruct
[15:41:01] OOC: Alien Chestburster 665 (ArthurEpicoBR) : n da
[15:41:07] OOC: Alien Chestburster 665 (ArthurEpicoBR) : so player humano e npc humano
[15:41:11] OOC: Alien Facehugger 689 (Umguaxinim) : ué?
[15:41:13] OOC: Alien Chestburster 665 (ArthurEpicoBR) : e tem um macaco com pistla
[15:41:16] OOC: Alien Facehugger 689 (Umguaxinim) : okay vlw
[15:41:16] ADMIN: Alien Facehugger 153 (Xenosandbox the Second) [DEAD] toggled OOC.
[15:41:25] OOC: Alien Facehugger 153 (Xenosandbox the Second) [DEAD] : English only please
[15:41:28] ADMIN: Alien Facehugger 153 (Xenosandbox the Second) [DEAD] toggled OOC.
[15:41:28] OOC: Alien Facehugger 689 (Umguaxinim) : mas é como?
[15:41:45] SAY: Derrick Roberts (CaptinPicard1166) : gtg be right back
[15:41:46] OOC: Alien Chestburster 665 (ArthurEpicoBR) : so fica na frente dele e clica na cara dele
[15:41:51] ADMIN: Alien Facehugger 153 (Xenosandbox the Second) [DEAD] toggled OOC.
[15:42:01] OOC: Alien Facehugger 153 (Xenosandbox the Second) [DEAD] : English only last warning
[15:42:04] ADMIN: Alien Facehugger 153 (Xenosandbox the Second) [DEAD] toggled OOC.


Starting up. 15:44.23
---------------------

[15:44:29] ADMIN: Loading jobban_rank
[15:44:29] ADMIN: Jobban_keylist was empty
[15:44:29] ADMIN: Updating jobbanfile!
[15:44:29] ADMIN: Loading oocban_rank
[15:44:29] ADMIN: oocban_keylist was empty
[15:44:29] ADMIN: Updating jobbanfile!
ADMIN: furrychicken = Host
ADMIN: cherkir = Host
ADMIN: jasonvorheese = Primary Administrator
ADMIN: minimeatwad = Primary Administrator
ADMIN: xenosandboxthesecond = Primary Administrator
ADMIN: exbod = Secondary Administrator
ADMIN: zenek123 = Secondary Administrator
[15:44:45] ACCESS: Login: Dragonflamesrest from 24.101.146.251
[15:44:45] ACCESS: Login: Furry Chicken from 50.133.2.25
[15:44:45] ACCESS: Login: Xenosandbox the Second from 98.200.200.133
[15:46:34] OOC: Xenosandbox the Second : Woop woop
[15:47:05] ACCESS: Login: Andrewserafini from 68.193.187.51
[15:47:29] ADMIN: Furry Chicken ASAY: I&#39;m going to go
[15:47:36] ADMIN: Furry Chicken ASAY: might be back in an hour or less
[15:47:55] ADMIN: Xenosandbox the Second ASAY: Why tho
[15:47:57] ADMIN: Furry Chicken ASAY: report any bugs in the discord please
[15:48:06] ADMIN: Furry Chicken ASAY: coding and irl stuff
[15:48:11] ADMIN: Xenosandbox the Second ASAY: Feth
[15:48:13] ACCESS: Login: Russell Lord (Dragonflamesrest) from 24.101.146.251
[15:48:13] ACCESS: Login: Andrewserafini [TRAITOR] from 68.193.187.51
[15:48:15] SAY: Shitty Bill (NPC) : You a wizman?
[15:48:22] ACCESS: Login: Xenosandbox the Second [DEAD] from 98.200.200.133
[15:48:23] ACCESS: Login: Furry Chicken [DEAD] from 50.133.2.25
[15:48:44] ADMIN: Pavel Havel (Furry Chicken) [DEAD] jumped to Russell Lord (Dragonflamesrest) (<a href='?src=%admin_ref%;action=jumptocoords;target=206,161,1' title='Jump to Coords'>206,161,1</a> in Fore Primary Hallway)
[15:48:44] ADMIN: Twig (Xenosandbox the Second) [DEAD] jumped to Pavel Havel (Furry Chicken) [DEAD] (<a href='?src=%admin_ref%;action=jumptocoords;target=206,161,1' title='Jump to Coords'>206,161,1</a> in Fore Primary Hallway)
[15:49:14] ACCESS: Login: skeleton (Xenosandbox the Second) from 98.200.200.133
[15:49:19] ADMIN: skeleton (Xenosandbox the Second) has made skeleton (Xenosandbox the Second) a human.
[15:49:26] ADMIN: skeleton (Xenosandbox the Second) has made skeleton (Xenosandbox the Second) a human.
[15:49:37] SAY: Shitty Bill (NPC) : I ever tell you 'bout what's really out there?
[15:49:59] SAY: Shitty Bill (NPC) : I think my buds sent you.
[15:50:00] ACCESS: Login: skeleton (Xenosandbox the Second) from 98.200.200.133
[15:50:18] ACCESS: Login: space bear (Xenosandbox the Second) from 98.200.200.133
[15:50:24] ADMIN: space bear (Xenosandbox the Second) has made space bear (Xenosandbox the Second) a human.
[15:50:39] ACCESS: Login: space bear (Xenosandbox the Second) from 98.200.200.133
[15:50:41] SAY: Shitty Bill (NPC) : How's it goin' Donald "Don" Glabs.
[15:51:00] ADMIN: space bear (Xenosandbox the Second) shame-cubed space bear (Xenosandbox the Second) at Inner Maintenance (<a href='?src=%admin_ref%;action=jumptocoords;target=181,166,1' title='Jump to Coords'>181,166,1</a>)
[15:51:18] ADMIN: space bear (Xenosandbox the Second) respawned themselves.
[15:51:18] ACCESS: Login: Xenosandbox the Second [DEAD] from 98.200.200.133
[15:51:18] ACCESS: Login: Xenosandbox the Second [DEAD] from 98.200.200.133
[15:51:24] ACCESS: Login: Twig (Xenosandbox the Second) from 98.200.200.133
[15:52:02] SAY: Shitty Bill (NPC) : You jam?
[15:52:02] ADMIN: Twig (Xenosandbox the Second) [TRAITOR] made Twig (Xenosandbox the Second) [TRAITOR] a traitor.
[15:52:04] SAY: Shitty Bill (NPC) : Dang, it's Donald "Don" Glabs.
[15:52:13] SAY: Shitty Bill (NPC) : You rhyme?
[15:52:52] ACCESS: Login: GrillinKittin [DEAD] from 24.233.219.201
[15:53:12] SAY: Shitty Bill (NPC) : You smoke?
[15:53:59] SAY: Shitty Bill (NPC) : What the hell are you lookin' at, chief?
[15:55:02] SAY: Twig (Xenosandbox the Second) [TRAITOR] : heydddddddd
[15:55:04] SAY: Twig (Xenosandbox the Second) [TRAITOR] : dddddddddd
[15:55:18] SAY: Shitty Bill (NPC) : Got a light, scrub?
[15:55:58] ACCESS: Login: Twig (Xenosandbox the Second) [TRAITOR] [DEAD] from 98.200.200.133
[15:56:08] SAY: Father Jack (NPC) : FECK!
[15:56:18] ACCESS: Login: Xenosandbox the Second [TRAITOR] from 98.200.200.133
[15:56:22] SAY: Shitty Bill (NPC) : I ever tell you 'bout that weird copper fella who just looks at the sun all day?
[15:56:22] ADMIN: Maetzoh Maenn (Xenosandbox the Second) [TRAITOR] removed the antagonist status of Maetzoh Maenn (Xenosandbox the Second) [TRAITOR].
[15:56:22] ACCESS: Login: Maetzoh Maenn (Xenosandbox the Second) [DEAD] from 98.200.200.133
[15:56:22] ACCESS: Login: Maetzoh Maenn (Xenosandbox the Second) from 98.200.200.133
[15:56:33] ADMIN: Maetzoh Maenn (Xenosandbox the Second) [TRAITOR] made Maetzoh Maenn (Xenosandbox the Second) [TRAITOR] a predator.
[15:57:52] SAY: Shitty Bill (NPC) : Got any soup?
[15:58:01] SAY: Shitty Bill (NPC) : Hey Donald "Don" Glabs.
[15:58:08] SAY: Shitty Bill (NPC) : Man, I sure don't miss Mars.
[15:58:27] ACCESS: Login: Alien Queen (Andrewserafini) [TRAITOR] [DEAD] from 68.193.187.51
[15:58:31] ACCESS: Login: Andrewserafini [TRAITOR] from 68.193.187.51
[15:58:41] SAY: Russell Lord (Dragonflamesrest) : *fart
[15:58:45] SAY: Shitty Bill (NPC) : Whatcha you lookin' at, bro?
[15:59:01] SAY: Shitty Bill (NPC) : Dang, it's Donald "Don" Glabs.
[15:59:33] SAY: Russell Lord (Dragonflamesrest) : fuck
[15:59:49] SAY: Shitty Bill (NPC) : Nice wheels, idiot.
[15:59:54] SAY: Russell Lord (Dragonflamesrest) : wow logic
[15:59:58] SAY: predator (Xenosandbox the Second) [TRAITOR] : Yea
[16:00:00] SAY: Russell Lord (Dragonflamesrest) : you using a human gun
[16:00:05] SAY: Russell Lord (Dragonflamesrest) : ill be back
[16:00:08] SAY: Russell Lord (Dragonflamesrest) : AVENGE ME--URK
[16:00:08] SAY: Russell Lord (Dragonflamesrest) : AVENGE ME
[16:00:13] ACCESS: Login: Alien Facehugger 370 (Andrewserafini) [TRAITOR] [DEAD] from 68.193.187.51
[16:00:18] SAY: Shitty Bill (NPC) : Man, I sure don't miss the Syndies.
[16:00:27] SAY: Shitty Bill (NPC) : I ever tell you 'bout the time I found a planet fulla corgis?
[16:00:46] SAY: Russell Lord (Dragonflamesrest) : ill die --BLUH
[16:00:51] SAY: Russell Lord (Dragonflamesrest) : fuck you--URK
[16:00:52] SAY: Russell Lord (Dragonflamesrest) : fuck you
[16:00:53] SAY: Shitty Bill (NPC) : I think my pals stole my cat.
[16:00:59] SAY: Russell Lord (Dragonflamesrest) : suiide
[16:01:03] SAY: Shitty Bill (NPC) : Nice ship, buddy.
[16:01:12] SAY: Russell Lord (Dragonflamesrest) : *fart
[16:01:12] ACCESS: Login: Russell Lord (Dragonflamesrest) [DEAD] from 24.101.146.251
[16:01:12] ACCESS: Login: Andrewserafini [TRAITOR] from 68.193.187.51
[16:01:29] ADMIN: predator (Xenosandbox the Second) [TRAITOR] respawned Russell Lord (Dragonflamesrest) [DEAD].
[16:01:29] ACCESS: Login: Dragonflamesrest [DEAD] from 24.101.146.251
[16:01:29] ACCESS: Login: Dragonflamesrest [DEAD] from 24.101.146.251
[16:01:41] ACCESS: Login: Russell Lord (Dragonflamesrest) from 24.101.146.251
[16:01:53] ADMIN: predator (Xenosandbox the Second) [TRAITOR] deleted the recharger at (<a href='?src=%admin_ref%;action=jumptocoords;target=156,104,1' title='Jump to Coords'>156,104,1</a>)
[16:02:02] SAY: predator (Xenosandbox the Second) [TRAITOR] : *roar
[16:02:03] SAY: Father Jack (NPC) : ARSE!
[16:02:05] SAY: predator (Xenosandbox the Second) [TRAITOR] : *scream
[16:02:26] SAY: Russell Lord (Dragonflamesrest) : fuck this
[16:02:55] SAY: Shitty Bill (NPC) : I think my crew are running late.
[16:03:03] SAY: Russell Lord (Dragonflamesrest) : YOU FUCK
[16:03:17] ACCESS: Login: Russell Lord (Dragonflamesrest) [DEAD] from 24.101.146.251
[16:03:20] ACCESS: Login: Dragonflamesrest from 24.101.146.251
[16:03:46] ACCESS: Login: Alien Facehugger 512 (Dragonflamesrest) [DEAD] from 24.101.146.251
[16:03:56] SAY: Father Jack (NPC) : GIRLS!
[16:04:00] ADMIN: Alien Facehugger 512 (Dragonflamesrest) [DEAD] used adminwho and saw 1 admins.
[16:04:09] ADMIN: predator (Xenosandbox the Second) [TRAITOR] respawned Alien Facehugger 512 (Dragonflamesrest) [DEAD].
[16:04:09] ACCESS: Login: Dragonflamesrest [DEAD] from 24.101.146.251
[16:04:09] ACCESS: Login: Dragonflamesrest [DEAD] from 24.101.146.251
[16:04:12] SAY: Shitty Bill (NPC) : You rap?
[16:04:16] ACCESS: Login: Russell Lord (Dragonflamesrest) from 24.101.146.251
[16:04:31] SAY: Shitty Bill (NPC) : Nice face, pal.
[16:04:47] SAY: Shitty Bill (NPC) : Dag, it's Donald "Don" Glabs.
[16:04:51] SAY: Shitty Bill (NPC) : Nice threads, dingus.
[16:05:01] SAY: Shitty Bill (NPC) : Man, I sure don't miss bein' a borg.
[16:05:12] ACCESS: Login: TrololoMaster [DEAD] from 152.234.166.149
[16:05:16] ACCESS: Login: _Do9Ta9_ [DEAD] from 189.105.215.234
[16:05:20] SAY: Father Jack (NPC) : That would be an ecumenical matter.
[16:05:32] SAY: Father Jack (NPC) : GIRLS!
[16:06:18] SAY: Russell Lord (Dragonflamesrest) : welp fuck
[16:06:24] SAY: Russell Lord (Dragonflamesrest) : no way to defend myself
[16:07:03] ADMIN: predator (Xenosandbox the Second) [TRAITOR] has created an intercom announcement: woop woop woop alien level woop woop
[16:07:20] ACCESS: Login: Alan Price (TrololoMaster) from 152.234.166.149
[16:07:23] SAY: Russell Lord (Dragonflamesrest) : time for robusting
[16:07:31] ACCESS: Login: Frank Willey (_Do9Ta9_) from 189.105.215.234
[16:07:41] SAY: Father Jack (NPC) : GIRLS!
[16:08:12] SAY: Russell Lord (Dragonflamesrest) : ay
[16:08:31] SAY: Russell Lord (Dragonflamesrest) : theres alot of gibs
[16:08:48] ADMIN: predator (Xenosandbox the Second) [TRAITOR] deleted Firelock at (<a href='?src=%admin_ref%;action=jumptocoords;target=202,165,1' title='Jump to Coords'>202,165,1</a>)
[16:08:58] ADMIN: predator (Xenosandbox the Second) [TRAITOR] deleted Firelock at (<a href='?src=%admin_ref%;action=jumptocoords;target=204,155,1' title='Jump to Coords'>204,155,1</a>)
[16:09:23] SAY: Alien Drone (Andrewserafini) [TRAITOR] : *roar
[16:09:53] SAY: Father Jack (NPC) : That would be an ecumenical matter.
[16:10:14] ACCESS: Login: Andrewserafini [TRAITOR] from 68.193.187.51
[16:10:54] SAY: Russell Lord (Dragonflamesrest) : fuck
[16:10:59] SAY: Russell Lord (Dragonflamesrest) : IH AVE NO GUNS
[16:11:07] SAY: Russell Lord (Dragonflamesrest) : THATFORE I HAVE NO HONOR FOR HUNT
[16:11:07] SAY: predator (Xenosandbox the Second) [TRAITOR] : Honor duel?
[16:11:14] SAY: Russell Lord (Dragonflamesrest) : AGHH!!
[16:11:52] ADMIN: predator (Xenosandbox the Second) [TRAITOR] healed / revived predator (Xenosandbox the Second) [TRAITOR]
[16:12:08] SAY: Alien Empress (Andrewserafini) [TRAITOR] : *flip
[16:12:10] SAY: Alien Empress (Andrewserafini) [TRAITOR] : *fart
[16:12:13] SAY: Shitty Bill (NPC) : You a Synder?
[16:12:38] ADMIN: predator (Xenosandbox the Second) [TRAITOR] healed / revived predator (Xenosandbox the Second) [TRAITOR]
[16:12:58] ADMIN: predator (Xenosandbox the Second) [TRAITOR] healed / revived predator (Xenosandbox the Second) [TRAITOR]
[16:13:10] SAY: Shitty Bill (NPC) : Got any smokes?
[16:13:12] SAY: Shitty Bill (NPC) : I think my pals stole my hat.
[16:13:19] ACCESS: Login: predator (Xenosandbox the Second) [TRAITOR] [DEAD] from 98.200.200.133
[16:13:27] SAY: Russell Lord (Dragonflamesrest) : jesus
[16:13:33] SAY: Russell Lord (Dragonflamesrest) : i knew the queen was fake
[16:13:51] ADMIN: predator (Xenosandbox the Second) [TRAITOR] [DEAD] jumped to Alien Empress (Andrewserafini) [TRAITOR] (<a href='?src=%admin_ref%;action=jumptocoords;target=160,136,1' title='Jump to Coords'>160,136,1</a> in Central Maintenance)
[16:14:23] SAY: Shitty Bill (NPC) : Hey, gimme yer drugs.
[16:14:26] ADMIN: predator (Xenosandbox the Second) [TRAITOR] [DEAD] modified (/datum/abilityHolder/composite)'s abilities to /list
[16:14:47] SAY: Shitty Bill (NPC) : You a Russian?
[16:15:01] SAY: Shitty Bill (NPC) : I ever tell you 'bout my accident?
[16:15:21] SAY: Russell Lord (Dragonflamesrest) : fuck me
[16:15:27] SAY: Shitty Bill (NPC) : Howdy Donald "Don" Glabs.
[16:15:43] SAY: Shitty Bill (NPC) : Got a light, bro?
[16:17:23] SAY: Russell Lord (Dragonflamesrest) : TENDER
[16:17:46] SAY: Russell Lord (Dragonflamesrest) : wheres a knife
[16:18:02] SAY: Shitty Bill (NPC) : Nice burner, owl man.
[16:18:53] SAY: Shitty Bill (NPC) : Nice pod, chump.
[16:19:09] SAY: Shitty Bill (NPC) : You a narc?
[16:19:29] SAY: Father Jack (NPC) : FECK!
[16:20:50] SAY: Shitty Bill (NPC) : You roll?
[16:21:11] SAY: Shitty Bill (NPC) : Got a light, bro?
[16:21:15] SAY: Shitty Bill (NPC) : Got a light, 'Traser?
[16:21:59] SAY: Shitty Bill (NPC) : I ever tell you 'bout the time I found a locker fulla booze?
[16:23:01] SAY: Father Jack (NPC) : GIRLS!
[16:23:02] ACCESS: Login: Dom_Pig [DEAD] from 187.18.231.194
[16:23:26] ACCESS: Login: Henderson Hooker (Dom_Pig) from 187.18.231.194


Starting up. 16:26.26
---------------------

[16:26:31] ADMIN: Loading jobban_rank
[16:26:31] ADMIN: Jobban_keylist was empty
[16:26:31] ADMIN: Updating jobbanfile!
[16:26:31] ADMIN: Loading oocban_rank
[16:26:31] ADMIN: oocban_keylist was empty
[16:26:31] ADMIN: Updating jobbanfile!
ADMIN: furrychicken = Host
ADMIN: cherkir = Host
ADMIN: jasonvorheese = Primary Administrator
ADMIN: minimeatwad = Primary Administrator
ADMIN: xenosandboxthesecond = Primary Administrator
ADMIN: exbod = Secondary Administrator
ADMIN: zenek123 = Secondary Administrator
[16:26:49] ACCESS: Login: Dragonflamesrest from 24.101.146.251
[16:27:09] ACCESS: Login: Dom_Pig from 187.18.231.194
[16:29:03] ACCESS: Login: Guest-2884632373 from 178.221.8.125
[16:30:49] ACCESS: Login: Furry Chicken from 50.133.2.25
[16:31:02] ACCESS: Login: Furry Chicken from 50.133.2.25
[16:31:53] ADMIN: Pavel Havel (Furry Chicken) initiated a reboot.
[16:31:57] ACCESS: Login: Dom_Pig [TRAITOR] from 187.18.231.194


Starting up. 16:34.13
---------------------

[16:34:18] ADMIN: Loading jobban_rank
[16:34:18] ADMIN: Jobban_keylist was empty
[16:34:18] ADMIN: Updating jobbanfile!
[16:34:18] ADMIN: Loading oocban_rank
[16:34:18] ADMIN: oocban_keylist was empty
[16:34:18] ADMIN: Updating jobbanfile!
ADMIN: furrychicken = Host
ADMIN: cherkir = Host
ADMIN: jasonvorheese = Primary Administrator
ADMIN: minimeatwad = Primary Administrator
ADMIN: xenosandboxthesecond = Primary Administrator
ADMIN: exbod = Secondary Administrator
ADMIN: zenek123 = Secondary Administrator
[16:34:33] ACCESS: Login: Furry Chicken from 50.133.2.25
[16:34:49] ACCESS: Login: Dom_Pig from 187.18.231.194
[16:38:02] ACCESS: Login: Dom_Pig [TRAITOR] from 187.18.231.194
[16:38:16] ACCESS: Login: Furry Chicken [DEAD] from 50.133.2.25
[16:38:38] SAY: Shitty Bill (NPC) : How's it goin' Donald "Don" Glabs.
[16:38:42] ADMIN: Pavel Havel (Furry Chicken) [DEAD] jumped to Alien Queen (Dom_Pig) [TRAITOR] (<a href='?src=%admin_ref%;action=jumptocoords;target=111,97,1' title='Jump to Coords'>111,97,1</a> in Medbay Operating Theater)
[16:40:08] SAY: Father Jack (NPC) : GIRLS!
[16:41:30] SAY: Shitty Bill (NPC) : You a beardo?
[16:41:32] SAY: Shitty Bill (NPC) : Hey chump, gimme yer bees.
[16:42:20] SAY: Shitty Bill (NPC) : Got any jenkem?
[16:42:30] SAY: Shitty Bill (NPC) : Nice wheels, bro.
[16:43:39] SAY: Shitty Bill (NPC) : Nice hair, flyboy.
[16:44:08] SAY: Shitty Bill (NPC) : Man, I sure miss the Enterprise.
[16:44:15] SAY: Shitty Bill (NPC) : Got a light, brud?
[16:44:36] SAY: Shitty Bill (NPC) : You a wizman?
[16:45:09] SAY: Shitty Bill (NPC) : Got any hyper?
[16:46:13] SAY: Shitty Bill (NPC) : Nice threads, flyboy.
[16:46:22] SAY: Shitty Bill (NPC) : You roll?
[16:46:37] SAY: Shitty Bill (NPC) : You a nerd?
[16:46:53] SAY: Shitty Bill (NPC) : Got a light, astronaut?
[16:47:35] SAY: Shitty Bill (NPC) : Nice treads, brud.
[16:47:53] SAY: Shitty Bill (NPC) : Got a light, bro?
[16:48:34] SAY: Shitty Bill (NPC) : Hey friendo, gimme yer cash.
[16:49:15] SAY: Shitty Bill (NPC) : Hey pal, gimme yer jet.
[16:49:38] SAY: Shitty Bill (NPC) : Nice name, scrub.
[16:50:55] SAY: Shitty Bill (NPC) : Hey pal, gimme yer cash.
[16:52:22] SAY: Shitty Bill (NPC) : Hey, gimme yer bees.
[16:52:29] SAY: Shitty Bill (NPC) : I ever tell you 'bout the day I got fired?
[16:52:45] SAY: Shitty Bill (NPC) : Got any cigs?
[16:52:57] SAY: Shitty Bill (NPC) : What the hell are you lookin' at, nerd?
[16:53:11] SAY: Shitty Bill (NPC) : I think my associates left me here.
[16:53:18] SAY: Father Jack (NPC) : ARSE!
[16:53:25] SAY: Shitty Bill (NPC) : I ever tell you 'bout that smilin' dude?
[16:53:58] SAY: Shitty Bill (NPC) : I ever tell you 'bout my dad?
[16:54:47] SAY: Shitty Bill (NPC) : Nice hogg, pal.
[16:54:52] SAY: Shitty Bill (NPC) : You roll?
[16:56:33] SAY: Shitty Bill (NPC) : I ever tell you 'bout that time I lost my shovel?
[16:57:20] SAY: Shitty Bill (NPC) : I think my homebros took off.
[16:57:41] SAY: Father Jack (NPC) : GIRLS!
[16:57:55] SAY: Father Jack (NPC) : GIRLS!
[16:58:14] SAY: Shitty Bill (NPC) : I ever tell you 'bout my old buddy David?
[17:01:54] SAY: Shitty Bill (NPC) : I ever tell you 'bout the time I caught Clown's Syndrome?
[17:01:59] SAY: Father Jack (NPC) : FECK!
[17:02:03] SAY: Shitty Bill (NPC) : I ever tell you 'bout when I found some old keys?
[17:02:50] SAY: Shitty Bill (NPC) : I ever tell you 'bout what really happened in that ice place?
[17:03:24] SAY: Shitty Bill (NPC) : Got any astro?
[17:04:19] SAY: Shitty Bill (NPC) : Man, I sure don't miss my kids.
[17:04:35] SAY: Shitty Bill (NPC) : I think my bruds sent you.
[17:04:49] SAY: Shitty Bill (NPC) : I think my buds are running late.
[17:04:54] SAY: Shitty Bill (NPC) : Dag, it's Donald "Don" Glabs.
[17:05:17] SAY: Shitty Bill (NPC) : I ever tell you 'bout the weird place with all the monkeys?
[17:05:19] SAY: Shitty Bill (NPC) : You a miner?
[17:06:00] SAY: Shitty Bill (NPC) : You a miner?
[17:06:18] SAY: Shitty Bill (NPC) : Nice hogg, flyboy.
[17:06:20] SAY: Shitty Bill (NPC) : Got any cats?
[17:06:57] SAY: Shitty Bill (NPC) : I ever tell you 'bout the time I found a crate fulla smokes?
[17:07:18] SAY: Shitty Bill (NPC) : I ever tell you 'bout my accident?
[17:07:27] SAY: Shitty Bill (NPC) : You ride?
[17:08:11] SAY: Shitty Bill (NPC) : Sup Donald "Don" Glabs.
[17:08:25] SAY: Shitty Bill (NPC) : I ever tell you 'bout that time I was a werewolf?


Starting up. 17:10.48
---------------------

[17:10:54] ADMIN: Loading jobban_rank
[17:10:54] ADMIN: Jobban_keylist was empty
[17:10:54] ADMIN: Updating jobbanfile!
[17:10:54] ADMIN: Loading oocban_rank
[17:10:54] ADMIN: oocban_keylist was empty
[17:10:54] ADMIN: Updating jobbanfile!
ADMIN: furrychicken = Host
ADMIN: cherkir = Host
ADMIN: jasonvorheese = Primary Administrator
ADMIN: minimeatwad = Primary Administrator
ADMIN: xenosandboxthesecond = Primary Administrator
ADMIN: exbod = Secondary Administrator
ADMIN: zenek123 = Secondary Administrator
[17:11:13] ACCESS: Login: Furry Chicken from 50.133.2.25
[17:12:44] ACCESS: Login: Kasiopeo from 181.232.96.119
[17:13:42] ACCESS: Login: Exbod from 200.138.88.62
[17:14:18] OOC: Exbod : Oh look, you fixed the changelog.
[17:15:58] OOC: Kasiopeo : i can change my character
[17:16:04] OOC: Kasiopeo : i cant*
[17:25:35] ACCESS: Login: Kasiopeo from 181.232.96.119
[17:25:59] ADMIN: Kasiopeo used adminwho and saw 2 admins.
[17:26:06] AHELP: Kasiopeo HELP: can i play?
[17:26:17] AHELP: Exbod PM'd Kasiopeo: Erh wait a bit.
[17:27:09] AHELP: Exbod PM'd Kasiopeo: Wait a bit more.
[17:31:44] AHELP: Kasiopeo PM'd Exbod: i wanna play plz ;__;
[17:31:58] AHELP: Exbod PM'd Kasiopeo: Erhh we need more people.
[17:32:02] AHELP: Exbod PM'd Kasiopeo: Like
[17:32:09] AHELP: Exbod PM'd Kasiopeo: One more.
[17:32:58] OOC: Furry Chicken : the game won&#39;t start until someone toggles their xeno setting
[17:34:50] OOC: Kasiopeo : i have problems with my settings
[17:53:16] ACCESS: Login: Umguaxinim from 191.253.215.30
[17:53:52] ACCESS: Login: Umguaxinim from 191.253.215.30
[17:54:35] ACCESS: Login: Jeb Bennett (Umguaxinim) from 191.253.215.30
[17:55:11] ACCESS: Login: Jeb Bennett (Umguaxinim) from 191.253.215.30
[17:55:36] ACCESS: Login: Jeb Bennett (Umguaxinim) from 191.253.215.30
[17:55:45] ACCESS: Login: Jeb Bennett (Umguaxinim) from 191.253.215.30
[17:58:35] ACCESS: Login: Jeb Bennett (Umguaxinim) from 191.253.215.30
[17:58:44] ACCESS: Login: Jeb Bennett (Umguaxinim) from 191.253.215.30
[18:00:32] ACCESS: Login: Jeb Bennett (Umguaxinim) from 191.253.215.30
[18:02:59] OOC: Jeb Bennett (Umguaxinim) : help
[18:05:07] ACCESS: Login: Jeb Bennett (Umguaxinim) from 191.253.215.30
[18:05:38] ACCESS: Login: Jeb Bennett (Umguaxinim) from 191.253.215.30
[18:06:01] ACCESS: Login: Jeb Bennett (Umguaxinim) from 191.253.215.30
[18:06:25] SAY: Jeb Bennett (Umguaxinim) (GHOST): hi
[18:54:41] ACCESS: Login: CaptinPicard1166 from 99.160.4.91
[19:05:20] ACCESS: Login: Furry Chicken from 50.133.2.25
[19:05:26] ADMIN: Furry Chicken initiated a reboot.


Starting up. 19:07.35
---------------------

[19:07:40] ADMIN: Loading jobban_rank
[19:07:40] ADMIN: Jobban_keylist was empty
[19:07:40] ADMIN: Updating jobbanfile!
[19:07:40] ADMIN: Loading oocban_rank
[19:07:40] ADMIN: oocban_keylist was empty
[19:07:40] ADMIN: Updating jobbanfile!
ADMIN: furrychicken = Host
ADMIN: cherkir = Host
ADMIN: jasonvorheese = Primary Administrator
ADMIN: minimeatwad = Primary Administrator
ADMIN: xenosandboxthesecond = Primary Administrator
ADMIN: exbod = Secondary Administrator
ADMIN: zenek123 = Secondary Administrator
[19:08:08] ACCESS: Login: Furry Chicken from 50.133.2.25
[21:59:25] ACCESS: Login: CaptinPicard1166 from 99.160.4.91
[22:01:20] ACCESS: Login: RedComet13 from 99.160.4.91
[22:01:20] ACCESS: RedComet13 has same IP address as CaptinPicard1166
[22:02:26] ACCESS: Login: RedComet13 from 99.160.4.91
[22:02:26] ACCESS: RedComet13 has same IP address as CaptinPicard1166
[22:03:57] ACCESS: Login: CaptinPicard1166 [TRAITOR] from 99.160.4.91
[22:03:57] ACCESS: CaptinPicard1166 [TRAITOR] has same IP address as RedComet13 [DEAD]
[22:03:57] ACCESS: Login: Irvine Stephenson (RedComet13) from 99.160.4.91
[22:03:57] ACCESS: Irvine Stephenson (RedComet13) has same IP address as Alien Queen (CaptinPicard1166) [TRAITOR]
[22:04:35] SAY: Shitty Bill (NPC) : Man, I sure miss my shovel.
[01:44:19] SAY: Shitty Bill (NPC) : Got any nog?
