

Starting up. 10:47.59
---------------------

[10:48:04] ADMIN: Loading jobban_rank
[10:48:04] ADMIN: Jobban_keylist was empty
[10:48:04] ADMIN: Updating jobbanfile!
[10:48:04] ADMIN: Loading oocban_rank
[10:48:04] ADMIN: oocban_keylist was empty
[10:48:04] ADMIN: Updating jobbanfile!
ADMIN: furrychicken = Host
ADMIN: cherkir = Host
ADMIN: jasonvorheese = Primary Administrator
ADMIN: minimeatwad = Primary Administrator
ADMIN: xenosandboxthesecond = Primary Administrator
ADMIN: exbod = Secondary Administrator
ADMIN: zenek123 = Secondary Administrator
[10:48:29] ACCESS: Login: Furry Chicken from 
[10:49:27] ADMIN: Furry Chicken [DEAD] has started the game.
[10:49:27] ACCESS: Login: Furry Chicken [TRAITOR] from 
[10:50:14] ADMIN: Alien Queen (Furry Chicken) [TRAITOR] has made Alien Queen (Furry Chicken) [TRAITOR] a human.
[10:50:22] ADMIN: Alien Queen (Furry Chicken) [TRAITOR] removed the antagonist status of Alien Queen (Furry Chicken) [TRAITOR].
[10:50:22] ACCESS: Login: Alien Queen (Furry Chicken) [DEAD] from 
[10:50:22] ACCESS: Login: Alien Queen (Furry Chicken) from 
[10:50:26] ACCESS: Login: Furry Chicken from 
[10:50:28] SAY: Mahcho maen (Furry Chicken) : *scream
[10:51:01] ADMIN: Mahcho maen (Furry Chicken) opened the create_object panel
[10:51:09] ADMIN: Mahcho maen (Furry Chicken) created a /obj/workbench
[10:51:22] SAY: Shitty Bill (NPC) : Got a light, dude?
[10:51:24] SAY: Shitty Bill (NPC) : Got any argine?
[10:51:31] ADMIN: Mahcho maen (Furry Chicken) opened the create_object panel
[10:51:39] ADMIN: Mahcho maen (Furry Chicken) created a /obj/item/crowbar/survivor_crowbar
[10:51:46] SAY: Shitty Bill (NPC) : What up Donald "Don" Glabs.
[10:51:47] ADMIN: Mahcho maen (Furry Chicken) created a /obj/item/electronics/batteryassembly
[10:51:55] SAY: Shitty Bill (NPC) : Got any Cosmos?
[10:52:00] SAY: Shitty Bill (NPC) : Hey chump, gimme yer card.
[10:53:15] SAY: Shitty Bill (NPC) : You a narc?
[10:53:49] SAY: Mahcho maen (Furry Chicken) : *scream
[10:53:50] SAY: Mahcho maen (Furry Chicken) : *scream
[10:53:50] SAY: Mahcho maen (Furry Chicken) : *scream
[10:53:50] SAY: Mahcho maen (Furry Chicken) : *scream
[10:53:53] SAY: Shitty Bill (NPC) : I think my associates forgot about me.
[10:53:54] SAY: Mahcho maen (Furry Chicken) : *scream


Starting up. 16:55.33
---------------------

[16:55:38] ADMIN: Loading jobban_rank
[16:55:38] ADMIN: Jobban_keylist was empty
[16:55:38] ADMIN: Updating jobbanfile!
[16:55:38] ADMIN: Loading oocban_rank
[16:55:38] ADMIN: oocban_keylist was empty
[16:55:38] ADMIN: Updating jobbanfile!
ADMIN: furrychicken = Host
ADMIN: cherkir = Host
ADMIN: jasonvorheese = Primary Administrator
ADMIN: minimeatwad = Primary Administrator
ADMIN: xenosandboxthesecond = Primary Administrator
ADMIN: exbod = Primary Administrator
ADMIN: zenek123 = Secondary Administrator
ADMIN: noobpwnt4lif3 = Coder
ADMIN: kimjuandong = Coder
ADMIN: adolf12 = Iconner
ADMIN: kamina321 = Moderator
[16:55:56] ACCESS: Login: Furry Chicken from 
[16:57:33] ACCESS: Login: Furry Chicken from 
[16:57:41] ADMIN: Pavel Havel (Furry Chicken) has made Pavel Havel (Furry Chicken) a human.
[16:57:58] ADMIN: Pavel Havel (Furry Chicken) has made Pavel Havel (Furry Chicken) a human.
[16:58:02] ADMIN: Pavel Havel (Furry Chicken) [DEAD] has started the game.
[16:58:03] ADMIN: Pavel Havel (Furry Chicken) has made Pavel Havel (Furry Chicken) a human.
[16:58:53] ACCESS: Login: Furry Chicken from 
[16:59:18] ADMIN: Alien Praetorian 14 (Furry Chicken) has made Alien Praetorian 14 (Furry Chicken) a human.
[16:59:40] SAY: Alien Praetorian 14 (Furry Chicken) : *roar
[17:00:07] SAY: Alien Praetorian 14 (Furry Chicken) : lol


Starting up. 17:04.28
---------------------

[17:04:33] ADMIN: Loading jobban_rank
[17:04:33] ADMIN: Jobban_keylist was empty
[17:04:33] ADMIN: Updating jobbanfile!
[17:04:33] ADMIN: Loading oocban_rank
[17:04:33] ADMIN: oocban_keylist was empty
[17:04:33] ADMIN: Updating jobbanfile!
ADMIN: furrychicken = Host
ADMIN: cherkir = Host
ADMIN: jasonvorheese = Primary Administrator
ADMIN: minimeatwad = Primary Administrator
ADMIN: xenosandboxthesecond = Primary Administrator
ADMIN: exbod = Primary Administrator
ADMIN: zenek123 = Secondary Administrator
ADMIN: noobpwnt4lif3 = Coder
ADMIN: kimjuandong = Coder
ADMIN: adolf12 = Iconner
ADMIN: kamina321 = Moderator
[17:04:56] ACCESS: Login: Furry Chicken from 
[17:06:26] ADMIN: Furry Chicken [DEAD] has started the game.
[17:06:26] ACCESS: Login: Furry Chicken [TRAITOR] from 
[17:06:46] ADMIN: Alien Queen (Furry Chicken) [TRAITOR] has made Alien Queen (Furry Chicken) [TRAITOR] a human.
[17:06:54] SAY: Alien Queen (Furry Chicken) [TRAITOR] : *roar
[17:07:18] SAY: Shitty Bill (NPC) : Hey pal, gimme yer smokes.
[17:07:29] SAY: Shitty Bill (NPC) : The hell're you lookin' at, bro?
[17:08:02] ADMIN: Alien Queen (Furry Chicken) [TRAITOR] added 50 units of starve to Alien Queen at (<a href='?src=%admin_ref%;action=jumptocoords;target=113,95,1' title='Jump to Coords'>113,95,1</a> in Medbay Operating Theater).
[17:08:10] SAY: Shitty Bill (NPC) : I think my bruds are running late.
[17:08:56] SAY: Shitty Bill (NPC) : I think my associates set me up.
[17:09:22] ACCESS: Login: Alien Queen (Furry Chicken) [TRAITOR] [DEAD] from 


Starting up. 17:29.26
---------------------

[17:29:30] ADMIN: Loading jobban_rank
[17:29:30] ADMIN: Jobban_keylist was empty
[17:29:30] ADMIN: Updating jobbanfile!
[17:29:30] ADMIN: Loading oocban_rank
[17:29:30] ADMIN: oocban_keylist was empty
[17:29:30] ADMIN: Updating jobbanfile!
ADMIN: furrychicken = Host
ADMIN: cherkir = Host
ADMIN: jasonvorheese = Primary Administrator
ADMIN: minimeatwad = Primary Administrator
ADMIN: xenosandboxthesecond = Primary Administrator
ADMIN: exbod = Primary Administrator
ADMIN: zenek123 = Secondary Administrator
ADMIN: noobpwnt4lif3 = Coder
ADMIN: kimjuandong = Coder
ADMIN: adolf12 = Iconner
ADMIN: kamina321 = Moderator
[17:29:50] ACCESS: Login: Furry Chicken from 
[17:37:06] ADMIN: Furry Chicken [DEAD] has started the game.
[17:37:07] ACCESS: Login: Furry Chicken [TRAITOR] from 
[17:37:09] SAY: Shitty Bill (NPC) : I think my crew forgot about me.
[17:37:17] ACCESS: Login: Furry Chicken [TRAITOR] from 
[17:37:25] SAY: maetchoe Maenn (Furry Chicken) [TRAITOR] : *scream
[17:37:30] SAY: maetchoe Maenn (Furry Chicken) [TRAITOR] : *roar
[17:37:32] SAY: Shitty Bill (NPC) : Whatcha you lookin' at, dingus?
[17:38:54] SAY: Shitty Bill (NPC) : Whoa, it's Donald "Don" Glabs.
[17:39:05] SAY: Shitty Bill (NPC) : You a Synder?
[17:39:25] ADMIN: maetchoe Maenn (Furry Chicken) [TRAITOR] modified maetchoe Maenn's will_starve_in_deciseconds to 300
[17:39:27] SAY: Father Jack (NPC) : That would be an ecumenical matter.
[17:39:31] SAY: Shitty Bill (NPC) : You rhyme?


Starting up. 17:43.21
---------------------

[17:43:25] ADMIN: Loading jobban_rank
[17:43:25] ADMIN: Jobban_keylist was empty
[17:43:25] ADMIN: Updating jobbanfile!
[17:43:25] ADMIN: Loading oocban_rank
[17:43:25] ADMIN: oocban_keylist was empty
[17:43:25] ADMIN: Updating jobbanfile!
ADMIN: furrychicken = Host
ADMIN: cherkir = Host
ADMIN: jasonvorheese = Primary Administrator
ADMIN: minimeatwad = Primary Administrator
ADMIN: xenosandboxthesecond = Primary Administrator
ADMIN: exbod = Primary Administrator
ADMIN: zenek123 = Secondary Administrator
ADMIN: noobpwnt4lif3 = Coder
ADMIN: kimjuandong = Coder
ADMIN: adolf12 = Iconner
ADMIN: kamina321 = Moderator
[17:43:44] ACCESS: Login: Furry Chicken from 
[17:44:45] ADMIN: Furry Chicken [DEAD] has started the game.
[17:44:45] ACCESS: Login: Furry Chicken [TRAITOR] from 
[17:44:50] SAY: Shitty Bill (NPC) : Man, I sure don't miss the Belt.
[17:45:03] ADMIN: Alien Queen (Furry Chicken) [TRAITOR] has made Alien Queen (Furry Chicken) [TRAITOR] a human.
[17:45:08] SAY: Shitty Bill (NPC) : Got any astro?
[17:46:01] ADMIN: Alien Queen (Furry Chicken) [TRAITOR] added 50 units of starve to Alien Queen at (<a href='?src=%admin_ref%;action=jumptocoords;target=145,93,1' title='Jump to Coords'>145,93,1</a> in Auxillary Storage).
[17:46:55] SAY: Shitty Bill (NPC) : I ever tell you 'bout the time I shaved a wizard?
[17:47:23] SAY: Shitty Bill (NPC) : Got a light, brud?
[17:47:54] SAY: Shitty Bill (NPC) : Oh hell, it's Father Jack.
[17:48:21] ACCESS: Login: space bear (Furry Chicken) [TRAITOR] from 
[17:48:24] ADMIN: space bear (Furry Chicken) [TRAITOR] has made space bear (Furry Chicken) [TRAITOR] a human.
[17:48:25] ADMIN: space bear (Furry Chicken) [TRAITOR] has made space bear (Furry Chicken) [TRAITOR] a human.


Starting up. 17:54.30
---------------------

[17:54:35] ADMIN: Loading jobban_rank
[17:54:35] ADMIN: Jobban_keylist was empty
[17:54:35] ADMIN: Updating jobbanfile!
[17:54:35] ADMIN: Loading oocban_rank
[17:54:35] ADMIN: oocban_keylist was empty
[17:54:35] ADMIN: Updating jobbanfile!
ADMIN: furrychicken = Host
ADMIN: cherkir = Host
ADMIN: jasonvorheese = Primary Administrator
ADMIN: minimeatwad = Primary Administrator
ADMIN: xenosandboxthesecond = Primary Administrator
ADMIN: exbod = Primary Administrator
ADMIN: zenek123 = Secondary Administrator
ADMIN: noobpwnt4lif3 = Coder
ADMIN: kimjuandong = Coder
ADMIN: adolf12 = Iconner
ADMIN: kamina321 = Moderator
[17:54:53] ACCESS: Login: Furry Chicken from 
[17:55:20] ADMIN: Furry Chicken [DEAD] has started the game.
[17:55:20] ACCESS: Login: Furry Chicken [TRAITOR] from 
[17:55:36] ACCESS: Login: Alien Queen (Furry Chicken) [TRAITOR] from 
[17:56:06] ADMIN: Alien Queen (Furry Chicken) [TRAITOR] teleported Alien Queen (Furry Chicken) [TRAITOR] (<a href='?src=%admin_ref%;action=jumptocoords;target=215,177,1' title='Jump to Coords'>215,177,1</a> in Space)
[17:56:11] SAY: Father Jack (NPC) : FECK!
[17:56:25] ACCESS: Login: Alien Queen (Furry Chicken) [TRAITOR] from 
[17:56:41] ADMIN: Alien Queen (Furry Chicken) [TRAITOR] modified Alien Queen's x to 216
[17:56:59] SAY: Shitty Bill (NPC) : What the hell are you lookin' at, wirehead?
[17:57:02] ADMIN: Alien Queen (Furry Chicken) [TRAITOR] healed / revived Alien Queen (Furry Chicken) [TRAITOR]
[17:57:23] ADMIN: Alien Queen (Furry Chicken) [TRAITOR] healed / revived Alien Queen (Furry Chicken) [TRAITOR]
[17:57:25] SAY: Shitty Bill (NPC) : Man, I sure miss my dad.
[17:58:05] SAY: Shitty Bill (NPC) : You drink?
[17:58:37] SAY: Shitty Bill (NPC) : Nice wheels, chump.
[17:59:35] SAY: Father Jack (NPC) : GIRLS!
[17:59:54] SAY: Shitty Bill (NPC) : Whatcha you lookin' at, brud?
[18:01:18] SAY: Shitty Bill (NPC) : The hell you lookin' at, dude?
[18:01:23] SAY: Shitty Bill (NPC) : Hey brud, gimme yer keys.
[18:02:31] SAY: Shitty Bill (NPC) : I think my pals took off.
[18:03:17] SAY: Shitty Bill (NPC) : I ever tell you 'bout the time I found an alien thing that made weed?
[18:04:58] SAY: Shitty Bill (NPC) : Got a light, 'Traser?
[18:05:10] SAY: Shitty Bill (NPC) : How's it goin' Donald "Don" Glabs.
[18:05:26] SAY: Shitty Bill (NPC) : Got any stylane?
[18:05:40] SAY: Shitty Bill (NPC) : How's it goin' Donald "Don" Glabs.
[18:06:41] SAY: Shitty Bill (NPC) : Got any soup?
[18:08:24] SAY: Shitty Bill (NPC) : Oh Christ, it's Donald "Don" Glabs.
[18:08:28] SAY: Shitty Bill (NPC) : I ever tell you 'bout that time I lost my shovel?
[18:09:13] SAY: Shitty Bill (NPC) : Got any krok?
[18:10:12] SAY: Shitty Bill (NPC) : Hey chump, gimme yer dosh.
[18:10:49] SAY: Shitty Bill (NPC) : Got any bees?
[18:11:22] SAY: Shitty Bill (NPC) : Nice wheels, spaceman.
[18:11:43] SAY: Shitty Bill (NPC) : Man, I sure don't miss bein' a wizard.
[18:12:09] SAY: Father Jack (NPC) : That would be an ecumenical matter.
[18:12:26] SAY: Shitty Bill (NPC) : I think my bros left me here.
[18:13:18] SAY: Shitty Bill (NPC) : Hey brud, gimme yer smokes.


Starting up. 18:28.49
---------------------

[18:28:53] ADMIN: Loading jobban_rank
[18:28:53] ADMIN: Jobban_keylist was empty
[18:28:53] ADMIN: Updating jobbanfile!
[18:28:53] ADMIN: Loading oocban_rank
[18:28:53] ADMIN: oocban_keylist was empty
[18:28:53] ADMIN: Updating jobbanfile!
ADMIN: furrychicken = Host
ADMIN: cherkir = Host
ADMIN: jasonvorheese = Primary Administrator
ADMIN: minimeatwad = Primary Administrator
ADMIN: xenosandboxthesecond = Primary Administrator
ADMIN: exbod = Primary Administrator
ADMIN: zenek123 = Secondary Administrator
ADMIN: noobpwnt4lif3 = Coder
ADMIN: kimjuandong = Coder
ADMIN: adolf12 = Iconner
ADMIN: kamina321 = Moderator
[18:29:13] ACCESS: Login: Furry Chicken from 
[18:32:15] ADMIN: Furry Chicken [DEAD] has started the game.
[18:32:16] ACCESS: Login: Furry Chicken [TRAITOR] from 
[18:32:26] ADMIN: Alien Queen (Furry Chicken) [TRAITOR] has made Alien Queen (Furry Chicken) [TRAITOR] a human.
[18:33:00] SAY: Shitty Bill (NPC) : Got a light, weirdo?
[18:33:02] SAY: Shitty Bill (NPC) : Nice burner, Colonel.
[18:33:32] ADMIN: Alien Queen (Furry Chicken) [TRAITOR] added 50 units of starve to Alien Queen at (<a href='?src=%admin_ref%;action=jumptocoords;target=158,160,1' title='Jump to Coords'>158,160,1</a> in Central Maintenance).
[18:35:16] SAY: Shitty Bill (NPC) : Got a light, wirehead?
[18:36:42] SAY: Shitty Bill (NPC) : Oh hell, it's Donald "Don" Glabs.


Starting up. 18:47.33
---------------------

[18:47:37] ADMIN: Loading jobban_rank
[18:47:37] ADMIN: Jobban_keylist was empty
[18:47:37] ADMIN: Updating jobbanfile!
[18:47:37] ADMIN: Loading oocban_rank
[18:47:37] ADMIN: oocban_keylist was empty
[18:47:37] ADMIN: Updating jobbanfile!
ADMIN: furrychicken = Host
ADMIN: cherkir = Host
ADMIN: jasonvorheese = Primary Administrator
ADMIN: minimeatwad = Primary Administrator
ADMIN: xenosandboxthesecond = Primary Administrator
ADMIN: exbod = Primary Administrator
ADMIN: zenek123 = Secondary Administrator
ADMIN: noobpwnt4lif3 = Coder
ADMIN: kimjuandong = Coder
ADMIN: adolf12 = Iconner
ADMIN: kamina321 = Moderator
[18:47:51] ACCESS: Login: Guest-4038160359 from 


Starting up. 18:49.26
---------------------

[18:49:30] ADMIN: Loading jobban_rank
[18:49:30] ADMIN: Jobban_keylist was empty
[18:49:30] ADMIN: Updating jobbanfile!
[18:49:30] ADMIN: Loading oocban_rank
[18:49:30] ADMIN: oocban_keylist was empty
[18:49:30] ADMIN: Updating jobbanfile!
ADMIN: furrychicken = Host
ADMIN: cherkir = Host
ADMIN: jasonvorheese = Primary Administrator
ADMIN: minimeatwad = Primary Administrator
ADMIN: xenosandboxthesecond = Primary Administrator
ADMIN: exbod = Primary Administrator
ADMIN: zenek123 = Secondary Administrator
ADMIN: noobpwnt4lif3 = Coder
ADMIN: kimjuandong = Coder
ADMIN: adolf12 = Iconner
ADMIN: kamina321 = Moderator
[18:49:46] ACCESS: Login: Guest-4038160359 from 


Starting up. 18:51.27
---------------------

[18:51:31] ADMIN: Loading jobban_rank
[18:51:31] ADMIN: Jobban_keylist was empty
[18:51:31] ADMIN: Updating jobbanfile!
[18:51:31] ADMIN: Loading oocban_rank
[18:51:31] ADMIN: oocban_keylist was empty
[18:51:31] ADMIN: Updating jobbanfile!
ADMIN: furrychicken = Host
ADMIN: cherkir = Host
ADMIN: jasonvorheese = Primary Administrator
ADMIN: minimeatwad = Primary Administrator
ADMIN: xenosandboxthesecond = Primary Administrator
ADMIN: exbod = Primary Administrator
ADMIN: zenek123 = Secondary Administrator
ADMIN: noobpwnt4lif3 = Coder
ADMIN: kimjuandong = Coder
ADMIN: adolf12 = Iconner
ADMIN: kamina321 = Moderator
[18:51:44] ACCESS: Login: Guest-4038160359 from 


Starting up. 18:53.13
---------------------

[18:53:17] ADMIN: Loading jobban_rank
[18:53:17] ADMIN: Jobban_keylist was empty
[18:53:17] ADMIN: Updating jobbanfile!
[18:53:17] ADMIN: Loading oocban_rank
[18:53:17] ADMIN: oocban_keylist was empty
[18:53:17] ADMIN: Updating jobbanfile!
ADMIN: furrychicken = Host
ADMIN: cherkir = Host
ADMIN: jasonvorheese = Primary Administrator
ADMIN: minimeatwad = Primary Administrator
ADMIN: xenosandboxthesecond = Primary Administrator
ADMIN: exbod = Primary Administrator
ADMIN: zenek123 = Secondary Administrator
ADMIN: noobpwnt4lif3 = Coder
ADMIN: kimjuandong = Coder
ADMIN: adolf12 = Iconner
ADMIN: kamina321 = Moderator
[18:53:30] ACCESS: Login: Guest-4038160359 from 


Starting up. 18:54.59
---------------------

[18:55:03] ADMIN: Loading jobban_rank
[18:55:03] ADMIN: Jobban_keylist was empty
[18:55:03] ADMIN: Updating jobbanfile!
[18:55:03] ADMIN: Loading oocban_rank
[18:55:03] ADMIN: oocban_keylist was empty
[18:55:03] ADMIN: Updating jobbanfile!
ADMIN: furrychicken = Host
ADMIN: cherkir = Host
ADMIN: jasonvorheese = Primary Administrator
ADMIN: minimeatwad = Primary Administrator
ADMIN: xenosandboxthesecond = Primary Administrator
ADMIN: exbod = Primary Administrator
ADMIN: zenek123 = Secondary Administrator
ADMIN: noobpwnt4lif3 = Coder
ADMIN: kimjuandong = Coder
ADMIN: adolf12 = Iconner
ADMIN: kamina321 = Moderator


Starting up. 18:58.14
---------------------

[18:58:18] ADMIN: Loading jobban_rank
[18:58:18] ADMIN: Jobban_keylist was empty
[18:58:18] ADMIN: Updating jobbanfile!
[18:58:18] ADMIN: Loading oocban_rank
[18:58:18] ADMIN: oocban_keylist was empty
[18:58:18] ADMIN: Updating jobbanfile!
ADMIN: furrychicken = Host
ADMIN: cherkir = Host
ADMIN: jasonvorheese = Primary Administrator
ADMIN: minimeatwad = Primary Administrator
ADMIN: xenosandboxthesecond = Primary Administrator
ADMIN: exbod = Primary Administrator
ADMIN: zenek123 = Secondary Administrator
ADMIN: noobpwnt4lif3 = Coder
ADMIN: kimjuandong = Coder
ADMIN: adolf12 = Iconner
ADMIN: kamina321 = Moderator
[18:58:32] ACCESS: Login: Guest-4038160359 from 


Starting up. 18:59.58
---------------------

[19:00:02] ADMIN: Loading jobban_rank
[19:00:02] ADMIN: Jobban_keylist was empty
[19:00:02] ADMIN: Updating jobbanfile!
[19:00:02] ADMIN: Loading oocban_rank
[19:00:02] ADMIN: oocban_keylist was empty
[19:00:02] ADMIN: Updating jobbanfile!
ADMIN: furrychicken = Host
ADMIN: cherkir = Host
ADMIN: jasonvorheese = Primary Administrator
ADMIN: minimeatwad = Primary Administrator
ADMIN: xenosandboxthesecond = Primary Administrator
ADMIN: exbod = Primary Administrator
ADMIN: zenek123 = Secondary Administrator
ADMIN: noobpwnt4lif3 = Coder
ADMIN: kimjuandong = Coder
ADMIN: adolf12 = Iconner
ADMIN: kamina321 = Moderator
[19:00:15] ACCESS: Login: Guest-4038160359 from 


Starting up. 19:01.41
---------------------

[19:01:45] ADMIN: Loading jobban_rank
[19:01:45] ADMIN: Jobban_keylist was empty
[19:01:45] ADMIN: Updating jobbanfile!
[19:01:45] ADMIN: Loading oocban_rank
[19:01:45] ADMIN: oocban_keylist was empty
[19:01:45] ADMIN: Updating jobbanfile!
ADMIN: furrychicken = Host
ADMIN: cherkir = Host
ADMIN: jasonvorheese = Primary Administrator
ADMIN: minimeatwad = Primary Administrator
ADMIN: xenosandboxthesecond = Primary Administrator
ADMIN: exbod = Primary Administrator
ADMIN: zenek123 = Secondary Administrator
ADMIN: noobpwnt4lif3 = Coder
ADMIN: kimjuandong = Coder
ADMIN: adolf12 = Iconner
ADMIN: kamina321 = Moderator
[19:01:58] ACCESS: Login: Guest-4038160359 from 


Starting up. 19:03.28
---------------------

[19:03:32] ADMIN: Loading jobban_rank
[19:03:32] ADMIN: Jobban_keylist was empty
[19:03:32] ADMIN: Updating jobbanfile!
[19:03:32] ADMIN: Loading oocban_rank
[19:03:32] ADMIN: oocban_keylist was empty
[19:03:32] ADMIN: Updating jobbanfile!
ADMIN: furrychicken = Host
ADMIN: cherkir = Host
ADMIN: jasonvorheese = Primary Administrator
ADMIN: minimeatwad = Primary Administrator
ADMIN: xenosandboxthesecond = Primary Administrator
ADMIN: exbod = Primary Administrator
ADMIN: zenek123 = Secondary Administrator
ADMIN: noobpwnt4lif3 = Coder
ADMIN: kimjuandong = Coder
ADMIN: adolf12 = Iconner
ADMIN: kamina321 = Moderator
[19:03:47] ACCESS: Login: Guest-4038160359 from 


Starting up. 19:06.07
---------------------

[19:06:11] ADMIN: Loading jobban_rank
[19:06:11] ADMIN: Jobban_keylist was empty
[19:06:11] ADMIN: Updating jobbanfile!
[19:06:11] ADMIN: Loading oocban_rank
[19:06:11] ADMIN: oocban_keylist was empty
[19:06:11] ADMIN: Updating jobbanfile!
ADMIN: furrychicken = Host
ADMIN: cherkir = Host
ADMIN: jasonvorheese = Primary Administrator
ADMIN: minimeatwad = Primary Administrator
ADMIN: xenosandboxthesecond = Primary Administrator
ADMIN: exbod = Primary Administrator
ADMIN: zenek123 = Secondary Administrator
ADMIN: noobpwnt4lif3 = Coder
ADMIN: kimjuandong = Coder
ADMIN: adolf12 = Iconner
ADMIN: kamina321 = Moderator
[19:06:25] ACCESS: Login: Guest-4038160359 from 


Starting up. 19:07.51
---------------------

[19:07:55] ADMIN: Loading jobban_rank
[19:07:55] ADMIN: Jobban_keylist was empty
[19:07:55] ADMIN: Updating jobbanfile!
[19:07:55] ADMIN: Loading oocban_rank
[19:07:55] ADMIN: oocban_keylist was empty
[19:07:55] ADMIN: Updating jobbanfile!
ADMIN: furrychicken = Host
ADMIN: cherkir = Host
ADMIN: jasonvorheese = Primary Administrator
ADMIN: minimeatwad = Primary Administrator
ADMIN: xenosandboxthesecond = Primary Administrator
ADMIN: exbod = Primary Administrator
ADMIN: zenek123 = Secondary Administrator
ADMIN: noobpwnt4lif3 = Coder
ADMIN: kimjuandong = Coder
ADMIN: adolf12 = Iconner
ADMIN: kamina321 = Moderator
[19:08:09] ACCESS: Login: Guest-4038160359 from 


Starting up. 19:09.38
---------------------

[19:09:43] ADMIN: Loading jobban_rank
[19:09:43] ADMIN: Jobban_keylist was empty
[19:09:43] ADMIN: Updating jobbanfile!
[19:09:43] ADMIN: Loading oocban_rank
[19:09:43] ADMIN: oocban_keylist was empty
[19:09:43] ADMIN: Updating jobbanfile!
ADMIN: furrychicken = Host
ADMIN: cherkir = Host
ADMIN: jasonvorheese = Primary Administrator
ADMIN: minimeatwad = Primary Administrator
ADMIN: xenosandboxthesecond = Primary Administrator
ADMIN: exbod = Primary Administrator
ADMIN: zenek123 = Secondary Administrator
ADMIN: noobpwnt4lif3 = Coder
ADMIN: kimjuandong = Coder
ADMIN: adolf12 = Iconner
ADMIN: kamina321 = Moderator
[19:09:56] ACCESS: Login: Guest-4038160359 from 


Starting up. 19:11.25
---------------------

[19:11:29] ADMIN: Loading jobban_rank
[19:11:29] ADMIN: Jobban_keylist was empty
[19:11:29] ADMIN: Updating jobbanfile!
[19:11:29] ADMIN: Loading oocban_rank
[19:11:29] ADMIN: oocban_keylist was empty
[19:11:29] ADMIN: Updating jobbanfile!
ADMIN: furrychicken = Host
ADMIN: cherkir = Host
ADMIN: jasonvorheese = Primary Administrator
ADMIN: minimeatwad = Primary Administrator
ADMIN: xenosandboxthesecond = Primary Administrator
ADMIN: exbod = Primary Administrator
ADMIN: zenek123 = Secondary Administrator
ADMIN: noobpwnt4lif3 = Coder
ADMIN: kimjuandong = Coder
ADMIN: adolf12 = Iconner
ADMIN: kamina321 = Moderator
[19:11:43] ACCESS: Login: Guest-4038160359 from 


Starting up. 19:25.04
---------------------

[19:25:09] ADMIN: Loading jobban_rank
[19:25:09] ADMIN: Jobban_keylist was empty
[19:25:09] ADMIN: Updating jobbanfile!
[19:25:09] ADMIN: Loading oocban_rank
[19:25:09] ADMIN: oocban_keylist was empty
[19:25:09] ADMIN: Updating jobbanfile!
ADMIN: furrychicken = Host
ADMIN: cherkir = Host
ADMIN: jasonvorheese = Primary Administrator
ADMIN: minimeatwad = Primary Administrator
ADMIN: xenosandboxthesecond = Primary Administrator
ADMIN: exbod = Primary Administrator
ADMIN: zenek123 = Secondary Administrator
ADMIN: noobpwnt4lif3 = Coder
ADMIN: kimjuandong = Coder
ADMIN: adolf12 = Iconner
ADMIN: kamina321 = Moderator
[19:25:26] ACCESS: Login: Furry Chicken from 
[19:26:54] ADMIN: Furry Chicken [DEAD] has started the game.
[19:26:55] ACCESS: Login: Furry Chicken [TRAITOR] from 
[19:27:02] SAY: Shitty Bill (NPC) : Got a light, buddy?
[19:27:13] ACCESS: Login: Cyborg (Robot) (Furry Chicken) from 
[19:27:24] SAY: Shitty Bill (NPC) : Nice ship, spaceman.
[19:27:25] SAY: Cyborg Iota-86 (Robot) (Furry Chicken) [TRAITOR] : *scream
[19:27:38] ACCESS: Login: Cyborg Iota-86 (Furry Chicken) [TRAITOR] [DEAD] from 
[19:28:00] SAY: Shitty Bill (NPC) : I ever tell you 'bout what Nanotrasen really did in 2051?
[19:28:11] ACCESS: Login: Furry Chicken [TRAITOR] from 
[19:28:17] SAY: Alien Sentinel 972 (Furry Chicken) [TRAITOR] : *scream
[19:28:19] SAY: Alien Sentinel 972 (Furry Chicken) [TRAITOR] : no
[19:28:21] SAY: Shitty Bill (NPC) : Man, I sure miss Murray.
[19:28:21] SAY: Alien Sentinel 972 (Furry Chicken) [TRAITOR] : *roar
[19:28:34] ACCESS: Login: Alien Sentinel 972 (Furry Chicken) [TRAITOR] [DEAD] from 
[19:28:37] SAY: Shitty Bill (NPC) : You a narc?


Starting up. 19:32.45
---------------------

[19:32:49] ADMIN: Loading jobban_rank
[19:32:49] ADMIN: Jobban_keylist was empty
[19:32:49] ADMIN: Updating jobbanfile!
[19:32:49] ADMIN: Loading oocban_rank
[19:32:49] ADMIN: oocban_keylist was empty
[19:32:49] ADMIN: Updating jobbanfile!
ADMIN: furrychicken = Host
ADMIN: cherkir = Host
ADMIN: jasonvorheese = Primary Administrator
ADMIN: minimeatwad = Primary Administrator
ADMIN: xenosandboxthesecond = Primary Administrator
ADMIN: exbod = Primary Administrator
ADMIN: zenek123 = Secondary Administrator
ADMIN: noobpwnt4lif3 = Coder
ADMIN: kimjuandong = Coder
ADMIN: adolf12 = Iconner
ADMIN: kamina321 = Moderator
[19:33:05] ACCESS: Login: Furry Chicken from 
[19:34:41] ADMIN: Furry Chicken [DEAD] has started the game.
[19:34:41] ACCESS: Login: Furry Chicken [TRAITOR] from 
[19:35:19] SAY: Shitty Bill (NPC) : What the hell are you lookin' at, spaceman?
[19:35:55] ADMIN: Alien Queen (Furry Chicken) [TRAITOR] added 1 units of starve to Alien Queen at (<a href='?src=%admin_ref%;action=jumptocoords;target=157,160,1' title='Jump to Coords'>157,160,1</a> in Central Maintenance).
[19:36:29] ADMIN: Alien Queen (Furry Chicken) [TRAITOR] opened the create_mob panel
[19:36:32] ADMIN: Alien Queen (Furry Chicken) [TRAITOR] created a /mob/living/carbon/human/cluwne
[19:36:34] SAY: Shitty Bill (NPC) : Hey chump, gimme yer keys.
[19:36:34] SAY: cluwne (NPC) : HONK HONK! - HOOOOOONNNKKK!!!
[19:36:34] SAY: cluwne (NPC) : HONK HONK HONK HONK HONK HONK HONK HONK!
[19:36:38] SAY: cluwne (NPC) : HONK HONK! - HOOOOOONNNKKK!!!
[19:36:39] SAY: cluwne (NPC) : HONK HONK HONK HONK HONK HONK HONK HONK! - HOOOOOONNNKKK!!!
[19:36:41] ADMIN: Alien Queen (Furry Chicken) [TRAITOR] opened the create_mob panel
[19:36:57] ADMIN: Alien Queen (Furry Chicken) [TRAITOR] created a /mob/living/carbon/human/cluwne/floor
[19:37:09] SAY: floor cluwne (NPC) : HONK HONK! - HOOOOOONNNKKK!!!
[19:37:32] SAY: cluwne (NPC) : HONK HONK!
[19:37:35] SAY: Shitty Bill (NPC) : Hello Donald "Don" Glabs.
[19:37:37] SAY: cluwne (NPC) : HONK HONK HONK!
[19:37:39] SAY: cluwne (NPC) : HONK HONK HONK HONK HONK HONK HONK HONK!
[19:37:44] SAY: cluwne (NPC) : HONK HONK!
[19:37:46] SAY: floor cluwne (NPC) : HONK HONK!
[19:37:49] ADMIN: Alien Queen (Furry Chicken) [TRAITOR] modified Alien Queen's see_invisible to 1
[19:37:51] SAY: cluwne (NPC) : HONK HONK HONK HONK HONK HONK HONK HONK!
[19:38:02] SAY: cluwne (NPC) : HONK HONK HONK!
[19:38:02] SAY: cluwne (NPC) : HONK HONK HONK HONK HONK HONK HONK HONK!
[19:38:04] ACCESS: Login: Furry Chicken [TRAITOR] from 
[19:38:05] SAY: cluwne (NPC) : HONK HONK HONK!
[19:38:17] SAY: cluwne (NPC) : HONK HONK!
[19:38:17] SAY: cluwne (NPC) : HONK HONK!
[19:38:26] SAY: Shitty Bill (NPC) : Man, I sure miss your dad.
[19:38:31] SAY: floor cluwne (NPC) : HONK HONK!
[19:38:52] SAY: floor cluwne (NPC) : HONK HONK!
[19:39:12] SAY: floor cluwne (NPC) : HONK HONK! - HOOOOOONNNKKK!!!
[19:39:14] SAY: floor cluwne (NPC) : HONK HONK!
[19:40:21] ACCESS: Login: Furry Chicken [TRAITOR] from 
[19:40:43] SAY: Shitty Bill (NPC) : Man, I sure miss the Enterprise.
[19:41:07] SAY: floor cluwne (NPC) : HONK HONK! - HOOOOOONNNKKK!!!
[19:41:18] SAY: floor cluwne (NPC) : HONK HONK!
[19:41:49] ADMIN: Alien Queen (Furry Chicken) [TRAITOR] opened the create_mob panel
[19:41:52] ADMIN: Alien Queen (Furry Chicken) [TRAITOR] created a /mob/living/carbon/human/fatherted
[19:42:16] SAY: Shitty Bill (NPC) : I think my bruds left without me.
[19:42:32] SAY: Father Jack (NPC) : DRINK!
[19:42:37] SAY: floor cluwne (NPC) : HONK HONK!


Starting up. 19:43.01
---------------------

[19:43:06] ADMIN: Loading jobban_rank
[19:43:06] ADMIN: Jobban_keylist was empty
[19:43:06] ADMIN: Updating jobbanfile!
[19:43:06] ADMIN: Loading oocban_rank
[19:43:06] ADMIN: oocban_keylist was empty
[19:43:06] ADMIN: Updating jobbanfile!
ADMIN: furrychicken = Host
ADMIN: cherkir = Host
ADMIN: jasonvorheese = Primary Administrator
ADMIN: minimeatwad = Primary Administrator
ADMIN: xenosandboxthesecond = Primary Administrator
ADMIN: exbod = Primary Administrator
ADMIN: zenek123 = Secondary Administrator
ADMIN: noobpwnt4lif3 = Coder
ADMIN: kimjuandong = Coder
ADMIN: adolf12 = Iconner
ADMIN: kamina321 = Moderator
[19:43:14] SAY: Shitty Bill (NPC) : Man, I sure miss bein' an operative.
[19:43:17] SAY: floor cluwne (NPC) : HONK HONK!
[19:43:24] ACCESS: Login: Furry Chicken from 
[19:44:10] ADMIN: Furry Chicken [DEAD] has started the game.
[19:44:10] ACCESS: Login: Furry Chicken [TRAITOR] from 
[19:44:35] ADMIN: Alien Queen (Furry Chicken) [TRAITOR] opened the create_mob panel
[19:44:41] ADMIN: Alien Queen (Furry Chicken) [TRAITOR] created a /mob/living/carbon/human/fatherted
[19:44:44] SAY: Shitty Bill (NPC) : Nice wheels, friend.
[19:44:46] SAY: Shitty Bill (NPC) : Hey pal, gimme yer drugs.
[19:45:21] SAY: Alien Queen (Monkey) (Furry Chicken) [TRAITOR] : *scratch
[19:45:21] SAY: Father Jack (NPC) : FECK!
[19:45:24] SAY: Shitty Bill (NPC) : Howdy Donald "Don" Glabs.
[19:45:35] SAY: Shitty Bill (NPC) : I think my bruds stole my key.
[19:46:08] SAY: Shitty Bill (NPC) : Man, I sure don't miss that lumpy station.
[19:46:20] SAY: Shitty Bill (NPC) : Yo, gimme yer card.


Starting up. 19:47.12
---------------------

[19:47:21] ADMIN: Loading jobban_rank
[19:47:21] ADMIN: Jobban_keylist was empty
[19:47:21] ADMIN: Updating jobbanfile!
[19:47:21] ADMIN: Loading oocban_rank
[19:47:21] ADMIN: oocban_keylist was empty
[19:47:21] ADMIN: Updating jobbanfile!
ADMIN: furrychicken = Host
ADMIN: cherkir = Host
ADMIN: jasonvorheese = Primary Administrator
ADMIN: minimeatwad = Primary Administrator
ADMIN: xenosandboxthesecond = Primary Administrator
ADMIN: exbod = Primary Administrator
ADMIN: zenek123 = Secondary Administrator
ADMIN: noobpwnt4lif3 = Coder
ADMIN: kimjuandong = Coder
ADMIN: adolf12 = Iconner
ADMIN: kamina321 = Moderator
[19:47:52] ACCESS: Login: Furry Chicken from 
[19:48:31] ADMIN: Furry Chicken [DEAD] has started the game.
[19:48:31] ACCESS: Login: Furry Chicken [TRAITOR] from 
[19:48:34] SAY: Shitty Bill (NPC) : What're you lookin' at, astronaut?
[19:48:38] ADMIN: Alien Queen (Furry Chicken) [TRAITOR] opened the create_mob panel
[19:48:42] ADMIN: Alien Queen (Furry Chicken) [TRAITOR] created a /mob/living/carbon/human/fatherjack
[19:49:21] ACCESS: Login: Drone 2*94 (Furry Chicken) from 
[19:49:34] SAY: Shitty Bill (NPC) : Man, I sure don't miss your dad.
[19:49:35] ACCESS: Login: Furry Chicken [TRAITOR] from 


Starting up. 19:54.05
---------------------

[19:54:09] ADMIN: Loading jobban_rank
[19:54:09] ADMIN: Jobban_keylist was empty
[19:54:09] ADMIN: Updating jobbanfile!
[19:54:09] ADMIN: Loading oocban_rank
[19:54:09] ADMIN: oocban_keylist was empty
[19:54:09] ADMIN: Updating jobbanfile!
ADMIN: furrychicken = Host
ADMIN: cherkir = Host
ADMIN: jasonvorheese = Primary Administrator
ADMIN: minimeatwad = Primary Administrator
ADMIN: xenosandboxthesecond = Primary Administrator
ADMIN: exbod = Primary Administrator
ADMIN: zenek123 = Secondary Administrator
ADMIN: noobpwnt4lif3 = Coder
ADMIN: kimjuandong = Coder
ADMIN: adolf12 = Iconner
ADMIN: kamina321 = Moderator
[19:54:25] ACCESS: Login: Furry Chicken from 
[19:54:49] ADMIN: Furry Chicken [DEAD] has started the game.
[19:54:49] ACCESS: Login: Furry Chicken [TRAITOR] from 
[19:55:04] ADMIN: Alien Queen (Furry Chicken) [TRAITOR] opened the create_mob panel
[19:55:08] ADMIN: Alien Queen (Furry Chicken) [TRAITOR] created a /mob/living/carbon/human/cluwne
[19:55:41] SAY: cluwne (NPC) : HONK HONK!
[19:55:53] ADMIN: Alien Queen (Furry Chicken) [TRAITOR] modified 's invisibility to 2
[19:55:59] SAY: Shitty Bill (NPC) : Nice podd, kid.
[19:56:04] SAY: cluwne (NPC) : HONK HONK!
[19:56:08] ACCESS: Login: Alien Queen (Furry Chicken) [TRAITOR] [DEAD] from 
[19:56:09] SAY: cluwne (NPC) : HONK HONK!
[19:56:11] SAY: cluwne (NPC) : HONK HONK!
[19:56:24] ACCESS: Login: Zzom the Damned (Furry Chicken) [TRAITOR] [DEAD] from 
[19:56:32] SAY: Shitty Bill (NPC) : You jet?
[19:56:39] SAY: cluwne (NPC) : HONK HONK!
[19:56:53] SAY: Shitty Bill (NPC) : Hey, gimme yer keys.
[19:59:57] SAY: cluwne (NPC) : HONK HONK! - HOOOOOONNNKKK!!!
[20:00:20] SAY: Shitty Bill (NPC) : Got a light, doofus?
[20:00:34] SAY: Shitty Bill (NPC) : Yo Father Jack.
[20:01:21] SAY: Shitty Bill (NPC) : Hey brud, gimme yer bees.
[20:02:11] SAY: Shitty Bill (NPC) : I think my homebros took off.
[20:02:34] SAY: cluwne (NPC) : HONK HONK! - HOOOOOONNNKKK!!!


Starting up. 20:06.52
---------------------

[20:06:58] ADMIN: Loading jobban_rank
[20:06:58] ADMIN: Jobban_keylist was empty
[20:06:58] ADMIN: Updating jobbanfile!
[20:06:58] ADMIN: Loading oocban_rank
[20:06:58] ADMIN: oocban_keylist was empty
[20:06:58] ADMIN: Updating jobbanfile!
ADMIN: furrychicken = Host
ADMIN: cherkir = Host
ADMIN: jasonvorheese = Primary Administrator
ADMIN: minimeatwad = Primary Administrator
ADMIN: xenosandboxthesecond = Primary Administrator
ADMIN: exbod = Primary Administrator
ADMIN: zenek123 = Secondary Administrator
ADMIN: noobpwnt4lif3 = Coder
ADMIN: kimjuandong = Coder
ADMIN: adolf12 = Iconner
ADMIN: kamina321 = Moderator
[20:07:27] ACCESS: Login: Furry Chicken from 
[20:07:59] ADMIN: Furry Chicken [DEAD] has started the game.
[20:08:00] ACCESS: Login: Furry Chicken [TRAITOR] from 
[20:08:13] SAY: Alien Queen (Furry Chicken) [TRAITOR] : *scream
[20:08:14] SAY: Alien Queen (Furry Chicken) [TRAITOR] : *scream
[20:08:15] SAY: Alien Queen (Furry Chicken) [TRAITOR] : *scream
[20:08:15] SAY: Alien Queen (Furry Chicken) [TRAITOR] : *scream
[20:08:15] SAY: Alien Queen (Furry Chicken) [TRAITOR] : *scream
[20:08:15] SAY: Alien Queen (Furry Chicken) [TRAITOR] : *scream
[20:08:21] SAY: Alien Queen (Furry Chicken) [TRAITOR] : *scream
[20:08:24] SAY: Alien Queen (Furry Chicken) [TRAITOR] : *scream
[20:08:54] SAY: Father Jack (NPC) : FECK!
[20:08:57] SAY: Alien Queen (Furry Chicken) [TRAITOR] : *scream
[20:08:57] SAY: Alien Queen (Furry Chicken) [TRAITOR] : *scream
[20:08:57] SAY: Alien Queen (Furry Chicken) [TRAITOR] : *scream
[20:08:57] SAY: Alien Queen (Furry Chicken) [TRAITOR] : *scream
[20:08:57] SAY: Alien Queen (Furry Chicken) [TRAITOR] : *scream
[20:08:58] SAY: Alien Queen (Furry Chicken) [TRAITOR] : *scream
[20:08:58] SAY: Alien Queen (Furry Chicken) [TRAITOR] : *scream
[20:08:58] SAY: Alien Queen (Furry Chicken) [TRAITOR] : *scream
[20:08:58] SAY: Alien Queen (Furry Chicken) [TRAITOR] : *scream
[20:08:58] SAY: Alien Queen (Furry Chicken) [TRAITOR] : *scream
[20:08:58] SAY: Alien Queen (Furry Chicken) [TRAITOR] : *scream
[20:08:59] SAY: Alien Queen (Furry Chicken) [TRAITOR] : *scream
[20:09:15] SAY: Father Jack (NPC) : GIRLS!
[20:09:22] SAY: Shitty Bill (NPC) : Got a light, clown?
[20:09:58] SAY: Shitty Bill (NPC) : Nice threads, scrub.
[20:10:10] ACCESS: Login: Furry Chicken [TRAITOR] from 
[20:10:19] SAY: Father Jack (NPC) : That would be an ecumenical matter.
[20:10:21] SAY: Alien Queen (Furry Chicken) [TRAITOR] : *scream
[20:10:30] ADMIN: Alien Queen (Furry Chicken) [TRAITOR] opened the create_mob panel
[20:10:32] ADMIN: Alien Queen (Furry Chicken) [TRAITOR] created a /mob/living/carbon/human/fatherjack
[20:10:38] ACCESS: Login: Furry Chicken [TRAITOR] from 
[20:10:56] SAY: Father Jack (NPC) : FECK!
[20:12:11] ACCESS: Login: maetzoh maenn (Furry Chicken) [TRAITOR] [DEAD] from 
[20:12:33] ACCESS: Login: Furry Chicken [TRAITOR] from 
[20:12:39] ADMIN: Alien Sentinel 721 (Furry Chicken) [TRAITOR] opened the create_mob panel
[20:12:43] ADMIN: Alien Sentinel 721 (Furry Chicken) [TRAITOR] created a /mob/living/carbon/human/machoman
[20:12:48] SAY: Shitty Bill (NPC) : Hey dweeb, gimme yer drugs.
[20:13:21] ADMIN: Alien Sentinel 721 (Furry Chicken) [TRAITOR] modified Alien Sentinel 721's see_invisible to 0
[20:13:52] ADMIN: Alien Sentinel 721 (Furry Chicken) [TRAITOR] modified 's invisibility to 127
[20:14:09] SAY: Shitty Bill (NPC) : I ever tell you 'bout your grampa?
[20:14:18] ADMIN: Alien Sentinel 721 (Furry Chicken) [TRAITOR] modified [0x210154a6] (/datum/light/point)'s enabled to 0
[20:14:28] SAY: Shitty Bill (NPC) : You ride?
[20:14:32] ADMIN: Alien Sentinel 721 (Furry Chicken) [TRAITOR] modified [0x210154a6] (/datum/light/point)'s r to 0.33
[20:15:32] SAY: Father Jack (NPC) : FECK!
[20:15:41] ADMIN: Alien Sentinel 721 (Furry Chicken) [TRAITOR] modified [0x210154a6] (/datum/light/point)'s attached_to to 0
[20:15:44] SAY: Shitty Bill (NPC) : Got any ecto?
[20:16:28] ADMIN: Alien Sentinel 721 (Furry Chicken) [TRAITOR] modified 's invisibility to -50
[20:16:28] SAY: Shitty Bill (NPC) : What you lookin' at, wirehead?
[20:16:36] ADMIN: Alien Sentinel 721 (Furry Chicken) [TRAITOR] modified 's layer to -1000
[20:16:49] SAY: Shitty Bill (NPC) : Got a light, flyboy?
[20:16:49] SAY: Alien Sentinel 721 (Furry Chicken) [TRAITOR] : *scream
[20:16:50] SAY: Alien Sentinel 721 (Furry Chicken) [TRAITOR] : *scream
[20:16:52] SAY: Alien Sentinel 721 (Furry Chicken) [TRAITOR] : *scream
[20:16:52] SAY: Alien Sentinel 721 (Furry Chicken) [TRAITOR] : *scream
[20:16:53] SAY: Alien Sentinel 721 (Furry Chicken) [TRAITOR] : *scream
[20:16:53] SAY: Alien Sentinel 721 (Furry Chicken) [TRAITOR] : *scream
[20:16:57] SAY: Shitty Bill (NPC) : Whatcha you lookin' at, astronaut?


Starting up. 20:34.58
---------------------

[20:35:03] ADMIN: Loading jobban_rank
[20:35:03] ADMIN: Jobban_keylist was empty
[20:35:03] ADMIN: Updating jobbanfile!
[20:35:03] ADMIN: Loading oocban_rank
[20:35:03] ADMIN: oocban_keylist was empty
[20:35:03] ADMIN: Updating jobbanfile!
ADMIN: furrychicken = Host
ADMIN: cherkir = Host
ADMIN: jasonvorheese = Primary Administrator
ADMIN: minimeatwad = Primary Administrator
ADMIN: xenosandboxthesecond = Primary Administrator
ADMIN: exbod = Primary Administrator
ADMIN: zenek123 = Secondary Administrator
ADMIN: noobpwnt4lif3 = Coder
ADMIN: kimjuandong = Coder
ADMIN: adolf12 = Iconner
ADMIN: kamina321 = Moderator
[20:35:22] ACCESS: Login: Furry Chicken from 
[20:35:51] ADMIN: Furry Chicken [DEAD] has started the game.
[20:35:51] ACCESS: Login: Furry Chicken [TRAITOR] from 
[20:36:03] ADMIN: Alien Queen (Furry Chicken) [TRAITOR] opened the create_mob panel
[20:36:06] ADMIN: Alien Queen (Furry Chicken) [TRAITOR] created a /mob/living/carbon/human/fatherjack
[20:36:21] SAY: Alien Queen (Furry Chicken) [TRAITOR] : *scream
[20:36:23] SAY: Alien Queen (Furry Chicken) [TRAITOR] : *scream
[20:36:37] ADMIN: Alien Queen (Furry Chicken) [TRAITOR] opened the create_mob panel
[20:36:45] ADMIN: Alien Queen (Furry Chicken) [TRAITOR] created a /mob/living/carbon/human/secret
[20:37:00] ACCESS: Login: Furry Chicken [TRAITOR] from 
[20:37:11] SAY: Shitty Bill (NPC) : You a dracula?
[20:37:23] SAY: Shitty Bill (NPC) : I think my bruds got caught.
[20:37:58] SAY: Shitty Bill (NPC) : Whoa, it's Donald "Don" Glabs.
[20:38:27] ADMIN: Alien Drone 649 (Furry Chicken) [TRAITOR] modified Alien Drone 649's see_invisible to 0
[20:38:36] ADMIN: Alien Drone 649 (Furry Chicken) [TRAITOR] modified Alien Drone 649's invisibility to 10
[20:38:54] ADMIN: Alien Drone 649 (Furry Chicken) [TRAITOR] modified unobservable's invisibility to 30


Starting up. 20:47.11
---------------------

[20:47:17] ADMIN: Loading jobban_rank
[20:47:17] ADMIN: Jobban_keylist was empty
[20:47:17] ADMIN: Updating jobbanfile!
[20:47:17] ADMIN: Loading oocban_rank
[20:47:17] ADMIN: oocban_keylist was empty
[20:47:17] ADMIN: Updating jobbanfile!
ADMIN: furrychicken = Host
ADMIN: cherkir = Host
ADMIN: jasonvorheese = Primary Administrator
ADMIN: minimeatwad = Primary Administrator
ADMIN: xenosandboxthesecond = Primary Administrator
ADMIN: exbod = Primary Administrator
ADMIN: zenek123 = Secondary Administrator
ADMIN: noobpwnt4lif3 = Coder
ADMIN: kimjuandong = Coder
ADMIN: adolf12 = Iconner
ADMIN: kamina321 = Moderator
[20:47:48] ACCESS: Login: Furry Chicken from 
[20:51:22] SAY: Shitty Bill (NPC) : You drink?
[20:51:30] SAY: Shitty Bill (NPC) : Man, I sure don't miss Luna.
[20:52:04] ACCESS: Login: Pavel Havel (Furry Chicken) from 
[20:52:41] SAY: Pavel Havel (Furry Chicken) : *scream
[20:53:10] SAY: Shitty Bill (NPC) : I ever tell you 'bout the time I shaved a wizard?
[20:54:15] SAY: Pavel Havel (Furry Chicken) : *scream
[20:54:16] SAY: Pavel Havel (Furry Chicken) : *scream
[20:54:17] SAY: Pavel Havel (Furry Chicken) : *scream
[20:54:18] SAY: Pavel Havel (Furry Chicken) : *scream
[20:54:24] SAY: Shitty Bill (NPC) : Man, I sure miss the Rings.
[20:54:30] ADMIN: Pavel Havel (Furry Chicken) deleted Ol' Harner at (<a href='?src=%admin_ref%;action=jumptocoords;target=193,100,1' title='Jump to Coords'>193,100,1</a>)
[20:54:55] SAY: Shitty Bill (NPC) : Howdy Donald "Don" Glabs.
[20:55:00] SAY: Shitty Bill (NPC) : You a Russian?
[20:55:51] SAY: Father Jack (NPC) : That would be an ecumenical matter.
[20:56:31] SAY: Shitty Bill (NPC) : Whoa, it's Donald "Don" Glabs.
[20:56:38] SAY: Shitty Bill (NPC) : You grustle?
[20:57:28] SAY: Shitty Bill (NPC) : You ride?
[20:57:49] SAY: Shitty Bill (NPC) : Man, I sure miss Sirius.
[20:58:57] SAY: Shitty Bill (NPC) : Nice hogg, friend.
[20:59:02] SAY: Shitty Bill (NPC) : I ever tell you 'bout the time I sold dope to that ice dude?
[20:59:41] SAY: Shitty Bill (NPC) : Hey Donald "Don" Glabs.
[20:59:48] SAY: Shitty Bill (NPC) : What you lookin' at, chief?
[21:00:13] SAY: Shitty Bill (NPC) : You a nerd?
[21:00:17] SAY: Shitty Bill (NPC) : How's it hangin' Donald "Don" Glabs.
[21:00:36] SAY: Father Jack (NPC) : That would be an ecumenical matter.
[21:02:23] SAY: Shitty Bill (NPC) : You a beardo?
[21:02:28] SAY: Shitty Bill (NPC) : Nice hog, beardo.
[21:02:39] SAY: Pavel Havel (Furry Chicken) : *scream
[21:03:29] SAY: Shitty Bill (NPC) : Got a light, wirehead?
[21:03:38] SAY: Shitty Bill (NPC) : You a Russian?
[21:04:00] SAY: Shitty Bill (NPC) : You jet?
[21:04:04] SAY: Shitty Bill (NPC) : Nice name, weirdo.
[21:04:18] ADMIN: Pavel Havel (Furry Chicken) opened the create_object panel
[21:04:27] ADMIN: Pavel Havel (Furry Chicken) created a /obj/item/knife_butcher
[21:04:51] ADMIN: Pavel Havel (Furry Chicken) opened the create_object panel
[21:04:57] ADMIN: Pavel Havel (Furry Chicken) created a /obj/item/knife_butcher
[21:05:10] SAY: Shitty Bill (NPC) : You jam?
[21:05:20] SAY: Shitty Bill (NPC) : You a Synder?
[21:06:02] SAY: Shitty Bill (NPC) : Got any cats?
[21:06:16] SAY: Shitty Bill (NPC) : The hell're you lookin' at, dingus?
[21:06:23] SAY: Father Jack (NPC) : ARSE!
[21:08:17] SAY: Pavel Havel (Furry Chicken) : *scream
[21:08:17] SAY: Pavel Havel (Furry Chicken) : *scream
[21:08:17] SAY: Pavel Havel (Furry Chicken) : *scream
[21:08:22] SAY: Shitty Bill (NPC) : Hey, gimme yer card.
[21:08:42] SAY: Shitty Bill (NPC) : Hey buddy, gimme yer card.
[21:08:44] SAY: Shitty Bill (NPC) : Got a light, doofus?
[21:08:56] SAY: Shitty Bill (NPC) : Got any 420?
[21:09:42] SAY: Shitty Bill (NPC) : You dance?
[21:10:36] SAY: Shitty Bill (NPC) : I ever tell you 'bout the time I found an alien thing that went to the bathroom for you?
[21:10:57] SAY: Shitty Bill (NPC) : Got any sweders?
[21:11:06] SAY: Father Jack (NPC) : ARSE!
[21:11:32] SAY: Shitty Bill (NPC) : I ever tell you 'bout what's really out there?
[21:12:20] SAY: Shitty Bill (NPC) : Nice karma, kid.
[21:12:50] SAY: Shitty Bill (NPC) : Nice face, spaceman.
[21:13:49] SAY: Shitty Bill (NPC) : Hey dweeb, gimme yer patch.
[21:14:34] SAY: Shitty Bill (NPC) : What the hell are you lookin' at, buddy?
[21:14:46] SAY: Shitty Bill (NPC) : Dang, it's Donald "Don" Glabs.
[21:14:55] SAY: Shitty Bill (NPC) : Got a light, bud?
[21:15:09] SAY: Shitty Bill (NPC) : What're you lookin' at, clown?
[21:16:06] SAY: Shitty Bill (NPC) : Man, I sure don't miss bein' a chemist.
[21:16:20] SAY: Father Jack (NPC) : GIRLS!
[21:16:25] ADMIN: Pavel Havel (Furry Chicken) opened the create_mob panel
[21:16:27] ADMIN: Pavel Havel (Furry Chicken) created a /mob/living/carbon/human/fatherjack
[21:16:36] SAY: Shitty Bill (NPC) : The hell're you lookin' at, doofus?
[21:16:48] SAY: Father Jack (NPC) : DRINK!
[21:17:23] SAY: Shitty Bill (NPC) : Got a light, chump?
[21:17:46] SAY: Shitty Bill (NPC) : I think my crew sent you.
[21:17:53] SAY: Pavel Havel (Furry Chicken) : *scream
[21:17:53] SAY: Pavel Havel (Furry Chicken) : *scream
[21:17:53] SAY: Pavel Havel (Furry Chicken) : *scream


Starting up. 21:25.05
---------------------

[21:25:10] ADMIN: Loading jobban_rank
[21:25:10] ADMIN: Jobban_keylist was empty
[21:25:10] ADMIN: Updating jobbanfile!
[21:25:10] ADMIN: Loading oocban_rank
[21:25:10] ADMIN: oocban_keylist was empty
[21:25:10] ADMIN: Updating jobbanfile!
ADMIN: furrychicken = Host
ADMIN: cherkir = Host
ADMIN: jasonvorheese = Primary Administrator
ADMIN: minimeatwad = Primary Administrator
ADMIN: xenosandboxthesecond = Primary Administrator
ADMIN: exbod = Primary Administrator
ADMIN: zenek123 = Secondary Administrator
ADMIN: noobpwnt4lif3 = Coder
ADMIN: kimjuandong = Coder
ADMIN: adolf12 = Iconner
ADMIN: kamina321 = Moderator
[21:25:30] ACCESS: Login: Furry Chicken from 
[21:28:16] ADMIN: Furry Chicken [DEAD] has started the game.
[21:28:17] ACCESS: Login: Pavel Havel (Furry Chicken) from 
[21:28:28] SAY: Father Jack (NPC) : GIRLS!
[21:28:58] SAY: Father Jack (NPC) : DRINK!
[21:29:18] SAY: Shitty Bill (NPC) : Oh Christ, it's Donald "Don" Glabs.
[21:29:29] SAY: Shitty Bill (NPC) : Hey chump, gimme yer card.
[21:30:18] ACCESS: Login: Pavel Havel (Furry Chicken) from 


Starting up. 21:47.36
---------------------

[21:47:41] ADMIN: Loading jobban_rank
[21:47:41] ADMIN: Jobban_keylist was empty
[21:47:41] ADMIN: Updating jobbanfile!
[21:47:41] ADMIN: Loading oocban_rank
[21:47:41] ADMIN: oocban_keylist was empty
[21:47:41] ADMIN: Updating jobbanfile!
ADMIN: furrychicken = Host
ADMIN: cherkir = Host
ADMIN: jasonvorheese = Primary Administrator
ADMIN: minimeatwad = Primary Administrator
ADMIN: xenosandboxthesecond = Primary Administrator
ADMIN: exbod = Primary Administrator
ADMIN: zenek123 = Secondary Administrator
ADMIN: noobpwnt4lif3 = Coder
ADMIN: kimjuandong = Coder
ADMIN: adolf12 = Iconner
ADMIN: kamina321 = Moderator
[21:48:01] ACCESS: Login: Furry Chicken from 
[21:52:00] SAY: Shitty Bill (NPC) : Nice hog, scrub.
[21:52:25] SAY: Shitty Bill (NPC) : Whatcha you lookin' at, Colonel?
[21:53:54] SAY: Shitty Bill (NPC) : You ride?
[21:55:21] ACCESS: Login: Furry Chicken [DEAD] from 
[21:55:24] SAY: Shitty Bill (NPC) : Got a light, friend?
[21:55:34] SAY: Shitty Bill (NPC) : Hello Donald "Don" Glabs.


Starting up. 22:34.14
---------------------

[22:34:19] ADMIN: Loading jobban_rank
[22:34:19] ADMIN: Jobban_keylist was empty
[22:34:19] ADMIN: Updating jobbanfile!
[22:34:19] ADMIN: Loading oocban_rank
[22:34:19] ADMIN: oocban_keylist was empty
[22:34:19] ADMIN: Updating jobbanfile!
ADMIN: furrychicken = Host
ADMIN: cherkir = Host
ADMIN: jasonvorheese = Primary Administrator
ADMIN: minimeatwad = Primary Administrator
ADMIN: xenosandboxthesecond = Primary Administrator
ADMIN: exbod = Primary Administrator
ADMIN: zenek123 = Secondary Administrator
ADMIN: noobpwnt4lif3 = Coder
ADMIN: kimjuandong = Coder
ADMIN: adolf12 = Iconner
ADMIN: kamina321 = Moderator
[22:59:47] ACCESS: Login: Furry Chicken from 
[23:00:34] ADMIN: Furry Chicken [DEAD] has started the game.
[23:00:35] ACCESS: Login: Pavel Havel (Furry Chicken) from 


Starting up. 23:16.40
---------------------

[23:16:45] ADMIN: Loading jobban_rank
[23:16:45] ADMIN: Jobban_keylist was empty
[23:16:45] ADMIN: Updating jobbanfile!
[23:16:45] ADMIN: Loading oocban_rank
[23:16:45] ADMIN: oocban_keylist was empty
[23:16:45] ADMIN: Updating jobbanfile!
ADMIN: furrychicken = Host
ADMIN: cherkir = Host
ADMIN: jasonvorheese = Primary Administrator
ADMIN: minimeatwad = Primary Administrator
ADMIN: xenosandboxthesecond = Primary Administrator
ADMIN: exbod = Primary Administrator
ADMIN: zenek123 = Secondary Administrator
ADMIN: noobpwnt4lif3 = Coder
ADMIN: kimjuandong = Coder
ADMIN: adolf12 = Iconner
ADMIN: kamina321 = Moderator
[23:17:08] ACCESS: Login: Furry Chicken from 
[23:17:54] ADMIN: Furry Chicken [DEAD] has started the game.
[23:17:55] ACCESS: Login: Pavel Havel (Furry Chicken) from 
[23:18:52] ADMIN: Pavel Havel (Furry Chicken) opened the create_mob panel
[23:18:54] ADMIN: Pavel Havel (Furry Chicken) created a /mob/living/carbon/human/fatherjack
[23:19:10] SAY: Father Jack (NPC) : DRINK!
[23:19:19] ADMIN: Pavel Havel (Furry Chicken) modified Father Jack's client to 
[23:19:20] SAY: Father Jack (NPC) : GIRLS!
[23:19:44] SAY: Pavel Havel (Furry Chicken) : *scream
[23:19:47] SAY: Shitty Bill (NPC) : You smoke?
[23:20:03] SAY: Shitty Bill (NPC) : You a nerd?
[23:20:08] SAY: Shitty Bill (NPC) : Hey brud, gimme yer hugs.
[23:20:30] SAY: Shitty Bill (NPC) : I think my homebros set me up.
[23:21:21] SAY: Shitty Bill (NPC) : Man, I sure don't miss bein' uploaded.
[23:21:30] SAY: Shitty Bill (NPC) : Got a light, brud?
[23:22:02] SAY: Shitty Bill (NPC) : Got a light, astronaut?
[23:22:17] SAY: Father Jack (NPC) : FECK!
[23:23:07] SAY: Shitty Bill (NPC) : Nice threads, brud.
[23:23:56] SAY: Shitty Bill (NPC) : Got any weed?
[23:23:58] SAY: Shitty Bill (NPC) : I ever tell you 'bout how I ended up here?
[23:24:03] SAY: Shitty Bill (NPC) : How's it hangin' Donald "Don" Glabs.
[23:24:12] SAY: Shitty Bill (NPC) : You a nerd?
[23:24:47] SAY: Shitty Bill (NPC) : You sting?
[23:24:54] SAY: Shitty Bill (NPC) : You dance?
[23:25:02] SAY: Shitty Bill (NPC) : I ever tell you 'bout my grampa?
[23:25:23] SAY: Shitty Bill (NPC) : Nice burner, weirdo.
[23:26:19] SAY: Shitty Bill (NPC) : I ever tell you 'bout the weird place with all the monkeys?
[23:26:35] SAY: Shitty Bill (NPC) : The hell you lookin' at, dweeb?
