

Starting up. 10:12.20
---------------------

[10:12:25] ADMIN: Loading jobban_rank
[10:12:25] ADMIN: Jobban_keylist was empty
[10:12:25] ADMIN: Updating jobbanfile!
[10:12:25] ADMIN: Loading oocban_rank
[10:12:25] ADMIN: oocban_keylist was empty
[10:12:25] ADMIN: Updating jobbanfile!
ADMIN: furrychicken = Host
ADMIN: cherkir = Host
ADMIN: jasonvorheese = Primary Administrator
ADMIN: REDACTEDminimeatwadREDACTED = Primary Administrator
ADMIN: xenosandboxthesecond = Primary Administrator
ADMIN: exbod = Primary Administrator
ADMIN: zenek123 = Secondary Administrator
ADMIN: noobpwnt4lif3 = Coder
ADMIN: kimjuandong = Coder
ADMIN: adolf12 = Iconner
ADMIN: kamina321 = Moderator
[10:12:48] ACCESS: Login: Furry Chicken from 
[10:13:47] ADMIN: Furry Chicken [DEAD] has started the game.
[10:13:48] ACCESS: Login: Pavel Havel (Furry Chicken) from 
[10:14:11] SAY: Pavel Havel (Furry Chicken) : *scream
[10:14:12] SAY: Pavel Havel (Furry Chicken) : *scream
[10:14:12] SAY: Pavel Havel (Furry Chicken) : *scream
[10:14:13] SAY: Pavel Havel (Furry Chicken) : *scream
[10:14:14] SAY: Pavel Havel (Furry Chicken) : *scream
[10:14:14] SAY: Pavel Havel (Furry Chicken) : *scream
[10:14:17] SAY: Pavel Havel (Furry Chicken) : *scream
[10:14:21] SAY: Pavel Havel (Furry Chicken) : *scream
[10:14:54] SAY: Shitty Bill (NPC) : Whatcha you lookin' at, astronaut?
[10:15:56] SAY: Shitty Bill (NPC) : Got any cats?
[10:16:27] SAY: Father Jack (NPC) : ARSE!
[10:17:15] SAY: Father Jack (NPC) : FECK!
[10:17:24] ADMIN: Pavel Havel (Furry Chicken) modified Pavel Havel's invisibility to 101
[10:17:37] ADMIN: Pavel Havel (Furry Chicken) modified burning barrel's invisibility to 101
[10:17:42] ADMIN: Pavel Havel (Furry Chicken) modified burning barrel's invisibility to 2
[10:17:50] SAY: Shitty Bill (NPC) : Man, I sure don't miss bein' the Head Surgeon.
[10:17:51] ADMIN: Pavel Havel (Furry Chicken) modified burning barrel's invisibility to 0
[10:17:57] SAY: Shitty Bill (NPC) : Got a light, wirehead?
[10:18:02] SAY: Shitty Bill (NPC) : Hey brud, gimme yer card.
[10:18:39] SAY: Father Jack (NPC) : That would be an ecumenical matter.
[10:18:46] ADMIN: Pavel Havel (Furry Chicken) modified 's invisibility to 101
[10:19:05] SAY: Shitty Bill (NPC) : Whatcha you lookin' at, dork?
[10:19:46] SAY: Shitty Bill (NPC) : Got any grease?
[10:19:57] SAY: Shitty Bill (NPC) : Got any cigs?
[10:20:14] SAY: Shitty Bill (NPC) : The hell you lookin' at, dude?
[10:20:26] SAY: Shitty Bill (NPC) : Sup Donald "Don" Glabs.
[10:20:33] SAY: Shitty Bill (NPC) : Sup Donald "Don" Glabs.
[10:20:45] SAY: Father Jack (NPC) : ARSE!
[10:21:00] SAY: Shitty Bill (NPC) : Hey chump, gimme yer high fives.
[10:21:10] SAY: Shitty Bill (NPC) : Got a light, dork?
[10:23:02] SAY: Shitty Bill (NPC) : The hell you lookin' at, idiot?
[10:23:26] SAY: Shitty Bill (NPC) : I think my pals stole my hat.
[10:23:28] SAY: Shitty Bill (NPC) : I ever tell you 'bout that time some nerd saved me from a massive drone that wouldn't quit starin' at me?
[10:23:52] SAY: Shitty Bill (NPC) : Hey brud, gimme yer dosh.
[10:24:09] SAY: Shitty Bill (NPC) : Nice wheels, spaceman.
[10:24:46] SAY: Shitty Bill (NPC) : What you lookin' at, doofus?
[10:25:12] SAY: Shitty Bill (NPC) : Hey buddy, gimme yer keys.
[10:26:43] SAY: Shitty Bill (NPC) : Got any alky?
[10:27:00] SAY: Shitty Bill (NPC) : I think my bros took off.
[10:28:06] SAY: Shitty Bill (NPC) : Got a light, astronaut?
[10:28:30] SAY: Shitty Bill (NPC) : You jam?
[10:29:19] SAY: Shitty Bill (NPC) : Got any salts?
[10:30:12] SAY: Shitty Bill (NPC) : I think my crew forgot about me.
[10:30:31] SAY: Shitty Bill (NPC) : Man, I sure don't miss Mars.
[10:30:35] SAY: Shitty Bill (NPC) : Man, I sure don't miss bein' a T.U.R.D.
[10:30:45] SAY: Shitty Bill (NPC) : What you lookin' at, spaceman?
[10:31:39] SAY: Shitty Bill (NPC) : I think my crew set me up.
[10:31:53] SAY: Shitty Bill (NPC) : You roll?


Starting up. 10:39.08
---------------------

[10:39:12] ADMIN: Loading jobban_rank
[10:39:12] ADMIN: Jobban_keylist was empty
[10:39:13] ADMIN: Updating jobbanfile!
[10:39:13] ADMIN: Loading oocban_rank
[10:39:13] ADMIN: oocban_keylist was empty
[10:39:13] ADMIN: Updating jobbanfile!
ADMIN: furrychicken = Host
ADMIN: cherkir = Host
ADMIN: jasonvorheese = Primary Administrator
ADMIN: REDACTEDminimeatwadREDACTED = Primary Administrator
ADMIN: xenosandboxthesecond = Primary Administrator
ADMIN: exbod = Primary Administrator
ADMIN: zenek123 = Secondary Administrator
ADMIN: noobpwnt4lif3 = Coder
ADMIN: kimjuandong = Coder
ADMIN: adolf12 = Iconner
ADMIN: kamina321 = Moderator
[10:39:34] ACCESS: Login: Furry Chicken from 
[10:43:47] ACCESS: Login: Pavel Havel (Furry Chicken) from 
[10:44:27] SAY: Shitty Bill (NPC) : You smoke?
[10:44:55] SAY: Shitty Bill (NPC) : Nice threads, 'Traser.
[10:46:36] SAY: Shitty Bill (NPC) : You a narc?
[10:47:08] SAY: Shitty Bill (NPC) : Hey chump, gimme yer patch.
[10:48:16] SAY: Father Jack (NPC) : That would be an ecumenical matter.
[10:49:16] SAY: Shitty Bill (NPC) : Nice treads, chief.
[10:49:24] SAY: Father Jack (NPC) : That would be an ecumenical matter.
[10:49:26] SAY: Shitty Bill (NPC) : You dance?
[10:49:47] SAY: Shitty Bill (NPC) : I ever tell you 'bout what really happened to Jons the Catte?
[10:50:13] ADMIN: Pavel Havel (Furry Chicken) opened the create_mob panel
[10:50:16] ADMIN: Pavel Havel (Furry Chicken) opened the create_object panel
[10:50:20] SAY: Father Jack (NPC) : GIRLS!
[10:50:23] ADMIN: Pavel Havel (Furry Chicken) created a /obj/item/reagent_containers/food/snacks/steak_m
[10:50:50] SAY: Pavel Havel (Furry Chicken) : *scream
[10:50:51] SAY: Pavel Havel (Furry Chicken) : *scream
[10:50:51] SAY: Pavel Havel (Furry Chicken) : *scream
[10:50:51] SAY: Pavel Havel (Furry Chicken) : *scream
[10:50:51] SAY: Pavel Havel (Furry Chicken) : *scream
[10:50:51] SAY: Pavel Havel (Furry Chicken) : *scream


Starting up. 10:52.37
---------------------

[10:52:42] ADMIN: Loading jobban_rank
[10:52:42] ADMIN: Jobban_keylist was empty
[10:52:42] ADMIN: Updating jobbanfile!
[10:52:42] ADMIN: Loading oocban_rank
[10:52:42] ADMIN: oocban_keylist was empty
[10:52:42] ADMIN: Updating jobbanfile!
ADMIN: furrychicken = Host
ADMIN: cherkir = Host
ADMIN: jasonvorheese = Primary Administrator
ADMIN: REDACTEDminimeatwadREDACTED = Primary Administrator
ADMIN: xenosandboxthesecond = Primary Administrator
ADMIN: exbod = Primary Administrator
ADMIN: zenek123 = Secondary Administrator
ADMIN: noobpwnt4lif3 = Coder
ADMIN: kimjuandong = Coder
ADMIN: adolf12 = Iconner
ADMIN: kamina321 = Moderator
[10:53:02] ACCESS: Login: Furry Chicken from 
[10:56:12] ADMIN: Furry Chicken [DEAD] has started the game.
[10:56:13] ACCESS: Login: Pavel Havel (Furry Chicken) from 
[10:56:25] SAY: Shitty Bill (NPC) : I think my associates got lost on the way here.
[10:58:13] SAY: Shitty Bill (NPC) : You rap?
[10:59:26] SAY: Pavel Havel (Furry Chicken) : *scream
[10:59:26] SAY: Pavel Havel (Furry Chicken) : *scream
[10:59:26] SAY: Pavel Havel (Furry Chicken) : *scream
[10:59:27] SAY: Pavel Havel (Furry Chicken) : *scream


Starting up. 11:11.02
---------------------

[11:11:07] ADMIN: Loading jobban_rank
[11:11:07] ADMIN: Jobban_keylist was empty
[11:11:07] ADMIN: Updating jobbanfile!
[11:11:07] ADMIN: Loading oocban_rank
[11:11:07] ADMIN: oocban_keylist was empty
[11:11:07] ADMIN: Updating jobbanfile!
ADMIN: furrychicken = Host
ADMIN: cherkir = Host
ADMIN: jasonvorheese = Primary Administrator
ADMIN: REDACTEDminimeatwadREDACTED = Primary Administrator
ADMIN: xenosandboxthesecond = Primary Administrator
ADMIN: exbod = Primary Administrator
ADMIN: zenek123 = Secondary Administrator
ADMIN: noobpwnt4lif3 = Coder
ADMIN: kimjuandong = Coder
ADMIN: adolf12 = Iconner
ADMIN: kamina321 = Moderator
[11:11:31] ACCESS: Login: Furry Chicken from 


Starting up. 11:23.52
---------------------

[11:23:56] ADMIN: Loading jobban_rank
[11:23:56] ADMIN: Jobban_keylist was empty
[11:23:56] ADMIN: Updating jobbanfile!
[11:23:56] ADMIN: Loading oocban_rank
[11:23:56] ADMIN: oocban_keylist was empty
[11:23:56] ADMIN: Updating jobbanfile!
ADMIN: furrychicken = Host
ADMIN: cherkir = Host
ADMIN: jasonvorheese = Primary Administrator
ADMIN: REDACTEDminimeatwadREDACTED = Primary Administrator
ADMIN: xenosandboxthesecond = Primary Administrator
ADMIN: exbod = Primary Administrator
ADMIN: zenek123 = Secondary Administrator
ADMIN: noobpwnt4lif3 = Coder
ADMIN: kimjuandong = Coder
ADMIN: adolf12 = Iconner
ADMIN: kamina321 = Moderator
[11:24:15] ACCESS: Login: Furry Chicken from 
[11:29:12] SAY: Shitty Bill (NPC) : Got any bees?
[11:29:29] SAY: Shitty Bill (NPC) : Got a light, brud?
[11:29:31] SAY: Father Jack (NPC) : GIRLS!
[11:29:36] SAY: Shitty Bill (NPC) : Got a light, 'Traser?
[11:30:01] SAY: Shitty Bill (NPC) : You rhyme?
[11:30:04] SAY: Shitty Bill (NPC) : Nice wheels, wirehead.
[11:30:18] SAY: Shitty Bill (NPC) : You a changer?
[11:30:58] SAY: Shitty Bill (NPC) : I think my bruds left without me.
[11:31:03] SAY: Shitty Bill (NPC) : What're you lookin' at, pal?
[11:32:11] SAY: Father Jack (NPC) : That would be an ecumenical matter.
[11:32:36] SAY: Shitty Bill (NPC) : You a dracula?
[11:34:04] SAY: Father Jack (NPC) : FECK!
[11:34:34] SAY: Shitty Bill (NPC) : You a narc?
[11:34:45] SAY: Father Jack (NPC) : ARSE!
[11:35:51] SAY: Shitty Bill (NPC) : I ever tell you 'bout the time I found that creepy cave?
[11:36:05] SAY: Shitty Bill (NPC) : Got any Cosmos?
[11:36:12] SAY: Father Jack (NPC) : That would be an ecumenical matter.
[11:36:14] SAY: Shitty Bill (NPC) : I ever tell you 'bout my secret base?
[11:36:17] SAY: Shitty Bill (NPC) : Nice hogg, wirehead.
[11:36:19] SAY: Shitty Bill (NPC) : Nice hair, nerd.
[11:36:21] ACCESS: Login: Pavel Havel (Furry Chicken) from 
[11:36:25] SAY: Pavel Havel (Furry Chicken) : *scream
[11:36:25] SAY: Pavel Havel (Furry Chicken) : *scream
[11:36:37] ADMIN: Pavel Havel (Furry Chicken) opened the create_object panel
[11:36:44] ADMIN: Pavel Havel (Furry Chicken) created a /obj/item/reagent_containers/food/snacks/ingredient/meat/fish/salmon
[11:37:17] SAY: Shitty Bill (NPC) : Nice hogg, pal.
[11:37:41] SAY: Shitty Bill (NPC) : Got a light, 'Traser?


Starting up. 11:46.15
---------------------

[11:46:20] ADMIN: Loading jobban_rank
[11:46:20] ADMIN: Jobban_keylist was empty
[11:46:20] ADMIN: Updating jobbanfile!
[11:46:20] ADMIN: Loading oocban_rank
[11:46:20] ADMIN: oocban_keylist was empty
[11:46:20] ADMIN: Updating jobbanfile!
ADMIN: furrychicken = Host
ADMIN: cherkir = Host
ADMIN: jasonvorheese = Primary Administrator
ADMIN: REDACTEDminimeatwadREDACTED = Primary Administrator
ADMIN: xenosandboxthesecond = Primary Administrator
ADMIN: exbod = Primary Administrator
ADMIN: zenek123 = Secondary Administrator
ADMIN: noobpwnt4lif3 = Coder
ADMIN: kimjuandong = Coder
ADMIN: adolf12 = Iconner
ADMIN: kamina321 = Moderator
[11:46:39] ACCESS: Login: Furry Chicken from 
[11:47:08] ADMIN: Furry Chicken [DEAD] has started the game.
[11:47:09] ACCESS: Login: Pavel Havel (Furry Chicken) from 
[11:47:32] ADMIN: Pavel Havel (Furry Chicken) opened the create_object panel
[11:47:34] SAY: Shitty Bill (NPC) : Whatcha you lookin' at, buddy?
[11:47:35] ADMIN: Pavel Havel (Furry Chicken) created a /obj/item/reagent_containers/food/snacks/ingredient/meat/monkeymeat
[11:49:04] SAY: Shitty Bill (NPC) : Man, I sure don't miss nerds bragging about their stations.
[11:49:11] SAY: Shitty Bill (NPC) : Man, I sure don't miss my ol' station.
[11:49:35] SAY: Pavel Havel (Furry Chicken) : *scream


Starting up. 11:54.30
---------------------

[11:54:36] ADMIN: Loading jobban_rank
[11:54:36] ADMIN: Jobban_keylist was empty
[11:54:36] ADMIN: Updating jobbanfile!
[11:54:36] ADMIN: Loading oocban_rank
[11:54:36] ADMIN: oocban_keylist was empty
[11:54:36] ADMIN: Updating jobbanfile!
ADMIN: furrychicken = Host
ADMIN: cherkir = Host
ADMIN: jasonvorheese = Primary Administrator
ADMIN: REDACTEDminimeatwadREDACTED = Primary Administrator
ADMIN: xenosandboxthesecond = Primary Administrator
ADMIN: exbod = Primary Administrator
ADMIN: zenek123 = Secondary Administrator
ADMIN: noobpwnt4lif3 = Coder
ADMIN: kimjuandong = Coder
ADMIN: adolf12 = Iconner
ADMIN: kamina321 = Moderator
[11:54:58] ACCESS: Login: Furry Chicken from 
[11:58:44] ACCESS: Login: Pavel Havel (Furry Chicken) from 
[11:59:05] SAY: Pavel Havel (Furry Chicken) : *scream
[11:59:24] ADMIN: Pavel Havel (Furry Chicken) opened the create_object panel
[11:59:28] ADMIN: Pavel Havel (Furry Chicken) created a /obj/item/reagent_containers/food/snacks/ingredient/meat/fish
[11:59:46] SAY: Shitty Bill (NPC) : Dang, it's Donald "Don" Glabs.
[11:59:51] SAY: Shitty Bill (NPC) : Got a light, wirehead?
[12:00:57] ADMIN: Pavel Havel (Furry Chicken) modified Pavel Havel's will_starve_in_deciseconds to 1000
[12:01:03] ADMIN: Pavel Havel (Furry Chicken) opened the create_object panel
[12:01:10] ADMIN: Pavel Havel (Furry Chicken) created a /obj/item/reagent_containers/food/snacks/ingredient/meat/monkeymeat
[12:01:15] SAY: Father Jack (NPC) : DRINK!
[12:01:29] SAY: Shitty Bill (NPC) : Man, I sure don't miss Sirius.
[12:01:29] SAY: Father Jack (NPC) : That would be an ecumenical matter.
[12:02:24] SAY: Shitty Bill (NPC) : Got a light, owl man?
[12:02:31] SAY: Shitty Bill (NPC) : Got a light, clown?
[12:03:30] SAY: Father Jack (NPC) : DRINK!
[12:04:01] SAY: Father Jack (NPC) : ARSE!
[12:04:27] SAY: Father Jack (NPC) : FECK!
[12:05:09] SAY: Father Jack (NPC) : ARSE!
[12:08:10] SAY: Shitty Bill (NPC) : You a miner?


Starting up. 12:14.00
---------------------

[12:14:05] ADMIN: Loading jobban_rank
[12:14:05] ADMIN: Jobban_keylist was empty
[12:14:05] ADMIN: Updating jobbanfile!
[12:14:05] ADMIN: Loading oocban_rank
[12:14:05] ADMIN: oocban_keylist was empty
[12:14:05] ADMIN: Updating jobbanfile!
ADMIN: furrychicken = Host
ADMIN: cherkir = Host
ADMIN: jasonvorheese = Primary Administrator
ADMIN: REDACTEDminimeatwadREDACTED = Primary Administrator
ADMIN: xenosandboxthesecond = Primary Administrator
ADMIN: exbod = Primary Administrator
ADMIN: zenek123 = Secondary Administrator
ADMIN: noobpwnt4lif3 = Coder
ADMIN: kimjuandong = Coder
ADMIN: adolf12 = Iconner
ADMIN: kamina321 = Moderator
[12:14:31] ACCESS: Login: Furry Chicken from 
[12:14:59] ADMIN: Furry Chicken [DEAD] has started the game.
[12:15:00] ACCESS: Login: Pavel Havel (Furry Chicken) from 
[12:15:33] ADMIN: Pavel Havel (Furry Chicken) opened the create_object panel
[12:15:34] SAY: Shitty Bill (NPC) : You a Synder?
[12:15:40] ADMIN: Pavel Havel (Furry Chicken) created a /obj/item/knife_butcher
[12:16:15] SAY: Father Jack (NPC) : ARSE!
[12:16:48] SAY: Shitty Bill (NPC) : What you lookin' at, pal?
[12:20:20] SAY: Shitty Bill (NPC) : Man, I sure don't miss the Syndies.
[12:20:27] SAY: Pavel Havel (Furry Chicken) : *scream
[12:20:28] SAY: Pavel Havel (Furry Chicken) : *scream
[12:20:29] SAY: Pavel Havel (Furry Chicken) : *scream
[12:20:31] ADMIN: Pavel Havel (Furry Chicken) deleted Medbay Entrance at (<a href='?src=%admin_ref%;action=jumptocoords;target=109,105,1' title='Jump to Coords'>109,105,1</a>)
[12:20:55] ADMIN: Pavel Havel (Furry Chicken) deleted Medbay at (<a href='?src=%admin_ref%;action=jumptocoords;target=107,98,1' title='Jump to Coords'>107,98,1</a>)
[12:21:03] ADMIN: Pavel Havel (Furry Chicken) deleted Pathology Research at (<a href='?src=%admin_ref%;action=jumptocoords;target=122,90,1' title='Jump to Coords'>122,90,1</a>)
[12:21:08] ADMIN: Pavel Havel (Furry Chicken) deleted Pathology Research at (<a href='?src=%admin_ref%;action=jumptocoords;target=129,90,1' title='Jump to Coords'>129,90,1</a>)
[12:21:13] SAY: Shitty Bill (NPC) : The hell you lookin' at, owl man?
[12:22:16] SAY: Shitty Bill (NPC) : You a beardo?
[12:22:49] ADMIN: Pavel Havel (Furry Chicken) deleted Mechanic's Lab at (<a href='?src=%admin_ref%;action=jumptocoords;target=190,110,1' title='Jump to Coords'>190,110,1</a>)
[12:24:16] ADMIN: Pavel Havel (Furry Chicken) modified Pavel Havel's will_starve_in_deciseconds to 500
[12:24:24] SAY: Shitty Bill (NPC) : I think my pals sent you.
[12:24:53] ADMIN: Pavel Havel (Furry Chicken) modified Pavel Havel's will_starve_in_deciseconds to 100
[12:27:17] ACCESS: Login: Furry Chicken from 
[12:27:59] ADMIN: Alien Praetorian 384 (Furry Chicken) opened the create_mob panel
[12:28:03] ADMIN: Alien Praetorian 384 (Furry Chicken) created a /mob/living/carbon/human/fatherted
[12:28:44] ADMIN: Alien Praetorian 384 (Furry Chicken) opened the create_mob panel
[12:28:47] ADMIN: Alien Praetorian 384 (Furry Chicken) created a /mob/living/carbon/human/biker
[12:28:51] SAY: Shitty Bill (NPC) : Got any sweders?
[12:29:30] ACCESS: Login: Furry Chicken from 
[12:30:35] SAY: Shitty Bill (NPC) : The hell're you lookin' at, chump?
[12:32:12] SAY: Shitty Bill (NPC) : Nice podd, astronaut.
[12:32:40] ADMIN: Alien Sentinel 203 (Furry Chicken) Subtle Messaged Alien Sentinel 203 (Furry Chicken): m
[12:32:46] ACCESS: Login: Furry Chicken from 
[12:33:07] SAY: Shitty Bill (NPC) : Man, I sure miss the Enterprise.
[12:34:41] SAY: Shitty Bill (NPC) : You a robot?
[12:36:23] SAY: Shitty Bill (NPC) : I think my homebros got lost on the way here.
[12:37:46] SAY: Shitty Bill (NPC) : Got a light, doofus?


Starting up. 12:43.04
---------------------

[12:43:09] ADMIN: Loading jobban_rank
[12:43:09] ADMIN: Jobban_keylist was empty
[12:43:09] ADMIN: Updating jobbanfile!
[12:43:09] ADMIN: Loading oocban_rank
[12:43:09] ADMIN: oocban_keylist was empty
[12:43:09] ADMIN: Updating jobbanfile!
ADMIN: furrychicken = Host
ADMIN: cherkir = Host
ADMIN: jasonvorheese = Primary Administrator
ADMIN: REDACTEDminimeatwadREDACTED = Primary Administrator
ADMIN: xenosandboxthesecond = Primary Administrator
ADMIN: exbod = Primary Administrator
ADMIN: zenek123 = Secondary Administrator
ADMIN: noobpwnt4lif3 = Coder
ADMIN: kimjuandong = Coder
ADMIN: adolf12 = Iconner
ADMIN: kamina321 = Moderator
[12:43:26] ACCESS: Login: Furry Chicken from 
[12:47:40] SAY: Father Jack (NPC) : GIRLS!
[12:47:47] ACCESS: Login: Pavel Havel (Furry Chicken) from 
[12:48:04] ADMIN: Pavel Havel (Furry Chicken) opened the create_mob panel
[12:48:06] SAY: Shitty Bill (NPC) : What're you lookin' at, dingus?
[12:48:07] ADMIN: Pavel Havel (Furry Chicken) created a /mob/living/carbon/human/merchant
[12:48:28] SAY: Shitty Bill (NPC) : Nice burner, kid.
[12:48:36] ACCESS: Login: Furry Chicken from 
[12:48:48] SAY: Shitty Bill (NPC) : Whatcha you lookin' at, spaceman?
[12:48:50] SAY: Shitty Bill (NPC) : I ever tell you 'bout the time I was a clown?
[12:49:36] SAY: Shitty Bill (NPC) : Dang, it's Donald "Don" Glabs.
[12:49:49] ACCESS: Login: Furry Chicken from 
[12:49:59] ACCESS: Login: Alien Warrior 751 (Furry Chicken) from 
[12:49:59] SAY: Shitty Bill (NPC) : The hell're you lookin' at, beardo?
[12:50:03] ADMIN: Alien Warrior 751 (Furry Chicken) swapped bodies with Fast Jonathan (NPC)
[12:50:03] ACCESS: Login: Fast Jonathan (Furry Chicken) from 
[12:50:09] ADMIN: Fast Jonathan (Furry Chicken) healed / revived Fast Jonathan (Furry Chicken)
[12:51:24] ADMIN: Fast Jonathan (Furry Chicken) swapped bodies with Alien Warrior 751 (NPC)
[12:51:24] ACCESS: Login: Alien Warrior 751 (Furry Chicken) from 
[12:51:31] ADMIN: Alien Warrior 751 (Furry Chicken) healed / revived Alien Warrior 751 (Furry Chicken)
[12:51:35] ADMIN: Alien Warrior 751 (Furry Chicken) swapped bodies with Fast Jonathan (NPC)
[12:51:35] ACCESS: Login: Fast Jonathan (Furry Chicken) from 
[12:51:45] SAY: Shitty Bill (NPC) : Got a light, buddy?
[12:52:02] ADMIN: Fast Jonathan (Furry Chicken) swapped bodies with Alien Warrior 751 (NPC)
[12:52:02] ACCESS: Login: Alien Warrior 751 (Furry Chicken) from 
[12:52:07] ACCESS: Login: Furry Chicken from 
[12:52:17] ADMIN: Alien Facehugger 357 (Furry Chicken) swapped bodies with Fast Jonathan (NPC)
[12:52:17] ACCESS: Login: Fast Jonathan (Furry Chicken) from 
[12:52:28] ADMIN: Fast Jonathan (Furry Chicken) opened the create_object panel
[12:52:28] SAY: Father Jack (NPC) : That would be an ecumenical matter.
[12:52:32] ADMIN: Fast Jonathan (Furry Chicken) created a /obj/item/gun/energy/taser_gun
[12:52:32] ADMIN: Fast Jonathan (Furry Chicken) created a /obj/item/gun/energy/taser_gun
[12:52:32] ADMIN: Fast Jonathan (Furry Chicken) created a /obj/item/gun/energy/taser_gun
[12:52:33] SAY: Shitty Bill (NPC) : You a cop?
[12:53:03] SAY: Father Jack (NPC) : GIRLS!
[12:53:35] SAY: Shitty Bill (NPC) : Got a light, wirehead?
[12:53:38] SAY: Shitty Bill (NPC) : Sup Donald "Don" Glabs.
[12:53:47] SAY: Shitty Bill (NPC) : Man, I sure don't miss bein' a T.U.R.D.
[12:53:53] ACCESS: Login: Furry Chicken from 
[12:54:06] SAY: Shitty Bill (NPC) : You a changer?
[12:54:25] SAY: Shitty Bill (NPC) : Got a light, scrub?
[12:54:39] SAY: Shitty Bill (NPC) : You a beardo?
[12:54:42] ADMIN: Alien Facehugger 847 (Furry Chicken) deleted  glass window at (<a href='?src=%admin_ref%;action=jumptocoords;target=201,162,1' title='Jump to Coords'>201,162,1</a>)
[12:54:46] SAY: Shitty Bill (NPC) : Got a light, clown?
[12:55:05] SAY: Father Jack (NPC) : FECK!
[12:55:16] ACCESS: Login: Furry Chicken from 
[12:55:26] ADMIN: Alien Drone 40 (Furry Chicken) healed / revived Alien Drone 40 (Furry Chicken)
[12:55:30] ADMIN: Alien Drone 40 (Furry Chicken) healed / revived Alien Drone 40 (Furry Chicken)
[12:55:35] ADMIN: Alien Drone 40 (Furry Chicken) healed / revived Alien Drone 40 (Furry Chicken)
[12:55:52] SAY: Shitty Bill (NPC) : Whoa, it's Donald "Don" Glabs.
[12:55:54] SAY: Shitty Bill (NPC) : You grustle?
[12:56:41] SAY: Father Jack (NPC) : GIRLS!
[12:56:46] SAY: Shitty Bill (NPC) : You rap?
[12:56:51] SAY: Shitty Bill (NPC) : You ride?
[12:56:58] SAY: Alien Drone 40 (Furry Chicken) : *dance
[12:56:59] SAY: Alien Drone 40 (Furry Chicken) : *dance
[12:57:00] SAY: Alien Drone 40 (Furry Chicken) : *scream
[12:57:03] SAY: Alien Drone 40 (Furry Chicken) : *dance
[12:57:03] SAY: Alien Drone 40 (Furry Chicken) : *dance
[12:57:03] SAY: Alien Drone 40 (Furry Chicken) : *dance
[12:57:04] SAY: Alien Drone 40 (Furry Chicken) : *dance
[12:57:06] SAY: Alien Drone 40 (Furry Chicken) : *dance
[12:57:07] SAY: Alien Drone 40 (Furry Chicken) : *dance
[12:57:07] SAY: Alien Drone 40 (Furry Chicken) : *dance
[12:57:08] SAY: Alien Drone 40 (Furry Chicken) : *dance
[12:57:10] SAY: Alien Drone 40 (Furry Chicken) : *scream
[12:57:51] ACCESS: Login: Furry Chicken from 


Starting up. 13:31.30
---------------------

[13:31:35] ADMIN: Loading jobban_rank
[13:31:35] ADMIN: Jobban_keylist was empty
[13:31:35] ADMIN: Updating jobbanfile!
[13:31:35] ADMIN: Loading oocban_rank
[13:31:35] ADMIN: oocban_keylist was empty
[13:31:35] ADMIN: Updating jobbanfile!
ADMIN: furrychicken = Host
ADMIN: cherkir = Host
ADMIN: jasonvorheese = Primary Administrator
ADMIN: REDACTEDminimeatwadREDACTED = Primary Administrator
ADMIN: xenosandboxthesecond = Primary Administrator
ADMIN: exbod = Primary Administrator
ADMIN: zenek123 = Secondary Administrator
ADMIN: noobpwnt4lif3 = Coder
ADMIN: kimjuandong = Coder
ADMIN: adolf12 = Iconner
ADMIN: kamina321 = Moderator
[13:31:54] ACCESS: Login: Furry Chicken from 
[13:32:25] ADMIN: Furry Chicken [DEAD] has started the game.
[13:32:25] ACCESS: Login: Pavel Havel (Furry Chicken) from 
[13:33:39] SAY: Shitty Bill (NPC) : Hey, it's Donald "Don" Glabs.
[13:34:02] SAY: Shitty Bill (NPC) : I ever tell you 'bout the day the Marties overran our position?
[13:34:05] SAY: Shitty Bill (NPC) : The hell you lookin' at, bro?
[13:35:27] SAY: Shitty Bill (NPC) : Hey Donald "Don" Glabs.
[13:35:36] SAY: Shitty Bill (NPC) : You a cop?
[13:35:50] SAY: Shitty Bill (NPC) : The hell you lookin' at, friend?
[13:36:23] SAY: Shitty Bill (NPC) : Man, I sure miss bein' an atmos tech.
[13:37:19] SAY: Shitty Bill (NPC) : I think my crew left without me.
[13:40:23] SAY: Shitty Bill (NPC) : I think my homies set me up.
[13:40:54] SAY: Pavel Havel (Furry Chicken) : *scream
[13:41:37] ADMIN: Pavel Havel (Furry Chicken) opened the create_mob panel
[13:41:40] ADMIN: Pavel Havel (Furry Chicken) created a /mob/living/carbon/human/fatherjack
[13:42:19] SAY: Shitty Bill (NPC) : You a narc?
[13:43:15] ADMIN: Pavel Havel (Furry Chicken) opened the create_object panel
[13:43:20] ADMIN: Pavel Havel (Furry Chicken) created a /obj/item/reagent_containers/food/snacks/ingredient/meat/monkeymeat
[13:43:34] SAY: Pavel Havel (Furry Chicken) : *scream
[13:45:23] ADMIN: Pavel Havel (Furry Chicken) opened the create_object panel
[13:45:29] ADMIN: Pavel Havel (Furry Chicken) created 10ea /obj/item/reagent_containers/food/snacks/ingredient/meat/humanmeat
[13:45:53] SAY: Shitty Bill (NPC) : I think my crew left me here.
[13:46:05] SAY: Father Jack (NPC) : That would be an ecumenical matter.
[13:46:52] SAY: Shitty Bill (NPC) : I ever tell you 'bout that weird copper fella who just looks at the sun all day?
[13:48:00] ACCESS: Login: Furry Chicken from 
[13:48:14] ADMIN: Alien Sentinel 571 (Furry Chicken) opened the create_mob panel
[13:48:17] ADMIN: Alien Sentinel 571 (Furry Chicken) created a /mob/living/carbon/human/fatherjack
[13:48:18] ADMIN: Alien Sentinel 571 (Furry Chicken) created a /mob/living/carbon/human/fatherjack
[13:48:32] SAY: Father Jack (NPC) : ARSE!
[13:48:48] SAY: Father Jack (NPC) : GIRLS!
[13:49:00] SAY: Shitty Bill (NPC) : You grustle?
[13:49:54] SAY: Shitty Bill (NPC) : Got a light, bucko?
[13:50:08] ACCESS: Login: Furry Chicken from 
[13:52:42] SAY: Shitty Bill (NPC) : Nice karma, bucko.
[13:52:53] SAY: Father Jack (NPC) : That would be an ecumenical matter.
[13:53:15] SAY: Shitty Bill (NPC) : Got a light, dweeb?
[13:53:36] SAY: Shitty Bill (NPC) : What're you lookin' at, clown?
[13:55:02] SAY: Father Jack (NPC) : GIRLS!
[13:55:19] SAY: Shitty Bill (NPC) : You a miner?
[13:55:31] SAY: Shitty Bill (NPC) : Got any burgle?
[13:55:33] SAY: Father Jack (NPC) : FECK!
[13:55:47] SAY: Father Jack (NPC) : FECK!
[13:56:50] SAY: Father Jack (NPC) : ARSE!
[13:57:33] SAY: Shitty Bill (NPC) : I ever tell you 'bout my dad?
[13:59:02] SAY: Shitty Bill (NPC) : You a wizman?
[13:59:12] SAY: Shitty Bill (NPC) : You smoke?
[13:59:44] SAY: Father Jack (NPC) : ARSE!
[14:00:06] SAY: Shitty Bill (NPC) : I ever tell you 'bout what's really going on out here?
[14:00:22] SAY: Shitty Bill (NPC) : I think my buds stole my cat.
[14:00:27] SAY: Shitty Bill (NPC) : Got any stylane?
[14:01:07] SAY: Shitty Bill (NPC) : You a cop?
[14:01:12] SAY: Father Jack (NPC) : DRINK!
[14:01:39] SAY: Shitty Bill (NPC) : Man, I sure miss my plants.
[14:01:56] SAY: Shitty Bill (NPC) : Nice treads, idiot.
[14:02:03] SAY: Shitty Bill (NPC) : I ever tell you 'bout the time I poisoned a dude with my own pee?
[14:02:09] SAY: Shitty Bill (NPC) : You a nerd?
[14:02:22] SAY: Shitty Bill (NPC) : Nice face, owl man.
[14:02:50] SAY: Shitty Bill (NPC) : Got any bees?


Starting up. 14:04.52
---------------------

[14:04:57] ADMIN: Loading jobban_rank
[14:04:57] ADMIN: Jobban_keylist was empty
[14:04:57] ADMIN: Updating jobbanfile!
[14:04:57] ADMIN: Loading oocban_rank
[14:04:57] ADMIN: oocban_keylist was empty
[14:04:57] ADMIN: Updating jobbanfile!
ADMIN: furrychicken = Host
ADMIN: cherkir = Host
ADMIN: jasonvorheese = Primary Administrator
ADMIN: REDACTEDminimeatwadREDACTED = Primary Administrator
ADMIN: xenosandboxthesecond = Primary Administrator
ADMIN: exbod = Primary Administrator
ADMIN: zenek123 = Secondary Administrator
ADMIN: noobpwnt4lif3 = Coder
ADMIN: kimjuandong = Coder
ADMIN: adolf12 = Iconner
ADMIN: kamina321 = Moderator
[14:05:14] ACCESS: Login: Furry Chicken from 
[14:06:08] ADMIN: Furry Chicken [DEAD] has started the game.
[14:06:09] ACCESS: Login: Pavel Havel (Furry Chicken) from 
[14:06:25] ADMIN: Pavel Havel (Furry Chicken) opened the create_object panel
[14:06:31] ADMIN: Pavel Havel (Furry Chicken) created a /obj/item/reagent_containers/food/snacks/ingredient/meat/fish/salmon
[14:07:45] SAY: Shitty Bill (NPC) : You a beardo?
[14:07:52] SAY: Shitty Bill (NPC) : How's it goin' Donald "Don" Glabs.
[14:07:57] SAY: Father Jack (NPC) : FECK!
[14:08:08] SAY: Shitty Bill (NPC) : Hey brud, gimme yer smokes.
[14:08:29] SAY: Father Jack (NPC) : ARSE!
[14:08:50] SAY: Shitty Bill (NPC) : I think my homies got caught.
[14:09:49] SAY: Father Jack (NPC) : ARSE!
[14:12:40] SAY: Shitty Bill (NPC) : You dance?
[14:12:47] SAY: Father Jack (NPC) : GIRLS!
[14:13:46] SAY: Shitty Bill (NPC) : Hey chump, gimme yer drugs.
[14:14:56] SAY: Father Jack (NPC) : That would be an ecumenical matter.
[14:17:12] SAY: Shitty Bill (NPC) : Nice ship, brud.
[14:18:03] SAY: Shitty Bill (NPC) : Man, I sure miss Earth.
[14:18:43] SAY: Shitty Bill (NPC) : Hello Donald "Don" Glabs.
[14:19:05] SAY: Shitty Bill (NPC) : Dang, it's Donald "Don" Glabs.
[14:19:12] SAY: Shitty Bill (NPC) : Howdy Donald "Don" Glabs.
[14:19:41] ACCESS: Login: Furry Chicken from 
[14:20:01] ADMIN: Alien Warrior 592 (Furry Chicken) opened the create_mob panel
[14:20:05] ADMIN: Alien Warrior 592 (Furry Chicken) created a /mob/living/carbon/human/fatherted
[14:21:41] SAY: Shitty Bill (NPC) : Got a light, bucko?
[14:22:18] SAY: Shitty Bill (NPC) : Got a light, bud?
[14:22:27] SAY: Shitty Bill (NPC) : Got any krok?
[14:23:31] SAY: Shitty Bill (NPC) : Sup Donald "Don" Glabs.
[14:24:20] SAY: Shitty Bill (NPC) : Hey chump, gimme yer hugs.
[14:24:31] SAY: Father Jack (NPC) : DRINK!
[14:24:39] SAY: Shitty Bill (NPC) : Man, I sure miss my bee.
[14:25:14] SAY: Shitty Bill (NPC) : Got any beff?
[14:25:16] SAY: Shitty Bill (NPC) : Nice treads, owl man.
[14:26:31] SAY: Shitty Bill (NPC) : Nice pod, dude.
[14:26:34] SAY: Shitty Bill (NPC) : Hey friendo, gimme yer dosh.
[14:28:05] SAY: Shitty Bill (NPC) : What're you lookin' at, spaceman?


Starting up. 14:32.11
---------------------

[14:32:15] ADMIN: Loading jobban_rank
[14:32:15] ADMIN: Jobban_keylist was empty
[14:32:15] ADMIN: Updating jobbanfile!
[14:32:15] ADMIN: Loading oocban_rank
[14:32:15] ADMIN: oocban_keylist was empty
[14:32:15] ADMIN: Updating jobbanfile!
ADMIN: furrychicken = Host
ADMIN: cherkir = Host
ADMIN: jasonvorheese = Primary Administrator
ADMIN: REDACTEDminimeatwadREDACTED = Primary Administrator
ADMIN: xenosandboxthesecond = Primary Administrator
ADMIN: exbod = Primary Administrator
ADMIN: zenek123 = Secondary Administrator
ADMIN: noobpwnt4lif3 = Coder
ADMIN: kimjuandong = Coder
ADMIN: adolf12 = Iconner
ADMIN: kamina321 = Moderator
[14:32:35] ACCESS: Login: Furry Chicken from 
[14:33:18] ADMIN: Furry Chicken [DEAD] has started the game.
[14:33:19] ACCESS: Login: Furry Chicken [TRAITOR] from 
[14:33:33] ADMIN: Alien Queen (Furry Chicken) [TRAITOR] opened the create_mob panel
[14:33:38] ADMIN: Alien Queen (Furry Chicken) [TRAITOR] created 5ea /mob/living/carbon/human/fatherted
[14:34:17] ACCESS: Login: Alien Queen (Furry Chicken) [TRAITOR] [DEAD] from 
[14:34:22] ACCESS: Login: Furry Chicken [TRAITOR] from 
[14:35:48] ACCESS: Login: Furry Chicken [TRAITOR] from 
[14:36:09] SAY: Father Jack (NPC) : FECK!
[14:36:12] ACCESS: Login: Furry Chicken [TRAITOR] from 
[14:36:14] SAY: Shitty Bill (NPC) : You ride?
[14:36:30] SAY: Father Jack (NPC) : DRINK!
[14:36:55] SAY: Shitty Bill (NPC) : You rap?
[14:37:07] ADMIN: Alien Queen (Furry Chicken) [TRAITOR] healed / revived Father Ted (NPC)


Starting up. 15:18.06
---------------------

[15:18:11] ADMIN: Loading jobban_rank
[15:18:11] ADMIN: Jobban_keylist was empty
[15:18:11] ADMIN: Updating jobbanfile!
[15:18:11] ADMIN: Loading oocban_rank
[15:18:11] ADMIN: oocban_keylist was empty
[15:18:11] ADMIN: Updating jobbanfile!
ADMIN: furrychicken = Host
ADMIN: cherkir = Host
ADMIN: jasonvorheese = Primary Administrator
ADMIN: REDACTEDminimeatwadREDACTED = Primary Administrator
ADMIN: xenosandboxthesecond = Primary Administrator
ADMIN: exbod = Primary Administrator
ADMIN: zenek123 = Secondary Administrator
ADMIN: noobpwnt4lif3 = Coder
ADMIN: kimjuandong = Coder
ADMIN: adolf12 = Iconner
ADMIN: kamina321 = Moderator
[15:18:30] ACCESS: Login: Furry Chicken from 
[15:19:01] ADMIN: Furry Chicken [DEAD] has started the game.
[15:19:02] ACCESS: Login: Pavel Havel (Furry Chicken) from 
[15:19:19] SAY: Shitty Bill (NPC) : Nice karma, kid.
[15:19:31] ACCESS: Login: Furry Chicken from 
[15:19:48] ADMIN: Alien Empress (Furry Chicken) opened the create_mob panel
[15:19:50] ADMIN: Alien Empress (Furry Chicken) created a /mob/living/carbon/human/fatherted
[15:20:58] SAY: Shitty Bill (NPC) : Got any plazzers?
[15:22:24] SAY: Father Jack (NPC) : GIRLS!
[15:22:56] SAY: Shitty Bill (NPC) : Got any pips?
[15:23:05] SAY: Father Jack (NPC) : GIRLS!
[15:25:33] ADMIN: Alien Empress (Furry Chicken) healed / revived Father Ted (NPC)
[15:26:07] SAY: Shitty Bill (NPC) : You rhyme?
[15:26:14] SAY: Shitty Bill (NPC) : Man, I sure miss the Cloud.
[15:26:24] SAY: Father Jack (NPC) : FECK!
[15:26:52] SAY: Shitty Bill (NPC) : What're you lookin' at, owl man?
[15:27:04] SAY: Shitty Bill (NPC) : I think my homebros stole my cat.
[15:27:15] SAY: Shitty Bill (NPC) : I ever tell you 'bout that time I knocked out NanoTrasen's central network with a bunch of string?
[15:27:40] SAY: Shitty Bill (NPC) : Hey friendo, gimme yer bees.
[15:27:42] ADMIN: Alien Empress (Furry Chicken) opened the create_mob panel
[15:27:44] ADMIN: Alien Empress (Furry Chicken) created a /mob/living/carbon/human/fatherjack
[15:27:56] SAY: Shitty Bill (NPC) : Man, I sure don't miss that big meaty dude.


Starting up. 15:37.03
---------------------

[15:37:08] ADMIN: Loading jobban_rank
[15:37:08] ADMIN: Jobban_keylist was empty
[15:37:08] ADMIN: Updating jobbanfile!
[15:37:08] ADMIN: Loading oocban_rank
[15:37:08] ADMIN: oocban_keylist was empty
[15:37:08] ADMIN: Updating jobbanfile!
ADMIN: furrychicken = Host
ADMIN: cherkir = Host
ADMIN: jasonvorheese = Primary Administrator
ADMIN: REDACTEDminimeatwadREDACTED = Primary Administrator
ADMIN: xenosandboxthesecond = Primary Administrator
ADMIN: exbod = Primary Administrator
ADMIN: zenek123 = Secondary Administrator
ADMIN: noobpwnt4lif3 = Coder
ADMIN: kimjuandong = Coder
ADMIN: adolf12 = Iconner
ADMIN: kamina321 = Moderator
[15:37:30] ACCESS: Login: Furry Chicken from 
[15:37:56] ADMIN: Furry Chicken [DEAD] has started the game.
[15:37:57] ACCESS: Login: Pavel Havel (Furry Chicken) from 
[15:38:21] ACCESS: Login: Furry Chicken from 
[15:38:26] ADMIN: Alien Warrior 414 (Furry Chicken) opened the create_mob panel
[15:38:28] ADMIN: Alien Warrior 414 (Furry Chicken) created a /mob/living/carbon/human/fatherted
[15:38:33] SAY: Shitty Bill (NPC) : You wrassle?
[15:38:36] SAY: Shitty Bill (NPC) : You a Russian?
[15:38:45] ADMIN: Alien Warrior 414 (Furry Chicken) opened the create_object panel
[15:38:52] ADMIN: Alien Warrior 414 (Furry Chicken) created a /obj/item/xeno/facehugger
[15:39:02] SAY: Shitty Bill (NPC) : You ride?


Starting up. 15:46.18
---------------------

[15:46:23] ADMIN: Loading jobban_rank
[15:46:23] ADMIN: Jobban_keylist was empty
[15:46:23] ADMIN: Updating jobbanfile!
[15:46:23] ADMIN: Loading oocban_rank
[15:46:23] ADMIN: oocban_keylist was empty
[15:46:23] ADMIN: Updating jobbanfile!
ADMIN: furrychicken = Host
ADMIN: cherkir = Host
ADMIN: jasonvorheese = Primary Administrator
ADMIN: REDACTEDminimeatwadREDACTED = Primary Administrator
ADMIN: xenosandboxthesecond = Primary Administrator
ADMIN: exbod = Primary Administrator
ADMIN: zenek123 = Secondary Administrator
ADMIN: noobpwnt4lif3 = Coder
ADMIN: kimjuandong = Coder
ADMIN: adolf12 = Iconner
ADMIN: kamina321 = Moderator
[15:46:40] ACCESS: Login: Furry Chicken from 
[15:47:33] ADMIN: Furry Chicken [DEAD] has started the game.
[15:47:34] ACCESS: Login: Pavel Havel (Furry Chicken) from 
[15:47:43] ADMIN: Pavel Havel (Furry Chicken) clownified Pavel Havel (Furry Chicken)
[15:47:46] ACCESS: Login: Furry Chicken from 
[15:47:51] SAY: Shitty Bill (NPC) : You a miner?
[15:47:59] SAY: Shitty Bill (NPC) : Nice karma, 'Traser.
[15:48:14] ADMIN: Alien Praetorian 761 (Furry Chicken) opened the create_mob panel
[15:48:18] ADMIN: Alien Praetorian 761 (Furry Chicken) created a /mob/living/carbon/human/fatherjack
[15:48:25] SAY: Father Jack (NPC) : FECK!
[15:48:28] ADMIN: Alien Praetorian 761 (Furry Chicken) opened the create_object panel
[15:48:32] ADMIN: Alien Praetorian 761 (Furry Chicken) created a /obj/item/xeno/facehugger
[15:49:01] SAY: Shitty Bill (NPC) : I ever tell you 'bout when I found some old keys?
[15:49:11] ADMIN: Alien Praetorian 761 (Furry Chicken) opened the create_object panel
[15:49:16] ADMIN: Alien Praetorian 761 (Furry Chicken) created a /obj/xeno/hive/nest


Starting up. 16:31.55
---------------------

[16:32:00] ADMIN: Loading jobban_rank
[16:32:00] ADMIN: Jobban_keylist was empty
[16:32:00] ADMIN: Updating jobbanfile!
[16:32:00] ADMIN: Loading oocban_rank
[16:32:00] ADMIN: oocban_keylist was empty
[16:32:00] ADMIN: Updating jobbanfile!
ADMIN: furrychicken = Host
ADMIN: cherkir = Host
ADMIN: jasonvorheese = Primary Administrator
ADMIN: REDACTEDminimeatwadREDACTED = Primary Administrator
ADMIN: xenosandboxthesecond = Primary Administrator
ADMIN: exbod = Primary Administrator
ADMIN: zenek123 = Secondary Administrator
ADMIN: noobpwnt4lif3 = Coder
ADMIN: kimjuandong = Coder
ADMIN: adolf12 = Iconner
ADMIN: kamina321 = Moderator
[16:32:21] ACCESS: Login: Furry Chicken from 
[16:35:50] ACCESS: Login: Pavel Havel (Furry Chicken) from 
[16:36:06] ACCESS: Login: Furry Chicken from 
[16:36:10] SAY: Shitty Bill (NPC) : You dance?
[16:36:19] ADMIN: Alien Drone 597 (Furry Chicken) opened the create_mob panel
[16:36:22] ADMIN: Alien Drone 597 (Furry Chicken) created a /mob/living/carbon/human/biker
[16:36:24] SAY: Shitty Bill (NPC) : You a narc?
[16:36:34] SAY: Shitty Bill (NPC) : I ever tell you 'bout the time I shot that clown?
[16:36:51] SAY: Shitty Bill (NPC) : How's it goin' Alien Drone 597.
[16:36:58] SAY: Shitty Bill (NPC) : Nice hog, bucko.
[16:37:08] SAY: Shitty Bill (NPC) : Got any beff?
[16:37:08] SAY: Father Jack (NPC) : ARSE!
[16:37:10] SAY: Shitty Bill (NPC) : Nice karma, 'Traser.
[16:37:38] SAY: Shitty Bill (NPC) : You grustle?
[16:38:07] SAY: Shitty Bill (NPC) : Got a light, idiot?
[16:38:28] SAY: Shitty Bill (NPC) : I ever tell you 'bout the time I found an alien thing that killed dudes?


Starting up. 16:48.03
---------------------

[16:48:11] ADMIN: Loading jobban_rank
[16:48:11] ADMIN: Jobban_keylist was empty
[16:48:11] ADMIN: Updating jobbanfile!
[16:48:11] ADMIN: Loading oocban_rank
[16:48:11] ADMIN: oocban_keylist was empty
[16:48:11] ADMIN: Updating jobbanfile!
ADMIN: furrychicken = Host
ADMIN: cherkir = Host
ADMIN: jasonvorheese = Primary Administrator
ADMIN: REDACTEDminimeatwadREDACTED = Primary Administrator
ADMIN: xenosandboxthesecond = Primary Administrator
ADMIN: exbod = Primary Administrator
ADMIN: zenek123 = Secondary Administrator
ADMIN: noobpwnt4lif3 = Coder
ADMIN: kimjuandong = Coder
ADMIN: adolf12 = Iconner
ADMIN: kamina321 = Moderator
[16:48:35] ACCESS: Login: Furry Chicken from 
[16:49:28] ADMIN: Furry Chicken [DEAD] has started the game.
[16:49:29] ACCESS: Login: Pavel Havel (Furry Chicken) from 
[16:49:37] ACCESS: Login: Furry Chicken from 
[16:49:43] ADMIN: Alien Praetorian 259 (Furry Chicken) opened the create_mob panel
[16:49:44] SAY: Shitty Bill (NPC) : I ever tell you 'bout the time I got cloned?
[16:49:46] ADMIN: Alien Praetorian 259 (Furry Chicken) created a /mob/living/carbon/human/fatherted
[16:49:52] SAY: Shitty Bill (NPC) : You jet?
[16:49:54] ADMIN: Alien Praetorian 259 (Furry Chicken) opened the create_object panel
[16:49:58] ADMIN: Alien Praetorian 259 (Furry Chicken) opened the create_mob panel
[16:50:05] ADMIN: Alien Praetorian 259 (Furry Chicken) created a /mob/living/carbon/human/fatherted
[16:50:22] SAY: Shitty Bill (NPC) : The hell you lookin' at, bro?
[16:50:43] SAY: Father Jack (NPC) : ARSE!


Starting up. 16:53.51
---------------------

[16:53:55] ADMIN: Loading jobban_rank
[16:53:55] ADMIN: Jobban_keylist was empty
[16:53:55] ADMIN: Updating jobbanfile!
[16:53:55] ADMIN: Loading oocban_rank
[16:53:55] ADMIN: oocban_keylist was empty
[16:53:55] ADMIN: Updating jobbanfile!
ADMIN: furrychicken = Host
ADMIN: cherkir = Host
ADMIN: jasonvorheese = Primary Administrator
ADMIN: REDACTEDminimeatwadREDACTED = Primary Administrator
ADMIN: xenosandboxthesecond = Primary Administrator
ADMIN: exbod = Primary Administrator
ADMIN: zenek123 = Secondary Administrator
ADMIN: noobpwnt4lif3 = Coder
ADMIN: kimjuandong = Coder
ADMIN: adolf12 = Iconner
ADMIN: kamina321 = Moderator
[16:54:13] ACCESS: Login: Furry Chicken from 
[16:54:49] ADMIN: Furry Chicken [DEAD] has started the game.
[16:54:50] ACCESS: Login: Pavel Havel (Furry Chicken) from 
[16:55:06] ACCESS: Login: Furry Chicken from 
[16:55:15] ADMIN: Alien Warrior 502 (Furry Chicken) opened the create_mob panel
[16:55:17] ADMIN: Alien Warrior 502 (Furry Chicken) created a /mob/living/carbon/human/fatherjack


Starting up. 17:24.06
---------------------

[17:24:11] ADMIN: Loading jobban_rank
[17:24:11] ADMIN: Jobban_keylist was empty
[17:24:11] ADMIN: Updating jobbanfile!
[17:24:11] ADMIN: Loading oocban_rank
[17:24:11] ADMIN: oocban_keylist was empty
[17:24:11] ADMIN: Updating jobbanfile!
ADMIN: furrychicken = Host
ADMIN: cherkir = Host
ADMIN: jasonvorheese = Primary Administrator
ADMIN: REDACTEDminimeatwadREDACTED = Primary Administrator
ADMIN: xenosandboxthesecond = Primary Administrator
ADMIN: exbod = Primary Administrator
ADMIN: zenek123 = Secondary Administrator
ADMIN: noobpwnt4lif3 = Coder
ADMIN: kimjuandong = Coder
ADMIN: adolf12 = Iconner
ADMIN: kamina321 = Moderator
[17:24:29] ACCESS: Login: Furry Chicken from 
[17:25:02] ADMIN: Furry Chicken [DEAD] has started the game.
[17:25:02] ACCESS: Login: Pavel Havel (Furry Chicken) from 
[17:25:11] SAY: Shitty Bill (NPC) : Man, I sure miss my bee.
[17:25:14] ACCESS: Login: Furry Chicken from 
[17:25:43] SAY: Shitty Bill (NPC) : Got a light, dweeb?
[17:26:01] SAY: Shitty Bill (NPC) : You a Synder?
[17:26:12] ADMIN: Alien Drone 904 (Furry Chicken) opened the create_mob panel
[17:26:14] ADMIN: Alien Drone 904 (Furry Chicken) created a /mob/living/carbon/human/monkey


Starting up. 17:53.34
---------------------

[17:53:43] ADMIN: Loading jobban_rank
[17:53:43] ADMIN: Jobban_keylist was empty
[17:53:43] ADMIN: Updating jobbanfile!
[17:53:43] ADMIN: Loading oocban_rank
[17:53:43] ADMIN: oocban_keylist was empty
[17:53:43] ADMIN: Updating jobbanfile!
ADMIN: furrychicken = Host
ADMIN: cherkir = Host
ADMIN: jasonvorheese = Primary Administrator
ADMIN: REDACTEDminimeatwadREDACTED = Primary Administrator
ADMIN: xenosandboxthesecond = Primary Administrator
ADMIN: exbod = Primary Administrator
ADMIN: zenek123 = Secondary Administrator
ADMIN: noobpwnt4lif3 = Coder
ADMIN: kimjuandong = Coder
ADMIN: adolf12 = Iconner
ADMIN: kamina321 = Moderator
[17:54:12] ACCESS: Login: Furry Chicken from 
[17:54:57] ADMIN: Furry Chicken [DEAD] has started the game.
[17:54:57] ACCESS: Login: Pavel Havel (Furry Chicken) from 
[17:55:04] ADMIN: Pavel Havel (Furry Chicken) opened the create_mob panel
[17:55:07] ADMIN: Pavel Havel (Furry Chicken) created a /mob/living/carbon/human/fatherjack
[17:55:07] ADMIN: Pavel Havel (Furry Chicken) created a /mob/living/carbon/human/fatherjack
[17:55:21] ACCESS: Login: Furry Chicken from 
[17:55:27] SAY: Father Jack (NPC) : ARSE!
[17:56:38] SAY: Shitty Bill (NPC) : You a Russian?
[17:57:20] SAY: Father Jack (NPC) : ARSE!
[17:58:24] SAY: Shitty Bill (NPC) : I think my buds stole my key.
[17:58:25] ADMIN: Alien Drone 646 (Furry Chicken) opened the create_mob panel
[17:58:28] ADMIN: Alien Drone 646 (Furry Chicken) created a /mob/living/carbon/human/fatherted
[17:58:36] SAY: Father Jack (NPC) : GIRLS!
[17:59:00] SAY: Shitty Bill (NPC) : Got a light, weirdo?
[17:59:51] SAY: Shitty Bill (NPC) : Man, I sure miss my keys.
[17:59:58] SAY: Shitty Bill (NPC) : What up Donald "Don" Glabs.
[17:59:59] ADMIN: Alien Drone 646 (Furry Chicken) opened the create_object panel
[18:00:07] ADMIN: Alien Drone 646 (Furry Chicken) created a /obj/item/xeno/facehugger
[18:00:34] SAY: Father Jack (NPC) : That would be an ecumenical matter.
[18:00:37] SAY: Shitty Bill (NPC) : Hey friendo, gimme yer cash.
[18:00:51] SAY: Shitty Bill (NPC) : I ever tell you 'bout what's really going on out here?
[18:01:05] SAY: Father Jack (NPC) : GIRLS!
[18:01:07] SAY: Shitty Bill (NPC) : The hell you lookin' at, spaceman?


Starting up. 19:03.59
---------------------

[19:04:04] ADMIN: Loading jobban_rank
[19:04:04] ADMIN: Jobban_keylist was empty
[19:04:04] ADMIN: Updating jobbanfile!
[19:04:04] ADMIN: Loading oocban_rank
[19:04:04] ADMIN: oocban_keylist was empty
[19:04:04] ADMIN: Updating jobbanfile!
ADMIN: furrychicken = Host
ADMIN: cherkir = Host
ADMIN: jasonvorheese = Primary Administrator
ADMIN: REDACTEDminimeatwadREDACTED = Primary Administrator
ADMIN: xenosandboxthesecond = Primary Administrator
ADMIN: exbod = Primary Administrator
ADMIN: zenek123 = Secondary Administrator
ADMIN: noobpwnt4lif3 = Coder
ADMIN: kimjuandong = Coder
ADMIN: adolf12 = Iconner
ADMIN: kamina321 = Moderator
[19:04:26] ACCESS: Login: Furry Chicken from 
[19:05:00] ADMIN: Furry Chicken [DEAD] has started the game.
[19:05:03] ACCESS: Login: Pavel Havel (Furry Chicken) from 
[19:05:31] ACCESS: Login: Furry Chicken from 
[19:06:47] SAY: Shitty Bill (NPC) : Man, I sure don't miss bein' the Head Surgeon.
[19:07:51] SAY: Shitty Bill (NPC) : Got any weed?


Starting up. 19:11.43
---------------------

[19:11:49] ADMIN: Loading jobban_rank
[19:11:49] ADMIN: Jobban_keylist was empty
[19:11:49] ADMIN: Updating jobbanfile!
[19:11:49] ADMIN: Loading oocban_rank
[19:11:49] ADMIN: oocban_keylist was empty
[19:11:49] ADMIN: Updating jobbanfile!
ADMIN: furrychicken = Host
ADMIN: cherkir = Host
ADMIN: jasonvorheese = Primary Administrator
ADMIN: REDACTEDminimeatwadREDACTED = Primary Administrator
ADMIN: xenosandboxthesecond = Primary Administrator
ADMIN: exbod = Primary Administrator
ADMIN: zenek123 = Secondary Administrator
ADMIN: noobpwnt4lif3 = Coder
ADMIN: kimjuandong = Coder
ADMIN: adolf12 = Iconner
ADMIN: kamina321 = Moderator
[19:12:10] ACCESS: Login: Furry Chicken from 
[19:12:36] ADMIN: Furry Chicken [DEAD] has started the game.
[19:12:37] ACCESS: Login: Pavel Havel (Furry Chicken) from 
[19:12:48] SAY: Father Jack (NPC) : FECK!
[19:12:49] SAY: Shitty Bill (NPC) : I ever tell you 'bout my grampa?
[19:14:09] ACCESS: Login: Furry Chicken from 
[19:14:37] ACCESS: Login: space bear (Furry Chicken) from 
[19:14:49] ACCESS: Login: Furry Chicken from 
[19:16:37] SAY: Shitty Bill (NPC) : Nice wheels, pal.
[19:17:15] SAY: Shitty Bill (NPC) : Hello Donald "Don" Glabs.
[19:17:34] SAY: Shitty Bill (NPC) : You a Russian?
[19:17:48] SAY: Father Jack (NPC) : DRINK!
[19:18:11] SAY: Shitty Bill (NPC) : I think my associates died in space.
[19:18:28] SAY: Shitty Bill (NPC) : I ever tell you 'bout that time I knocked out NanoTrasen's central network with a bunch of string?
[19:19:08] SAY: Shitty Bill (NPC) : The hell're you lookin' at, owl man?
[19:19:15] SAY: Shitty Bill (NPC) : You rap?
[19:19:36] SAY: Father Jack (NPC) : DRINK!
[19:19:55] SAY: Shitty Bill (NPC) : Got any Omega?
[19:20:45] SAY: Father Jack (NPC) : FECK!


Starting up. 19:30.41
---------------------

[19:30:47] ADMIN: Loading jobban_rank
[19:30:47] ADMIN: Jobban_keylist was empty
[19:30:47] ADMIN: Updating jobbanfile!
[19:30:47] ADMIN: Loading oocban_rank
[19:30:47] ADMIN: oocban_keylist was empty
[19:30:47] ADMIN: Updating jobbanfile!
ADMIN: furrychicken = Host
ADMIN: cherkir = Host
ADMIN: jasonvorheese = Primary Administrator
ADMIN: REDACTEDminimeatwadREDACTED = Primary Administrator
ADMIN: xenosandboxthesecond = Primary Administrator
ADMIN: exbod = Primary Administrator
ADMIN: zenek123 = Secondary Administrator
ADMIN: noobpwnt4lif3 = Coder
ADMIN: kimjuandong = Coder
ADMIN: adolf12 = Iconner
ADMIN: kamina321 = Moderator
[19:31:08] ACCESS: Login: Furry Chicken from 
[19:31:59] ADMIN: Furry Chicken [DEAD] has started the game.
[19:32:00] ACCESS: Login: Pavel Havel (Furry Chicken) from 
[19:32:51] SAY: Shitty Bill (NPC) : Got any stylane?
[19:33:54] SAY: Shitty Bill (NPC) : I think my homies left me here.
[19:34:03] ACCESS: Login: Furry Chicken from 
[19:34:57] SAY: Shitty Bill (NPC) : You a Synder?
[19:35:18] SAY: Shitty Bill (NPC) : Man, I sure miss my robuddies.
[19:36:22] SAY: Shitty Bill (NPC) : Got a light, brud?
[19:36:24] SAY: Shitty Bill (NPC) : I ever tell you 'bout that room full of statues?
[19:36:34] ADMIN: Alien Praetorian 891 (Furry Chicken) toggled respawn to On.
[19:36:41] ACCESS: Login: Alien Praetorian 891 (Furry Chicken) from 
[19:36:57] SAY: Shitty Bill (NPC) : You ride?
[19:37:20] SAY: Shitty Bill (NPC) : Nice pod, 'Traser.
[19:37:38] ACCESS: Login: Nnkok the Devourer (Furry Chicken) [DEAD] from 
[19:37:52] ACCESS: Login: Furry Chicken [TRAITOR] from 
[19:37:55] SAY: Shitty Bill (NPC) : Nice treads, beardo.
[19:38:05] SAY: Shitty Bill (NPC) : Got a light, buddy?
[19:38:12] SAY: Shitty Bill (NPC) : You a Synder?


Starting up. 19:47.13
---------------------

[19:47:18] ADMIN: Loading jobban_rank
[19:47:18] ADMIN: Jobban_keylist was empty
[19:47:18] ADMIN: Updating jobbanfile!
[19:47:18] ADMIN: Loading oocban_rank
[19:47:18] ADMIN: oocban_keylist was empty
[19:47:18] ADMIN: Updating jobbanfile!
ADMIN: furrychicken = Host
ADMIN: cherkir = Host
ADMIN: jasonvorheese = Primary Administrator
ADMIN: REDACTEDminimeatwadREDACTED = Primary Administrator
ADMIN: xenosandboxthesecond = Primary Administrator
ADMIN: exbod = Primary Administrator
ADMIN: zenek123 = Secondary Administrator
ADMIN: noobpwnt4lif3 = Coder
ADMIN: kimjuandong = Coder
ADMIN: adolf12 = Iconner
ADMIN: kamina321 = Moderator
[19:47:36] ACCESS: Login: Furry Chicken from 
[19:48:01] ADMIN: Furry Chicken [DEAD] has started the game.
[19:48:01] ACCESS: Login: Pavel Havel (Furry Chicken) from 
[19:48:34] SAY: Shitty Bill (NPC) : Got a light, flyboy?
[19:49:25] ADMIN: Gay Retard (Furry Chicken) modified Pavel Havel's real_name to Gay Retard


Starting up. 19:54.43
---------------------

[19:54:49] ADMIN: Loading jobban_rank
[19:54:49] ADMIN: Jobban_keylist was empty
[19:54:49] ADMIN: Updating jobbanfile!
[19:54:49] ADMIN: Loading oocban_rank
[19:54:49] ADMIN: oocban_keylist was empty
[19:54:49] ADMIN: Updating jobbanfile!
ADMIN: furrychicken = Host
ADMIN: cherkir = Host
ADMIN: jasonvorheese = Primary Administrator
ADMIN: REDACTEDminimeatwadREDACTED = Primary Administrator
ADMIN: xenosandboxthesecond = Primary Administrator
ADMIN: exbod = Primary Administrator
ADMIN: zenek123 = Secondary Administrator
ADMIN: noobpwnt4lif3 = Coder
ADMIN: kimjuandong = Coder
ADMIN: adolf12 = Iconner
ADMIN: kamina321 = Moderator
[19:55:07] ACCESS: Login: Furry Chicken from 
[19:55:34] ADMIN: Furry Chicken [DEAD] has started the game.
[19:55:35] ACCESS: Login: Pavel Havel (Furry Chicken) from 
[19:55:38] SAY: Shitty Bill (NPC) : Dag, it's Donald "Don" Glabs.
[19:57:44] ADMIN: idiot (Furry Chicken) modified Pavel Havel's real_name to idiot


Starting up. 20:03.30
---------------------

[20:03:35] ADMIN: Loading jobban_rank
[20:03:35] ADMIN: Jobban_keylist was empty
[20:03:35] ADMIN: Updating jobbanfile!
[20:03:35] ADMIN: Loading oocban_rank
[20:03:35] ADMIN: oocban_keylist was empty
[20:03:35] ADMIN: Updating jobbanfile!
ADMIN: furrychicken = Host
ADMIN: cherkir = Host
ADMIN: jasonvorheese = Primary Administrator
ADMIN: REDACTEDminimeatwadREDACTED = Primary Administrator
ADMIN: xenosandboxthesecond = Primary Administrator
ADMIN: exbod = Primary Administrator
ADMIN: zenek123 = Secondary Administrator
ADMIN: noobpwnt4lif3 = Coder
ADMIN: kimjuandong = Coder
ADMIN: adolf12 = Iconner
ADMIN: kamina321 = Moderator
[20:03:59] ACCESS: Login: Furry Chicken from 
[20:04:40] ADMIN: Furry Chicken [DEAD] has started the game.
[20:04:40] ACCESS: Login: Pavel Havel (Furry Chicken) from 
[20:05:38] ADMIN: tard (Furry Chicken) modified Pavel Havel's real_name to tard
[20:06:05] ADMIN: tard (Furry Chicken) modified wooden barricade's sawbuilt to /list
[20:06:26] ADMIN: tard (Furry Chicken) modified wooden barricade's scaled to /list
[20:07:35] ACCESS: Login: Furry Chicken from 
[20:08:01] ACCESS: Login: Furry Chicken from 
[20:08:03] SAY: Shitty Bill (NPC) : You fly?
