

Starting up. 07:44.06
---------------------

[07:44:11] ADMIN: Loading jobban_rank
[07:44:11] ADMIN: Jobban_keylist was empty
[07:44:11] ADMIN: Updating jobbanfile!
[07:44:11] ADMIN: Loading oocban_rank
[07:44:11] ADMIN: oocban_keylist was empty
[07:44:11] ADMIN: Updating jobbanfile!
ADMIN: furrychicken = Host
ADMIN: cherkir = Host
ADMIN: jasonvorheese = Primary Administrator
ADMIN: REDACTEDminimeatwadREDACTED = Primary Administrator
ADMIN: xenosandboxthesecond = Primary Administrator
ADMIN: exbod = Primary Administrator
ADMIN: zenek123 = Secondary Administrator
ADMIN: noobpwnt4lif3 = Coder
ADMIN: kimjuandong = Coder
ADMIN: adolf12 = Iconner
ADMIN: kamina321 = Moderator
[07:44:29] ACCESS: Login: Dragonflamesrest from 24.101.146.251
[08:09:33] ACCESS: Login: Swazzy from 78.84.128.67
[09:41:59] ACCESS: Login: Dragonflamesrest [DEAD] from 24.101.146.251


Starting up. 09:44.18
---------------------

[09:44:22] ADMIN: Loading jobban_rank
[09:44:22] ADMIN: Jobban_keylist was empty
[09:44:22] ADMIN: Updating jobbanfile!
[09:44:22] ADMIN: Loading oocban_rank
[09:44:22] ADMIN: oocban_keylist was empty
[09:44:22] ADMIN: Updating jobbanfile!
ADMIN: furrychicken = Host
ADMIN: cherkir = Host
ADMIN: jasonvorheese = Primary Administrator
ADMIN: REDACTEDminimeatwadREDACTED = Primary Administrator
ADMIN: xenosandboxthesecond = Primary Administrator
ADMIN: exbod = Primary Administrator
ADMIN: zenek123 = Secondary Administrator
ADMIN: noobpwnt4lif3 = Coder
ADMIN: kimjuandong = Coder
ADMIN: adolf12 = Iconner
ADMIN: kamina321 = Moderator
[09:44:38] ACCESS: Login: Dragonflamesrest from 24.101.146.251
[09:48:04] ACCESS: Login: Russell Lord (Dragonflamesrest) from 24.101.146.251
[09:48:14] SAY: Shitty Bill (NPC) : Got any jenkem?
[09:50:33] SAY: Shitty Bill (NPC) : You wrassle?
[09:50:35] SAY: Shitty Bill (NPC) : You roll?
[09:50:47] SAY: Shitty Bill (NPC) : Hey chump, gimme yer dosh.
[09:50:56] SAY: Shitty Bill (NPC) : I think my crew took off.
[09:51:10] SAY: Shitty Bill (NPC) : You a miner?
[09:52:36] SAY: Father Jack (NPC) : DRINK!
[09:52:51] ADMIN: Russell Lord (Dragonflamesrest) used adminwho and saw 0 admins.
[09:53:47] SAY: Shitty Bill (NPC) : Whatcha you lookin' at, bro?
[09:54:02] SAY: Shitty Bill (NPC) : I think my bruds forgot about me.
[09:55:38] SAY: Shitty Bill (NPC) : I ever tell you 'bout that room full of statues?
[09:57:04] SAY: Shitty Bill (NPC) : You a changer?
[09:57:55] SAY: Father Jack (NPC) : DRINK!
[10:00:30] SAY: Shitty Bill (NPC) : Nice threads, doofus.
[10:01:21] SAY: Father Jack (NPC) : That would be an ecumenical matter.
[10:01:38] SAY: Shitty Bill (NPC) : Got any crank?
[10:04:40] SAY: Father Jack (NPC) : GIRLS!
[10:05:39] SAY: Father Jack (NPC) : FECK!
[10:07:21] SAY: Shitty Bill (NPC) : You rap?
[10:08:05] SAY: Shitty Bill (NPC) : I think my pals got eaten.
[10:09:05] SAY: Shitty Bill (NPC) : Got a light, dweeb?
[10:11:08] SAY: Shitty Bill (NPC) : Got any lepo?
[10:11:28] SAY: Shitty Bill (NPC) : I think my homebros got eaten.
[10:11:39] SAY: Father Jack (NPC) : ARSE!
[10:11:48] SAY: Shitty Bill (NPC) : Oh damn, they got Donald "Don" Glabs...
[10:11:53] SAY: Shitty Bill (NPC) : That's street life for ya Donald "Don" Glabs...
[10:12:02] SAY: Shitty Bill (NPC) : Oh damn, they got Donald "Don" Glabs...
[10:12:40] SAY: Shitty Bill (NPC) : That's street life for ya Donald "Don" Glabs...
[10:13:49] SAY: Shitty Bill (NPC) : Oh damn, they got Donald "Don" Glabs...


Starting up. 10:20.45
---------------------

[10:20:49] ADMIN: Loading jobban_rank
[10:20:49] ADMIN: Jobban_keylist was empty
[10:20:49] ADMIN: Updating jobbanfile!
[10:20:49] ADMIN: Loading oocban_rank
[10:20:49] ADMIN: oocban_keylist was empty
[10:20:49] ADMIN: Updating jobbanfile!
ADMIN: furrychicken = Host
ADMIN: cherkir = Host
ADMIN: jasonvorheese = Primary Administrator
ADMIN: REDACTEDminimeatwadREDACTED = Primary Administrator
ADMIN: xenosandboxthesecond = Primary Administrator
ADMIN: exbod = Primary Administrator
ADMIN: zenek123 = Secondary Administrator
ADMIN: noobpwnt4lif3 = Coder
ADMIN: kimjuandong = Coder
ADMIN: adolf12 = Iconner
ADMIN: kamina321 = Moderator
[10:21:05] ACCESS: Login: Dragonflamesrest from 24.101.146.251
[10:23:14] ACCESS: Login: Dragonflamesrest from 24.101.146.251
[10:24:32] ACCESS: Login: Russell Lord (Dragonflamesrest) from 24.101.146.251
[10:28:05] SAY: Shitty Bill (NPC) : Hey friendo, gimme yer patch.
[10:28:22] SAY: Shitty Bill (NPC) : Got any Omega?
[10:30:00] SAY: Father Jack (NPC) : FECK!
[10:30:28] SAY: Shitty Bill (NPC) : Nice karma, Colonel.
[10:30:32] SAY: Shitty Bill (NPC) : You drink?
[10:32:41] SAY: Shitty Bill (NPC) : Man, I sure don't miss bein' an NT.
[10:33:42] SAY: Father Jack (NPC) : GIRLS!
[10:34:30] SAY: Shitty Bill (NPC) : Hey pal, gimme yer dosh.
[10:35:15] SAY: Shitty Bill (NPC) : Man, I sure miss my wife.
[10:36:01] SAY: Father Jack (NPC) : ARSE!
[10:36:20] SAY: Shitty Bill (NPC) : Nice name, dingus.
[10:36:30] SAY: Shitty Bill (NPC) : Got any smuds?
[10:36:58] SAY: Father Jack (NPC) : DRINK!
[10:37:07] SAY: Shitty Bill (NPC) : You jam?
[10:38:19] SAY: Father Jack (NPC) : DRINK!
[10:38:27] SAY: Russell Lord (Dragonflamesrest) : *fart
[10:38:28] SAY: Russell Lord (Dragonflamesrest) : *fart
[10:38:28] SAY: Russell Lord (Dragonflamesrest) : *fart
[10:38:29] SAY: Russell Lord (Dragonflamesrest) : *flip
[10:38:30] SAY: Russell Lord (Dragonflamesrest) : *flip
[10:38:30] SAY: Russell Lord (Dragonflamesrest) : *flip
[10:38:30] SAY: Russell Lord (Dragonflamesrest) : *fart
[10:38:31] SAY: Russell Lord (Dragonflamesrest) : *fart
[10:38:31] SAY: Russell Lord (Dragonflamesrest) : *fart
[10:38:31] SAY: Russell Lord (Dragonflamesrest) : *fart
[10:38:31] SAY: Russell Lord (Dragonflamesrest) : *fart
[10:38:33] SAY: Russell Lord (Dragonflamesrest) : *fart
[10:38:33] SAY: Russell Lord (Dragonflamesrest) : *fart
[10:38:33] SAY: Russell Lord (Dragonflamesrest) : *fart
[10:38:33] SAY: Russell Lord (Dragonflamesrest) : *fart
[10:38:34] SAY: Russell Lord (Dragonflamesrest) : *fart
[10:38:34] SAY: Russell Lord (Dragonflamesrest) : *fart
[10:38:34] SAY: Russell Lord (Dragonflamesrest) : *fart
[10:38:34] SAY: Russell Lord (Dragonflamesrest) : *fart
[10:38:35] SAY: Russell Lord (Dragonflamesrest) : *fart
[10:38:35] SAY: Russell Lord (Dragonflamesrest) : *fart
[10:38:35] SAY: Russell Lord (Dragonflamesrest) : *fart
[10:38:36] SAY: Russell Lord (Dragonflamesrest) : *fart
[10:38:36] SAY: Russell Lord (Dragonflamesrest) : *fart
[10:38:36] SAY: Russell Lord (Dragonflamesrest) : *fart
[10:38:36] SAY: Russell Lord (Dragonflamesrest) : *fart
[10:38:37] SAY: Russell Lord (Dragonflamesrest) : *fart
[10:38:37] SAY: Russell Lord (Dragonflamesrest) : *fart
[10:38:37] SAY: Russell Lord (Dragonflamesrest) : *fart
[10:38:37] SAY: Russell Lord (Dragonflamesrest) : *fart
[10:38:38] SAY: Russell Lord (Dragonflamesrest) : *fart
[10:38:38] SAY: Russell Lord (Dragonflamesrest) : *fart
[10:38:38] SAY: Russell Lord (Dragonflamesrest) : *fart
[10:38:39] SAY: Russell Lord (Dragonflamesrest) : *fart
[10:38:39] SAY: Russell Lord (Dragonflamesrest) : *fart
[10:38:39] SAY: Russell Lord (Dragonflamesrest) : *fart
[10:38:39] SAY: Russell Lord (Dragonflamesrest) : *fart
[10:38:40] SAY: Russell Lord (Dragonflamesrest) : *fart
[10:38:40] SAY: Russell Lord (Dragonflamesrest) : *fart
[10:38:40] SAY: Russell Lord (Dragonflamesrest) : *fart
[10:38:40] SAY: Russell Lord (Dragonflamesrest) : *fart
[10:38:41] SAY: Russell Lord (Dragonflamesrest) : *fart
[10:38:41] SAY: Russell Lord (Dragonflamesrest) : *fart
[10:38:41] SAY: Russell Lord (Dragonflamesrest) : *fart
[10:38:41] SAY: Russell Lord (Dragonflamesrest) : *fart
[10:38:41] SAY: Russell Lord (Dragonflamesrest) : *fart
[10:38:42] SAY: Russell Lord (Dragonflamesrest) : *fart
[10:38:42] SAY: Russell Lord (Dragonflamesrest) : *fart
[10:38:42] SAY: Russell Lord (Dragonflamesrest) : *fart
[10:38:43] SAY: Russell Lord (Dragonflamesrest) : *fart
[10:38:43] SAY: Russell Lord (Dragonflamesrest) : *fart
[10:38:43] SAY: Russell Lord (Dragonflamesrest) : *fart
[10:38:43] SAY: Russell Lord (Dragonflamesrest) : *fart
[10:38:44] SAY: Russell Lord (Dragonflamesrest) : *fart
[10:38:44] SAY: Russell Lord (Dragonflamesrest) : *fart
[10:38:44] SAY: Russell Lord (Dragonflamesrest) : *fart
[10:38:44] SAY: Russell Lord (Dragonflamesrest) : *fart
[10:38:44] SAY: Russell Lord (Dragonflamesrest) : *fart
[10:38:45] SAY: Russell Lord (Dragonflamesrest) : *fart
[10:38:45] SAY: Russell Lord (Dragonflamesrest) : *fart
[10:38:45] SAY: Russell Lord (Dragonflamesrest) : *fart
[10:38:45] SAY: Russell Lord (Dragonflamesrest) : *fart
[10:38:46] SAY: Russell Lord (Dragonflamesrest) : *fart
[10:38:46] SAY: Russell Lord (Dragonflamesrest) : *fart
[10:38:46] SAY: Russell Lord (Dragonflamesrest) : *fart
[10:38:46] SAY: Russell Lord (Dragonflamesrest) : *fart
[10:38:47] SAY: Russell Lord (Dragonflamesrest) : *fart
[10:38:47] SAY: Russell Lord (Dragonflamesrest) : *fart
[10:38:47] SAY: Russell Lord (Dragonflamesrest) : *fart
[10:38:47] SAY: Russell Lord (Dragonflamesrest) : *fart
[10:38:48] SAY: Russell Lord (Dragonflamesrest) : *fart
[10:38:48] SAY: Russell Lord (Dragonflamesrest) : *fart
[10:38:48] SAY: Russell Lord (Dragonflamesrest) : *fart
[10:38:48] SAY: Russell Lord (Dragonflamesrest) : *fart
[10:38:48] SAY: Russell Lord (Dragonflamesrest) : *fart
[10:38:49] SAY: Russell Lord (Dragonflamesrest) : *fart
[10:38:49] SAY: Russell Lord (Dragonflamesrest) : *fart
[10:38:49] SAY: Russell Lord (Dragonflamesrest) : *fart
[10:38:49] SAY: Russell Lord (Dragonflamesrest) : *fart
[10:38:49] SAY: Russell Lord (Dragonflamesrest) : *fart
[10:38:50] SAY: Russell Lord (Dragonflamesrest) : *fart
[10:38:50] SAY: Russell Lord (Dragonflamesrest) : *fart
[10:38:50] SAY: Russell Lord (Dragonflamesrest) : *fart
[10:39:22] SAY: Father Jack (NPC) : FECK!
[10:40:00] SAY: Shitty Bill (NPC) : Nice karma, clown.
[10:40:10] SAY: Shitty Bill (NPC) : I ever tell you 'bout my old buddy David?
[10:40:12] SAY: Shitty Bill (NPC) : The hell're you lookin' at, bro?
[10:40:43] SAY: Father Jack (NPC) : That would be an ecumenical matter.
[10:41:06] SAY: Shitty Bill (NPC) : You a narc?
[10:42:10] SAY: Father Jack (NPC) : GIRLS!
[10:42:12] SAY: Shitty Bill (NPC) : You sting?
[10:42:45] SAY: Shitty Bill (NPC) : Got any pips?
[10:42:57] SAY: Shitty Bill (NPC) : You a robot?
[10:44:26] SAY: Shitty Bill (NPC) : Yo, gimme yer jet.
[10:45:29] SAY: Shitty Bill (NPC) : Yo, gimme yer bees.
[10:45:41] SAY: Shitty Bill (NPC) : Hey, gimme yer jet.
[10:48:53] SAY: Shitty Bill (NPC) : Dag, it's Donald "Don" Glabs.
[10:49:22] SAY: Shitty Bill (NPC) : Hey friendo, gimme yer keys.
[10:49:24] SAY: Shitty Bill (NPC) : Got any blotters?
[10:49:29] SAY: Shitty Bill (NPC) : Nice podd, kid.
[10:49:48] SAY: Shitty Bill (NPC) : Dang, it's Donald "Don" Glabs.
[10:50:02] SAY: Shitty Bill (NPC) : Pour one out for Donald "Don" Glabs...
[10:50:37] SAY: Shitty Bill (NPC) : Blaze one up for Donald "Don" Glabs...
[10:50:51] SAY: Shitty Bill (NPC) : Well shit, they iced Donald "Don" Glabs...
[10:53:12] SAY: Father Jack (NPC) : That would be an ecumenical matter.
[10:54:14] SAY: Shitty Bill (NPC) : Pour one out for Donald "Don" Glabs...


Starting up. 10:57.12
---------------------

[10:57:17] ADMIN: Loading jobban_rank
[10:57:17] ADMIN: Jobban_keylist was empty
[10:57:17] ADMIN: Updating jobbanfile!
[10:57:17] ADMIN: Loading oocban_rank
[10:57:17] ADMIN: oocban_keylist was empty
[10:57:17] ADMIN: Updating jobbanfile!
ADMIN: furrychicken = Host
ADMIN: cherkir = Host
ADMIN: jasonvorheese = Primary Administrator
ADMIN: REDACTEDminimeatwadREDACTED = Primary Administrator
ADMIN: xenosandboxthesecond = Primary Administrator
ADMIN: exbod = Primary Administrator
ADMIN: zenek123 = Secondary Administrator
ADMIN: noobpwnt4lif3 = Coder
ADMIN: kimjuandong = Coder
ADMIN: adolf12 = Iconner
ADMIN: kamina321 = Moderator
[10:58:18] ACCESS: Login: Dragonflamesrest from 24.101.146.251
[11:01:13] ACCESS: Login: Russell Lord (Dragonflamesrest) from 24.101.146.251
[11:03:18] SAY: Shitty Bill (NPC) : The hell you lookin' at, doofus?
[11:04:09] SAY: Shitty Bill (NPC) : You drink?
[11:04:32] SAY: Father Jack (NPC) : That would be an ecumenical matter.
[11:05:05] SAY: Shitty Bill (NPC) : Nice treads, idiot.
[11:05:15] SAY: Russell Lord (Dragonflamesrest) : ugh]
[11:07:10] SAY: Shitty Bill (NPC) : I think my bros stole my cat.
[11:07:42] SAY: Shitty Bill (NPC) : Yo, gimme yer bees.
[11:08:21] SAY: Shitty Bill (NPC) : How's it goin' Donald "Don" Glabs.
[11:08:26] SAY: Father Jack (NPC) : That would be an ecumenical matter.
[11:09:22] SAY: Shitty Bill (NPC) : Man, I sure miss Sirius.
[11:10:02] SAY: Shitty Bill (NPC) : Got any Cosmos?
[11:11:19] SAY: Shitty Bill (NPC) : Nice wheels, pal.
[11:11:28] SAY: Shitty Bill (NPC) : I ever tell you 'bout that room full of statues?
[11:14:03] SAY: Shitty Bill (NPC) : I think my bros took off.
[11:14:37] SAY: Shitty Bill (NPC) : Yo, gimme yer cats.
[11:16:08] SAY: Shitty Bill (NPC) : You a beardo?
[11:16:22] SAY: Shitty Bill (NPC) : You a dracula?
[11:17:16] SAY: Shitty Bill (NPC) : Nice hog, dork.
[11:17:27] SAY: Shitty Bill (NPC) : You wrassle?
[11:17:27] SAY: Father Jack (NPC) : That would be an ecumenical matter.
[11:17:36] SAY: Shitty Bill (NPC) : Got a light, owl man?
[11:18:51] SAY: Shitty Bill (NPC) : What the hell are you lookin' at, friend?
[11:19:06] SAY: Shitty Bill (NPC) : Got a light, clown?
[11:21:30] SAY: Shitty Bill (NPC) : You a beardo?
[11:21:53] SAY: Father Jack (NPC) : ARSE!
[11:22:20] SAY: Shitty Bill (NPC) : You a miner?
[11:22:52] SAY: Shitty Bill (NPC) : Got a light, astronaut?
[11:22:55] SAY: Shitty Bill (NPC) : I think my crew forgot about me.
[11:23:09] SAY: Shitty Bill (NPC) : Yo Father Jack.
[11:23:58] SAY: Shitty Bill (NPC) : Hello Father Jack.
[11:24:03] SAY: Shitty Bill (NPC) : I think my homies got lost on the way here.
[11:24:06] SAY: Shitty Bill (NPC) : You a narc?
[11:24:10] SAY: Shitty Bill (NPC) : Nice pod, bucko.
[11:24:33] SAY: Shitty Bill (NPC) : I ever tell you 'bout that time I was in an all-saxophone band?
[11:25:09] SAY: Shitty Bill (NPC) : You a robot?
[11:25:44] SAY: Shitty Bill (NPC) : You a Russian?
[11:26:47] SAY: Shitty Bill (NPC) : Man, I sure don't miss that round station.
[11:27:04] SAY: Shitty Bill (NPC) : Hey brud, gimme yer patch.
[11:27:11] SAY: Father Jack (NPC) : That would be an ecumenical matter.
[11:27:34] SAY: Shitty Bill (NPC) : Got a light, bucko?
[11:28:07] SAY: Shitty Bill (NPC) : That's street life for ya Donald "Don" Glabs...
[11:29:23] SAY: Shitty Bill (NPC) : That's street life for ya Donald "Don" Glabs...
[11:30:15] SAY: Shitty Bill (NPC) : Pour one out for Donald "Don" Glabs...
[11:31:09] SAY: Shitty Bill (NPC) : Pour one out for Donald "Don" Glabs...
[11:31:22] SAY: Russell Lord (Dragonflamesrest) : *piss


Starting up. 11:33.55
---------------------

[11:34:01] ADMIN: Loading jobban_rank
[11:34:01] ADMIN: Jobban_keylist was empty
[11:34:01] ADMIN: Updating jobbanfile!
[11:34:01] ADMIN: Loading oocban_rank
[11:34:01] ADMIN: oocban_keylist was empty
[11:34:01] ADMIN: Updating jobbanfile!
ADMIN: furrychicken = Host
ADMIN: cherkir = Host
ADMIN: jasonvorheese = Primary Administrator
ADMIN: REDACTEDminimeatwadREDACTED = Primary Administrator
ADMIN: xenosandboxthesecond = Primary Administrator
ADMIN: exbod = Primary Administrator
ADMIN: zenek123 = Secondary Administrator
ADMIN: noobpwnt4lif3 = Coder
ADMIN: kimjuandong = Coder
ADMIN: adolf12 = Iconner
ADMIN: kamina321 = Moderator
[11:34:15] ACCESS: Login: Dragonflamesrest from 24.101.146.251
[11:37:47] ACCESS: Login: Russell Lord (Dragonflamesrest) from 24.101.146.251
[11:37:51] SAY: Shitty Bill (NPC) : Nice burner, Colonel.
[11:38:46] SAY: Shitty Bill (NPC) : Man, I sure don't miss bein' an atmos tech.
[11:39:35] SAY: Father Jack (NPC) : DRINK!
[11:39:38] SAY: Shitty Bill (NPC) : You a narc?
[11:40:10] SAY: Shitty Bill (NPC) : You a nerd?
[11:40:12] SAY: Shitty Bill (NPC) : Nice burner, bud.
[11:40:29] SAY: Father Jack (NPC) : GIRLS!
[11:40:51] SAY: Shitty Bill (NPC) : I think my pals stole my key.
[11:41:03] SAY: Shitty Bill (NPC) : Man, I sure miss the Cloud.
[11:41:27] SAY: Shitty Bill (NPC) : Man, I sure miss bein' an NT.
[11:46:02] SAY: Shitty Bill (NPC) : You drink?


Starting up. 11:48.25
---------------------

[11:48:30] ADMIN: Loading jobban_rank
[11:48:30] ADMIN: Jobban_keylist was empty
[11:48:30] ADMIN: Updating jobbanfile!
[11:48:30] ADMIN: Loading oocban_rank
[11:48:30] ADMIN: oocban_keylist was empty
[11:48:30] ADMIN: Updating jobbanfile!
ADMIN: furrychicken = Host
ADMIN: cherkir = Host
ADMIN: jasonvorheese = Primary Administrator
ADMIN: REDACTEDminimeatwadREDACTED = Primary Administrator
ADMIN: xenosandboxthesecond = Primary Administrator
ADMIN: exbod = Primary Administrator
ADMIN: zenek123 = Secondary Administrator
ADMIN: noobpwnt4lif3 = Coder
ADMIN: kimjuandong = Coder
ADMIN: adolf12 = Iconner
ADMIN: kamina321 = Moderator
[11:52:21] SAY: Shitty Bill (NPC) : You a wizman?
[11:52:36] SAY: Shitty Bill (NPC) : Got a light, kid?


Starting up. 11:55.28
---------------------

[11:55:33] ADMIN: Loading jobban_rank
[11:55:33] ADMIN: Jobban_keylist was empty
[11:55:33] ADMIN: Updating jobbanfile!
[11:55:33] ADMIN: Loading oocban_rank
[11:55:33] ADMIN: oocban_keylist was empty
[11:55:33] ADMIN: Updating jobbanfile!
ADMIN: furrychicken = Host
ADMIN: cherkir = Host
ADMIN: jasonvorheese = Primary Administrator
ADMIN: REDACTEDminimeatwadREDACTED = Primary Administrator
ADMIN: xenosandboxthesecond = Primary Administrator
ADMIN: exbod = Primary Administrator
ADMIN: zenek123 = Secondary Administrator
ADMIN: noobpwnt4lif3 = Coder
ADMIN: kimjuandong = Coder
ADMIN: adolf12 = Iconner
ADMIN: kamina321 = Moderator


Starting up. 12:02.25
---------------------

[12:02:30] ADMIN: Loading jobban_rank
[12:02:30] ADMIN: Jobban_keylist was empty
[12:02:30] ADMIN: Updating jobbanfile!
[12:02:30] ADMIN: Loading oocban_rank
[12:02:30] ADMIN: oocban_keylist was empty
[12:02:30] ADMIN: Updating jobbanfile!
ADMIN: furrychicken = Host
ADMIN: cherkir = Host
ADMIN: jasonvorheese = Primary Administrator
ADMIN: REDACTEDminimeatwadREDACTED = Primary Administrator
ADMIN: xenosandboxthesecond = Primary Administrator
ADMIN: exbod = Primary Administrator
ADMIN: zenek123 = Secondary Administrator
ADMIN: noobpwnt4lif3 = Coder
ADMIN: kimjuandong = Coder
ADMIN: adolf12 = Iconner
ADMIN: kamina321 = Moderator


Starting up. 12:09.23
---------------------

[12:09:28] ADMIN: Loading jobban_rank
[12:09:28] ADMIN: Jobban_keylist was empty
[12:09:28] ADMIN: Updating jobbanfile!
[12:09:28] ADMIN: Loading oocban_rank
[12:09:28] ADMIN: oocban_keylist was empty
[12:09:28] ADMIN: Updating jobbanfile!
ADMIN: furrychicken = Host
ADMIN: cherkir = Host
ADMIN: jasonvorheese = Primary Administrator
ADMIN: REDACTEDminimeatwadREDACTED = Primary Administrator
ADMIN: xenosandboxthesecond = Primary Administrator
ADMIN: exbod = Primary Administrator
ADMIN: zenek123 = Secondary Administrator
ADMIN: noobpwnt4lif3 = Coder
ADMIN: kimjuandong = Coder
ADMIN: adolf12 = Iconner
ADMIN: kamina321 = Moderator
[12:13:31] SAY: Father Jack (NPC) : ARSE!


Starting up. 12:16.25
---------------------

[12:16:31] ADMIN: Loading jobban_rank
[12:16:31] ADMIN: Jobban_keylist was empty
[12:16:31] ADMIN: Updating jobbanfile!
[12:16:31] ADMIN: Loading oocban_rank
[12:16:31] ADMIN: oocban_keylist was empty
[12:16:31] ADMIN: Updating jobbanfile!
ADMIN: furrychicken = Host
ADMIN: cherkir = Host
ADMIN: jasonvorheese = Primary Administrator
ADMIN: REDACTEDminimeatwadREDACTED = Primary Administrator
ADMIN: xenosandboxthesecond = Primary Administrator
ADMIN: exbod = Primary Administrator
ADMIN: zenek123 = Secondary Administrator
ADMIN: noobpwnt4lif3 = Coder
ADMIN: kimjuandong = Coder
ADMIN: adolf12 = Iconner
ADMIN: kamina321 = Moderator
[12:16:52] ACCESS: Login: Gabrielst7 from 200.222.243.33
[12:36:51] ACCESS: Login: Dragonflamesrest from 24.101.146.251
[12:38:24] ACCESS: Login: Russell Lord (Dragonflamesrest) from 24.101.146.251
[12:39:11] SAY: Father Jack (NPC) : DRINK!
[12:39:40] SAY: Father Jack (NPC) : GIRLS!
[12:40:30] SAY: Shitty Bill (NPC) : You a nerd?
[12:40:46] SAY: Shitty Bill (NPC) : Nice burner, doofus.
[12:40:51] SAY: Shitty Bill (NPC) : Hello Donald "Don" Glabs.
[12:41:22] SAY: Father Jack (NPC) : GIRLS!
[12:42:48] SAY: Shitty Bill (NPC) : You dance?
[12:44:09] SAY: Shitty Bill (NPC) : Got a light, weirdo?
[12:44:38] ACCESS: Login: SneakyProgrammer [DEAD] from 69.155.104.60
[12:45:45] SAY: Shitty Bill (NPC) : Hey dweeb, gimme yer cats.
[12:45:54] SAY: Shitty Bill (NPC) : Got a light, flyboy?
[12:46:33] ACCESS: Login: Hunter Gronko (SneakyProgrammer) from 69.155.104.60
[12:46:49] SAY: Shitty Bill (NPC) : You a narc?
[12:47:22] SAY: Shitty Bill (NPC) : Nice name, brud.
[12:47:59] SAY: Shitty Bill (NPC) : I ever tell you 'bout the time I found an alien thing that got you high?
[12:48:52] SAY: Shitty Bill (NPC) : Man, I sure miss Murray.
[12:49:11] SAY: Shitty Bill (NPC) : What're you lookin' at, dweeb?
[12:49:54] SAY: Shitty Bill (NPC) : What're you lookin' at, chump?
[12:50:08] SAY: Shitty Bill (NPC) : I ever tell you 'bout the time I got paid to whack someone on that dinosaur station?
[12:50:29] SAY: Shitty Bill (NPC) : Dag, it's Donald "Don" Glabs.
[12:50:34] SAY: Shitty Bill (NPC) : You roll?
[12:50:55] SAY: Shitty Bill (NPC) : Got a light, dude?
[12:50:55] SAY: Father Jack (NPC) : FECK!
[12:52:18] SAY: Hunter Gronko (SneakyProgrammer) : ; Hello?
[12:54:36] SAY: Shitty Bill (NPC) : You drink?
[12:55:15] SAY: Shitty Bill (NPC) : Hey pal, gimme yer patch.
[12:56:11] SAY: Shitty Bill (NPC) : Got any Dan's?
[12:58:37] SAY: Father Jack (NPC) : DRINK!
[12:58:47] ACCESS: Login: Xenosandbox the Second [DEAD] from 98.200.200.133
[12:59:23] ACCESS: Login: Xenosandbox the Second [DEAD] from 98.200.200.133
[12:59:25] ACCESS: Login: Sageofaether12 [DEAD] from 71.30.132.162
[12:59:36] SAY: Father Jack (NPC) : FECK!
[12:59:59] ADMIN: Twig (Xenosandbox the Second) [DEAD] respawned themselves.
[12:59:59] ACCESS: Login: Xenosandbox the Second [DEAD] from 98.200.200.133
[12:59:59] ACCESS: Login: Xenosandbox the Second [DEAD] from 98.200.200.133
[13:00:39] ACCESS: Login: Eric Cook (Sageofaether12) from 71.30.132.162
[13:00:49] SAY: Shitty Bill (NPC) : You dance?
[13:01:04] SAY: Father Jack (NPC) : FECK!
[13:01:20] ACCESS: Login: Helgraf [DEAD] from 50.133.203.25
[13:02:35] SAY: Shitty Bill (NPC) : You grustle?
[13:02:44] ACCESS: Login: Furry Chicken [DEAD] from 50.133.2.25
[13:02:50] OOC: Furry Chicken [DEAD] : hey guys
[13:02:54] SAY: Shitty Bill (NPC) : You a Russian?
[13:03:21] OOC: Russell Lord (Dragonflamesrest) : hello theres no alien
[13:03:33] SAY: Shitty Bill (NPC) : Man, I sure don't miss your dad.
[13:03:33] OOC: Xenosandbox the Second [DEAD] : Yes there is
[13:03:41] OOC: Russell Lord (Dragonflamesrest) : huh
[13:03:41] ADMIN: Xenosandbox the Second [DEAD] ASAY: Im goin in as a warrior
[13:03:45] ACCESS: Login: Xenosandbox the Second [DEAD] from 98.200.200.133
[13:03:59] ADMIN: Furry Chicken [DEAD] ASAY: ok
[13:04:03] SAY: Shitty Bill (NPC) : Got any hyro?
[13:04:07] ACCESS: Login: Xenosandbox the Second from 98.200.200.133
[13:05:10] SAY: Alien Warrior 674 (Xenosandbox the Second) : *roar
[13:05:17] SAY: Russell Lord (Dragonflamesrest) : FUCK THAT
[13:05:36] SAY: Father Jack (NPC) : ARSE!
[13:05:38] SAY: Russell Lord (Dragonflamesrest) : welp some guy is dead
[13:05:48] SAY: Alien Warrior 674 (Xenosandbox the Second) : *fart
[13:05:48] SAY: Alien Warrior 674 (Xenosandbox the Second) : *flip
[13:05:51] SAY: Alien Warrior 674 (Xenosandbox the Second) : *roar
[13:06:00] SAY: Alien Warrior 674 (Xenosandbox the Second) :  hello
[13:06:47] SAY: Alien Warrior 674 (Xenosandbox the Second) : *screan
[13:06:51] SAY: Alien Warrior 674 (Xenosandbox the Second) : *scream
[13:06:53] SAY: Alien Warrior 674 (Xenosandbox the Second) : *roar
[13:07:44] SAY: Russell Lord (Dragonflamesrest) : *fart
[13:09:38] SAY: Alien Warrior 674 (Xenosandbox the Second) : *roar
[13:09:51] SAY: Russell Lord (Dragonflamesrest) : fuck
[13:10:33] OOC: Alien Warrior 674 (Xenosandbox the Second) : Now its over


Starting up. 13:12.58
---------------------

[13:13:04] ADMIN: Loading jobban_rank
[13:13:04] ADMIN: Jobban_keylist was empty
[13:13:04] ADMIN: Updating jobbanfile!
[13:13:04] ADMIN: Loading oocban_rank
[13:13:04] ADMIN: oocban_keylist was empty
[13:13:04] ADMIN: Updating jobbanfile!
ADMIN: furrychicken = Host
ADMIN: cherkir = Host
ADMIN: jasonvorheese = Primary Administrator
ADMIN: REDACTEDminimeatwadREDACTED = Primary Administrator
ADMIN: xenosandboxthesecond = Primary Administrator
ADMIN: exbod = Primary Administrator
ADMIN: zenek123 = Secondary Administrator
ADMIN: noobpwnt4lif3 = Coder
ADMIN: kimjuandong = Coder
ADMIN: adolf12 = Iconner
ADMIN: kamina321 = Moderator
[13:13:24] ACCESS: Login: Dragonflamesrest from 24.101.146.251
[13:13:24] ACCESS: Login: Sageofaether12 from 71.30.132.162
[13:13:24] ACCESS: Login: Furry Chicken from 50.133.2.25
[13:13:24] ACCESS: Login: Xenosandbox the Second from 98.200.200.133
[13:13:59] ACCESS: Login: Andrewserafini from 68.193.187.51
[13:14:10] ACCESS: Login: Andrewserafini from 68.193.187.51
[13:14:39] ACCESS: Login: Andrewserafini from 68.193.187.51
[13:14:58] ACCESS: Login: Andrewserafini from 68.193.187.51
[13:15:15] ACCESS: Login: Andrewserafini from 68.193.187.51
[13:16:07] ACCESS: Login: Andrewserafini from 68.193.187.51
[13:16:24] ACCESS: Login: Andrewserafini from 68.193.187.51
[13:16:33] ACCESS: Login: Andrewserafini from 68.193.187.51
[13:16:48] ACCESS: Login: Andrewserafini from 68.193.187.51
[13:16:55] ACCESS: Login: Russell Lord (Dragonflamesrest) from 24.101.146.251
[13:16:55] ACCESS: Login: Johnathan Jenkins (Sageofaether12) from 71.30.132.162
[13:16:58] ADMIN: Xenosandbox the Second [DEAD] ASAY: Cant we like delete the changelog and have it on discord so we dont have the issue here
[13:17:04] SAY: Shitty Bill (NPC) : Man, I sure don't miss the war.
[13:17:05] ACCESS: Login: Twig (Xenosandbox the Second) from 98.200.200.133
[13:17:07] SAY: Shitty Bill (NPC) : Nice threads, buddy.
[13:17:30] SAY: Shitty Bill (NPC) : Got any Synapse?
[13:18:27] ACCESS: Login: skeleton (Andrewserafini) from 68.193.187.51
[13:18:36] SAY: Twig (Xenosandbox the Second) : SPOOKY
[13:18:37] SAY: Twig (Xenosandbox the Second) : SCARRY
[13:18:39] SAY: Twig (Xenosandbox the Second) : SKELETONS
[13:18:52] ADMIN: Twig (Xenosandbox the Second) teleported Johnathan Jenkins (Sageofaether12) (<a href='?src=%admin_ref%;action=jumptocoords;target=191,103,1' title='Jump to Coords'>191,103,1</a> in Warehouse #3)
[13:19:04] SAY: Shitty Bill (NPC) : The hell you lookin' at, 'Traser?
[13:19:19] SAY: Shitty Bill (NPC) : Nice name, dingus.
[13:19:35] SAY: Shitty Bill (NPC) : Hey pal, gimme yer patch.
[13:20:16] ADMIN: Twig (Xenosandbox the Second) swapped bodies with skeleton (Andrewserafini)
[13:20:16] ACCESS: Login: Andrewserafini from 68.193.187.51
[13:20:16] ACCESS: Login: skeleton (Xenosandbox the Second) from 98.200.200.133
[13:20:16] ACCESS: Login: Twig (Andrewserafini) from 68.193.187.51
[13:20:19] ACCESS: Login: skeleton (Xenosandbox the Second) from 98.200.200.133
[13:20:22] ADMIN: skeleton (Xenosandbox the Second) swapped bodies with Twig (Andrewserafini)
[13:20:22] ACCESS: Login: Andrewserafini from 68.193.187.51
[13:20:22] ACCESS: Login: Twig (Xenosandbox the Second) from 98.200.200.133
[13:20:22] ACCESS: Login: skeleton (Andrewserafini) from 68.193.187.51
[13:20:31] ADMIN: Twig (Xenosandbox the Second) respawned skeleton (Andrewserafini).
[13:20:31] ACCESS: Login: Andrewserafini [DEAD] from 68.193.187.51
[13:20:31] ACCESS: Login: Andrewserafini [DEAD] from 68.193.187.51
[13:20:31] SAY: Johnathan Jenkins (Sageofaether12) : rip mr skeltal
[13:20:33] SAY: Shitty Bill (NPC) : I think my crew left without me.
[13:20:39] ACCESS: Login: Rick Sanchez (Andrewserafini) from 68.193.187.51
[13:20:47] ACCESS: Login: Cyborg (Robot) (Andrewserafini) from 68.193.187.51
[13:20:54] SAY: Shitty Bill (NPC) : I think my crew are running late.
[13:21:09] SAY: Johnathan Jenkins (Sageofaether12) : I WILL BUILD A GREAT WALL
[13:21:15] SAY: Twig (Xenosandbox the Second) : THat was our only exit
[13:21:16] SAY: Twig (Xenosandbox the Second) : you meme
[13:22:34] ADMIN: Twig (Xenosandbox the Second) healed / revived Twig (Xenosandbox the Second)
[13:22:43] SAY: Twig (Xenosandbox the Second) : AHH
[13:22:43] SAY: Shitty Bill (NPC) : You a miner?
[13:22:50] SAY: Weaboo Meago (Robot) (Andrewserafini) : *flip
[13:22:51] SAY: Weaboo Meago (Robot) (Andrewserafini) : *flip
[13:23:04] ACCESS: Login: Twig (Xenosandbox the Second) [DEAD] from 98.200.200.133
[13:23:21] SAY: Shitty Bill (NPC) : Hey, it's Donald "Don" Glabs.
[13:23:42] ACCESS: Login: Xenosandbox the Second from 98.200.200.133
[13:24:03] SAY: Shitty Bill (NPC) : I ever tell you 'bout what Nanotrasen really did in 2051?
[13:24:08] SAY: Weaboo Meago (Robot) (Andrewserafini) : *fart
[13:24:09] SAY: Weaboo Meago (Robot) (Andrewserafini) : *fart
[13:24:10] SAY: Weaboo Meago (Robot) (Andrewserafini) : *fart
[13:24:10] SAY: Weaboo Meago (Robot) (Andrewserafini) : *fart
[13:24:10] SAY: Weaboo Meago (Robot) (Andrewserafini) : *fart
[13:24:10] SAY: Weaboo Meago (Robot) (Andrewserafini) : *fart
[13:24:11] SAY: Weaboo Meago (Robot) (Andrewserafini) : *fart
[13:24:11] SAY: Weaboo Meago (Robot) (Andrewserafini) : *fart
[13:24:11] SAY: Weaboo Meago (Robot) (Andrewserafini) : *fart
[13:24:14] SAY: Weaboo Meago (Robot) (Andrewserafini) : *fart
[13:24:26] ACCESS: Login: Dra24680 [DEAD] from 104.12.88.128
[13:24:34] ACCESS: Login: Johnathan Jenkins (Sageofaether12) [DEAD] from 71.30.132.162
[13:24:38] ACCESS: Login: Weaboo Meago (Andrewserafini) [DEAD] from 68.193.187.51
[13:24:42] SAY: Russell Lord (Dragonflamesrest) : WtF
[13:24:44] ACCESS: Login: macho maenn (Xenosandbox the Second) [DEAD] from 98.200.200.133
[13:25:07] ADMIN: macho maenn (Xenosandbox the Second) [DEAD] respawned Weaboo Meago (Andrewserafini) [DEAD].
[13:25:07] ACCESS: Login: Andrewserafini [DEAD] from 68.193.187.51
[13:25:07] ACCESS: Login: Andrewserafini [DEAD] from 68.193.187.51
[13:25:13] ADMIN: macho maenn (Xenosandbox the Second) [DEAD] respawned Johnathan Jenkins (Sageofaether12) [DEAD].
[13:25:13] ACCESS: Login: Sageofaether12 [DEAD] from 71.30.132.162
[13:25:13] ACCESS: Login: Sageofaether12 [DEAD] from 71.30.132.162
[13:25:13] ACCESS: Login: Rick Sanchez (Andrewserafini) from 68.193.187.51
[13:25:18] ACCESS: Login: Twig (Xenosandbox the Second) from 98.200.200.133
[13:25:27] ACCESS: Login: Johnathan Jenkins (Sageofaether12) from 71.30.132.162
[13:25:32] SAY: Twig (Xenosandbox the Second) : ok guys
[13:25:35] SAY: Twig (Xenosandbox the Second) : Lets fuck shit up
[13:26:07] SAY: Johnathan Jenkins (Sageofaether12) : I bet the jews did this
[13:27:11] SAY: Shitty Bill (NPC) : You a beardo?
[13:27:33] SAY: Shitty Bill (NPC) : Hey chump, gimme yer hugs.
[13:27:44] SAY: Rick Sanchez (Andrewserafini) : *flip
[13:27:46] SAY: Rick Sanchez (Andrewserafini) : *flip
[13:28:17] SAY: Shitty Bill (NPC) : I ever tell you 'bout that time I got high with some ghosts?
[13:29:04] ACCESS: Login: Raiddean [DEAD] from 71.126.127.165
[13:29:42] ACCESS: Login: SneakyProgrammer [DEAD] from 69.155.104.60
[13:30:10] SAY: Shitty Bill (NPC) : I think my buds got eaten.
[13:30:17] SAY: Shitty Bill (NPC) : I ever tell you 'bout the time I found that creepy cave?
[13:30:17] SAY: Father Jack (NPC) : That would be an ecumenical matter.
[13:30:18] ACCESS: Login: Brycen Linton (SneakyProgrammer) from 69.155.104.60
[13:30:24] SAY: Father Jack (NPC) : That would be an ecumenical matter.
[13:30:29] OOC: Furry Chicken [DEAD] : hello newbies, host here
[13:30:40] OOC: Brycen Linton (SneakyProgrammer) : Hello
[13:30:53] SAY: Russell Lord (Dragonflamesrest) : dangit
[13:30:57] ACCESS: Login: Furry Chicken [DEAD] from 50.133.2.25
[13:31:26] SAY: Father Jack (NPC) : DRINK!
[13:32:07] ADMIN: Pavel Havel (Furry Chicken) [DEAD] jumped to Brycen Linton (SneakyProgrammer) (<a href='?src=%admin_ref%;action=jumptocoords;target=199,104,1' title='Jump to Coords'>199,104,1</a> in Warehouse #3)
[13:32:10] ACCESS: Login: Raiddean [DEAD] from 71.126.127.165
[13:32:26] OOC: Pavel Havel (Furry Chicken) [DEAD] : @survivors
[13:32:33] OOC: Pavel Havel (Furry Chicken) [DEAD] : you can climb barricades by dragging yourself to them
[13:32:40] OOC: Pavel Havel (Furry Chicken) [DEAD] : and reinforce them with wood
[13:32:48] SAY: Twig (Xenosandbox the Second) : gimmie
[13:32:51] ACCESS: Login: Finalsong1 [DEAD] from 96.246.150.234
[13:33:07] OOC: Pavel Havel (Furry Chicken) [DEAD] : if you&#39;d like to add your own content to the game, use the github @https://github.com/Cherkir/horrorstation
[13:33:15] SAY: Shitty Bill (NPC) : Man, I sure don't miss your dad.
[13:33:18] ACCESS: Login: Carlgauss [DEAD] from 108.185.254.145
[13:33:23] ACCESS: Login: Eliott Eckhardstein (Carlgauss) from 108.185.254.145
[13:33:28] ADMIN: Pavel Havel (Furry Chicken) [DEAD] ASAY: &gt;no alien
[13:33:42] SAY: Shitty Bill (NPC) : I think my pals stole my cat.
[13:33:42] SAY: Eliott Eckhardstein (Carlgauss) : *salute
[13:33:42] SAY: Eliott Eckhardstein (Carlgauss) : *eyebrow
[13:33:54] ACCESS: Login: Furry Chicken from 50.133.2.25
[13:34:01] SAY: Steven Snyder (Raiddean) [DEAD] (GHOST): Hm
[13:34:01] ADMIN: Alien Warrior 37 (Furry Chicken) ASAY: I&#39;m xeno now
[13:34:05] ACCESS: Login: Rick Sanchez (Andrewserafini) [DEAD] from 68.193.187.51
[13:34:46] SAY: Steven Snyder (Raiddean) [DEAD] (GHOST): Aliums
[13:35:04] ADMIN: Twig (Xenosandbox the Second) [DEAD] ASAY: these memes
[13:35:09] ADMIN: Alien Warrior 37 (Furry Chicken) ASAY: why
[13:35:10] ACCESS: Login: Twig (Xenosandbox the Second) [DEAD] from 98.200.200.133
[13:35:12] ADMIN: Alien Warrior 37 (Furry Chicken) ASAY: were you a macho man
[13:35:16] ADMIN: Alien Warrior 37 (Furry Chicken) ASAY: stop being a macho man
[13:35:18] ADMIN: Twig (Xenosandbox the Second) [DEAD] ASAY: why what?
[13:35:41] ADMIN: Twig (Xenosandbox the Second) [DEAD] ASAY: Nonnonon I was doing a joke to a friend
[13:35:51] ADMIN: Twig (Xenosandbox the Second) [DEAD] ASAY: And I respawned them afterwards
[13:35:58] ADMIN: Alien Warrior 37 (Furry Chicken) ASAY: can you avoid doing that, still
[13:36:05] ADMIN: Twig (Xenosandbox the Second) [DEAD] ASAY: yes 
[13:36:17] ADMIN: Twig (Xenosandbox the Second) [DEAD] has created an intercom announcement: woop woop
[13:36:26] ACCESS: Login: Keagan Fisher (Finalsong1) from 96.246.150.234
[13:36:30] SAY: Twig (Xenosandbox the Second) [DEAD] (GHOST): this place is vented in the left corner
[13:36:31] SAY: Twig (Xenosandbox the Second) [DEAD] (GHOST): lmao
[13:36:33] SAY: Alien Warrior 37 (Furry Chicken) : *roar
[13:36:33] SAY: Keagan Fisher (Finalsong1) : oh shit
[13:36:36] SAY: Twig (Xenosandbox the Second) [DEAD] (GHOST): thats why they are dead
[13:36:43] SAY: Alien Warrior 37 (Furry Chicken) : vented?
[13:36:53] SAY: Keagan Fisher (Finalsong1) : nigga we dead
[13:36:57] SAY: Keagan Fisher (Finalsong1) : why
[13:37:02] SAY: Alien Warrior 37 (Furry Chicken) : *roar
[13:37:07] ADMIN: Twig (Xenosandbox the Second) [DEAD] ASAY: yea get em
[13:37:41] SAY: Keagan Fisher (Finalsong1) : no!
[13:38:13] ADMIN: Alien Warrior 37 (Furry Chicken) ASAY: want to make yourself queen so we have a way to bring back ded players
[13:38:20] SAY: Father Jack (NPC) : ARSE!
[13:38:26] ACCESS: Login: Johnathan Jenkins (Sageofaether12) [DEAD] from 71.30.132.162
[13:38:36] SAY: Father Jack (NPC) : ARSE!
[13:38:44] ACCESS: Login: Eliott Eckhardstein (Carlgauss) [DEAD] from 108.185.254.145
[13:38:53] ADMIN: Twig (Xenosandbox the Second) [DEAD] ASAY: Ehhh, can I toss in a pred as well if I restrict him to just a spear and some rules
[13:38:59] ADMIN: Alien Warrior 37 (Furry Chicken) ASAY: nah
[13:39:06] ADMIN: Alien Warrior 37 (Furry Chicken) ASAY: preds are stupidly overpowered right now
[13:39:15] SAY: Keagan Fisher (Finalsong1) : *flip
[13:39:18] SAY: Keagan Fisher (Finalsong1) : ;oh hod
[13:39:21] SAY: Keagan Fisher (Finalsong1) : ;daddy
[13:39:24] ADMIN: Twig (Xenosandbox the Second) [DEAD] ASAY: :C But they can be played right if restricted, but sure Ill go queen
[13:39:50] ACCESS: Login: Xenosandbox the Second from 98.200.200.133
[13:39:58] SAY: Steven Snyder (Raiddean) [DEAD] (GHOST): Wew
[13:40:07] SAY: Alien Queen (Xenosandbox the Second) : *roar
[13:40:10] SAY: Alien Queen (Xenosandbox the Second) : Wew lad
[13:40:25] SAY: Father Jack (NPC) : GIRLS!
[13:40:45] SAY: Keagan Fisher (Finalsong1) : *flip
[13:40:54] ADMIN: Alien Queen (Xenosandbox the Second) DSAY: Alien queen laying eggs, special tab spawn as hugger once they hatch
[13:41:14] SAY: Russell Lord (Dragonflamesrest) : *fart
[13:41:14] ACCESS: Login: Steven Snyder (Raiddean) [DEAD] from 71.126.127.165
[13:41:18] ACCESS: Login: Steven Snyder (Raiddean) [DEAD] from 71.126.127.165
[13:41:27] ADMIN: Steven Snyder (Raiddean) [DEAD] used adminwho and saw 2 admins.
[13:42:54] SAY: Father Jack (NPC) : GIRLS!
[13:42:55] SAY: Alien Warrior 37 (Furry Chicken) : NO
[13:43:21] SAY: Keagan Fisher (Finalsong1) : *fart
[13:43:49] SAY: Father Jack (NPC) : That would be an ecumenical matter.
[13:43:51] SAY: Keagan Fisher (Finalsong1) : *fart
[13:43:56] SAY: Alien Warrior 37 (Furry Chicken) :  --ARGH
[13:43:58] SAY: Russell Lord (Dragonflamesrest) : where the hell do i find frags
[13:43:59] SAY: Alien Warrior 37 (Furry Chicken) : :--URK
[13:44:01] SAY: Alien Warrior 37 (Furry Chicken) : --URK
[13:44:03] SAY: Alien Warrior 37 (Furry Chicken) :  --BLUH
[13:44:05] SAY: Alien Warrior 37 (Furry Chicken) :  MOM
[13:44:05] SAY: Alien Warrior 37 (Furry Chicken) :  MO--BLARGH
[13:44:08] SAY: Alien Warrior 37 (Furry Chicken) :  --BLARGH
[13:44:10] ACCESS: Login: Steven Snyder (Raiddean) [DEAD] from 71.126.127.165
[13:44:11] SAY: Alien Queen (Xenosandbox the Second) :  what
[13:44:12] SAY: Alien Warrior 37 (Furry Chicken) :  ARRIVALS
[13:44:13] ACCESS: Login: Steven Snyder (Raiddean) [DEAD] from 71.126.127.165
[13:44:15] SAY: Alien Warrior 37 (Furry Chicken) : --BLARGH
[13:44:20] ACCESS: Login: Alien Warrior 37 (Furry Chicken) [DEAD] from 50.133.2.25
[13:44:21] SAY: Russell Lord (Dragonflamesrest) : woop
[13:44:24] SAY: Steven Snyder (Raiddean) [DEAD] (GHOST): rEKT
[13:44:28] SAY: Alien Queen (Xenosandbox the Second) :  im not a combat form they will instantly kill me with powergaming memes
[13:44:40] SAY: Keagan Fisher (Finalsong1) : *fart
[13:45:09] SAY: Keagan Fisher (Finalsong1) : *fart
[13:45:10] SAY: Keagan Fisher (Finalsong1) : *flip
[13:45:10] SAY: Keagan Fisher (Finalsong1) : *flip
[13:45:23] SAY: Alien Queen (Xenosandbox the Second) : *roar
[13:45:27] SAY: Russell Lord (Dragonflamesrest) : *fart
[13:45:32] OOC: Alien Warrior 37 (Furry Chicken) [DEAD] : by the way I need money, if any kindred soul would send me shills to keep running the server send them here https://www.paypal.me/KrisCherven
[13:45:55] OOC: Alien Warrior 37 (Furry Chicken) [DEAD] : you may have noticed this server is shit, I can get a better one but I need more donations
[13:46:06] OOC: Alien Queen (Xenosandbox the Second) : You fuckin meme
[13:46:32] SAY: Steven Snyder (Raiddean) [DEAD] (GHOST): zE
[13:46:37] SAY: Russell Lord (Dragonflamesrest) : *fart
[13:46:37] SAY: Russell Lord (Dragonflamesrest) : *fart
[13:46:37] SAY: Russell Lord (Dragonflamesrest) : *fart
[13:46:37] SAY: Russell Lord (Dragonflamesrest) : *fart
[13:46:38] SAY: Russell Lord (Dragonflamesrest) : *fart
[13:46:38] SAY: Russell Lord (Dragonflamesrest) : *fart
[13:46:40] SAY: Russell Lord (Dragonflamesrest) : *scream
[13:46:42] SAY: Russell Lord (Dragonflamesrest) : *fart
[13:46:43] SAY: Russell Lord (Dragonflamesrest) : *fart
[13:46:43] SAY: Russell Lord (Dragonflamesrest) : *fart
[13:46:43] SAY: Russell Lord (Dragonflamesrest) : *fart
[13:46:44] SAY: Russell Lord (Dragonflamesrest) : *fart
[13:46:44] SAY: Russell Lord (Dragonflamesrest) : *fart
[13:46:44] SAY: Russell Lord (Dragonflamesrest) : *fart
[13:46:44] ACCESS: Login: Sageofaether12 from 71.30.132.162
[13:46:44] SAY: Russell Lord (Dragonflamesrest) : *fart
[13:46:45] SAY: Russell Lord (Dragonflamesrest) : *fart
[13:46:45] SAY: Russell Lord (Dragonflamesrest) : *fart
[13:46:45] SAY: Russell Lord (Dragonflamesrest) : *fart
[13:46:46] SAY: Russell Lord (Dragonflamesrest) : *fart
[13:46:46] SAY: Russell Lord (Dragonflamesrest) : *fart
[13:46:46] SAY: Russell Lord (Dragonflamesrest) : *fart
[13:46:46] SAY: Russell Lord (Dragonflamesrest) : *fart
[13:46:47] SAY: Russell Lord (Dragonflamesrest) : *fart
[13:46:47] SAY: Russell Lord (Dragonflamesrest) : *fart
[13:46:47] SAY: Russell Lord (Dragonflamesrest) : *fart
[13:46:47] SAY: Russell Lord (Dragonflamesrest) : *fart
[13:46:48] SAY: Russell Lord (Dragonflamesrest) : *fart
[13:46:48] SAY: Russell Lord (Dragonflamesrest) : *fart
[13:46:48] SAY: Russell Lord (Dragonflamesrest) : *fart
[13:46:48] SAY: Russell Lord (Dragonflamesrest) : *fart
[13:46:48] SAY: Russell Lord (Dragonflamesrest) : *fart
[13:46:49] SAY: Russell Lord (Dragonflamesrest) : *fart
[13:46:49] SAY: Russell Lord (Dragonflamesrest) : *fart
[13:46:49] SAY: Russell Lord (Dragonflamesrest) : *fart
[13:46:49] SAY: Russell Lord (Dragonflamesrest) : *fart
[13:46:49] SAY: Russell Lord (Dragonflamesrest) : *fart
[13:46:50] SAY: Russell Lord (Dragonflamesrest) : *fart
[13:46:50] SAY: Russell Lord (Dragonflamesrest) : *fart
[13:46:59] SAY: Russell Lord (Dragonflamesrest) : *fart
[13:47:00] SAY: Alien Facehugger 538 (Sageofaether12) : ey b0ss
[13:47:00] SAY: Russell Lord (Dragonflamesrest) : *fart
[13:47:00] SAY: Russell Lord (Dragonflamesrest) : *fart
[13:47:01] SAY: Russell Lord (Dragonflamesrest) : *fart
[13:47:01] SAY: Russell Lord (Dragonflamesrest) : *fart
[13:47:02] SAY: Russell Lord (Dragonflamesrest) : *fart
[13:47:02] SAY: Russell Lord (Dragonflamesrest) : *fart
[13:47:02] SAY: Russell Lord (Dragonflamesrest) : *fart
[13:47:02] SAY: Russell Lord (Dragonflamesrest) : *fart
[13:47:02] SAY: Russell Lord (Dragonflamesrest) : *fart
[13:47:02] SAY: Russell Lord (Dragonflamesrest) : *fart
[13:47:03] SAY: Russell Lord (Dragonflamesrest) : *fart
[13:47:03] SAY: Russell Lord (Dragonflamesrest) : *fart
[13:47:03] SAY: Russell Lord (Dragonflamesrest) : *fart
[13:47:03] SAY: Russell Lord (Dragonflamesrest) : *fart
[13:47:04] SAY: Russell Lord (Dragonflamesrest) : *fart
[13:47:04] SAY: Russell Lord (Dragonflamesrest) : *fart
[13:47:04] SAY: Russell Lord (Dragonflamesrest) : *fart
[13:47:04] SAY: Russell Lord (Dragonflamesrest) : *fart
[13:47:05] SAY: Russell Lord (Dragonflamesrest) : *fart
[13:47:05] SAY: Russell Lord (Dragonflamesrest) : *fart
[13:47:05] SAY: Russell Lord (Dragonflamesrest) : *fart
[13:47:05] SAY: Russell Lord (Dragonflamesrest) : *fart
[13:47:06] SAY: Russell Lord (Dragonflamesrest) : *fart
[13:47:06] SAY: Russell Lord (Dragonflamesrest) : *fart
[13:47:06] SAY: Russell Lord (Dragonflamesrest) : *fart
[13:47:06] SAY: Russell Lord (Dragonflamesrest) : *fart
[13:47:06] SAY: Russell Lord (Dragonflamesrest) : *fart
[13:47:07] SAY: Russell Lord (Dragonflamesrest) : *fart
[13:47:07] SAY: Russell Lord (Dragonflamesrest) : *fart
[13:47:07] SAY: Russell Lord (Dragonflamesrest) : *fart
[13:47:07] SAY: Russell Lord (Dragonflamesrest) : *fart
[13:47:08] SAY: Russell Lord (Dragonflamesrest) : *fart
[13:47:08] SAY: Russell Lord (Dragonflamesrest) : *fart
[13:47:08] SAY: Russell Lord (Dragonflamesrest) : *fart
[13:47:08] SAY: Russell Lord (Dragonflamesrest) : *fart
[13:47:08] SAY: Russell Lord (Dragonflamesrest) : *fart
[13:47:09] SAY: Russell Lord (Dragonflamesrest) : *fart
[13:47:09] SAY: Russell Lord (Dragonflamesrest) : *fart
[13:47:09] SAY: Russell Lord (Dragonflamesrest) : *fart
[13:47:09] SAY: Russell Lord (Dragonflamesrest) : *fart
[13:47:10] SAY: Russell Lord (Dragonflamesrest) : *fart
[13:47:10] SAY: Russell Lord (Dragonflamesrest) : *fart
[13:47:10] SAY: Russell Lord (Dragonflamesrest) : *fart
[13:47:11] SAY: Russell Lord (Dragonflamesrest) : *fart
[13:47:11] SAY: Russell Lord (Dragonflamesrest) : *fart
[13:47:11] SAY: Russell Lord (Dragonflamesrest) : *fart
[13:47:11] SAY: Russell Lord (Dragonflamesrest) : *fart
[13:47:11] SAY: Russell Lord (Dragonflamesrest) : *fart
[13:47:12] SAY: Russell Lord (Dragonflamesrest) : *fart
[13:47:12] SAY: Russell Lord (Dragonflamesrest) : *fart
[13:47:12] SAY: Russell Lord (Dragonflamesrest) : *fart
[13:47:12] SAY: Russell Lord (Dragonflamesrest) : *fart
[13:47:13] SAY: Russell Lord (Dragonflamesrest) : *fart
[13:47:13] SAY: Russell Lord (Dragonflamesrest) : *fart
[13:47:14] SAY: Russell Lord (Dragonflamesrest) : *fart
[13:47:14] SAY: Russell Lord (Dragonflamesrest) : *fart
[13:47:14] SAY: Russell Lord (Dragonflamesrest) : *fart
[13:47:14] SAY: Russell Lord (Dragonflamesrest) : *fart
[13:47:15] SAY: Russell Lord (Dragonflamesrest) : *fart
[13:47:15] SAY: Russell Lord (Dragonflamesrest) : *fart
[13:47:16] SAY: Russell Lord (Dragonflamesrest) : *fart
[13:47:16] SAY: Russell Lord (Dragonflamesrest) : *fart
[13:47:17] SAY: Russell Lord (Dragonflamesrest) : *fart
[13:47:17] SAY: Russell Lord (Dragonflamesrest) : *fart
[13:47:17] SAY: Russell Lord (Dragonflamesrest) : *fart
[13:47:17] SAY: Russell Lord (Dragonflamesrest) : *fart
[13:47:18] SAY: Russell Lord (Dragonflamesrest) : *fart
[13:47:18] SAY: Russell Lord (Dragonflamesrest) : *fart
[13:47:18] SAY: Russell Lord (Dragonflamesrest) : *fart
[13:47:18] SAY: Russell Lord (Dragonflamesrest) : *fart
[13:47:18] SAY: Russell Lord (Dragonflamesrest) : *fart
[13:47:19] SAY: Russell Lord (Dragonflamesrest) : *fart
[13:47:19] SAY: Russell Lord (Dragonflamesrest) : *fart
[13:47:19] SAY: Russell Lord (Dragonflamesrest) : *fart
[13:47:19] SAY: Russell Lord (Dragonflamesrest) : *fart
[13:47:23] ACCESS: Login: Steven Snyder (Raiddean) [DEAD] from 71.126.127.165
[13:47:46] ACCESS: Login: Keagan Fisher (Finalsong1) [DEAD] from 96.246.150.234
[13:47:50] SAY: Keagan Fisher (Finalsong1) [DEAD] (GHOST): RIP
[13:47:52] ACCESS: Login: Steven Snyder (Raiddean) [DEAD] from 71.126.127.165
[13:47:52] SAY: Russell Lord (Dragonflamesrest) : *fart
[13:47:52] OOC: Alien Warrior 37 (Furry Chicken) [DEAD] : I can also pay for better admins that aren&#39;t cheap filipino migrant workers
[13:47:55] SAY: Steven Snyder (Raiddean) [DEAD] (GHOST): RIP
[13:47:59] SAY: Russell Lord (Dragonflamesrest) : *scream
[13:48:05] SAY: Keagan Fisher (Finalsong1) [DEAD] (GHOST): At least I killed one I guess
[13:48:09] SAY: Russell Lord (Dragonflamesrest) : *scream
[13:48:13] SAY: Russell Lord (Dragonflamesrest) : *fart
[13:48:13] SAY: Russell Lord (Dragonflamesrest) : *fart
[13:48:13] SAY: Russell Lord (Dragonflamesrest) : *fart
[13:48:14] SAY: Russell Lord (Dragonflamesrest) : *fart
[13:48:14] SAY: Russell Lord (Dragonflamesrest) : *fart
[13:48:14] SAY: Russell Lord (Dragonflamesrest) : *fart
[13:48:15] SAY: Russell Lord (Dragonflamesrest) : *fart
[13:48:15] SAY: Russell Lord (Dragonflamesrest) : *fart
[13:48:15] SAY: Russell Lord (Dragonflamesrest) : *fart
[13:48:15] SAY: Russell Lord (Dragonflamesrest) : *fart
[13:48:15] SAY: Russell Lord (Dragonflamesrest) : *fart
[13:48:15] SAY: Russell Lord (Dragonflamesrest) : *fart
[13:48:16] SAY: Russell Lord (Dragonflamesrest) : *fart
[13:48:16] SAY: Russell Lord (Dragonflamesrest) : *fart
[13:48:16] SAY: Russell Lord (Dragonflamesrest) : *fart
[13:48:16] SAY: Russell Lord (Dragonflamesrest) : *fart
[13:48:17] SAY: Russell Lord (Dragonflamesrest) : *fart
[13:48:17] SAY: Russell Lord (Dragonflamesrest) : *fart
[13:48:17] SAY: Russell Lord (Dragonflamesrest) : *fart
[13:48:18] SAY: Russell Lord (Dragonflamesrest) : *fart
[13:48:18] SAY: Russell Lord (Dragonflamesrest) : *fart
[13:48:18] SAY: Russell Lord (Dragonflamesrest) : *fart
[13:48:18] SAY: Russell Lord (Dragonflamesrest) : *fart
[13:48:21] ACCESS: Login: Raiddean from 71.126.127.165
[13:48:24] SAY: Alien Facehugger 394 (Raiddean) : Ey
[13:48:27] OOC: Eliott Eckhardstein (Carlgauss) [DEAD] : I can admin for free and I&#39;m only one of those things
[13:48:29] SAY: Alien Queen (Xenosandbox the Second) : Fucking
[13:48:33] SAY: Alien Facehugger 394 (Raiddean) : w
[13:48:33] SAY: Alien Queen (Xenosandbox the Second) : armor forced me to kill him
[13:48:35] SAY: Alien Facehugger 394 (Raiddean) : oh
[13:48:42] OOC: Alien Queen (Xenosandbox the Second) : Submit an app on discord
[13:48:54] SAY: Alien Queen (Xenosandbox the Second) : GO out my prettys
[13:48:59] SAY: Alien Queen (Xenosandbox the Second) :  get moma a new man
[13:49:12] OOC: Alien Warrior 37 (Furry Chicken) [DEAD] : admins are nice
[13:49:21] OOC: Eliott Eckhardstein (Carlgauss) [DEAD] : I might do so later, I play here on the weekends after school weeks
[13:49:37] SAY: Russell Lord (Dragonflamesrest) : *fart
[13:49:39] OOC: Alien Facehugger 538 (Sageofaether12) : I thourghly enjoy meme
[13:49:43] OOC: Alien Queen (Xenosandbox the Second) : Use a format you feel comfortable with and us other admins and firry will look over your , Experience, time availability etc
[13:49:44] SAY: Alien Facehugger 394 (Raiddean) :  Hm
[13:49:50] OOC: Alien Queen (Xenosandbox the Second) : Sage no you are a meme
[13:49:59] SAY: Alien Queen (Xenosandbox the Second) : GO GET ME A MAN YOU LITTLE SHITS
[13:50:01] OOC: Alien Facehugger 538 (Sageofaether12) : :^                     )
[13:50:12] SAY: Alien Queen (Xenosandbox the Second) : GImme da pussy bozz
[13:50:25] SAY: Alien Facehugger 394 (Raiddean) :  One at bar
[13:50:36] SAY: Alien Facehugger 394 (Raiddean) :  In the kitchen
[13:51:09] ACCESS: Login: Alien Facehugger 538 (Sageofaether12) [DEAD] from 71.30.132.162
[13:51:45] ACCESS: Login: Brycen Linton (SneakyProgrammer) [DEAD] from 69.155.104.60
[13:51:46] ACCESS: Login: Sageofaether12 from 71.30.132.162
[13:51:50] SAY: Alien Chestburster 96 (Sageofaether12) : ayy lmao
[13:51:53] SAY: Alien Queen (Xenosandbox the Second) : hIDE
[13:51:54] SAY: Alien Queen (Xenosandbox the Second) : AND GROW
[13:51:57] SAY: Alien Queen (Xenosandbox the Second) : INTO A WARRIOR
[13:52:32] ACCESS: Login: Marshall Stough (Dra24680) from 104.12.88.128
[13:52:44] ACCESS: Login: Brycen Linton (SneakyProgrammer) [DEAD] from 69.155.104.60
[13:53:01] ACCESS: Login: SneakyProgrammer from 69.155.104.60
[13:53:24] SAY: Russell Lord (Dragonflamesrest) : damn
[13:54:14] SAY: Russell Lord (Dragonflamesrest) : *fart
[13:54:37] SAY: Russell Lord (Dragonflamesrest) : damnn
[13:54:41] SAY: Russell Lord (Dragonflamesrest) : ah shit
[13:55:43] SAY: Alien Queen (Xenosandbox the Second) :  all non huggers get to hive and build it up
[13:56:05] SAY: Russell Lord (Dragonflamesrest) : oh god
[13:56:29] SAY: Alien Queen (Xenosandbox the Second) : You can squuze
[13:56:30] SAY: Alien Queen (Xenosandbox the Second) : through
[13:56:34] SAY: Alien Queen (Xenosandbox the Second) : Any door but these
[13:56:34] SAY: Alien Facehugger 394 (Raiddean) : Nope
[13:56:37] SAY: Alien Queen (Xenosandbox the Second) : Yes
[13:58:29] SAY: Alien Queen (Xenosandbox the Second) : plant weeds in the armory
[13:58:44] SAY: Alien Facehugger 394 (Raiddean) :  Where are they
[13:58:48] SAY: Alien Queen (Xenosandbox the Second) :  no clue
[13:59:06] ACCESS: Login: Seqsu ana [DEAD] from 201.3.85.252
[13:59:25] ACCESS: Login: Homer Burkett (Seqsu ana) from 201.3.85.252
[13:59:30] SAY: Alien Facehugger 394 (Raiddean) : Hmm
[14:00:22] SAY: Alien Facehugger 394 (Raiddean) :  MINING
[14:01:38] SAY: Alien Queen (Xenosandbox the Second) :  new hive in armory
[14:01:49] ADMIN: Alien Queen (Xenosandbox the Second) DSAY: special tab spawn as hugger
[14:01:55] ACCESS: Login: Alien Facehugger 394 (Raiddean) [DEAD] from 71.126.127.165
[14:01:58] SAY: Alien Facehugger 394 (Raiddean) [DEAD] (GHOST): SHIT
[14:02:01] SAY: Alien Queen (Xenosandbox the Second) :  nice
[14:02:03] SAY: Alien Facehugger 394 (Raiddean) [DEAD] (GHOST): YES
[14:02:10] ADMIN: Alien Queen (Xenosandbox the Second) DSAY: Nice now you spawn as the alien when he busts
[14:03:24] ACCESS: Login: Homer Burkett (Seqsu ana) from 201.3.85.252
[14:03:40] ACCESS: Login: Carlgauss from 108.185.254.145
[14:03:55] SAY: Homer Burkett (Seqsu ana) : Hey
[14:03:56] ACCESS: Login: Homer Burkett (Seqsu ana) [DEAD] from 201.3.85.252
[14:03:57] ACCESS: Login: Raiddean from 71.126.127.165
[14:03:59] SAY: Russell Lord (Dragonflamesrest) : *scream


Starting up. 14:06.15
---------------------

[14:06:20] ADMIN: Loading jobban_rank
[14:06:20] ADMIN: Jobban_keylist was empty
[14:06:20] ADMIN: Updating jobbanfile!
[14:06:20] ADMIN: Loading oocban_rank
[14:06:20] ADMIN: oocban_keylist was empty
[14:06:20] ADMIN: Updating jobbanfile!
ADMIN: furrychicken = Host
ADMIN: cherkir = Host
ADMIN: jasonvorheese = Primary Administrator
ADMIN: REDACTEDminimeatwadREDACTED = Primary Administrator
ADMIN: xenosandboxthesecond = Primary Administrator
ADMIN: exbod = Primary Administrator
ADMIN: zenek123 = Secondary Administrator
ADMIN: noobpwnt4lif3 = Coder
ADMIN: kimjuandong = Coder
ADMIN: adolf12 = Iconner
ADMIN: kamina321 = Moderator
[14:06:38] ACCESS: Login: Dragonflamesrest from 24.101.146.251
[14:06:38] ACCESS: Login: Sageofaether12 from 71.30.132.162
[14:06:38] ACCESS: Login: Furry Chicken from 50.133.2.25
[14:07:29] ACCESS: Login: Raiddean from 71.126.127.165
[14:07:59] ACCESS: Login: Seqsu ana from 201.3.85.252
[14:10:06] ACCESS: Login: Russell Lord (Dragonflamesrest) from 24.101.146.251
[14:10:06] ACCESS: Login: Raiddean [TRAITOR] from 71.126.127.165
[14:10:06] ACCESS: Login: Loreto Kaur (Seqsu ana) from 201.3.85.252
[14:10:14] SAY: Father Jack (NPC) : DRINK!
[14:10:19] SAY: Alien Queen (Raiddean) [TRAITOR] : oh
[14:11:35] SAY: Father Jack (NPC) : ARSE!
[14:11:45] SAY: Shitty Bill (NPC) : Hey Donald "Don" Glabs.
[14:12:27] SAY: Shitty Bill (NPC) : I think my bros stole my hat.
[14:12:45] SAY: Father Jack (NPC) : That would be an ecumenical matter.
[14:12:54] SAY: Shitty Bill (NPC) : What you lookin' at, friend?
[14:13:15] SAY: Russell Lord (Dragonflamesrest) : already
[14:13:23] SAY: Shitty Bill (NPC) : You rap?
[14:13:44] SAY: Shitty Bill (NPC) : Got a light, buddy?
[14:13:56] SAY: Russell Lord (Dragonflamesrest) : shit
[14:14:14] SAY: Shitty Bill (NPC) : I think my associates took off.
[14:14:55] SAY: Shitty Bill (NPC) : I ever tell you 'bout the time I found an alien thing that killed dudes?
[14:15:24] SAY: Shitty Bill (NPC) : Man, I sure don't miss that weird ass military bunker.
[14:17:04] SAY: Father Jack (NPC) : FECK!
[14:17:07] SAY: Shitty Bill (NPC) : What're you lookin' at, owl man?
[14:17:21] SAY: Russell Lord (Dragonflamesrest) : *scream
[14:17:26] SAY: Russell Lord (Dragonflamesrest) : blrgh
[14:17:41] SAY: Shitty Bill (NPC) : Hey friendo, gimme yer cats.
[14:17:49] SAY: Alien Queen (Raiddean) [TRAITOR] :  uggh
[14:18:05] SAY: Father Jack (NPC) : FECK!
[14:18:15] SAY: Russell Lord (Dragonflamesrest) : *piss
[14:18:18] SAY: Russell Lord (Dragonflamesrest) : *piss
[14:18:25] SAY: Shitty Bill (NPC) : Nice name, bro.
[14:18:26] SAY: Russell Lord (Dragonflamesrest) : *piss
[14:18:32] SAY: Shitty Bill (NPC) : Got a light, dork?
[14:19:15] SAY: Shitty Bill (NPC) : Nice threads, spaceman.
[14:21:06] SAY: Father Jack (NPC) : FECK!
[14:21:23] SAY: Shitty Bill (NPC) : Man, I sure miss my pal David.
[14:22:01] SAY: Russell Lord (Dragonflamesrest) : *piss
[14:22:11] SAY: Father Jack (NPC) : FECK!
[14:22:47] ACCESS: Login: Furry Chicken [DEAD] from 50.133.2.25
[14:23:16] SAY: Shitty Bill (NPC) : Nice hogg, dingus.
[14:23:23] ADMIN: Pavel Havel (Furry Chicken) [DEAD] jumped to Alien Queen (Raiddean) [TRAITOR] (<a href='?src=%admin_ref%;action=jumptocoords;target=203,191,1' title='Jump to Coords'>203,191,1</a> in Arrivals Dock)
[14:23:39] SAY: Shitty Bill (NPC) : Got a light, kid?
[14:24:20] SAY: Russell Lord (Dragonflamesrest) : *piss
[14:24:23] SAY: Russell Lord (Dragonflamesrest) : *piss
[14:24:25] SAY: Russell Lord (Dragonflamesrest) : *piss
[14:25:06] SAY: Shitty Bill (NPC) : Howdy Father Jack.
[14:25:36] SAY: Shitty Bill (NPC) : Nice treads, kid.
[14:25:37] SAY: Alien Queen (Raiddean) [TRAITOR] : Hmmm
[14:25:53] SAY: Shitty Bill (NPC) : I think my pals stole my hat.
[14:26:01] SAY: Shitty Bill (NPC) : Nice wheels, dude.
[14:26:05] SAY: Shitty Bill (NPC) : The hell you lookin' at, spaceman?
[14:26:10] SAY: Alien Queen (Raiddean) [TRAITOR] : Weird
[14:26:10] SAY: Shitty Bill (NPC) : You a Synder?
[14:26:52] SAY: Russell Lord (Dragonflamesrest) : *scream
[14:27:05] SAY: Russell Lord (Dragonflamesrest) : *piss
[14:27:16] SAY: Russell Lord (Dragonflamesrest) : *fart
[14:27:19] SAY: Russell Lord (Dragonflamesrest) : *piss
[14:27:41] SAY: Russell Lord (Dragonflamesrest) : *piss
[14:27:54] SAY: Russell Lord (Dragonflamesrest) : *piss
[14:28:04] ADMIN: Russell Lord (Dragonflamesrest) used adminwho and saw 1 admins.
[14:28:16] SAY: Russell Lord (Dragonflamesrest) : *piss
[14:28:38] SAY: Shitty Bill (NPC) : I ever tell you 'bout the last day I saw my kids?
[14:28:45] SAY: Shitty Bill (NPC) : Man, I sure don't miss bein' a clown.
[14:28:50] SAY: Russell Lord (Dragonflamesrest) : *piss
[14:29:02] SAY: Russell Lord (Dragonflamesrest) : i pissed it
[14:29:14] SAY: Russell Lord (Dragonflamesrest) : *piss
[14:29:17] SAY: Russell Lord (Dragonflamesrest) : *piss
[14:30:27] SAY: Russell Lord (Dragonflamesrest) : *deathgasp
[14:30:27] SAY: Shitty Bill (NPC) : Howdy Father Jack.
[14:30:44] SAY: Father Jack (NPC) : GIRLS!
[14:31:27] SAY: Alien Queen (Raiddean) [TRAITOR] [DEAD] : SHIT
[14:31:30] ACCESS: Login: Alien Queen (Raiddean) [TRAITOR] [DEAD] from 71.126.127.165
[14:31:34] SAY: Russell Lord (Dragonflamesrest) : yeah
[14:31:39] ACCESS: Login: Raiddean [TRAITOR] from 71.126.127.165
[14:31:41] SAY: Russell Lord (Dragonflamesrest) : fuck y--UGH
[14:32:39] SAY: Father Jack (NPC) : FECK!
[14:32:51] SAY: Shitty Bill (NPC) : You grustle?
[14:33:29] ACCESS: Login: Alien Facehugger 420 (Raiddean) [TRAITOR] [DEAD] from 71.126.127.165
[14:33:36] SAY: Alien Facehugger 420 (Raiddean) [TRAITOR] [DEAD] (GHOST): YES
[14:33:42] SAY: Russell Lord (Dragonflamesrest) : wow fucktard
[14:33:49] SAY: Russell Lord (Dragonflamesrest) : ILL BRING YOU DOWN
[14:33:55] SAY: Shitty Bill (NPC) : Got any lexo?
[14:34:14] SAY: Russell Lord (Dragonflamesrest) : *deat--UGH
[14:34:18] SAY: Russell Lord (Dragonflamesrest) : *deathgasp
[14:34:22] SAY: Russell Lord (Dragonflamesrest) : *deathgasp
[14:34:32] SAY: Russell Lord (Dragonflamesrest) : *deat--BLUH
[14:34:38] SAY: Russell Lord (Dragonflamesrest) : *deathgasp
[14:35:03] ACCESS: Login: Russell Lord (Dragonflamesrest) [DEAD] from 24.101.146.251
[14:35:04] ACCESS: Login: Raiddean [TRAITOR] from 71.126.127.165
[14:35:16] ACCESS: Login: Russell Lord (Dragonflamesrest) [DEAD] from 24.101.146.251
[14:35:18] SAY: Shitty Bill (NPC) : Got any serum?
[14:35:20] ACCESS: Login: Russell Lord (Dragonflamesrest) [DEAD] from 24.101.146.251
[14:35:27] ACCESS: Login: Russell Lord (Dragonflamesrest) [DEAD] from 24.101.146.251
[14:35:32] ACCESS: Login: Russell Lord (Dragonflamesrest) [DEAD] from 24.101.146.251
[14:35:39] ACCESS: Login: Russell Lord (Dragonflamesrest) [DEAD] from 24.101.146.251
[14:35:43] SAY: Shitty Bill (NPC) : Nice hair, friend.
[14:35:44] SAY: Alien Chestburster 817 (Raiddean) [TRAITOR] :  Hello?
[14:35:56] SAY: Shitty Bill (NPC) : Hey buddy, gimme yer high fives.
[14:37:27] ACCESS: Login: Russell Lord (Dragonflamesrest) [DEAD] from 24.101.146.251
[14:37:29] ACCESS: Login: Dragonflamesrest from 24.101.146.251
[14:37:36] ACCESS: Login: Alien Facehugger 165 (Dragonflamesrest) [DEAD] from 24.101.146.251
[14:37:41] SAY: Alien Drone 817 (Raiddean) [TRAITOR] :  Ooooh
[14:37:50] SAY: Alien Drone 817 (Raiddean) [TRAITOR] : Ah
[14:38:25] ACCESS: Login: Dragonflamesrest from 24.101.146.251
[14:38:29] SAY: Alien Drone 817 (Raiddean) [TRAITOR] : Ello
[14:39:59] SAY: Shitty Bill (NPC) : Pour one out for Father Jack...
[14:40:10] ACCESS: Login: Loreto Kaur (Seqsu ana) [DEAD] from 201.3.85.252
[14:40:41] SAY: Alien Drone 817 (Raiddean) [TRAITOR] : o


Starting up. 14:42.46
---------------------

[14:42:52] ADMIN: Loading jobban_rank
[14:42:52] ADMIN: Jobban_keylist was empty
[14:42:52] ADMIN: Updating jobbanfile!
[14:42:52] ADMIN: Loading oocban_rank
[14:42:52] ADMIN: oocban_keylist was empty
[14:42:52] ADMIN: Updating jobbanfile!
ADMIN: furrychicken = Host
ADMIN: cherkir = Host
ADMIN: jasonvorheese = Primary Administrator
ADMIN: REDACTEDminimeatwadREDACTED = Primary Administrator
ADMIN: xenosandboxthesecond = Primary Administrator
ADMIN: exbod = Primary Administrator
ADMIN: zenek123 = Secondary Administrator
ADMIN: noobpwnt4lif3 = Coder
ADMIN: kimjuandong = Coder
ADMIN: adolf12 = Iconner
ADMIN: kamina321 = Moderator
[14:43:08] ACCESS: Login: Dragonflamesrest from 24.101.146.251
[14:43:08] ACCESS: Login: Sageofaether12 from 71.30.132.162
[14:43:10] ACCESS: Login: Furry Chicken from 50.133.2.25
[14:46:37] ACCESS: Login: Dragonflamesrest [TRAITOR] from 24.101.146.251
[14:48:39] SAY: Shitty Bill (NPC) : I ever tell you 'bout my secret stash?
[14:48:51] SAY: Shitty Bill (NPC) : I ever tell you 'bout who really shot the clown?
[14:49:10] SAY: Shitty Bill (NPC) : Dag, it's Donald "Don" Glabs.
[14:49:29] SAY: Father Jack (NPC) : GIRLS!
[14:49:43] SAY: Shitty Bill (NPC) : Nice threads, bro.
[14:50:00] SAY: Father Jack (NPC) : ARSE!
[14:50:31] SAY: Shitty Bill (NPC) : You a Synder?
[14:51:34] SAY: Shitty Bill (NPC) : You a wizman?
[14:53:39] SAY: Father Jack (NPC) : That would be an ecumenical matter.
[14:54:29] SAY: Shitty Bill (NPC) : The hell're you lookin' at, friend?
[14:57:07] SAY: Shitty Bill (NPC) : Nice hair, chief.
[14:57:25] SAY: Shitty Bill (NPC) : Got any cola?
[14:58:05] SAY: Shitty Bill (NPC) : Nice pod, clown.
[14:58:23] SAY: Shitty Bill (NPC) : I think my homies got caught.
[14:58:58] SAY: Shitty Bill (NPC) : You ride?
[14:59:17] SAY: Shitty Bill (NPC) : Man, I sure miss the Cloud.
[15:00:27] SAY: Shitty Bill (NPC) : Got any hyro?
[15:00:54] SAY: Shitty Bill (NPC) : Nice hogg, beardo.
[15:01:05] SAY: Shitty Bill (NPC) : Got a light, beardo?
[15:02:03] SAY: Shitty Bill (NPC) : How's it hangin' Father Jack.
[15:02:15] SAY: Shitty Bill (NPC) : I think my crew set me up.
[15:02:47] SAY: Shitty Bill (NPC) : Oh hell, it's Father Jack.
[15:03:15] SAY: Shitty Bill (NPC) : Hey brud, gimme yer keys.
[15:04:05] SAY: Father Jack (NPC) : GIRLS!
[15:07:53] SAY: Father Jack (NPC) : ARSE!


Starting up. 15:19.19
---------------------

[15:19:24] ADMIN: Loading jobban_rank
[15:19:24] ADMIN: Jobban_keylist was empty
[15:19:24] ADMIN: Updating jobbanfile!
[15:19:24] ADMIN: Loading oocban_rank
[15:19:24] ADMIN: oocban_keylist was empty
[15:19:24] ADMIN: Updating jobbanfile!
ADMIN: furrychicken = Host
ADMIN: cherkir = Host
ADMIN: jasonvorheese = Primary Administrator
ADMIN: REDACTEDminimeatwadREDACTED = Primary Administrator
ADMIN: xenosandboxthesecond = Primary Administrator
ADMIN: exbod = Primary Administrator
ADMIN: zenek123 = Secondary Administrator
ADMIN: noobpwnt4lif3 = Coder
ADMIN: kimjuandong = Coder
ADMIN: adolf12 = Iconner
ADMIN: kamina321 = Moderator
[15:19:41] ACCESS: Login: Sageofaether12 from 71.30.132.162
[15:19:41] ACCESS: Login: Furry Chicken from 50.133.2.25
[15:23:39] SAY: Shitty Bill (NPC) : What you lookin' at, chump?
[15:25:19] SAY: Shitty Bill (NPC) : Got any ecto?
[15:25:56] SAY: Father Jack (NPC) : GIRLS!
[15:26:59] SAY: Shitty Bill (NPC) : Got any beff?
[15:27:34] SAY: Shitty Bill (NPC) : Got a light, buddy?
[15:28:05] SAY: Shitty Bill (NPC) : Man, I sure miss bein' the Head Surgeon.
[15:29:01] SAY: Shitty Bill (NPC) : I ever tell you 'bout my secret base?
[15:30:04] SAY: Father Jack (NPC) : ARSE!
[15:30:09] SAY: Shitty Bill (NPC) : Whatcha you lookin' at, dingus?
[15:30:27] SAY: Shitty Bill (NPC) : Got a light, scrub?
[15:31:12] ACCESS: Login: Rogeriosatoshi [DEAD] from 177.132.120.179
[15:32:01] SAY: Shitty Bill (NPC) : What you lookin' at, flyboy?
[15:32:44] SAY: Shitty Bill (NPC) : Nice burner, dude.
[15:32:47] SAY: Shitty Bill (NPC) : Got any grease?
[15:32:49] ACCESS: Login: Satoru Takashi (Rogeriosatoshi) from 177.132.120.179
[15:33:52] SAY: Shitty Bill (NPC) : Man, I sure don't miss that long station.
[15:35:05] SAY: Father Jack (NPC) : DRINK!
[15:35:43] ACCESS: Login: PANCATS [DEAD] from 200.161.234.210
[15:36:59] ACCESS: Login: Darcey Mens (PANCATS) from 200.161.234.210
[15:38:05] SAY: Shitty Bill (NPC) : Got a light, Colonel?
[15:39:18] SAY: Shitty Bill (NPC) : Got any smuds?
[15:39:34] SAY: Shitty Bill (NPC) : I ever tell you 'bout why you're really here?
[15:40:35] SAY: Shitty Bill (NPC) : Got any Omni?
[15:41:00] ACCESS: Login: Solour [DEAD] from 97.81.77.231
[15:41:00] SAY: Shitty Bill (NPC) : Whatcha you lookin' at, astronaut?
[15:41:46] SAY: Shitty Bill (NPC) : Whatcha you lookin' at, bro?
[15:42:24] SAY: Shitty Bill (NPC) : Got a light, kid?
[15:42:27] ACCESS: Login: Furry Chicken [DEAD] from 50.133.2.25
[15:42:32] ACCESS: Login: Solour [DEAD] from 97.81.77.231
[15:42:43] ACCESS: Login: Satoru Takashi (Rogeriosatoshi) from 177.132.120.179
[15:42:50] SAY: Shitty Bill (NPC) : What you lookin' at, pal?
[15:42:55] ACCESS: Login: Ian Mitchell (Solour) [DEAD] from 97.81.77.231
[15:42:55] SAY: Satoru Takashi (Rogeriosatoshi) : hey
[15:42:59] SAY: Satoru Takashi (Rogeriosatoshi) : strpo]
[15:43:03] SAY: Satoru Takashi (Rogeriosatoshi) : stio
[15:43:12] ACCESS: Login: Ian Mitchell (Solour) [DEAD] from 97.81.77.231
[15:43:41] ACCESS: Login: Ian Mitchell (Solour) [DEAD] from 97.81.77.231
[15:43:47] SAY: Shitty Bill (NPC) : What you lookin' at, doofus?
[15:43:49] SAY: Darcey Mens (PANCATS) : wft
[15:43:52] SAY: Shitty Bill (NPC) : I ever tell you 'bout that time I learned Sumerian?
[15:44:06] ACCESS: Login: Furry Chicken from 50.133.2.25
[15:45:23] SAY: Father Jack (NPC) : DRINK!
[15:45:37] SAY: Satoru Takashi (Rogeriosatoshi) [DEAD] : kill me
[15:45:44] ACCESS: Login: Satoru Takashi (Rogeriosatoshi) [DEAD] from 177.132.120.179
[15:46:00] SAY: Father Jack (NPC) : GIRLS!
[15:48:19] SAY: Shitty Bill (NPC) : Oh Christ, it's Donald "Don" Glabs.
[15:49:16] SAY: Shitty Bill (NPC) : Well shit, they iced Father Jack...
[15:50:27] SAY: Shitty Bill (NPC) : Blaze one up for Donald "Don" Glabs...
[15:50:43] SAY: Shitty Bill (NPC) : Oh damn, they got Donald "Don" Glabs...
[15:51:18] SAY: Shitty Bill (NPC) : That's street life for ya Donald "Don" Glabs...
[15:52:01] SAY: Shitty Bill (NPC) : Oh damn, they got Donald "Don" Glabs...


Starting up. 15:55.54
---------------------

[15:56:00] ADMIN: Loading jobban_rank
[15:56:00] ADMIN: Jobban_keylist was empty
[15:56:00] ADMIN: Updating jobbanfile!
[15:56:00] ADMIN: Loading oocban_rank
[15:56:00] ADMIN: oocban_keylist was empty
[15:56:00] ADMIN: Updating jobbanfile!
ADMIN: furrychicken = Host
ADMIN: cherkir = Host
ADMIN: jasonvorheese = Primary Administrator
ADMIN: REDACTEDminimeatwadREDACTED = Primary Administrator
ADMIN: xenosandboxthesecond = Primary Administrator
ADMIN: exbod = Primary Administrator
ADMIN: zenek123 = Secondary Administrator
ADMIN: noobpwnt4lif3 = Coder
ADMIN: kimjuandong = Coder
ADMIN: adolf12 = Iconner
ADMIN: kamina321 = Moderator
[15:56:19] ACCESS: Login: Sageofaether12 from 71.30.132.162
[15:56:20] ACCESS: Login: Dragonflamesrest from 24.101.146.251
[16:01:36] SAY: Shitty Bill (NPC) : You a changer?
