

Starting up. 11:14.57
---------------------

[11:15:01] ADMIN: Loading jobban_rank
[11:15:01] ADMIN: Jobban_keylist was empty
[11:15:01] ADMIN: Updating jobbanfile!
[11:15:01] ADMIN: Loading oocban_rank
[11:15:01] ADMIN: oocban_keylist was empty
[11:15:01] ADMIN: Updating jobbanfile!
ADMIN: furrychicken = Host
ADMIN: cherkir = Host
ADMIN: jasonvorheese = Primary Administrator
ADMIN: REDACTEDminimeatwadREDACTED = Primary Administrator
ADMIN: xenosandboxthesecond = Primary Administrator
ADMIN: exbod = Primary Administrator
ADMIN: zenek123 = Secondary Administrator
ADMIN: noobpwnt4lif3 = Coder
ADMIN: kimjuandong = Coder
ADMIN: adolf12 = Iconner
ADMIN: kamina321 = Moderator
[11:15:17] ACCESS: Login: Guest-4038160359 from 


Starting up. 11:16.43
---------------------

[11:16:48] ADMIN: Loading jobban_rank
[11:16:48] ADMIN: Jobban_keylist was empty
[11:16:48] ADMIN: Updating jobbanfile!
[11:16:48] ADMIN: Loading oocban_rank
[11:16:48] ADMIN: oocban_keylist was empty
[11:16:48] ADMIN: Updating jobbanfile!
ADMIN: furrychicken = Host
ADMIN: cherkir = Host
ADMIN: jasonvorheese = Primary Administrator
ADMIN: REDACTEDminimeatwadREDACTED = Primary Administrator
ADMIN: xenosandboxthesecond = Primary Administrator
ADMIN: exbod = Primary Administrator
ADMIN: zenek123 = Secondary Administrator
ADMIN: noobpwnt4lif3 = Coder
ADMIN: kimjuandong = Coder
ADMIN: adolf12 = Iconner
ADMIN: kamina321 = Moderator
[11:17:02] ACCESS: Login: Guest-4038160359 from 


Starting up. 11:18.35
---------------------

[11:18:40] ADMIN: Loading jobban_rank
[11:18:40] ADMIN: Jobban_keylist was empty
[11:18:40] ADMIN: Updating jobbanfile!
[11:18:40] ADMIN: Loading oocban_rank
[11:18:40] ADMIN: oocban_keylist was empty
[11:18:40] ADMIN: Updating jobbanfile!
ADMIN: furrychicken = Host
ADMIN: cherkir = Host
ADMIN: jasonvorheese = Primary Administrator
ADMIN: REDACTEDminimeatwadREDACTED = Primary Administrator
ADMIN: xenosandboxthesecond = Primary Administrator
ADMIN: exbod = Primary Administrator
ADMIN: zenek123 = Secondary Administrator
ADMIN: noobpwnt4lif3 = Coder
ADMIN: kimjuandong = Coder
ADMIN: adolf12 = Iconner
ADMIN: kamina321 = Moderator
[11:18:59] ACCESS: Login: Guest-4038160359 from 
