

Starting up. 10:33.51
---------------------

[10:33:56] ADMIN: Loading jobban_rank
[10:33:56] ADMIN: Jobban_keylist was empty
[10:33:56] ADMIN: Updating jobbanfile!
[10:33:56] ADMIN: Loading oocban_rank
[10:33:56] ADMIN: oocban_keylist was empty
[10:33:56] ADMIN: Updating jobbanfile!
ADMIN: furrychicken = Headmin
ADMIN: cherkir = Headmin
ADMIN: jasonvorheese = Primary Administrator
ADMIN: REDACTEDminimeatwadREDACTED = Primary Administrator
ADMIN: xenosandboxthesecond = Primary Administrator
ADMIN: exbod = Primary Administrator
ADMIN: zenek123 = Secondary Administrator
ADMIN: noobpwnt4lif3 = Codermin
ADMIN: kimjuandong = Coder
ADMIN: adolf12 = Iconner
ADMIN: kamina321 = Moderator
[10:34:13] ACCESS: Login: Furry Chicken from 
[10:38:40] ADMIN: Furry Chicken [DEAD] has started the game.
[10:38:41] ACCESS: Login: Furry Chicken [TRAITOR] from 
[10:38:44] SAY: Shitty Bill (NPC) : Yo, gimme yer high fives.
[10:39:41] SAY: Shitty Bill (NPC) : The hell're you lookin' at, astronaut?
[10:39:52] ADMIN: Alien Queen (Furry Chicken) [TRAITOR] tried to varedit /datum/admins but was denied!
[10:39:54] ADMIN: Alien Queen (Furry Chicken) [TRAITOR] tried to varedit /datum/admins but was denied!
[10:39:58] ADMIN: Alien Queen (Furry Chicken) [TRAITOR] tried to varedit /datum/admins but was denied!
[10:40:41] SAY: Shitty Bill (NPC) : Got any stims?


Starting up. 11:16.01
---------------------

[11:16:07] ADMIN: Loading jobban_rank
[11:16:07] ADMIN: Jobban_keylist was empty
[11:16:07] ADMIN: Updating jobbanfile!
[11:16:07] ADMIN: Loading oocban_rank
[11:16:07] ADMIN: oocban_keylist was empty
[11:16:07] ADMIN: Updating jobbanfile!
ADMIN: furrychicken = Headmin
ADMIN: cherkir = Headmin
ADMIN: jasonvorheese = Primary Administrator
ADMIN: REDACTEDminimeatwadREDACTED = Primary Administrator
ADMIN: xenosandboxthesecond = Primary Administrator
ADMIN: exbod = Primary Administrator
ADMIN: zenek123 = Secondary Administrator
ADMIN: noobpwnt4lif3 = Codermin
ADMIN: kimjuandong = Coder
ADMIN: adolf12 = Iconner
ADMIN: kamina321 = Moderator
[11:16:30] ACCESS: Login: Furry Chicken from 


Starting up. 13:59.00
---------------------

[13:59:05] ADMIN: Loading jobban_rank
[13:59:05] ADMIN: Jobban_keylist was empty
[13:59:05] ADMIN: Updating jobbanfile!
[13:59:05] ADMIN: Loading oocban_rank
[13:59:05] ADMIN: oocban_keylist was empty
[13:59:05] ADMIN: Updating jobbanfile!
ADMIN: furrychicken = Headmin
ADMIN: cherkir = Headmin
ADMIN: jasonvorheese = Primary Administrator
ADMIN: REDACTEDminimeatwadREDACTED = Primary Administrator
ADMIN: xenosandboxthesecond = Primary Administrator
ADMIN: exbod = Primary Administrator
ADMIN: zenek123 = Secondary Administrator
ADMIN: noobpwnt4lif3 = Codermin
ADMIN: kimjuandong = Coder
ADMIN: adolf12 = Iconner
ADMIN: kamina321 = Moderator
[13:59:22] ACCESS: Login: Furry Chicken from 
[14:00:03] ADMIN: Furry Chicken [DEAD] has started the game.
[14:00:27] ADMIN: Furry Chicken [DEAD] has started the game.
[14:00:27] ACCESS: Login: Furry Chicken [TRAITOR] from 
[14:00:48] SAY: Shitty Bill (NPC) : You fly?
[14:00:59] ADMIN: Alien Queen (Furry Chicken) [TRAITOR] opened the create_object panel
[14:01:04] ADMIN: Alien Queen (Furry Chicken) [TRAITOR] created a /obj/item/reagent_containers/food/snacks/ingredient/meat/humanmeat
[14:01:21] SAY: Shitty Bill (NPC) : I ever tell you 'bout the time I found an alien thing that killed dudes?
[14:01:22] SAY: Father Jack (NPC) : ARSE!
[14:01:48] SAY: Shitty Bill (NPC) : Hey, it's Donald "Don" Glabs.
[14:02:48] SAY: Shitty Bill (NPC) : You a narc?
[14:03:11] ACCESS: Login: Drone 8*55 (Furry Chicken) from 
[14:03:24] SAY: Father Jack (NPC) : GIRLS!
[14:03:27] ACCESS: Login: Drone 8*55 (Furry Chicken) [TRAITOR] [DEAD] from 
[14:03:29] ACCESS: Login: Furry Chicken [TRAITOR] from 
[14:03:46] SAY: Maechoh maenn (Furry Chicken) [TRAITOR] : *scream
[14:03:53] SAY: Shitty Bill (NPC) : You rap?
[14:04:02] SAY: Shitty Bill (NPC) : Man, I sure miss bein' an NT.
[14:04:14] SAY: Shitty Bill (NPC) : Got any hyro?
[14:04:28] SAY: Shitty Bill (NPC) : You roll?
[14:04:57] SAY: Shitty Bill (NPC) : Man, I sure miss my shovel.
[14:05:43] SAY: Father Jack (NPC) : DRINK!
[14:06:29] SAY: Shitty Bill (NPC) : Got any jenkem?
[14:06:38] SAY: Shitty Bill (NPC) : Hey pal, gimme yer jet.
[14:08:07] SAY: Shitty Bill (NPC) : Got any serum?
[14:08:39] ADMIN: Maechoh maenn (Furry Chicken) [TRAITOR] opened the create_object panel
[14:08:43] ADMIN: Maechoh maenn (Furry Chicken) [TRAITOR] created a /obj/item/shaker/salt
[14:08:46] ADMIN: Maechoh maenn (Furry Chicken) [TRAITOR] opened the create_object panel
[14:08:52] ADMIN: Maechoh maenn (Furry Chicken) [TRAITOR] created a /obj/item/reagent_containers/food/snacks/ingredient/meat/monkeymeat
[14:09:26] SAY: Shitty Bill (NPC) : Hey friendo, gimme yer jet.
[14:10:09] ADMIN: Maechoh maenn (Furry Chicken) [TRAITOR] jumped to 145, 104, 1 in Public Market
[14:10:13] ADMIN: Maechoh maenn (Furry Chicken) [TRAITOR] jumped to 145, 107, 1 in Public Market
[14:10:28] SAY: Shitty Bill (NPC) : I think my bruds stole my hat.
[14:10:44] SAY: Father Jack (NPC) : That would be an ecumenical matter.


Starting up. 15:10.00
---------------------

[15:10:04] ADMIN: Loading jobban_rank
[15:10:04] ADMIN: Jobban_keylist was empty
[15:10:04] ADMIN: Updating jobbanfile!
[15:10:04] ADMIN: Loading oocban_rank
[15:10:04] ADMIN: oocban_keylist was empty
[15:10:04] ADMIN: Updating jobbanfile!
ADMIN: furrychicken = Headmin
ADMIN: cherkir = Headmin
ADMIN: jasonvorheese = Primary Administrator
ADMIN: REDACTEDminimeatwadREDACTED = Primary Administrator
ADMIN: xenosandboxthesecond = Primary Administrator
ADMIN: exbod = Primary Administrator
ADMIN: zenek123 = Secondary Administrator
ADMIN: noobpwnt4lif3 = Codermin
ADMIN: kimjuandong = Coder
ADMIN: adolf12 = Iconner
ADMIN: kamina321 = Moderator
[15:10:22] ACCESS: Login: Furry Chicken from 


Starting up. 20:54.59
---------------------

[20:55:06] ADMIN: Loading jobban_rank
[20:55:06] ADMIN: Jobban_keylist was empty
[20:55:06] ADMIN: Updating jobbanfile!
[20:55:06] ADMIN: Loading oocban_rank
[20:55:06] ADMIN: oocban_keylist was empty
[20:55:06] ADMIN: Updating jobbanfile!
ADMIN: furrychicken = Headmin
ADMIN: cherkir = Headmin
ADMIN: jasonvorheese = Primary Administrator
ADMIN: REDACTEDminimeatwadREDACTED = Primary Administrator
ADMIN: xenosandboxthesecond = Primary Administrator
ADMIN: exbod = Primary Administrator
ADMIN: zenek123 = Secondary Administrator
ADMIN: noobpwnt4lif3 = Codermin
ADMIN: kimjuandong = Coder
ADMIN: adolf12 = Iconner
ADMIN: kamina321 = Moderator
[20:55:34] ACCESS: Login: Furry Chicken from 
[20:56:28] ADMIN: Furry Chicken [DEAD] has started the game.
[20:56:29] ACCESS: Login: Furry Chicken [TRAITOR] from 
[20:56:34] SAY: Shitty Bill (NPC) : I ever tell you 'bout my dad?
[20:56:53] ADMIN: Alien Queen (Furry Chicken) [TRAITOR] opened the create_mob panel
[20:56:56] ADMIN: Alien Queen (Furry Chicken) [TRAITOR] created a /mob/living/carbon/human/fatherjack
[20:57:43] SAY: Shitty Bill (NPC) : I ever tell you 'bout that time I fell in some lava?
[20:57:50] ACCESS: Login: Furry Chicken [TRAITOR] from 
[20:57:52] SAY: Father Jack (NPC) : ARSE!
[20:57:59] SAY: Shitty Bill (NPC) : Nice hogg, scrub.
[20:57:59] ACCESS: Login: Furry Chicken [TRAITOR] from 
[20:58:55] ADMIN: Alien Sentinel 60 (Furry Chicken) [TRAITOR] healed / revived Alien Sentinel 60 (Furry Chicken) [TRAITOR]
[20:59:01] ACCESS: Login: Furry Chicken [TRAITOR] from 
[20:59:12] ACCESS: Login: Furry Chicken [TRAITOR] from 
[20:59:22] SAY: Shitty Bill (NPC) : Man, I sure miss my shovel.
[20:59:29] ADMIN: Alien Praetorian 907 (Furry Chicken) [TRAITOR] healed / revived Alien Praetorian 907 (Furry Chicken) [TRAITOR]
[20:59:43] ADMIN: Alien Praetorian 907 (Furry Chicken) [TRAITOR] healed / revived Alien Praetorian 907 (Furry Chicken) [TRAITOR]
[21:00:24] ADMIN: Alien Praetorian 907 (Furry Chicken) [TRAITOR] healed / revived Alien Praetorian 907 (Furry Chicken) [TRAITOR]
[21:01:02] ADMIN: Alien Praetorian 907 (Furry Chicken) [TRAITOR] healed / revived Alien Praetorian 907 (Furry Chicken) [TRAITOR]
[21:01:12] ADMIN: Alien Praetorian 907 (Furry Chicken) [TRAITOR] opened the create_object panel
[21:01:17] ADMIN: Alien Praetorian 907 (Furry Chicken) [TRAITOR] created a /obj/burning_barrel
[21:01:17] ADMIN: Alien Praetorian 907 (Furry Chicken) [TRAITOR] created a /obj/burning_barrel
[21:01:23] SAY: Shitty Bill (NPC) : You a wizman?
[21:01:36] ADMIN: Alien Praetorian 907 (Furry Chicken) [TRAITOR] healed / revived Alien Praetorian 907 (Furry Chicken) [TRAITOR]


Starting up. 22:27.57
---------------------

[22:28:02] ADMIN: Loading jobban_rank
[22:28:02] ADMIN: Jobban_keylist was empty
[22:28:02] ADMIN: Updating jobbanfile!
[22:28:02] ADMIN: Loading oocban_rank
[22:28:02] ADMIN: oocban_keylist was empty
[22:28:02] ADMIN: Updating jobbanfile!
ADMIN: furrychicken = Headmin
ADMIN: cherkir = Headmin
ADMIN: jasonvorheese = Primary Administrator
ADMIN: REDACTEDminimeatwadREDACTED = Primary Administrator
ADMIN: xenosandboxthesecond = Primary Administrator
ADMIN: exbod = Primary Administrator
ADMIN: zenek123 = Secondary Administrator
ADMIN: noobpwnt4lif3 = Codermin
ADMIN: kimjuandong = Coder
ADMIN: adolf12 = Iconner
ADMIN: kamina321 = Moderator
[22:28:22] ACCESS: Login: Furry Chicken from 
[22:29:31] ADMIN: Furry Chicken [DEAD] has started the game.
[22:29:38] ADMIN: Furry Chicken [DEAD] has started the game.
[22:29:38] ACCESS: Login: Furry Chicken [TRAITOR] from 
[22:30:10] SAY: Shitty Bill (NPC) : You a Russian?
[22:30:29] SAY: Shitty Bill (NPC) : Hey dweeb, gimme yer smokes.
[22:30:50] ADMIN: Alien Queen (Furry Chicken) [TRAITOR] healed / revived Alien Queen (Furry Chicken) [TRAITOR]
[22:30:52] SAY: Shitty Bill (NPC) : You ride?
[22:31:09] ADMIN: Alien Queen (Furry Chicken) [TRAITOR] healed / revived Mr. Fisting (Monkey)
[22:31:11] SAY: Shitty Bill (NPC) : Got a light, beardo?
[22:32:14] ADMIN: Alien Queen (Furry Chicken) [TRAITOR] modified [0x21011b4c] (/datum/light/point)'s enabled to 1
[22:32:34] SAY: Shitty Bill (NPC) : Nice face, dweeb.
[22:33:37] SAY: Shitty Bill (NPC) : I think my crew stole my hat.
[22:33:59] ADMIN: Alien Queen (Furry Chicken) [TRAITOR] healed / revived Alien Queen (Furry Chicken) [TRAITOR]
[22:34:04] SAY: Shitty Bill (NPC) : I ever tell you 'bout the time I got high with a bee?
[22:34:11] SAY: Shitty Bill (NPC) : Got any weed?
[22:34:42] ACCESS: Login: Furry Chicken [TRAITOR] from 
[22:34:51] ACCESS: Login: Furry Chicken [TRAITOR] from 
[22:34:54] ACCESS: Login: Alien Sentinel 984 (Furry Chicken) [TRAITOR] [DEAD] from 
[22:35:16] ACCESS: Login: Furry Chicken [TRAITOR] from 
[22:35:19] ACCESS: Login: Alien Sentinel 512 (Furry Chicken) [TRAITOR] [DEAD] from 
[22:36:22] ACCESS: Login: Furry Chicken [TRAITOR] from 
[22:36:24] ACCESS: Login: Alien Sentinel 738 (Furry Chicken) [TRAITOR] [DEAD] from 
[22:36:44] SAY: Shitty Bill (NPC) : Hey, gimme yer dosh.
[22:36:48] SAY: Shitty Bill (NPC) : You a beardo?
[22:37:10] SAY: Shitty Bill (NPC) : Hey dweeb, gimme yer patch.
[22:37:10] ACCESS: Login: Furry Chicken [TRAITOR] from 
[22:37:25] ADMIN: Alien Sentinel 163 (Furry Chicken) [TRAITOR] healed / revived Alien Sentinel 163 (Furry Chicken) [TRAITOR]
[22:37:35] ADMIN: Alien Sentinel 163 (Furry Chicken) [TRAITOR] healed / revived Alien Sentinel 163 (Furry Chicken) [TRAITOR]
[22:37:37] ADMIN: Alien Sentinel 163 (Furry Chicken) [TRAITOR] healed / revived Mr. Fisting (Monkey)
[22:37:45] SAY: Shitty Bill (NPC) : Man, I sure don't miss that long station.
[22:37:56] ADMIN: Alien Sentinel 163 (Furry Chicken) [TRAITOR] healed / revived Alien Sentinel 163 (Furry Chicken) [TRAITOR]
[22:38:42] ADMIN: Alien Sentinel 163 (Furry Chicken) [TRAITOR] modified [0x21017c83] (/datum/light/point)'s enabled to 1
[22:39:02] SAY: Shitty Bill (NPC) : You dance?
[22:39:15] ADMIN: Alien Sentinel 163 (Furry Chicken) [TRAITOR] opened the create_mob panel
[22:39:18] ADMIN: Alien Sentinel 163 (Furry Chicken) [TRAITOR] created a /mob/living/carbon/human/waldo
[22:39:25] ADMIN: Alien Sentinel 163 (Furry Chicken) [TRAITOR] healed / revived Alien Sentinel 163 (Furry Chicken) [TRAITOR]
[22:39:46] ADMIN: Alien Sentinel 163 (Furry Chicken) [TRAITOR] healed / revived Alien Sentinel 163 (Furry Chicken) [TRAITOR]
[22:40:06] ADMIN: Alien Sentinel 163 (Furry Chicken) [TRAITOR] healed / revived Alien Sentinel 163 (Furry Chicken) [TRAITOR]
[22:40:56] SAY: Shitty Bill (NPC) : You a wizman?
[22:41:18] SAY: Shitty Bill (NPC) : Nice treads, flyboy.
[22:41:32] SAY: Shitty Bill (NPC) : I think my crew left without me.
[22:41:53] SAY: Shitty Bill (NPC) : You a wizman?
[22:41:55] SAY: Shitty Bill (NPC) : Got any serum?
[22:42:04] SAY: Shitty Bill (NPC) : You smoke?
[22:42:07] SAY: Shitty Bill (NPC) : You a narc?
[22:42:21] SAY: Shitty Bill (NPC) : You a beardo?
[22:42:22] ACCESS: Login: Alien Sentinel 163 (Furry Chicken) [TRAITOR] [DEAD] from 
[22:42:32] ACCESS: Login: Furry Chicken [TRAITOR] from 
[22:42:52] SAY: Shitty Bill (NPC) : Dang, it's Donald "Don" Glabs.
[22:43:46] SAY: Shitty Bill (NPC) : I think my associates stole my key.
[22:44:30] SAY: Shitty Bill (NPC) : Hey buddy, gimme yer jet.
[22:44:33] SAY: Alien Warrior 880 (Furry Chicken) [TRAITOR] : *roar\
[22:44:35] SAY: Alien Warrior 880 (Furry Chicken) [TRAITOR] : *roar
[22:44:42] ACCESS: Login: Furry Chicken [TRAITOR] from 
[22:44:59] SAY: Shitty Bill (NPC) : Man, I sure miss the Rings.
[22:45:08] SAY: Father Jack (NPC) : That would be an ecumenical matter.
[22:45:15] ADMIN: Alien Praetorian 436 (Furry Chicken) [TRAITOR] healed / revived Alien Praetorian 436 (Furry Chicken) [TRAITOR]
[22:45:32] SAY: Shitty Bill (NPC) : Nice ship, wirehead.
[22:45:47] ADMIN: Alien Praetorian 436 (Furry Chicken) [TRAITOR] opened the create_mob panel
[22:45:49] ADMIN: Alien Praetorian 436 (Furry Chicken) [TRAITOR] created a /mob/living/carbon/human/fatherjack
[22:45:57] ADMIN: Alien Praetorian 436 (Furry Chicken) [TRAITOR] healed / revived Alien Praetorian 436 (Furry Chicken) [TRAITOR]
[22:46:10] SAY: Shitty Bill (NPC) : You a dracula?
[22:46:49] ACCESS: Login: Alien Praetorian 436 (Furry Chicken) [TRAITOR] [DEAD] from 
[22:47:06] SAY: Shitty Bill (NPC) : I ever tell you 'bout the time I found a box full of bees?
[22:47:08] ACCESS: Login: Furry Chicken [TRAITOR] from 
[22:47:11] SAY: Shitty Bill (NPC) : You drink?
[22:47:37] ADMIN: Alien Praetorian 211 (Furry Chicken) [TRAITOR] healed / revived Alien Praetorian 211 (Furry Chicken) [TRAITOR]
[22:48:12] ADMIN: Alien Praetorian 211 (Furry Chicken) [TRAITOR] healed / revived Alien Praetorian 211 (Furry Chicken) [TRAITOR]
[22:48:23] ACCESS: Login: Alien Praetorian 211 (Furry Chicken) [TRAITOR] [DEAD] from 
[22:48:28] SAY: Shitty Bill (NPC) : Hey chump, gimme yer drugs.
[22:48:48] ACCESS: Login: Furry Chicken [TRAITOR] from 
[22:48:59] SAY: Shitty Bill (NPC) : I ever tell you 'bout that time some nerd saved me from a massive drone that wouldn't quit starin' at me?
[22:49:07] ADMIN: mahtchoh men (Furry Chicken) [TRAITOR] opened the create_object panel
[22:49:15] ADMIN: mahtchoh men (Furry Chicken) [TRAITOR] created a /obj/burning_barrel
[22:49:15] SAY: Father Jack (NPC) : GIRLS!
[22:49:22] ADMIN: mahtchoh men (Furry Chicken) [TRAITOR] created a /obj/item/reagent_containers/food/snacks/plant/tomato
[22:49:23] ADMIN: mahtchoh men (Furry Chicken) [TRAITOR] created a /obj/item/reagent_containers/food/snacks/plant/tomato
[22:49:23] ADMIN: mahtchoh men (Furry Chicken) [TRAITOR] created a /obj/item/reagent_containers/food/snacks/plant/tomato
[22:49:25] ADMIN: mahtchoh men (Furry Chicken) [TRAITOR] opened the create_object panel
[22:49:29] ADMIN: mahtchoh men (Furry Chicken) [TRAITOR] created a /obj/item/kitchen/utensil/knife
[22:49:36] SAY: Shitty Bill (NPC) : I ever tell you 'bout the time I sold dope to that ice dude?
[22:49:55] SAY: Shitty Bill (NPC) : Man, I sure don't miss lookin' for keys.
[22:50:34] SAY: Shitty Bill (NPC) : You fly?
[22:50:34] SAY: Father Jack (NPC) : GIRLS!
[22:50:55] SAY: Shitty Bill (NPC) : Hey dweeb, gimme yer keys.
[22:51:11] SAY: Shitty Bill (NPC) : Got a light, clown?
[22:52:55] SAY: Shitty Bill (NPC) : I ever tell you 'bout who really shot the clown?
[22:53:23] SAY: Father Jack (NPC) : DRINK!
[22:53:25] SAY: Shitty Bill (NPC) : I think my crew got lost on the way here.
[22:53:25] SAY: Father Jack (NPC) : That would be an ecumenical matter.
[22:54:17] SAY: Shitty Bill (NPC) : What're you lookin' at, 'Traser?
[22:55:02] SAY: Shitty Bill (NPC) : Nice face, chief.
[22:55:15] SAY: Shitty Bill (NPC) : I ever tell you 'bout the time I found a box full of bees?
[22:55:22] SAY: Shitty Bill (NPC) : I think my crew stole my cat.
[22:55:41] SAY: Shitty Bill (NPC) : Nice hogg, scrub.
[22:55:53] SAY: Shitty Bill (NPC) : I think my bruds took off.
[22:55:55] SAY: Shitty Bill (NPC) : I ever tell you 'bout the time I caught Clown's Syndrome?
[22:56:21] SAY: Shitty Bill (NPC) : I ever tell you 'bout the time I huffed a whole canister fulla laughing gas?
[22:56:46] ADMIN: mahtchoh men (Furry Chicken) [TRAITOR] opened the create_object panel
[22:56:53] ADMIN: mahtchoh men (Furry Chicken) [TRAITOR] created a /obj/item/kitchen/utensil/knife
[22:57:15] SAY: Shitty Bill (NPC) : Oh hell, it's Donald "Don" Glabs.
[22:57:30] SAY: Shitty Bill (NPC) : Nice pod, flyboy.
[22:57:35] SAY: Shitty Bill (NPC) : Hey dweeb, gimme yer bees.
[22:59:14] SAY: Father Jack (NPC) : GIRLS!
[23:00:06] SAY: Father Jack (NPC) : GIRLS!
