

Starting up. 09:41.15
---------------------

[09:41:20] ADMIN: Loading jobban_rank
[09:41:20] ADMIN: Jobban_keylist was empty
[09:41:20] ADMIN: Updating jobbanfile!
[09:41:20] ADMIN: Loading oocban_rank
[09:41:20] ADMIN: oocban_keylist was empty
[09:41:20] ADMIN: Updating jobbanfile!
ADMIN: furrychicken = Headmin
ADMIN: cherkir = Headmin
ADMIN: jasonvorheese = Primary Administrator
ADMIN: REDACTEDminimeatwadREDACTED = Primary Administrator
ADMIN: xenosandboxthesecond = Primary Administrator
ADMIN: exbod = Primary Administrator
ADMIN: zenek123 = Secondary Administrator
ADMIN: noobpwnt4lif3 = Codermin
ADMIN: kimjuandong = Coder
ADMIN: adolf12 = Iconner
ADMIN: kamina321 = Moderator
[09:41:41] ACCESS: Login: Furry Chicken from 
[09:44:34] ADMIN: Furry Chicken [DEAD] has started the game.
[09:44:48] ADMIN: Furry Chicken [DEAD] has started the game.
[09:44:48] ACCESS: Login: Furry Chicken [TRAITOR] from 
[09:45:20] ADMIN: Alien Queen (Furry Chicken) [TRAITOR] opened the create_mob panel
[09:45:24] ADMIN: Alien Queen (Furry Chicken) [TRAITOR] created a /mob/living/carbon/human/waldo
[09:45:42] SAY: Shitty Bill (NPC) : Got any weed?
[09:47:30] SAY: Shitty Bill (NPC) : You rhyme?
[09:47:45] SAY: Shitty Bill (NPC) : Hey dweeb, gimme yer smokes.
[09:48:01] ADMIN: Alien Queen (Furry Chicken) [TRAITOR] healed / revived Alien Queen (Furry Chicken) [TRAITOR]
[09:48:30] SAY: Shitty Bill (NPC) : You a dracula?
[09:48:31] ACCESS: Login: Furry Chicken [TRAITOR] from 
[09:49:45] ACCESS: Login: Furry Chicken [TRAITOR] from 
[09:50:21] SAY: Shitty Bill (NPC) : Got a light, kid?
[09:50:47] ADMIN: Alien Sentinel 986 (Furry Chicken) [TRAITOR] jumped to 124, 178, 1 in Pool Room
[09:51:01] SAY: Shitty Bill (NPC) : You dance?
[09:51:03] ADMIN: Alien Sentinel 986 (Furry Chicken) [TRAITOR] healed / revived Alien Sentinel 986 (Furry Chicken) [TRAITOR]
[09:51:06] ACCESS: Login: Alien Sentinel 986 (Furry Chicken) [TRAITOR] [DEAD] from 
[09:51:17] SAY: Shitty Bill (NPC) : What're you lookin' at, kid?
[09:51:18] ACCESS: Login: Furry Chicken [TRAITOR] from 
[09:51:41] SAY: Shitty Bill (NPC) : What the hell are you lookin' at, owl man?
[09:51:43] ACCESS: Login: Alien Sentinel 411 (Furry Chicken) [TRAITOR] [DEAD] from 
[09:51:54] ACCESS: Login: Furry Chicken [TRAITOR] from 
[09:52:49] ADMIN: Alien Sentinel 471 (Furry Chicken) [TRAITOR] healed / revived Alien Sentinel 471 (Furry Chicken) [TRAITOR]
[09:52:59] ADMIN: Alien Sentinel 471 (Furry Chicken) [TRAITOR] healed / revived Alien Sentinel 471 (Furry Chicken) [TRAITOR]
[09:53:11] ADMIN: Alien Sentinel 471 (Furry Chicken) [TRAITOR] healed / revived Alien Sentinel 471 (Furry Chicken) [TRAITOR]
[09:53:16] ADMIN: Alien Sentinel 471 (Furry Chicken) [TRAITOR] healed / revived Alien Sentinel 471 (Furry Chicken) [TRAITOR]
[09:53:21] ADMIN: Alien Sentinel 471 (Furry Chicken) [TRAITOR] healed / revived Alien Sentinel 471 (Furry Chicken) [TRAITOR]
[09:53:26] ADMIN: Alien Sentinel 471 (Furry Chicken) [TRAITOR] healed / revived Alien Sentinel 471 (Furry Chicken) [TRAITOR]
[09:53:34] ACCESS: Login: Alien Sentinel 471 (Furry Chicken) [TRAITOR] [DEAD] from 
[09:53:43] ACCESS: Login: Furry Chicken [TRAITOR] from 
[09:53:52] SAY: Shitty Bill (NPC) : Hey, it's Donald "Don" Glabs.
[09:54:18] SAY: Shitty Bill (NPC) : You a Russian?
[09:54:24] ADMIN: Alien Praetorian 324 (Furry Chicken) [TRAITOR] healed / revived Alien Praetorian 324 (Furry Chicken) [TRAITOR]
[09:54:50] ADMIN: Alien Praetorian 324 (Furry Chicken) [TRAITOR] healed / revived Alien Praetorian 324 (Furry Chicken) [TRAITOR]
[09:54:53] ADMIN: Alien Praetorian 324 (Furry Chicken) [TRAITOR] healed / revived Chimpton (Monkey)
[09:55:12] ADMIN: Alien Praetorian 324 (Furry Chicken) [TRAITOR] healed / revived Alien Praetorian 324 (Furry Chicken) [TRAITOR]
[09:55:38] ACCESS: Login: Alien Praetorian 324 (Furry Chicken) [TRAITOR] [DEAD] from 
[09:55:49] SAY: Father Jack (NPC) : FECK!
[09:56:14] SAY: Shitty Bill (NPC) : I think my homebros got eaten.
[09:56:41] SAY: Shitty Bill (NPC) : The hell're you lookin' at, kid?
[09:56:55] SAY: Shitty Bill (NPC) : Got any taters?
[09:57:45] SAY: Shitty Bill (NPC) : Hey dweeb, gimme yer drugs.
[09:58:31] SAY: Shitty Bill (NPC) : Got any grease?
[09:58:47] SAY: Shitty Bill (NPC) : You a cop?
[09:58:59] SAY: Shitty Bill (NPC) : Got any hits?
[09:59:32] SAY: Shitty Bill (NPC) : What you lookin' at, dweeb?
[09:59:46] SAY: Shitty Bill (NPC) : Hey brud, gimme yer high fives.
[10:00:03] SAY: Father Jack (NPC) : That would be an ecumenical matter.
[10:00:22] SAY: Shitty Bill (NPC) : You ride?
[10:00:32] SAY: Shitty Bill (NPC) : What're you lookin' at, Colonel?
[10:00:58] SAY: Shitty Bill (NPC) : Man, I sure miss my dad.
[10:01:26] SAY: Shitty Bill (NPC) : What the hell are you lookin' at, buddy?
[10:01:34] ACCESS: Login: Furry Chicken [TRAITOR] from 
[10:01:38] SAY: Shitty Bill (NPC) : I think my crew stole my key.
[10:01:44] ADMIN: Alien Warrior 960 (Furry Chicken) [TRAITOR] opened the create_mob panel
[10:01:48] ADMIN: Alien Warrior 960 (Furry Chicken) [TRAITOR] created 6ea /mob/living/carbon/human/cluwne, /mob/living/carbon/human/fatherted, and /mob/living/carbon/human/fatherjack
[10:01:51] SAY: cluwne (NPC) : HONK HONK HONK!
[10:01:51] SAY: cluwne (NPC) : HONK HONK HONK HONK HONK HONK HONK HONK!
[10:01:53] SAY: cluwne (NPC) : HONK HONK!
[10:01:56] SAY: cluwne (NPC) : HONK HONK HONK! - HOOOOOONNNKKK!!!
[10:01:58] SAY: cluwne (NPC) : HONK HONK!
[10:01:58] SAY: cluwne (NPC) : HONK HONK HONK!
[10:02:00] SAY: cluwne (NPC) : HONK HONK!
[10:02:00] SAY: cluwne (NPC) : HONK HONK HONK!
[10:02:01] SAY: cluwne (NPC) : HONK HONK HONK HONK HONK HONK HONK HONK!
[10:02:01] SAY: cluwne (NPC) : HONK HONK HONK HONK HONK HONK HONK HONK!
[10:02:05] SAY: cluwne (NPC) : HONK HONK HONK!
[10:02:07] SAY: cluwne (NPC) : HONK HONK!
[10:02:10] SAY: cluwne (NPC) : HONK HONK!
[10:02:17] SAY: cluwne (NPC) : HONK HONK HONK HONK HONK HONK HONK HONK!
[10:02:24] SAY: cluwne (NPC) : HONK HONK!
[10:02:24] SAY: cluwne (NPC) : HONK HONK HONK HONK HONK HONK HONK HONK!
[10:02:26] SAY: cluwne (NPC) : HONK HONK!
[10:02:29] SAY: cluwne (NPC) : HONK HONK!
[10:02:33] SAY: Father Jack (NPC) : That would be an ecumenical matter.
[10:02:38] SAY: cluwne (NPC) : HONK HONK!
[10:02:45] SAY: cluwne (NPC) : HONK HONK!
[10:03:02] SAY: cluwne (NPC) : HONK HONK! - HOOOOOONNNKKK!!!
[10:03:05] SAY: cluwne (NPC) : HONK HONK HONK HONK HONK HONK HONK HONK! - HOOOOOONNNKKK!!!
[10:03:16] SAY: cluwne (NPC) : HONK HONK!
[10:03:21] SAY: cluwne (NPC) : HONK HONK!
[10:03:23] SAY: cluwne (NPC) : HONK HONK HONK!
[10:03:31] SAY: cluwne (NPC) : HONK HONK!
[10:03:31] SAY: cluwne (NPC) : HONK HONK!
[10:03:38] SAY: Father Jack (NPC) : That would be an ecumenical matter.
[10:03:38] SAY: cluwne (NPC) : HONK HONK!
[10:03:41] SAY: cluwne (NPC) : HONK HONK!
[10:03:43] SAY: Shitty Bill (NPC) : Got any smokes?
[10:03:48] SAY: cluwne (NPC) : HONK HONK!
[10:04:00] SAY: cluwne (NPC) : HONK HONK!
[10:04:06] ACCESS: Login: Furry Chicken [TRAITOR] from 
[10:04:08] SAY: Shitty Bill (NPC) : Got any 'roni?
[10:04:12] SAY: cluwne (NPC) : HONK HONK!
[10:04:17] SAY: cluwne (NPC) : HONK HONK!
[10:04:27] SAY: Father Jack (NPC) : GIRLS!
[10:04:42] SAY: cluwne (NPC) : HONK HONK!
[10:04:47] SAY: Shitty Bill (NPC) : You a wizman?
[10:04:53] ADMIN: Alien Praetorian 763 (Furry Chicken) [TRAITOR] modified [0x2101832e] (/datum/targetable/xenomorph/tailwhip)'s name to ayy
[10:04:55] SAY: cluwne (NPC) : HONK HONK!
[10:04:57] SAY: Father Jack (NPC) : GIRLS!
[10:04:59] SAY: cluwne (NPC) : HONK HONK!
[10:05:07] SAY: cluwne (NPC) : HONK HONK!
[10:05:08] ADMIN: Alien Praetorian 763 (Furry Chicken) [TRAITOR] healed / revived Alien Praetorian 763 (Furry Chicken) [TRAITOR]
[10:05:19] SAY: Father Jack (NPC) : ARSE!
[10:05:22] SAY: cluwne (NPC) : HONK HONK!
[10:05:24] SAY: cluwne (NPC) : HONK HONK!
[10:05:28] SAY: cluwne (NPC) : HONK HONK!
[10:05:48] SAY: cluwne (NPC) : HONK HONK!
[10:06:02] SAY: cluwne (NPC) : HONK HONK!
[10:06:07] SAY: cluwne (NPC) : HONK HONK!
[10:06:09] ADMIN: Alien Praetorian 763 (Furry Chicken) [TRAITOR] healed / revived Alien Praetorian 763 (Furry Chicken) [TRAITOR]
[10:06:09] SAY: Shitty Bill (NPC) : Man, I sure don't miss that weird ass military bunker.
[10:06:11] SAY: cluwne (NPC) : HONK HONK!
[10:06:15] ADMIN: Alien Praetorian 763 (Furry Chicken) [TRAITOR] healed / revived Alien Praetorian 763 (Furry Chicken) [TRAITOR]
[10:06:19] SAY: cluwne (NPC) : HONK HONK!
[10:06:24] SAY: Father Jack (NPC) : ARSE!
[10:06:29] SAY: cluwne (NPC) : HONK HONK!
[10:06:48] SAY: cluwne (NPC) : HONK HONK!
[10:06:51] ADMIN: Alien Praetorian 763 (Furry Chicken) [TRAITOR] healed / revived Alien Praetorian 763 (Furry Chicken) [TRAITOR]
[10:06:52] SAY: cluwne (NPC) : HONK HONK! - HOOOOOONNNKKK!!!
[10:07:02] SAY: Father Jack (NPC) : That would be an ecumenical matter.
[10:07:02] SAY: cluwne (NPC) : HONK HONK!
[10:07:09] SAY: cluwne (NPC) : HONK HONK!
[10:07:09] ADMIN: Alien Praetorian 763 (Furry Chicken) [TRAITOR] healed / revived Alien Praetorian 763 (Furry Chicken) [TRAITOR]
[10:07:11] SAY: cluwne (NPC) : HONK HONK!
[10:07:26] SAY: cluwne (NPC) : HONK HONK! - HOOOOOONNNKKK!!!
[10:07:26] ADMIN: Alien Praetorian 763 (Furry Chicken) [TRAITOR] healed / revived Alien Praetorian 763 (Furry Chicken) [TRAITOR]
[10:07:28] SAY: Father Jack (NPC) : DRINK!
[10:07:30] SAY: cluwne (NPC) : HONK HONK!
[10:07:32] ADMIN: Alien Praetorian 763 (Furry Chicken) [TRAITOR] healed / revived Alien Praetorian 763 (Furry Chicken) [TRAITOR]
[10:07:48] SAY: cluwne (NPC) : HONK HONK!
[10:07:51] SAY: cluwne (NPC) : HONK HONK!
[10:07:57] ADMIN: Alien Praetorian 763 (Furry Chicken) [TRAITOR] healed / revived Alien Praetorian 763 (Furry Chicken) [TRAITOR]
[10:08:00] SAY: cluwne (NPC) : HONK HONK!
[10:08:06] ACCESS: Login: Alien Praetorian 763 (Furry Chicken) [TRAITOR] [DEAD] from 
[10:08:15] ACCESS: Login: Furry Chicken [TRAITOR] from 
[10:08:18] SAY: cluwne (NPC) : HONK HONK!
[10:08:23] SAY: cluwne (NPC) : HONK HONK!
[10:08:52] SAY: cluwne (NPC) : HONK HONK!
[10:08:55] SAY: cluwne (NPC) : HONK HONK!
[10:09:00] SAY: cluwne (NPC) : HONK HONK!
[10:09:05] SAY: cluwne (NPC) : HONK HONK!
[10:09:18] ADMIN: Alien Warrior 129 (Furry Chicken) [TRAITOR] healed / revived Alien Warrior 129 (Furry Chicken) [TRAITOR]
[10:09:19] SAY: cluwne (NPC) : HONK HONK!
[10:09:26] ADMIN: Alien Warrior 129 (Furry Chicken) [TRAITOR] healed / revived Alien Warrior 129 (Furry Chicken) [TRAITOR]
[10:09:29] SAY: cluwne (NPC) : HONK HONK!
[10:09:40] SAY: cluwne (NPC) : HONK HONK!
[10:09:44] SAY: cluwne (NPC) : HONK HONK!
[10:09:58] SAY: Father Jack (NPC) : ARSE!
[10:10:01] SAY: cluwne (NPC) : HONK HONK!
[10:10:02] ADMIN: Alien Warrior 129 (Furry Chicken) [TRAITOR] healed / revived Alien Warrior 129 (Furry Chicken) [TRAITOR]
[10:10:03] SAY: cluwne (NPC) : HONK HONK!
[10:10:07] SAY: cluwne (NPC) : HONK HONK!
[10:10:09] SAY: cluwne (NPC) : HONK HONK!
[10:10:14] SAY: Shitty Bill (NPC) : Hello Donald "Don" Glabs.
[10:10:14] SAY: cluwne (NPC) : HONK HONK! - HOOOOOONNNKKK!!!
[10:10:20] ADMIN: Alien Warrior 129 (Furry Chicken) [TRAITOR] healed / revived Alien Warrior 129 (Furry Chicken) [TRAITOR]
[10:10:29] SAY: cluwne (NPC) : HONK HONK!
[10:10:48] SAY: Shitty Bill (NPC) : You jet?
[10:10:48] SAY: cluwne (NPC) : HONK HONK! - HOOOOOONNNKKK!!!
[10:10:51] SAY: cluwne (NPC) : HONK HONK!
[10:10:56] ADMIN: Alien Warrior 129 (Furry Chicken) [TRAITOR] healed / revived Alien Warrior 129 (Furry Chicken) [TRAITOR]
[10:10:58] SAY: cluwne (NPC) : HONK HONK!
[10:11:45] SAY: cluwne (NPC) : HONK HONK!
[10:12:10] SAY: cluwne (NPC) : HONK HONK!
[10:12:10] ACCESS: Login: Furry Chicken [TRAITOR] from 
[10:12:24] SAY: Mahtchoh Menn (Furry Chicken) [TRAITOR] : *scream
[10:12:44] SAY: cluwne (NPC) : HONK HONK!
[10:12:53] SAY: Father Jack (NPC) : GIRLS!
[10:13:05] SAY: Shitty Bill (NPC) : Got a light, dork?
[10:13:08] SAY: cluwne (NPC) : HONK HONK!
[10:13:09] SAY: Mahtchoh Menn (Furry Chicken) [TRAITOR] : *scream
[10:13:09] SAY: Mahtchoh Menn (Furry Chicken) [TRAITOR] : *scream
[10:13:09] SAY: Mahtchoh Menn (Furry Chicken) [TRAITOR] : *scream
[10:13:10] SAY: Mahtchoh Menn (Furry Chicken) [TRAITOR] : *scream
[10:13:10] SAY: Mahtchoh Menn (Furry Chicken) [TRAITOR] : *scream
[10:13:10] SAY: Mahtchoh Menn (Furry Chicken) [TRAITOR] : *scream
[10:13:10] SAY: Mahtchoh Menn (Furry Chicken) [TRAITOR] : *scream
[10:13:10] SAY: Mahtchoh Menn (Furry Chicken) [TRAITOR] : *scream
[10:13:17] ADMIN: Mahtchoh Menn (Furry Chicken) [TRAITOR] jumped to 131, 102, 1 in Cloning
[10:13:18] SAY: Father Jack (NPC) : GIRLS!
[10:13:20] ADMIN: Mahtchoh Menn (Furry Chicken) [TRAITOR] jumped to 132, 107, 1 in Medbay Lobby
[10:13:31] SAY: cluwne (NPC) : HONK HONK!
[10:13:45] SAY: Shitty Bill (NPC) : You jam?
[10:13:45] SAY: Father Jack (NPC) : DRINK!
[10:14:03] SAY: Shitty Bill (NPC) : You smoke?
[10:14:03] ADMIN: Mahtchoh Menn (Furry Chicken) [TRAITOR] healed / revived Mahtchoh Menn (Furry Chicken) [TRAITOR]
[10:14:07] SAY: cluwne (NPC) : HONK HONK!
[10:14:08] ADMIN: Mahtchoh Menn (Furry Chicken) [TRAITOR] opened the create_object panel
[10:14:14] ADMIN: Mahtchoh Menn (Furry Chicken) [TRAITOR] created a /obj/item/device/flashlight
[10:14:26] ADMIN: Mahtchoh Menn (Furry Chicken) [TRAITOR] opened the create_object panel
[10:14:28] SAY: cluwne (NPC) : HONK HONK!
[10:14:34] ADMIN: Mahtchoh Menn (Furry Chicken) [TRAITOR] created 5ea /obj/item/reagent_containers/food/snacks/ingredient/meat/organmeat
[10:14:35] SAY: cluwne (NPC) : HONK HONK! - HOOOOOONNNKKK!!!
[10:14:46] ADMIN: Mahtchoh Menn (Furry Chicken) [TRAITOR] opened the create_object panel
[10:14:51] ADMIN: Mahtchoh Menn (Furry Chicken) [TRAITOR] created a /obj/item/shaker/salt
[10:15:01] SAY: Mahtchoh Menn (Furry Chicken) [TRAITOR] : *scream
[10:15:01] SAY: Mahtchoh Menn (Furry Chicken) [TRAITOR] : *scream
[10:15:01] SAY: Mahtchoh Menn (Furry Chicken) [TRAITOR] : *scream
[10:15:02] SAY: Mahtchoh Menn (Furry Chicken) [TRAITOR] : *scream
[10:15:02] SAY: Mahtchoh Menn (Furry Chicken) [TRAITOR] : *scream
[10:15:02] SAY: Mahtchoh Menn (Furry Chicken) [TRAITOR] : *scream
[10:15:02] SAY: Mahtchoh Menn (Furry Chicken) [TRAITOR] : *scream
[10:15:02] SAY: Mahtchoh Menn (Furry Chicken) [TRAITOR] : *scream
[10:15:02] SAY: Mahtchoh Menn (Furry Chicken) [TRAITOR] : *scream
[10:15:03] SAY: Mahtchoh Menn (Furry Chicken) [TRAITOR] : *scream
[10:15:07] SAY: cluwne (NPC) : HONK HONK! - HOOOOOONNNKKK!!!
[10:15:09] SAY: cluwne (NPC) : HONK HONK!


Starting up. 10:17.34
---------------------

[10:17:40] ADMIN: Loading jobban_rank
[10:17:40] ADMIN: Jobban_keylist was empty
[10:17:40] ADMIN: Updating jobbanfile!
[10:17:40] ADMIN: Loading oocban_rank
[10:17:40] ADMIN: oocban_keylist was empty
[10:17:40] ADMIN: Updating jobbanfile!
ADMIN: furrychicken = Headmin
ADMIN: cherkir = Headmin
ADMIN: jasonvorheese = Primary Administrator
ADMIN: REDACTEDminimeatwadREDACTED = Primary Administrator
ADMIN: xenosandboxthesecond = Primary Administrator
ADMIN: exbod = Primary Administrator
ADMIN: zenek123 = Secondary Administrator
ADMIN: noobpwnt4lif3 = Codermin
ADMIN: kimjuandong = Coder
ADMIN: adolf12 = Iconner
ADMIN: kamina321 = Moderator
[10:18:06] ACCESS: Login: Furry Chicken from 
[10:18:40] ADMIN: Furry Chicken [DEAD] has started the game.
[10:18:40] ACCESS: Login: Furry Chicken [TRAITOR] from 
[10:18:46] SAY: Shitty Bill (NPC) : Hey buddy, gimme yer drugs.
[10:19:04] SAY: Shitty Bill (NPC) : Hey dweeb, gimme yer smokes.
[10:19:10] ACCESS: Login: Furry Chicken [TRAITOR] from 
[10:19:20] ACCESS: Login: Alien Sentinel 527 (Furry Chicken) [TRAITOR] [DEAD] from 
[10:19:51] ACCESS: Login: Furry Chicken [TRAITOR] from 
[10:19:56] ACCESS: Login: Furry Chicken [TRAITOR] from 
[10:19:59] SAY: maetzo Maenn (Furry Chicken) [TRAITOR] : *scream
[10:19:59] SAY: maetzo Maenn (Furry Chicken) [TRAITOR] : *scream
[10:19:59] SAY: maetzo Maenn (Furry Chicken) [TRAITOR] : *scream
[10:19:59] SAY: maetzo Maenn (Furry Chicken) [TRAITOR] : *scream
[10:19:59] SAY: maetzo Maenn (Furry Chicken) [TRAITOR] : *scream
[10:20:13] ADMIN: maetzo Maenn (Furry Chicken) [TRAITOR] opened the create_object panel
[10:20:19] ADMIN: maetzo Maenn (Furry Chicken) [TRAITOR] created a /obj/item/device/flashlight
[10:20:19] ADMIN: maetzo Maenn (Furry Chicken) [TRAITOR] created a /obj/item/device/flashlight
[10:20:20] ADMIN: maetzo Maenn (Furry Chicken) [TRAITOR] created a /obj/item/device/flashlight
[10:20:20] ADMIN: maetzo Maenn (Furry Chicken) [TRAITOR] created a /obj/item/device/flashlight
[10:20:39] ADMIN: maetzo Maenn (Furry Chicken) [TRAITOR] opened the create_object panel
[10:20:46] ADMIN: maetzo Maenn (Furry Chicken) [TRAITOR] created a /obj/item/reagent_containers/food/snacks/ingredient/meat/organmeat
[10:20:46] ADMIN: maetzo Maenn (Furry Chicken) [TRAITOR] created a /obj/item/reagent_containers/food/snacks/ingredient/meat/organmeat
[10:20:50] ADMIN: maetzo Maenn (Furry Chicken) [TRAITOR] created a /obj/item/reagent_containers/food/snacks/ingredient/meat/humanmeat
[10:20:50] ADMIN: maetzo Maenn (Furry Chicken) [TRAITOR] created a /obj/item/reagent_containers/food/snacks/ingredient/meat/humanmeat
[10:21:11] ADMIN: maetzo Maenn (Furry Chicken) [TRAITOR] opened the create_object panel
[10:21:16] ADMIN: maetzo Maenn (Furry Chicken) [TRAITOR] created a /obj/item/shaker/salt
[10:21:34] ADMIN: maetzo Maenn (Furry Chicken) [TRAITOR] opened the create_object panel
[10:21:37] SAY: Father Jack (NPC) : FECK!
[10:21:41] ADMIN: maetzo Maenn (Furry Chicken) [TRAITOR] created a /obj/item/shaker/pepper
[10:21:52] SAY: Father Jack (NPC) : ARSE!
[10:22:12] SAY: Shitty Bill (NPC) : You a beardo?
[10:22:31] SAY: Shitty Bill (NPC) : Got a light, 'Traser?
[10:22:58] SAY: Shitty Bill (NPC) : Got any cats?
[10:23:11] SAY: Shitty Bill (NPC) : Nice face, owl man.
[10:23:18] SAY: Shitty Bill (NPC) : Yo Donald "Don" Glabs.
[10:23:18] ADMIN: maetzo Maenn (Furry Chicken) [TRAITOR] opened the create_mob panel
[10:23:24] ADMIN: maetzo Maenn (Furry Chicken) [TRAITOR] created a /mob/living/carbon/human/monkey
[10:23:27] ADMIN: maetzo Maenn (Furry Chicken) [TRAITOR] opened the create_object panel
[10:23:32] ADMIN: maetzo Maenn (Furry Chicken) [TRAITOR] created a /obj/item/kitchen/utensil/knife
[10:23:37] SAY: Father Jack (NPC) : DRINK!
[10:24:17] ADMIN: maetzo Maenn (Furry Chicken) [TRAITOR] opened the create_object panel
[10:24:23] ADMIN: maetzo Maenn (Furry Chicken) [TRAITOR] created a /obj/item/knife_butcher
[10:25:40] SAY: Shitty Bill (NPC) : You a changer?
[10:25:41] SAY: maetzo Maenn (Furry Chicken) [TRAITOR] : *scream
[10:25:42] SAY: maetzo Maenn (Furry Chicken) [TRAITOR] : *scream
[10:25:42] SAY: maetzo Maenn (Furry Chicken) [TRAITOR] : *scream
[10:25:42] SAY: maetzo Maenn (Furry Chicken) [TRAITOR] : *scream
[10:25:42] SAY: maetzo Maenn (Furry Chicken) [TRAITOR] : *scream
[10:25:42] SAY: maetzo Maenn (Furry Chicken) [TRAITOR] : *scream
[10:25:42] SAY: maetzo Maenn (Furry Chicken) [TRAITOR] : *scream
[10:25:43] SAY: maetzo Maenn (Furry Chicken) [TRAITOR] : *scream
[10:25:43] SAY: maetzo Maenn (Furry Chicken) [TRAITOR] : *scream
[10:25:43] SAY: maetzo Maenn (Furry Chicken) [TRAITOR] : *scream
[10:25:43] SAY: maetzo Maenn (Furry Chicken) [TRAITOR] : *scream
[10:25:43] SAY: maetzo Maenn (Furry Chicken) [TRAITOR] : *scream
[10:25:44] SAY: maetzo Maenn (Furry Chicken) [TRAITOR] : *scream
[10:25:44] SAY: maetzo Maenn (Furry Chicken) [TRAITOR] : *scream
[10:25:44] SAY: maetzo Maenn (Furry Chicken) [TRAITOR] : *scream
[10:25:44] SAY: maetzo Maenn (Furry Chicken) [TRAITOR] : *scream
[10:25:46] SAY: maetzo Maenn (Furry Chicken) [TRAITOR] : *scream
[10:25:46] SAY: maetzo Maenn (Furry Chicken) [TRAITOR] : *scream
[10:25:46] SAY: maetzo Maenn (Furry Chicken) [TRAITOR] : *scream
[10:25:47] SAY: maetzo Maenn (Furry Chicken) [TRAITOR] : *scream
[10:25:47] SAY: maetzo Maenn (Furry Chicken) [TRAITOR] : *scream
[10:25:47] SAY: maetzo Maenn (Furry Chicken) [TRAITOR] : *scream
[10:25:48] SAY: maetzo Maenn (Furry Chicken) [TRAITOR] : *scream
[10:25:51] ADMIN: maetzo Maenn (Furry Chicken) [TRAITOR] healed / revived maetzo Maenn (Furry Chicken) [TRAITOR]
[10:25:53] SAY: Shitty Bill (NPC) : You roll?
[10:26:06] SAY: Shitty Bill (NPC) : How's it hangin' Donald "Don" Glabs.
[10:26:08] SAY: Father Jack (NPC) : ARSE!
[10:26:33] SAY: Shitty Bill (NPC) : What you lookin' at, bro?
[10:27:21] SAY: Shitty Bill (NPC) : Man, I sure don't miss bein' an NT.
[10:28:45] SAY: Shitty Bill (NPC) : Got any smuds?
[10:28:48] ADMIN: maetzo Maenn (Furry Chicken) [TRAITOR] healed / revived maetzo Maenn (Furry Chicken) [TRAITOR]
[10:28:55] SAY: Shitty Bill (NPC) : What you lookin' at, dweeb?
[10:29:00] SAY: Shitty Bill (NPC) : You ride?
[10:32:01] SAY: Father Jack (NPC) : That would be an ecumenical matter.
[10:32:28] SAY: Shitty Bill (NPC) : Yo, gimme yer card.
[10:32:55] SAY: Shitty Bill (NPC) : You a narc?
[10:32:57] SAY: Shitty Bill (NPC) : Nice hog, chief.
[10:33:52] SAY: Shitty Bill (NPC) : Man, I sure don't miss lookin' for keys.
[10:34:46] SAY: Shitty Bill (NPC) : The hell're you lookin' at, bud?
[10:36:02] SAY: Shitty Bill (NPC) : You a nerd?
[10:36:23] SAY: Shitty Bill (NPC) : You smoke?
[10:36:30] SAY: Father Jack (NPC) : DRINK!
[10:36:44] SAY: Shitty Bill (NPC) : You a Synder?
[10:37:17] SAY: Shitty Bill (NPC) : I think my homies forgot about me.
[10:38:18] SAY: Shitty Bill (NPC) : You grustle?
[10:38:29] SAY: Shitty Bill (NPC) : I ever tell you 'bout my secret base?
[10:40:09] SAY: Shitty Bill (NPC) : You a cop?
[10:40:20] SAY: Shitty Bill (NPC) : Got any ecto?
[10:40:40] SAY: Shitty Bill (NPC) : Nice karma, 'Traser.
[10:42:05] SAY: Shitty Bill (NPC) : Got any 'roni?
[10:42:22] SAY: Shitty Bill (NPC) : I ever tell you 'bout who really shot the clown?
[10:42:36] SAY: Shitty Bill (NPC) : Got any burgle?
[10:43:14] SAY: Shitty Bill (NPC) : Man, I sure miss bein' a chemist.
[10:44:10] SAY: Shitty Bill (NPC) : Man, I sure don't miss the Syndies.
[10:44:17] SAY: Shitty Bill (NPC) : What the hell are you lookin' at, nerd?
[10:45:31] SAY: Shitty Bill (NPC) : I ever tell you 'bout why you're really here?


Starting up. 10:57.38
---------------------

[10:57:43] ADMIN: Loading jobban_rank
[10:57:43] ADMIN: Jobban_keylist was empty
[10:57:43] ADMIN: Updating jobbanfile!
[10:57:43] ADMIN: Loading oocban_rank
[10:57:43] ADMIN: oocban_keylist was empty
[10:57:43] ADMIN: Updating jobbanfile!
ADMIN: furrychicken = Headmin
ADMIN: cherkir = Headmin
ADMIN: jasonvorheese = Primary Administrator
ADMIN: REDACTEDminimeatwadREDACTED = Primary Administrator
ADMIN: xenosandboxthesecond = Primary Administrator
ADMIN: exbod = Primary Administrator
ADMIN: zenek123 = Secondary Administrator
ADMIN: noobpwnt4lif3 = Codermin
ADMIN: kimjuandong = Coder
ADMIN: adolf12 = Iconner
ADMIN: kamina321 = Moderator
[10:58:04] ACCESS: Login: Furry Chicken from 
[11:02:44] ADMIN: Furry Chicken [DEAD] has started the game.
[11:02:45] ACCESS: Login: Furry Chicken [TRAITOR] from 
[11:03:48] SAY: Father Jack (NPC) : DRINK!
[11:04:04] SAY: Shitty Bill (NPC) : Hey chump, gimme yer cats.
[11:04:37] ACCESS: Login: Furry Chicken [TRAITOR] from 
[11:04:42] ADMIN: mahchoe mann (Furry Chicken) [TRAITOR] opened the create_object panel
[11:05:00] ADMIN: mahchoe mann (Furry Chicken) [TRAITOR] created a /obj/item/device/flashlight
[11:05:01] ADMIN: mahchoe mann (Furry Chicken) [TRAITOR] created a /obj/item/device/flashlight
[11:05:10] ADMIN: mahchoe mann (Furry Chicken) [TRAITOR] opened the create_object panel
[11:05:16] ADMIN: mahchoe mann (Furry Chicken) [TRAITOR] created a nothing
[11:05:16] ADMIN: mahchoe mann (Furry Chicken) [TRAITOR] created a nothing
[11:05:16] ADMIN: mahchoe mann (Furry Chicken) [TRAITOR] created a nothing
[11:05:17] ADMIN: mahchoe mann (Furry Chicken) [TRAITOR] created a nothing
[11:05:17] ADMIN: mahchoe mann (Furry Chicken) [TRAITOR] created a nothing
[11:05:17] ADMIN: mahchoe mann (Furry Chicken) [TRAITOR] created a nothing
[11:05:29] ADMIN: mahchoe mann (Furry Chicken) [TRAITOR] created a /obj/item/reagent_containers/food/snacks/ingredient/meat/organmeat
[11:05:29] ADMIN: mahchoe mann (Furry Chicken) [TRAITOR] created a /obj/item/reagent_containers/food/snacks/ingredient/meat/organmeat
[11:05:29] ADMIN: mahchoe mann (Furry Chicken) [TRAITOR] created a /obj/item/reagent_containers/food/snacks/ingredient/meat/organmeat
[11:05:30] ADMIN: mahchoe mann (Furry Chicken) [TRAITOR] created a /obj/item/reagent_containers/food/snacks/ingredient/meat/organmeat
[11:05:30] ADMIN: mahchoe mann (Furry Chicken) [TRAITOR] created a /obj/item/reagent_containers/food/snacks/ingredient/meat/organmeat
[11:05:34] SAY: Shitty Bill (NPC) : Got any weed?
[11:05:48] SAY: Shitty Bill (NPC) : I think my homies left me here.
[11:06:20] ADMIN: mahchoe mann (Furry Chicken) [TRAITOR] opened the create_object panel
[11:06:28] ADMIN: mahchoe mann (Furry Chicken) [TRAITOR] created a /obj/item/shaker/salt
[11:06:36] SAY: Shitty Bill (NPC) : Man, I sure don't miss bein' an operative.
[11:06:57] SAY: Shitty Bill (NPC) : Got a light, dweeb?
[11:07:04] SAY: Shitty Bill (NPC) : I think my homebros are running late.
[11:07:47] SAY: Father Jack (NPC) : DRINK!
[11:07:52] SAY: Shitty Bill (NPC) : You sting?
[11:09:16] ADMIN: mahchoe mann (Furry Chicken) [TRAITOR] healed / revived mahchoe mann (Furry Chicken) [TRAITOR]
[11:09:45] SAY: Shitty Bill (NPC) : Got any taters?
[11:10:49] SAY: Shitty Bill (NPC) : Hey buddy, gimme yer hugs.
[11:11:22] ADMIN: mahchoe mann (Furry Chicken) [TRAITOR] opened the create_object panel
[11:11:29] ADMIN: mahchoe mann (Furry Chicken) [TRAITOR] created a /obj/item/kitchen/utensil/knife
[11:11:47] ADMIN: mahchoe mann (Furry Chicken) [TRAITOR] opened the create_object panel
[11:11:55] ADMIN: mahchoe mann (Furry Chicken) [TRAITOR] created a /obj/item/kitchen/utensil/knife
[11:12:04] SAY: Father Jack (NPC) : FECK!
[11:12:06] SAY: Shitty Bill (NPC) : Hey Donald "Don" Glabs.
[11:12:22] SAY: mahchoe mann (Furry Chicken) [TRAITOR] : *scream
[11:12:26] SAY: Shitty Bill (NPC) : I think my bruds stole my hat.
[11:12:54] ADMIN: mahchoe mann (Furry Chicken) [TRAITOR] opened the create_object panel
[11:13:00] ADMIN: mahchoe mann (Furry Chicken) [TRAITOR] created a /obj/item/knife_butcher/predspear
[11:13:20] SAY: Shitty Bill (NPC) : Sup Donald "Don" Glabs.
[11:13:49] SAY: Shitty Bill (NPC) : I ever tell you 'bout my old buddy David?
[11:14:00] ADMIN: mahchoe mann (Furry Chicken) [TRAITOR] healed / revived mahchoe mann (Furry Chicken) [TRAITOR]
[11:14:31] ADMIN: mahchoe mann (Furry Chicken) [TRAITOR] healed / revived mahchoe mann (Furry Chicken) [TRAITOR]
[11:15:02] SAY: Shitty Bill (NPC) : You a cop?
[11:15:29] ADMIN: mahchoe mann (Furry Chicken) [TRAITOR] modified ??? meat's spoiled to 2
[11:15:31] SAY: Shitty Bill (NPC) : I think my homebros stole my hat.
[11:15:56] SAY: Shitty Bill (NPC) : Got a light, dude?


Starting up. 11:22.05
---------------------

[11:22:10] ADMIN: Loading jobban_rank
[11:22:10] ADMIN: Jobban_keylist was empty
[11:22:10] ADMIN: Updating jobbanfile!
[11:22:10] ADMIN: Loading oocban_rank
[11:22:10] ADMIN: oocban_keylist was empty
[11:22:10] ADMIN: Updating jobbanfile!
ADMIN: furrychicken = Headmin
ADMIN: cherkir = Headmin
ADMIN: jasonvorheese = Primary Administrator
ADMIN: REDACTEDminimeatwadREDACTED = Primary Administrator
ADMIN: xenosandboxthesecond = Primary Administrator
ADMIN: exbod = Primary Administrator
ADMIN: zenek123 = Secondary Administrator
ADMIN: noobpwnt4lif3 = Codermin
ADMIN: kimjuandong = Coder
ADMIN: adolf12 = Iconner
ADMIN: kamina321 = Moderator
[11:22:32] ACCESS: Login: Furry Chicken from 


Starting up. 11:40.01
---------------------

[11:40:06] ADMIN: Loading jobban_rank
[11:40:06] ADMIN: Jobban_keylist was empty
[11:40:06] ADMIN: Updating jobbanfile!
[11:40:06] ADMIN: Loading oocban_rank
[11:40:06] ADMIN: oocban_keylist was empty
[11:40:06] ADMIN: Updating jobbanfile!
ADMIN: furrychicken = Headmin
ADMIN: cherkir = Headmin
ADMIN: jasonvorheese = Primary Administrator
ADMIN: REDACTEDminimeatwadREDACTED = Primary Administrator
ADMIN: xenosandboxthesecond = Primary Administrator
ADMIN: exbod = Primary Administrator
ADMIN: zenek123 = Secondary Administrator
ADMIN: noobpwnt4lif3 = Codermin
ADMIN: kimjuandong = Coder
ADMIN: adolf12 = Iconner
ADMIN: kamina321 = Moderator
[11:40:29] ACCESS: Login: Furry Chicken from 
[11:41:16] ADMIN: Furry Chicken [DEAD] has started the game.
[11:41:16] ACCESS: Login: Furry Chicken [TRAITOR] from 
[11:41:18] SAY: Shitty Bill (NPC) : I ever tell you 'bout that room full of statues?
[11:42:38] ADMIN: Alien Queen (Furry Chicken) [TRAITOR] opened the create_object panel
[11:44:16] SAY: Father Jack (NPC) : GIRLS!
[11:45:40] SAY: Shitty Bill (NPC) : Hey, it's Donald "Don" Glabs.
[11:45:56] ADMIN: Alien Queen (Furry Chicken) [TRAITOR] healed / revived Alien Queen (Furry Chicken) [TRAITOR]
[11:46:06] ACCESS: Login: Furry Chicken [TRAITOR] from 
[11:46:14] ADMIN: Alien Sentinel 119 (Furry Chicken) [TRAITOR] healed / revived Alien Sentinel 119 (Furry Chicken) [TRAITOR]
[11:46:15] ACCESS: Login: Alien Sentinel 119 (Furry Chicken) [TRAITOR] [DEAD] from 
[11:46:28] ACCESS: Login: Furry Chicken [TRAITOR] from 
[11:46:33] ACCESS: Login: Alien Sentinel 262 (Furry Chicken) [TRAITOR] [DEAD] from 
[11:46:49] SAY: Shitty Bill (NPC) : Oh hell, it's Donald "Don" Glabs.
[11:47:02] ACCESS: Login: Furry Chicken [TRAITOR] from 
[11:47:12] ACCESS: Login: Alien Sentinel 513 (Furry Chicken) [TRAITOR] [DEAD] from 
[11:47:23] SAY: Shitty Bill (NPC) : Got a light, kid?
[11:47:27] ACCESS: Login: Furry Chicken [TRAITOR] from 
[11:47:31] ACCESS: Login: Alien Sentinel 244 (Furry Chicken) [TRAITOR] [DEAD] from 
[11:47:39] ACCESS: Login: Furry Chicken [TRAITOR] from 
[11:47:51] ADMIN: Alien Sentinel 913 (Furry Chicken) [TRAITOR] healed / revived Alien Sentinel 913 (Furry Chicken) [TRAITOR]
[11:48:09] ACCESS: Login: Furry Chicken [TRAITOR] from 
[11:48:17] ADMIN: Alien Warrior 565 (Furry Chicken) [TRAITOR] opened the create_mob panel
[11:48:20] ADMIN: Alien Warrior 565 (Furry Chicken) [TRAITOR] created a /mob/living/carbon/human/fatherted
[11:48:26] ADMIN: Alien Warrior 565 (Furry Chicken) [TRAITOR] healed / revived Alien Warrior 565 (Furry Chicken) [TRAITOR]
[11:48:37] ADMIN: Alien Warrior 565 (Furry Chicken) [TRAITOR] healed / revived Father Ted (NPC)
[11:48:45] ADMIN: Alien Warrior 565 (Furry Chicken) [TRAITOR] healed / revived Alien Warrior 565 (Furry Chicken) [TRAITOR]
[11:49:00] SAY: Shitty Bill (NPC) : Hey buddy, gimme yer patch.
[11:49:12] ADMIN: Alien Warrior 565 (Furry Chicken) [TRAITOR] healed / revived Father Ted (NPC)
[11:49:23] ADMIN: Alien Warrior 565 (Furry Chicken) [TRAITOR] healed / revived Alien Warrior 565 (Furry Chicken) [TRAITOR]
[11:49:23] SAY: Shitty Bill (NPC) : Man, I sure don't miss that long station.
[11:49:32] ACCESS: Login: Furry Chicken [TRAITOR] from 
[11:49:57] ADMIN: Alien Praetorian 178 (Furry Chicken) [TRAITOR] healed / revived Alien Praetorian 178 (Furry Chicken) [TRAITOR]
[11:50:46] ACCESS: Login: Alien Praetorian 178 (Furry Chicken) [TRAITOR] [DEAD] from 
[11:50:48] SAY: Shitty Bill (NPC) : Got a light, idiot?
[11:50:57] SAY: Shitty Bill (NPC) : I think my crew got lost on the way here.


Starting up. 12:17.42
---------------------

[12:17:47] ADMIN: Loading jobban_rank
[12:17:47] ADMIN: Jobban_keylist was empty
[12:17:47] ADMIN: Updating jobbanfile!
[12:17:47] ADMIN: Loading oocban_rank
[12:17:47] ADMIN: oocban_keylist was empty
[12:17:47] ADMIN: Updating jobbanfile!
ADMIN: furrychicken = Headmin
ADMIN: cherkir = Headmin
ADMIN: jasonvorheese = Primary Administrator
ADMIN: REDACTEDminimeatwadREDACTED = Primary Administrator
ADMIN: xenosandboxthesecond = Primary Administrator
ADMIN: exbod = Primary Administrator
ADMIN: zenek123 = Secondary Administrator
ADMIN: noobpwnt4lif3 = Codermin
ADMIN: kimjuandong = Coder
ADMIN: adolf12 = Iconner
ADMIN: kamina321 = Moderator
[12:18:06] ACCESS: Login: Furry Chicken from 


Starting up. 12:57.33
---------------------

[12:57:38] ADMIN: Loading jobban_rank
[12:57:38] ADMIN: Jobban_keylist was empty
[12:57:38] ADMIN: Updating jobbanfile!
[12:57:38] ADMIN: Loading oocban_rank
[12:57:38] ADMIN: oocban_keylist was empty
[12:57:38] ADMIN: Updating jobbanfile!
ADMIN: furrychicken = Headmin
ADMIN: cherkir = Headmin
ADMIN: jasonvorheese = Primary Administrator
ADMIN: REDACTEDminimeatwadREDACTED = Primary Administrator
ADMIN: xenosandboxthesecond = Primary Administrator
ADMIN: exbod = Primary Administrator
ADMIN: zenek123 = Secondary Administrator
ADMIN: noobpwnt4lif3 = Codermin
ADMIN: kimjuandong = Coder
ADMIN: adolf12 = Iconner
ADMIN: kamina321 = Moderator
[12:57:54] ACCESS: Login: Furry Chicken from 
[12:58:31] ADMIN: Furry Chicken [DEAD] has started the game.
[12:58:32] ACCESS: Login: Furry Chicken [TRAITOR] from 
[12:58:40] SAY: Shitty Bill (NPC) : Got a light, doofus?
[12:59:21] SAY: Shitty Bill (NPC) : Got any pot?
[13:00:17] SAY: Shitty Bill (NPC) : You rhyme?
[13:00:45] SAY: Shitty Bill (NPC) : I think my bros took off.
[13:01:48] SAY: Shitty Bill (NPC) : Hey pal, gimme yer smokes.
[13:01:52] ADMIN: Alien Queen (Furry Chicken) [TRAITOR] healed / revived Alien Queen (Furry Chicken) [TRAITOR]
[13:02:14] ACCESS: Login: Furry Chicken [TRAITOR] from 
[13:02:23] ADMIN: Alien Sentinel 411 (Furry Chicken) [TRAITOR] healed / revived Alien Sentinel 411 (Furry Chicken) [TRAITOR]
[13:02:29] ADMIN: Alien Sentinel 411 (Furry Chicken) [TRAITOR] healed / revived Alien Sentinel 411 (Furry Chicken) [TRAITOR]
[13:02:32] ACCESS: Login: Alien Sentinel 411 (Furry Chicken) [TRAITOR] [DEAD] from 
[13:02:42] ACCESS: Login: Furry Chicken [TRAITOR] from 
[13:02:42] SAY: Father Jack (NPC) : DRINK!
[13:02:45] SAY: Shitty Bill (NPC) : The hell you lookin' at, pal?
[13:02:59] ACCESS: Login: Alien Sentinel 751 (Furry Chicken) [TRAITOR] [DEAD] from 
[13:03:07] ACCESS: Login: Furry Chicken [TRAITOR] from 
[13:03:18] ADMIN: Alien Sentinel 47 (Furry Chicken) [TRAITOR] healed / revived Alien Sentinel 47 (Furry Chicken) [TRAITOR]
[13:03:28] ADMIN: Alien Sentinel 47 (Furry Chicken) [TRAITOR] healed / revived Alien Sentinel 47 (Furry Chicken) [TRAITOR]
[13:03:46] ACCESS: Login: Furry Chicken [TRAITOR] from 
[13:03:51] SAY: Shitty Bill (NPC) : Nice treads, friend.
[13:03:54] ADMIN: Alien Warrior 60 (Furry Chicken) [TRAITOR] opened the create_object panel
[13:03:56] SAY: Father Jack (NPC) : FECK!
[13:03:56] ADMIN: Alien Warrior 60 (Furry Chicken) [TRAITOR] opened the create_mob panel
[13:04:00] ADMIN: Alien Warrior 60 (Furry Chicken) [TRAITOR] created a /mob/living/carbon/human/cluwne
[13:04:13] ADMIN: Alien Warrior 60 (Furry Chicken) [TRAITOR] healed / revived Alien Warrior 60 (Furry Chicken) [TRAITOR]
[13:04:14] SAY: cluwne (NPC) : HONK HONK!
[13:04:19] ADMIN: Alien Warrior 60 (Furry Chicken) [TRAITOR] healed / revived Alien Warrior 60 (Furry Chicken) [TRAITOR]
[13:04:41] ACCESS: Login: Furry Chicken [TRAITOR] from 
[13:04:45] ACCESS: Login: Alien Praetorian 396 (Furry Chicken) [TRAITOR] [DEAD] from 
[13:04:50] SAY: Shitty Bill (NPC) : Got any stims?


Starting up. 13:17.06
---------------------

[13:17:12] ADMIN: Loading jobban_rank
[13:17:12] ADMIN: Jobban_keylist was empty
[13:17:12] ADMIN: Updating jobbanfile!
[13:17:12] ADMIN: Loading oocban_rank
[13:17:12] ADMIN: oocban_keylist was empty
[13:17:12] ADMIN: Updating jobbanfile!
ADMIN: furrychicken = Headmin
ADMIN: cherkir = Headmin
ADMIN: jasonvorheese = Primary Administrator
ADMIN: REDACTEDminimeatwadREDACTED = Primary Administrator
ADMIN: xenosandboxthesecond = Primary Administrator
ADMIN: exbod = Primary Administrator
ADMIN: zenek123 = Secondary Administrator
ADMIN: noobpwnt4lif3 = Codermin
ADMIN: kimjuandong = Coder
ADMIN: adolf12 = Iconner
ADMIN: kamina321 = Moderator
[13:17:34] ACCESS: Login: Furry Chicken from 
[13:18:42] ADMIN: Furry Chicken [DEAD] has started the game.
[13:18:42] ACCESS: Login: Furry Chicken [TRAITOR] from 
[13:18:46] SAY: Shitty Bill (NPC) : Got a light, dweeb?
[13:19:06] SAY: Shitty Bill (NPC) : I ever tell you 'bout that time I fell in some lava?
[13:19:34] SAY: Shitty Bill (NPC) : Got a light, buddy?
[13:19:55] SAY: Shitty Bill (NPC) : Man, I sure don't miss Alpha Centauri.
[13:19:57] SAY: Shitty Bill (NPC) : Got a light, chump?
[13:20:02] SAY: Shitty Bill (NPC) : Nice pod, clown.
[13:20:54] ADMIN: Alien Queen (Furry Chicken) [TRAITOR] healed / revived Alien Queen (Furry Chicken) [TRAITOR]
[13:21:13] SAY: Father Jack (NPC) : GIRLS!
[13:21:16] ADMIN: Alien Queen (Furry Chicken) [TRAITOR] healed / revived Aaric (Monkey)
[13:22:55] SAY: Shitty Bill (NPC) : I ever tell you 'bout what those Nanotrasen dudes are hiding out there?
[13:23:12] SAY: Shitty Bill (NPC) : Hey pal, gimme yer high fives.
[13:23:24] ACCESS: Login: Furry Chicken [TRAITOR] from 
[13:23:31] ADMIN: Alien Warrior 250 (Furry Chicken) [TRAITOR] healed / revived Alien Warrior 250 (Furry Chicken) [TRAITOR]
[13:23:35] SAY: Shitty Bill (NPC) : Nice karma, clown.
[13:23:38] SAY: Shitty Bill (NPC) : Got any jenkem?
[13:23:45] ADMIN: Alien Warrior 250 (Furry Chicken) [TRAITOR] healed / revived Alien Warrior 250 (Furry Chicken) [TRAITOR]
[13:23:50] ADMIN: Alien Warrior 250 (Furry Chicken) [TRAITOR] healed / revived Alien Warrior 250 (Furry Chicken) [TRAITOR]
[13:23:52] SAY: Shitty Bill (NPC) : I ever tell you 'bout the secret Jones told me?
[13:24:04] SAY: Shitty Bill (NPC) : Oh Christ, it's Donald "Don" Glabs.
[13:24:06] ADMIN: Alien Warrior 250 (Furry Chicken) [TRAITOR] healed / revived Alien Warrior 250 (Furry Chicken) [TRAITOR]
[13:24:18] ADMIN: Alien Warrior 250 (Furry Chicken) [TRAITOR] healed / revived Alien Warrior 250 (Furry Chicken) [TRAITOR]
[13:24:22] ADMIN: Alien Warrior 250 (Furry Chicken) [TRAITOR] healed / revived Alien Warrior 250 (Furry Chicken) [TRAITOR]
[13:24:30] ADMIN: Alien Warrior 250 (Furry Chicken) [TRAITOR] healed / revived Alien Warrior 250 (Furry Chicken) [TRAITOR]
[13:25:48] SAY: Shitty Bill (NPC) : I ever tell you 'bout the time I shot that clown?
[13:26:18] SAY: Shitty Bill (NPC) : Got a light, bro?
[13:26:57] SAY: Shitty Bill (NPC) : You rap?
[13:27:16] SAY: Father Jack (NPC) : FECK!
[13:27:35] SAY: Shitty Bill (NPC) : Whatcha you lookin' at, 'Traser?
[13:28:03] SAY: Shitty Bill (NPC) : Oh hell, it's Donald "Don" Glabs.
[13:28:19] ADMIN: Alien Warrior 250 (Furry Chicken) [TRAITOR] opened the create_object panel
[13:28:24] ADMIN: Alien Warrior 250 (Furry Chicken) [TRAITOR] created a /obj/item/xeno/facehugger
[13:28:32] ADMIN: Alien Warrior 250 (Furry Chicken) [TRAITOR] opened the create_mob panel
[13:28:35] ADMIN: Alien Warrior 250 (Furry Chicken) [TRAITOR] created a /mob/living/carbon/human/machoman
[13:28:44] ADMIN: Alien Warrior 250 (Furry Chicken) [TRAITOR] opened the create_mob panel
[13:28:47] ADMIN: Alien Warrior 250 (Furry Chicken) [TRAITOR] created a /mob/living/carbon/human/fatherted
[13:29:13] SAY: Shitty Bill (NPC) : I think my crew got caught.
[13:29:54] SAY: Father Jack (NPC) : FECK!
[13:30:39] SAY: Shitty Bill (NPC) : Hey dweeb, gimme yer card.
[13:30:41] SAY: Shitty Bill (NPC) : The hell're you lookin' at, owl man?
[13:30:51] SAY: Shitty Bill (NPC) : You a miner?
[13:31:05] SAY: Shitty Bill (NPC) : Hey friendo, gimme yer dosh.
[13:31:45] ADMIN: Alien Warrior 250 (Furry Chicken) [TRAITOR] opened the create_object panel
[13:31:52] ADMIN: Alien Warrior 250 (Furry Chicken) [TRAITOR] created a /obj/lattice/barricade
[13:31:58] ADMIN: Alien Warrior 250 (Furry Chicken) [TRAITOR] created a /obj/structure/woodwall/virtual
[13:32:03] ADMIN: Alien Warrior 250 (Furry Chicken) [TRAITOR] created a /obj/structure/woodwall
[13:34:06] ADMIN: Alien Warrior 250 (Furry Chicken) [TRAITOR] healed / revived Alien Warrior 250 (Furry Chicken) [TRAITOR]
[13:34:15] SAY: Father Jack (NPC) : GIRLS!
[13:34:29] ACCESS: Login: Furry Chicken [TRAITOR] from 
[13:34:34] ADMIN: Maetzo menn (Furry Chicken) [TRAITOR] opened the create_object panel
[13:34:38] ADMIN: Maetzo menn (Furry Chicken) [TRAITOR] created a /obj/item/weldingtool
[13:35:15] ACCESS: Login: Furry Chicken [TRAITOR] from 
[13:35:25] ACCESS: Login: Alien Praetorian 219 (Furry Chicken) [TRAITOR] [DEAD] from 
[13:35:44] ACCESS: Login: Furry Chicken [TRAITOR] from 
[13:35:49] ADMIN: Alien Praetorian 615 (Furry Chicken) [TRAITOR] opened the create_object panel
[13:35:55] ADMIN: Alien Praetorian 615 (Furry Chicken) [TRAITOR] created 100ea /obj/reagent_dispensers/fueltank
[13:36:04] ACCESS: Login: Alien Praetorian 615 (Furry Chicken) [TRAITOR] [DEAD] from 
[13:36:23] ACCESS: Login: Furry Chicken [TRAITOR] from 
[13:36:31] ADMIN: Alien Praetorian 460 (Furry Chicken) [TRAITOR] healed / revived Mahtzo Man (NPC)
[13:36:38] ADMIN: Alien Praetorian 460 (Furry Chicken) [TRAITOR] healed / revived Mahtzo Man (NPC)
[13:36:43] ADMIN: Alien Praetorian 460 (Furry Chicken) [TRAITOR] healed / revived Alien Praetorian 460 (Furry Chicken) [TRAITOR]
[13:36:54] ADMIN: Alien Praetorian 460 (Furry Chicken) [TRAITOR] healed / revived Father Ted (NPC)
[13:37:15] ADMIN: Alien Praetorian 460 (Furry Chicken) [TRAITOR] healed / revived Father Ted (NPC)
[13:37:32] ADMIN: Alien Praetorian 460 (Furry Chicken) [TRAITOR] healed / revived Alien Praetorian 460 (Furry Chicken) [TRAITOR]
[13:37:43] ADMIN: Alien Praetorian 460 (Furry Chicken) [TRAITOR] healed / revived Alien Praetorian 460 (Furry Chicken) [TRAITOR]
[13:37:57] ADMIN: Alien Praetorian 460 (Furry Chicken) [TRAITOR] healed / revived Alien Praetorian 460 (Furry Chicken) [TRAITOR]
[13:38:05] ADMIN: Alien Praetorian 460 (Furry Chicken) [TRAITOR] healed / revived Alien Praetorian 460 (Furry Chicken) [TRAITOR]
[13:39:45] ADMIN: Alien Praetorian 460 (Furry Chicken) [TRAITOR] opened the create_mob panel
[13:39:50] ADMIN: Alien Praetorian 460 (Furry Chicken) [TRAITOR] created 15ea /mob/living/carbon/human/fatherted
[13:40:41] SAY: Father Jack (NPC) : DRINK!
[13:41:10] ADMIN: Alien Praetorian 460 (Furry Chicken) [TRAITOR] healed / revived Alien Praetorian 460 (Furry Chicken) [TRAITOR]
[13:41:23] ADMIN: Alien Praetorian 460 (Furry Chicken) [TRAITOR] healed / revived Alien Praetorian 460 (Furry Chicken) [TRAITOR]
[13:41:40] SAY: Father Jack (NPC) : DRINK!
[13:41:44] ADMIN: Alien Praetorian 460 (Furry Chicken) [TRAITOR] healed / revived Father Ted (NPC)
[13:41:50] ADMIN: Alien Praetorian 460 (Furry Chicken) [TRAITOR] healed / revived Alien Praetorian 460 (Furry Chicken) [TRAITOR]
[13:42:38] ACCESS: Login: Furry Chicken [TRAITOR] from 
[13:42:41] SAY: mahtzoh Maenn (Furry Chicken) [TRAITOR] : *scream
[13:42:41] SAY: mahtzoh Maenn (Furry Chicken) [TRAITOR] : *scream
[13:42:41] SAY: mahtzoh Maenn (Furry Chicken) [TRAITOR] : *scream
[13:42:41] SAY: mahtzoh Maenn (Furry Chicken) [TRAITOR] : *scream
[13:42:41] SAY: mahtzoh Maenn (Furry Chicken) [TRAITOR] : *scream
[13:42:42] SAY: mahtzoh Maenn (Furry Chicken) [TRAITOR] : *scream
[13:42:42] SAY: mahtzoh Maenn (Furry Chicken) [TRAITOR] : *scream
[13:42:42] SAY: mahtzoh Maenn (Furry Chicken) [TRAITOR] : *scream
[13:42:59] ACCESS: Login: Furry Chicken [TRAITOR] from 
[13:43:05] ADMIN: Alien Facehugger 43 (Furry Chicken) [TRAITOR] swapped bodies with Father Ted (NPC)
[13:43:05] ACCESS: Login: Father Ted (Furry Chicken) [TRAITOR] from 
[13:43:07] SAY: Father Ted (Furry Chicken) [TRAITOR] : *scream
[13:43:23] ADMIN: Father Ted (Furry Chicken) [TRAITOR] healed / revived Alien Facehugger 43 (NPC)
[13:43:51] ADMIN: Father Ted (Furry Chicken) [TRAITOR] opened the create_object panel
[13:43:57] ADMIN: Father Ted (Furry Chicken) [TRAITOR] created a /obj/item/crowbar/survivor_crowbar
[13:44:16] ADMIN: Father Ted (Furry Chicken) [TRAITOR] opened the create_object panel
[13:44:23] ADMIN: Father Ted (Furry Chicken) [TRAITOR] created a /obj/structure/woodwall
[13:44:31] SAY: Father Jack (NPC) : That would be an ecumenical matter.
[13:45:25] SAY: Father Jack (NPC) : DRINK!
[13:45:26] ADMIN: Father Ted (Furry Chicken) [TRAITOR] opened the create_object panel
[13:45:33] ADMIN: Father Ted (Furry Chicken) [TRAITOR] created a /obj/structure/woodwall
[13:45:36] ADMIN: Father Ted (Furry Chicken) [TRAITOR] opened the create_object panel
[13:45:42] ADMIN: Father Ted (Furry Chicken) [TRAITOR] created a /obj/item/weldingtool
[13:46:17] ADMIN: Father Ted (Furry Chicken) [TRAITOR] opened the create_object panel
[13:46:22] ADMIN: Father Ted (Furry Chicken) [TRAITOR] created a /obj/structure/woodwall
[13:46:43] ADMIN: Father Ted (Furry Chicken) [TRAITOR] opened the create_object panel
[13:46:54] ADMIN: Father Ted (Furry Chicken) [TRAITOR] created a /obj/item/craftedmelee/ghettotool/wrench/electrowrench
[13:49:04] ADMIN: Father Ted (Furry Chicken) [TRAITOR] opened the create_object panel
[13:49:11] ADMIN: Father Ted (Furry Chicken) [TRAITOR] created a /obj/item/kitchen/utensil/knife
[13:49:14] ADMIN: Father Ted (Furry Chicken) [TRAITOR] healed / revived Father Ted (Furry Chicken) [TRAITOR]


Starting up. 14:22.46
---------------------

[14:22:51] ADMIN: Loading jobban_rank
[14:22:51] ADMIN: Jobban_keylist was empty
[14:22:51] ADMIN: Updating jobbanfile!
[14:22:51] ADMIN: Loading oocban_rank
[14:22:51] ADMIN: oocban_keylist was empty
[14:22:51] ADMIN: Updating jobbanfile!
ADMIN: furrychicken = Headmin
ADMIN: cherkir = Headmin
ADMIN: jasonvorheese = Primary Administrator
ADMIN: REDACTEDminimeatwadREDACTED = Primary Administrator
ADMIN: xenosandboxthesecond = Primary Administrator
ADMIN: exbod = Primary Administrator
ADMIN: zenek123 = Secondary Administrator
ADMIN: noobpwnt4lif3 = Codermin
ADMIN: kimjuandong = Coder
ADMIN: adolf12 = Iconner
ADMIN: kamina321 = Moderator
[14:23:13] ACCESS: Login: Furry Chicken from 
[14:24:04] ADMIN: Furry Chicken [DEAD] has started the game.
[14:24:04] ACCESS: Login: Furry Chicken [TRAITOR] from 
[14:24:49] SAY: Shitty Bill (NPC) : Man, I sure miss Sol.
[14:25:31] ADMIN: Alien Queen (Furry Chicken) [TRAITOR] opened the create_mob panel
[14:25:33] ADMIN: Alien Queen (Furry Chicken) [TRAITOR] created a /mob/living/carbon/human/fatherjack
[14:25:34] ADMIN: Alien Queen (Furry Chicken) [TRAITOR] created a /mob/living/carbon/human/fatherjack
[14:25:57] ACCESS: Login: Furry Chicken [TRAITOR] from 
[14:26:01] SAY: Shitty Bill (NPC) : Hey pal, gimme yer hugs.
[14:26:08] SAY: Shitty Bill (NPC) : I ever tell you 'bout the time I found a locker fulla booze?
[14:26:17] SAY: Shitty Bill (NPC) : You jam?
[14:26:19] ADMIN: Alien Sentinel 989 (Furry Chicken) [TRAITOR] opened the create_object panel
[14:26:24] ADMIN: Alien Sentinel 989 (Furry Chicken) [TRAITOR] created a /obj/reagent_dispensers/fueltank
[14:26:28] ACCESS: Login: Alien Sentinel 989 (Furry Chicken) [TRAITOR] [DEAD] from 
[14:26:44] SAY: Shitty Bill (NPC) : Got a light, chump?
[14:26:52] ACCESS: Login: Furry Chicken [TRAITOR] from 
[14:27:04] ADMIN: Alien Sentinel 597 (Furry Chicken) [TRAITOR] opened the create_object panel
[14:27:12] ADMIN: Alien Sentinel 597 (Furry Chicken) [TRAITOR] opened the create_mob panel
[14:27:21] ADMIN: Alien Sentinel 597 (Furry Chicken) [TRAITOR] created a /mob/living/carbon/human/fatherjack
[14:27:21] ADMIN: Alien Sentinel 597 (Furry Chicken) [TRAITOR] created a /mob/living/carbon/human/fatherjack
[14:27:22] ADMIN: Alien Sentinel 597 (Furry Chicken) [TRAITOR] created a /mob/living/carbon/human/fatherjack
[14:27:38] ACCESS: Login: Alien Sentinel 597 (Furry Chicken) [TRAITOR] [DEAD] from 
[14:27:50] ACCESS: Login: Furry Chicken [TRAITOR] from 
[14:27:56] ADMIN: Alien Warrior 874 (Furry Chicken) [TRAITOR] healed / revived Father Jack (NPC)
[14:28:08] ADMIN: Alien Warrior 874 (Furry Chicken) [TRAITOR] healed / revived Alien Warrior 874 (Furry Chicken) [TRAITOR]
[14:28:19] ADMIN: Alien Warrior 874 (Furry Chicken) [TRAITOR] healed / revived Alien Warrior 874 (Furry Chicken) [TRAITOR]
[14:28:25] SAY: Shitty Bill (NPC) : Got any pot?
[14:28:26] ADMIN: Alien Warrior 874 (Furry Chicken) [TRAITOR] healed / revived Alien Warrior 874 (Furry Chicken) [TRAITOR]
[14:28:31] ADMIN: Alien Warrior 874 (Furry Chicken) [TRAITOR] healed / revived Alien Warrior 874 (Furry Chicken) [TRAITOR]
[14:28:41] SAY: Shitty Bill (NPC) : I ever tell you 'bout that time I met some spooky ghosts?
[14:28:55] ADMIN: Alien Warrior 874 (Furry Chicken) [TRAITOR] healed / revived Father Jack (NPC)
[14:29:06] SAY: Shitty Bill (NPC) : You a cop?
[14:29:29] ADMIN: Alien Warrior 874 (Furry Chicken) [TRAITOR] healed / revived Alien Warrior 874 (Furry Chicken) [TRAITOR]
[14:29:34] ADMIN: Alien Warrior 874 (Furry Chicken) [TRAITOR] healed / revived Alien Warrior 874 (Furry Chicken) [TRAITOR]
[14:29:46] ADMIN: Alien Warrior 874 (Furry Chicken) [TRAITOR] healed / revived Father Jack (NPC)
[14:29:48] ADMIN: Alien Warrior 874 (Furry Chicken) [TRAITOR] healed / revived Alien Warrior 874 (Furry Chicken) [TRAITOR]
[14:29:53] SAY: Shitty Bill (NPC) : I ever tell you 'bout that time I knocked out NanoTrasen's central network with a bunch of string?
[14:30:17] ACCESS: Login: Furry Chicken [TRAITOR] from 
[14:30:28] ADMIN: Alien Praetorian 377 (Furry Chicken) [TRAITOR] healed / revived Father Jack (NPC)
[14:30:37] SAY: Shitty Bill (NPC) : Hey friendo, gimme yer drugs.
[14:30:47] ADMIN: Alien Praetorian 377 (Furry Chicken) [TRAITOR] healed / revived Father Jack (NPC)
[14:31:18] ADMIN: Alien Praetorian 377 (Furry Chicken) [TRAITOR] healed / revived Alien Praetorian 377 (Furry Chicken) [TRAITOR]
[14:31:29] ADMIN: Alien Praetorian 377 (Furry Chicken) [TRAITOR] healed / revived Father Jack (NPC)
[14:31:31] SAY: Shitty Bill (NPC) : You a nerd?
[14:31:35] ADMIN: Alien Praetorian 377 (Furry Chicken) [TRAITOR] healed / revived Alien Praetorian 377 (Furry Chicken) [TRAITOR]
[14:31:50] SAY: Father Jack (NPC) : ARSE!
[14:32:29] ACCESS: Login: Alien Praetorian 377 (Furry Chicken) [TRAITOR] [DEAD] from 
[14:32:39] SAY: Shitty Bill (NPC) : What up Donald "Don" Glabs.
[14:32:42] ACCESS: Login: Furry Chicken [TRAITOR] from 
[14:32:45] ACCESS: Login: Alien Praetorian 217 (Furry Chicken) [TRAITOR] [DEAD] from 
[14:32:58] ACCESS: Login: Furry Chicken [TRAITOR] from 
[14:33:03] ADMIN: Alien Praetorian 877 (Furry Chicken) [TRAITOR] opened the create_object panel
[14:33:09] ADMIN: Alien Praetorian 877 (Furry Chicken) [TRAITOR] created a /obj/structure/woodwall
[14:33:09] SAY: Shitty Bill (NPC) : I think my buds left without me.
[14:33:56] ADMIN: Alien Praetorian 877 (Furry Chicken) [TRAITOR] opened the create_object panel
[14:34:01] ADMIN: Alien Praetorian 877 (Furry Chicken) [TRAITOR] created a /obj/item/xeno/facehugger
[14:34:05] SAY: Father Jack (NPC) : GIRLS!
[14:34:07] ADMIN: Alien Praetorian 877 (Furry Chicken) [TRAITOR] opened the create_mob panel
[14:34:09] ADMIN: Alien Praetorian 877 (Furry Chicken) [TRAITOR] created a /mob/living/carbon/human/fatherted
[14:34:14] SAY: Shitty Bill (NPC) : What the hell are you lookin' at, chief?
[14:34:16] SAY: Shitty Bill (NPC) : Hey Donald "Don" Glabs.
[14:34:21] SAY: Shitty Bill (NPC) : How's it hangin' Donald "Don" Glabs.
[14:34:30] SAY: Shitty Bill (NPC) : Nice wheels, wirehead.
[14:34:39] ACCESS: Login: Furry Chicken [TRAITOR] from 
[14:34:48] ADMIN: Matcho mann (Furry Chicken) [TRAITOR] opened the create_object panel
[14:34:53] ADMIN: Matcho mann (Furry Chicken) [TRAITOR] created a /obj/item/kitchen/utensil/knife
[14:35:08] SAY: Father Jack (NPC) : ARSE!
[14:35:55] SAY: Shitty Bill (NPC) : Got a light, dingus?
[14:36:18] ADMIN: Matcho mann (Furry Chicken) [TRAITOR] opened the create_object panel
[14:36:18] SAY: Shitty Bill (NPC) : You jam?
[14:36:23] ADMIN: Matcho mann (Furry Chicken) [TRAITOR] created a /obj/structure/woodwall
[14:37:39] SAY: Shitty Bill (NPC) : I ever tell you 'bout the time I found a crate fulla smokes?
[14:37:50] SAY: Shitty Bill (NPC) : Hey brud, gimme yer patch.
[14:37:55] SAY: Father Jack (NPC) : That would be an ecumenical matter.
[14:38:07] ADMIN: Matcho mann (Furry Chicken) [TRAITOR] opened the create_object panel
[14:38:12] ADMIN: Matcho mann (Furry Chicken) [TRAITOR] created a /obj/reagent_barrel/salt_barrel
[14:38:20] ADMIN: Matcho mann (Furry Chicken) [TRAITOR] created a /obj/item/shaker
[14:38:53] ADMIN: Matcho mann (Furry Chicken) [TRAITOR] opened the create_object panel
[14:39:00] ADMIN: Matcho mann (Furry Chicken) [TRAITOR] created a /obj/item/shaker/salt
[14:39:56] SAY: Shitty Bill (NPC) : You a changer?
[14:40:17] SAY: Father Jack (NPC) : DRINK!
[14:40:46] SAY: Shitty Bill (NPC) : You ride?
[14:41:43] SAY: Matcho mann (Furry Chicken) [TRAITOR] : *scream
[14:41:44] SAY: Matcho mann (Furry Chicken) [TRAITOR] : *scream
[14:42:02] SAY: Father Jack (NPC) : That would be an ecumenical matter.
[14:42:59] ADMIN: Matcho mann (Furry Chicken) [TRAITOR] opened the create_object panel
[14:43:04] ADMIN: Matcho mann (Furry Chicken) [TRAITOR] created a /obj/item/reagent_containers/food/snacks/steak_s
[14:43:26] SAY: Matcho mann (Furry Chicken) [TRAITOR] : *scream
[14:43:26] SAY: Matcho mann (Furry Chicken) [TRAITOR] : *scream
[14:43:26] SAY: Matcho mann (Furry Chicken) [TRAITOR] : *scream
[14:43:26] SAY: Matcho mann (Furry Chicken) [TRAITOR] : *scream
[14:43:33] ADMIN: Matcho mann (Furry Chicken) [TRAITOR] opened the create_object panel
[14:43:39] ADMIN: Matcho mann (Furry Chicken) [TRAITOR] created a /obj/burning_barrel
[14:44:05] SAY: Father Jack (NPC) : That would be an ecumenical matter.
[14:44:32] ADMIN: Matcho mann (Furry Chicken) [TRAITOR] opened the create_object panel
[14:44:38] ADMIN: Matcho mann (Furry Chicken) [TRAITOR] created 100ea /obj/item/reagent_containers/food/snacks/steak_h
[14:44:47] ADMIN: Matcho mann (Furry Chicken) [TRAITOR] healed / revived Matcho mann (Furry Chicken) [TRAITOR]
[14:44:59] ADMIN: Matcho mann (Furry Chicken) [TRAITOR] added 5000 units of nutriment to the steak at (<a href='?src=%admin_ref%;action=jumptocoords;target=199,151,1' title='Jump to Coords'>199,151,1</a> in Fore Primary Hallway).
[14:45:24] SAY: Shitty Bill (NPC) : Hey pal, gimme yer drugs.
[14:45:38] ADMIN: Matcho mann (Furry Chicken) [TRAITOR] modified [0x2101860d] (/datum/reagents)'s maximum_volume to 10000
[14:46:03] SAY: Shitty Bill (NPC) : You a cop?
[14:46:09] ADMIN: Matcho mann (Furry Chicken) [TRAITOR] modified [0x2101860e] (nutriment)'s volume to 5000
[14:46:14] SAY: Matcho mann (Furry Chicken) [TRAITOR] : *scream
[14:46:14] SAY: Matcho mann (Furry Chicken) [TRAITOR] : *scream
[14:46:15] SAY: Matcho mann (Furry Chicken) [TRAITOR] : *scream
[14:46:15] SAY: Matcho mann (Furry Chicken) [TRAITOR] : *scream
[14:46:27] ADMIN: Matcho mann (Furry Chicken) [TRAITOR] opened the create_object panel
[14:46:32] ADMIN: Matcho mann (Furry Chicken) [TRAITOR] created a /obj/item/crowbar/survivor_crowbar
[14:46:34] SAY: Father Jack (NPC) : FECK!
[14:46:41] ADMIN: Matcho mann (Furry Chicken) [TRAITOR] opened the create_object panel
[14:46:46] ADMIN: Matcho mann (Furry Chicken) [TRAITOR] created a /obj/item/weldingtool
[14:46:55] ADMIN: Matcho mann (Furry Chicken) [TRAITOR] opened the create_object panel
[14:47:00] ADMIN: Matcho mann (Furry Chicken) [TRAITOR] created a /obj/item/reagent_containers/food/snacks/ingredient/meat/organmeat
[14:47:04] SAY: Shitty Bill (NPC) : Hey, it's Father Jack.
[14:47:23] ADMIN: Matcho mann (Furry Chicken) [TRAITOR] opened the create_object panel
[14:47:31] ADMIN: Matcho mann (Furry Chicken) [TRAITOR] created a /obj/structure/woodwall
[14:47:40] SAY: Shitty Bill (NPC) : The hell're you lookin' at, bro?
[14:48:49] ACCESS: Login: Furry Chicken [TRAITOR] from 
[14:48:59] ADMIN: Alien Sentinel 896 (Furry Chicken) [TRAITOR] healed / revived Alien Sentinel 896 (Furry Chicken) [TRAITOR]
[14:49:10] ADMIN: Alien Sentinel 896 (Furry Chicken) [TRAITOR] healed / revived Alien Sentinel 896 (Furry Chicken) [TRAITOR]


Starting up. 15:08.55
---------------------

[15:09:00] ADMIN: Loading jobban_rank
[15:09:00] ADMIN: Jobban_keylist was empty
[15:09:00] ADMIN: Updating jobbanfile!
[15:09:00] ADMIN: Loading oocban_rank
[15:09:00] ADMIN: oocban_keylist was empty
[15:09:00] ADMIN: Updating jobbanfile!
ADMIN: furrychicken = Headmin
ADMIN: cherkir = Headmin
ADMIN: jasonvorheese = Primary Administrator
ADMIN: REDACTEDminimeatwadREDACTED = Primary Administrator
ADMIN: xenosandboxthesecond = Primary Administrator
ADMIN: exbod = Primary Administrator
ADMIN: zenek123 = Secondary Administrator
ADMIN: noobpwnt4lif3 = Codermin
ADMIN: kimjuandong = Coder
ADMIN: adolf12 = Iconner
ADMIN: kamina321 = Moderator
[15:09:26] ACCESS: Login: Furry Chicken from 
[15:10:00] ADMIN: Furry Chicken [DEAD] has started the game.
[15:10:03] ADMIN: Furry Chicken [DEAD] has started the game.
[15:10:04] ACCESS: Login: Furry Chicken [TRAITOR] from 
[15:10:26] ACCESS: Login: Furry Chicken [TRAITOR] from 
[15:11:14] SAY: Shitty Bill (NPC) : Nice treads, bucko.
[15:11:17] ACCESS: Login: Alien Praetorian 80 (Furry Chicken) [TRAITOR] [DEAD] from 


Starting up. 17:14.01
---------------------

[17:14:06] ADMIN: Loading jobban_rank
[17:14:06] ADMIN: Jobban_keylist was empty
[17:14:06] ADMIN: Updating jobbanfile!
[17:14:06] ADMIN: Loading oocban_rank
[17:14:06] ADMIN: oocban_keylist was empty
[17:14:06] ADMIN: Updating jobbanfile!
ADMIN: furrychicken = Headmin
ADMIN: cherkir = Headmin
ADMIN: jasonvorheese = Primary Administrator
ADMIN: REDACTEDminimeatwadREDACTED = Primary Administrator
ADMIN: xenosandboxthesecond = Primary Administrator
ADMIN: exbod = Primary Administrator
ADMIN: zenek123 = Secondary Administrator
ADMIN: noobpwnt4lif3 = Codermin
ADMIN: kimjuandong = Coder
ADMIN: adolf12 = Iconner
ADMIN: kamina321 = Moderator
[17:14:29] ACCESS: Login: Furry Chicken from 
[17:15:19] ADMIN: Furry Chicken [DEAD] has started the game.
[17:15:20] ACCESS: Login: Furry Chicken [TRAITOR] from 
[17:15:31] SAY: Shitty Bill (NPC) : I ever tell you 'bout the time I found a crate fulla smokes?
[17:15:57] ACCESS: Login: Furry Chicken [TRAITOR] from 
[17:16:07] SAY: Shitty Bill (NPC) : Got a light, wirehead?
[17:16:22] ADMIN: Alien Drone 199 (Furry Chicken) [TRAITOR] healed / revived Baldrik (Monkey)
[17:16:30] ACCESS: Login: Furry Chicken [TRAITOR] from 
[17:17:32] ACCESS: Login: Alien Sentinel 768 (Furry Chicken) [TRAITOR] [DEAD] from 
[17:17:56] ACCESS: Login: Furry Chicken [TRAITOR] from 
[17:18:00] SAY: Shitty Bill (NPC) : You a beardo?
[17:18:04] ADMIN: Alien Warrior 932 (Furry Chicken) [TRAITOR] opened the create_mob panel
[17:18:32] ADMIN: Alien Warrior 932 (Furry Chicken) [TRAITOR] created a /mob/living/carbon/human/fatherted
[17:18:32] ADMIN: Alien Warrior 932 (Furry Chicken) [TRAITOR] created a /mob/living/carbon/human/fatherted
[17:18:38] SAY: Shitty Bill (NPC) : I ever tell you 'bout that key I found?
[17:18:42] SAY: Shitty Bill (NPC) : I ever tell you 'bout the time I sold crank to that jellyfish dude?
[17:18:43] ADMIN: Alien Warrior 932 (Furry Chicken) [TRAITOR] healed / revived Alien Warrior 932 (Furry Chicken) [TRAITOR]
[17:18:45] SAY: Father Jack (NPC) : That would be an ecumenical matter.
[17:18:49] SAY: Shitty Bill (NPC) : You rhyme?
[17:18:56] ADMIN: Alien Warrior 932 (Furry Chicken) [TRAITOR] healed / revived Alien Warrior 932 (Furry Chicken) [TRAITOR]
[17:19:06] SAY: Shitty Bill (NPC) : Sup Donald "Don" Glabs.
[17:19:12] ADMIN: Alien Warrior 932 (Furry Chicken) [TRAITOR] healed / revived Alien Warrior 932 (Furry Chicken) [TRAITOR]
[17:20:07] ACCESS: Login: Furry Chicken [TRAITOR] from 
[17:20:09] SAY: Father Jack (NPC) : ARSE!
[17:20:22] ADMIN: Alien Praetorian 853 (Furry Chicken) [TRAITOR] healed / revived Father Ted (NPC)
[17:20:29] ADMIN: Alien Praetorian 853 (Furry Chicken) [TRAITOR] healed / revived Father Ted (NPC)
[17:20:45] ADMIN: Alien Praetorian 853 (Furry Chicken) [TRAITOR] healed / revived Alien Praetorian 853 (Furry Chicken) [TRAITOR]
[17:21:06] SAY: Shitty Bill (NPC) : You a wizman?
[17:21:13] ACCESS: Login: Alien Praetorian 853 (Furry Chicken) [TRAITOR] [DEAD] from 
[17:21:25] ACCESS: Login: Furry Chicken [TRAITOR] from 


Starting up. 17:32.15
---------------------

[17:32:20] ADMIN: Loading jobban_rank
[17:32:20] ADMIN: Jobban_keylist was empty
[17:32:20] ADMIN: Updating jobbanfile!
[17:32:20] ADMIN: Loading oocban_rank
[17:32:20] ADMIN: oocban_keylist was empty
[17:32:20] ADMIN: Updating jobbanfile!
ADMIN: furrychicken = Headmin
ADMIN: cherkir = Headmin
ADMIN: jasonvorheese = Primary Administrator
ADMIN: REDACTEDminimeatwadREDACTED = Primary Administrator
ADMIN: xenosandboxthesecond = Primary Administrator
ADMIN: exbod = Primary Administrator
ADMIN: zenek123 = Secondary Administrator
ADMIN: noobpwnt4lif3 = Codermin
ADMIN: kimjuandong = Coder
ADMIN: adolf12 = Iconner
ADMIN: kamina321 = Moderator
[17:32:39] ACCESS: Login: Furry Chicken from 
[17:34:02] ADMIN: Furry Chicken [DEAD] has started the game.
[17:34:02] ACCESS: Login: Furry Chicken [TRAITOR] from 
[17:34:31] ACCESS: Login: Furry Chicken [TRAITOR] from 
[17:34:57] SAY: Shitty Bill (NPC) : Hey friendo, gimme yer bees.
[17:35:09] ADMIN: Matchoe maen (Furry Chicken) [TRAITOR] opened the create_object panel
[17:35:15] SAY: Shitty Bill (NPC) : Hey pal, gimme yer card.
[17:35:18] SAY: Shitty Bill (NPC) : The hell're you lookin' at, beardo?
[17:35:20] ADMIN: Matchoe maen (Furry Chicken) [TRAITOR] created a /obj/item/woodstuff/plank
[17:35:55] SAY: Shitty Bill (NPC) : Man, I sure don't miss bein' uploaded.
[17:36:53] SAY: Shitty Bill (NPC) : Yo, gimme yer patch.
[17:38:05] SAY: Shitty Bill (NPC) : What you lookin' at, beardo?
[17:38:22] ADMIN: Matchoe maen (Furry Chicken) [TRAITOR] opened the create_object panel
[17:38:27] ADMIN: Matchoe maen (Furry Chicken) [TRAITOR] created a /obj/item/weldingtool
[17:38:47] ADMIN: Matchoe maen (Furry Chicken) [TRAITOR] created a /obj/item/crowbar/survivor_crowbar
[17:38:52] SAY: Shitty Bill (NPC) : I ever tell you 'bout your grampa?
[17:39:34] SAY: Shitty Bill (NPC) : I ever tell you 'bout what's really going on out here?
[17:39:53] ADMIN: Matchoe maen (Furry Chicken) [TRAITOR] opened the create_object panel
[17:39:58] ADMIN: Matchoe maen (Furry Chicken) [TRAITOR] created a /obj/item/device/flashlight
[17:40:00] SAY: Father Jack (NPC) : ARSE!
[17:40:16] ADMIN: Matchoe maen (Furry Chicken) [TRAITOR] opened the create_object panel
[17:40:26] ADMIN: Matchoe maen (Furry Chicken) [TRAITOR] created a /obj/reagent_barrel/salt_barrel
[17:40:30] ADMIN: Matchoe maen (Furry Chicken) [TRAITOR] created a /obj/item/shaker/salt
[17:40:30] SAY: Shitty Bill (NPC) : Got any krok?
[17:42:29] ADMIN: Matchoe maen (Furry Chicken) [TRAITOR] opened the create_object panel
[17:42:32] ADMIN: Matchoe maen (Furry Chicken) [TRAITOR] created a /obj/item/reagent_containers/food/snacks/ingredient/meat/corpsemeat
[17:42:44] SAY: Father Jack (NPC) : ARSE!
[17:42:53] SAY: Father Jack (NPC) : GIRLS!
[17:44:07] SAY: Shitty Bill (NPC) : Hey Donald "Don" Glabs.
[17:44:12] ADMIN: Matchoe maen (Furry Chicken) [TRAITOR] opened the create_object panel
[17:44:17] ADMIN: Matchoe maen (Furry Chicken) [TRAITOR] created a /obj/item/reagent_containers/food/snacks/ingredient/meat/corpsemeat
[17:44:17] ADMIN: Matchoe maen (Furry Chicken) [TRAITOR] created a /obj/item/reagent_containers/food/snacks/ingredient/meat/corpsemeat
[17:44:17] ADMIN: Matchoe maen (Furry Chicken) [TRAITOR] created a /obj/item/reagent_containers/food/snacks/ingredient/meat/corpsemeat
[17:45:22] SAY: Shitty Bill (NPC) : Nice name, buddy.
[17:45:33] SAY: Matchoe maen (Furry Chicken) [TRAITOR] : *scream
[17:45:33] SAY: Matchoe maen (Furry Chicken) [TRAITOR] : *scream
[17:45:33] SAY: Matchoe maen (Furry Chicken) [TRAITOR] : *scream
[17:45:33] SAY: Matchoe maen (Furry Chicken) [TRAITOR] : *scream
[17:45:33] SAY: Matchoe maen (Furry Chicken) [TRAITOR] : *scream
[17:45:33] SAY: Matchoe maen (Furry Chicken) [TRAITOR] : *scream
[17:45:52] SAY: Shitty Bill (NPC) : Whatcha you lookin' at, 'Traser?
[17:45:52] ACCESS: Login: Furry Chicken [TRAITOR] from 
[17:45:59] SAY: Shitty Bill (NPC) : Got any pips?
[17:46:01] ADMIN: Alien Praetorian 287 (Furry Chicken) [TRAITOR] opened the create_object panel
[17:46:09] ADMIN: Alien Praetorian 287 (Furry Chicken) [TRAITOR] created a /obj/item/xeno/facehugger
[17:46:18] ADMIN: Alien Praetorian 287 (Furry Chicken) [TRAITOR] opened the create_mob panel
[17:46:22] ADMIN: Alien Praetorian 287 (Furry Chicken) [TRAITOR] created a /mob/living/carbon/human/fatherted
[17:47:02] SAY: Father Jack (NPC) : That would be an ecumenical matter.
[17:47:14] SAY: Shitty Bill (NPC) : You a changer?
[17:47:33] SAY: Shitty Bill (NPC) : Whatcha you lookin' at, doofus?
[17:47:42] SAY: Shitty Bill (NPC) : Got any alky?
[17:47:51] ADMIN: Alien Praetorian 287 (Furry Chicken) [TRAITOR] healed / revived Alien Praetorian 287 (Furry Chicken) [TRAITOR]
[17:48:00] SAY: Shitty Bill (NPC) : How's it hangin' Donald "Don" Glabs.
[17:49:11] ACCESS: Login: Alien Praetorian 287 (Furry Chicken) [TRAITOR] [DEAD] from 
[17:49:20] SAY: Shitty Bill (NPC) : The hell're you lookin' at, scrub?
[17:49:32] SAY: Shitty Bill (NPC) : Nice name, weirdo.
[17:49:32] ACCESS: Login: Furry Chicken [TRAITOR] from 
[17:49:41] ADMIN: Alien Sentinel 960 (Furry Chicken) [TRAITOR] healed / revived Alien Sentinel 960 (Furry Chicken) [TRAITOR]
[17:49:50] ADMIN: Alien Sentinel 960 (Furry Chicken) [TRAITOR] healed / revived Alien Sentinel 960 (Furry Chicken) [TRAITOR]
[17:50:18] ADMIN: Alien Sentinel 960 (Furry Chicken) [TRAITOR] healed / revived Alien Sentinel 960 (Furry Chicken) [TRAITOR]
[17:50:19] ACCESS: Login: Alien Sentinel 960 (Furry Chicken) [TRAITOR] [DEAD] from 
[17:50:39] SAY: Shitty Bill (NPC) : You a narc?
[17:50:53] SAY: Shitty Bill (NPC) : Got a light, 'Traser?
[17:52:23] SAY: Shitty Bill (NPC) : What're you lookin' at, idiot?
[17:53:24] SAY: Shitty Bill (NPC) : I think my pals died in space.
[17:53:43] SAY: Father Jack (NPC) : ARSE!
[17:54:09] SAY: Shitty Bill (NPC) : Nice karma, bud.
[17:55:20] SAY: Shitty Bill (NPC) : Sup Donald "Don" Glabs.
[17:56:02] SAY: Shitty Bill (NPC) : Got a light, dude?
[17:57:02] SAY: Shitty Bill (NPC) : Hello Donald "Don" Glabs.
[17:58:40] SAY: Shitty Bill (NPC) : I ever tell you 'bout what's really going on out here?
[17:58:59] SAY: Shitty Bill (NPC) : Nice hogg, buddy.
[17:59:20] SAY: Shitty Bill (NPC) : The hell're you lookin' at, weirdo?
[17:59:29] SAY: Shitty Bill (NPC) : Man, I sure miss my dog.
[18:00:10] SAY: Shitty Bill (NPC) : You a dracula?
[18:02:41] SAY: Father Jack (NPC) : DRINK!


Starting up. 18:11.50
---------------------

[18:11:55] ADMIN: Loading jobban_rank
[18:11:55] ADMIN: Jobban_keylist was empty
[18:11:55] ADMIN: Updating jobbanfile!
[18:11:55] ADMIN: Loading oocban_rank
[18:11:55] ADMIN: oocban_keylist was empty
[18:11:55] ADMIN: Updating jobbanfile!
ADMIN: furrychicken = Headmin
ADMIN: cherkir = Headmin
ADMIN: jasonvorheese = Primary Administrator
ADMIN: REDACTEDminimeatwadREDACTED = Primary Administrator
ADMIN: xenosandboxthesecond = Primary Administrator
ADMIN: exbod = Primary Administrator
ADMIN: zenek123 = Secondary Administrator
ADMIN: noobpwnt4lif3 = Codermin
ADMIN: kimjuandong = Coder
ADMIN: adolf12 = Iconner
ADMIN: kamina321 = Moderator
[18:12:15] ACCESS: Login: Furry Chicken from 
[18:13:00] ADMIN: Furry Chicken [DEAD] has started the game.
[18:13:00] ACCESS: Login: Furry Chicken [TRAITOR] from 
[18:14:03] SAY: Father Jack (NPC) : That would be an ecumenical matter.
[18:14:33] SAY: Shitty Bill (NPC) : What you lookin' at, chief?
[18:16:36] SAY: Shitty Bill (NPC) : I think my pals stole my hat.
[18:17:11] SAY: Father Jack (NPC) : FECK!
[18:17:25] SAY: Shitty Bill (NPC) : Nice podd, bud.
[18:17:42] SAY: Shitty Bill (NPC) : Got a light, owl man?
[18:18:04] SAY: Shitty Bill (NPC) : Got any 'roni?
[18:18:53] SAY: Father Jack (NPC) : FECK!
[18:18:55] SAY: Shitty Bill (NPC) : I think my pals sent you.
[18:19:04] SAY: Shitty Bill (NPC) : Got a light, friend?
[18:19:14] SAY: Shitty Bill (NPC) : Whatcha you lookin' at, chief?
[18:19:18] SAY: Shitty Bill (NPC) : You rap?
[18:19:37] SAY: Father Jack (NPC) : FECK!
[18:20:03] SAY: Shitty Bill (NPC) : Man, I sure don't miss Ganymede.
[18:20:36] SAY: Shitty Bill (NPC) : Nice treads, Colonel.
[18:22:46] SAY: Shitty Bill (NPC) : The hell're you lookin' at, flyboy?
[18:23:08] SAY: Shitty Bill (NPC) : You smoke?
[18:24:21] SAY: Shitty Bill (NPC) : Hey buddy, gimme yer drugs.
[18:24:38] SAY: Shitty Bill (NPC) : Hey buddy, gimme yer jet.
[18:25:48] SAY: Shitty Bill (NPC) : The hell you lookin' at, bucko?
[18:26:09] SAY: Shitty Bill (NPC) : You a cop?
[18:27:35] SAY: Shitty Bill (NPC) : Got any smuds?
[18:28:22] SAY: Shitty Bill (NPC) : You smoke?
[18:28:55] SAY: Shitty Bill (NPC) : Got any cola?
[18:29:18] SAY: Shitty Bill (NPC) : I think my bruds set me up.
[18:30:12] SAY: Shitty Bill (NPC) : What you lookin' at, flyboy?
[18:33:14] SAY: Shitty Bill (NPC) : You a robot?
[18:34:11] SAY: Shitty Bill (NPC) : Hey, gimme yer cash.
[18:34:36] SAY: Father Jack (NPC) : ARSE!


Starting up. 18:40.52
---------------------

[18:40:57] ADMIN: Loading jobban_rank
[18:40:57] ADMIN: Jobban_keylist was empty
[18:40:57] ADMIN: Updating jobbanfile!
[18:40:57] ADMIN: Loading oocban_rank
[18:40:57] ADMIN: oocban_keylist was empty
[18:40:57] ADMIN: Updating jobbanfile!
ADMIN: furrychicken = Headmin
ADMIN: cherkir = Headmin
ADMIN: jasonvorheese = Primary Administrator
ADMIN: REDACTEDminimeatwadREDACTED = Primary Administrator
ADMIN: xenosandboxthesecond = Primary Administrator
ADMIN: exbod = Primary Administrator
ADMIN: zenek123 = Secondary Administrator
ADMIN: noobpwnt4lif3 = Codermin
ADMIN: kimjuandong = Coder
ADMIN: adolf12 = Iconner
ADMIN: kamina321 = Moderator
[18:41:21] ACCESS: Login: Furry Chicken from 
[18:42:00] ADMIN: Furry Chicken [DEAD] has started the game.
[18:42:01] ACCESS: Login: Furry Chicken [TRAITOR] from 
[18:42:23] ACCESS: Login: Furry Chicken [TRAITOR] from 
[18:42:43] ADMIN: maetchoh Maenn (Furry Chicken) [TRAITOR] opened the create_object panel
[18:42:49] ADMIN: maetchoh Maenn (Furry Chicken) [TRAITOR] created a /obj/item/device/flashlight
[18:43:10] ADMIN: maetchoh Maenn (Furry Chicken) [TRAITOR] modified [0x21010a56] (/datum/light/point)'s brightness to 5
[18:43:20] ADMIN: maetchoh Maenn (Furry Chicken) [TRAITOR] opened the create_object panel
[18:43:43] SAY: Father Jack (NPC) : ARSE!
[18:43:45] SAY: Shitty Bill (NPC) : You sting?
[18:44:03] ADMIN: maetchoh Maenn (Furry Chicken) [TRAITOR] created a /obj/item/cable_coil
[18:44:06] SAY: Father Jack (NPC) : That would be an ecumenical matter.
[18:44:11] SAY: Shitty Bill (NPC) : Man, I sure miss bein' a wizard.
[18:44:17] ADMIN: maetchoh Maenn (Furry Chicken) [TRAITOR] created a /obj/item/raw_material/shard/glass
[18:44:32] ADMIN: maetchoh Maenn (Furry Chicken) [TRAITOR] opened the create_object panel
[18:45:32] SAY: Shitty Bill (NPC) : Got a light, spaceman?
[18:47:15] SAY: Shitty Bill (NPC) : Yo Donald "Don" Glabs.
[18:48:29] SAY: Shitty Bill (NPC) : Whatcha you lookin' at, idiot?
[18:48:47] SAY: Shitty Bill (NPC) : The hell you lookin' at, astronaut?
[18:49:03] SAY: Father Jack (NPC) : GIRLS!
[18:49:35] SAY: maetchoh Maenn (Furry Chicken) [TRAITOR] : *scream
[18:49:35] SAY: maetchoh Maenn (Furry Chicken) [TRAITOR] : *scream
[18:49:35] SAY: maetchoh Maenn (Furry Chicken) [TRAITOR] : *scream
[18:49:35] SAY: maetchoh Maenn (Furry Chicken) [TRAITOR] : *scream
[18:49:35] SAY: maetchoh Maenn (Furry Chicken) [TRAITOR] : *scream
[18:49:42] SAY: Shitty Bill (NPC) : You wrassle?
[18:50:12] SAY: Father Jack (NPC) : That would be an ecumenical matter.
[18:51:48] SAY: Shitty Bill (NPC) : Oh hell, it's Donald "Don" Glabs.
[18:52:23] SAY: Shitty Bill (NPC) : Nice ship, dweeb.
[18:53:24] SAY: Shitty Bill (NPC) : Nice threads, clown.
[18:54:41] SAY: Shitty Bill (NPC) : I think my buds got lost on the way here.
[18:55:05] SAY: Shitty Bill (NPC) : Man, I sure miss bein' an atmos tech.
[18:55:32] SAY: Shitty Bill (NPC) : I ever tell you 'bout the time I found an alien thing that made weed?
[18:56:08] SAY: Shitty Bill (NPC) : I ever tell you 'bout that time I got lost in a station made of meat?
[18:56:36] SAY: Shitty Bill (NPC) : You grustle?


Starting up. 18:57.49
---------------------

[18:57:55] ADMIN: Loading jobban_rank
[18:57:55] ADMIN: Jobban_keylist was empty
[18:57:55] ADMIN: Updating jobbanfile!
[18:57:55] ADMIN: Loading oocban_rank
[18:57:55] ADMIN: oocban_keylist was empty
[18:57:55] ADMIN: Updating jobbanfile!
ADMIN: furrychicken = Headmin
ADMIN: cherkir = Headmin
ADMIN: jasonvorheese = Primary Administrator
ADMIN: REDACTEDminimeatwadREDACTED = Primary Administrator
ADMIN: xenosandboxthesecond = Primary Administrator
ADMIN: exbod = Primary Administrator
ADMIN: zenek123 = Secondary Administrator
ADMIN: noobpwnt4lif3 = Codermin
ADMIN: kimjuandong = Coder
ADMIN: adolf12 = Iconner
ADMIN: kamina321 = Moderator
[18:58:15] ACCESS: Login: Furry Chicken from 
[18:58:57] ADMIN: Furry Chicken [DEAD] has started the game.
[18:58:57] ACCESS: Login: Furry Chicken [TRAITOR] from 
[18:59:21] ACCESS: Login: Furry Chicken [TRAITOR] from 
[19:02:32] SAY: Shitty Bill (NPC) : I think my pals set me up.
[19:02:51] SAY: Shitty Bill (NPC) : Man, I sure miss bein' an operative.


Starting up. 19:05.49
---------------------

[19:05:54] ADMIN: Loading jobban_rank
[19:05:54] ADMIN: Jobban_keylist was empty
[19:05:54] ADMIN: Updating jobbanfile!
[19:05:54] ADMIN: Loading oocban_rank
[19:05:54] ADMIN: oocban_keylist was empty
[19:05:54] ADMIN: Updating jobbanfile!
ADMIN: furrychicken = Headmin
ADMIN: cherkir = Headmin
ADMIN: jasonvorheese = Primary Administrator
ADMIN: REDACTEDminimeatwadREDACTED = Primary Administrator
ADMIN: xenosandboxthesecond = Primary Administrator
ADMIN: exbod = Primary Administrator
ADMIN: zenek123 = Secondary Administrator
ADMIN: noobpwnt4lif3 = Codermin
ADMIN: kimjuandong = Coder
ADMIN: adolf12 = Iconner
ADMIN: kamina321 = Moderator
[19:06:15] ACCESS: Login: Furry Chicken from 
[19:06:58] ADMIN: Furry Chicken [DEAD] has started the game.
[19:06:58] ACCESS: Login: Pavel Havel (Furry Chicken) from 
[19:07:13] SAY: Shitty Bill (NPC) : I think my buds set me up.
[19:08:09] ADMIN: Pavel Havel (Furry Chicken) modified workbench's layer to 0
[19:08:28] ADMIN: Pavel Havel (Furry Chicken) opened the create_object panel
[19:08:30] SAY: Shitty Bill (NPC) : I ever tell you 'bout the last day I saw my kids?
[19:08:34] ADMIN: Pavel Havel (Furry Chicken) created a /obj/item/cable_coil
[19:08:40] ADMIN: Pavel Havel (Furry Chicken) created a /obj/item/raw_material/shard/glass
[19:09:13] SAY: Shitty Bill (NPC) : You a Russian?
[19:10:00] SAY: Shitty Bill (NPC) : Hey pal, gimme yer bees.
[19:10:03] SAY: Shitty Bill (NPC) : I think my bruds are running late.
[19:10:33] SAY: Shitty Bill (NPC) : Nice hog, wirehead.
[19:10:35] SAY: Shitty Bill (NPC) : Hello Donald "Don" Glabs.
[19:10:47] SAY: Shitty Bill (NPC) : Whoa, it's Donald "Don" Glabs.
[19:11:18] SAY: Shitty Bill (NPC) : What're you lookin' at, pal?
[19:11:54] SAY: Shitty Bill (NPC) : Got any burgle?
[19:13:19] SAY: Father Jack (NPC) : ARSE!
[19:13:27] ADMIN: Pavel Havel (Furry Chicken) modified Pavel Havel's will_starve_in_deciseconds to 1500
[19:13:29] SAY: Shitty Bill (NPC) : What you lookin' at, scrub?
[19:13:30] SAY: Pavel Havel (Furry Chicken) : *scream
[19:13:31] SAY: Pavel Havel (Furry Chicken) : *scream
[19:13:31] SAY: Pavel Havel (Furry Chicken) : *scream
[19:13:32] SAY: Pavel Havel (Furry Chicken) : *scream
[19:13:32] SAY: Pavel Havel (Furry Chicken) : *scream
[19:13:33] SAY: Pavel Havel (Furry Chicken) : *scream
[19:13:33] SAY: Pavel Havel (Furry Chicken) : *scream
[19:13:34] SAY: Pavel Havel (Furry Chicken) : *scream
[19:14:19] SAY: Shitty Bill (NPC) : You fly?
[19:14:23] SAY: Shitty Bill (NPC) : Man, I sure don't miss nerds bragging about their stations.
[19:14:35] SAY: Shitty Bill (NPC) : The hell're you lookin' at, dweeb?
[19:15:46] SAY: Pavel Havel (Furry Chicken) : *scream
[19:15:47] SAY: Pavel Havel (Furry Chicken) : *scream
[19:15:47] SAY: Pavel Havel (Furry Chicken) : *scream


Starting up. 19:15.53
---------------------

[19:15:56] SAY: Pavel Havel (Furry Chicken) : *fart
[19:15:57] SAY: Pavel Havel (Furry Chicken) : *fart
[19:15:57] SAY: Pavel Havel (Furry Chicken) : *fart
[19:15:58] ADMIN: Loading jobban_rank
[19:15:58] ADMIN: Jobban_keylist was empty
[19:15:58] ADMIN: Updating jobbanfile!
[19:15:58] ADMIN: Loading oocban_rank
[19:15:58] ADMIN: oocban_keylist was empty
[19:15:58] ADMIN: Updating jobbanfile!
[19:15:58] SAY: Pavel Havel (Furry Chicken) : *fart
ADMIN: furrychicken = Headmin
ADMIN: cherkir = Headmin
ADMIN: jasonvorheese = Primary Administrator
ADMIN: REDACTEDminimeatwadREDACTED = Primary Administrator
ADMIN: xenosandboxthesecond = Primary Administrator
ADMIN: exbod = Primary Administrator
ADMIN: zenek123 = Secondary Administrator
ADMIN: noobpwnt4lif3 = Codermin
ADMIN: kimjuandong = Coder
ADMIN: adolf12 = Iconner
ADMIN: kamina321 = Moderator
[19:16:20] ACCESS: Login: Furry Chicken from 
[19:16:27] SAY: Father Jack (NPC) : FECK!
[19:17:57] ADMIN: Furry Chicken [DEAD] has started the game.
[19:17:57] ACCESS: Login: Furry Chicken [TRAITOR] from 
[19:18:08] ACCESS: Login: Furry Chicken [TRAITOR] from 
[19:18:16] ADMIN: Maechoh mann (Furry Chicken) [TRAITOR] opened the create_object panel
[19:18:18] SAY: Shitty Bill (NPC) : You grustle?
[19:18:23] ADMIN: Maechoh mann (Furry Chicken) [TRAITOR] created a /obj/item/device/flashlight
[19:18:35] SAY: Father Jack (NPC) : DRINK!
[19:18:39] SAY: Shitty Bill (NPC) : Whatcha you lookin' at, wirehead?
[19:18:56] SAY: Shitty Bill (NPC) : You a miner?
[19:18:57] ADMIN: Maechoh mann (Furry Chicken) [TRAITOR] modified workbench's layer to -1
[19:19:03] ADMIN: Maechoh mann (Furry Chicken) [TRAITOR] opened the create_object panel
[19:19:10] ADMIN: Maechoh mann (Furry Chicken) [TRAITOR] created a /obj/item/raw_material/shard/glass
[19:19:16] ADMIN: Maechoh mann (Furry Chicken) [TRAITOR] created a /obj/gibshark
[19:19:24] SAY: Shitty Bill (NPC) : Dag, it's Donald "Don" Glabs.
[19:19:27] ADMIN: Maechoh mann (Furry Chicken) [TRAITOR] created a /obj/item/cable_coil
[19:19:38] SAY: Shitty Bill (NPC) : Hey dweeb, gimme yer drugs.
[19:19:41] SAY: Father Jack (NPC) : DRINK!
[19:21:10] ADMIN: Maechoh mann (Furry Chicken) [TRAITOR] opened the create_object panel
[19:21:11] SAY: Shitty Bill (NPC) : Hey friendo, gimme yer card.
[19:21:12] ADMIN: Maechoh mann (Furry Chicken) [TRAITOR] opened the create_mob panel
[19:21:16] ADMIN: Maechoh mann (Furry Chicken) [TRAITOR] created a /mob/living/carbon/human/waldo
[19:21:19] SAY: Father Jack (NPC) : DRINK!
[19:21:21] SAY: Shitty Bill (NPC) : Nice wheels, weirdo.
[19:21:33] ADMIN: Maechoh mann (Furry Chicken) [TRAITOR] opened the create_object panel
[19:21:38] ADMIN: Maechoh mann (Furry Chicken) [TRAITOR] created a /obj/item/crowbar/survivor_crowbar
[19:21:46] ADMIN: Maechoh mann (Furry Chicken) [TRAITOR] created a /obj/item/electronics/batteryassembly
[19:21:58] SAY: Shitty Bill (NPC) : I think my homies are running late.
[19:22:32] SAY: Father Jack (NPC) : ARSE!
[19:22:36] SAY: Shitty Bill (NPC) : The hell're you lookin' at, dweeb?
[19:23:18] SAY: Shitty Bill (NPC) : You grustle?
[19:23:37] SAY: Father Jack (NPC) : DRINK!
[19:23:40] SAY: Shitty Bill (NPC) : I think my pals got lost on the way here.
[19:24:12] SAY: Shitty Bill (NPC) : What the hell are you lookin' at, doofus?
[19:24:42] SAY: Shitty Bill (NPC) : Got a light, nerd?
[19:25:03] SAY: Father Jack (NPC) : DRINK!
[19:25:24] SAY: Shitty Bill (NPC) : I think my homebros got lost on the way here.
[19:25:54] SAY: Shitty Bill (NPC) : You a narc?
[19:25:56] SAY: Shitty Bill (NPC) : Got a light, Colonel?
[19:25:58] SAY: Father Jack (NPC) : ARSE!
[19:26:07] SAY: Father Jack (NPC) : FECK!
[19:26:10] SAY: Shitty Bill (NPC) : I ever tell you 'bout the time I sold dope to that ice dude?
[19:26:26] SAY: Shitty Bill (NPC) : What the hell are you lookin' at, dude?
[19:27:05] SAY: Shitty Bill (NPC) : You ride?
[19:27:09] SAY: Shitty Bill (NPC) : I ever tell you 'bout the time I found that creepy cave?
[19:27:19] SAY: Shitty Bill (NPC) : Nice face, buddy.
[19:27:26] SAY: Father Jack (NPC) : That would be an ecumenical matter.
[19:27:40] SAY: Shitty Bill (NPC) : Got a light, weirdo?
[19:27:40] SAY: Father Jack (NPC) : That would be an ecumenical matter.
[19:27:41] ADMIN: Maechoh mann (Furry Chicken) [TRAITOR] opened the create_object panel
[19:27:46] ADMIN: Maechoh mann (Furry Chicken) [TRAITOR] created a /obj/item/raw_material/shard/glass
[19:28:18] SAY: Shitty Bill (NPC) : Got a light, spaceman?
[19:28:36] SAY: Shitty Bill (NPC) : Got any jenkem?
[19:29:06] SAY: Shitty Bill (NPC) : Man, I sure miss Mars.
[19:29:15] ADMIN: Maechoh mann (Furry Chicken) [TRAITOR] opened the create_object panel
[19:29:20] ADMIN: Maechoh mann (Furry Chicken) [TRAITOR] created a /obj/item/wrench
[19:29:46] ADMIN: Maechoh mann (Furry Chicken) [TRAITOR] healed / revived Waldo (NPC)
[19:30:26] SAY: Shitty Bill (NPC) : Got a light, bro?
[19:30:38] SAY: Father Jack (NPC) : FECK!
[19:30:58] SAY: Shitty Bill (NPC) : Nice burner, dingus.
[19:30:59] SAY: Shitty Bill (NPC) : Man, I sure don't miss nerds bragging about their stations.
[19:31:17] SAY: Father Jack (NPC) : FECK!
[19:33:33] ACCESS: Login: Furry Chicken [TRAITOR] from 
[19:33:38] SAY: Father Jack (NPC) : That would be an ecumenical matter.
[19:33:53] ACCESS: Login: Alien Sentinel 144 (Furry Chicken) [TRAITOR] [DEAD] from 
[19:34:02] ACCESS: Login: Furry Chicken [TRAITOR] from 
[19:34:25] ACCESS: Login: Alien Sentinel 101 (Furry Chicken) [TRAITOR] [DEAD] from 
[19:34:36] SAY: Shitty Bill (NPC) : You a narc?
[19:34:38] SAY: Shitty Bill (NPC) : Got a light, weirdo?
[19:35:18] SAY: Shitty Bill (NPC) : Nice podd, Colonel.
[19:36:14] SAY: Shitty Bill (NPC) : I think my homies got eaten.
[19:36:37] SAY: Shitty Bill (NPC) : You a miner?
[19:37:10] SAY: Shitty Bill (NPC) : Got a light, buddy?


Starting up. 19:40.57
---------------------

[19:41:02] ADMIN: Loading jobban_rank
[19:41:02] ADMIN: Jobban_keylist was empty
[19:41:02] ADMIN: Updating jobbanfile!
[19:41:02] ADMIN: Loading oocban_rank
[19:41:02] ADMIN: oocban_keylist was empty
[19:41:02] ADMIN: Updating jobbanfile!
ADMIN: furrychicken = Headmin
ADMIN: cherkir = Headmin
ADMIN: jasonvorheese = Primary Administrator
ADMIN: REDACTEDminimeatwadREDACTED = Primary Administrator
ADMIN: xenosandboxthesecond = Primary Administrator
ADMIN: exbod = Primary Administrator
ADMIN: zenek123 = Secondary Administrator
ADMIN: noobpwnt4lif3 = Codermin
ADMIN: kimjuandong = Coder
ADMIN: adolf12 = Iconner
ADMIN: kamina321 = Moderator
[19:41:23] ACCESS: Login: Furry Chicken from 


Starting up. 19:42.31
---------------------

[19:42:37] ADMIN: Furry Chicken [DEAD] has started the game.
[19:42:37] ADMIN: Loading jobban_rank
[19:42:37] ADMIN: Jobban_keylist was empty
[19:42:37] ADMIN: Updating jobbanfile!
[19:42:37] ADMIN: Loading oocban_rank
[19:42:37] ADMIN: oocban_keylist was empty
[19:42:37] ADMIN: Updating jobbanfile!
ADMIN: furrychicken = Headmin
ADMIN: cherkir = Headmin
ADMIN: jasonvorheese = Primary Administrator
ADMIN: REDACTEDminimeatwadREDACTED = Primary Administrator
ADMIN: xenosandboxthesecond = Primary Administrator
ADMIN: exbod = Primary Administrator
ADMIN: zenek123 = Secondary Administrator
ADMIN: noobpwnt4lif3 = Codermin
ADMIN: kimjuandong = Coder
ADMIN: adolf12 = Iconner
ADMIN: kamina321 = Moderator
[19:42:37] ACCESS: Login: Furry Chicken [TRAITOR] from 
[19:42:51] ACCESS: Login: Furry Chicken [TRAITOR] from 
[19:43:00] ACCESS: Login: Furry Chicken from 
[19:43:07] ADMIN: Maechoh menn (Furry Chicken) [TRAITOR] opened the create_object panel
[19:43:19] SAY: Shitty Bill (NPC) : I think my homebros forgot about me.
[19:43:21] ADMIN: Maechoh menn (Furry Chicken) [TRAITOR] created a /obj/item/crowbar/survivor_crowbar
[19:43:32] ADMIN: Maechoh menn (Furry Chicken) [TRAITOR] created a /obj/item/electronics/batteryassembly
[19:44:02] SAY: Shitty Bill (NPC) : Whoa, it's Donald "Don" Glabs.
[19:44:23] SAY: Shitty Bill (NPC) : Nice karma, brud.
[19:44:26] SAY: Shitty Bill (NPC) : Hey brud, gimme yer smokes.
[19:44:28] SAY: Shitty Bill (NPC) : You a narc?
[19:45:32] SAY: Shitty Bill (NPC) : I think my homies forgot about me.
[19:45:44] SAY: Shitty Bill (NPC) : Yo, gimme yer cats.
[19:45:45] ADMIN: Maechoh menn (Furry Chicken) [TRAITOR] opened the create_mob panel
[19:45:48] ADMIN: Maechoh menn (Furry Chicken) [TRAITOR] created a /mob/living/carbon/human/fatherjack
[19:46:27] SAY: Shitty Bill (NPC) : Hey pal, gimme yer smokes.
[19:47:22] SAY: Shitty Bill (NPC) : I ever tell you 'bout the time I got paid to whack someone on that dinosaur station?
[19:47:34] SAY: Shitty Bill (NPC) : I ever tell you 'bout your dad?
[19:47:34] SAY: Father Jack (NPC) : ARSE!
[19:47:41] SAY: Shitty Bill (NPC) : I think my bruds left me here.
[19:47:48] SAY: Shitty Bill (NPC) : You a miner?
[19:48:00] SAY: Shitty Bill (NPC) : I think my associates got caught.
[19:48:53] SAY: Shitty Bill (NPC) : The hell're you lookin' at, spaceman?
[19:49:33] SAY: Father Jack (NPC) : DRINK!


Starting up. 19:54.09
---------------------

[19:54:14] ADMIN: Loading jobban_rank
[19:54:14] ADMIN: Jobban_keylist was empty
[19:54:14] ADMIN: Updating jobbanfile!
[19:54:14] ADMIN: Loading oocban_rank
[19:54:14] ADMIN: oocban_keylist was empty
[19:54:14] ADMIN: Updating jobbanfile!
ADMIN: furrychicken = Headmin
ADMIN: cherkir = Headmin
ADMIN: jasonvorheese = Primary Administrator
ADMIN: REDACTEDminimeatwadREDACTED = Primary Administrator
ADMIN: xenosandboxthesecond = Primary Administrator
ADMIN: exbod = Primary Administrator
ADMIN: zenek123 = Secondary Administrator
ADMIN: noobpwnt4lif3 = Codermin
ADMIN: kimjuandong = Coder
ADMIN: adolf12 = Iconner
ADMIN: kamina321 = Moderator
[19:54:35] ACCESS: Login: Furry Chicken from 
[19:55:05] ADMIN: Furry Chicken [DEAD] has started the game.
[19:55:06] ACCESS: Login: Furry Chicken [TRAITOR] from 
[19:55:29] SAY: Shitty Bill (NPC) : Nice hog, pal.
[19:55:30] ACCESS: Login: Furry Chicken [TRAITOR] from 
[19:56:20] SAY: Mahtcho Man (Furry Chicken) [TRAITOR] : *scream
[19:56:20] SAY: Mahtcho Man (Furry Chicken) [TRAITOR] : *scream
[19:56:20] SAY: Mahtcho Man (Furry Chicken) [TRAITOR] : *scream
[19:56:20] SAY: Mahtcho Man (Furry Chicken) [TRAITOR] : *scream
[19:56:28] ADMIN: Mahtcho Man (Furry Chicken) [TRAITOR] jumped to 210, 195, 1 in Arrivals Dock
[19:56:30] ADMIN: Mahtcho Man (Furry Chicken) [TRAITOR] opened the create_object panel
[19:56:36] ADMIN: Mahtcho Man (Furry Chicken) [TRAITOR] created a /obj/item/crowbar/survivor_crowbar
[19:56:41] ADMIN: Mahtcho Man (Furry Chicken) [TRAITOR] created a /obj/item/wrench
[19:56:49] ADMIN: Mahtcho Man (Furry Chicken) [TRAITOR] created a /obj/item/wirecutters
[19:56:57] ADMIN: Mahtcho Man (Furry Chicken) [TRAITOR] created a /obj/item/cable_coil
[19:57:02] ADMIN: Mahtcho Man (Furry Chicken) [TRAITOR] created a /obj/item/electronics/batteryassembly
[19:57:06] ADMIN: Mahtcho Man (Furry Chicken) [TRAITOR] created a /obj/item/electronics/battery
[19:57:07] SAY: Shitty Bill (NPC) : Got a light, bud?
[19:57:12] ADMIN: Mahtcho Man (Furry Chicken) [TRAITOR] created a /obj/item/raw_material/shard/glass
[19:57:28] SAY: Shitty Bill (NPC) : Hey buddy, gimme yer card.
[19:58:20] ADMIN: Mahtcho Man (Furry Chicken) [TRAITOR] opened the create_mob panel
[19:58:22] SAY: Shitty Bill (NPC) : Yo Donald "Don" Glabs.
[19:58:24] ADMIN: Mahtcho Man (Furry Chicken) [TRAITOR] created a /mob/living/carbon/human/biker
[19:58:30] SAY: Shitty Bill (NPC) : Dang, it's Mahtcho Man.
