

Starting up. 13:46.30
---------------------

[13:46:35] ADMIN: Loading jobban_rank
[13:46:35] ADMIN: Jobban_keylist was empty
[13:46:35] ADMIN: Updating jobbanfile!
[13:46:35] ADMIN: Loading oocban_rank
[13:46:35] ADMIN: oocban_keylist was empty
[13:46:35] ADMIN: Updating jobbanfile!
ADMIN: furrychicken = Headmin
ADMIN: cherkir = Headmin
ADMIN: jasonvorheese = Primary Administrator
ADMIN: REDACTEDminimeatwadREDACTED = Primary Administrator
ADMIN: xenosandboxthesecond = Primary Administrator
ADMIN: exbod = Primary Administrator
ADMIN: zenek123 = Secondary Administrator
ADMIN: silentsh00t = Administrator
ADMIN: noobpwnt4lif3 = Codermin
ADMIN: kimjuandong = Coder
ADMIN: adolf12 = Iconner
ADMIN: kamina321 = Moderator
[13:46:52] ACCESS: Login: Furry Chicken from 
[13:51:05] SAY: Shitty Bill (NPC) : You a beardo?
[13:51:37] SAY: Shitty Bill (NPC) : Nice podd, chump.
[13:51:51] SAY: Shitty Bill (NPC) : How's it goin' Donald "Don" Glabs.
[13:52:21] SAY: Shitty Bill (NPC) : I ever tell you 'bout the time I found a box full of bees?
[13:52:28] SAY: Shitty Bill (NPC) : Nice treads, dude.
[13:52:54] ACCESS: Login: Pavel Havel (Furry Chicken) from 
[13:53:00] SAY: Pavel Havel (Furry Chicken) : *scream
[13:53:01] SAY: Pavel Havel (Furry Chicken) : *scream
[13:53:01] SAY: Pavel Havel (Furry Chicken) : *scream
[13:53:01] SAY: Pavel Havel (Furry Chicken) : *scream
[13:53:01] SAY: Pavel Havel (Furry Chicken) : *scream
[13:53:02] SAY: Pavel Havel (Furry Chicken) : *scream


Starting up. 14:00.39
---------------------

[14:00:44] ADMIN: Loading jobban_rank
[14:00:44] ADMIN: Jobban_keylist was empty
[14:00:44] ADMIN: Updating jobbanfile!
[14:00:44] ADMIN: Loading oocban_rank
[14:00:44] ADMIN: oocban_keylist was empty
[14:00:44] ADMIN: Updating jobbanfile!
ADMIN: furrychicken = Headmin
ADMIN: cherkir = Headmin
ADMIN: jasonvorheese = Primary Administrator
ADMIN: REDACTEDminimeatwadREDACTED = Primary Administrator
ADMIN: xenosandboxthesecond = Primary Administrator
ADMIN: exbod = Primary Administrator
ADMIN: zenek123 = Secondary Administrator
ADMIN: silentsh00t = Administrator
ADMIN: noobpwnt4lif3 = Codermin
ADMIN: kimjuandong = Coder
ADMIN: adolf12 = Iconner
ADMIN: kamina321 = Moderator
[14:01:03] ACCESS: Login: Furry Chicken from 
[14:02:06] ADMIN: Furry Chicken [DEAD] has started the game.
[14:02:06] ACCESS: Login: Furry Chicken [TRAITOR] from 
[14:02:18] ACCESS: Login: Furry Chicken [TRAITOR] from 
[14:02:47] ACCESS: Login: Alien Praetorian 734 (Furry Chicken) [TRAITOR] [DEAD] from 
[14:02:58] ACCESS: Login: Furry Chicken [TRAITOR] from 
[14:03:35] ACCESS: Login: Furry Chicken [TRAITOR] from 
[14:03:42] ACCESS: Login: Alien Sentinel 318 (Furry Chicken) [TRAITOR] [DEAD] from 
[14:03:50] ACCESS: Login: Furry Chicken [TRAITOR] from 
[14:03:57] ACCESS: Login: Alien Sentinel 614 (Furry Chicken) [TRAITOR] [DEAD] from 
[14:04:08] ACCESS: Login: Furry Chicken [TRAITOR] from 
[14:04:14] SAY: Shitty Bill (NPC) : Man, I sure don't miss nerds bragging about their stations.
[14:04:17] SAY: Shitty Bill (NPC) : What up Donald "Don" Glabs.
[14:04:53] ACCESS: Login: Alien Sentinel 573 (Furry Chicken) [TRAITOR] [DEAD] from 
[14:05:04] ACCESS: Login: Furry Chicken [TRAITOR] from 
[14:05:12] ACCESS: Login: Alien Sentinel 305 (Furry Chicken) [TRAITOR] [DEAD] from 
[14:05:25] SAY: Shitty Bill (NPC) : Got any bee food?


Starting up. 14:10.13
---------------------

[14:10:18] ADMIN: Loading jobban_rank
[14:10:18] ADMIN: Jobban_keylist was empty
[14:10:18] ADMIN: Updating jobbanfile!
[14:10:18] ADMIN: Loading oocban_rank
[14:10:18] ADMIN: oocban_keylist was empty
[14:10:18] ADMIN: Updating jobbanfile!
ADMIN: furrychicken = Headmin
ADMIN: cherkir = Headmin
ADMIN: jasonvorheese = Primary Administrator
ADMIN: REDACTEDminimeatwadREDACTED = Primary Administrator
ADMIN: xenosandboxthesecond = Primary Administrator
ADMIN: exbod = Primary Administrator
ADMIN: zenek123 = Secondary Administrator
ADMIN: silentsh00t = Administrator
ADMIN: noobpwnt4lif3 = Codermin
ADMIN: kimjuandong = Coder
ADMIN: adolf12 = Iconner
ADMIN: kamina321 = Moderator
[14:10:37] ACCESS: Login: Furry Chicken from 
[14:11:08] ADMIN: Furry Chicken [DEAD] has started the game.
[14:11:09] ACCESS: Login: Pavel Havel (Furry Chicken) from 
[14:11:17] ACCESS: Login: Pavel Havel (Furry Chicken) from 


Starting up. 14:21.15
---------------------

[14:21:21] ADMIN: Loading jobban_rank
[14:21:21] ADMIN: Jobban_keylist was empty
[14:21:21] ADMIN: Updating jobbanfile!
[14:21:21] ADMIN: Loading oocban_rank
[14:21:21] ADMIN: oocban_keylist was empty
[14:21:21] ADMIN: Updating jobbanfile!
ADMIN: furrychicken = Headmin
ADMIN: cherkir = Headmin
ADMIN: jasonvorheese = Primary Administrator
ADMIN: REDACTEDminimeatwadREDACTED = Primary Administrator
ADMIN: xenosandboxthesecond = Primary Administrator
ADMIN: exbod = Primary Administrator
ADMIN: zenek123 = Secondary Administrator
ADMIN: silentsh00t = Administrator
ADMIN: noobpwnt4lif3 = Codermin
ADMIN: kimjuandong = Coder
ADMIN: adolf12 = Iconner
ADMIN: kamina321 = Moderator
[14:21:42] ACCESS: Login: Furry Chicken from 
[14:22:35] ADMIN: Furry Chicken [DEAD] has started the game.
[14:22:36] ACCESS: Login: Pavel Havel (Furry Chicken) from 
[14:22:38] SAY: Shitty Bill (NPC) : I think my homies stole my hat.
[14:22:49] SAY: Shitty Bill (NPC) : Got any hyro?
[14:23:17] SAY: Shitty Bill (NPC) : Hey buddy, gimme yer jet.
[14:24:38] SAY: Shitty Bill (NPC) : Man, I sure don't miss the Rings.
[14:25:21] SAY: Pavel Havel (Furry Chicken) : *scream
[14:25:21] SAY: Pavel Havel (Furry Chicken) : *scream
[14:25:26] SAY: Shitty Bill (NPC) : I ever tell you 'bout that smilin' dude?
[14:25:45] SAY: Shitty Bill (NPC) : I think my buds stole my hat.
[14:26:11] SAY: Shitty Bill (NPC) : You a wizman?
[14:26:29] SAY: Shitty Bill (NPC) : Oh Christ, it's Donald "Don" Glabs.
[14:26:40] SAY: Shitty Bill (NPC) : Yo, gimme yer cash.
[14:26:59] SAY: Shitty Bill (NPC) : Got any hyro?
[14:27:01] SAY: Shitty Bill (NPC) : What the hell are you lookin' at, nerd?
[14:27:22] SAY: Shitty Bill (NPC) : Nice threads, dingus.
[14:27:41] SAY: Shitty Bill (NPC) : I ever tell you 'bout that time I got lost in a station made of meat?
[14:27:55] SAY: Father Jack (NPC) : ARSE!
[14:28:07] ACCESS: Login: Pavel Havel (Furry Chicken) from 
[14:28:25] ACCESS: Login: Pavel Havel (Furry Chicken) from 


Starting up. 14:54.30
---------------------

[14:54:35] ADMIN: Loading jobban_rank
[14:54:35] ADMIN: Jobban_keylist was empty
[14:54:35] ADMIN: Updating jobbanfile!
[14:54:35] ADMIN: Loading oocban_rank
[14:54:35] ADMIN: oocban_keylist was empty
[14:54:35] ADMIN: Updating jobbanfile!
ADMIN: furrychicken = Headmin
ADMIN: cherkir = Headmin
ADMIN: jasonvorheese = Primary Administrator
ADMIN: REDACTEDminimeatwadREDACTED = Primary Administrator
ADMIN: xenosandboxthesecond = Primary Administrator
ADMIN: exbod = Primary Administrator
ADMIN: zenek123 = Secondary Administrator
ADMIN: silentsh00t = Administrator
ADMIN: noobpwnt4lif3 = Codermin
ADMIN: kimjuandong = Coder
ADMIN: adolf12 = Iconner
ADMIN: kamina321 = Moderator
[14:54:55] ACCESS: Login: Furry Chicken from 
[14:58:30] SAY: Shitty Bill (NPC) : I think my crew left me here.
[14:58:42] SAY: Shitty Bill (NPC) : Nice hog, buddy.
[14:58:49] SAY: Shitty Bill (NPC) : Hey buddy, gimme yer smokes.
[15:01:23] SAY: Shitty Bill (NPC) : Nice wheels, dork.
[15:02:22] SAY: Shitty Bill (NPC) : Man, I sure don't miss Nano-T.
[15:03:56] SAY: Shitty Bill (NPC) : Nice hog, idiot.
[15:04:08] ACCESS: Login: Pavel Havel (Furry Chicken) from 
[15:04:34] SAY: Shitty Bill (NPC) : You grustle?
[15:05:36] SAY: Father Jack (NPC) : FECK!
[15:07:19] SAY: Shitty Bill (NPC) : What the hell are you lookin' at, wirehead?
[15:07:33] SAY: Shitty Bill (NPC) : Oh hell, it's Father Jack.
[15:07:58] SAY: Shitty Bill (NPC) : Got any space drugs?
[15:08:35] SAY: Shitty Bill (NPC) : Man, I sure miss bein' a wizard.
[15:08:45] SAY: Shitty Bill (NPC) : I ever tell you 'bout that key I found?
[15:08:51] ADMIN: Pavel Havel (Furry Chicken) swapped bodies with Colman (Monkey)
[15:08:51] ACCESS: Login: Colman (Monkey) (Furry Chicken) from 
[15:08:57] ACCESS: Login: Furry Chicken from 
[15:08:59] SAY: Shitty Bill (NPC) : Got a light, chief?
[15:09:06] SAY: Shitty Bill (NPC) : Hey, it's Father Jack.
[15:09:08] SAY: Shitty Bill (NPC) : I think my buds stole my hat.
[15:09:12] ADMIN: Alien Sentinel 197 (Furry Chicken) swapped bodies with Pavel Havel (Fake Key)
[15:09:12] ACCESS: Login: Pavel Havel (Furry Chicken) from 
[15:10:16] ADMIN: Pavel Havel (Furry Chicken) healed / revived Alien Sentinel 197 (Fake Key)
[15:10:30] SAY: Shitty Bill (NPC) : You ride?
[15:11:05] SAY: Shitty Bill (NPC) : Got any burgle?
[15:11:14] SAY: Shitty Bill (NPC) : Man, I sure don't miss bein' an NT.
[15:11:14] SAY: Father Jack (NPC) : GIRLS!
[15:11:47] SAY: Shitty Bill (NPC) : You a beardo?
[15:12:36] SAY: Shitty Bill (NPC) : Oh hell, it's Father Jack.
[15:12:38] SAY: Shitty Bill (NPC) : Nice karma, wirehead.
[15:13:00] SAY: Shitty Bill (NPC) : You fly?
[15:13:02] SAY: Shitty Bill (NPC) : Man, I sure don't miss the Rings.
[15:13:14] SAY: Pavel Havel (Furry Chicken) : *scream
[15:13:15] SAY: Pavel Havel (Furry Chicken) : *scream
[15:13:15] SAY: Pavel Havel (Furry Chicken) : *scream
[15:13:15] SAY: Pavel Havel (Furry Chicken) : *scream
[15:13:15] SAY: Pavel Havel (Furry Chicken) : *scream
[15:13:16] SAY: Pavel Havel (Furry Chicken) : *scream
[15:13:21] SAY: Shitty Bill (NPC) : The hell're you lookin' at, nerd?


Starting up. 15:16.41
---------------------

[15:16:46] ADMIN: Loading jobban_rank
[15:16:46] ADMIN: Jobban_keylist was empty
[15:16:46] ADMIN: Updating jobbanfile!
[15:16:46] ADMIN: Loading oocban_rank
[15:16:46] ADMIN: oocban_keylist was empty
[15:16:46] ADMIN: Updating jobbanfile!
ADMIN: furrychicken = Headmin
ADMIN: cherkir = Headmin
ADMIN: jasonvorheese = Primary Administrator
ADMIN: REDACTEDminimeatwadREDACTED = Primary Administrator
ADMIN: xenosandboxthesecond = Primary Administrator
ADMIN: exbod = Primary Administrator
ADMIN: zenek123 = Secondary Administrator
ADMIN: silentsh00t = Administrator
ADMIN: noobpwnt4lif3 = Codermin
ADMIN: kimjuandong = Coder
ADMIN: adolf12 = Iconner
ADMIN: kamina321 = Moderator
[15:17:05] ACCESS: Login: Furry Chicken from 
[15:17:40] ADMIN: Furry Chicken [DEAD] has started the game.
[15:17:40] ACCESS: Login: Furry Chicken [TRAITOR] from 


Starting up. 15:19.27
---------------------

[15:19:31] ADMIN: Loading jobban_rank
[15:19:31] ADMIN: Jobban_keylist was empty
[15:19:31] ADMIN: Updating jobbanfile!
[15:19:31] ADMIN: Loading oocban_rank
[15:19:31] ADMIN: oocban_keylist was empty
[15:19:31] ADMIN: Updating jobbanfile!
ADMIN: furrychicken = Headmin
ADMIN: cherkir = Headmin
ADMIN: jasonvorheese = Primary Administrator
ADMIN: REDACTEDminimeatwadREDACTED = Primary Administrator
ADMIN: xenosandboxthesecond = Primary Administrator
ADMIN: exbod = Primary Administrator
ADMIN: zenek123 = Secondary Administrator
ADMIN: silentsh00t = Administrator
ADMIN: noobpwnt4lif3 = Codermin
ADMIN: kimjuandong = Coder
ADMIN: adolf12 = Iconner
ADMIN: kamina321 = Moderator
[15:19:51] ACCESS: Login: Furry Chicken from 
[15:20:30] ADMIN: Furry Chicken [DEAD] has started the game.
[15:20:30] ACCESS: Login: Pavel Havel (Furry Chicken) from 
[15:21:05] SAY: Pavel Havel (Furry Chicken) : *scream
[15:21:05] SAY: Pavel Havel (Furry Chicken) : *scream
[15:21:05] SAY: Pavel Havel (Furry Chicken) : *scream
[15:21:33] ADMIN: Pavel Havel (Furry Chicken) opened the create_object panel
[15:21:38] ADMIN: Pavel Havel (Furry Chicken) created a /obj/item/reagent_containers/patch/mini/antifoodpoisoningpatch
[15:21:39] SAY: Shitty Bill (NPC) : I ever tell you 'bout who really shot the clown?
[15:22:44] SAY: Shitty Bill (NPC) : Man, I sure miss bein' a wizard.
[15:22:58] SAY: Shitty Bill (NPC) : You ride?
[15:24:28] ADMIN: Pavel Havel (Furry Chicken) opened the create_object panel
[15:24:31] SAY: Shitty Bill (NPC) : Howdy Donald "Don" Glabs.
[15:24:33] ADMIN: Pavel Havel (Furry Chicken) created a /obj/item/device/flashlight
[15:24:33] SAY: Shitty Bill (NPC) : I think my pals stole my cat.
[15:25:08] SAY: Shitty Bill (NPC) : I ever tell you 'bout lost Carcosa?
[15:26:08] ADMIN: Pavel Havel (Furry Chicken) healed / revived Pavel Havel (Furry Chicken)
[15:26:14] SAY: Shitty Bill (NPC) : Got any Synapse?
[15:26:14] ACCESS: Login: Furry Chicken from 
[15:26:28] SAY: Father Jack (NPC) : ARSE!
[15:26:35] ACCESS: Login: Alien Sentinel 903 (Furry Chicken) [DEAD] from 
[15:26:36] SAY: Father Jack (NPC) : FECK!
[15:26:50] SAY: Shitty Bill (NPC) : Got any hits?


Starting up. 15:35.35
---------------------

[15:35:40] ADMIN: Loading jobban_rank
[15:35:40] ADMIN: Jobban_keylist was empty
[15:35:40] ADMIN: Updating jobbanfile!
[15:35:40] ADMIN: Loading oocban_rank
[15:35:40] ADMIN: oocban_keylist was empty
[15:35:40] ADMIN: Updating jobbanfile!
ADMIN: furrychicken = Headmin
ADMIN: cherkir = Headmin
ADMIN: jasonvorheese = Primary Administrator
ADMIN: REDACTEDminimeatwadREDACTED = Primary Administrator
ADMIN: xenosandboxthesecond = Primary Administrator
ADMIN: exbod = Primary Administrator
ADMIN: zenek123 = Secondary Administrator
ADMIN: silentsh00t = Administrator
ADMIN: noobpwnt4lif3 = Codermin
ADMIN: kimjuandong = Coder
ADMIN: adolf12 = Iconner
ADMIN: kamina321 = Moderator
[15:36:01] ACCESS: Login: Furry Chicken from 
[15:36:49] ADMIN: Furry Chicken [DEAD] has started the game.
[15:36:50] ACCESS: Login: Pavel Havel (Furry Chicken) from 
[15:37:06] SAY: Pavel Havel (Furry Chicken) : *scream
[15:37:07] SAY: Pavel Havel (Furry Chicken) : *scream
[15:37:07] SAY: Pavel Havel (Furry Chicken) : *scream
[15:37:41] ADMIN: Pavel Havel (Furry Chicken) sent Pavel Havel (Furry Chicken) to Shower Room (<a href='?src=%admin_ref%;action=jumptocoords;target=129,199,1' title='Jump to Coords'>129,199,1</a> in Shower Room)
[15:37:47] ADMIN: Pavel Havel (Furry Chicken) jumped to 130, 203, 1 in Shower Room
[15:37:50] SAY: Shitty Bill (NPC) : Got a light, nerd?
[15:37:52] ADMIN: Pavel Havel (Furry Chicken) jumped to 131, 201, 1 in Shower Room
[15:38:01] SAY: Shitty Bill (NPC) : Nice pod, brud.
[15:38:08] SAY: Shitty Bill (NPC) : Man, I sure miss the Enterprise.
[15:38:10] SAY: Shitty Bill (NPC) : The hell you lookin' at, kid?


Starting up. 15:44.06
---------------------

[15:44:11] ADMIN: Loading jobban_rank
[15:44:11] ADMIN: Jobban_keylist was empty
[15:44:11] ADMIN: Updating jobbanfile!
[15:44:11] ADMIN: Loading oocban_rank
[15:44:11] ADMIN: oocban_keylist was empty
[15:44:11] ADMIN: Updating jobbanfile!
ADMIN: furrychicken = Headmin
ADMIN: cherkir = Headmin
ADMIN: jasonvorheese = Primary Administrator
ADMIN: REDACTEDminimeatwadREDACTED = Primary Administrator
ADMIN: xenosandboxthesecond = Primary Administrator
ADMIN: exbod = Primary Administrator
ADMIN: zenek123 = Secondary Administrator
ADMIN: silentsh00t = Administrator
ADMIN: noobpwnt4lif3 = Codermin
ADMIN: kimjuandong = Coder
ADMIN: adolf12 = Iconner
ADMIN: kamina321 = Moderator
[15:44:30] ACCESS: Login: Furry Chicken from 
[15:45:17] ADMIN: Furry Chicken [DEAD] has started the game.
[15:45:18] ACCESS: Login: Pavel Havel (Furry Chicken) from 
[15:45:33] SAY: Shitty Bill (NPC) : Howdy Donald "Don" Glabs.
[15:45:42] SAY: Shitty Bill (NPC) : Got any soup?
[15:46:06] SAY: Shitty Bill (NPC) : The hell you lookin' at, bucko?
[15:46:09] SAY: Father Jack (NPC) : ARSE!
[15:46:18] SAY: Shitty Bill (NPC) : Got a light, wirehead?
[15:46:33] SAY: Shitty Bill (NPC) : Got any stylane?
[15:46:39] SAY: Shitty Bill (NPC) : Got a light, nerd?
[15:46:43] SAY: Shitty Bill (NPC) : Got any jenkem?
[15:48:05] SAY: Shitty Bill (NPC) : You drink?
[15:48:33] SAY: Shitty Bill (NPC) : You grustle?
[15:48:47] SAY: Shitty Bill (NPC) : Got a light, bud?
[15:48:58] SAY: Shitty Bill (NPC) : You rhyme?
[15:49:37] SAY: Shitty Bill (NPC) : 'Ey, it's Donald "Don" Glabs.
[15:49:40] SAY: Father Jack (NPC) : DRINK!
[15:50:12] SAY: Shitty Bill (NPC) : Nice wheels, idiot.
[15:51:49] SAY: Shitty Bill (NPC) : You wrassle?
[15:52:06] SAY: Shitty Bill (NPC) : Nice wheels, buddy.
[15:52:41] SAY: Pavel Havel (Furry Chicken) : *scream
[15:52:45] SAY: Pavel Havel (Furry Chicken) : *scream
[15:53:02] SAY: Shitty Bill (NPC) : How's it goin' Donald "Don" Glabs.
[15:53:53] SAY: Shitty Bill (NPC) : Got a light, spaceman?
[15:54:04] ADMIN: Pavel Havel (Furry Chicken) opened the create_object panel
[15:54:09] ADMIN: Pavel Havel (Furry Chicken) created a /obj/item/reagent_containers/patch/mini/antifoodpoisoningpatch
[15:54:45] SAY: Shitty Bill (NPC) : Dang, it's Donald "Don" Glabs.
[15:55:49] SAY: Shitty Bill (NPC) : Nice wheels, beardo.
[15:56:15] SAY: Shitty Bill (NPC) : Got a light, Colonel?
[15:56:20] SAY: Shitty Bill (NPC) : Got any pips?
[15:56:26] SAY: Shitty Bill (NPC) : I think my buds stole my cat.
[15:56:49] SAY: Shitty Bill (NPC) : You dance?
[15:57:32] SAY: Father Jack (NPC) : FECK!
[15:57:34] SAY: Shitty Bill (NPC) : What're you lookin' at, astronaut?


Starting up. 16:01.54
---------------------

[16:01:58] ADMIN: Loading jobban_rank
[16:01:58] ADMIN: Jobban_keylist was empty
[16:01:58] ADMIN: Updating jobbanfile!
[16:01:58] ADMIN: Loading oocban_rank
[16:01:58] ADMIN: oocban_keylist was empty
[16:01:58] ADMIN: Updating jobbanfile!
ADMIN: furrychicken = Headmin
ADMIN: cherkir = Headmin
ADMIN: jasonvorheese = Primary Administrator
ADMIN: REDACTEDminimeatwadREDACTED = Primary Administrator
ADMIN: xenosandboxthesecond = Primary Administrator
ADMIN: exbod = Primary Administrator
ADMIN: zenek123 = Secondary Administrator
ADMIN: silentsh00t = Administrator
ADMIN: noobpwnt4lif3 = Codermin
ADMIN: kimjuandong = Coder
ADMIN: adolf12 = Iconner
ADMIN: kamina321 = Moderator
[16:02:16] ACCESS: Login: Furry Chicken from 
[16:02:47] ADMIN: Furry Chicken [DEAD] has started the game.
[16:02:48] ACCESS: Login: Pavel Havel (Furry Chicken) from 
[16:04:33] SAY: Shitty Bill (NPC) : Got a light, clown?
[16:04:57] SAY: Shitty Bill (NPC) : Man, I sure don't miss bein' a wizard.
[16:04:59] SAY: Father Jack (NPC) : That would be an ecumenical matter.
[16:05:41] SAY: Shitty Bill (NPC) : You a changer?
[16:06:41] SAY: Shitty Bill (NPC) : Oh Christ, it's Donald "Don" Glabs.
[16:07:50] SAY: Shitty Bill (NPC) : Nice hog, kid.
[16:08:02] ADMIN: Pavel Havel (Furry Chicken) sent Pavel Havel (Furry Chicken) to Arrivals Dock (<a href='?src=%admin_ref%;action=jumptocoords;target=202,190,1' title='Jump to Coords'>202,190,1</a> in Arrivals Dock)
[16:08:10] ACCESS: Login: Furry Chicken from 
[16:08:36] SAY: Father Jack (NPC) : ARSE!
[16:08:39] SAY: Shitty Bill (NPC) : I ever tell you 'bout that sketchy crown I sold?
[16:08:46] SAY: Shitty Bill (NPC) : You rhyme?


Starting up. 16:15.26
---------------------

[16:15:31] ADMIN: Loading jobban_rank
[16:15:31] ADMIN: Jobban_keylist was empty
[16:15:31] ADMIN: Updating jobbanfile!
[16:15:31] ADMIN: Loading oocban_rank
[16:15:31] ADMIN: oocban_keylist was empty
[16:15:31] ADMIN: Updating jobbanfile!
ADMIN: furrychicken = Headmin
ADMIN: cherkir = Headmin
ADMIN: jasonvorheese = Primary Administrator
ADMIN: REDACTEDminimeatwadREDACTED = Primary Administrator
ADMIN: xenosandboxthesecond = Primary Administrator
ADMIN: exbod = Primary Administrator
ADMIN: zenek123 = Secondary Administrator
ADMIN: silentsh00t = Administrator
ADMIN: noobpwnt4lif3 = Codermin
ADMIN: kimjuandong = Coder
ADMIN: adolf12 = Iconner
ADMIN: kamina321 = Moderator
[16:15:53] ACCESS: Login: Furry Chicken from 
[16:16:45] ADMIN: Furry Chicken [DEAD] has started the game.
[16:16:46] ACCESS: Login: Pavel Havel (Furry Chicken) from 
[16:17:06] SAY: Pavel Havel (Furry Chicken) : *scream
[16:17:10] SAY: Pavel Havel (Furry Chicken) : *scream
[16:17:10] SAY: Pavel Havel (Furry Chicken) : *scream
[16:17:11] SAY: Pavel Havel (Furry Chicken) : *scream
[16:17:11] SAY: Pavel Havel (Furry Chicken) : *scream
[16:17:11] SAY: Pavel Havel (Furry Chicken) : *scream
[16:17:11] SAY: Pavel Havel (Furry Chicken) : *scream
[16:17:11] SAY: Pavel Havel (Furry Chicken) : *scream
[16:17:12] SAY: Pavel Havel (Furry Chicken) : *scream
[16:17:12] SAY: Pavel Havel (Furry Chicken) : *scream
[16:17:13] SAY: Pavel Havel (Furry Chicken) : *scream
[16:17:13] SAY: Pavel Havel (Furry Chicken) : *scream


Starting up. 16:18.48
---------------------

[16:18:52] ADMIN: Loading jobban_rank
[16:18:52] ADMIN: Jobban_keylist was empty
[16:18:52] ADMIN: Updating jobbanfile!
[16:18:52] ADMIN: Loading oocban_rank
[16:18:52] ADMIN: oocban_keylist was empty
[16:18:52] ADMIN: Updating jobbanfile!
ADMIN: furrychicken = Headmin
ADMIN: cherkir = Headmin
ADMIN: jasonvorheese = Primary Administrator
ADMIN: REDACTEDminimeatwadREDACTED = Primary Administrator
ADMIN: xenosandboxthesecond = Primary Administrator
ADMIN: exbod = Primary Administrator
ADMIN: zenek123 = Secondary Administrator
ADMIN: silentsh00t = Administrator
ADMIN: noobpwnt4lif3 = Codermin
ADMIN: kimjuandong = Coder
ADMIN: adolf12 = Iconner
ADMIN: kamina321 = Moderator
[16:19:14] ACCESS: Login: Furry Chicken from 
[16:19:48] ADMIN: Furry Chicken [DEAD] has started the game.
[16:19:48] ACCESS: Login: Pavel Havel (Furry Chicken) from 
[16:19:51] SAY: Shitty Bill (NPC) : Man, I sure don't miss bein' uploaded.
[16:19:54] SAY: Pavel Havel (Furry Chicken) : *scream
[16:19:54] SAY: Pavel Havel (Furry Chicken) : *scream
[16:19:54] SAY: Pavel Havel (Furry Chicken) : *scream
[16:19:54] SAY: Pavel Havel (Furry Chicken) : *scream
[16:19:54] SAY: Pavel Havel (Furry Chicken) : *scream
[16:20:00] SAY: Shitty Bill (NPC) : Got any 420?
[16:20:02] SAY: Father Jack (NPC) : DRINK!
[16:20:10] ADMIN: Pavel Havel (Furry Chicken) sent Pavel Havel (Furry Chicken) to Crematorium (<a href='?src=%admin_ref%;action=jumptocoords;target=140,200,1' title='Jump to Coords'>140,200,1</a> in Crematorium)
[16:20:25] SAY: Pavel Havel (Furry Chicken) : *scream
[16:20:26] SAY: Pavel Havel (Furry Chicken) : *scream
[16:20:26] SAY: Pavel Havel (Furry Chicken) : *scream


Starting up. 16:21.46
---------------------

[16:21:50] ADMIN: Loading jobban_rank
[16:21:50] ADMIN: Jobban_keylist was empty
[16:21:50] ADMIN: Updating jobbanfile!
[16:21:50] ADMIN: Loading oocban_rank
[16:21:50] ADMIN: oocban_keylist was empty
[16:21:50] ADMIN: Updating jobbanfile!
ADMIN: furrychicken = Headmin
ADMIN: cherkir = Headmin
ADMIN: jasonvorheese = Primary Administrator
ADMIN: REDACTEDminimeatwadREDACTED = Primary Administrator
ADMIN: xenosandboxthesecond = Primary Administrator
ADMIN: exbod = Primary Administrator
ADMIN: zenek123 = Secondary Administrator
ADMIN: silentsh00t = Administrator
ADMIN: noobpwnt4lif3 = Codermin
ADMIN: kimjuandong = Coder
ADMIN: adolf12 = Iconner
ADMIN: kamina321 = Moderator
[16:22:10] ACCESS: Login: Furry Chicken from 
[16:22:36] ADMIN: Furry Chicken [DEAD] has started the game.
[16:22:37] ACCESS: Login: Pavel Havel (Furry Chicken) from 
[16:22:50] SAY: Shitty Bill (NPC) : I think my bruds took off.
[16:23:08] ADMIN: Pavel Havel (Furry Chicken) sent Pavel Havel (Furry Chicken) to Crematorium (<a href='?src=%admin_ref%;action=jumptocoords;target=140,200,1' title='Jump to Coords'>140,200,1</a> in Crematorium)


Starting up. 16:33.16
---------------------

[16:33:21] ADMIN: Loading jobban_rank
[16:33:21] ADMIN: Jobban_keylist was empty
[16:33:21] ADMIN: Updating jobbanfile!
[16:33:21] ADMIN: Loading oocban_rank
[16:33:21] ADMIN: oocban_keylist was empty
[16:33:21] ADMIN: Updating jobbanfile!
ADMIN: furrychicken = Headmin
ADMIN: cherkir = Headmin
ADMIN: jasonvorheese = Primary Administrator
ADMIN: REDACTEDminimeatwadREDACTED = Primary Administrator
ADMIN: xenosandboxthesecond = Primary Administrator
ADMIN: exbod = Primary Administrator
ADMIN: zenek123 = Secondary Administrator
ADMIN: silentsh00t = Administrator
ADMIN: noobpwnt4lif3 = Codermin
ADMIN: kimjuandong = Coder
ADMIN: adolf12 = Iconner
ADMIN: kamina321 = Moderator
[16:33:39] ACCESS: Login: Furry Chicken from 
[16:34:20] ADMIN: Furry Chicken [DEAD] has started the game.
[16:34:20] ACCESS: Login: Pavel Havel (Furry Chicken) from 
[16:35:36] SAY: Shitty Bill (NPC) : Got a light, buddy?
[16:36:07] SAY: Shitty Bill (NPC) : You a narc?
[16:36:15] SAY: Shitty Bill (NPC) : Nice hogg, owl man.
[16:36:43] SAY: Father Jack (NPC) : FECK!
[16:37:07] SAY: Shitty Bill (NPC) : Got any space drugs?
[16:37:40] SAY: Shitty Bill (NPC) : You fly?
[16:38:04] SAY: Shitty Bill (NPC) : Got any ecto?
[16:38:37] SAY: Shitty Bill (NPC) : Nice wheels, dork.
[16:38:42] SAY: Shitty Bill (NPC) : Hey friendo, gimme yer cats.
[16:39:14] ADMIN: Pavel Havel (Furry Chicken) sent Pavel Havel (Furry Chicken) to Arrivals Dock (<a href='?src=%admin_ref%;action=jumptocoords;target=202,190,1' title='Jump to Coords'>202,190,1</a> in Arrivals Dock)
[16:39:26] ACCESS: Login: Furry Chicken from 
[16:39:56] SAY: Shitty Bill (NPC) : Got a light, dork?
[16:40:24] ACCESS: Login: Alien Sentinel 908 (Furry Chicken) [DEAD] from 
[16:40:33] ACCESS: Login: Furry Chicken from 
[16:40:39] ACCESS: Login: Alien Sentinel 999 (Furry Chicken) [DEAD] from 
[16:40:45] ACCESS: Login: Furry Chicken from 


Starting up. 17:07.32
---------------------

[17:07:37] ADMIN: Loading jobban_rank
[17:07:37] ADMIN: Jobban_keylist was empty
[17:07:37] ADMIN: Updating jobbanfile!
[17:07:37] ADMIN: Loading oocban_rank
[17:07:37] ADMIN: oocban_keylist was empty
[17:07:37] ADMIN: Updating jobbanfile!
ADMIN: furrychicken = Headmin
ADMIN: cherkir = Headmin
ADMIN: jasonvorheese = Primary Administrator
ADMIN: REDACTEDminimeatwadREDACTED = Primary Administrator
ADMIN: xenosandboxthesecond = Primary Administrator
ADMIN: exbod = Primary Administrator
ADMIN: zenek123 = Secondary Administrator
ADMIN: silentsh00t = Administrator
ADMIN: noobpwnt4lif3 = Codermin
ADMIN: kimjuandong = Coder
ADMIN: adolf12 = Iconner
ADMIN: kamina321 = Moderator
[17:07:58] ACCESS: Login: Furry Chicken from 
[17:09:12] ADMIN: Furry Chicken [DEAD] has started the game.
[17:09:12] ACCESS: Login: Pavel Havel (Furry Chicken) from 
[17:10:14] SAY: Pavel Havel (Furry Chicken) : *scream
[17:10:14] SAY: Pavel Havel (Furry Chicken) : *scream
[17:10:15] SAY: Pavel Havel (Furry Chicken) : *scream
[17:10:15] SAY: Pavel Havel (Furry Chicken) : *scream


Starting up. 17:15.29
---------------------

[17:15:34] ADMIN: Loading jobban_rank
[17:15:34] ADMIN: Jobban_keylist was empty
[17:15:34] ADMIN: Updating jobbanfile!
[17:15:34] ADMIN: Loading oocban_rank
[17:15:34] ADMIN: oocban_keylist was empty
[17:15:34] ADMIN: Updating jobbanfile!
ADMIN: furrychicken = Headmin
ADMIN: cherkir = Headmin
ADMIN: jasonvorheese = Primary Administrator
ADMIN: REDACTEDminimeatwadREDACTED = Primary Administrator
ADMIN: xenosandboxthesecond = Primary Administrator
ADMIN: exbod = Primary Administrator
ADMIN: zenek123 = Secondary Administrator
ADMIN: silentsh00t = Administrator
ADMIN: noobpwnt4lif3 = Codermin
ADMIN: kimjuandong = Coder
ADMIN: adolf12 = Iconner
ADMIN: kamina321 = Moderator
[17:15:57] ACCESS: Login: Furry Chicken from 
[17:16:34] ADMIN: Furry Chicken [DEAD] has started the game.
[17:17:02] ADMIN: Furry Chicken [DEAD] has started the game.
[17:17:12] ADMIN: Furry Chicken [DEAD] has started the game.
[17:17:12] ACCESS: Login: Furry Chicken [TRAITOR] from 
[17:17:25] ADMIN: Alien Queen (Furry Chicken) [TRAITOR] respawned Alien Queen (Furry Chicken) [TRAITOR].
[17:17:25] ACCESS: Login: Furry Chicken [DEAD] from 
[17:17:25] ACCESS: Login: Furry Chicken [TRAITOR] [DEAD] from 
[17:17:29] ACCESS: Login: Pavel Havel (Furry Chicken) [TRAITOR] from 
[17:17:32] SAY: Shitty Bill (NPC) : Got a light, astronaut?
[17:17:46] SAY: Father Jack (NPC) : GIRLS!
[17:17:50] SAY: Shitty Bill (NPC) : I ever tell you 'bout the time I sold dope to that ice dude?
[17:17:59] SAY: Shitty Bill (NPC) : Man, I sure don't miss nerds bragging about their stations.
