

Starting up. 19:43.20
---------------------

[19:43:25] ADMIN: Loading jobban_rank
[19:43:25] ADMIN: Jobban_keylist was empty
[19:43:25] ADMIN: Updating jobbanfile!
[19:43:25] ADMIN: Loading oocban_rank
[19:43:25] ADMIN: oocban_keylist was empty
[19:43:25] ADMIN: Updating jobbanfile!
ADMIN: furrychicken = Headmin
ADMIN: cherkir = Headmin
ADMIN: jasonvorheese = Primary Administrator
ADMIN: REDACTEDminimeatwadREDACTED = Primary Administrator
ADMIN: xenosandboxthesecond = Primary Administrator
ADMIN: exbod = Primary Administrator
ADMIN: zenek123 = Secondary Administrator
ADMIN: silentsh00t = Administrator
ADMIN: noobpwnt4lif3 = Codermin
ADMIN: kimjuandong = Coder
ADMIN: adolf12 = Iconner
ADMIN: kamina321 = Moderator
[19:43:45] ACCESS: Login: Furry Chicken from 
[19:44:20] ADMIN: Furry Chicken [DEAD] has started the game.
[19:44:28] ADMIN: Furry Chicken [DEAD] has started the game.
[19:44:29] ACCESS: Login: Furry Chicken [TRAITOR] from 
[19:44:46] ADMIN: Alien Queen (Furry Chicken) [TRAITOR] respawned Alien Queen (Furry Chicken) [TRAITOR].
[19:44:46] ACCESS: Login: Furry Chicken [DEAD] from 
[19:44:46] ACCESS: Login: Furry Chicken [TRAITOR] [DEAD] from 
[19:44:49] ACCESS: Login: Pavel Havel (Furry Chicken) [TRAITOR] from 
[19:44:58] SAY: Shitty Bill (NPC) : You dance?
[19:45:11] SAY: Father Jack (NPC) : ARSE!
[19:45:52] ADMIN: Pavel Havel (Furry Chicken) [TRAITOR] healed / revived Pavel Havel (Furry Chicken) [TRAITOR]
[19:45:56] SAY: Pavel Havel (Furry Chicken) [TRAITOR] : *salute
[19:45:56] SAY: Pavel Havel (Furry Chicken) [TRAITOR] : *scream
[19:45:57] SAY: Pavel Havel (Furry Chicken) [TRAITOR] : *scream
[19:45:57] SAY: Pavel Havel (Furry Chicken) [TRAITOR] : *scream
[19:45:57] SAY: Pavel Havel (Furry Chicken) [TRAITOR] : *scream
[19:45:57] SAY: Pavel Havel (Furry Chicken) [TRAITOR] : *scream
[19:45:57] SAY: Pavel Havel (Furry Chicken) [TRAITOR] : *scream
