

Starting up. 18:22.15
---------------------

[18:22:21] ADMIN: Loading jobban_rank
[18:22:21] ADMIN: Jobban_keylist was empty
[18:22:21] ADMIN: Updating jobbanfile!
[18:22:21] ADMIN: Loading oocban_rank
[18:22:21] ADMIN: oocban_keylist was empty
[18:22:21] ADMIN: Updating jobbanfile!
ADMIN: furrychicken = Headmin
ADMIN: cherkir = Headmin
ADMIN: jasonvorheese = Primary Administrator
ADMIN: REDACTEDminimeatwadREDACTED = Primary Administrator
ADMIN: xenosandboxthesecond = Primary Administrator
ADMIN: exbod = Primary Administrator
ADMIN: zenek123 = Secondary Administrator
ADMIN: silentsh00t = Administrator
ADMIN: noobpwnt4lif3 = Codermin
ADMIN: kimjuandong = Coder
ADMIN: adolf12 = Iconner
ADMIN: kamina321 = Moderator
[18:22:51] ACCESS: Login: Furry Chicken from 
[18:31:16] ADMIN: Furry Chicken [DEAD] has started the game.
[18:31:30] ADMIN: Furry Chicken [DEAD] has started the game.
[18:31:30] ACCESS: Login: Furry Chicken [TRAITOR] from 
[18:31:39] SAY: Shitty Bill (NPC) : You dance?
[18:31:39] SAY: Alien Queen (Furry Chicken) [TRAITOR] : ayy
[18:31:41] SAY: Alien Queen (Furry Chicken) [TRAITOR] :  Wh
[18:31:54] SAY: Shitty Bill (NPC) : Got any 'roni?
[18:32:31] SAY: Shitty Bill (NPC) : I ever tell you 'bout the time I found an alien thing that got you high?
[18:32:36] ACCESS: Login: Furry Chicken [TRAITOR] from 
[18:32:45] ACCESS: Login: Alien Sentinel 17 (Furry Chicken) [TRAITOR] [DEAD] from 
[18:33:09] ACCESS: Login: Furry Chicken [TRAITOR] from 
[18:33:50] SAY: Shitty Bill (NPC) : What you lookin' at, doofus?
[18:33:59] SAY: Shitty Bill (NPC) : I ever tell you 'bout the time I found a locker fulla booze?
[18:34:00] ADMIN: Alien Sentinel 207 (Furry Chicken) [TRAITOR] healed / revived Alien Sentinel 207 (Furry Chicken) [TRAITOR]
[18:34:02] SAY: Shitty Bill (NPC) : Got a light, idiot?
[18:34:11] SAY: Shitty Bill (NPC) : I ever tell you 'bout that time I was a werewolf?
[18:34:39] SAY: Shitty Bill (NPC) : Yo, gimme yer patch.
[18:35:29] SAY: Shitty Bill (NPC) : Howdy Donald "Don" Glabs.
[18:37:50] SAY: Shitty Bill (NPC) : The hell're you lookin' at, kid?
[18:41:38] SAY: Shitty Bill (NPC) : Got any hits?
[18:41:54] SAY: Shitty Bill (NPC) : I think my pals stole my hat.
[18:42:12] SAY: Shitty Bill (NPC) : I ever tell you 'bout why you're really here?
[18:42:46] SAY: Shitty Bill (NPC) : Hey dweeb, gimme yer cash.
[18:46:17] SAY: Shitty Bill (NPC) : You rhyme?
[18:47:23] SAY: Shitty Bill (NPC) : Man, I sure don't miss the Syndies.
[18:47:46] SAY: Father Jack (NPC) : GIRLS!
[18:51:19] SAY: Shitty Bill (NPC) : Got a light, kid?
[18:51:54] SAY: Shitty Bill (NPC) : I think my pals stole my hat.
[18:53:12] ADMIN: Alien Sentinel 207 (Furry Chicken) [TRAITOR] healed / revived Alien Sentinel 207 (Furry Chicken) [TRAITOR]
[18:53:17] SAY: Shitty Bill (NPC) : Got any smokes?
[18:53:36] SAY: Shitty Bill (NPC) : I ever tell you 'bout that time I was in an all-saxophone band?
[18:53:57] SAY: Shitty Bill (NPC) : Man, I sure don't miss lookin' for keys.
[18:54:28] SAY: Shitty Bill (NPC) : Man, I sure miss Earth.
[18:55:10] SAY: Shitty Bill (NPC) : Man, I sure don't miss that weird ass military bunker.
[18:57:00] SAY: Father Jack (NPC) : FECK!
[18:57:18] SAY: Father Jack (NPC) : ARSE!
[18:57:44] SAY: Shitty Bill (NPC) : I think my pals sent you.
[18:57:53] SAY: Shitty Bill (NPC) : Nice name, scrub.
[18:59:05] SAY: Shitty Bill (NPC) : You a dracula?
[18:59:51] SAY: Shitty Bill (NPC) : Dang, it's Father Jack.
[18:59:57] SAY: Shitty Bill (NPC) : The hell you lookin' at, bud?
[19:00:17] SAY: Shitty Bill (NPC) : Got a light, buddy?
[19:00:41] SAY: Shitty Bill (NPC) : Yo, gimme yer high fives.
[19:01:56] SAY: Shitty Bill (NPC) : You jam?


Starting up. 19:02.58
---------------------

[19:03:04] ADMIN: Loading jobban_rank
[19:03:04] ADMIN: Jobban_keylist was empty
[19:03:04] ADMIN: Updating jobbanfile!
[19:03:04] ADMIN: Loading oocban_rank
[19:03:04] ADMIN: oocban_keylist was empty
[19:03:04] ADMIN: Updating jobbanfile!
ADMIN: furrychicken = Headmin
ADMIN: cherkir = Headmin
ADMIN: jasonvorheese = Primary Administrator
ADMIN: REDACTEDminimeatwadREDACTED = Primary Administrator
ADMIN: xenosandboxthesecond = Primary Administrator
ADMIN: exbod = Primary Administrator
ADMIN: zenek123 = Secondary Administrator
ADMIN: silentsh00t = Administrator
ADMIN: noobpwnt4lif3 = Codermin
ADMIN: kimjuandong = Coder
ADMIN: adolf12 = Iconner
ADMIN: kamina321 = Moderator
[19:03:33] ACCESS: Login: Furry Chicken from 


Starting up. 19:04.46
---------------------

[19:04:51] ADMIN: Loading jobban_rank
[19:04:51] ADMIN: Jobban_keylist was empty
[19:04:51] ADMIN: Updating jobbanfile!
[19:04:51] ADMIN: Loading oocban_rank
[19:04:51] ADMIN: oocban_keylist was empty
[19:04:51] ADMIN: Updating jobbanfile!
ADMIN: furrychicken = Headmin
ADMIN: cherkir = Headmin
ADMIN: jasonvorheese = Primary Administrator
ADMIN: REDACTEDminimeatwadREDACTED = Primary Administrator
ADMIN: xenosandboxthesecond = Primary Administrator
ADMIN: exbod = Primary Administrator
ADMIN: zenek123 = Secondary Administrator
ADMIN: silentsh00t = Administrator
ADMIN: noobpwnt4lif3 = Codermin
ADMIN: kimjuandong = Coder
ADMIN: adolf12 = Iconner
ADMIN: kamina321 = Moderator
[19:05:11] ACCESS: Login: Furry Chicken from 
[19:07:45] ADMIN: Furry Chicken [DEAD] has started the game.
[19:07:52] ADMIN: Furry Chicken [DEAD] has started the game.
[19:08:05] ADMIN: Furry Chicken [DEAD] has started the game.
[19:08:06] ACCESS: Login: Furry Chicken [TRAITOR] from 
[19:08:16] SAY: Alien Queen (Furry Chicken) [TRAITOR] : fuc


Starting up. 19:14.33
---------------------

[19:14:38] ADMIN: Loading jobban_rank
[19:14:38] ADMIN: Jobban_keylist was empty
[19:14:38] ADMIN: Updating jobbanfile!
[19:14:38] ADMIN: Loading oocban_rank
[19:14:38] ADMIN: oocban_keylist was empty
[19:14:38] ADMIN: Updating jobbanfile!
ADMIN: furrychicken = Headmin
ADMIN: cherkir = Headmin
ADMIN: jasonvorheese = Primary Administrator
ADMIN: REDACTEDminimeatwadREDACTED = Primary Administrator
ADMIN: xenosandboxthesecond = Primary Administrator
ADMIN: exbod = Primary Administrator
ADMIN: zenek123 = Secondary Administrator
ADMIN: silentsh00t = Administrator
ADMIN: noobpwnt4lif3 = Codermin
ADMIN: kimjuandong = Coder
ADMIN: adolf12 = Iconner
ADMIN: kamina321 = Moderator
[19:15:00] ACCESS: Login: Furry Chicken from 
[19:16:12] ADMIN: Furry Chicken [DEAD] has started the game.
[19:16:12] ACCESS: Login: Furry Chicken [TRAITOR] from 
[19:16:15] SAY: Shitty Bill (NPC) : Got a light, clown?
[19:16:22] SAY: Alien Queen (Furry Chicken) [TRAITOR] : ay
[19:16:22] SAY: Shitty Bill (NPC) : Hey buddy, gimme yer hugs.
[19:16:24] SAY: Alien Queen (Furry Chicken) [TRAITOR] :  a
[19:16:27] SAY: Alien Queen (Furry Chicken) [TRAITOR] :  Test
[19:16:45] ADMIN: Alien Queen (Furry Chicken) [TRAITOR] opened the create_mob panel
[19:16:48] ADMIN: Alien Queen (Furry Chicken) [TRAITOR] created a /mob/living/carbon/human/fatherted


Starting up. 19:24.00
---------------------

[19:24:05] ADMIN: Loading jobban_rank
[19:24:05] ADMIN: Jobban_keylist was empty
[19:24:05] ADMIN: Updating jobbanfile!
[19:24:05] ADMIN: Loading oocban_rank
[19:24:05] ADMIN: oocban_keylist was empty
[19:24:05] ADMIN: Updating jobbanfile!
ADMIN: furrychicken = Headmin
ADMIN: cherkir = Headmin
ADMIN: jasonvorheese = Primary Administrator
ADMIN: REDACTEDminimeatwadREDACTED = Primary Administrator
ADMIN: xenosandboxthesecond = Primary Administrator
ADMIN: exbod = Primary Administrator
ADMIN: zenek123 = Secondary Administrator
ADMIN: silentsh00t = Administrator
ADMIN: noobpwnt4lif3 = Codermin
ADMIN: kimjuandong = Coder
ADMIN: adolf12 = Iconner
ADMIN: kamina321 = Moderator
[19:24:31] ACCESS: Login: Furry Chicken from 
[19:27:34] ADMIN: Furry Chicken [DEAD] has started the game.
[19:27:34] ACCESS: Login: Furry Chicken [TRAITOR] from 
[19:27:39] SAY: Alien Queen (Furry Chicken) [TRAITOR] :  plz
[19:28:04] SAY: Shitty Bill (NPC) : Nice ship, 'Traser.
[19:28:04] SAY: Father Jack (NPC) : GIRLS!
[19:28:13] SAY: Father Jack (NPC) : GIRLS!
[19:28:40] SAY: Shitty Bill (NPC) : Whatcha you lookin' at, nerd?
[19:29:30] SAY: Father Jack (NPC) : GIRLS!
[19:29:52] SAY: Shitty Bill (NPC) : Got a light, dude?
[19:30:20] SAY: Shitty Bill (NPC) : You a changer?
[19:30:41] SAY: Shitty Bill (NPC) : I think my pals died in space.
[19:31:02] SAY: Shitty Bill (NPC) : You a dracula?
[19:31:15] SAY: Shitty Bill (NPC) : I think my pals are running late.
[19:31:57] SAY: Shitty Bill (NPC) : Nice treads, doofus.
[19:33:28] SAY: Shitty Bill (NPC) : You a Russian?
[19:33:56] SAY: Father Jack (NPC) : FECK!
[19:35:10] SAY: Father Jack (NPC) : That would be an ecumenical matter.
[19:35:17] SAY: Shitty Bill (NPC) : The hell're you lookin' at, owl man?
[19:36:09] SAY: Shitty Bill (NPC) : Got any grease?
[19:36:18] SAY: Shitty Bill (NPC) : Man, I sure don't miss that round station.
[19:36:37] SAY: Shitty Bill (NPC) : Got a light, bucko?
[19:37:40] SAY: Shitty Bill (NPC) : I ever tell you 'bout the time I found an alien thing that went to the bathroom for you?
[19:39:17] SAY: Shitty Bill (NPC) : Hey, it's Donald "Don" Glabs.
