

Starting up. 13:44.49
---------------------

[13:44:53] ADMIN: Loading jobban_rank
[13:44:53] ADMIN: Jobban_keylist was empty
[13:44:53] ADMIN: Updating jobbanfile!
[13:44:53] ADMIN: Loading oocban_rank
[13:44:53] ADMIN: oocban_keylist was empty
[13:44:53] ADMIN: Updating jobbanfile!
ADMIN: furrychicken = Headmin
ADMIN: cherkir = Headmin
ADMIN: jasonvorheese = Primary Administrator
ADMIN: REDACTEDminimeatwadREDACTED = Primary Administrator
ADMIN: xenosandboxthesecond = Primary Administrator
ADMIN: exbod = Primary Administrator
ADMIN: zenek123 = Secondary Administrator
ADMIN: silentsh00t = Administrator
ADMIN: noobpwnt4lif3 = Codermin
ADMIN: kimjuandong = Coder
ADMIN: adolf12 = Iconner
ADMIN: kamina321 = Moderator
[13:45:17] ACCESS: Login: Furry Chicken from 
[13:46:10] ADMIN: Furry Chicken [DEAD] has started the game.
[13:46:10] ACCESS: Login: Furry Chicken [TRAITOR] from 
[13:46:20] SAY: Alien Queen (Furry Chicken) [TRAITOR] : what
[13:46:21] SAY: Alien Queen (Furry Chicken) [TRAITOR] :  Tes
[13:46:50] SAY: Shitty Bill (NPC) : You rap?
[13:47:29] ACCESS: Login: Alien Queen (Furry Chicken) [TRAITOR] [DEAD] from 
[13:47:30] ADMIN: Alien Queen (Furry Chicken) [TRAITOR] [DEAD] jumped to Alien Queen (Furry Chicken) [TRAITOR] [DEAD] (<a href='?src=%admin_ref%;action=jumptocoords;target=214,196,1' title='Jump to Coords'>214,196,1</a> in Arrivals Dock)
[13:47:36] ACCESS: Login: Furry Chicken [TRAITOR] from 
[13:47:39] SAY: Furry Chicken [TRAITOR] : *scream
[13:47:39] SAY: Furry Chicken [TRAITOR] : *scream
[13:47:39] SAY: Furry Chicken [TRAITOR] : *scream
[13:47:39] SAY: Furry Chicken [TRAITOR] : *scream
[13:47:39] SAY: Furry Chicken [TRAITOR] : *scream
[13:47:40] SAY: Furry Chicken [TRAITOR] : *scream
[13:47:40] SAY: Furry Chicken [TRAITOR] : *scream
[13:47:40] SAY: Furry Chicken [TRAITOR] : *scream


Starting up. 14:53.13
---------------------

[14:53:17] ADMIN: Loading jobban_rank
[14:53:17] ADMIN: Jobban_keylist was empty
[14:53:17] ADMIN: Updating jobbanfile!
[14:53:17] ADMIN: Loading oocban_rank
[14:53:17] ADMIN: oocban_keylist was empty
[14:53:17] ADMIN: Updating jobbanfile!
ADMIN: furrychicken = Headmin
ADMIN: cherkir = Headmin
ADMIN: jasonvorheese = Primary Administrator
ADMIN: REDACTEDminimeatwadREDACTED = Primary Administrator
ADMIN: xenosandboxthesecond = Primary Administrator
ADMIN: exbod = Primary Administrator
ADMIN: zenek123 = Secondary Administrator
ADMIN: silentsh00t = Administrator
ADMIN: noobpwnt4lif3 = Codermin
ADMIN: kimjuandong = Coder
ADMIN: adolf12 = Iconner
ADMIN: kamina321 = Moderator
[14:53:39] ACCESS: Login: Furry Chicken from 
[14:56:31] ADMIN: Furry Chicken [DEAD] has started the game.
[14:56:32] ACCESS: Login: Furry Chicken [TRAITOR] from 
[14:56:47] SAY: Shitty Bill (NPC) : I ever tell you 'bout that time some nerd saved me from a massive drone that wouldn't quit starin' at me?
[14:56:52] ACCESS: Login: Alien Queen (Furry Chicken) [TRAITOR] [DEAD] from 


Starting up. 15:21.15
---------------------

[15:21:20] ADMIN: Loading jobban_rank
[15:21:20] ADMIN: Jobban_keylist was empty
[15:21:20] ADMIN: Updating jobbanfile!
[15:21:20] ADMIN: Loading oocban_rank
[15:21:20] ADMIN: oocban_keylist was empty
[15:21:20] ADMIN: Updating jobbanfile!
ADMIN: furrychicken = Headmin
ADMIN: cherkir = Headmin
ADMIN: jasonvorheese = Primary Administrator
ADMIN: REDACTEDminimeatwadREDACTED = Primary Administrator
ADMIN: xenosandboxthesecond = Primary Administrator
ADMIN: exbod = Primary Administrator
ADMIN: zenek123 = Secondary Administrator
ADMIN: silentsh00t = Administrator
ADMIN: noobpwnt4lif3 = Codermin
ADMIN: kimjuandong = Coder
ADMIN: adolf12 = Iconner
ADMIN: kamina321 = Moderator
[15:21:42] ACCESS: Login: Furry Chicken from 
[15:22:16] ADMIN: Furry Chicken [DEAD] has started the game.
[15:22:16] ACCESS: Login: Furry Chicken [TRAITOR] from 
[15:22:29] SAY: Shitty Bill (NPC) : I think my buds died in space.
[15:22:30] ACCESS: Login: Alien Queen (Furry Chicken) [TRAITOR] from 
[15:22:32] SAY: Father Jack (NPC) : That would be an ecumenical matter.
[15:22:38] ACCESS: Login: Alien Queen (Furry Chicken) [TRAITOR] from 
[15:22:38] ACCESS: Login: Alien Queen (Furry Chicken) [TRAITOR] from 
[15:22:39] ACCESS: Login: Alien Queen (Furry Chicken) [TRAITOR] from 
[15:22:45] ACCESS: Login: Alien Queen (Furry Chicken) [TRAITOR] from 
[15:22:46] SAY: Shitty Bill (NPC) : I ever tell you 'bout the time I sold crank to that jellyfish dude?
[15:23:02] SAY: Shitty Bill (NPC) : Man, I sure miss that long station.
[15:23:29] ACCESS: Login: Furry Chicken [TRAITOR] from 
[15:23:40] ACCESS: Login: Alien Warrior 197 (Furry Chicken) [TRAITOR] from 


Starting up. 15:32.03
---------------------

[15:32:08] ADMIN: Loading jobban_rank
[15:32:08] ADMIN: Jobban_keylist was empty
[15:32:08] ADMIN: Updating jobbanfile!
[15:32:08] ADMIN: Loading oocban_rank
[15:32:08] ADMIN: oocban_keylist was empty
[15:32:08] ADMIN: Updating jobbanfile!
ADMIN: furrychicken = Headmin
ADMIN: cherkir = Headmin
ADMIN: jasonvorheese = Primary Administrator
ADMIN: REDACTEDminimeatwadREDACTED = Primary Administrator
ADMIN: xenosandboxthesecond = Primary Administrator
ADMIN: exbod = Primary Administrator
ADMIN: zenek123 = Secondary Administrator
ADMIN: silentsh00t = Administrator
ADMIN: noobpwnt4lif3 = Codermin
ADMIN: kimjuandong = Coder
ADMIN: adolf12 = Iconner
ADMIN: kamina321 = Moderator
[15:32:29] ACCESS: Login: Furry Chicken from 
[15:33:03] ADMIN: Furry Chicken [DEAD] has started the game.
[15:33:03] ACCESS: Login: Furry Chicken [TRAITOR] from 
[15:33:13] ACCESS: Login: Alien Queen (Furry Chicken) [TRAITOR] from 
[15:33:14] ADMIN: Alien Queen (Furry Chicken) [TRAITOR] has made Alien Queen (Furry Chicken) [TRAITOR] a human.
[15:33:23] SAY: Shitty Bill (NPC) : I ever tell you 'bout the time I made a rocket launcher?
[15:33:25] ADMIN: Alien Queen (Furry Chicken) [TRAITOR] has made Alien Queen (Furry Chicken) [TRAITOR] a human.


Starting up. 15:39.06
---------------------

[15:39:11] ADMIN: Loading jobban_rank
[15:39:11] ADMIN: Jobban_keylist was empty
[15:39:11] ADMIN: Updating jobbanfile!
[15:39:11] ADMIN: Loading oocban_rank
[15:39:11] ADMIN: oocban_keylist was empty
[15:39:11] ADMIN: Updating jobbanfile!
ADMIN: furrychicken = Headmin
ADMIN: cherkir = Headmin
ADMIN: jasonvorheese = Primary Administrator
ADMIN: REDACTEDminimeatwadREDACTED = Primary Administrator
ADMIN: xenosandboxthesecond = Primary Administrator
ADMIN: exbod = Primary Administrator
ADMIN: zenek123 = Secondary Administrator
ADMIN: silentsh00t = Administrator
ADMIN: noobpwnt4lif3 = Codermin
ADMIN: kimjuandong = Coder
ADMIN: adolf12 = Iconner
ADMIN: kamina321 = Moderator
[15:39:32] ACCESS: Login: Furry Chicken from 
[15:40:00] ADMIN: Furry Chicken [DEAD] has started the game.
[15:40:00] ACCESS: Login: Furry Chicken [TRAITOR] from 
[15:40:16] ACCESS: Login: Alien Queen (Furry Chicken) [TRAITOR] from 
[15:40:18] ADMIN: Alien Queen (Furry Chicken) [TRAITOR] has made Alien Queen (Furry Chicken) [TRAITOR] a human.


Starting up. 15:49.27
---------------------

[15:49:32] ADMIN: Loading jobban_rank
[15:49:32] ADMIN: Jobban_keylist was empty
[15:49:32] ADMIN: Updating jobbanfile!
[15:49:32] ADMIN: Loading oocban_rank
[15:49:32] ADMIN: oocban_keylist was empty
[15:49:32] ADMIN: Updating jobbanfile!
ADMIN: furrychicken = Headmin
ADMIN: cherkir = Headmin
ADMIN: jasonvorheese = Primary Administrator
ADMIN: REDACTEDminimeatwadREDACTED = Primary Administrator
ADMIN: xenosandboxthesecond = Primary Administrator
ADMIN: exbod = Primary Administrator
ADMIN: zenek123 = Secondary Administrator
ADMIN: silentsh00t = Administrator
ADMIN: noobpwnt4lif3 = Codermin
ADMIN: kimjuandong = Coder
ADMIN: adolf12 = Iconner
ADMIN: kamina321 = Moderator
[15:49:52] ACCESS: Login: Furry Chicken from 
[15:50:50] ADMIN: Furry Chicken [DEAD] has started the game.
[15:50:50] ACCESS: Login: Furry Chicken [TRAITOR] from 
[15:50:59] ACCESS: Login: Alien Queen (Furry Chicken) [TRAITOR] from 
[15:51:00] ADMIN: Alien Queen (Furry Chicken) [TRAITOR] has made Alien Queen (Furry Chicken) [TRAITOR] a human.
[15:51:03] SAY: Shitty Bill (NPC) : Whoa, it's Donald "Don" Glabs.
[15:51:37] ADMIN: Alien Queen (Furry Chicken) [TRAITOR] swapped bodies with Alien Queen (NPC)
[15:51:37] ACCESS: Login: Alien Queen (Furry Chicken) [TRAITOR] from 
[15:51:52] ACCESS: Login: Alien Queen (Furry Chicken) [TRAITOR] from 
[15:51:54] ADMIN: Alien Queen (Furry Chicken) [TRAITOR] has made Alien Queen (Furry Chicken) [TRAITOR] a human.


Starting up. 16:10.35
---------------------

[16:10:40] ADMIN: Loading jobban_rank
[16:10:40] ADMIN: Jobban_keylist was empty
[16:10:40] ADMIN: Updating jobbanfile!
[16:10:40] ADMIN: Loading oocban_rank
[16:10:40] ADMIN: oocban_keylist was empty
[16:10:40] ADMIN: Updating jobbanfile!
ADMIN: furrychicken = Headmin
ADMIN: cherkir = Headmin
ADMIN: jasonvorheese = Primary Administrator
ADMIN: REDACTEDminimeatwadREDACTED = Primary Administrator
ADMIN: xenosandboxthesecond = Primary Administrator
ADMIN: exbod = Primary Administrator
ADMIN: zenek123 = Secondary Administrator
ADMIN: silentsh00t = Administrator
ADMIN: noobpwnt4lif3 = Codermin
ADMIN: kimjuandong = Coder
ADMIN: adolf12 = Iconner
ADMIN: kamina321 = Moderator
[16:11:02] ACCESS: Login: Furry Chicken from 
[16:14:07] ADMIN: Furry Chicken [DEAD] has started the game.
[16:14:07] ACCESS: Login: Furry Chicken [TRAITOR] from 
[16:14:21] SAY: Shitty Bill (NPC) : I think my bros left without me.
[16:14:23] SAY: Father Jack (NPC) : That would be an ecumenical matter.
[16:14:30] SAY: Shitty Bill (NPC) : You ride?
[16:14:37] SAY: Shitty Bill (NPC) : Hey, gimme yer bees.
[16:15:14] SAY: Shitty Bill (NPC) : You rap?
[16:15:18] SAY: Shitty Bill (NPC) : Dang, it's Donald "Don" Glabs.
[16:15:45] SAY: Shitty Bill (NPC) : Got a light, beardo?
[16:17:17] SAY: Father Jack (NPC) : That would be an ecumenical matter.
[16:17:54] SAY: Father Jack (NPC) : That would be an ecumenical matter.
[16:20:31] SAY: Shitty Bill (NPC) : Nice face, wirehead.
[16:20:52] SAY: Shitty Bill (NPC) : The hell you lookin' at, bro?
[16:21:45] SAY: Shitty Bill (NPC) : I ever tell you 'bout that time I knocked out NanoTrasen's central network with a bunch of string?
[16:21:48] SAY: Shitty Bill (NPC) : Nice face, beardo.
[16:22:11] SAY: Father Jack (NPC) : FECK!
[16:22:13] SAY: Shitty Bill (NPC) : Got a light, scrub?
[16:22:32] SAY: Shitty Bill (NPC) : I think my homebros are running late.
[16:22:46] SAY: Shitty Bill (NPC) : You a changer?
[16:23:12] SAY: Shitty Bill (NPC) : I ever tell you 'bout the weird place with all the monkeys?
[16:26:19] SAY: Shitty Bill (NPC) : Got a light, idiot?
[16:26:33] SAY: Shitty Bill (NPC) : What you lookin' at, doofus?
[16:26:36] ACCESS: Login: Alien Queen (Furry Chicken) [TRAITOR] from 
[16:26:39] ADMIN: Alien Queen (Furry Chicken) [TRAITOR] has made Alien Queen (Furry Chicken) [TRAITOR] a human.


Starting up. 16:33.17
---------------------

[16:33:22] ADMIN: Loading jobban_rank
[16:33:22] ADMIN: Jobban_keylist was empty
[16:33:22] ADMIN: Updating jobbanfile!
[16:33:22] ADMIN: Loading oocban_rank
[16:33:22] ADMIN: oocban_keylist was empty
[16:33:22] ADMIN: Updating jobbanfile!
ADMIN: furrychicken = Headmin
ADMIN: cherkir = Headmin
ADMIN: jasonvorheese = Primary Administrator
ADMIN: REDACTEDminimeatwadREDACTED = Primary Administrator
ADMIN: xenosandboxthesecond = Primary Administrator
ADMIN: exbod = Primary Administrator
ADMIN: zenek123 = Secondary Administrator
ADMIN: silentsh00t = Administrator
ADMIN: noobpwnt4lif3 = Codermin
ADMIN: kimjuandong = Coder
ADMIN: adolf12 = Iconner
ADMIN: kamina321 = Moderator
[16:33:45] ACCESS: Login: Furry Chicken from 
[16:35:00] ADMIN: Furry Chicken [DEAD] has started the game.
[16:35:02] ADMIN: Furry Chicken [DEAD] has started the game.
[16:35:02] ACCESS: Login: Furry Chicken [TRAITOR] from 
[16:35:15] ACCESS: Login: Alien Queen (Furry Chicken) [TRAITOR] from 
[16:35:17] ADMIN: Alien Queen (Furry Chicken) [TRAITOR] has made Alien Queen (Furry Chicken) [TRAITOR] a human.


Starting up. 16:39.37
---------------------

[16:39:41] ADMIN: Loading jobban_rank
[16:39:41] ADMIN: Jobban_keylist was empty
[16:39:41] ADMIN: Updating jobbanfile!
[16:39:41] ADMIN: Loading oocban_rank
[16:39:41] ADMIN: oocban_keylist was empty
[16:39:41] ADMIN: Updating jobbanfile!
ADMIN: furrychicken = Headmin
ADMIN: cherkir = Headmin
ADMIN: jasonvorheese = Primary Administrator
ADMIN: REDACTEDminimeatwadREDACTED = Primary Administrator
ADMIN: xenosandboxthesecond = Primary Administrator
ADMIN: exbod = Primary Administrator
ADMIN: zenek123 = Secondary Administrator
ADMIN: silentsh00t = Administrator
ADMIN: noobpwnt4lif3 = Codermin
ADMIN: kimjuandong = Coder
ADMIN: adolf12 = Iconner
ADMIN: kamina321 = Moderator
[16:40:01] ACCESS: Login: Furry Chicken from 
[16:40:56] ADMIN: Furry Chicken [DEAD] has started the game.
[16:40:57] ACCESS: Login: Furry Chicken [TRAITOR] from 
[16:41:07] ACCESS: Login: Alien Queen (Furry Chicken) [TRAITOR] from 
[16:41:09] ADMIN: Alien Queen (Furry Chicken) [TRAITOR] has made Alien Queen (Furry Chicken) [TRAITOR] a human.


Starting up. 17:06.22
---------------------

[17:06:26] ADMIN: Loading jobban_rank
[17:06:26] ADMIN: Jobban_keylist was empty
[17:06:26] ADMIN: Updating jobbanfile!
[17:06:26] ADMIN: Loading oocban_rank
[17:06:26] ADMIN: oocban_keylist was empty
[17:06:26] ADMIN: Updating jobbanfile!
ADMIN: furrychicken = Headmin
ADMIN: cherkir = Headmin
ADMIN: jasonvorheese = Primary Administrator
ADMIN: REDACTEDminimeatwadREDACTED = Primary Administrator
ADMIN: xenosandboxthesecond = Primary Administrator
ADMIN: exbod = Primary Administrator
ADMIN: zenek123 = Secondary Administrator
ADMIN: silentsh00t = Administrator
ADMIN: noobpwnt4lif3 = Codermin
ADMIN: kimjuandong = Coder
ADMIN: adolf12 = Iconner
ADMIN: kamina321 = Moderator
[17:06:48] ACCESS: Login: Furry Chicken from 
[17:07:18] ADMIN: Furry Chicken [DEAD] has started the game.
[17:07:18] ACCESS: Login: Furry Chicken [TRAITOR] from 
[17:07:34] ACCESS: Login: Alien Queen (Furry Chicken) [TRAITOR] from 
[17:07:35] ADMIN: Alien Queen (Furry Chicken) [TRAITOR] has made Alien Queen (Furry Chicken) [TRAITOR] a human.
[17:07:50] ADMIN: Alien Queen (Furry Chicken) [TRAITOR] has made Alien Queen (Furry Chicken) [TRAITOR] a human.
[17:07:57] ACCESS: Login: Blob Overmind (Furry Chicken) [TRAITOR] from 
[17:08:01] SAY: Shitty Bill (NPC) : I think my bros stole my cat.
[17:08:03] ACCESS: Login: Furry Chicken [TRAITOR] from 
[17:08:37] SAY: Shitty Bill (NPC) : You a narc?
[17:09:02] ACCESS: Login: Furry Chicken [TRAITOR] from 
[17:09:06] ACCESS: Login: Alien Warrior 357 (Furry Chicken) [TRAITOR] from 
[17:09:07] ADMIN: Alien Warrior 357 (Furry Chicken) [TRAITOR] has made Alien Warrior 357 (Furry Chicken) [TRAITOR] a human.


Starting up. 17:15.45
---------------------

[17:15:50] ADMIN: Loading jobban_rank
[17:15:50] ADMIN: Jobban_keylist was empty
[17:15:50] ADMIN: Updating jobbanfile!
[17:15:50] ADMIN: Loading oocban_rank
[17:15:50] ADMIN: oocban_keylist was empty
[17:15:50] ADMIN: Updating jobbanfile!
ADMIN: furrychicken = Headmin
ADMIN: cherkir = Headmin
ADMIN: jasonvorheese = Primary Administrator
ADMIN: REDACTEDminimeatwadREDACTED = Primary Administrator
ADMIN: xenosandboxthesecond = Primary Administrator
ADMIN: exbod = Primary Administrator
ADMIN: zenek123 = Secondary Administrator
ADMIN: silentsh00t = Administrator
ADMIN: noobpwnt4lif3 = Codermin
ADMIN: kimjuandong = Coder
ADMIN: adolf12 = Iconner
ADMIN: kamina321 = Moderator
[17:16:13] ACCESS: Login: Furry Chicken from 
[17:17:03] ADMIN: Furry Chicken [DEAD] has started the game.
[17:17:03] ACCESS: Login: Furry Chicken [TRAITOR] from 
[17:17:16] SAY: Shitty Bill (NPC) : You a Synder?
[17:17:29] ACCESS: Login: Alien Queen (Furry Chicken) [TRAITOR] from 
[17:17:30] ADMIN: Alien Queen (Furry Chicken) [TRAITOR] has made Alien Queen (Furry Chicken) [TRAITOR] a human.
[17:18:46] SAY: Shitty Bill (NPC) : Got any hyper?
[17:19:10] SAY: Shitty Bill (NPC) : The hell're you lookin' at, spaceman?
[17:19:14] SAY: Shitty Bill (NPC) : Man, I sure don't miss the Cloud.
[17:19:31] SAY: Father Jack (NPC) : That would be an ecumenical matter.
[17:20:13] SAY: Shitty Bill (NPC) : Got a light, buddy?
[17:20:34] SAY: Shitty Bill (NPC) : I think my pals died in space.
[17:21:07] SAY: Father Jack (NPC) : GIRLS!
[17:21:24] SAY: Father Jack (NPC) : GIRLS!
[17:21:28] ADMIN: Alien Queen (Furry Chicken) [TRAITOR] has made Alien Queen (Furry Chicken) [TRAITOR] a human.
[17:21:29] ADMIN: Alien Queen (Furry Chicken) [TRAITOR] has made Alien Queen (Furry Chicken) [TRAITOR] a human.
[17:21:31] ADMIN: Alien Queen (Furry Chicken) [TRAITOR] has made Alien Queen (Furry Chicken) [TRAITOR] a human.
[17:21:42] ACCESS: Login: Blob Overmind (Furry Chicken) [TRAITOR] from 
[17:21:49] ACCESS: Login: Dxankoshx the Impaler (Furry Chicken) [TRAITOR] [DEAD] from 
[17:21:53] ADMIN: Dxankoshx the Impaler (Furry Chicken) [TRAITOR] [DEAD] removed the antagonist status of Dxankoshx the Impaler (Furry Chicken) [TRAITOR] [DEAD].
[17:21:57] ADMIN: Dxankoshx the Impaler (Furry Chicken) [DEAD] has made Dxankoshx the Impaler (Furry Chicken) [DEAD] a human.


Starting up. 17:26.10
---------------------

[17:26:16] ADMIN: Loading jobban_rank
[17:26:16] ADMIN: Jobban_keylist was empty
[17:26:16] ADMIN: Updating jobbanfile!
[17:26:16] ADMIN: Loading oocban_rank
[17:26:16] ADMIN: oocban_keylist was empty
[17:26:16] ADMIN: Updating jobbanfile!
ADMIN: furrychicken = Headmin
ADMIN: cherkir = Headmin
ADMIN: jasonvorheese = Primary Administrator
ADMIN: REDACTEDminimeatwadREDACTED = Primary Administrator
ADMIN: xenosandboxthesecond = Primary Administrator
ADMIN: exbod = Primary Administrator
ADMIN: zenek123 = Secondary Administrator
ADMIN: silentsh00t = Administrator
ADMIN: noobpwnt4lif3 = Codermin
ADMIN: kimjuandong = Coder
ADMIN: adolf12 = Iconner
ADMIN: kamina321 = Moderator
[17:26:40] ACCESS: Login: Furry Chicken from 
[17:27:11] ADMIN: Furry Chicken [DEAD] has started the game.
[17:27:11] ACCESS: Login: Furry Chicken [TRAITOR] from 
[17:27:24] ACCESS: Login: Alien Queen (Furry Chicken) [TRAITOR] from 
[17:27:24] ADMIN: Alien Queen (Furry Chicken) [TRAITOR] has made Alien Queen (Furry Chicken) [TRAITOR] a human.
[17:27:39] ACCESS: Login: Drone (Furry Chicken) [TRAITOR] from 
[17:27:40] SAY: Shitty Bill (NPC) : You dance?
[17:27:45] ADMIN: Drone (Furry Chicken) [TRAITOR] has made Drone (Furry Chicken) [TRAITOR] a human.
[17:27:47] SAY: Shitty Bill (NPC) : Whatcha you lookin' at, dude?
[17:27:55] ADMIN: Drone (Furry Chicken) [TRAITOR] has made Drone (Furry Chicken) [TRAITOR] a human.
[17:28:08] SAY: Shitty Bill (NPC) : I ever tell you 'bout that time I learned Sumerian?
[17:28:24] ADMIN: Drone (Furry Chicken) [TRAITOR] respawned Drone (Furry Chicken) [TRAITOR].
[17:28:24] ACCESS: Login: Furry Chicken [DEAD] from 
[17:28:24] ACCESS: Login: Furry Chicken [TRAITOR] [DEAD] from 
[17:28:26] ACCESS: Login: Pavel Havel (Furry Chicken) [TRAITOR] from 
[17:28:36] SAY: Shitty Bill (NPC) : You smoke?
[17:29:18] SAY: Father Jack (NPC) : ARSE!
[17:29:25] SAY: Shitty Bill (NPC) : Got any Omni?
[17:29:30] SAY: Shitty Bill (NPC) : Hey, gimme yer high fives.
[17:29:32] SAY: Father Jack (NPC) : FECK!
[17:30:22] SAY: Shitty Bill (NPC) : You a cop?
[17:30:58] SAY: Father Jack (NPC) : FECK!
[17:32:36] SAY: Shitty Bill (NPC) : I think my pals left without me.
[17:32:50] SAY: Shitty Bill (NPC) : I think my bros left me here.
[17:33:32] SAY: Shitty Bill (NPC) : Man, I sure miss the Rings.
[17:35:39] SAY: Shitty Bill (NPC) : Hey chump, gimme yer dosh.
[17:37:07] ACCESS: Login: Pavel Havel (Furry Chicken) [TRAITOR] from 
[17:37:28] ACCESS: Login: Furry Chicken [TRAITOR] from 
[17:37:32] SAY: Alien Warrior 966 (Furry Chicken) [TRAITOR] :  a
[17:37:36] SAY: Shitty Bill (NPC) : You wrassle?


Starting up. 17:38.19
---------------------

[17:38:24] ADMIN: Loading jobban_rank
[17:38:24] ADMIN: Jobban_keylist was empty
[17:38:24] ADMIN: Updating jobbanfile!
[17:38:24] ADMIN: Loading oocban_rank
[17:38:24] ADMIN: oocban_keylist was empty
[17:38:24] ADMIN: Updating jobbanfile!
ADMIN: furrychicken = Headmin
ADMIN: cherkir = Headmin
ADMIN: jasonvorheese = Primary Administrator
ADMIN: REDACTEDminimeatwadREDACTED = Primary Administrator
ADMIN: xenosandboxthesecond = Primary Administrator
ADMIN: exbod = Primary Administrator
ADMIN: zenek123 = Secondary Administrator
ADMIN: silentsh00t = Administrator
ADMIN: noobpwnt4lif3 = Codermin
ADMIN: kimjuandong = Coder
ADMIN: adolf12 = Iconner
ADMIN: kamina321 = Moderator
[17:38:42] ACCESS: Login: Furry Chicken from 
[17:39:22] ADMIN: Furry Chicken [DEAD] has started the game.
[17:39:22] ACCESS: Login: Furry Chicken [TRAITOR] from 
[17:39:31] ACCESS: Login: Alien Queen (Furry Chicken) [TRAITOR] from 
[17:39:32] ADMIN: Alien Queen (Furry Chicken) [TRAITOR] has made Alien Queen (Furry Chicken) [TRAITOR] a human.
[17:39:34] SAY: Shitty Bill (NPC) : I think my bruds are running late.
[17:39:56] ADMIN: Alien Queen (Furry Chicken) [TRAITOR] modified Alien Queen's transforming to 0
[17:40:05] ADMIN: Alien Queen (Furry Chicken) [TRAITOR] has made Alien Queen (Furry Chicken) [TRAITOR] a human.
[17:43:08] SAY: Father Jack (NPC) : ARSE!
[17:44:05] SAY: Shitty Bill (NPC) : You rap?
[17:44:51] ACCESS: Login: Furry Chicken [TRAITOR] from 
[17:45:32] ACCESS: Login: Furry Chicken [TRAITOR] from 
[17:45:46] ACCESS: Login: Alien Sentinel 113 (Furry Chicken) [TRAITOR] [DEAD] from 
[17:46:15] SAY: Shitty Bill (NPC) : You dance?
[17:46:29] SAY: Father Jack (NPC) : ARSE!
[17:46:46] SAY: Shitty Bill (NPC) : I think my homies died in space.


Starting up. 17:46.48
---------------------

[17:46:48] SAY: Shitty Bill (NPC) : I ever tell you 'bout lost Carcosa?
[17:46:53] ADMIN: Loading jobban_rank
[17:46:53] ADMIN: Jobban_keylist was empty
[17:46:53] ADMIN: Updating jobbanfile!
[17:46:53] ADMIN: Loading oocban_rank
[17:46:53] ADMIN: oocban_keylist was empty
[17:46:53] ADMIN: Updating jobbanfile!
ADMIN: furrychicken = Headmin
ADMIN: cherkir = Headmin
ADMIN: jasonvorheese = Primary Administrator
ADMIN: REDACTEDminimeatwadREDACTED = Primary Administrator
ADMIN: xenosandboxthesecond = Primary Administrator
ADMIN: exbod = Primary Administrator
ADMIN: zenek123 = Secondary Administrator
ADMIN: silentsh00t = Administrator
ADMIN: noobpwnt4lif3 = Codermin
ADMIN: kimjuandong = Coder
ADMIN: adolf12 = Iconner
ADMIN: kamina321 = Moderator
[17:46:55] SAY: Father Jack (NPC) : ARSE!
[17:47:00] SAY: Shitty Bill (NPC) : Dag, it's Father Jack.
[17:47:14] ACCESS: Login: Furry Chicken from 
[17:47:50] ADMIN: Furry Chicken [DEAD] has started the game.
[17:47:52] ACCESS: Login: Furry Chicken [TRAITOR] from 
[17:48:05] ACCESS: Login: Alien Queen (Furry Chicken) [TRAITOR] from 
[17:48:06] ADMIN: Alien Queen (Furry Chicken) [TRAITOR] has made Alien Queen (Furry Chicken) [TRAITOR] a human.
[17:48:06] ACCESS: Login: Russell Semenov (Furry Chicken) [TRAITOR] from 
[17:49:05] SAY: Shitty Bill (NPC) : You jet?
[17:49:36] ACCESS: Login: Furry Chicken [TRAITOR] from 
[17:49:44] ACCESS: Login: Cyborg (Robot) (Furry Chicken) from 
[17:49:47] SAY: Shitty Bill (NPC) : Hey dweeb, gimme yer drugs.
[17:49:54] ADMIN: Cyborg Upsilon-11 (Robot) (Furry Chicken) [TRAITOR] has made Cyborg Upsilon-11 (Robot) (Furry Chicken) [TRAITOR] a human.
[17:49:54] ACCESS: Login: Desmond Petrov (Furry Chicken) [TRAITOR] from 


Starting up. 17:58.02
---------------------

[17:58:06] ADMIN: Loading jobban_rank
[17:58:06] ADMIN: Jobban_keylist was empty
[17:58:06] ADMIN: Updating jobbanfile!
[17:58:06] ADMIN: Loading oocban_rank
[17:58:06] ADMIN: oocban_keylist was empty
[17:58:06] ADMIN: Updating jobbanfile!
ADMIN: furrychicken = Headmin
ADMIN: cherkir = Headmin
ADMIN: jasonvorheese = Primary Administrator
ADMIN: REDACTEDminimeatwadREDACTED = Primary Administrator
ADMIN: xenosandboxthesecond = Primary Administrator
ADMIN: exbod = Primary Administrator
ADMIN: zenek123 = Secondary Administrator
ADMIN: silentsh00t = Administrator
ADMIN: noobpwnt4lif3 = Codermin
ADMIN: kimjuandong = Coder
ADMIN: adolf12 = Iconner
ADMIN: kamina321 = Moderator
[17:58:24] ACCESS: Login: Furry Chicken from 
[17:58:51] ADMIN: Furry Chicken [DEAD] has started the game.
[17:58:52] ACCESS: Login: Furry Chicken [TRAITOR] from 
[17:59:05] ACCESS: Login: Alien Queen (Furry Chicken) [TRAITOR] from 
[17:59:06] ADMIN: Alien Queen (Furry Chicken) [TRAITOR] has made Alien Queen (Furry Chicken) [TRAITOR] a human.
[17:59:06] ACCESS: Login: Tate Park (Furry Chicken) [TRAITOR] from 
[17:59:24] SAY: Tate Park (Furry Chicken) [TRAITOR] : *scream
[17:59:24] SAY: Tate Park (Furry Chicken) [TRAITOR] : *scream
[17:59:24] SAY: Tate Park (Furry Chicken) [TRAITOR] : *scream
[17:59:25] SAY: Tate Park (Furry Chicken) [TRAITOR] : *scream
[17:59:25] SAY: Tate Park (Furry Chicken) [TRAITOR] : *scream
[17:59:26] SAY: Tate Park (Furry Chicken) [TRAITOR] : *scream
[17:59:32] ADMIN: Tate Park (Furry Chicken) [TRAITOR] respawned Tate Park (Furry Chicken) [TRAITOR].
[17:59:32] ACCESS: Login: Furry Chicken [DEAD] from 
[17:59:32] ACCESS: Login: Furry Chicken [TRAITOR] [DEAD] from 
[17:59:35] ACCESS: Login: Pavel Havel (Furry Chicken) [TRAITOR] from 
[18:01:03] ADMIN: Pavel Havel (Furry Chicken) [TRAITOR] modified [0x21016234] (Alien Infestation)'s handled_warehouse_culling to 0
[18:01:08] SAY: Shitty Bill (NPC) : Got any smokes?
[18:01:13] SAY: Shitty Bill (NPC) : I ever tell you 'bout what Nanotrasen really did in 2051?
[18:01:27] SAY: Pavel Havel (Furry Chicken) [TRAITOR] : *scream
[18:02:43] SAY: Pavel Havel (Furry Chicken) [TRAITOR] : *scream
[18:03:22] SAY: Pavel Havel (Furry Chicken) [TRAITOR] : *scream
[18:05:32] SAY: Father Jack (NPC) : ARSE!
[18:05:55] ADMIN: Pavel Havel (Furry Chicken) [TRAITOR] modified Tweed's sedated to 0
[18:06:04] SAY: Pavel Havel (Furry Chicken) [TRAITOR] : *scream
[18:06:13] ADMIN: Pavel Havel (Furry Chicken) [TRAITOR] healed / revived Pavel Havel (Furry Chicken) [TRAITOR]
[18:06:18] SAY: Pavel Havel (Furry Chicken) [TRAITOR] : *scream
[18:06:18] SAY: Pavel Havel (Furry Chicken) [TRAITOR] : *scream
[18:06:18] SAY: Pavel Havel (Furry Chicken) [TRAITOR] : *scream
[18:06:22] SAY: Shitty Bill (NPC) : Nice burner, nerd.
[18:06:23] ADMIN: Pavel Havel (Furry Chicken) [TRAITOR] healed / revived Pavel Havel (Furry Chicken) [TRAITOR]
[18:06:27] ADMIN: Pavel Havel (Furry Chicken) [TRAITOR] opened the create_object panel
[18:06:32] ADMIN: Pavel Havel (Furry Chicken) [TRAITOR] created a /obj/item/gun/energy/laser_gun
[18:06:46] SAY: Shitty Bill (NPC) : You a miner?
[18:07:02] SAY: Shitty Bill (NPC) : I think my associates forgot about me.
[18:07:04] ADMIN: Pavel Havel (Furry Chicken) [TRAITOR] modified Power Cell - 200's max_charge to 200000
[18:07:15] ADMIN: Pavel Havel (Furry Chicken) [TRAITOR] modified Power Cell - 200's charge to 50000
[18:07:47] ADMIN: Pavel Havel (Furry Chicken) [TRAITOR] modified [0x2100a774] (/datum/light/point)'s brightness to 100
[18:08:11] SAY: Shitty Bill (NPC) : I think my pals sent you.
[18:08:13] ADMIN: Pavel Havel (Furry Chicken) [TRAITOR] opened the create_object panel
[18:08:15] ADMIN: Pavel Havel (Furry Chicken) [TRAITOR] opened the create_mob panel
[18:08:24] SAY: Shitty Bill (NPC) : Hey, gimme yer cats.
[18:08:28] ADMIN: Pavel Havel (Furry Chicken) [TRAITOR] created 15ea /mob/living/carbon/human/monkey
[18:08:44] SAY: Shitty Bill (NPC) : Man, I sure don't miss the Belt.
[18:08:54] SAY: Shitty Bill (NPC) : You fly?
[18:08:56] ADMIN: Pavel Havel (Furry Chicken) [TRAITOR] opened the create_object panel
[18:08:58] ADMIN: Pavel Havel (Furry Chicken) [TRAITOR] opened the create_mob panel
[18:09:07] ADMIN: Pavel Havel (Furry Chicken) [TRAITOR] created 15ea /mob/living/carbon/human/npc/monkey
[18:09:41] SAY: Shitty Bill (NPC) : You ride?
[18:10:05] SAY: Shitty Bill (NPC) : What you lookin' at, pal?
[18:10:27] ADMIN: Pavel Havel (Furry Chicken) [TRAITOR] healed / revived Pavel Havel (Furry Chicken) [TRAITOR]
[18:10:31] ADMIN: Pavel Havel (Furry Chicken) [TRAITOR] opened the create_mob panel
[18:10:38] ADMIN: Pavel Havel (Furry Chicken) [TRAITOR] created 50ea /mob/living/carbon/human/npc/monkey
[18:10:49] SAY: Pavel Havel (Furry Chicken) [TRAITOR] : *scream
[18:10:49] SAY: Pavel Havel (Furry Chicken) [TRAITOR] : *scream
[18:10:50] SAY: Pavel Havel (Furry Chicken) [TRAITOR] : *scream
[18:10:50] SAY: Pavel Havel (Furry Chicken) [TRAITOR] : *scream
[18:10:50] SAY: Pavel Havel (Furry Chicken) [TRAITOR] : *scream
[18:10:50] SAY: Pavel Havel (Furry Chicken) [TRAITOR] : *scream
[18:10:50] SAY: Pavel Havel (Furry Chicken) [TRAITOR] : *scream
[18:10:52] ADMIN: Pavel Havel (Furry Chicken) [TRAITOR] healed / revived Pavel Havel (Furry Chicken) [TRAITOR]
[18:10:59] ADMIN: Pavel Havel (Furry Chicken) [TRAITOR] healed / revived Pavel Havel (Furry Chicken) [TRAITOR]
[18:11:08] ACCESS: Login: Furry Chicken [TRAITOR] from 
[18:11:45] SAY: Shitty Bill (NPC) : Got any hits?
[18:12:02] SAY: Shitty Bill (NPC) : You a changer?
[18:12:04] SAY: Shitty Bill (NPC) : I think my buds sent you.
[18:12:15] ADMIN: Maetzoh man (Furry Chicken) [TRAITOR] created an explosion (power 123123, brisance 1) at (<a href='?src=%admin_ref%;action=jumptocoords;target=199,101,1' title='Jump to Coords'>199,101,1</a> in Warehouse #3).
[18:12:18] SAY: Shitty Bill (NPC) : You a cop?
[18:12:23] ACCESS: Login: Maetzoh man (Furry Chicken) [TRAITOR] [DEAD] from 
[18:12:43] SAY: Shitty Bill (NPC) : I ever tell you 'bout the time I poisoned a dude with my own pee?
[18:13:11] ACCESS: Login: living blood (Furry Chicken) [TRAITOR] from 


Starting up. 18:21.57
---------------------

[18:22:02] ADMIN: Loading jobban_rank
[18:22:02] ADMIN: Jobban_keylist was empty
[18:22:02] ADMIN: Updating jobbanfile!
[18:22:02] ADMIN: Loading oocban_rank
[18:22:02] ADMIN: oocban_keylist was empty
[18:22:02] ADMIN: Updating jobbanfile!
ADMIN: furrychicken = Headmin
ADMIN: cherkir = Headmin
ADMIN: jasonvorheese = Primary Administrator
ADMIN: REDACTEDminimeatwadREDACTED = Primary Administrator
ADMIN: xenosandboxthesecond = Primary Administrator
ADMIN: exbod = Primary Administrator
ADMIN: zenek123 = Secondary Administrator
ADMIN: silentsh00t = Administrator
ADMIN: noobpwnt4lif3 = Codermin
ADMIN: kimjuandong = Coder
ADMIN: adolf12 = Iconner
ADMIN: kamina321 = Moderator
[18:22:24] ACCESS: Login: Furry Chicken from 
[18:24:31] ADMIN: Furry Chicken [DEAD] has started the game.
[18:24:31] ACCESS: Login: Furry Chicken [TRAITOR] from 
[18:25:23] ACCESS: Login: Alien Queen (Furry Chicken) [TRAITOR] from 
[18:25:24] ADMIN: Alien Queen (Furry Chicken) [TRAITOR] has made Alien Queen (Furry Chicken) [TRAITOR] a human.
[18:25:24] ACCESS: Login: Ricky Mikhaylov (Furry Chicken) [TRAITOR] from 
[18:26:14] SAY: Father Jack (NPC) : FECK!


Starting up. 18:31.04
---------------------

[18:31:09] ADMIN: Loading jobban_rank
[18:31:09] ADMIN: Jobban_keylist was empty
[18:31:09] ADMIN: Updating jobbanfile!
[18:31:09] ADMIN: Loading oocban_rank
[18:31:09] ADMIN: oocban_keylist was empty
[18:31:09] ADMIN: Updating jobbanfile!
ADMIN: furrychicken = Headmin
ADMIN: cherkir = Headmin
ADMIN: jasonvorheese = Primary Administrator
ADMIN: REDACTEDminimeatwadREDACTED = Primary Administrator
ADMIN: xenosandboxthesecond = Primary Administrator
ADMIN: exbod = Primary Administrator
ADMIN: zenek123 = Secondary Administrator
ADMIN: silentsh00t = Administrator
ADMIN: noobpwnt4lif3 = Codermin
ADMIN: kimjuandong = Coder
ADMIN: adolf12 = Iconner
ADMIN: kamina321 = Moderator
[18:31:34] ACCESS: Login: Furry Chicken from 
[18:36:30] ADMIN: Furry Chicken [DEAD] has started the game.
[18:36:31] ACCESS: Login: Furry Chicken [TRAITOR] from 
[18:36:39] ACCESS: Login: Alien Queen (Furry Chicken) [TRAITOR] from 
[18:36:42] ADMIN: Alien Queen (Furry Chicken) [TRAITOR] has made Alien Queen (NPC) a human.
[18:36:45] SAY: Shitty Bill (NPC) : You a miner?
[18:36:48] ADMIN: Alien Queen (Furry Chicken) [TRAITOR] has made Alien Queen (Furry Chicken) [TRAITOR] a human.
[18:36:48] ACCESS: Login: Brennan Mosser (Furry Chicken) [TRAITOR] from 
[18:37:07] SAY: Shitty Bill (NPC) : I ever tell you 'bout that room full of statues?
[18:37:09] SAY: Shitty Bill (NPC) : Nice name, 'Traser.
[18:37:17] SAY: Father Jack (NPC) : That would be an ecumenical matter.


Starting up. 18:44.08
---------------------

[18:44:12] ADMIN: Loading jobban_rank
[18:44:12] ADMIN: Jobban_keylist was empty
[18:44:12] ADMIN: Updating jobbanfile!
[18:44:12] ADMIN: Loading oocban_rank
[18:44:12] ADMIN: oocban_keylist was empty
[18:44:12] ADMIN: Updating jobbanfile!
ADMIN: furrychicken = Headmin
ADMIN: cherkir = Headmin
ADMIN: jasonvorheese = Primary Administrator
ADMIN: REDACTEDminimeatwadREDACTED = Primary Administrator
ADMIN: xenosandboxthesecond = Primary Administrator
ADMIN: exbod = Primary Administrator
ADMIN: zenek123 = Secondary Administrator
ADMIN: silentsh00t = Administrator
ADMIN: noobpwnt4lif3 = Codermin
ADMIN: kimjuandong = Coder
ADMIN: adolf12 = Iconner
ADMIN: kamina321 = Moderator
[18:44:32] ACCESS: Login: Furry Chicken from 
[18:48:50] ADMIN: Furry Chicken [DEAD] has started the game.
[18:48:50] ACCESS: Login: Furry Chicken [TRAITOR] from 
[18:49:00] ADMIN: Alien Queen (Furry Chicken) [TRAITOR] respawned Alien Queen (Furry Chicken) [TRAITOR].
[18:49:00] ACCESS: Login: Furry Chicken [DEAD] from 
[18:49:00] ACCESS: Login: Furry Chicken [TRAITOR] [DEAD] from 
[18:49:03] ACCESS: Login: Pavel Havel (Furry Chicken) [TRAITOR] from 
[18:49:28] ACCESS: Login: Pavel Havel (Furry Chicken) [TRAITOR] from 
[18:49:34] ACCESS: Login: Furry Chicken [TRAITOR] from 
[18:49:42] ADMIN: Alien Sentinel 784 (Furry Chicken) [TRAITOR] opened the create_object panel
[18:49:48] ADMIN: Alien Sentinel 784 (Furry Chicken) [TRAITOR] created a /obj/item/xeno/facehugger
[18:50:20] ACCESS: Login: Alien Sentinel 784 (Furry Chicken) [TRAITOR] [DEAD] from 
[18:50:28] ADMIN: Alien Sentinel 784 (Furry Chicken) [TRAITOR] [DEAD] swapped bodies with Pavel Havel (NPC)
[18:50:28] ACCESS: Login: Pavel Havel (Furry Chicken) [TRAITOR] from 
[18:50:31] SAY: Pavel Havel (Furry Chicken) [TRAITOR] : *scream
[18:50:48] SAY: Shitty Bill (NPC) : Man, I sure miss Mars.
[18:51:28] SAY: Pavel Havel (Furry Chicken) [TRAITOR] : *scream
[18:51:28] SAY: Pavel Havel (Furry Chicken) [TRAITOR] : *scream
[18:51:29] SAY: Pavel Havel (Furry Chicken) [TRAITOR] : *scream
[18:51:29] SAY: Pavel Havel (Furry Chicken) [TRAITOR] : *scream
[18:51:29] SAY: Pavel Havel (Furry Chicken) [TRAITOR] : *scream
[18:51:30] SAY: Pavel Havel (Furry Chicken) [TRAITOR] : *scream
[18:51:30] SAY: Pavel Havel (Furry Chicken) [TRAITOR] : *scream
[18:51:30] SAY: Pavel Havel (Furry Chicken) [TRAITOR] : *scream
[18:51:30] SAY: Pavel Havel (Furry Chicken) [TRAITOR] : *scream
[18:51:30] SAY: Pavel Havel (Furry Chicken) [TRAITOR] : *scream
[18:51:31] SAY: Pavel Havel (Furry Chicken) [TRAITOR] : *scream
[18:51:31] SAY: Pavel Havel (Furry Chicken) [TRAITOR] : *scream
[18:51:31] SAY: Pavel Havel (Furry Chicken) [TRAITOR] : *scream
[18:51:31] SAY: Pavel Havel (Furry Chicken) [TRAITOR] : *scream
[18:51:35] ACCESS: Login: Pavel Havel (Furry Chicken) [TRAITOR] [DEAD] from 
[18:51:35] ACCESS: Login: Furry Chicken [TRAITOR] from 
[18:52:03] SAY: Father Jack (NPC) : That would be an ecumenical matter.


Starting up. 18:55.54
---------------------

[18:55:59] ADMIN: Loading jobban_rank
[18:55:59] ADMIN: Jobban_keylist was empty
[18:55:59] ADMIN: Updating jobbanfile!
[18:55:59] ADMIN: Loading oocban_rank
[18:55:59] ADMIN: oocban_keylist was empty
[18:55:59] ADMIN: Updating jobbanfile!
ADMIN: furrychicken = Headmin
ADMIN: cherkir = Headmin
ADMIN: jasonvorheese = Primary Administrator
ADMIN: REDACTEDminimeatwadREDACTED = Primary Administrator
ADMIN: xenosandboxthesecond = Primary Administrator
ADMIN: exbod = Primary Administrator
ADMIN: zenek123 = Secondary Administrator
ADMIN: silentsh00t = Administrator
ADMIN: noobpwnt4lif3 = Codermin
ADMIN: kimjuandong = Coder
ADMIN: adolf12 = Iconner
ADMIN: kamina321 = Moderator
[18:56:19] ACCESS: Login: Furry Chicken from 
[18:58:41] ADMIN: Furry Chicken [DEAD] has started the game.
[18:58:42] ACCESS: Login: Furry Chicken [TRAITOR] from 
[18:59:04] SAY: Shitty Bill (NPC) : You a dracula?


Starting up. 19:02.56
---------------------

[19:03:02] ADMIN: Loading jobban_rank
[19:03:02] ADMIN: Jobban_keylist was empty
[19:03:02] ADMIN: Updating jobbanfile!
[19:03:02] ADMIN: Loading oocban_rank
[19:03:02] ADMIN: oocban_keylist was empty
[19:03:02] ADMIN: Updating jobbanfile!
ADMIN: furrychicken = Headmin
ADMIN: cherkir = Headmin
ADMIN: jasonvorheese = Primary Administrator
ADMIN: REDACTEDminimeatwadREDACTED = Primary Administrator
ADMIN: xenosandboxthesecond = Primary Administrator
ADMIN: exbod = Primary Administrator
ADMIN: zenek123 = Secondary Administrator
ADMIN: silentsh00t = Administrator
ADMIN: noobpwnt4lif3 = Codermin
ADMIN: kimjuandong = Coder
ADMIN: adolf12 = Iconner
ADMIN: kamina321 = Moderator
[19:03:38] ACCESS: Login: Furry Chicken from 
[19:04:26] ADMIN: Furry Chicken [DEAD] has started the game.
[19:04:26] ACCESS: Login: Furry Chicken [TRAITOR] from 
[19:04:57] SAY: Shitty Bill (NPC) : What you lookin' at, pal?


Starting up. 19:11.26
---------------------

[19:11:32] ADMIN: Loading jobban_rank
[19:11:32] ADMIN: Jobban_keylist was empty
[19:11:32] ADMIN: Updating jobbanfile!
[19:11:32] ADMIN: Loading oocban_rank
[19:11:32] ADMIN: oocban_keylist was empty
[19:11:32] ADMIN: Updating jobbanfile!
ADMIN: furrychicken = Headmin
ADMIN: cherkir = Headmin
ADMIN: jasonvorheese = Primary Administrator
ADMIN: REDACTEDminimeatwadREDACTED = Primary Administrator
ADMIN: xenosandboxthesecond = Primary Administrator
ADMIN: exbod = Primary Administrator
ADMIN: zenek123 = Secondary Administrator
ADMIN: silentsh00t = Administrator
ADMIN: noobpwnt4lif3 = Codermin
ADMIN: kimjuandong = Coder
ADMIN: adolf12 = Iconner
ADMIN: kamina321 = Moderator
[19:11:58] ACCESS: Login: Furry Chicken from 
[19:12:34] ADMIN: Furry Chicken [DEAD] has started the game.
[19:12:35] ACCESS: Login: Furry Chicken [TRAITOR] from 


Starting up. 19:15.54
---------------------

[19:15:58] ADMIN: Loading jobban_rank
[19:15:58] ADMIN: Jobban_keylist was empty
[19:15:58] ADMIN: Updating jobbanfile!
[19:15:58] ADMIN: Loading oocban_rank
[19:15:58] ADMIN: oocban_keylist was empty
[19:15:58] ADMIN: Updating jobbanfile!
ADMIN: furrychicken = Headmin
ADMIN: cherkir = Headmin
ADMIN: jasonvorheese = Primary Administrator
ADMIN: REDACTEDminimeatwadREDACTED = Primary Administrator
ADMIN: xenosandboxthesecond = Primary Administrator
ADMIN: exbod = Primary Administrator
ADMIN: zenek123 = Secondary Administrator
ADMIN: silentsh00t = Administrator
ADMIN: noobpwnt4lif3 = Codermin
ADMIN: kimjuandong = Coder
ADMIN: adolf12 = Iconner
ADMIN: kamina321 = Moderator
[19:16:23] ACCESS: Login: Furry Chicken from 
[19:16:52] ADMIN: Furry Chicken [DEAD] has started the game.
[19:16:53] ACCESS: Login: Furry Chicken [TRAITOR] from 


Starting up. 19:29.57
---------------------

[19:30:01] ADMIN: Loading jobban_rank
[19:30:01] ADMIN: Jobban_keylist was empty
[19:30:01] ADMIN: Updating jobbanfile!
[19:30:01] ADMIN: Loading oocban_rank
[19:30:01] ADMIN: oocban_keylist was empty
[19:30:01] ADMIN: Updating jobbanfile!
ADMIN: furrychicken = Headmin
ADMIN: cherkir = Headmin
ADMIN: jasonvorheese = Primary Administrator
ADMIN: REDACTEDminimeatwadREDACTED = Primary Administrator
ADMIN: xenosandboxthesecond = Primary Administrator
ADMIN: exbod = Primary Administrator
ADMIN: zenek123 = Secondary Administrator
ADMIN: silentsh00t = Administrator
ADMIN: noobpwnt4lif3 = Codermin
ADMIN: kimjuandong = Coder
ADMIN: adolf12 = Iconner
ADMIN: kamina321 = Moderator
[19:30:25] ACCESS: Login: Furry Chicken from 
[19:30:54] ADMIN: Furry Chicken [DEAD] has started the game.
[19:30:54] ACCESS: Login: Furry Chicken [TRAITOR] from 


Starting up. 19:38.55
---------------------

[19:39:00] ADMIN: Loading jobban_rank
[19:39:00] ADMIN: Jobban_keylist was empty
[19:39:00] ADMIN: Updating jobbanfile!
[19:39:00] ADMIN: Loading oocban_rank
[19:39:00] ADMIN: oocban_keylist was empty
[19:39:00] ADMIN: Updating jobbanfile!
ADMIN: furrychicken = Headmin
ADMIN: cherkir = Headmin
ADMIN: jasonvorheese = Primary Administrator
ADMIN: REDACTEDminimeatwadREDACTED = Primary Administrator
ADMIN: xenosandboxthesecond = Primary Administrator
ADMIN: exbod = Primary Administrator
ADMIN: zenek123 = Secondary Administrator
ADMIN: silentsh00t = Administrator
ADMIN: noobpwnt4lif3 = Codermin
ADMIN: kimjuandong = Coder
ADMIN: adolf12 = Iconner
ADMIN: kamina321 = Moderator
[19:39:18] ACCESS: Login: Furry Chicken from 


Starting up. 19:43.01
---------------------

[19:43:06] ADMIN: Loading jobban_rank
[19:43:06] ADMIN: Jobban_keylist was empty
[19:43:06] ADMIN: Updating jobbanfile!
[19:43:06] ADMIN: Loading oocban_rank
[19:43:06] ADMIN: oocban_keylist was empty
[19:43:06] ADMIN: Updating jobbanfile!
ADMIN: furrychicken = Headmin
ADMIN: cherkir = Headmin
ADMIN: jasonvorheese = Primary Administrator
ADMIN: REDACTEDminimeatwadREDACTED = Primary Administrator
ADMIN: xenosandboxthesecond = Primary Administrator
ADMIN: exbod = Primary Administrator
ADMIN: zenek123 = Secondary Administrator
ADMIN: silentsh00t = Administrator
ADMIN: noobpwnt4lif3 = Codermin
ADMIN: kimjuandong = Coder
ADMIN: adolf12 = Iconner
ADMIN: kamina321 = Moderator
[19:43:31] ACCESS: Login: Furry Chicken from 
[19:43:58] ADMIN: Furry Chicken [DEAD] has started the game.
[19:43:59] ACCESS: Login: Furry Chicken [TRAITOR] from 
