

Starting up. 20:38.00
---------------------

[20:38:05] ADMIN: Loading jobban_rank
[20:38:05] ADMIN: Jobban_keylist was empty
[20:38:05] ADMIN: Updating jobbanfile!
[20:38:05] ADMIN: Loading oocban_rank
[20:38:05] ADMIN: oocban_keylist was empty
[20:38:05] ADMIN: Updating jobbanfile!
ADMIN: furrychicken = Headmin
ADMIN: cherkir = Headmin
ADMIN: jasonvorheese = Primary Administrator
ADMIN: REDACTEDminimeatwadREDACTED = Primary Administrator
ADMIN: xenosandboxthesecond = Primary Administrator
ADMIN: exbod = Primary Administrator
ADMIN: zenek123 = Secondary Administrator
ADMIN: silentsh00t = Administrator
ADMIN: noobpwnt4lif3 = Codermin
ADMIN: kimjuandong = Coder
ADMIN: adolf12 = Iconner
ADMIN: kamina321 = Moderator
[20:38:30] ACCESS: Login: Furry Chicken from 
