

Starting up. 16:17.07
---------------------

[16:17:12] ADMIN: Loading jobban_rank
[16:17:12] ADMIN: Jobban_keylist was empty
[16:17:12] ADMIN: Updating jobbanfile!
[16:17:12] ADMIN: Loading oocban_rank
[16:17:12] ADMIN: oocban_keylist was empty
[16:17:12] ADMIN: Updating jobbanfile!
ADMIN: furrychicken = Headmin
ADMIN: cherkir = Headmin
ADMIN: jasonvorheese = Primary Administrator
ADMIN: REDACTEDminimeatwadREDACTED = Primary Administrator
ADMIN: xenosandboxthesecond = Primary Administrator
ADMIN: exbod = Primary Administrator
ADMIN: zenek123 = Secondary Administrator
ADMIN: silentsh00t = Administrator
ADMIN: noobpwnt4lif3 = Codermin
ADMIN: kimjuandong = Coder
ADMIN: adolf12 = Iconner
ADMIN: kamina321 = Moderator
[16:17:41] ACCESS: Login: Furry Chicken from 
[16:18:33] ADMIN: Furry Chicken [DEAD] has started the game.
[16:18:33] ACCESS: Login: Furry Chicken [TRAITOR] from 
[16:19:02] ADMIN: Alien Queen (Furry Chicken) [TRAITOR] opened the create_mob panel
[16:19:05] ADMIN: Alien Queen (Furry Chicken) [TRAITOR] created a /mob/living/carbon/human/fatherjack
[16:19:12] SAY: Shitty Bill (NPC) : I think my associates forgot about me.
[16:19:16] ACCESS: Login: Furry Chicken [TRAITOR] from 
[16:19:27] SAY: Shitty Bill (NPC) : Got a light, Colonel?
[16:20:07] ADMIN: Alien Praetorian 272 (Furry Chicken) [TRAITOR] opened the create_object panel
[16:20:18] ADMIN: Alien Praetorian 272 (Furry Chicken) [TRAITOR] created a /obj/machinery/vending/chem
[16:21:06] ACCESS: Login: Furry Chicken [TRAITOR] from 
[16:21:32] SAY: Shitty Bill (NPC) : What the hell are you lookin' at, spaceman?
[16:21:42] SAY: Shitty Bill (NPC) : Got a light, dweeb?
[16:22:42] SAY: Shitty Bill (NPC) : You sting?
[16:23:04] SAY: Shitty Bill (NPC) : You a narc?
[16:23:12] SAY: Shitty Bill (NPC) : The hell you lookin' at, dork?
[16:23:25] SAY: Father Jack (NPC) : GIRLS!
[16:23:27] SAY: Shitty Bill (NPC) : You a narc?
[16:24:06] ADMIN: Alien Warrior 648 (Furry Chicken) [TRAITOR] opened the create_mob panel
[16:24:09] ADMIN: Alien Warrior 648 (Furry Chicken) [TRAITOR] created a /mob/living/carbon/human/fatherted
[16:24:28] SAY: Shitty Bill (NPC) : The hell you lookin' at, bucko?
[16:24:43] SAY: Shitty Bill (NPC) : Got any crank?
[16:24:50] SAY: Shitty Bill (NPC) : Whatcha you lookin' at, flyboy?
[16:25:13] ADMIN: Alien Warrior 648 (Furry Chicken) [TRAITOR] opened the create_mob panel
[16:25:19] ADMIN: Alien Warrior 648 (Furry Chicken) [TRAITOR] created a /mob/living/carbon/human/npc/monkey/mr_muggles
[16:25:19] ADMIN: Alien Warrior 648 (Furry Chicken) [TRAITOR] created a /mob/living/carbon/human/npc/monkey/mr_muggles
[16:25:19] ADMIN: Alien Warrior 648 (Furry Chicken) [TRAITOR] created a /mob/living/carbon/human/npc/monkey/mr_muggles
[16:25:19] ADMIN: Alien Warrior 648 (Furry Chicken) [TRAITOR] created a /mob/living/carbon/human/npc/monkey/mr_muggles
[16:25:19] ADMIN: Alien Warrior 648 (Furry Chicken) [TRAITOR] created a /mob/living/carbon/human/npc/monkey/mr_muggles
[16:25:23] SAY: Shitty Bill (NPC) : I think my pals took off.
[16:25:43] SAY: Shitty Bill (NPC) : Nice ship, weirdo.
[16:25:56] ADMIN: Alien Warrior 648 (Furry Chicken) [TRAITOR] healed / revived Alien Warrior 648 (Furry Chicken) [TRAITOR]
[16:25:57] ADMIN: Alien Warrior 648 (Furry Chicken) [TRAITOR] opened the create_object panel
[16:26:02] ADMIN: Alien Warrior 648 (Furry Chicken) [TRAITOR] created a /obj/item/kitchen/utensil/knife
[16:26:02] ADMIN: Alien Warrior 648 (Furry Chicken) [TRAITOR] created a /obj/item/kitchen/utensil/knife
[16:26:05] SAY: Shitty Bill (NPC) : Hey friendo, gimme yer keys.
[16:26:12] SAY: Shitty Bill (NPC) : Whatcha you lookin' at, astronaut?
[16:26:19] SAY: Shitty Bill (NPC) : Got any stylane?
[16:26:51] SAY: Shitty Bill (NPC) : I ever tell you 'bout the time I shaved a wizard?
[16:27:00] ADMIN: Alien Warrior 648 (Furry Chicken) [TRAITOR] opened the create_mob panel
[16:27:07] ADMIN: Alien Warrior 648 (Furry Chicken) [TRAITOR] created a /mob/living/carbon/human/npc/monkey/albert
[16:27:34] SAY: Shitty Bill (NPC) : Nice hair, dweeb.
[16:27:44] SAY: Father Jack (NPC) : DRINK!
[16:27:58] SAY: Shitty Bill (NPC) : I ever tell you 'bout that time I knocked out NanoTrasen's central network with a bunch of string?
[16:28:03] SAY: Shitty Bill (NPC) : Hey buddy, gimme yer card.
[16:28:12] SAY: Shitty Bill (NPC) : I think my homebros got eaten.
[16:28:31] SAY: Shitty Bill (NPC) : You a wizman?
[16:28:38] SAY: Shitty Bill (NPC) : I think my associates set me up.
[16:29:36] ADMIN: Alien Warrior 648 (Furry Chicken) [TRAITOR] jumped to Alien Warrior 648 (Furry Chicken) [TRAITOR] (<a href='?src=%admin_ref%;action=jumptocoords;target=149,118,1' title='Jump to Coords'>149,118,1</a> in Central Warehouse)
[16:29:42] ACCESS: Login: Furry Chicken [TRAITOR] from 
[16:30:20] ACCESS: Login: Furry Chicken [TRAITOR] from 
[16:30:27] ADMIN: Alien Facehugger 927 (Furry Chicken) [TRAITOR] opened the create_mob panel
[16:30:30] ADMIN: Alien Facehugger 927 (Furry Chicken) [TRAITOR] created a /mob/living/carbon/human/fatherted
[16:30:42] ACCESS: Login: Alien Facehugger 927 (Furry Chicken) [TRAITOR] from 
[16:33:09] ACCESS: Login: Furry Chicken [TRAITOR] from 
[16:33:16] ADMIN: Alien Facehugger 878 (Furry Chicken) [TRAITOR] opened the create_mob panel
[16:33:20] ADMIN: Alien Facehugger 878 (Furry Chicken) [TRAITOR] created a /mob/living/carbon/human/myke
[16:33:22] ACCESS: Login: Alien Facehugger 878 (Furry Chicken) [TRAITOR] from 
[16:34:12] SAY: Myke (NPC) : I missed my AA meeting to play Left 4 Dead...
[16:34:22] ACCESS: Login: Furry Chicken [TRAITOR] from 
[16:34:51] ACCESS: Login: Furry Chicken [TRAITOR] from 
[16:35:55] ADMIN: Alien Facehugger 838 (Furry Chicken) [TRAITOR] respawned Alien Facehugger 838 (Furry Chicken) [TRAITOR].
[16:35:55] ACCESS: Login: Furry Chicken [DEAD] from 
[16:35:55] ACCESS: Login: Furry Chicken [TRAITOR] [DEAD] from 
[16:35:58] ACCESS: Login: Pavel Havel (Furry Chicken) [TRAITOR] from 
[16:38:14] SAY: Shitty Bill (NPC) : Got a light, dweeb?
[16:38:46] ADMIN: Pavel Havel (Furry Chicken) [TRAITOR] opened the create_object panel
[16:38:51] ADMIN: Pavel Havel (Furry Chicken) [TRAITOR] created a /obj/item/gun/energy/laser_gun
[16:39:04] ADMIN: Pavel Havel (Furry Chicken) [TRAITOR] created a /obj/storage/closet/fire
[16:39:06] SAY: Father Jack (NPC) : GIRLS!
[16:39:21] ADMIN: Pavel Havel (Furry Chicken) [TRAITOR] opened the create_object panel
[16:39:25] ADMIN: Pavel Havel (Furry Chicken) [TRAITOR] created a /obj/storage/closet/law
[16:39:30] ADMIN: Pavel Havel (Furry Chicken) [TRAITOR] created a /obj/storage/closet/electrical_supply
[16:40:14] SAY: Father Jack (NPC) : FECK!
[16:41:35] SAY: Father Jack (NPC) : GIRLS!
[16:47:41] ADMIN: Pavel Havel (Furry Chicken) [TRAITOR] modified Pavel Havel's will_starve_in_deciseconds to 100
[16:47:59] SAY: Pavel Havel (Furry Chicken) [TRAITOR] : *scream
[16:47:59] SAY: Pavel Havel (Furry Chicken) [TRAITOR] : *scream
[16:51:36] ADMIN: Pavel Havel (Furry Chicken) [TRAITOR] opened the create_object panel
[16:51:45] ADMIN: Pavel Havel (Furry Chicken) [TRAITOR] created a /obj/item/kitchen/utensil/knife


Starting up. 17:01.19
---------------------

[17:01:24] ADMIN: Loading jobban_rank
[17:01:24] ADMIN: Jobban_keylist was empty
[17:01:24] ADMIN: Updating jobbanfile!
[17:01:24] ADMIN: Loading oocban_rank
[17:01:24] ADMIN: oocban_keylist was empty
[17:01:24] ADMIN: Updating jobbanfile!
ADMIN: furrychicken = Headmin
ADMIN: cherkir = Headmin
ADMIN: jasonvorheese = Primary Administrator
ADMIN: REDACTEDminimeatwadREDACTED = Primary Administrator
ADMIN: xenosandboxthesecond = Primary Administrator
ADMIN: exbod = Primary Administrator
ADMIN: zenek123 = Secondary Administrator
ADMIN: silentsh00t = Administrator
ADMIN: noobpwnt4lif3 = Codermin
ADMIN: kimjuandong = Coder
ADMIN: adolf12 = Iconner
ADMIN: kamina321 = Moderator
[17:01:50] ACCESS: Login: Furry Chicken from 
[17:02:40] ADMIN: Furry Chicken [DEAD] has started the game.
[17:02:41] ACCESS: Login: Furry Chicken [TRAITOR] from 
[17:02:53] SAY: Shitty Bill (NPC) : What up Donald "Don" Glabs.
[17:02:56] SAY: Father Jack (NPC) : DRINK!
[17:03:18] ADMIN: Alien Queen (Furry Chicken) [TRAITOR] opened the create_mob panel
[17:03:34] ADMIN: Alien Queen (Furry Chicken) [TRAITOR] created a /mob/living/carbon/human/npc/monkey/albert
[17:03:48] ADMIN: Alien Queen (Furry Chicken) [TRAITOR] opened the create_object panel
[17:03:55] ADMIN: Alien Queen (Furry Chicken) [TRAITOR] created a /obj/item/kitchen/utensil/knife
[17:04:03] SAY: Shitty Bill (NPC) : Got any alky?
[17:04:16] ADMIN: Alien Queen (Furry Chicken) [TRAITOR] deleted Ol' Harner at (<a href='?src=%admin_ref%;action=jumptocoords;target=94,90,1' title='Jump to Coords'>94,90,1</a>)
[17:04:38] SAY: Shitty Bill (NPC) : Man, I sure miss bein' a wizard.
[17:04:49] SAY: Shitty Bill (NPC) : I think my homebros stole my cat.
[17:05:05] SAY: Father Jack (NPC) : DRINK!
[17:05:10] SAY: Father Jack (NPC) : FECK!
[17:05:21] ACCESS: Login: Alien Queen (Furry Chicken) [TRAITOR] from 
[17:05:22] ADMIN: Alien Queen (Furry Chicken) [TRAITOR] has made Alien Queen (NPC) a human.
[17:05:30] ADMIN: Alien Queen (Furry Chicken) [TRAITOR] has made Alien Queen (Furry Chicken) [TRAITOR] a human.
[17:05:30] ACCESS: Login: Nat Paul (Furry Chicken) [TRAITOR] from 
[17:05:43] ADMIN: Nat Paul (Furry Chicken) [TRAITOR] modified Nat Paul's will_starve_in_deciseconds to 200
[17:06:38] SAY: Nat Paul (Furry Chicken) [TRAITOR] : *scream
[17:06:38] SAY: Nat Paul (Furry Chicken) [TRAITOR] : *scream
[17:06:38] SAY: Nat Paul (Furry Chicken) [TRAITOR] : *scream
[17:06:38] SAY: Nat Paul (Furry Chicken) [TRAITOR] : *scream
[17:06:39] SAY: Nat Paul (Furry Chicken) [TRAITOR] : *scream
[17:06:39] SAY: Nat Paul (Furry Chicken) [TRAITOR] : *scream
[17:06:39] SAY: Nat Paul (Furry Chicken) [TRAITOR] : *scream
[17:06:39] SAY: Nat Paul (Furry Chicken) [TRAITOR] : *scream
[17:06:39] SAY: Nat Paul (Furry Chicken) [TRAITOR] : *scream
[17:06:39] SAY: Nat Paul (Furry Chicken) [TRAITOR] : *scream
[17:06:40] SAY: Nat Paul (Furry Chicken) [TRAITOR] : *scream
[17:06:40] SAY: Nat Paul (Furry Chicken) [TRAITOR] : *scream
[17:06:40] SAY: Nat Paul (Furry Chicken) [TRAITOR] : *scream
[17:06:40] SAY: Nat Paul (Furry Chicken) [TRAITOR] : *scream
[17:06:40] SAY: Nat Paul (Furry Chicken) [TRAITOR] : *scream
[17:06:41] SAY: Nat Paul (Furry Chicken) [TRAITOR] : *scream
[17:06:41] SAY: Nat Paul (Furry Chicken) [TRAITOR] : *scream
[17:06:41] SAY: Nat Paul (Furry Chicken) [TRAITOR] : *scream
[17:06:41] SAY: Nat Paul (Furry Chicken) [TRAITOR] : *scream
[17:06:41] SAY: Nat Paul (Furry Chicken) [TRAITOR] : *scream
[17:06:41] SAY: Nat Paul (Furry Chicken) [TRAITOR] : *scream
[17:06:42] SAY: Nat Paul (Furry Chicken) [TRAITOR] : *scream
[17:06:43] SAY: Nat Paul (Furry Chicken) [TRAITOR] : *scream
[17:06:44] SAY: Nat Paul (Furry Chicken) [TRAITOR] : *scream
[17:06:45] SAY: Shitty Bill (NPC) : Nice threads, owl man.
[17:06:45] SAY: Nat Paul (Furry Chicken) [TRAITOR] : *scream
[17:06:45] SAY: Nat Paul (Furry Chicken) [TRAITOR] : *scream
[17:06:45] SAY: Nat Paul (Furry Chicken) [TRAITOR] : *scream
[17:06:55] SAY: Shitty Bill (NPC) : I think my buds stole my key.
[17:07:20] ADMIN: Nat Paul (Furry Chicken) [TRAITOR] healed / revived Nat Paul (Furry Chicken) [TRAITOR]
[17:07:33] ADMIN: Nat Paul (Furry Chicken) [TRAITOR] modified Nat Paul's suiciding to 0
[17:07:37] ACCESS: Login: Nat Paul (Furry Chicken) [TRAITOR] from 
