

Starting up. 00:07.45
---------------------

[00:07:50] ADMIN: Loading jobban_rank
[00:07:50] ADMIN: Jobban_keylist was empty
[00:07:50] ADMIN: Updating jobbanfile!
[00:07:50] ADMIN: Loading oocban_rank
[00:07:50] ADMIN: oocban_keylist was empty
[00:07:50] ADMIN: Updating jobbanfile!
ADMIN: furrychicken = Headmin
ADMIN: cherkir = Headmin
ADMIN: jasonvorheese = Primary Administrator
ADMIN: REDACTEDminimeatwadREDACTED = Primary Administrator
ADMIN: xenosandboxthesecond = Primary Administrator
ADMIN: exbod = Primary Administrator
ADMIN: zenek123 = Secondary Administrator
ADMIN: silentsh00t = Administrator
ADMIN: noobpwnt4lif3 = Codermin
ADMIN: kimjuandong = Coder
ADMIN: adolf12 = Iconner
ADMIN: kamina321 = Moderator
[00:08:14] ACCESS: Login: Furry Chicken from 
[00:08:47] ADMIN: Furry Chicken [DEAD] has started the game.
[00:08:48] ACCESS: Login: Furry Chicken [TRAITOR] from 
[00:09:00] SAY: Father Jack (NPC) : DRINK!


Starting up. 00:11.13
---------------------

[00:11:18] ADMIN: Loading jobban_rank
[00:11:18] ADMIN: Jobban_keylist was empty
[00:11:18] ADMIN: Updating jobbanfile!
[00:11:18] ADMIN: Loading oocban_rank
[00:11:18] ADMIN: oocban_keylist was empty
[00:11:18] ADMIN: Updating jobbanfile!
ADMIN: furrychicken = Headmin
ADMIN: cherkir = Headmin
ADMIN: jasonvorheese = Primary Administrator
ADMIN: REDACTEDminimeatwadREDACTED = Primary Administrator
ADMIN: xenosandboxthesecond = Primary Administrator
ADMIN: exbod = Primary Administrator
ADMIN: zenek123 = Secondary Administrator
ADMIN: silentsh00t = Administrator
ADMIN: noobpwnt4lif3 = Codermin
ADMIN: kimjuandong = Coder
ADMIN: adolf12 = Iconner
ADMIN: kamina321 = Moderator
[00:11:41] ACCESS: Login: Furry Chicken from 


Starting up. 00:20.25
---------------------

[00:20:30] ADMIN: Loading jobban_rank
[00:20:30] ADMIN: Jobban_keylist was empty
[00:20:30] ADMIN: Updating jobbanfile!
[00:20:30] ADMIN: Loading oocban_rank
[00:20:30] ADMIN: oocban_keylist was empty
[00:20:30] ADMIN: Updating jobbanfile!
ADMIN: furrychicken = Headmin
ADMIN: cherkir = Headmin
ADMIN: jasonvorheese = Primary Administrator
ADMIN: REDACTEDminimeatwadREDACTED = Primary Administrator
ADMIN: xenosandboxthesecond = Primary Administrator
ADMIN: exbod = Primary Administrator
ADMIN: zenek123 = Secondary Administrator
ADMIN: silentsh00t = Administrator
ADMIN: noobpwnt4lif3 = Codermin
ADMIN: kimjuandong = Coder
ADMIN: adolf12 = Iconner
ADMIN: kamina321 = Moderator
[00:20:55] ACCESS: Login: Furry Chicken from 


Starting up. 00:26.07
---------------------

[00:26:12] ADMIN: Loading jobban_rank
[00:26:12] ADMIN: Jobban_keylist was empty
[00:26:12] ADMIN: Updating jobbanfile!
[00:26:12] ADMIN: Loading oocban_rank
[00:26:12] ADMIN: oocban_keylist was empty
[00:26:12] ADMIN: Updating jobbanfile!
ADMIN: furrychicken = Headmin
ADMIN: cherkir = Headmin
ADMIN: jasonvorheese = Primary Administrator
ADMIN: REDACTEDminimeatwadREDACTED = Primary Administrator
ADMIN: xenosandboxthesecond = Primary Administrator
ADMIN: exbod = Primary Administrator
ADMIN: zenek123 = Secondary Administrator
ADMIN: silentsh00t = Administrator
ADMIN: noobpwnt4lif3 = Codermin
ADMIN: kimjuandong = Coder
ADMIN: adolf12 = Iconner
ADMIN: kamina321 = Moderator
[00:26:38] ACCESS: Login: Furry Chicken from 


Starting up. 00:37.30
---------------------

[00:37:35] ADMIN: Loading jobban_rank
[00:37:35] ADMIN: Jobban_keylist was empty
[00:37:35] ADMIN: Updating jobbanfile!
[00:37:35] ADMIN: Loading oocban_rank
[00:37:35] ADMIN: oocban_keylist was empty
[00:37:35] ADMIN: Updating jobbanfile!
ADMIN: furrychicken = Headmin
ADMIN: cherkir = Headmin
ADMIN: jasonvorheese = Primary Administrator
ADMIN: REDACTEDminimeatwadREDACTED = Primary Administrator
ADMIN: xenosandboxthesecond = Primary Administrator
ADMIN: exbod = Primary Administrator
ADMIN: zenek123 = Secondary Administrator
ADMIN: silentsh00t = Administrator
ADMIN: noobpwnt4lif3 = Codermin
ADMIN: kimjuandong = Coder
ADMIN: adolf12 = Iconner
ADMIN: kamina321 = Moderator
[00:37:59] ACCESS: Login: Furry Chicken from 
[00:40:30] ADMIN: Furry Chicken [DEAD] has started the game.
[00:40:31] ACCESS: Login: Furry Chicken [TRAITOR] from 
[00:40:33] SAY: Shitty Bill (NPC) : Got any crank?
[00:40:49] SAY: Shitty Bill (NPC) : Man, I sure don't miss Sirius.
[00:41:25] SAY: Shitty Bill (NPC) : You roll?
[00:41:35] SAY: Shitty Bill (NPC) : Nice ship, Colonel.
[00:43:01] SAY: Shitty Bill (NPC) : I think my crew stole my cat.
[00:43:24] SAY: Shitty Bill (NPC) : I ever tell you 'bout my accident?
[00:44:00] SAY: Father Jack (NPC) : That would be an ecumenical matter.
[00:44:19] SAY: Shitty Bill (NPC) : Got any bees?
[00:44:28] SAY: Shitty Bill (NPC) : Man, I sure don't miss that weird ass military bunker.
[00:45:03] SAY: Father Jack (NPC) : ARSE!
[00:45:10] SAY: Father Jack (NPC) : GIRLS!
[00:45:17] SAY: Shitty Bill (NPC) : I ever tell you 'bout what Nanotrasen really did in 2051?
[00:45:47] SAY: Shitty Bill (NPC) : The hell're you lookin' at, friend?
[00:46:10] SAY: Shitty Bill (NPC) : Hey friendo, gimme yer keys.
[00:46:12] SAY: Father Jack (NPC) : GIRLS!
[00:46:29] SAY: Shitty Bill (NPC) : Man, I sure don't miss my kids.
[00:49:51] SAY: Shitty Bill (NPC) : What you lookin' at, friend?
[00:51:15] SAY: Father Jack (NPC) : GIRLS!
[00:52:04] SAY: Shitty Bill (NPC) : Nice karma, wirehead.
[00:52:39] SAY: Father Jack (NPC) : That would be an ecumenical matter.
[00:53:23] SAY: Father Jack (NPC) : GIRLS!
[00:57:20] SAY: Shitty Bill (NPC) : Got a light, scrub?
[00:58:06] SAY: Shitty Bill (NPC) : Nice name, weirdo.
[00:58:20] SAY: Shitty Bill (NPC) : Hey, it's Donald "Don" Glabs.
[00:58:25] SAY: Father Jack (NPC) : DRINK!
[00:58:46] SAY: Shitty Bill (NPC) : Got a light, dude?
[00:58:57] SAY: Shitty Bill (NPC) : I ever tell you 'bout why you're really here?
[00:59:48] SAY: Shitty Bill (NPC) : You sting?
[01:05:55] SAY: Alien Queen (Furry Chicken) [TRAITOR] : hm


Starting up. 01:13.56
---------------------

[01:14:01] ADMIN: Loading jobban_rank
[01:14:01] ADMIN: Jobban_keylist was empty
[01:14:01] ADMIN: Updating jobbanfile!
[01:14:01] ADMIN: Loading oocban_rank
[01:14:01] ADMIN: oocban_keylist was empty
[01:14:01] ADMIN: Updating jobbanfile!
ADMIN: furrychicken = Headmin
ADMIN: cherkir = Headmin
ADMIN: jasonvorheese = Primary Administrator
ADMIN: REDACTEDminimeatwadREDACTED = Primary Administrator
ADMIN: xenosandboxthesecond = Primary Administrator
ADMIN: exbod = Primary Administrator
ADMIN: zenek123 = Secondary Administrator
ADMIN: silentsh00t = Administrator
ADMIN: noobpwnt4lif3 = Codermin
ADMIN: kimjuandong = Coder
ADMIN: adolf12 = Iconner
ADMIN: kamina321 = Moderator
[01:14:25] ACCESS: Login: Furry Chicken from 
[01:30:55] ACCESS: Login: Furry Chicken [TRAITOR] from 
[01:31:20] SAY: Shitty Bill (NPC) : I think my crew got lost on the way here.
[01:31:27] SAY: Shitty Bill (NPC) : I think my bros sent you.
[01:32:09] SAY: Shitty Bill (NPC) : Hey chump, gimme yer bees.
[01:32:29] SAY: Alien Queen (Furry Chicken) [TRAITOR] : fugg
[01:32:31] SAY: Alien Queen (Furry Chicken) [TRAITOR] :  f
[01:32:35] SAY: Alien Queen (Furry Chicken) [TRAITOR] :  GOD DAMMIT
[01:32:41] ACCESS: Login: Furry Chicken [TRAITOR] from 
[01:32:44] SAY: Alien Warrior 533 (Furry Chicken) [TRAITOR] :  TEST
[01:32:44] SAY: Shitty Bill (NPC) : Got any cigs?
[01:32:52] SAY: Shitty Bill (NPC) : You a miner?
[01:32:52] ACCESS: Login: Furry Chicken [TRAITOR] from 
[01:32:54] SAY: Shitty Bill (NPC) : How's it goin' Donald "Don" Glabs.
[01:32:54] SAY: Alien Sentinel 796 (Furry Chicken) [TRAITOR] :  Test
[01:33:49] SAY: Shitty Bill (NPC) : You a dracula?
[01:33:59] SAY: Shitty Bill (NPC) : Nice threads, spaceman.
[01:34:39] SAY: Shitty Bill (NPC) : Nice hog, dork.
[01:35:04] ADMIN: Alien Sentinel 796 (Furry Chicken) [TRAITOR] healed / revived Alien Sentinel 796 (Furry Chicken) [TRAITOR]
[01:35:12] ACCESS: Login: Alien Sentinel 796 (Furry Chicken) [TRAITOR] [DEAD] from 
[01:36:03] SAY: Shitty Bill (NPC) : You smoke?
[01:36:17] ACCESS: Login: Furry Chicken [TRAITOR] from 
[01:36:19] SAY: Alien Sentinel 45 (Furry Chicken) [TRAITOR] : fugg
[01:36:21] SAY: Alien Sentinel 45 (Furry Chicken) [TRAITOR] :  test
[01:36:30] ACCESS: Login: Furry Chicken [TRAITOR] from 
[01:36:35] SAY: Alien Queen (Furry Chicken) [TRAITOR] :  fug
[01:36:39] SAY: Alien Queen (Furry Chicken) [TRAITOR] :  GOD DAMMIT YOU
[01:36:56] ACCESS: Login: Alien Queen (Furry Chicken) [TRAITOR] [DEAD] from 
[01:37:03] ACCESS: Login: Furry Chicken [TRAITOR] from 
[01:37:05] ACCESS: Login: Alien Queen (Furry Chicken) [TRAITOR] from 
[01:37:11] ACCESS: Login: Furry Chicken [TRAITOR] from 
[01:37:19] SAY: Shitty Bill (NPC) : Got a light, clown?
[01:38:43] ADMIN: Alien Praetorian 386 (Furry Chicken) [TRAITOR] healed / revived Alien Praetorian 386 (Furry Chicken) [TRAITOR]
[01:39:00] ADMIN: Alien Praetorian 386 (Furry Chicken) [TRAITOR] healed / revived Alien Praetorian 386 (Furry Chicken) [TRAITOR]
[01:39:01] SAY: Shitty Bill (NPC) : I think my bros sent you.
[01:39:23] ADMIN: Alien Praetorian 386 (Furry Chicken) [TRAITOR] healed / revived Alien Praetorian 386 (Furry Chicken) [TRAITOR]
[01:39:31] SAY: Shitty Bill (NPC) : Hello Father Jack.
[01:39:36] ADMIN: Alien Praetorian 386 (Furry Chicken) [TRAITOR] healed / revived Alien Praetorian 386 (Furry Chicken) [TRAITOR]
[01:39:41] ADMIN: Alien Praetorian 386 (Furry Chicken) [TRAITOR] opened the create_mob panel
[01:39:43] ADMIN: Alien Praetorian 386 (Furry Chicken) [TRAITOR] created a /mob/living/carbon/human/fatherted
[01:39:53] ADMIN: Alien Praetorian 386 (Furry Chicken) [TRAITOR] healed / revived Alien Praetorian 386 (Furry Chicken) [TRAITOR]
[01:40:24] ACCESS: Login: Alien Praetorian 386 (Furry Chicken) [TRAITOR] [DEAD] from 
[01:41:13] SAY: Shitty Bill (NPC) : I ever tell you 'bout how I ended up here?
[01:41:18] SAY: Father Jack (NPC) : DRINK!
[01:41:42] SAY: Shitty Bill (NPC) : Whatcha you lookin' at, clown?
[01:43:05] SAY: Shitty Bill (NPC) : Got any soup?
[01:43:33] ACCESS: Login: Furry Chicken [TRAITOR] from 
[01:43:38] SAY: Alien Sentinel 311 (Furry Chicken) [TRAITOR] : test
[01:43:53] ACCESS: Login: Furry Chicken [TRAITOR] from 
[01:43:56] SAY: Alien Warrior 944 (Furry Chicken) [TRAITOR] :  test
[01:43:57] SAY: Shitty Bill (NPC) : You a wizman?
[01:43:58] SAY: Alien Warrior 944 (Furry Chicken) [TRAITOR] : a
[01:44:03] ADMIN: Alien Warrior 944 (Furry Chicken) [TRAITOR] jumped to 188, 211, 1 in AI Chamber
[01:44:13] SAY: Shitty Bill (NPC) : I think my bruds took off.
[01:44:23] SAY: Father Jack (NPC) : FECK!
[01:44:35] SAY: Shitty Bill (NPC) : Got any weed?
[01:44:41] ACCESS: Login: Furry Chicken [TRAITOR] from 
[01:44:56] ADMIN: Alien Sentinel 478 (Furry Chicken) [TRAITOR] healed / revived Alien Sentinel 478 (Furry Chicken) [TRAITOR]
[01:45:08] ADMIN: Alien Sentinel 478 (Furry Chicken) [TRAITOR] healed / revived Alien Sentinel 478 (Furry Chicken) [TRAITOR]
[01:45:15] ADMIN: Alien Sentinel 478 (Furry Chicken) [TRAITOR] healed / revived Alien Sentinel 478 (Furry Chicken) [TRAITOR]
[01:45:22] SAY: Shitty Bill (NPC) : The hell're you lookin' at, 'Traser?
[01:45:27] SAY: Shitty Bill (NPC) : The hell you lookin' at, dork?
[01:45:29] SAY: Shitty Bill (NPC) : Got a light, pal?
[01:46:02] SAY: Shitty Bill (NPC) : Whatcha you lookin' at, 'Traser?
[01:46:42] SAY: Shitty Bill (NPC) : Got a light, dork?
[01:46:56] SAY: Shitty Bill (NPC) : Oh hell, it's Father Jack.
[01:47:29] SAY: Shitty Bill (NPC) : The hell're you lookin' at, dweeb?
[01:47:38] SAY: Shitty Bill (NPC) : Whatcha you lookin' at, astronaut?
[01:47:48] SAY: Shitty Bill (NPC) : You rap?
[01:47:50] SAY: Father Jack (NPC) : DRINK!
[01:48:38] SAY: Shitty Bill (NPC) : The hell're you lookin' at, bud?
